<?xml version="1.0" encoding="UTF-8"?>
<testsuite name="com.trailblazers.freewheelers.model.AccountTest" tests="1" skipped="0" failures="0" errors="0" timestamp="2016-08-26T09:42:31" hostname="CNcwzeng.local" time="0.006">
  <properties/>
  <testcase name="testCreatingNewAccounts" classname="com.trailblazers.freewheelers.model.AccountTest" time="0.006"/>
  <system-out><![CDATA[]]></system-out>
  <system-err><![CDATA[]]></system-err>
</testsuite>
