<?xml version="1.0" encoding="UTF-8"?>
<testsuite name="com.trailblazers.freewheelers.NetPromoterScoreTest" tests="2" skipped="0" failures="0" errors="0" timestamp="2016-08-26T09:43:02" hostname="CNcwzeng.local" time="4.985">
  <properties/>
  <testcase name="testSurveyPopUp" classname="com.trailblazers.freewheelers.NetPromoterScoreTest" time="3.755"/>
  <testcase name="shouldShowNPSReport" classname="com.trailblazers.freewheelers.NetPromoterScoreTest" time="1.229"/>
  <system-out><![CDATA[DEBUG: org.apache.http.client.protocol.RequestAddCookies - CookieSpec selected: default
DEBUG: org.apache.http.client.protocol.RequestAuthCache - Auth cache not set in the context
DEBUG: org.apache.http.impl.conn.PoolingHttpClientConnectionManager - Connection request: [route: {}->http://127.0.0.1:7058][total kept alive: 0; route allocated: 0 of 2000; total allocated: 0 of 2000]
DEBUG: org.apache.http.impl.conn.PoolingHttpClientConnectionManager - Connection leased: [id: 227][route: {}->http://127.0.0.1:7058][total kept alive: 0; route allocated: 1 of 2000; total allocated: 1 of 2000]
DEBUG: org.apache.http.impl.execchain.MainClientExec - Opening connection {}->http://127.0.0.1:7058
DEBUG: org.apache.http.impl.conn.DefaultHttpClientConnectionOperator - Connecting to /127.0.0.1:7058
DEBUG: org.apache.http.impl.conn.DefaultHttpClientConnectionOperator - Connection established 127.0.0.1:60985<->127.0.0.1:7058
DEBUG: org.apache.http.impl.conn.DefaultManagedHttpClientConnection - http-outgoing-227: set socket timeout to 10800000
DEBUG: org.apache.http.impl.execchain.MainClientExec - Executing request POST /hub/session HTTP/1.1
DEBUG: org.apache.http.impl.execchain.MainClientExec - Target auth state: UNCHALLENGED
DEBUG: org.apache.http.impl.execchain.MainClientExec - Proxy auth state: UNCHALLENGED
DEBUG: org.apache.http.headers - http-outgoing-227 >> POST /hub/session HTTP/1.1
DEBUG: org.apache.http.headers - http-outgoing-227 >> Content-Type: application/json; charset=utf-8
DEBUG: org.apache.http.headers - http-outgoing-227 >> Content-Length: 105
DEBUG: org.apache.http.headers - http-outgoing-227 >> Host: 127.0.0.1:7058
DEBUG: org.apache.http.headers - http-outgoing-227 >> Connection: Keep-Alive
DEBUG: org.apache.http.headers - http-outgoing-227 >> User-Agent: Apache-HttpClient/4.5.2 (Java/1.7.0_79)
DEBUG: org.apache.http.headers - http-outgoing-227 >> Accept-Encoding: gzip,deflate
DEBUG: org.apache.http.wire - http-outgoing-227 >> "POST /hub/session HTTP/1.1[\r][\n]"
DEBUG: org.apache.http.wire - http-outgoing-227 >> "Content-Type: application/json; charset=utf-8[\r][\n]"
DEBUG: org.apache.http.wire - http-outgoing-227 >> "Content-Length: 105[\r][\n]"
DEBUG: org.apache.http.wire - http-outgoing-227 >> "Host: 127.0.0.1:7058[\r][\n]"
DEBUG: org.apache.http.wire - http-outgoing-227 >> "Connection: Keep-Alive[\r][\n]"
DEBUG: org.apache.http.wire - http-outgoing-227 >> "User-Agent: Apache-HttpClient/4.5.2 (Java/1.7.0_79)[\r][\n]"
DEBUG: org.apache.http.wire - http-outgoing-227 >> "Accept-Encoding: gzip,deflate[\r][\n]"
DEBUG: org.apache.http.wire - http-outgoing-227 >> "[\r][\n]"
DEBUG: org.apache.http.wire - http-outgoing-227 >> "{"desiredCapabilities":{"platform":"ANY","browserName":"firefox","version":""},"requiredCapabilities":{}}"
DEBUG: org.apache.http.wire - http-outgoing-227 << "HTTP/1.1 200 OK[\r][\n]"
DEBUG: org.apache.http.wire - http-outgoing-227 << "content-type: application/json; charset=UTF-8[\r][\n]"
DEBUG: org.apache.http.wire - http-outgoing-227 << "connection: close[\r][\n]"
DEBUG: org.apache.http.wire - http-outgoing-227 << "content-length: 422[\r][\n]"
DEBUG: org.apache.http.wire - http-outgoing-227 << "server: httpd.js[\r][\n]"
DEBUG: org.apache.http.wire - http-outgoing-227 << "date: Fri, 26 Aug 2016 09:43:02 GMT[\r][\n]"
DEBUG: org.apache.http.wire - http-outgoing-227 << "[\r][\n]"
DEBUG: org.apache.http.headers - http-outgoing-227 << HTTP/1.1 200 OK
DEBUG: org.apache.http.headers - http-outgoing-227 << content-type: application/json; charset=UTF-8
DEBUG: org.apache.http.headers - http-outgoing-227 << connection: close
DEBUG: org.apache.http.headers - http-outgoing-227 << content-length: 422
DEBUG: org.apache.http.headers - http-outgoing-227 << server: httpd.js
DEBUG: org.apache.http.headers - http-outgoing-227 << date: Fri, 26 Aug 2016 09:43:02 GMT
DEBUG: org.apache.http.wire - http-outgoing-227 << "{"name":"newSession","sessionId":"e37898b6-8e5c-334f-a9d7-5ee4f0651cdc","status":0,"value":{"cssSelectorsEnabled":true,"browserName":"firefox","handlesAlerts":true,"javascriptEnabled":true,"nativeEvents":false,"platform":"Darwin","rotatable":false,"takesScreenshot":true,"version":"47.0.1","webStorageEnabled":true,"applicationCacheEnabled":true,"databaseEnabled":true,"locationContextEnabled":true,"acceptSslCerts":true}}"
DEBUG: org.apache.http.impl.conn.DefaultManagedHttpClientConnection - http-outgoing-227: Close connection
DEBUG: org.apache.http.impl.execchain.MainClientExec - Connection discarded
DEBUG: org.apache.http.impl.conn.PoolingHttpClientConnectionManager - Connection released: [id: 227][route: {}->http://127.0.0.1:7058][total kept alive: 0; route allocated: 0 of 2000; total allocated: 0 of 2000]
DEBUG: org.apache.http.client.protocol.RequestAddCookies - CookieSpec selected: default
DEBUG: org.apache.http.client.protocol.RequestAuthCache - Auth cache not set in the context
DEBUG: org.apache.http.impl.conn.PoolingHttpClientConnectionManager - Connection request: [route: {}->http://127.0.0.1:7058][total kept alive: 0; route allocated: 0 of 2000; total allocated: 0 of 2000]
DEBUG: org.apache.http.impl.conn.PoolingHttpClientConnectionManager - Connection leased: [id: 228][route: {}->http://127.0.0.1:7058][total kept alive: 0; route allocated: 1 of 2000; total allocated: 1 of 2000]
DEBUG: org.apache.http.impl.execchain.MainClientExec - Opening connection {}->http://127.0.0.1:7058
DEBUG: org.apache.http.impl.conn.DefaultHttpClientConnectionOperator - Connecting to /127.0.0.1:7058
DEBUG: org.apache.http.impl.conn.DefaultHttpClientConnectionOperator - Connection established 127.0.0.1:60989<->127.0.0.1:7058
DEBUG: org.apache.http.impl.conn.DefaultManagedHttpClientConnection - http-outgoing-228: set socket timeout to 10800000
DEBUG: org.apache.http.impl.execchain.MainClientExec - Executing request GET /hub/session/e37898b6-8e5c-334f-a9d7-5ee4f0651cdc/window_handle HTTP/1.1
DEBUG: org.apache.http.impl.execchain.MainClientExec - Target auth state: UNCHALLENGED
DEBUG: org.apache.http.impl.execchain.MainClientExec - Proxy auth state: UNCHALLENGED
DEBUG: org.apache.http.headers - http-outgoing-228 >> GET /hub/session/e37898b6-8e5c-334f-a9d7-5ee4f0651cdc/window_handle HTTP/1.1
DEBUG: org.apache.http.headers - http-outgoing-228 >> Cache-Control: no-cache
DEBUG: org.apache.http.headers - http-outgoing-228 >> Host: 127.0.0.1:7058
DEBUG: org.apache.http.headers - http-outgoing-228 >> Connection: Keep-Alive
DEBUG: org.apache.http.headers - http-outgoing-228 >> User-Agent: Apache-HttpClient/4.5.2 (Java/1.7.0_79)
DEBUG: org.apache.http.headers - http-outgoing-228 >> Accept-Encoding: gzip,deflate
DEBUG: org.apache.http.wire - http-outgoing-228 >> "GET /hub/session/e37898b6-8e5c-334f-a9d7-5ee4f0651cdc/window_handle HTTP/1.1[\r][\n]"
DEBUG: org.apache.http.wire - http-outgoing-228 >> "Cache-Control: no-cache[\r][\n]"
DEBUG: org.apache.http.wire - http-outgoing-228 >> "Host: 127.0.0.1:7058[\r][\n]"
DEBUG: org.apache.http.wire - http-outgoing-228 >> "Connection: Keep-Alive[\r][\n]"
DEBUG: org.apache.http.wire - http-outgoing-228 >> "User-Agent: Apache-HttpClient/4.5.2 (Java/1.7.0_79)[\r][\n]"
DEBUG: org.apache.http.wire - http-outgoing-228 >> "Accept-Encoding: gzip,deflate[\r][\n]"
DEBUG: org.apache.http.wire - http-outgoing-228 >> "[\r][\n]"
DEBUG: org.apache.http.wire - http-outgoing-228 << "HTTP/1.1 200 OK[\r][\n]"
DEBUG: org.apache.http.wire - http-outgoing-228 << "content-type: application/json; charset=UTF-8[\r][\n]"
DEBUG: org.apache.http.wire - http-outgoing-228 << "connection: close[\r][\n]"
DEBUG: org.apache.http.wire - http-outgoing-228 << "content-length: 144[\r][\n]"
DEBUG: org.apache.http.wire - http-outgoing-228 << "server: httpd.js[\r][\n]"
DEBUG: org.apache.http.wire - http-outgoing-228 << "date: Fri, 26 Aug 2016 09:43:02 GMT[\r][\n]"
DEBUG: org.apache.http.wire - http-outgoing-228 << "[\r][\n]"
DEBUG: org.apache.http.headers - http-outgoing-228 << HTTP/1.1 200 OK
DEBUG: org.apache.http.headers - http-outgoing-228 << content-type: application/json; charset=UTF-8
DEBUG: org.apache.http.headers - http-outgoing-228 << connection: close
DEBUG: org.apache.http.headers - http-outgoing-228 << content-length: 144
DEBUG: org.apache.http.headers - http-outgoing-228 << server: httpd.js
DEBUG: org.apache.http.headers - http-outgoing-228 << date: Fri, 26 Aug 2016 09:43:02 GMT
DEBUG: org.apache.http.wire - http-outgoing-228 << "{"name":"getCurrentWindowHandle","sessionId":"e37898b6-8e5c-334f-a9d7-5ee4f0651cdc","status":0,"value":"{eeb346a1-0c7d-104d-8d65-208509283ce6}"}"
DEBUG: org.apache.http.impl.conn.DefaultManagedHttpClientConnection - http-outgoing-228: Close connection
DEBUG: org.apache.http.impl.execchain.MainClientExec - Connection discarded
DEBUG: org.apache.http.impl.conn.PoolingHttpClientConnectionManager - Connection released: [id: 228][route: {}->http://127.0.0.1:7058][total kept alive: 0; route allocated: 0 of 2000; total allocated: 0 of 2000]
DEBUG: org.apache.http.client.protocol.RequestAddCookies - CookieSpec selected: default
DEBUG: org.apache.http.client.protocol.RequestAuthCache - Auth cache not set in the context
DEBUG: org.apache.http.impl.conn.PoolingHttpClientConnectionManager - Connection request: [route: {}->http://127.0.0.1:7058][total kept alive: 0; route allocated: 0 of 2000; total allocated: 0 of 2000]
DEBUG: org.apache.http.impl.conn.PoolingHttpClientConnectionManager - Connection leased: [id: 229][route: {}->http://127.0.0.1:7058][total kept alive: 0; route allocated: 1 of 2000; total allocated: 1 of 2000]
DEBUG: org.apache.http.impl.execchain.MainClientExec - Opening connection {}->http://127.0.0.1:7058
DEBUG: org.apache.http.impl.conn.DefaultHttpClientConnectionOperator - Connecting to /127.0.0.1:7058
DEBUG: org.apache.http.impl.conn.DefaultHttpClientConnectionOperator - Connection established 127.0.0.1:60990<->127.0.0.1:7058
DEBUG: org.apache.http.impl.conn.DefaultManagedHttpClientConnection - http-outgoing-229: set socket timeout to 10800000
DEBUG: org.apache.http.impl.execchain.MainClientExec - Executing request GET /hub/session/e37898b6-8e5c-334f-a9d7-5ee4f0651cdc/window_handle HTTP/1.1
DEBUG: org.apache.http.impl.execchain.MainClientExec - Target auth state: UNCHALLENGED
DEBUG: org.apache.http.impl.execchain.MainClientExec - Proxy auth state: UNCHALLENGED
DEBUG: org.apache.http.headers - http-outgoing-229 >> GET /hub/session/e37898b6-8e5c-334f-a9d7-5ee4f0651cdc/window_handle HTTP/1.1
DEBUG: org.apache.http.headers - http-outgoing-229 >> Cache-Control: no-cache
DEBUG: org.apache.http.headers - http-outgoing-229 >> Host: 127.0.0.1:7058
DEBUG: org.apache.http.headers - http-outgoing-229 >> Connection: Keep-Alive
DEBUG: org.apache.http.headers - http-outgoing-229 >> User-Agent: Apache-HttpClient/4.5.2 (Java/1.7.0_79)
DEBUG: org.apache.http.headers - http-outgoing-229 >> Accept-Encoding: gzip,deflate
DEBUG: org.apache.http.wire - http-outgoing-229 >> "GET /hub/session/e37898b6-8e5c-334f-a9d7-5ee4f0651cdc/window_handle HTTP/1.1[\r][\n]"
DEBUG: org.apache.http.wire - http-outgoing-229 >> "Cache-Control: no-cache[\r][\n]"
DEBUG: org.apache.http.wire - http-outgoing-229 >> "Host: 127.0.0.1:7058[\r][\n]"
DEBUG: org.apache.http.wire - http-outgoing-229 >> "Connection: Keep-Alive[\r][\n]"
DEBUG: org.apache.http.wire - http-outgoing-229 >> "User-Agent: Apache-HttpClient/4.5.2 (Java/1.7.0_79)[\r][\n]"
DEBUG: org.apache.http.wire - http-outgoing-229 >> "Accept-Encoding: gzip,deflate[\r][\n]"
DEBUG: org.apache.http.wire - http-outgoing-229 >> "[\r][\n]"
DEBUG: org.apache.http.wire - http-outgoing-229 << "HTTP/1.1 200 OK[\r][\n]"
DEBUG: org.apache.http.wire - http-outgoing-229 << "content-type: application/json; charset=UTF-8[\r][\n]"
DEBUG: org.apache.http.wire - http-outgoing-229 << "connection: close[\r][\n]"
DEBUG: org.apache.http.wire - http-outgoing-229 << "content-length: 144[\r][\n]"
DEBUG: org.apache.http.wire - http-outgoing-229 << "server: httpd.js[\r][\n]"
DEBUG: org.apache.http.wire - http-outgoing-229 << "date: Fri, 26 Aug 2016 09:43:02 GMT[\r][\n]"
DEBUG: org.apache.http.wire - http-outgoing-229 << "[\r][\n]"
DEBUG: org.apache.http.headers - http-outgoing-229 << HTTP/1.1 200 OK
DEBUG: org.apache.http.headers - http-outgoing-229 << content-type: application/json; charset=UTF-8
DEBUG: org.apache.http.headers - http-outgoing-229 << connection: close
DEBUG: org.apache.http.headers - http-outgoing-229 << content-length: 144
DEBUG: org.apache.http.headers - http-outgoing-229 << server: httpd.js
DEBUG: org.apache.http.headers - http-outgoing-229 << date: Fri, 26 Aug 2016 09:43:02 GMT
DEBUG: org.apache.http.wire - http-outgoing-229 << "{"name":"getCurrentWindowHandle","sessionId":"e37898b6-8e5c-334f-a9d7-5ee4f0651cdc","status":0,"value":"{eeb346a1-0c7d-104d-8d65-208509283ce6}"}"
DEBUG: org.apache.http.impl.conn.DefaultManagedHttpClientConnection - http-outgoing-229: Close connection
DEBUG: org.apache.http.impl.execchain.MainClientExec - Connection discarded
DEBUG: org.apache.http.impl.conn.PoolingHttpClientConnectionManager - Connection released: [id: 229][route: {}->http://127.0.0.1:7058][total kept alive: 0; route allocated: 0 of 2000; total allocated: 0 of 2000]
DEBUG: org.apache.http.client.protocol.RequestAddCookies - CookieSpec selected: default
DEBUG: org.apache.http.client.protocol.RequestAuthCache - Auth cache not set in the context
DEBUG: org.apache.http.impl.conn.PoolingHttpClientConnectionManager - Connection request: [route: {}->http://127.0.0.1:7058][total kept alive: 0; route allocated: 0 of 2000; total allocated: 0 of 2000]
DEBUG: org.apache.http.impl.conn.PoolingHttpClientConnectionManager - Connection leased: [id: 230][route: {}->http://127.0.0.1:7058][total kept alive: 0; route allocated: 1 of 2000; total allocated: 1 of 2000]
DEBUG: org.apache.http.impl.execchain.MainClientExec - Opening connection {}->http://127.0.0.1:7058
DEBUG: org.apache.http.impl.conn.DefaultHttpClientConnectionOperator - Connecting to /127.0.0.1:7058
DEBUG: org.apache.http.impl.conn.DefaultHttpClientConnectionOperator - Connection established 127.0.0.1:60991<->127.0.0.1:7058
DEBUG: org.apache.http.impl.conn.DefaultManagedHttpClientConnection - http-outgoing-230: set socket timeout to 10800000
DEBUG: org.apache.http.impl.execchain.MainClientExec - Executing request GET /hub/session/e37898b6-8e5c-334f-a9d7-5ee4f0651cdc/window_handle HTTP/1.1
DEBUG: org.apache.http.impl.execchain.MainClientExec - Target auth state: UNCHALLENGED
DEBUG: org.apache.http.impl.execchain.MainClientExec - Proxy auth state: UNCHALLENGED
DEBUG: org.apache.http.headers - http-outgoing-230 >> GET /hub/session/e37898b6-8e5c-334f-a9d7-5ee4f0651cdc/window_handle HTTP/1.1
DEBUG: org.apache.http.headers - http-outgoing-230 >> Cache-Control: no-cache
DEBUG: org.apache.http.headers - http-outgoing-230 >> Host: 127.0.0.1:7058
DEBUG: org.apache.http.headers - http-outgoing-230 >> Connection: Keep-Alive
DEBUG: org.apache.http.headers - http-outgoing-230 >> User-Agent: Apache-HttpClient/4.5.2 (Java/1.7.0_79)
DEBUG: org.apache.http.headers - http-outgoing-230 >> Accept-Encoding: gzip,deflate
DEBUG: org.apache.http.wire - http-outgoing-230 >> "GET /hub/session/e37898b6-8e5c-334f-a9d7-5ee4f0651cdc/window_handle HTTP/1.1[\r][\n]"
DEBUG: org.apache.http.wire - http-outgoing-230 >> "Cache-Control: no-cache[\r][\n]"
DEBUG: org.apache.http.wire - http-outgoing-230 >> "Host: 127.0.0.1:7058[\r][\n]"
DEBUG: org.apache.http.wire - http-outgoing-230 >> "Connection: Keep-Alive[\r][\n]"
DEBUG: org.apache.http.wire - http-outgoing-230 >> "User-Agent: Apache-HttpClient/4.5.2 (Java/1.7.0_79)[\r][\n]"
DEBUG: org.apache.http.wire - http-outgoing-230 >> "Accept-Encoding: gzip,deflate[\r][\n]"
DEBUG: org.apache.http.wire - http-outgoing-230 >> "[\r][\n]"
DEBUG: org.apache.http.wire - http-outgoing-230 << "HTTP/1.1 200 OK[\r][\n]"
DEBUG: org.apache.http.wire - http-outgoing-230 << "content-type: application/json; charset=UTF-8[\r][\n]"
DEBUG: org.apache.http.wire - http-outgoing-230 << "connection: close[\r][\n]"
DEBUG: org.apache.http.wire - http-outgoing-230 << "content-length: 144[\r][\n]"
DEBUG: org.apache.http.wire - http-outgoing-230 << "server: httpd.js[\r][\n]"
DEBUG: org.apache.http.wire - http-outgoing-230 << "date: Fri, 26 Aug 2016 09:43:02 GMT[\r][\n]"
DEBUG: org.apache.http.wire - http-outgoing-230 << "[\r][\n]"
DEBUG: org.apache.http.headers - http-outgoing-230 << HTTP/1.1 200 OK
DEBUG: org.apache.http.headers - http-outgoing-230 << content-type: application/json; charset=UTF-8
DEBUG: org.apache.http.headers - http-outgoing-230 << connection: close
DEBUG: org.apache.http.headers - http-outgoing-230 << content-length: 144
DEBUG: org.apache.http.headers - http-outgoing-230 << server: httpd.js
DEBUG: org.apache.http.headers - http-outgoing-230 << date: Fri, 26 Aug 2016 09:43:02 GMT
DEBUG: org.apache.http.wire - http-outgoing-230 << "{"name":"getCurrentWindowHandle","sessionId":"e37898b6-8e5c-334f-a9d7-5ee4f0651cdc","status":0,"value":"{eeb346a1-0c7d-104d-8d65-208509283ce6}"}"
DEBUG: org.apache.http.impl.conn.DefaultManagedHttpClientConnection - http-outgoing-230: Close connection
DEBUG: org.apache.http.impl.execchain.MainClientExec - Connection discarded
DEBUG: org.apache.http.impl.conn.PoolingHttpClientConnectionManager - Connection released: [id: 230][route: {}->http://127.0.0.1:7058][total kept alive: 0; route allocated: 0 of 2000; total allocated: 0 of 2000]
DEBUG: org.apache.http.client.protocol.RequestAddCookies - CookieSpec selected: default
DEBUG: org.apache.http.client.protocol.RequestAuthCache - Auth cache not set in the context
DEBUG: org.apache.http.impl.conn.PoolingHttpClientConnectionManager - Connection request: [route: {}->http://127.0.0.1:7058][total kept alive: 0; route allocated: 0 of 2000; total allocated: 0 of 2000]
DEBUG: org.apache.http.impl.conn.PoolingHttpClientConnectionManager - Connection leased: [id: 231][route: {}->http://127.0.0.1:7058][total kept alive: 0; route allocated: 1 of 2000; total allocated: 1 of 2000]
DEBUG: org.apache.http.impl.execchain.MainClientExec - Opening connection {}->http://127.0.0.1:7058
DEBUG: org.apache.http.impl.conn.DefaultHttpClientConnectionOperator - Connecting to /127.0.0.1:7058
DEBUG: org.apache.http.impl.conn.DefaultHttpClientConnectionOperator - Connection established 127.0.0.1:60994<->127.0.0.1:7058
DEBUG: org.apache.http.impl.conn.DefaultManagedHttpClientConnection - http-outgoing-231: set socket timeout to 10800000
DEBUG: org.apache.http.impl.execchain.MainClientExec - Executing request POST /hub/session/e37898b6-8e5c-334f-a9d7-5ee4f0651cdc/url HTTP/1.1
DEBUG: org.apache.http.impl.execchain.MainClientExec - Target auth state: UNCHALLENGED
DEBUG: org.apache.http.impl.execchain.MainClientExec - Proxy auth state: UNCHALLENGED
DEBUG: org.apache.http.headers - http-outgoing-231 >> POST /hub/session/e37898b6-8e5c-334f-a9d7-5ee4f0651cdc/url HTTP/1.1
DEBUG: org.apache.http.headers - http-outgoing-231 >> Content-Type: application/json; charset=utf-8
DEBUG: org.apache.http.headers - http-outgoing-231 >> Content-Length: 37
DEBUG: org.apache.http.headers - http-outgoing-231 >> Host: 127.0.0.1:7058
DEBUG: org.apache.http.headers - http-outgoing-231 >> Connection: Keep-Alive
DEBUG: org.apache.http.headers - http-outgoing-231 >> User-Agent: Apache-HttpClient/4.5.2 (Java/1.7.0_79)
DEBUG: org.apache.http.headers - http-outgoing-231 >> Accept-Encoding: gzip,deflate
DEBUG: org.apache.http.wire - http-outgoing-231 >> "POST /hub/session/e37898b6-8e5c-334f-a9d7-5ee4f0651cdc/url HTTP/1.1[\r][\n]"
DEBUG: org.apache.http.wire - http-outgoing-231 >> "Content-Type: application/json; charset=utf-8[\r][\n]"
DEBUG: org.apache.http.wire - http-outgoing-231 >> "Content-Length: 37[\r][\n]"
DEBUG: org.apache.http.wire - http-outgoing-231 >> "Host: 127.0.0.1:7058[\r][\n]"
DEBUG: org.apache.http.wire - http-outgoing-231 >> "Connection: Keep-Alive[\r][\n]"
DEBUG: org.apache.http.wire - http-outgoing-231 >> "User-Agent: Apache-HttpClient/4.5.2 (Java/1.7.0_79)[\r][\n]"
DEBUG: org.apache.http.wire - http-outgoing-231 >> "Accept-Encoding: gzip,deflate[\r][\n]"
DEBUG: org.apache.http.wire - http-outgoing-231 >> "[\r][\n]"
DEBUG: org.apache.http.wire - http-outgoing-231 >> "{"url":"http://localhost:8080/login"}"
DEBUG: org.apache.http.wire - http-outgoing-231 << "HTTP/1.1 200 OK[\r][\n]"
DEBUG: org.apache.http.wire - http-outgoing-231 << "content-type: application/json; charset=UTF-8[\r][\n]"
DEBUG: org.apache.http.wire - http-outgoing-231 << "connection: close[\r][\n]"
DEBUG: org.apache.http.wire - http-outgoing-231 << "content-length: 87[\r][\n]"
DEBUG: org.apache.http.wire - http-outgoing-231 << "server: httpd.js[\r][\n]"
DEBUG: org.apache.http.wire - http-outgoing-231 << "date: Fri, 26 Aug 2016 09:43:03 GMT[\r][\n]"
DEBUG: org.apache.http.wire - http-outgoing-231 << "[\r][\n]"
DEBUG: org.apache.http.headers - http-outgoing-231 << HTTP/1.1 200 OK
DEBUG: org.apache.http.headers - http-outgoing-231 << content-type: application/json; charset=UTF-8
DEBUG: org.apache.http.headers - http-outgoing-231 << connection: close
DEBUG: org.apache.http.headers - http-outgoing-231 << content-length: 87
DEBUG: org.apache.http.headers - http-outgoing-231 << server: httpd.js
DEBUG: org.apache.http.headers - http-outgoing-231 << date: Fri, 26 Aug 2016 09:43:03 GMT
DEBUG: org.apache.http.wire - http-outgoing-231 << "{"name":"get","sessionId":"e37898b6-8e5c-334f-a9d7-5ee4f0651cdc","status":0,"value":""}"
DEBUG: org.apache.http.impl.conn.DefaultManagedHttpClientConnection - http-outgoing-231: Close connection
DEBUG: org.apache.http.impl.execchain.MainClientExec - Connection discarded
DEBUG: org.apache.http.impl.conn.PoolingHttpClientConnectionManager - Connection released: [id: 231][route: {}->http://127.0.0.1:7058][total kept alive: 0; route allocated: 0 of 2000; total allocated: 0 of 2000]
DEBUG: org.apache.http.client.protocol.RequestAddCookies - CookieSpec selected: default
DEBUG: org.apache.http.client.protocol.RequestAuthCache - Auth cache not set in the context
DEBUG: org.apache.http.impl.conn.PoolingHttpClientConnectionManager - Connection request: [route: {}->http://127.0.0.1:7058][total kept alive: 0; route allocated: 0 of 2000; total allocated: 0 of 2000]
DEBUG: org.apache.http.impl.conn.PoolingHttpClientConnectionManager - Connection leased: [id: 232][route: {}->http://127.0.0.1:7058][total kept alive: 0; route allocated: 1 of 2000; total allocated: 1 of 2000]
DEBUG: org.apache.http.impl.execchain.MainClientExec - Opening connection {}->http://127.0.0.1:7058
DEBUG: org.apache.http.impl.conn.DefaultHttpClientConnectionOperator - Connecting to /127.0.0.1:7058
DEBUG: org.apache.http.impl.conn.DefaultHttpClientConnectionOperator - Connection established 127.0.0.1:61000<->127.0.0.1:7058
DEBUG: org.apache.http.impl.conn.DefaultManagedHttpClientConnection - http-outgoing-232: set socket timeout to 10800000
DEBUG: org.apache.http.impl.execchain.MainClientExec - Executing request POST /hub/session/e37898b6-8e5c-334f-a9d7-5ee4f0651cdc/element HTTP/1.1
DEBUG: org.apache.http.impl.execchain.MainClientExec - Target auth state: UNCHALLENGED
DEBUG: org.apache.http.impl.execchain.MainClientExec - Proxy auth state: UNCHALLENGED
DEBUG: org.apache.http.headers - http-outgoing-232 >> POST /hub/session/e37898b6-8e5c-334f-a9d7-5ee4f0651cdc/element HTTP/1.1
DEBUG: org.apache.http.headers - http-outgoing-232 >> Content-Type: application/json; charset=utf-8
DEBUG: org.apache.http.headers - http-outgoing-232 >> Content-Length: 37
DEBUG: org.apache.http.headers - http-outgoing-232 >> Host: 127.0.0.1:7058
DEBUG: org.apache.http.headers - http-outgoing-232 >> Connection: Keep-Alive
DEBUG: org.apache.http.headers - http-outgoing-232 >> User-Agent: Apache-HttpClient/4.5.2 (Java/1.7.0_79)
DEBUG: org.apache.http.headers - http-outgoing-232 >> Accept-Encoding: gzip,deflate
DEBUG: org.apache.http.wire - http-outgoing-232 >> "POST /hub/session/e37898b6-8e5c-334f-a9d7-5ee4f0651cdc/element HTTP/1.1[\r][\n]"
DEBUG: org.apache.http.wire - http-outgoing-232 >> "Content-Type: application/json; charset=utf-8[\r][\n]"
DEBUG: org.apache.http.wire - http-outgoing-232 >> "Content-Length: 37[\r][\n]"
DEBUG: org.apache.http.wire - http-outgoing-232 >> "Host: 127.0.0.1:7058[\r][\n]"
DEBUG: org.apache.http.wire - http-outgoing-232 >> "Connection: Keep-Alive[\r][\n]"
DEBUG: org.apache.http.wire - http-outgoing-232 >> "User-Agent: Apache-HttpClient/4.5.2 (Java/1.7.0_79)[\r][\n]"
DEBUG: org.apache.http.wire - http-outgoing-232 >> "Accept-Encoding: gzip,deflate[\r][\n]"
DEBUG: org.apache.http.wire - http-outgoing-232 >> "[\r][\n]"
DEBUG: org.apache.http.wire - http-outgoing-232 >> "{"using":"name","value":"j_username"}"
DEBUG: org.apache.http.wire - http-outgoing-232 << "HTTP/1.1 200 OK[\r][\n]"
DEBUG: org.apache.http.wire - http-outgoing-232 << "content-type: application/json; charset=UTF-8[\r][\n]"
DEBUG: org.apache.http.wire - http-outgoing-232 << "connection: close[\r][\n]"
DEBUG: org.apache.http.wire - http-outgoing-232 << "content-length: 224[\r][\n]"
DEBUG: org.apache.http.wire - http-outgoing-232 << "server: httpd.js[\r][\n]"
DEBUG: org.apache.http.wire - http-outgoing-232 << "date: Fri, 26 Aug 2016 09:43:03 GMT[\r][\n]"
DEBUG: org.apache.http.wire - http-outgoing-232 << "[\r][\n]"
DEBUG: org.apache.http.headers - http-outgoing-232 << HTTP/1.1 200 OK
DEBUG: org.apache.http.headers - http-outgoing-232 << content-type: application/json; charset=UTF-8
DEBUG: org.apache.http.headers - http-outgoing-232 << connection: close
DEBUG: org.apache.http.headers - http-outgoing-232 << content-length: 224
DEBUG: org.apache.http.headers - http-outgoing-232 << server: httpd.js
DEBUG: org.apache.http.headers - http-outgoing-232 << date: Fri, 26 Aug 2016 09:43:03 GMT
DEBUG: org.apache.http.wire - http-outgoing-232 << "{"name":"findElement","sessionId":"e37898b6-8e5c-334f-a9d7-5ee4f0651cdc","status":0,"value":{"ELEMENT":"{9e542c3a-1cad-2445-9704-1888bbbac700}","element-6066-11e4-a52e-4f735466cecf":"{9e542c3a-1cad-2445-9704-1888bbbac700}"}}"
DEBUG: org.apache.http.impl.conn.DefaultManagedHttpClientConnection - http-outgoing-232: Close connection
DEBUG: org.apache.http.impl.execchain.MainClientExec - Connection discarded
DEBUG: org.apache.http.impl.conn.PoolingHttpClientConnectionManager - Connection released: [id: 232][route: {}->http://127.0.0.1:7058][total kept alive: 0; route allocated: 0 of 2000; total allocated: 0 of 2000]
DEBUG: org.apache.http.client.protocol.RequestAddCookies - CookieSpec selected: default
DEBUG: org.apache.http.client.protocol.RequestAuthCache - Auth cache not set in the context
DEBUG: org.apache.http.impl.conn.PoolingHttpClientConnectionManager - Connection request: [route: {}->http://127.0.0.1:7058][total kept alive: 0; route allocated: 0 of 2000; total allocated: 0 of 2000]
DEBUG: org.apache.http.impl.conn.PoolingHttpClientConnectionManager - Connection leased: [id: 233][route: {}->http://127.0.0.1:7058][total kept alive: 0; route allocated: 1 of 2000; total allocated: 1 of 2000]
DEBUG: org.apache.http.impl.execchain.MainClientExec - Opening connection {}->http://127.0.0.1:7058
DEBUG: org.apache.http.impl.conn.DefaultHttpClientConnectionOperator - Connecting to /127.0.0.1:7058
DEBUG: org.apache.http.impl.conn.DefaultHttpClientConnectionOperator - Connection established 127.0.0.1:61001<->127.0.0.1:7058
DEBUG: org.apache.http.impl.conn.DefaultManagedHttpClientConnection - http-outgoing-233: set socket timeout to 10800000
DEBUG: org.apache.http.impl.execchain.MainClientExec - Executing request POST /hub/session/e37898b6-8e5c-334f-a9d7-5ee4f0651cdc/element HTTP/1.1
DEBUG: org.apache.http.impl.execchain.MainClientExec - Target auth state: UNCHALLENGED
DEBUG: org.apache.http.impl.execchain.MainClientExec - Proxy auth state: UNCHALLENGED
DEBUG: org.apache.http.headers - http-outgoing-233 >> POST /hub/session/e37898b6-8e5c-334f-a9d7-5ee4f0651cdc/element HTTP/1.1
DEBUG: org.apache.http.headers - http-outgoing-233 >> Content-Type: application/json; charset=utf-8
DEBUG: org.apache.http.headers - http-outgoing-233 >> Content-Length: 37
DEBUG: org.apache.http.headers - http-outgoing-233 >> Host: 127.0.0.1:7058
DEBUG: org.apache.http.headers - http-outgoing-233 >> Connection: Keep-Alive
DEBUG: org.apache.http.headers - http-outgoing-233 >> User-Agent: Apache-HttpClient/4.5.2 (Java/1.7.0_79)
DEBUG: org.apache.http.headers - http-outgoing-233 >> Accept-Encoding: gzip,deflate
DEBUG: org.apache.http.wire - http-outgoing-233 >> "POST /hub/session/e37898b6-8e5c-334f-a9d7-5ee4f0651cdc/element HTTP/1.1[\r][\n]"
DEBUG: org.apache.http.wire - http-outgoing-233 >> "Content-Type: application/json; charset=utf-8[\r][\n]"
DEBUG: org.apache.http.wire - http-outgoing-233 >> "Content-Length: 37[\r][\n]"
DEBUG: org.apache.http.wire - http-outgoing-233 >> "Host: 127.0.0.1:7058[\r][\n]"
DEBUG: org.apache.http.wire - http-outgoing-233 >> "Connection: Keep-Alive[\r][\n]"
DEBUG: org.apache.http.wire - http-outgoing-233 >> "User-Agent: Apache-HttpClient/4.5.2 (Java/1.7.0_79)[\r][\n]"
DEBUG: org.apache.http.wire - http-outgoing-233 >> "Accept-Encoding: gzip,deflate[\r][\n]"
DEBUG: org.apache.http.wire - http-outgoing-233 >> "[\r][\n]"
DEBUG: org.apache.http.wire - http-outgoing-233 >> "{"using":"name","value":"j_username"}"
DEBUG: org.apache.http.wire - http-outgoing-233 << "HTTP/1.1 200 OK[\r][\n]"
DEBUG: org.apache.http.wire - http-outgoing-233 << "content-type: application/json; charset=UTF-8[\r][\n]"
DEBUG: org.apache.http.wire - http-outgoing-233 << "connection: close[\r][\n]"
DEBUG: org.apache.http.wire - http-outgoing-233 << "content-length: 224[\r][\n]"
DEBUG: org.apache.http.wire - http-outgoing-233 << "server: httpd.js[\r][\n]"
DEBUG: org.apache.http.wire - http-outgoing-233 << "date: Fri, 26 Aug 2016 09:43:03 GMT[\r][\n]"
DEBUG: org.apache.http.wire - http-outgoing-233 << "[\r][\n]"
DEBUG: org.apache.http.headers - http-outgoing-233 << HTTP/1.1 200 OK
DEBUG: org.apache.http.headers - http-outgoing-233 << content-type: application/json; charset=UTF-8
DEBUG: org.apache.http.headers - http-outgoing-233 << connection: close
DEBUG: org.apache.http.headers - http-outgoing-233 << content-length: 224
DEBUG: org.apache.http.headers - http-outgoing-233 << server: httpd.js
DEBUG: org.apache.http.headers - http-outgoing-233 << date: Fri, 26 Aug 2016 09:43:03 GMT
DEBUG: org.apache.http.wire - http-outgoing-233 << "{"name":"findElement","sessionId":"e37898b6-8e5c-334f-a9d7-5ee4f0651cdc","status":0,"value":{"ELEMENT":"{9e542c3a-1cad-2445-9704-1888bbbac700}","element-6066-11e4-a52e-4f735466cecf":"{9e542c3a-1cad-2445-9704-1888bbbac700}"}}"
DEBUG: org.apache.http.impl.conn.DefaultManagedHttpClientConnection - http-outgoing-233: Close connection
DEBUG: org.apache.http.impl.execchain.MainClientExec - Connection discarded
DEBUG: org.apache.http.impl.conn.PoolingHttpClientConnectionManager - Connection released: [id: 233][route: {}->http://127.0.0.1:7058][total kept alive: 0; route allocated: 0 of 2000; total allocated: 0 of 2000]
DEBUG: org.apache.http.client.protocol.RequestAddCookies - CookieSpec selected: default
DEBUG: org.apache.http.client.protocol.RequestAuthCache - Auth cache not set in the context
DEBUG: org.apache.http.impl.conn.PoolingHttpClientConnectionManager - Connection request: [route: {}->http://127.0.0.1:7058][total kept alive: 0; route allocated: 0 of 2000; total allocated: 0 of 2000]
DEBUG: org.apache.http.impl.conn.PoolingHttpClientConnectionManager - Connection leased: [id: 234][route: {}->http://127.0.0.1:7058][total kept alive: 0; route allocated: 1 of 2000; total allocated: 1 of 2000]
DEBUG: org.apache.http.impl.execchain.MainClientExec - Opening connection {}->http://127.0.0.1:7058
DEBUG: org.apache.http.impl.conn.DefaultHttpClientConnectionOperator - Connecting to /127.0.0.1:7058
DEBUG: org.apache.http.impl.conn.DefaultHttpClientConnectionOperator - Connection established 127.0.0.1:61003<->127.0.0.1:7058
DEBUG: org.apache.http.impl.conn.DefaultManagedHttpClientConnection - http-outgoing-234: set socket timeout to 10800000
DEBUG: org.apache.http.impl.execchain.MainClientExec - Executing request POST /hub/session/e37898b6-8e5c-334f-a9d7-5ee4f0651cdc/element/%7B9e542c3a-1cad-2445-9704-1888bbbac700%7D/value HTTP/1.1
DEBUG: org.apache.http.impl.execchain.MainClientExec - Target auth state: UNCHALLENGED
DEBUG: org.apache.http.impl.execchain.MainClientExec - Proxy auth state: UNCHALLENGED
DEBUG: org.apache.http.headers - http-outgoing-234 >> POST /hub/session/e37898b6-8e5c-334f-a9d7-5ee4f0651cdc/element/%7B9e542c3a-1cad-2445-9704-1888bbbac700%7D/value HTTP/1.1
DEBUG: org.apache.http.headers - http-outgoing-234 >> Content-Type: application/json; charset=utf-8
DEBUG: org.apache.http.headers - http-outgoing-234 >> Content-Length: 68
DEBUG: org.apache.http.headers - http-outgoing-234 >> Host: 127.0.0.1:7058
DEBUG: org.apache.http.headers - http-outgoing-234 >> Connection: Keep-Alive
DEBUG: org.apache.http.headers - http-outgoing-234 >> User-Agent: Apache-HttpClient/4.5.2 (Java/1.7.0_79)
DEBUG: org.apache.http.headers - http-outgoing-234 >> Accept-Encoding: gzip,deflate
DEBUG: org.apache.http.wire - http-outgoing-234 >> "POST /hub/session/e37898b6-8e5c-334f-a9d7-5ee4f0651cdc/element/%7B9e542c3a-1cad-2445-9704-1888bbbac700%7D/value HTTP/1.1[\r][\n]"
DEBUG: org.apache.http.wire - http-outgoing-234 >> "Content-Type: application/json; charset=utf-8[\r][\n]"
DEBUG: org.apache.http.wire - http-outgoing-234 >> "Content-Length: 68[\r][\n]"
DEBUG: org.apache.http.wire - http-outgoing-234 >> "Host: 127.0.0.1:7058[\r][\n]"
DEBUG: org.apache.http.wire - http-outgoing-234 >> "Connection: Keep-Alive[\r][\n]"
DEBUG: org.apache.http.wire - http-outgoing-234 >> "User-Agent: Apache-HttpClient/4.5.2 (Java/1.7.0_79)[\r][\n]"
DEBUG: org.apache.http.wire - http-outgoing-234 >> "Accept-Encoding: gzip,deflate[\r][\n]"
DEBUG: org.apache.http.wire - http-outgoing-234 >> "[\r][\n]"
DEBUG: org.apache.http.wire - http-outgoing-234 >> "{"id":"{9e542c3a-1cad-2445-9704-1888bbbac700}","value":["Promoter"]}"
DEBUG: org.apache.http.wire - http-outgoing-234 << "HTTP/1.1 200 OK[\r][\n]"
DEBUG: org.apache.http.wire - http-outgoing-234 << "content-type: application/json; charset=UTF-8[\r][\n]"
DEBUG: org.apache.http.wire - http-outgoing-234 << "connection: close[\r][\n]"
DEBUG: org.apache.http.wire - http-outgoing-234 << "content-length: 101[\r][\n]"
DEBUG: org.apache.http.wire - http-outgoing-234 << "server: httpd.js[\r][\n]"
DEBUG: org.apache.http.wire - http-outgoing-234 << "date: Fri, 26 Aug 2016 09:43:03 GMT[\r][\n]"
DEBUG: org.apache.http.wire - http-outgoing-234 << "[\r][\n]"
DEBUG: org.apache.http.headers - http-outgoing-234 << HTTP/1.1 200 OK
DEBUG: org.apache.http.headers - http-outgoing-234 << content-type: application/json; charset=UTF-8
DEBUG: org.apache.http.headers - http-outgoing-234 << connection: close
DEBUG: org.apache.http.headers - http-outgoing-234 << content-length: 101
DEBUG: org.apache.http.headers - http-outgoing-234 << server: httpd.js
DEBUG: org.apache.http.headers - http-outgoing-234 << date: Fri, 26 Aug 2016 09:43:03 GMT
DEBUG: org.apache.http.wire - http-outgoing-234 << "{"name":"sendKeysToElement","sessionId":"e37898b6-8e5c-334f-a9d7-5ee4f0651cdc","status":0,"value":""}"
DEBUG: org.apache.http.impl.conn.DefaultManagedHttpClientConnection - http-outgoing-234: Close connection
DEBUG: org.apache.http.impl.execchain.MainClientExec - Connection discarded
DEBUG: org.apache.http.impl.conn.PoolingHttpClientConnectionManager - Connection released: [id: 234][route: {}->http://127.0.0.1:7058][total kept alive: 0; route allocated: 0 of 2000; total allocated: 0 of 2000]
DEBUG: org.apache.http.client.protocol.RequestAddCookies - CookieSpec selected: default
DEBUG: org.apache.http.client.protocol.RequestAuthCache - Auth cache not set in the context
DEBUG: org.apache.http.impl.conn.PoolingHttpClientConnectionManager - Connection request: [route: {}->http://127.0.0.1:7058][total kept alive: 0; route allocated: 0 of 2000; total allocated: 0 of 2000]
DEBUG: org.apache.http.impl.conn.PoolingHttpClientConnectionManager - Connection leased: [id: 235][route: {}->http://127.0.0.1:7058][total kept alive: 0; route allocated: 1 of 2000; total allocated: 1 of 2000]
DEBUG: org.apache.http.impl.execchain.MainClientExec - Opening connection {}->http://127.0.0.1:7058
DEBUG: org.apache.http.impl.conn.DefaultHttpClientConnectionOperator - Connecting to /127.0.0.1:7058
DEBUG: org.apache.http.impl.conn.DefaultHttpClientConnectionOperator - Connection established 127.0.0.1:61004<->127.0.0.1:7058
DEBUG: org.apache.http.impl.conn.DefaultManagedHttpClientConnection - http-outgoing-235: set socket timeout to 10800000
DEBUG: org.apache.http.impl.execchain.MainClientExec - Executing request POST /hub/session/e37898b6-8e5c-334f-a9d7-5ee4f0651cdc/element HTTP/1.1
DEBUG: org.apache.http.impl.execchain.MainClientExec - Target auth state: UNCHALLENGED
DEBUG: org.apache.http.impl.execchain.MainClientExec - Proxy auth state: UNCHALLENGED
DEBUG: org.apache.http.headers - http-outgoing-235 >> POST /hub/session/e37898b6-8e5c-334f-a9d7-5ee4f0651cdc/element HTTP/1.1
DEBUG: org.apache.http.headers - http-outgoing-235 >> Content-Type: application/json; charset=utf-8
DEBUG: org.apache.http.headers - http-outgoing-235 >> Content-Length: 37
DEBUG: org.apache.http.headers - http-outgoing-235 >> Host: 127.0.0.1:7058
DEBUG: org.apache.http.headers - http-outgoing-235 >> Connection: Keep-Alive
DEBUG: org.apache.http.headers - http-outgoing-235 >> User-Agent: Apache-HttpClient/4.5.2 (Java/1.7.0_79)
DEBUG: org.apache.http.headers - http-outgoing-235 >> Accept-Encoding: gzip,deflate
DEBUG: org.apache.http.wire - http-outgoing-235 >> "POST /hub/session/e37898b6-8e5c-334f-a9d7-5ee4f0651cdc/element HTTP/1.1[\r][\n]"
DEBUG: org.apache.http.wire - http-outgoing-235 >> "Content-Type: application/json; charset=utf-8[\r][\n]"
DEBUG: org.apache.http.wire - http-outgoing-235 >> "Content-Length: 37[\r][\n]"
DEBUG: org.apache.http.wire - http-outgoing-235 >> "Host: 127.0.0.1:7058[\r][\n]"
DEBUG: org.apache.http.wire - http-outgoing-235 >> "Connection: Keep-Alive[\r][\n]"
DEBUG: org.apache.http.wire - http-outgoing-235 >> "User-Agent: Apache-HttpClient/4.5.2 (Java/1.7.0_79)[\r][\n]"
DEBUG: org.apache.http.wire - http-outgoing-235 >> "Accept-Encoding: gzip,deflate[\r][\n]"
DEBUG: org.apache.http.wire - http-outgoing-235 >> "[\r][\n]"
DEBUG: org.apache.http.wire - http-outgoing-235 >> "{"using":"name","value":"j_password"}"
DEBUG: org.apache.http.wire - http-outgoing-235 << "HTTP/1.1 200 OK[\r][\n]"
DEBUG: org.apache.http.wire - http-outgoing-235 << "content-type: application/json; charset=UTF-8[\r][\n]"
DEBUG: org.apache.http.wire - http-outgoing-235 << "connection: close[\r][\n]"
DEBUG: org.apache.http.wire - http-outgoing-235 << "content-length: 224[\r][\n]"
DEBUG: org.apache.http.wire - http-outgoing-235 << "server: httpd.js[\r][\n]"
DEBUG: org.apache.http.wire - http-outgoing-235 << "date: Fri, 26 Aug 2016 09:43:03 GMT[\r][\n]"
DEBUG: org.apache.http.wire - http-outgoing-235 << "[\r][\n]"
DEBUG: org.apache.http.headers - http-outgoing-235 << HTTP/1.1 200 OK
DEBUG: org.apache.http.headers - http-outgoing-235 << content-type: application/json; charset=UTF-8
DEBUG: org.apache.http.headers - http-outgoing-235 << connection: close
DEBUG: org.apache.http.headers - http-outgoing-235 << content-length: 224
DEBUG: org.apache.http.headers - http-outgoing-235 << server: httpd.js
DEBUG: org.apache.http.headers - http-outgoing-235 << date: Fri, 26 Aug 2016 09:43:03 GMT
DEBUG: org.apache.http.wire - http-outgoing-235 << "{"name":"findElement","sessionId":"e37898b6-8e5c-334f-a9d7-5ee4f0651cdc","status":0,"value":{"ELEMENT":"{5ccb2c87-b3f5-5c43-8486-3ece251626bc}","element-6066-11e4-a52e-4f735466cecf":"{5ccb2c87-b3f5-5c43-8486-3ece251626bc}"}}"
DEBUG: org.apache.http.impl.conn.DefaultManagedHttpClientConnection - http-outgoing-235: Close connection
DEBUG: org.apache.http.impl.execchain.MainClientExec - Connection discarded
DEBUG: org.apache.http.impl.conn.PoolingHttpClientConnectionManager - Connection released: [id: 235][route: {}->http://127.0.0.1:7058][total kept alive: 0; route allocated: 0 of 2000; total allocated: 0 of 2000]
DEBUG: org.apache.http.client.protocol.RequestAddCookies - CookieSpec selected: default
DEBUG: org.apache.http.client.protocol.RequestAuthCache - Auth cache not set in the context
DEBUG: org.apache.http.impl.conn.PoolingHttpClientConnectionManager - Connection request: [route: {}->http://127.0.0.1:7058][total kept alive: 0; route allocated: 0 of 2000; total allocated: 0 of 2000]
DEBUG: org.apache.http.impl.conn.PoolingHttpClientConnectionManager - Connection leased: [id: 236][route: {}->http://127.0.0.1:7058][total kept alive: 0; route allocated: 1 of 2000; total allocated: 1 of 2000]
DEBUG: org.apache.http.impl.execchain.MainClientExec - Opening connection {}->http://127.0.0.1:7058
DEBUG: org.apache.http.impl.conn.DefaultHttpClientConnectionOperator - Connecting to /127.0.0.1:7058
DEBUG: org.apache.http.impl.conn.DefaultHttpClientConnectionOperator - Connection established 127.0.0.1:61005<->127.0.0.1:7058
DEBUG: org.apache.http.impl.conn.DefaultManagedHttpClientConnection - http-outgoing-236: set socket timeout to 10800000
DEBUG: org.apache.http.impl.execchain.MainClientExec - Executing request POST /hub/session/e37898b6-8e5c-334f-a9d7-5ee4f0651cdc/element/%7B5ccb2c87-b3f5-5c43-8486-3ece251626bc%7D/value HTTP/1.1
DEBUG: org.apache.http.impl.execchain.MainClientExec - Target auth state: UNCHALLENGED
DEBUG: org.apache.http.impl.execchain.MainClientExec - Proxy auth state: UNCHALLENGED
DEBUG: org.apache.http.headers - http-outgoing-236 >> POST /hub/session/e37898b6-8e5c-334f-a9d7-5ee4f0651cdc/element/%7B5ccb2c87-b3f5-5c43-8486-3ece251626bc%7D/value HTTP/1.1
DEBUG: org.apache.http.headers - http-outgoing-236 >> Content-Type: application/json; charset=utf-8
DEBUG: org.apache.http.headers - http-outgoing-236 >> Content-Length: 68
DEBUG: org.apache.http.headers - http-outgoing-236 >> Host: 127.0.0.1:7058
DEBUG: org.apache.http.headers - http-outgoing-236 >> Connection: Keep-Alive
DEBUG: org.apache.http.headers - http-outgoing-236 >> User-Agent: Apache-HttpClient/4.5.2 (Java/1.7.0_79)
DEBUG: org.apache.http.headers - http-outgoing-236 >> Accept-Encoding: gzip,deflate
DEBUG: org.apache.http.wire - http-outgoing-236 >> "POST /hub/session/e37898b6-8e5c-334f-a9d7-5ee4f0651cdc/element/%7B5ccb2c87-b3f5-5c43-8486-3ece251626bc%7D/value HTTP/1.1[\r][\n]"
DEBUG: org.apache.http.wire - http-outgoing-236 >> "Content-Type: application/json; charset=utf-8[\r][\n]"
DEBUG: org.apache.http.wire - http-outgoing-236 >> "Content-Length: 68[\r][\n]"
DEBUG: org.apache.http.wire - http-outgoing-236 >> "Host: 127.0.0.1:7058[\r][\n]"
DEBUG: org.apache.http.wire - http-outgoing-236 >> "Connection: Keep-Alive[\r][\n]"
DEBUG: org.apache.http.wire - http-outgoing-236 >> "User-Agent: Apache-HttpClient/4.5.2 (Java/1.7.0_79)[\r][\n]"
DEBUG: org.apache.http.wire - http-outgoing-236 >> "Accept-Encoding: gzip,deflate[\r][\n]"
DEBUG: org.apache.http.wire - http-outgoing-236 >> "[\r][\n]"
DEBUG: org.apache.http.wire - http-outgoing-236 >> "{"id":"{5ccb2c87-b3f5-5c43-8486-3ece251626bc}","value":["password"]}"
DEBUG: org.apache.http.wire - http-outgoing-236 << "HTTP/1.1 200 OK[\r][\n]"
DEBUG: org.apache.http.wire - http-outgoing-236 << "content-type: application/json; charset=UTF-8[\r][\n]"
DEBUG: org.apache.http.wire - http-outgoing-236 << "connection: close[\r][\n]"
DEBUG: org.apache.http.wire - http-outgoing-236 << "content-length: 101[\r][\n]"
DEBUG: org.apache.http.wire - http-outgoing-236 << "server: httpd.js[\r][\n]"
DEBUG: org.apache.http.wire - http-outgoing-236 << "date: Fri, 26 Aug 2016 09:43:03 GMT[\r][\n]"
DEBUG: org.apache.http.wire - http-outgoing-236 << "[\r][\n]"
DEBUG: org.apache.http.headers - http-outgoing-236 << HTTP/1.1 200 OK
DEBUG: org.apache.http.headers - http-outgoing-236 << content-type: application/json; charset=UTF-8
DEBUG: org.apache.http.headers - http-outgoing-236 << connection: close
DEBUG: org.apache.http.headers - http-outgoing-236 << content-length: 101
DEBUG: org.apache.http.headers - http-outgoing-236 << server: httpd.js
DEBUG: org.apache.http.headers - http-outgoing-236 << date: Fri, 26 Aug 2016 09:43:03 GMT
DEBUG: org.apache.http.wire - http-outgoing-236 << "{"name":"sendKeysToElement","sessionId":"e37898b6-8e5c-334f-a9d7-5ee4f0651cdc","status":0,"value":""}"
DEBUG: org.apache.http.impl.conn.DefaultManagedHttpClientConnection - http-outgoing-236: Close connection
DEBUG: org.apache.http.impl.execchain.MainClientExec - Connection discarded
DEBUG: org.apache.http.impl.conn.PoolingHttpClientConnectionManager - Connection released: [id: 236][route: {}->http://127.0.0.1:7058][total kept alive: 0; route allocated: 0 of 2000; total allocated: 0 of 2000]
DEBUG: org.apache.http.client.protocol.RequestAddCookies - CookieSpec selected: default
DEBUG: org.apache.http.client.protocol.RequestAuthCache - Auth cache not set in the context
DEBUG: org.apache.http.impl.conn.PoolingHttpClientConnectionManager - Connection request: [route: {}->http://127.0.0.1:7058][total kept alive: 0; route allocated: 0 of 2000; total allocated: 0 of 2000]
DEBUG: org.apache.http.impl.conn.PoolingHttpClientConnectionManager - Connection leased: [id: 237][route: {}->http://127.0.0.1:7058][total kept alive: 0; route allocated: 1 of 2000; total allocated: 1 of 2000]
DEBUG: org.apache.http.impl.execchain.MainClientExec - Opening connection {}->http://127.0.0.1:7058
DEBUG: org.apache.http.impl.conn.DefaultHttpClientConnectionOperator - Connecting to /127.0.0.1:7058
DEBUG: org.apache.http.impl.conn.DefaultHttpClientConnectionOperator - Connection established 127.0.0.1:61007<->127.0.0.1:7058
DEBUG: org.apache.http.impl.conn.DefaultManagedHttpClientConnection - http-outgoing-237: set socket timeout to 10800000
DEBUG: org.apache.http.impl.execchain.MainClientExec - Executing request POST /hub/session/e37898b6-8e5c-334f-a9d7-5ee4f0651cdc/element HTTP/1.1
DEBUG: org.apache.http.impl.execchain.MainClientExec - Target auth state: UNCHALLENGED
DEBUG: org.apache.http.impl.execchain.MainClientExec - Proxy auth state: UNCHALLENGED
DEBUG: org.apache.http.headers - http-outgoing-237 >> POST /hub/session/e37898b6-8e5c-334f-a9d7-5ee4f0651cdc/element HTTP/1.1
DEBUG: org.apache.http.headers - http-outgoing-237 >> Content-Type: application/json; charset=utf-8
DEBUG: org.apache.http.headers - http-outgoing-237 >> Content-Length: 33
DEBUG: org.apache.http.headers - http-outgoing-237 >> Host: 127.0.0.1:7058
DEBUG: org.apache.http.headers - http-outgoing-237 >> Connection: Keep-Alive
DEBUG: org.apache.http.headers - http-outgoing-237 >> User-Agent: Apache-HttpClient/4.5.2 (Java/1.7.0_79)
DEBUG: org.apache.http.headers - http-outgoing-237 >> Accept-Encoding: gzip,deflate
DEBUG: org.apache.http.wire - http-outgoing-237 >> "POST /hub/session/e37898b6-8e5c-334f-a9d7-5ee4f0651cdc/element HTTP/1.1[\r][\n]"
DEBUG: org.apache.http.wire - http-outgoing-237 >> "Content-Type: application/json; charset=utf-8[\r][\n]"
DEBUG: org.apache.http.wire - http-outgoing-237 >> "Content-Length: 33[\r][\n]"
DEBUG: org.apache.http.wire - http-outgoing-237 >> "Host: 127.0.0.1:7058[\r][\n]"
DEBUG: org.apache.http.wire - http-outgoing-237 >> "Connection: Keep-Alive[\r][\n]"
DEBUG: org.apache.http.wire - http-outgoing-237 >> "User-Agent: Apache-HttpClient/4.5.2 (Java/1.7.0_79)[\r][\n]"
DEBUG: org.apache.http.wire - http-outgoing-237 >> "Accept-Encoding: gzip,deflate[\r][\n]"
DEBUG: org.apache.http.wire - http-outgoing-237 >> "[\r][\n]"
DEBUG: org.apache.http.wire - http-outgoing-237 >> "{"using":"name","value":"submit"}"
DEBUG: org.apache.http.wire - http-outgoing-237 << "HTTP/1.1 200 OK[\r][\n]"
DEBUG: org.apache.http.wire - http-outgoing-237 << "content-type: application/json; charset=UTF-8[\r][\n]"
DEBUG: org.apache.http.wire - http-outgoing-237 << "connection: close[\r][\n]"
DEBUG: org.apache.http.wire - http-outgoing-237 << "content-length: 224[\r][\n]"
DEBUG: org.apache.http.wire - http-outgoing-237 << "server: httpd.js[\r][\n]"
DEBUG: org.apache.http.wire - http-outgoing-237 << "date: Fri, 26 Aug 2016 09:43:03 GMT[\r][\n]"
DEBUG: org.apache.http.wire - http-outgoing-237 << "[\r][\n]"
DEBUG: org.apache.http.headers - http-outgoing-237 << HTTP/1.1 200 OK
DEBUG: org.apache.http.headers - http-outgoing-237 << content-type: application/json; charset=UTF-8
DEBUG: org.apache.http.headers - http-outgoing-237 << connection: close
DEBUG: org.apache.http.headers - http-outgoing-237 << content-length: 224
DEBUG: org.apache.http.headers - http-outgoing-237 << server: httpd.js
DEBUG: org.apache.http.headers - http-outgoing-237 << date: Fri, 26 Aug 2016 09:43:03 GMT
DEBUG: org.apache.http.wire - http-outgoing-237 << "{"name":"findElement","sessionId":"e37898b6-8e5c-334f-a9d7-5ee4f0651cdc","status":0,"value":{"ELEMENT":"{fae79e17-6d34-8942-a768-f5e3be376793}","element-6066-11e4-a52e-4f735466cecf":"{fae79e17-6d34-8942-a768-f5e3be376793}"}}"
DEBUG: org.apache.http.impl.conn.DefaultManagedHttpClientConnection - http-outgoing-237: Close connection
DEBUG: org.apache.http.impl.execchain.MainClientExec - Connection discarded
DEBUG: org.apache.http.impl.conn.PoolingHttpClientConnectionManager - Connection released: [id: 237][route: {}->http://127.0.0.1:7058][total kept alive: 0; route allocated: 0 of 2000; total allocated: 0 of 2000]
DEBUG: org.apache.http.client.protocol.RequestAddCookies - CookieSpec selected: default
DEBUG: org.apache.http.client.protocol.RequestAuthCache - Auth cache not set in the context
DEBUG: org.apache.http.impl.conn.PoolingHttpClientConnectionManager - Connection request: [route: {}->http://127.0.0.1:7058][total kept alive: 0; route allocated: 0 of 2000; total allocated: 0 of 2000]
DEBUG: org.apache.http.impl.conn.PoolingHttpClientConnectionManager - Connection leased: [id: 238][route: {}->http://127.0.0.1:7058][total kept alive: 0; route allocated: 1 of 2000; total allocated: 1 of 2000]
DEBUG: org.apache.http.impl.execchain.MainClientExec - Opening connection {}->http://127.0.0.1:7058
DEBUG: org.apache.http.impl.conn.DefaultHttpClientConnectionOperator - Connecting to /127.0.0.1:7058
DEBUG: org.apache.http.impl.conn.DefaultHttpClientConnectionOperator - Connection established 127.0.0.1:61008<->127.0.0.1:7058
DEBUG: org.apache.http.impl.conn.DefaultManagedHttpClientConnection - http-outgoing-238: set socket timeout to 10800000
DEBUG: org.apache.http.impl.execchain.MainClientExec - Executing request POST /hub/session/e37898b6-8e5c-334f-a9d7-5ee4f0651cdc/element/%7Bfae79e17-6d34-8942-a768-f5e3be376793%7D/click HTTP/1.1
DEBUG: org.apache.http.impl.execchain.MainClientExec - Target auth state: UNCHALLENGED
DEBUG: org.apache.http.impl.execchain.MainClientExec - Proxy auth state: UNCHALLENGED
DEBUG: org.apache.http.headers - http-outgoing-238 >> POST /hub/session/e37898b6-8e5c-334f-a9d7-5ee4f0651cdc/element/%7Bfae79e17-6d34-8942-a768-f5e3be376793%7D/click HTTP/1.1
DEBUG: org.apache.http.headers - http-outgoing-238 >> Content-Type: application/json; charset=utf-8
DEBUG: org.apache.http.headers - http-outgoing-238 >> Content-Length: 47
DEBUG: org.apache.http.headers - http-outgoing-238 >> Host: 127.0.0.1:7058
DEBUG: org.apache.http.headers - http-outgoing-238 >> Connection: Keep-Alive
DEBUG: org.apache.http.headers - http-outgoing-238 >> User-Agent: Apache-HttpClient/4.5.2 (Java/1.7.0_79)
DEBUG: org.apache.http.headers - http-outgoing-238 >> Accept-Encoding: gzip,deflate
DEBUG: org.apache.http.wire - http-outgoing-238 >> "POST /hub/session/e37898b6-8e5c-334f-a9d7-5ee4f0651cdc/element/%7Bfae79e17-6d34-8942-a768-f5e3be376793%7D/click HTTP/1.1[\r][\n]"
DEBUG: org.apache.http.wire - http-outgoing-238 >> "Content-Type: application/json; charset=utf-8[\r][\n]"
DEBUG: org.apache.http.wire - http-outgoing-238 >> "Content-Length: 47[\r][\n]"
DEBUG: org.apache.http.wire - http-outgoing-238 >> "Host: 127.0.0.1:7058[\r][\n]"
DEBUG: org.apache.http.wire - http-outgoing-238 >> "Connection: Keep-Alive[\r][\n]"
DEBUG: org.apache.http.wire - http-outgoing-238 >> "User-Agent: Apache-HttpClient/4.5.2 (Java/1.7.0_79)[\r][\n]"
DEBUG: org.apache.http.wire - http-outgoing-238 >> "Accept-Encoding: gzip,deflate[\r][\n]"
DEBUG: org.apache.http.wire - http-outgoing-238 >> "[\r][\n]"
DEBUG: org.apache.http.wire - http-outgoing-238 >> "{"id":"{fae79e17-6d34-8942-a768-f5e3be376793}"}"
DEBUG: org.apache.http.wire - http-outgoing-238 << "HTTP/1.1 200 OK[\r][\n]"
DEBUG: org.apache.http.wire - http-outgoing-238 << "content-type: application/json; charset=UTF-8[\r][\n]"
DEBUG: org.apache.http.wire - http-outgoing-238 << "connection: close[\r][\n]"
DEBUG: org.apache.http.wire - http-outgoing-238 << "content-length: 98[\r][\n]"
DEBUG: org.apache.http.wire - http-outgoing-238 << "server: httpd.js[\r][\n]"
DEBUG: org.apache.http.wire - http-outgoing-238 << "date: Fri, 26 Aug 2016 09:43:03 GMT[\r][\n]"
DEBUG: org.apache.http.wire - http-outgoing-238 << "[\r][\n]"
DEBUG: org.apache.http.headers - http-outgoing-238 << HTTP/1.1 200 OK
DEBUG: org.apache.http.headers - http-outgoing-238 << content-type: application/json; charset=UTF-8
DEBUG: org.apache.http.headers - http-outgoing-238 << connection: close
DEBUG: org.apache.http.headers - http-outgoing-238 << content-length: 98
DEBUG: org.apache.http.headers - http-outgoing-238 << server: httpd.js
DEBUG: org.apache.http.headers - http-outgoing-238 << date: Fri, 26 Aug 2016 09:43:03 GMT
DEBUG: org.apache.http.wire - http-outgoing-238 << "{"name":"clickElement","sessionId":"e37898b6-8e5c-334f-a9d7-5ee4f0651cdc","status":0,"value":"ok"}"
DEBUG: org.apache.http.impl.conn.DefaultManagedHttpClientConnection - http-outgoing-238: Close connection
DEBUG: org.apache.http.impl.execchain.MainClientExec - Connection discarded
DEBUG: org.apache.http.impl.conn.PoolingHttpClientConnectionManager - Connection released: [id: 238][route: {}->http://127.0.0.1:7058][total kept alive: 0; route allocated: 0 of 2000; total allocated: 0 of 2000]
DEBUG: org.apache.http.client.protocol.RequestAddCookies - CookieSpec selected: default
DEBUG: org.apache.http.client.protocol.RequestAuthCache - Auth cache not set in the context
DEBUG: org.apache.http.impl.conn.PoolingHttpClientConnectionManager - Connection request: [route: {}->http://127.0.0.1:7058][total kept alive: 0; route allocated: 0 of 2000; total allocated: 0 of 2000]
DEBUG: org.apache.http.impl.conn.PoolingHttpClientConnectionManager - Connection leased: [id: 239][route: {}->http://127.0.0.1:7058][total kept alive: 0; route allocated: 1 of 2000; total allocated: 1 of 2000]
DEBUG: org.apache.http.impl.execchain.MainClientExec - Opening connection {}->http://127.0.0.1:7058
DEBUG: org.apache.http.impl.conn.DefaultHttpClientConnectionOperator - Connecting to /127.0.0.1:7058
DEBUG: org.apache.http.impl.conn.DefaultHttpClientConnectionOperator - Connection established 127.0.0.1:61012<->127.0.0.1:7058
DEBUG: org.apache.http.impl.conn.DefaultManagedHttpClientConnection - http-outgoing-239: set socket timeout to 10800000
DEBUG: org.apache.http.impl.execchain.MainClientExec - Executing request POST /hub/session/e37898b6-8e5c-334f-a9d7-5ee4f0651cdc/url HTTP/1.1
DEBUG: org.apache.http.impl.execchain.MainClientExec - Target auth state: UNCHALLENGED
DEBUG: org.apache.http.impl.execchain.MainClientExec - Proxy auth state: UNCHALLENGED
DEBUG: org.apache.http.headers - http-outgoing-239 >> POST /hub/session/e37898b6-8e5c-334f-a9d7-5ee4f0651cdc/url HTTP/1.1
DEBUG: org.apache.http.headers - http-outgoing-239 >> Content-Type: application/json; charset=utf-8
DEBUG: org.apache.http.headers - http-outgoing-239 >> Content-Length: 32
DEBUG: org.apache.http.headers - http-outgoing-239 >> Host: 127.0.0.1:7058
DEBUG: org.apache.http.headers - http-outgoing-239 >> Connection: Keep-Alive
DEBUG: org.apache.http.headers - http-outgoing-239 >> User-Agent: Apache-HttpClient/4.5.2 (Java/1.7.0_79)
DEBUG: org.apache.http.headers - http-outgoing-239 >> Accept-Encoding: gzip,deflate
DEBUG: org.apache.http.wire - http-outgoing-239 >> "POST /hub/session/e37898b6-8e5c-334f-a9d7-5ee4f0651cdc/url HTTP/1.1[\r][\n]"
DEBUG: org.apache.http.wire - http-outgoing-239 >> "Content-Type: application/json; charset=utf-8[\r][\n]"
DEBUG: org.apache.http.wire - http-outgoing-239 >> "Content-Length: 32[\r][\n]"
DEBUG: org.apache.http.wire - http-outgoing-239 >> "Host: 127.0.0.1:7058[\r][\n]"
DEBUG: org.apache.http.wire - http-outgoing-239 >> "Connection: Keep-Alive[\r][\n]"
DEBUG: org.apache.http.wire - http-outgoing-239 >> "User-Agent: Apache-HttpClient/4.5.2 (Java/1.7.0_79)[\r][\n]"
DEBUG: org.apache.http.wire - http-outgoing-239 >> "Accept-Encoding: gzip,deflate[\r][\n]"
DEBUG: org.apache.http.wire - http-outgoing-239 >> "[\r][\n]"
DEBUG: org.apache.http.wire - http-outgoing-239 >> "{"url":"http://localhost:8080/"}"
DEBUG: org.apache.http.wire - http-outgoing-239 << "HTTP/1.1 200 OK[\r][\n]"
DEBUG: org.apache.http.wire - http-outgoing-239 << "content-type: application/json; charset=UTF-8[\r][\n]"
DEBUG: org.apache.http.wire - http-outgoing-239 << "connection: close[\r][\n]"
DEBUG: org.apache.http.wire - http-outgoing-239 << "content-length: 87[\r][\n]"
DEBUG: org.apache.http.wire - http-outgoing-239 << "server: httpd.js[\r][\n]"
DEBUG: org.apache.http.wire - http-outgoing-239 << "date: Fri, 26 Aug 2016 09:43:03 GMT[\r][\n]"
DEBUG: org.apache.http.wire - http-outgoing-239 << "[\r][\n]"
DEBUG: org.apache.http.headers - http-outgoing-239 << HTTP/1.1 200 OK
DEBUG: org.apache.http.headers - http-outgoing-239 << content-type: application/json; charset=UTF-8
DEBUG: org.apache.http.headers - http-outgoing-239 << connection: close
DEBUG: org.apache.http.headers - http-outgoing-239 << content-length: 87
DEBUG: org.apache.http.headers - http-outgoing-239 << server: httpd.js
DEBUG: org.apache.http.headers - http-outgoing-239 << date: Fri, 26 Aug 2016 09:43:03 GMT
DEBUG: org.apache.http.wire - http-outgoing-239 << "{"name":"get","sessionId":"e37898b6-8e5c-334f-a9d7-5ee4f0651cdc","status":0,"value":""}"
DEBUG: org.apache.http.impl.conn.DefaultManagedHttpClientConnection - http-outgoing-239: Close connection
DEBUG: org.apache.http.impl.execchain.MainClientExec - Connection discarded
DEBUG: org.apache.http.impl.conn.PoolingHttpClientConnectionManager - Connection released: [id: 239][route: {}->http://127.0.0.1:7058][total kept alive: 0; route allocated: 0 of 2000; total allocated: 0 of 2000]
DEBUG: org.apache.http.client.protocol.RequestAddCookies - CookieSpec selected: default
DEBUG: org.apache.http.client.protocol.RequestAuthCache - Auth cache not set in the context
DEBUG: org.apache.http.impl.conn.PoolingHttpClientConnectionManager - Connection request: [route: {}->http://127.0.0.1:7058][total kept alive: 0; route allocated: 0 of 2000; total allocated: 0 of 2000]
DEBUG: org.apache.http.impl.conn.PoolingHttpClientConnectionManager - Connection leased: [id: 240][route: {}->http://127.0.0.1:7058][total kept alive: 0; route allocated: 1 of 2000; total allocated: 1 of 2000]
DEBUG: org.apache.http.impl.execchain.MainClientExec - Opening connection {}->http://127.0.0.1:7058
DEBUG: org.apache.http.impl.conn.DefaultHttpClientConnectionOperator - Connecting to /127.0.0.1:7058
DEBUG: org.apache.http.impl.conn.DefaultHttpClientConnectionOperator - Connection established 127.0.0.1:61013<->127.0.0.1:7058
DEBUG: org.apache.http.impl.conn.DefaultManagedHttpClientConnection - http-outgoing-240: set socket timeout to 10800000
DEBUG: org.apache.http.impl.execchain.MainClientExec - Executing request POST /hub/session/e37898b6-8e5c-334f-a9d7-5ee4f0651cdc/element HTTP/1.1
DEBUG: org.apache.http.impl.execchain.MainClientExec - Target auth state: UNCHALLENGED
DEBUG: org.apache.http.impl.execchain.MainClientExec - Proxy auth state: UNCHALLENGED
DEBUG: org.apache.http.headers - http-outgoing-240 >> POST /hub/session/e37898b6-8e5c-334f-a9d7-5ee4f0651cdc/element HTTP/1.1
DEBUG: org.apache.http.headers - http-outgoing-240 >> Content-Type: application/json; charset=utf-8
DEBUG: org.apache.http.headers - http-outgoing-240 >> Content-Length: 95
DEBUG: org.apache.http.headers - http-outgoing-240 >> Host: 127.0.0.1:7058
DEBUG: org.apache.http.headers - http-outgoing-240 >> Connection: Keep-Alive
DEBUG: org.apache.http.headers - http-outgoing-240 >> User-Agent: Apache-HttpClient/4.5.2 (Java/1.7.0_79)
DEBUG: org.apache.http.headers - http-outgoing-240 >> Accept-Encoding: gzip,deflate
DEBUG: org.apache.http.wire - http-outgoing-240 >> "POST /hub/session/e37898b6-8e5c-334f-a9d7-5ee4f0651cdc/element HTTP/1.1[\r][\n]"
DEBUG: org.apache.http.wire - http-outgoing-240 >> "Content-Type: application/json; charset=utf-8[\r][\n]"
DEBUG: org.apache.http.wire - http-outgoing-240 >> "Content-Length: 95[\r][\n]"
DEBUG: org.apache.http.wire - http-outgoing-240 >> "Host: 127.0.0.1:7058[\r][\n]"
DEBUG: org.apache.http.wire - http-outgoing-240 >> "Connection: Keep-Alive[\r][\n]"
DEBUG: org.apache.http.wire - http-outgoing-240 >> "User-Agent: Apache-HttpClient/4.5.2 (Java/1.7.0_79)[\r][\n]"
DEBUG: org.apache.http.wire - http-outgoing-240 >> "Accept-Encoding: gzip,deflate[\r][\n]"
DEBUG: org.apache.http.wire - http-outgoing-240 >> "[\r][\n]"
DEBUG: org.apache.http.wire - http-outgoing-240 >> "{"using":"xpath","value":"//tbody/tr/td[1][text() = 'Bike Frame']/parent::*/td[6]/form/button"}"
DEBUG: org.apache.http.wire - http-outgoing-240 << "HTTP/1.1 200 OK[\r][\n]"
DEBUG: org.apache.http.wire - http-outgoing-240 << "content-type: application/json; charset=UTF-8[\r][\n]"
DEBUG: org.apache.http.wire - http-outgoing-240 << "connection: close[\r][\n]"
DEBUG: org.apache.http.wire - http-outgoing-240 << "content-length: 224[\r][\n]"
DEBUG: org.apache.http.wire - http-outgoing-240 << "server: httpd.js[\r][\n]"
DEBUG: org.apache.http.wire - http-outgoing-240 << "date: Fri, 26 Aug 2016 09:43:03 GMT[\r][\n]"
DEBUG: org.apache.http.wire - http-outgoing-240 << "[\r][\n]"
DEBUG: org.apache.http.headers - http-outgoing-240 << HTTP/1.1 200 OK
DEBUG: org.apache.http.headers - http-outgoing-240 << content-type: application/json; charset=UTF-8
DEBUG: org.apache.http.headers - http-outgoing-240 << connection: close
DEBUG: org.apache.http.headers - http-outgoing-240 << content-length: 224
DEBUG: org.apache.http.headers - http-outgoing-240 << server: httpd.js
DEBUG: org.apache.http.headers - http-outgoing-240 << date: Fri, 26 Aug 2016 09:43:03 GMT
DEBUG: org.apache.http.wire - http-outgoing-240 << "{"name":"findElement","sessionId":"e37898b6-8e5c-334f-a9d7-5ee4f0651cdc","status":0,"value":{"ELEMENT":"{7db25efd-b770-b84c-aeec-eb20c7f9f15c}","element-6066-11e4-a52e-4f735466cecf":"{7db25efd-b770-b84c-aeec-eb20c7f9f15c}"}}"
DEBUG: org.apache.http.impl.conn.DefaultManagedHttpClientConnection - http-outgoing-240: Close connection
DEBUG: org.apache.http.impl.execchain.MainClientExec - Connection discarded
DEBUG: org.apache.http.impl.conn.PoolingHttpClientConnectionManager - Connection released: [id: 240][route: {}->http://127.0.0.1:7058][total kept alive: 0; route allocated: 0 of 2000; total allocated: 0 of 2000]
DEBUG: org.apache.http.client.protocol.RequestAddCookies - CookieSpec selected: default
DEBUG: org.apache.http.client.protocol.RequestAuthCache - Auth cache not set in the context
DEBUG: org.apache.http.impl.conn.PoolingHttpClientConnectionManager - Connection request: [route: {}->http://127.0.0.1:7058][total kept alive: 0; route allocated: 0 of 2000; total allocated: 0 of 2000]
DEBUG: org.apache.http.impl.conn.PoolingHttpClientConnectionManager - Connection leased: [id: 241][route: {}->http://127.0.0.1:7058][total kept alive: 0; route allocated: 1 of 2000; total allocated: 1 of 2000]
DEBUG: org.apache.http.impl.execchain.MainClientExec - Opening connection {}->http://127.0.0.1:7058
DEBUG: org.apache.http.impl.conn.DefaultHttpClientConnectionOperator - Connecting to /127.0.0.1:7058
DEBUG: org.apache.http.impl.conn.DefaultHttpClientConnectionOperator - Connection established 127.0.0.1:61014<->127.0.0.1:7058
DEBUG: org.apache.http.impl.conn.DefaultManagedHttpClientConnection - http-outgoing-241: set socket timeout to 10800000
DEBUG: org.apache.http.impl.execchain.MainClientExec - Executing request POST /hub/session/e37898b6-8e5c-334f-a9d7-5ee4f0651cdc/element/%7B7db25efd-b770-b84c-aeec-eb20c7f9f15c%7D/click HTTP/1.1
DEBUG: org.apache.http.impl.execchain.MainClientExec - Target auth state: UNCHALLENGED
DEBUG: org.apache.http.impl.execchain.MainClientExec - Proxy auth state: UNCHALLENGED
DEBUG: org.apache.http.headers - http-outgoing-241 >> POST /hub/session/e37898b6-8e5c-334f-a9d7-5ee4f0651cdc/element/%7B7db25efd-b770-b84c-aeec-eb20c7f9f15c%7D/click HTTP/1.1
DEBUG: org.apache.http.headers - http-outgoing-241 >> Content-Type: application/json; charset=utf-8
DEBUG: org.apache.http.headers - http-outgoing-241 >> Content-Length: 47
DEBUG: org.apache.http.headers - http-outgoing-241 >> Host: 127.0.0.1:7058
DEBUG: org.apache.http.headers - http-outgoing-241 >> Connection: Keep-Alive
DEBUG: org.apache.http.headers - http-outgoing-241 >> User-Agent: Apache-HttpClient/4.5.2 (Java/1.7.0_79)
DEBUG: org.apache.http.headers - http-outgoing-241 >> Accept-Encoding: gzip,deflate
DEBUG: org.apache.http.wire - http-outgoing-241 >> "POST /hub/session/e37898b6-8e5c-334f-a9d7-5ee4f0651cdc/element/%7B7db25efd-b770-b84c-aeec-eb20c7f9f15c%7D/click HTTP/1.1[\r][\n]"
DEBUG: org.apache.http.wire - http-outgoing-241 >> "Content-Type: application/json; charset=utf-8[\r][\n]"
DEBUG: org.apache.http.wire - http-outgoing-241 >> "Content-Length: 47[\r][\n]"
DEBUG: org.apache.http.wire - http-outgoing-241 >> "Host: 127.0.0.1:7058[\r][\n]"
DEBUG: org.apache.http.wire - http-outgoing-241 >> "Connection: Keep-Alive[\r][\n]"
DEBUG: org.apache.http.wire - http-outgoing-241 >> "User-Agent: Apache-HttpClient/4.5.2 (Java/1.7.0_79)[\r][\n]"
DEBUG: org.apache.http.wire - http-outgoing-241 >> "Accept-Encoding: gzip,deflate[\r][\n]"
DEBUG: org.apache.http.wire - http-outgoing-241 >> "[\r][\n]"
DEBUG: org.apache.http.wire - http-outgoing-241 >> "{"id":"{7db25efd-b770-b84c-aeec-eb20c7f9f15c}"}"
DEBUG: org.apache.http.wire - http-outgoing-241 << "HTTP/1.1 200 OK[\r][\n]"
DEBUG: org.apache.http.wire - http-outgoing-241 << "content-type: application/json; charset=UTF-8[\r][\n]"
DEBUG: org.apache.http.wire - http-outgoing-241 << "connection: close[\r][\n]"
DEBUG: org.apache.http.wire - http-outgoing-241 << "content-length: 98[\r][\n]"
DEBUG: org.apache.http.wire - http-outgoing-241 << "server: httpd.js[\r][\n]"
DEBUG: org.apache.http.wire - http-outgoing-241 << "date: Fri, 26 Aug 2016 09:43:03 GMT[\r][\n]"
DEBUG: org.apache.http.wire - http-outgoing-241 << "[\r][\n]"
DEBUG: org.apache.http.headers - http-outgoing-241 << HTTP/1.1 200 OK
DEBUG: org.apache.http.headers - http-outgoing-241 << content-type: application/json; charset=UTF-8
DEBUG: org.apache.http.headers - http-outgoing-241 << connection: close
DEBUG: org.apache.http.headers - http-outgoing-241 << content-length: 98
DEBUG: org.apache.http.headers - http-outgoing-241 << server: httpd.js
DEBUG: org.apache.http.headers - http-outgoing-241 << date: Fri, 26 Aug 2016 09:43:03 GMT
DEBUG: org.apache.http.wire - http-outgoing-241 << "{"name":"clickElement","sessionId":"e37898b6-8e5c-334f-a9d7-5ee4f0651cdc","status":0,"value":"ok"}"
DEBUG: org.apache.http.impl.conn.DefaultManagedHttpClientConnection - http-outgoing-241: Close connection
DEBUG: org.apache.http.impl.execchain.MainClientExec - Connection discarded
DEBUG: org.apache.http.impl.conn.PoolingHttpClientConnectionManager - Connection released: [id: 241][route: {}->http://127.0.0.1:7058][total kept alive: 0; route allocated: 0 of 2000; total allocated: 0 of 2000]
DEBUG: org.apache.http.client.protocol.RequestAddCookies - CookieSpec selected: default
DEBUG: org.apache.http.client.protocol.RequestAuthCache - Auth cache not set in the context
DEBUG: org.apache.http.impl.conn.PoolingHttpClientConnectionManager - Connection request: [route: {}->http://127.0.0.1:7058][total kept alive: 0; route allocated: 0 of 2000; total allocated: 0 of 2000]
DEBUG: org.apache.http.impl.conn.PoolingHttpClientConnectionManager - Connection leased: [id: 242][route: {}->http://127.0.0.1:7058][total kept alive: 0; route allocated: 1 of 2000; total allocated: 1 of 2000]
DEBUG: org.apache.http.impl.execchain.MainClientExec - Opening connection {}->http://127.0.0.1:7058
DEBUG: org.apache.http.impl.conn.DefaultHttpClientConnectionOperator - Connecting to /127.0.0.1:7058
DEBUG: org.apache.http.impl.conn.DefaultHttpClientConnectionOperator - Connection established 127.0.0.1:61018<->127.0.0.1:7058
DEBUG: org.apache.http.impl.conn.DefaultManagedHttpClientConnection - http-outgoing-242: set socket timeout to 10800000
DEBUG: org.apache.http.impl.execchain.MainClientExec - Executing request GET /hub/session/e37898b6-8e5c-334f-a9d7-5ee4f0651cdc/window_handles HTTP/1.1
DEBUG: org.apache.http.impl.execchain.MainClientExec - Target auth state: UNCHALLENGED
DEBUG: org.apache.http.impl.execchain.MainClientExec - Proxy auth state: UNCHALLENGED
DEBUG: org.apache.http.headers - http-outgoing-242 >> GET /hub/session/e37898b6-8e5c-334f-a9d7-5ee4f0651cdc/window_handles HTTP/1.1
DEBUG: org.apache.http.headers - http-outgoing-242 >> Cache-Control: no-cache
DEBUG: org.apache.http.headers - http-outgoing-242 >> Host: 127.0.0.1:7058
DEBUG: org.apache.http.headers - http-outgoing-242 >> Connection: Keep-Alive
DEBUG: org.apache.http.headers - http-outgoing-242 >> User-Agent: Apache-HttpClient/4.5.2 (Java/1.7.0_79)
DEBUG: org.apache.http.headers - http-outgoing-242 >> Accept-Encoding: gzip,deflate
DEBUG: org.apache.http.wire - http-outgoing-242 >> "GET /hub/session/e37898b6-8e5c-334f-a9d7-5ee4f0651cdc/window_handles HTTP/1.1[\r][\n]"
DEBUG: org.apache.http.wire - http-outgoing-242 >> "Cache-Control: no-cache[\r][\n]"
DEBUG: org.apache.http.wire - http-outgoing-242 >> "Host: 127.0.0.1:7058[\r][\n]"
DEBUG: org.apache.http.wire - http-outgoing-242 >> "Connection: Keep-Alive[\r][\n]"
DEBUG: org.apache.http.wire - http-outgoing-242 >> "User-Agent: Apache-HttpClient/4.5.2 (Java/1.7.0_79)[\r][\n]"
DEBUG: org.apache.http.wire - http-outgoing-242 >> "Accept-Encoding: gzip,deflate[\r][\n]"
DEBUG: org.apache.http.wire - http-outgoing-242 >> "[\r][\n]"
DEBUG: org.apache.http.wire - http-outgoing-242 << "HTTP/1.1 200 OK[\r][\n]"
DEBUG: org.apache.http.wire - http-outgoing-242 << "content-type: application/json; charset=UTF-8[\r][\n]"
DEBUG: org.apache.http.wire - http-outgoing-242 << "connection: close[\r][\n]"
DEBUG: org.apache.http.wire - http-outgoing-242 << "content-length: 140[\r][\n]"
DEBUG: org.apache.http.wire - http-outgoing-242 << "server: httpd.js[\r][\n]"
DEBUG: org.apache.http.wire - http-outgoing-242 << "date: Fri, 26 Aug 2016 09:43:03 GMT[\r][\n]"
DEBUG: org.apache.http.wire - http-outgoing-242 << "[\r][\n]"
DEBUG: org.apache.http.headers - http-outgoing-242 << HTTP/1.1 200 OK
DEBUG: org.apache.http.headers - http-outgoing-242 << content-type: application/json; charset=UTF-8
DEBUG: org.apache.http.headers - http-outgoing-242 << connection: close
DEBUG: org.apache.http.headers - http-outgoing-242 << content-length: 140
DEBUG: org.apache.http.headers - http-outgoing-242 << server: httpd.js
DEBUG: org.apache.http.headers - http-outgoing-242 << date: Fri, 26 Aug 2016 09:43:03 GMT
DEBUG: org.apache.http.wire - http-outgoing-242 << "{"name":"getWindowHandles","sessionId":"e37898b6-8e5c-334f-a9d7-5ee4f0651cdc","status":0,"value":["{eeb346a1-0c7d-104d-8d65-208509283ce6}"]}"
DEBUG: org.apache.http.impl.conn.DefaultManagedHttpClientConnection - http-outgoing-242: Close connection
DEBUG: org.apache.http.impl.execchain.MainClientExec - Connection discarded
DEBUG: org.apache.http.impl.conn.PoolingHttpClientConnectionManager - Connection released: [id: 242][route: {}->http://127.0.0.1:7058][total kept alive: 0; route allocated: 0 of 2000; total allocated: 0 of 2000]
DEBUG: org.apache.http.client.protocol.RequestAddCookies - CookieSpec selected: default
DEBUG: org.apache.http.client.protocol.RequestAuthCache - Auth cache not set in the context
DEBUG: org.apache.http.impl.conn.PoolingHttpClientConnectionManager - Connection request: [route: {}->http://127.0.0.1:7058][total kept alive: 0; route allocated: 0 of 2000; total allocated: 0 of 2000]
DEBUG: org.apache.http.impl.conn.PoolingHttpClientConnectionManager - Connection leased: [id: 243][route: {}->http://127.0.0.1:7058][total kept alive: 0; route allocated: 1 of 2000; total allocated: 1 of 2000]
DEBUG: org.apache.http.impl.execchain.MainClientExec - Opening connection {}->http://127.0.0.1:7058
DEBUG: org.apache.http.impl.conn.DefaultHttpClientConnectionOperator - Connecting to /127.0.0.1:7058
DEBUG: org.apache.http.impl.conn.DefaultHttpClientConnectionOperator - Connection established 127.0.0.1:61019<->127.0.0.1:7058
DEBUG: org.apache.http.impl.conn.DefaultManagedHttpClientConnection - http-outgoing-243: set socket timeout to 10800000
DEBUG: org.apache.http.impl.execchain.MainClientExec - Executing request GET /hub/session/e37898b6-8e5c-334f-a9d7-5ee4f0651cdc/window_handles HTTP/1.1
DEBUG: org.apache.http.impl.execchain.MainClientExec - Target auth state: UNCHALLENGED
DEBUG: org.apache.http.impl.execchain.MainClientExec - Proxy auth state: UNCHALLENGED
DEBUG: org.apache.http.headers - http-outgoing-243 >> GET /hub/session/e37898b6-8e5c-334f-a9d7-5ee4f0651cdc/window_handles HTTP/1.1
DEBUG: org.apache.http.headers - http-outgoing-243 >> Cache-Control: no-cache
DEBUG: org.apache.http.headers - http-outgoing-243 >> Host: 127.0.0.1:7058
DEBUG: org.apache.http.headers - http-outgoing-243 >> Connection: Keep-Alive
DEBUG: org.apache.http.headers - http-outgoing-243 >> User-Agent: Apache-HttpClient/4.5.2 (Java/1.7.0_79)
DEBUG: org.apache.http.headers - http-outgoing-243 >> Accept-Encoding: gzip,deflate
DEBUG: org.apache.http.wire - http-outgoing-243 >> "GET /hub/session/e37898b6-8e5c-334f-a9d7-5ee4f0651cdc/window_handles HTTP/1.1[\r][\n]"
DEBUG: org.apache.http.wire - http-outgoing-243 >> "Cache-Control: no-cache[\r][\n]"
DEBUG: org.apache.http.wire - http-outgoing-243 >> "Host: 127.0.0.1:7058[\r][\n]"
DEBUG: org.apache.http.wire - http-outgoing-243 >> "Connection: Keep-Alive[\r][\n]"
DEBUG: org.apache.http.wire - http-outgoing-243 >> "User-Agent: Apache-HttpClient/4.5.2 (Java/1.7.0_79)[\r][\n]"
DEBUG: org.apache.http.wire - http-outgoing-243 >> "Accept-Encoding: gzip,deflate[\r][\n]"
DEBUG: org.apache.http.wire - http-outgoing-243 >> "[\r][\n]"
DEBUG: org.apache.http.wire - http-outgoing-243 << "HTTP/1.1 200 OK[\r][\n]"
DEBUG: org.apache.http.wire - http-outgoing-243 << "content-type: application/json; charset=UTF-8[\r][\n]"
DEBUG: org.apache.http.wire - http-outgoing-243 << "connection: close[\r][\n]"
DEBUG: org.apache.http.wire - http-outgoing-243 << "content-length: 140[\r][\n]"
DEBUG: org.apache.http.wire - http-outgoing-243 << "server: httpd.js[\r][\n]"
DEBUG: org.apache.http.wire - http-outgoing-243 << "date: Fri, 26 Aug 2016 09:43:03 GMT[\r][\n]"
DEBUG: org.apache.http.wire - http-outgoing-243 << "[\r][\n]"
DEBUG: org.apache.http.headers - http-outgoing-243 << HTTP/1.1 200 OK
DEBUG: org.apache.http.headers - http-outgoing-243 << content-type: application/json; charset=UTF-8
DEBUG: org.apache.http.headers - http-outgoing-243 << connection: close
DEBUG: org.apache.http.headers - http-outgoing-243 << content-length: 140
DEBUG: org.apache.http.headers - http-outgoing-243 << server: httpd.js
DEBUG: org.apache.http.headers - http-outgoing-243 << date: Fri, 26 Aug 2016 09:43:03 GMT
DEBUG: org.apache.http.wire - http-outgoing-243 << "{"name":"getWindowHandles","sessionId":"e37898b6-8e5c-334f-a9d7-5ee4f0651cdc","status":0,"value":["{eeb346a1-0c7d-104d-8d65-208509283ce6}"]}"
DEBUG: org.apache.http.impl.conn.DefaultManagedHttpClientConnection - http-outgoing-243: Close connection
DEBUG: org.apache.http.impl.execchain.MainClientExec - Connection discarded
DEBUG: org.apache.http.impl.conn.PoolingHttpClientConnectionManager - Connection released: [id: 243][route: {}->http://127.0.0.1:7058][total kept alive: 0; route allocated: 0 of 2000; total allocated: 0 of 2000]
DEBUG: org.apache.http.client.protocol.RequestAddCookies - CookieSpec selected: default
DEBUG: org.apache.http.client.protocol.RequestAuthCache - Auth cache not set in the context
DEBUG: org.apache.http.impl.conn.PoolingHttpClientConnectionManager - Connection request: [route: {}->http://127.0.0.1:7058][total kept alive: 0; route allocated: 0 of 2000; total allocated: 0 of 2000]
DEBUG: org.apache.http.impl.conn.PoolingHttpClientConnectionManager - Connection leased: [id: 244][route: {}->http://127.0.0.1:7058][total kept alive: 0; route allocated: 1 of 2000; total allocated: 1 of 2000]
DEBUG: org.apache.http.impl.execchain.MainClientExec - Opening connection {}->http://127.0.0.1:7058
DEBUG: org.apache.http.impl.conn.DefaultHttpClientConnectionOperator - Connecting to /127.0.0.1:7058
DEBUG: org.apache.http.impl.conn.DefaultHttpClientConnectionOperator - Connection established 127.0.0.1:61020<->127.0.0.1:7058
DEBUG: org.apache.http.impl.conn.DefaultManagedHttpClientConnection - http-outgoing-244: set socket timeout to 10800000
DEBUG: org.apache.http.impl.execchain.MainClientExec - Executing request GET /hub/session/e37898b6-8e5c-334f-a9d7-5ee4f0651cdc/window_handles HTTP/1.1
DEBUG: org.apache.http.impl.execchain.MainClientExec - Target auth state: UNCHALLENGED
DEBUG: org.apache.http.impl.execchain.MainClientExec - Proxy auth state: UNCHALLENGED
DEBUG: org.apache.http.headers - http-outgoing-244 >> GET /hub/session/e37898b6-8e5c-334f-a9d7-5ee4f0651cdc/window_handles HTTP/1.1
DEBUG: org.apache.http.headers - http-outgoing-244 >> Cache-Control: no-cache
DEBUG: org.apache.http.headers - http-outgoing-244 >> Host: 127.0.0.1:7058
DEBUG: org.apache.http.headers - http-outgoing-244 >> Connection: Keep-Alive
DEBUG: org.apache.http.headers - http-outgoing-244 >> User-Agent: Apache-HttpClient/4.5.2 (Java/1.7.0_79)
DEBUG: org.apache.http.headers - http-outgoing-244 >> Accept-Encoding: gzip,deflate
DEBUG: org.apache.http.wire - http-outgoing-244 >> "GET /hub/session/e37898b6-8e5c-334f-a9d7-5ee4f0651cdc/window_handles HTTP/1.1[\r][\n]"
DEBUG: org.apache.http.wire - http-outgoing-244 >> "Cache-Control: no-cache[\r][\n]"
DEBUG: org.apache.http.wire - http-outgoing-244 >> "Host: 127.0.0.1:7058[\r][\n]"
DEBUG: org.apache.http.wire - http-outgoing-244 >> "Connection: Keep-Alive[\r][\n]"
DEBUG: org.apache.http.wire - http-outgoing-244 >> "User-Agent: Apache-HttpClient/4.5.2 (Java/1.7.0_79)[\r][\n]"
DEBUG: org.apache.http.wire - http-outgoing-244 >> "Accept-Encoding: gzip,deflate[\r][\n]"
DEBUG: org.apache.http.wire - http-outgoing-244 >> "[\r][\n]"
DEBUG: org.apache.http.wire - http-outgoing-244 << "HTTP/1.1 200 OK[\r][\n]"
DEBUG: org.apache.http.wire - http-outgoing-244 << "content-type: application/json; charset=UTF-8[\r][\n]"
DEBUG: org.apache.http.wire - http-outgoing-244 << "connection: close[\r][\n]"
DEBUG: org.apache.http.wire - http-outgoing-244 << "content-length: 140[\r][\n]"
DEBUG: org.apache.http.wire - http-outgoing-244 << "server: httpd.js[\r][\n]"
DEBUG: org.apache.http.wire - http-outgoing-244 << "date: Fri, 26 Aug 2016 09:43:03 GMT[\r][\n]"
DEBUG: org.apache.http.wire - http-outgoing-244 << "[\r][\n]"
DEBUG: org.apache.http.headers - http-outgoing-244 << HTTP/1.1 200 OK
DEBUG: org.apache.http.headers - http-outgoing-244 << content-type: application/json; charset=UTF-8
DEBUG: org.apache.http.headers - http-outgoing-244 << connection: close
DEBUG: org.apache.http.headers - http-outgoing-244 << content-length: 140
DEBUG: org.apache.http.headers - http-outgoing-244 << server: httpd.js
DEBUG: org.apache.http.headers - http-outgoing-244 << date: Fri, 26 Aug 2016 09:43:03 GMT
DEBUG: org.apache.http.wire - http-outgoing-244 << "{"name":"getWindowHandles","sessionId":"e37898b6-8e5c-334f-a9d7-5ee4f0651cdc","status":0,"value":["{eeb346a1-0c7d-104d-8d65-208509283ce6}"]}"
DEBUG: org.apache.http.impl.conn.DefaultManagedHttpClientConnection - http-outgoing-244: Close connection
DEBUG: org.apache.http.impl.execchain.MainClientExec - Connection discarded
DEBUG: org.apache.http.impl.conn.PoolingHttpClientConnectionManager - Connection released: [id: 244][route: {}->http://127.0.0.1:7058][total kept alive: 0; route allocated: 0 of 2000; total allocated: 0 of 2000]
DEBUG: org.apache.http.client.protocol.RequestAddCookies - CookieSpec selected: default
DEBUG: org.apache.http.client.protocol.RequestAuthCache - Auth cache not set in the context
DEBUG: org.apache.http.impl.conn.PoolingHttpClientConnectionManager - Connection request: [route: {}->http://127.0.0.1:7058][total kept alive: 0; route allocated: 0 of 2000; total allocated: 0 of 2000]
DEBUG: org.apache.http.impl.conn.PoolingHttpClientConnectionManager - Connection leased: [id: 245][route: {}->http://127.0.0.1:7058][total kept alive: 0; route allocated: 1 of 2000; total allocated: 1 of 2000]
DEBUG: org.apache.http.impl.execchain.MainClientExec - Opening connection {}->http://127.0.0.1:7058
DEBUG: org.apache.http.impl.conn.DefaultHttpClientConnectionOperator - Connecting to /127.0.0.1:7058
DEBUG: org.apache.http.impl.conn.DefaultHttpClientConnectionOperator - Connection established 127.0.0.1:61021<->127.0.0.1:7058
DEBUG: org.apache.http.impl.conn.DefaultManagedHttpClientConnection - http-outgoing-245: set socket timeout to 10800000
DEBUG: org.apache.http.impl.execchain.MainClientExec - Executing request GET /hub/session/e37898b6-8e5c-334f-a9d7-5ee4f0651cdc/window_handles HTTP/1.1
DEBUG: org.apache.http.impl.execchain.MainClientExec - Target auth state: UNCHALLENGED
DEBUG: org.apache.http.impl.execchain.MainClientExec - Proxy auth state: UNCHALLENGED
DEBUG: org.apache.http.headers - http-outgoing-245 >> GET /hub/session/e37898b6-8e5c-334f-a9d7-5ee4f0651cdc/window_handles HTTP/1.1
DEBUG: org.apache.http.headers - http-outgoing-245 >> Cache-Control: no-cache
DEBUG: org.apache.http.headers - http-outgoing-245 >> Host: 127.0.0.1:7058
DEBUG: org.apache.http.headers - http-outgoing-245 >> Connection: Keep-Alive
DEBUG: org.apache.http.headers - http-outgoing-245 >> User-Agent: Apache-HttpClient/4.5.2 (Java/1.7.0_79)
DEBUG: org.apache.http.headers - http-outgoing-245 >> Accept-Encoding: gzip,deflate
DEBUG: org.apache.http.wire - http-outgoing-245 >> "GET /hub/session/e37898b6-8e5c-334f-a9d7-5ee4f0651cdc/window_handles HTTP/1.1[\r][\n]"
DEBUG: org.apache.http.wire - http-outgoing-245 >> "Cache-Control: no-cache[\r][\n]"
DEBUG: org.apache.http.wire - http-outgoing-245 >> "Host: 127.0.0.1:7058[\r][\n]"
DEBUG: org.apache.http.wire - http-outgoing-245 >> "Connection: Keep-Alive[\r][\n]"
DEBUG: org.apache.http.wire - http-outgoing-245 >> "User-Agent: Apache-HttpClient/4.5.2 (Java/1.7.0_79)[\r][\n]"
DEBUG: org.apache.http.wire - http-outgoing-245 >> "Accept-Encoding: gzip,deflate[\r][\n]"
DEBUG: org.apache.http.wire - http-outgoing-245 >> "[\r][\n]"
DEBUG: org.apache.http.wire - http-outgoing-245 << "HTTP/1.1 200 OK[\r][\n]"
DEBUG: org.apache.http.wire - http-outgoing-245 << "content-type: application/json; charset=UTF-8[\r][\n]"
DEBUG: org.apache.http.wire - http-outgoing-245 << "connection: close[\r][\n]"
DEBUG: org.apache.http.wire - http-outgoing-245 << "content-length: 140[\r][\n]"
DEBUG: org.apache.http.wire - http-outgoing-245 << "server: httpd.js[\r][\n]"
DEBUG: org.apache.http.wire - http-outgoing-245 << "date: Fri, 26 Aug 2016 09:43:04 GMT[\r][\n]"
DEBUG: org.apache.http.wire - http-outgoing-245 << "[\r][\n]"
DEBUG: org.apache.http.headers - http-outgoing-245 << HTTP/1.1 200 OK
DEBUG: org.apache.http.headers - http-outgoing-245 << content-type: application/json; charset=UTF-8
DEBUG: org.apache.http.headers - http-outgoing-245 << connection: close
DEBUG: org.apache.http.headers - http-outgoing-245 << content-length: 140
DEBUG: org.apache.http.headers - http-outgoing-245 << server: httpd.js
DEBUG: org.apache.http.headers - http-outgoing-245 << date: Fri, 26 Aug 2016 09:43:04 GMT
DEBUG: org.apache.http.wire - http-outgoing-245 << "{"name":"getWindowHandles","sessionId":"e37898b6-8e5c-334f-a9d7-5ee4f0651cdc","status":0,"value":["{eeb346a1-0c7d-104d-8d65-208509283ce6}"]}"
DEBUG: org.apache.http.impl.conn.DefaultManagedHttpClientConnection - http-outgoing-245: Close connection
DEBUG: org.apache.http.impl.execchain.MainClientExec - Connection discarded
DEBUG: org.apache.http.impl.conn.PoolingHttpClientConnectionManager - Connection released: [id: 245][route: {}->http://127.0.0.1:7058][total kept alive: 0; route allocated: 0 of 2000; total allocated: 0 of 2000]
DEBUG: org.apache.http.client.protocol.RequestAddCookies - CookieSpec selected: default
DEBUG: org.apache.http.client.protocol.RequestAuthCache - Auth cache not set in the context
DEBUG: org.apache.http.impl.conn.PoolingHttpClientConnectionManager - Connection request: [route: {}->http://127.0.0.1:7058][total kept alive: 0; route allocated: 0 of 2000; total allocated: 0 of 2000]
DEBUG: org.apache.http.impl.conn.PoolingHttpClientConnectionManager - Connection leased: [id: 246][route: {}->http://127.0.0.1:7058][total kept alive: 0; route allocated: 1 of 2000; total allocated: 1 of 2000]
DEBUG: org.apache.http.impl.execchain.MainClientExec - Opening connection {}->http://127.0.0.1:7058
DEBUG: org.apache.http.impl.conn.DefaultHttpClientConnectionOperator - Connecting to /127.0.0.1:7058
DEBUG: org.apache.http.impl.conn.DefaultHttpClientConnectionOperator - Connection established 127.0.0.1:61022<->127.0.0.1:7058
DEBUG: org.apache.http.impl.conn.DefaultManagedHttpClientConnection - http-outgoing-246: set socket timeout to 10800000
DEBUG: org.apache.http.impl.execchain.MainClientExec - Executing request GET /hub/session/e37898b6-8e5c-334f-a9d7-5ee4f0651cdc/window_handles HTTP/1.1
DEBUG: org.apache.http.impl.execchain.MainClientExec - Target auth state: UNCHALLENGED
DEBUG: org.apache.http.impl.execchain.MainClientExec - Proxy auth state: UNCHALLENGED
DEBUG: org.apache.http.headers - http-outgoing-246 >> GET /hub/session/e37898b6-8e5c-334f-a9d7-5ee4f0651cdc/window_handles HTTP/1.1
DEBUG: org.apache.http.headers - http-outgoing-246 >> Cache-Control: no-cache
DEBUG: org.apache.http.headers - http-outgoing-246 >> Host: 127.0.0.1:7058
DEBUG: org.apache.http.headers - http-outgoing-246 >> Connection: Keep-Alive
DEBUG: org.apache.http.headers - http-outgoing-246 >> User-Agent: Apache-HttpClient/4.5.2 (Java/1.7.0_79)
DEBUG: org.apache.http.headers - http-outgoing-246 >> Accept-Encoding: gzip,deflate
DEBUG: org.apache.http.wire - http-outgoing-246 >> "GET /hub/session/e37898b6-8e5c-334f-a9d7-5ee4f0651cdc/window_handles HTTP/1.1[\r][\n]"
DEBUG: org.apache.http.wire - http-outgoing-246 >> "Cache-Control: no-cache[\r][\n]"
DEBUG: org.apache.http.wire - http-outgoing-246 >> "Host: 127.0.0.1:7058[\r][\n]"
DEBUG: org.apache.http.wire - http-outgoing-246 >> "Connection: Keep-Alive[\r][\n]"
DEBUG: org.apache.http.wire - http-outgoing-246 >> "User-Agent: Apache-HttpClient/4.5.2 (Java/1.7.0_79)[\r][\n]"
DEBUG: org.apache.http.wire - http-outgoing-246 >> "Accept-Encoding: gzip,deflate[\r][\n]"
DEBUG: org.apache.http.wire - http-outgoing-246 >> "[\r][\n]"
DEBUG: org.apache.http.wire - http-outgoing-246 << "HTTP/1.1 200 OK[\r][\n]"
DEBUG: org.apache.http.wire - http-outgoing-246 << "content-type: application/json; charset=UTF-8[\r][\n]"
DEBUG: org.apache.http.wire - http-outgoing-246 << "connection: close[\r][\n]"
DEBUG: org.apache.http.wire - http-outgoing-246 << "content-length: 140[\r][\n]"
DEBUG: org.apache.http.wire - http-outgoing-246 << "server: httpd.js[\r][\n]"
DEBUG: org.apache.http.wire - http-outgoing-246 << "date: Fri, 26 Aug 2016 09:43:04 GMT[\r][\n]"
DEBUG: org.apache.http.wire - http-outgoing-246 << "[\r][\n]"
DEBUG: org.apache.http.headers - http-outgoing-246 << HTTP/1.1 200 OK
DEBUG: org.apache.http.headers - http-outgoing-246 << content-type: application/json; charset=UTF-8
DEBUG: org.apache.http.headers - http-outgoing-246 << connection: close
DEBUG: org.apache.http.headers - http-outgoing-246 << content-length: 140
DEBUG: org.apache.http.headers - http-outgoing-246 << server: httpd.js
DEBUG: org.apache.http.headers - http-outgoing-246 << date: Fri, 26 Aug 2016 09:43:04 GMT
DEBUG: org.apache.http.wire - http-outgoing-246 << "{"name":"getWindowHandles","sessionId":"e37898b6-8e5c-334f-a9d7-5ee4f0651cdc","status":0,"value":["{eeb346a1-0c7d-104d-8d65-208509283ce6}"]}"
DEBUG: org.apache.http.impl.conn.DefaultManagedHttpClientConnection - http-outgoing-246: Close connection
DEBUG: org.apache.http.impl.execchain.MainClientExec - Connection discarded
DEBUG: org.apache.http.impl.conn.PoolingHttpClientConnectionManager - Connection released: [id: 246][route: {}->http://127.0.0.1:7058][total kept alive: 0; route allocated: 0 of 2000; total allocated: 0 of 2000]
DEBUG: org.apache.http.client.protocol.RequestAddCookies - CookieSpec selected: default
DEBUG: org.apache.http.client.protocol.RequestAuthCache - Auth cache not set in the context
DEBUG: org.apache.http.impl.conn.PoolingHttpClientConnectionManager - Connection request: [route: {}->http://127.0.0.1:7058][total kept alive: 0; route allocated: 0 of 2000; total allocated: 0 of 2000]
DEBUG: org.apache.http.impl.conn.PoolingHttpClientConnectionManager - Connection leased: [id: 247][route: {}->http://127.0.0.1:7058][total kept alive: 0; route allocated: 1 of 2000; total allocated: 1 of 2000]
DEBUG: org.apache.http.impl.execchain.MainClientExec - Opening connection {}->http://127.0.0.1:7058
DEBUG: org.apache.http.impl.conn.DefaultHttpClientConnectionOperator - Connecting to /127.0.0.1:7058
DEBUG: org.apache.http.impl.conn.DefaultHttpClientConnectionOperator - Connection established 127.0.0.1:61023<->127.0.0.1:7058
DEBUG: org.apache.http.impl.conn.DefaultManagedHttpClientConnection - http-outgoing-247: set socket timeout to 10800000
DEBUG: org.apache.http.impl.execchain.MainClientExec - Executing request GET /hub/session/e37898b6-8e5c-334f-a9d7-5ee4f0651cdc/window_handles HTTP/1.1
DEBUG: org.apache.http.impl.execchain.MainClientExec - Target auth state: UNCHALLENGED
DEBUG: org.apache.http.impl.execchain.MainClientExec - Proxy auth state: UNCHALLENGED
DEBUG: org.apache.http.headers - http-outgoing-247 >> GET /hub/session/e37898b6-8e5c-334f-a9d7-5ee4f0651cdc/window_handles HTTP/1.1
DEBUG: org.apache.http.headers - http-outgoing-247 >> Cache-Control: no-cache
DEBUG: org.apache.http.headers - http-outgoing-247 >> Host: 127.0.0.1:7058
DEBUG: org.apache.http.headers - http-outgoing-247 >> Connection: Keep-Alive
DEBUG: org.apache.http.headers - http-outgoing-247 >> User-Agent: Apache-HttpClient/4.5.2 (Java/1.7.0_79)
DEBUG: org.apache.http.headers - http-outgoing-247 >> Accept-Encoding: gzip,deflate
DEBUG: org.apache.http.wire - http-outgoing-247 >> "GET /hub/session/e37898b6-8e5c-334f-a9d7-5ee4f0651cdc/window_handles HTTP/1.1[\r][\n]"
DEBUG: org.apache.http.wire - http-outgoing-247 >> "Cache-Control: no-cache[\r][\n]"
DEBUG: org.apache.http.wire - http-outgoing-247 >> "Host: 127.0.0.1:7058[\r][\n]"
DEBUG: org.apache.http.wire - http-outgoing-247 >> "Connection: Keep-Alive[\r][\n]"
DEBUG: org.apache.http.wire - http-outgoing-247 >> "User-Agent: Apache-HttpClient/4.5.2 (Java/1.7.0_79)[\r][\n]"
DEBUG: org.apache.http.wire - http-outgoing-247 >> "Accept-Encoding: gzip,deflate[\r][\n]"
DEBUG: org.apache.http.wire - http-outgoing-247 >> "[\r][\n]"
DEBUG: org.apache.http.wire - http-outgoing-247 << "HTTP/1.1 200 OK[\r][\n]"
DEBUG: org.apache.http.wire - http-outgoing-247 << "content-type: application/json; charset=UTF-8[\r][\n]"
DEBUG: org.apache.http.wire - http-outgoing-247 << "connection: close[\r][\n]"
DEBUG: org.apache.http.wire - http-outgoing-247 << "content-length: 140[\r][\n]"
DEBUG: org.apache.http.wire - http-outgoing-247 << "server: httpd.js[\r][\n]"
DEBUG: org.apache.http.wire - http-outgoing-247 << "date: Fri, 26 Aug 2016 09:43:04 GMT[\r][\n]"
DEBUG: org.apache.http.wire - http-outgoing-247 << "[\r][\n]"
DEBUG: org.apache.http.headers - http-outgoing-247 << HTTP/1.1 200 OK
DEBUG: org.apache.http.headers - http-outgoing-247 << content-type: application/json; charset=UTF-8
DEBUG: org.apache.http.headers - http-outgoing-247 << connection: close
DEBUG: org.apache.http.headers - http-outgoing-247 << content-length: 140
DEBUG: org.apache.http.headers - http-outgoing-247 << server: httpd.js
DEBUG: org.apache.http.headers - http-outgoing-247 << date: Fri, 26 Aug 2016 09:43:04 GMT
DEBUG: org.apache.http.wire - http-outgoing-247 << "{"name":"getWindowHandles","sessionId":"e37898b6-8e5c-334f-a9d7-5ee4f0651cdc","status":0,"value":["{eeb346a1-0c7d-104d-8d65-208509283ce6}"]}"
DEBUG: org.apache.http.impl.conn.DefaultManagedHttpClientConnection - http-outgoing-247: Close connection
DEBUG: org.apache.http.impl.execchain.MainClientExec - Connection discarded
DEBUG: org.apache.http.impl.conn.PoolingHttpClientConnectionManager - Connection released: [id: 247][route: {}->http://127.0.0.1:7058][total kept alive: 0; route allocated: 0 of 2000; total allocated: 0 of 2000]
DEBUG: org.apache.http.client.protocol.RequestAddCookies - CookieSpec selected: default
DEBUG: org.apache.http.client.protocol.RequestAuthCache - Auth cache not set in the context
DEBUG: org.apache.http.impl.conn.PoolingHttpClientConnectionManager - Connection request: [route: {}->http://127.0.0.1:7058][total kept alive: 0; route allocated: 0 of 2000; total allocated: 0 of 2000]
DEBUG: org.apache.http.impl.conn.PoolingHttpClientConnectionManager - Connection leased: [id: 248][route: {}->http://127.0.0.1:7058][total kept alive: 0; route allocated: 1 of 2000; total allocated: 1 of 2000]
DEBUG: org.apache.http.impl.execchain.MainClientExec - Opening connection {}->http://127.0.0.1:7058
DEBUG: org.apache.http.impl.conn.DefaultHttpClientConnectionOperator - Connecting to /127.0.0.1:7058
DEBUG: org.apache.http.impl.conn.DefaultHttpClientConnectionOperator - Connection established 127.0.0.1:61024<->127.0.0.1:7058
DEBUG: org.apache.http.impl.conn.DefaultManagedHttpClientConnection - http-outgoing-248: set socket timeout to 10800000
DEBUG: org.apache.http.impl.execchain.MainClientExec - Executing request GET /hub/session/e37898b6-8e5c-334f-a9d7-5ee4f0651cdc/window_handles HTTP/1.1
DEBUG: org.apache.http.impl.execchain.MainClientExec - Target auth state: UNCHALLENGED
DEBUG: org.apache.http.impl.execchain.MainClientExec - Proxy auth state: UNCHALLENGED
DEBUG: org.apache.http.headers - http-outgoing-248 >> GET /hub/session/e37898b6-8e5c-334f-a9d7-5ee4f0651cdc/window_handles HTTP/1.1
DEBUG: org.apache.http.headers - http-outgoing-248 >> Cache-Control: no-cache
DEBUG: org.apache.http.headers - http-outgoing-248 >> Host: 127.0.0.1:7058
DEBUG: org.apache.http.headers - http-outgoing-248 >> Connection: Keep-Alive
DEBUG: org.apache.http.headers - http-outgoing-248 >> User-Agent: Apache-HttpClient/4.5.2 (Java/1.7.0_79)
DEBUG: org.apache.http.headers - http-outgoing-248 >> Accept-Encoding: gzip,deflate
DEBUG: org.apache.http.wire - http-outgoing-248 >> "GET /hub/session/e37898b6-8e5c-334f-a9d7-5ee4f0651cdc/window_handles HTTP/1.1[\r][\n]"
DEBUG: org.apache.http.wire - http-outgoing-248 >> "Cache-Control: no-cache[\r][\n]"
DEBUG: org.apache.http.wire - http-outgoing-248 >> "Host: 127.0.0.1:7058[\r][\n]"
DEBUG: org.apache.http.wire - http-outgoing-248 >> "Connection: Keep-Alive[\r][\n]"
DEBUG: org.apache.http.wire - http-outgoing-248 >> "User-Agent: Apache-HttpClient/4.5.2 (Java/1.7.0_79)[\r][\n]"
DEBUG: org.apache.http.wire - http-outgoing-248 >> "Accept-Encoding: gzip,deflate[\r][\n]"
DEBUG: org.apache.http.wire - http-outgoing-248 >> "[\r][\n]"
DEBUG: org.apache.http.wire - http-outgoing-248 << "HTTP/1.1 200 OK[\r][\n]"
DEBUG: org.apache.http.wire - http-outgoing-248 << "content-type: application/json; charset=UTF-8[\r][\n]"
DEBUG: org.apache.http.wire - http-outgoing-248 << "connection: close[\r][\n]"
DEBUG: org.apache.http.wire - http-outgoing-248 << "content-length: 140[\r][\n]"
DEBUG: org.apache.http.wire - http-outgoing-248 << "server: httpd.js[\r][\n]"
DEBUG: org.apache.http.wire - http-outgoing-248 << "date: Fri, 26 Aug 2016 09:43:04 GMT[\r][\n]"
DEBUG: org.apache.http.wire - http-outgoing-248 << "[\r][\n]"
DEBUG: org.apache.http.headers - http-outgoing-248 << HTTP/1.1 200 OK
DEBUG: org.apache.http.headers - http-outgoing-248 << content-type: application/json; charset=UTF-8
DEBUG: org.apache.http.headers - http-outgoing-248 << connection: close
DEBUG: org.apache.http.headers - http-outgoing-248 << content-length: 140
DEBUG: org.apache.http.headers - http-outgoing-248 << server: httpd.js
DEBUG: org.apache.http.headers - http-outgoing-248 << date: Fri, 26 Aug 2016 09:43:04 GMT
DEBUG: org.apache.http.wire - http-outgoing-248 << "{"name":"getWindowHandles","sessionId":"e37898b6-8e5c-334f-a9d7-5ee4f0651cdc","status":0,"value":["{eeb346a1-0c7d-104d-8d65-208509283ce6}"]}"
DEBUG: org.apache.http.impl.conn.DefaultManagedHttpClientConnection - http-outgoing-248: Close connection
DEBUG: org.apache.http.impl.execchain.MainClientExec - Connection discarded
DEBUG: org.apache.http.impl.conn.PoolingHttpClientConnectionManager - Connection released: [id: 248][route: {}->http://127.0.0.1:7058][total kept alive: 0; route allocated: 0 of 2000; total allocated: 0 of 2000]
DEBUG: org.apache.http.client.protocol.RequestAddCookies - CookieSpec selected: default
DEBUG: org.apache.http.client.protocol.RequestAuthCache - Auth cache not set in the context
DEBUG: org.apache.http.impl.conn.PoolingHttpClientConnectionManager - Connection request: [route: {}->http://127.0.0.1:7058][total kept alive: 0; route allocated: 0 of 2000; total allocated: 0 of 2000]
DEBUG: org.apache.http.impl.conn.PoolingHttpClientConnectionManager - Connection leased: [id: 249][route: {}->http://127.0.0.1:7058][total kept alive: 0; route allocated: 1 of 2000; total allocated: 1 of 2000]
DEBUG: org.apache.http.impl.execchain.MainClientExec - Opening connection {}->http://127.0.0.1:7058
DEBUG: org.apache.http.impl.conn.DefaultHttpClientConnectionOperator - Connecting to /127.0.0.1:7058
DEBUG: org.apache.http.impl.conn.DefaultHttpClientConnectionOperator - Connection established 127.0.0.1:61025<->127.0.0.1:7058
DEBUG: org.apache.http.impl.conn.DefaultManagedHttpClientConnection - http-outgoing-249: set socket timeout to 10800000
DEBUG: org.apache.http.impl.execchain.MainClientExec - Executing request GET /hub/session/e37898b6-8e5c-334f-a9d7-5ee4f0651cdc/window_handles HTTP/1.1
DEBUG: org.apache.http.impl.execchain.MainClientExec - Target auth state: UNCHALLENGED
DEBUG: org.apache.http.impl.execchain.MainClientExec - Proxy auth state: UNCHALLENGED
DEBUG: org.apache.http.headers - http-outgoing-249 >> GET /hub/session/e37898b6-8e5c-334f-a9d7-5ee4f0651cdc/window_handles HTTP/1.1
DEBUG: org.apache.http.headers - http-outgoing-249 >> Cache-Control: no-cache
DEBUG: org.apache.http.headers - http-outgoing-249 >> Host: 127.0.0.1:7058
DEBUG: org.apache.http.headers - http-outgoing-249 >> Connection: Keep-Alive
DEBUG: org.apache.http.headers - http-outgoing-249 >> User-Agent: Apache-HttpClient/4.5.2 (Java/1.7.0_79)
DEBUG: org.apache.http.headers - http-outgoing-249 >> Accept-Encoding: gzip,deflate
DEBUG: org.apache.http.wire - http-outgoing-249 >> "GET /hub/session/e37898b6-8e5c-334f-a9d7-5ee4f0651cdc/window_handles HTTP/1.1[\r][\n]"
DEBUG: org.apache.http.wire - http-outgoing-249 >> "Cache-Control: no-cache[\r][\n]"
DEBUG: org.apache.http.wire - http-outgoing-249 >> "Host: 127.0.0.1:7058[\r][\n]"
DEBUG: org.apache.http.wire - http-outgoing-249 >> "Connection: Keep-Alive[\r][\n]"
DEBUG: org.apache.http.wire - http-outgoing-249 >> "User-Agent: Apache-HttpClient/4.5.2 (Java/1.7.0_79)[\r][\n]"
DEBUG: org.apache.http.wire - http-outgoing-249 >> "Accept-Encoding: gzip,deflate[\r][\n]"
DEBUG: org.apache.http.wire - http-outgoing-249 >> "[\r][\n]"
DEBUG: org.apache.http.wire - http-outgoing-249 << "HTTP/1.1 200 OK[\r][\n]"
DEBUG: org.apache.http.wire - http-outgoing-249 << "content-type: application/json; charset=UTF-8[\r][\n]"
DEBUG: org.apache.http.wire - http-outgoing-249 << "connection: close[\r][\n]"
DEBUG: org.apache.http.wire - http-outgoing-249 << "content-length: 140[\r][\n]"
DEBUG: org.apache.http.wire - http-outgoing-249 << "server: httpd.js[\r][\n]"
DEBUG: org.apache.http.wire - http-outgoing-249 << "date: Fri, 26 Aug 2016 09:43:04 GMT[\r][\n]"
DEBUG: org.apache.http.wire - http-outgoing-249 << "[\r][\n]"
DEBUG: org.apache.http.headers - http-outgoing-249 << HTTP/1.1 200 OK
DEBUG: org.apache.http.headers - http-outgoing-249 << content-type: application/json; charset=UTF-8
DEBUG: org.apache.http.headers - http-outgoing-249 << connection: close
DEBUG: org.apache.http.headers - http-outgoing-249 << content-length: 140
DEBUG: org.apache.http.headers - http-outgoing-249 << server: httpd.js
DEBUG: org.apache.http.headers - http-outgoing-249 << date: Fri, 26 Aug 2016 09:43:04 GMT
DEBUG: org.apache.http.wire - http-outgoing-249 << "{"name":"getWindowHandles","sessionId":"e37898b6-8e5c-334f-a9d7-5ee4f0651cdc","status":0,"value":["{eeb346a1-0c7d-104d-8d65-208509283ce6}"]}"
DEBUG: org.apache.http.impl.conn.DefaultManagedHttpClientConnection - http-outgoing-249: Close connection
DEBUG: org.apache.http.impl.execchain.MainClientExec - Connection discarded
DEBUG: org.apache.http.impl.conn.PoolingHttpClientConnectionManager - Connection released: [id: 249][route: {}->http://127.0.0.1:7058][total kept alive: 0; route allocated: 0 of 2000; total allocated: 0 of 2000]
DEBUG: org.apache.http.client.protocol.RequestAddCookies - CookieSpec selected: default
DEBUG: org.apache.http.client.protocol.RequestAuthCache - Auth cache not set in the context
DEBUG: org.apache.http.impl.conn.PoolingHttpClientConnectionManager - Connection request: [route: {}->http://127.0.0.1:7058][total kept alive: 0; route allocated: 0 of 2000; total allocated: 0 of 2000]
DEBUG: org.apache.http.impl.conn.PoolingHttpClientConnectionManager - Connection leased: [id: 250][route: {}->http://127.0.0.1:7058][total kept alive: 0; route allocated: 1 of 2000; total allocated: 1 of 2000]
DEBUG: org.apache.http.impl.execchain.MainClientExec - Opening connection {}->http://127.0.0.1:7058
DEBUG: org.apache.http.impl.conn.DefaultHttpClientConnectionOperator - Connecting to /127.0.0.1:7058
DEBUG: org.apache.http.impl.conn.DefaultHttpClientConnectionOperator - Connection established 127.0.0.1:61026<->127.0.0.1:7058
DEBUG: org.apache.http.impl.conn.DefaultManagedHttpClientConnection - http-outgoing-250: set socket timeout to 10800000
DEBUG: org.apache.http.impl.execchain.MainClientExec - Executing request GET /hub/session/e37898b6-8e5c-334f-a9d7-5ee4f0651cdc/window_handles HTTP/1.1
DEBUG: org.apache.http.impl.execchain.MainClientExec - Target auth state: UNCHALLENGED
DEBUG: org.apache.http.impl.execchain.MainClientExec - Proxy auth state: UNCHALLENGED
DEBUG: org.apache.http.headers - http-outgoing-250 >> GET /hub/session/e37898b6-8e5c-334f-a9d7-5ee4f0651cdc/window_handles HTTP/1.1
DEBUG: org.apache.http.headers - http-outgoing-250 >> Cache-Control: no-cache
DEBUG: org.apache.http.headers - http-outgoing-250 >> Host: 127.0.0.1:7058
DEBUG: org.apache.http.headers - http-outgoing-250 >> Connection: Keep-Alive
DEBUG: org.apache.http.headers - http-outgoing-250 >> User-Agent: Apache-HttpClient/4.5.2 (Java/1.7.0_79)
DEBUG: org.apache.http.headers - http-outgoing-250 >> Accept-Encoding: gzip,deflate
DEBUG: org.apache.http.wire - http-outgoing-250 >> "GET /hub/session/e37898b6-8e5c-334f-a9d7-5ee4f0651cdc/window_handles HTTP/1.1[\r][\n]"
DEBUG: org.apache.http.wire - http-outgoing-250 >> "Cache-Control: no-cache[\r][\n]"
DEBUG: org.apache.http.wire - http-outgoing-250 >> "Host: 127.0.0.1:7058[\r][\n]"
DEBUG: org.apache.http.wire - http-outgoing-250 >> "Connection: Keep-Alive[\r][\n]"
DEBUG: org.apache.http.wire - http-outgoing-250 >> "User-Agent: Apache-HttpClient/4.5.2 (Java/1.7.0_79)[\r][\n]"
DEBUG: org.apache.http.wire - http-outgoing-250 >> "Accept-Encoding: gzip,deflate[\r][\n]"
DEBUG: org.apache.http.wire - http-outgoing-250 >> "[\r][\n]"
DEBUG: org.apache.http.wire - http-outgoing-250 << "HTTP/1.1 200 OK[\r][\n]"
DEBUG: org.apache.http.wire - http-outgoing-250 << "content-type: application/json; charset=UTF-8[\r][\n]"
DEBUG: org.apache.http.wire - http-outgoing-250 << "connection: close[\r][\n]"
DEBUG: org.apache.http.wire - http-outgoing-250 << "content-length: 140[\r][\n]"
DEBUG: org.apache.http.wire - http-outgoing-250 << "server: httpd.js[\r][\n]"
DEBUG: org.apache.http.wire - http-outgoing-250 << "date: Fri, 26 Aug 2016 09:43:04 GMT[\r][\n]"
DEBUG: org.apache.http.wire - http-outgoing-250 << "[\r][\n]"
DEBUG: org.apache.http.headers - http-outgoing-250 << HTTP/1.1 200 OK
DEBUG: org.apache.http.headers - http-outgoing-250 << content-type: application/json; charset=UTF-8
DEBUG: org.apache.http.headers - http-outgoing-250 << connection: close
DEBUG: org.apache.http.headers - http-outgoing-250 << content-length: 140
DEBUG: org.apache.http.headers - http-outgoing-250 << server: httpd.js
DEBUG: org.apache.http.headers - http-outgoing-250 << date: Fri, 26 Aug 2016 09:43:04 GMT
DEBUG: org.apache.http.wire - http-outgoing-250 << "{"name":"getWindowHandles","sessionId":"e37898b6-8e5c-334f-a9d7-5ee4f0651cdc","status":0,"value":["{eeb346a1-0c7d-104d-8d65-208509283ce6}"]}"
DEBUG: org.apache.http.impl.conn.DefaultManagedHttpClientConnection - http-outgoing-250: Close connection
DEBUG: org.apache.http.impl.execchain.MainClientExec - Connection discarded
DEBUG: org.apache.http.impl.conn.PoolingHttpClientConnectionManager - Connection released: [id: 250][route: {}->http://127.0.0.1:7058][total kept alive: 0; route allocated: 0 of 2000; total allocated: 0 of 2000]
DEBUG: org.apache.http.client.protocol.RequestAddCookies - CookieSpec selected: default
DEBUG: org.apache.http.client.protocol.RequestAuthCache - Auth cache not set in the context
DEBUG: org.apache.http.impl.conn.PoolingHttpClientConnectionManager - Connection request: [route: {}->http://127.0.0.1:7058][total kept alive: 0; route allocated: 0 of 2000; total allocated: 0 of 2000]
DEBUG: org.apache.http.impl.conn.PoolingHttpClientConnectionManager - Connection leased: [id: 251][route: {}->http://127.0.0.1:7058][total kept alive: 0; route allocated: 1 of 2000; total allocated: 1 of 2000]
DEBUG: org.apache.http.impl.execchain.MainClientExec - Opening connection {}->http://127.0.0.1:7058
DEBUG: org.apache.http.impl.conn.DefaultHttpClientConnectionOperator - Connecting to /127.0.0.1:7058
DEBUG: org.apache.http.impl.conn.DefaultHttpClientConnectionOperator - Connection established 127.0.0.1:61027<->127.0.0.1:7058
DEBUG: org.apache.http.impl.conn.DefaultManagedHttpClientConnection - http-outgoing-251: set socket timeout to 10800000
DEBUG: org.apache.http.impl.execchain.MainClientExec - Executing request GET /hub/session/e37898b6-8e5c-334f-a9d7-5ee4f0651cdc/window_handles HTTP/1.1
DEBUG: org.apache.http.impl.execchain.MainClientExec - Target auth state: UNCHALLENGED
DEBUG: org.apache.http.impl.execchain.MainClientExec - Proxy auth state: UNCHALLENGED
DEBUG: org.apache.http.headers - http-outgoing-251 >> GET /hub/session/e37898b6-8e5c-334f-a9d7-5ee4f0651cdc/window_handles HTTP/1.1
DEBUG: org.apache.http.headers - http-outgoing-251 >> Cache-Control: no-cache
DEBUG: org.apache.http.headers - http-outgoing-251 >> Host: 127.0.0.1:7058
DEBUG: org.apache.http.headers - http-outgoing-251 >> Connection: Keep-Alive
DEBUG: org.apache.http.headers - http-outgoing-251 >> User-Agent: Apache-HttpClient/4.5.2 (Java/1.7.0_79)
DEBUG: org.apache.http.headers - http-outgoing-251 >> Accept-Encoding: gzip,deflate
DEBUG: org.apache.http.wire - http-outgoing-251 >> "GET /hub/session/e37898b6-8e5c-334f-a9d7-5ee4f0651cdc/window_handles HTTP/1.1[\r][\n]"
DEBUG: org.apache.http.wire - http-outgoing-251 >> "Cache-Control: no-cache[\r][\n]"
DEBUG: org.apache.http.wire - http-outgoing-251 >> "Host: 127.0.0.1:7058[\r][\n]"
DEBUG: org.apache.http.wire - http-outgoing-251 >> "Connection: Keep-Alive[\r][\n]"
DEBUG: org.apache.http.wire - http-outgoing-251 >> "User-Agent: Apache-HttpClient/4.5.2 (Java/1.7.0_79)[\r][\n]"
DEBUG: org.apache.http.wire - http-outgoing-251 >> "Accept-Encoding: gzip,deflate[\r][\n]"
DEBUG: org.apache.http.wire - http-outgoing-251 >> "[\r][\n]"
DEBUG: org.apache.http.wire - http-outgoing-251 << "HTTP/1.1 200 OK[\r][\n]"
DEBUG: org.apache.http.wire - http-outgoing-251 << "content-type: application/json; charset=UTF-8[\r][\n]"
DEBUG: org.apache.http.wire - http-outgoing-251 << "connection: close[\r][\n]"
DEBUG: org.apache.http.wire - http-outgoing-251 << "content-length: 140[\r][\n]"
DEBUG: org.apache.http.wire - http-outgoing-251 << "server: httpd.js[\r][\n]"
DEBUG: org.apache.http.wire - http-outgoing-251 << "date: Fri, 26 Aug 2016 09:43:04 GMT[\r][\n]"
DEBUG: org.apache.http.wire - http-outgoing-251 << "[\r][\n]"
DEBUG: org.apache.http.headers - http-outgoing-251 << HTTP/1.1 200 OK
DEBUG: org.apache.http.headers - http-outgoing-251 << content-type: application/json; charset=UTF-8
DEBUG: org.apache.http.headers - http-outgoing-251 << connection: close
DEBUG: org.apache.http.headers - http-outgoing-251 << content-length: 140
DEBUG: org.apache.http.headers - http-outgoing-251 << server: httpd.js
DEBUG: org.apache.http.headers - http-outgoing-251 << date: Fri, 26 Aug 2016 09:43:04 GMT
DEBUG: org.apache.http.wire - http-outgoing-251 << "{"name":"getWindowHandles","sessionId":"e37898b6-8e5c-334f-a9d7-5ee4f0651cdc","status":0,"value":["{eeb346a1-0c7d-104d-8d65-208509283ce6}"]}"
DEBUG: org.apache.http.impl.conn.DefaultManagedHttpClientConnection - http-outgoing-251: Close connection
DEBUG: org.apache.http.impl.execchain.MainClientExec - Connection discarded
DEBUG: org.apache.http.impl.conn.PoolingHttpClientConnectionManager - Connection released: [id: 251][route: {}->http://127.0.0.1:7058][total kept alive: 0; route allocated: 0 of 2000; total allocated: 0 of 2000]
DEBUG: org.apache.http.client.protocol.RequestAddCookies - CookieSpec selected: default
DEBUG: org.apache.http.client.protocol.RequestAuthCache - Auth cache not set in the context
DEBUG: org.apache.http.impl.conn.PoolingHttpClientConnectionManager - Connection request: [route: {}->http://127.0.0.1:7058][total kept alive: 0; route allocated: 0 of 2000; total allocated: 0 of 2000]
DEBUG: org.apache.http.impl.conn.PoolingHttpClientConnectionManager - Connection leased: [id: 252][route: {}->http://127.0.0.1:7058][total kept alive: 0; route allocated: 1 of 2000; total allocated: 1 of 2000]
DEBUG: org.apache.http.impl.execchain.MainClientExec - Opening connection {}->http://127.0.0.1:7058
DEBUG: org.apache.http.impl.conn.DefaultHttpClientConnectionOperator - Connecting to /127.0.0.1:7058
DEBUG: org.apache.http.impl.conn.DefaultHttpClientConnectionOperator - Connection established 127.0.0.1:61029<->127.0.0.1:7058
DEBUG: org.apache.http.impl.conn.DefaultManagedHttpClientConnection - http-outgoing-252: set socket timeout to 10800000
DEBUG: org.apache.http.impl.execchain.MainClientExec - Executing request GET /hub/session/e37898b6-8e5c-334f-a9d7-5ee4f0651cdc/window_handles HTTP/1.1
DEBUG: org.apache.http.impl.execchain.MainClientExec - Target auth state: UNCHALLENGED
DEBUG: org.apache.http.impl.execchain.MainClientExec - Proxy auth state: UNCHALLENGED
DEBUG: org.apache.http.headers - http-outgoing-252 >> GET /hub/session/e37898b6-8e5c-334f-a9d7-5ee4f0651cdc/window_handles HTTP/1.1
DEBUG: org.apache.http.headers - http-outgoing-252 >> Cache-Control: no-cache
DEBUG: org.apache.http.headers - http-outgoing-252 >> Host: 127.0.0.1:7058
DEBUG: org.apache.http.headers - http-outgoing-252 >> Connection: Keep-Alive
DEBUG: org.apache.http.headers - http-outgoing-252 >> User-Agent: Apache-HttpClient/4.5.2 (Java/1.7.0_79)
DEBUG: org.apache.http.headers - http-outgoing-252 >> Accept-Encoding: gzip,deflate
DEBUG: org.apache.http.wire - http-outgoing-252 >> "GET /hub/session/e37898b6-8e5c-334f-a9d7-5ee4f0651cdc/window_handles HTTP/1.1[\r][\n]"
DEBUG: org.apache.http.wire - http-outgoing-252 >> "Cache-Control: no-cache[\r][\n]"
DEBUG: org.apache.http.wire - http-outgoing-252 >> "Host: 127.0.0.1:7058[\r][\n]"
DEBUG: org.apache.http.wire - http-outgoing-252 >> "Connection: Keep-Alive[\r][\n]"
DEBUG: org.apache.http.wire - http-outgoing-252 >> "User-Agent: Apache-HttpClient/4.5.2 (Java/1.7.0_79)[\r][\n]"
DEBUG: org.apache.http.wire - http-outgoing-252 >> "Accept-Encoding: gzip,deflate[\r][\n]"
DEBUG: org.apache.http.wire - http-outgoing-252 >> "[\r][\n]"
DEBUG: org.apache.http.wire - http-outgoing-252 << "HTTP/1.1 200 OK[\r][\n]"
DEBUG: org.apache.http.wire - http-outgoing-252 << "content-type: application/json; charset=UTF-8[\r][\n]"
DEBUG: org.apache.http.wire - http-outgoing-252 << "connection: close[\r][\n]"
DEBUG: org.apache.http.wire - http-outgoing-252 << "content-length: 140[\r][\n]"
DEBUG: org.apache.http.wire - http-outgoing-252 << "server: httpd.js[\r][\n]"
DEBUG: org.apache.http.wire - http-outgoing-252 << "date: Fri, 26 Aug 2016 09:43:04 GMT[\r][\n]"
DEBUG: org.apache.http.wire - http-outgoing-252 << "[\r][\n]"
DEBUG: org.apache.http.headers - http-outgoing-252 << HTTP/1.1 200 OK
DEBUG: org.apache.http.headers - http-outgoing-252 << content-type: application/json; charset=UTF-8
DEBUG: org.apache.http.headers - http-outgoing-252 << connection: close
DEBUG: org.apache.http.headers - http-outgoing-252 << content-length: 140
DEBUG: org.apache.http.headers - http-outgoing-252 << server: httpd.js
DEBUG: org.apache.http.headers - http-outgoing-252 << date: Fri, 26 Aug 2016 09:43:04 GMT
DEBUG: org.apache.http.wire - http-outgoing-252 << "{"name":"getWindowHandles","sessionId":"e37898b6-8e5c-334f-a9d7-5ee4f0651cdc","status":0,"value":["{eeb346a1-0c7d-104d-8d65-208509283ce6}"]}"
DEBUG: org.apache.http.impl.conn.DefaultManagedHttpClientConnection - http-outgoing-252: Close connection
DEBUG: org.apache.http.impl.execchain.MainClientExec - Connection discarded
DEBUG: org.apache.http.impl.conn.PoolingHttpClientConnectionManager - Connection released: [id: 252][route: {}->http://127.0.0.1:7058][total kept alive: 0; route allocated: 0 of 2000; total allocated: 0 of 2000]
DEBUG: org.apache.http.client.protocol.RequestAddCookies - CookieSpec selected: default
DEBUG: org.apache.http.client.protocol.RequestAuthCache - Auth cache not set in the context
DEBUG: org.apache.http.impl.conn.PoolingHttpClientConnectionManager - Connection request: [route: {}->http://127.0.0.1:7058][total kept alive: 0; route allocated: 0 of 2000; total allocated: 0 of 2000]
DEBUG: org.apache.http.impl.conn.PoolingHttpClientConnectionManager - Connection leased: [id: 253][route: {}->http://127.0.0.1:7058][total kept alive: 0; route allocated: 1 of 2000; total allocated: 1 of 2000]
DEBUG: org.apache.http.impl.execchain.MainClientExec - Opening connection {}->http://127.0.0.1:7058
DEBUG: org.apache.http.impl.conn.DefaultHttpClientConnectionOperator - Connecting to /127.0.0.1:7058
DEBUG: org.apache.http.impl.conn.DefaultHttpClientConnectionOperator - Connection established 127.0.0.1:61030<->127.0.0.1:7058
DEBUG: org.apache.http.impl.conn.DefaultManagedHttpClientConnection - http-outgoing-253: set socket timeout to 10800000
DEBUG: org.apache.http.impl.execchain.MainClientExec - Executing request GET /hub/session/e37898b6-8e5c-334f-a9d7-5ee4f0651cdc/window_handles HTTP/1.1
DEBUG: org.apache.http.impl.execchain.MainClientExec - Target auth state: UNCHALLENGED
DEBUG: org.apache.http.impl.execchain.MainClientExec - Proxy auth state: UNCHALLENGED
DEBUG: org.apache.http.headers - http-outgoing-253 >> GET /hub/session/e37898b6-8e5c-334f-a9d7-5ee4f0651cdc/window_handles HTTP/1.1
DEBUG: org.apache.http.headers - http-outgoing-253 >> Cache-Control: no-cache
DEBUG: org.apache.http.headers - http-outgoing-253 >> Host: 127.0.0.1:7058
DEBUG: org.apache.http.headers - http-outgoing-253 >> Connection: Keep-Alive
DEBUG: org.apache.http.headers - http-outgoing-253 >> User-Agent: Apache-HttpClient/4.5.2 (Java/1.7.0_79)
DEBUG: org.apache.http.headers - http-outgoing-253 >> Accept-Encoding: gzip,deflate
DEBUG: org.apache.http.wire - http-outgoing-253 >> "GET /hub/session/e37898b6-8e5c-334f-a9d7-5ee4f0651cdc/window_handles HTTP/1.1[\r][\n]"
DEBUG: org.apache.http.wire - http-outgoing-253 >> "Cache-Control: no-cache[\r][\n]"
DEBUG: org.apache.http.wire - http-outgoing-253 >> "Host: 127.0.0.1:7058[\r][\n]"
DEBUG: org.apache.http.wire - http-outgoing-253 >> "Connection: Keep-Alive[\r][\n]"
DEBUG: org.apache.http.wire - http-outgoing-253 >> "User-Agent: Apache-HttpClient/4.5.2 (Java/1.7.0_79)[\r][\n]"
DEBUG: org.apache.http.wire - http-outgoing-253 >> "Accept-Encoding: gzip,deflate[\r][\n]"
DEBUG: org.apache.http.wire - http-outgoing-253 >> "[\r][\n]"
DEBUG: org.apache.http.wire - http-outgoing-253 << "HTTP/1.1 200 OK[\r][\n]"
DEBUG: org.apache.http.wire - http-outgoing-253 << "content-type: application/json; charset=UTF-8[\r][\n]"
DEBUG: org.apache.http.wire - http-outgoing-253 << "connection: close[\r][\n]"
DEBUG: org.apache.http.wire - http-outgoing-253 << "content-length: 140[\r][\n]"
DEBUG: org.apache.http.wire - http-outgoing-253 << "server: httpd.js[\r][\n]"
DEBUG: org.apache.http.wire - http-outgoing-253 << "date: Fri, 26 Aug 2016 09:43:04 GMT[\r][\n]"
DEBUG: org.apache.http.wire - http-outgoing-253 << "[\r][\n]"
DEBUG: org.apache.http.headers - http-outgoing-253 << HTTP/1.1 200 OK
DEBUG: org.apache.http.headers - http-outgoing-253 << content-type: application/json; charset=UTF-8
DEBUG: org.apache.http.headers - http-outgoing-253 << connection: close
DEBUG: org.apache.http.headers - http-outgoing-253 << content-length: 140
DEBUG: org.apache.http.headers - http-outgoing-253 << server: httpd.js
DEBUG: org.apache.http.headers - http-outgoing-253 << date: Fri, 26 Aug 2016 09:43:04 GMT
DEBUG: org.apache.http.wire - http-outgoing-253 << "{"name":"getWindowHandles","sessionId":"e37898b6-8e5c-334f-a9d7-5ee4f0651cdc","status":0,"value":["{eeb346a1-0c7d-104d-8d65-208509283ce6}"]}"
DEBUG: org.apache.http.impl.conn.DefaultManagedHttpClientConnection - http-outgoing-253: Close connection
DEBUG: org.apache.http.impl.execchain.MainClientExec - Connection discarded
DEBUG: org.apache.http.impl.conn.PoolingHttpClientConnectionManager - Connection released: [id: 253][route: {}->http://127.0.0.1:7058][total kept alive: 0; route allocated: 0 of 2000; total allocated: 0 of 2000]
DEBUG: org.apache.http.client.protocol.RequestAddCookies - CookieSpec selected: default
DEBUG: org.apache.http.client.protocol.RequestAuthCache - Auth cache not set in the context
DEBUG: org.apache.http.impl.conn.PoolingHttpClientConnectionManager - Connection request: [route: {}->http://127.0.0.1:7058][total kept alive: 0; route allocated: 0 of 2000; total allocated: 0 of 2000]
DEBUG: org.apache.http.impl.conn.PoolingHttpClientConnectionManager - Connection leased: [id: 254][route: {}->http://127.0.0.1:7058][total kept alive: 0; route allocated: 1 of 2000; total allocated: 1 of 2000]
DEBUG: org.apache.http.impl.execchain.MainClientExec - Opening connection {}->http://127.0.0.1:7058
DEBUG: org.apache.http.impl.conn.DefaultHttpClientConnectionOperator - Connecting to /127.0.0.1:7058
DEBUG: org.apache.http.impl.conn.DefaultHttpClientConnectionOperator - Connection established 127.0.0.1:61032<->127.0.0.1:7058
DEBUG: org.apache.http.impl.conn.DefaultManagedHttpClientConnection - http-outgoing-254: set socket timeout to 10800000
DEBUG: org.apache.http.impl.execchain.MainClientExec - Executing request GET /hub/session/e37898b6-8e5c-334f-a9d7-5ee4f0651cdc/window_handles HTTP/1.1
DEBUG: org.apache.http.impl.execchain.MainClientExec - Target auth state: UNCHALLENGED
DEBUG: org.apache.http.impl.execchain.MainClientExec - Proxy auth state: UNCHALLENGED
DEBUG: org.apache.http.headers - http-outgoing-254 >> GET /hub/session/e37898b6-8e5c-334f-a9d7-5ee4f0651cdc/window_handles HTTP/1.1
DEBUG: org.apache.http.headers - http-outgoing-254 >> Cache-Control: no-cache
DEBUG: org.apache.http.headers - http-outgoing-254 >> Host: 127.0.0.1:7058
DEBUG: org.apache.http.headers - http-outgoing-254 >> Connection: Keep-Alive
DEBUG: org.apache.http.headers - http-outgoing-254 >> User-Agent: Apache-HttpClient/4.5.2 (Java/1.7.0_79)
DEBUG: org.apache.http.headers - http-outgoing-254 >> Accept-Encoding: gzip,deflate
DEBUG: org.apache.http.wire - http-outgoing-254 >> "GET /hub/session/e37898b6-8e5c-334f-a9d7-5ee4f0651cdc/window_handles HTTP/1.1[\r][\n]"
DEBUG: org.apache.http.wire - http-outgoing-254 >> "Cache-Control: no-cache[\r][\n]"
DEBUG: org.apache.http.wire - http-outgoing-254 >> "Host: 127.0.0.1:7058[\r][\n]"
DEBUG: org.apache.http.wire - http-outgoing-254 >> "Connection: Keep-Alive[\r][\n]"
DEBUG: org.apache.http.wire - http-outgoing-254 >> "User-Agent: Apache-HttpClient/4.5.2 (Java/1.7.0_79)[\r][\n]"
DEBUG: org.apache.http.wire - http-outgoing-254 >> "Accept-Encoding: gzip,deflate[\r][\n]"
DEBUG: org.apache.http.wire - http-outgoing-254 >> "[\r][\n]"
DEBUG: org.apache.http.wire - http-outgoing-254 << "HTTP/1.1 200 OK[\r][\n]"
DEBUG: org.apache.http.wire - http-outgoing-254 << "content-type: application/json; charset=UTF-8[\r][\n]"
DEBUG: org.apache.http.wire - http-outgoing-254 << "connection: close[\r][\n]"
DEBUG: org.apache.http.wire - http-outgoing-254 << "content-length: 140[\r][\n]"
DEBUG: org.apache.http.wire - http-outgoing-254 << "server: httpd.js[\r][\n]"
DEBUG: org.apache.http.wire - http-outgoing-254 << "date: Fri, 26 Aug 2016 09:43:05 GMT[\r][\n]"
DEBUG: org.apache.http.wire - http-outgoing-254 << "[\r][\n]"
DEBUG: org.apache.http.headers - http-outgoing-254 << HTTP/1.1 200 OK
DEBUG: org.apache.http.headers - http-outgoing-254 << content-type: application/json; charset=UTF-8
DEBUG: org.apache.http.headers - http-outgoing-254 << connection: close
DEBUG: org.apache.http.headers - http-outgoing-254 << content-length: 140
DEBUG: org.apache.http.headers - http-outgoing-254 << server: httpd.js
DEBUG: org.apache.http.headers - http-outgoing-254 << date: Fri, 26 Aug 2016 09:43:05 GMT
DEBUG: org.apache.http.wire - http-outgoing-254 << "{"name":"getWindowHandles","sessionId":"e37898b6-8e5c-334f-a9d7-5ee4f0651cdc","status":0,"value":["{eeb346a1-0c7d-104d-8d65-208509283ce6}"]}"
DEBUG: org.apache.http.impl.conn.DefaultManagedHttpClientConnection - http-outgoing-254: Close connection
DEBUG: org.apache.http.impl.execchain.MainClientExec - Connection discarded
DEBUG: org.apache.http.impl.conn.PoolingHttpClientConnectionManager - Connection released: [id: 254][route: {}->http://127.0.0.1:7058][total kept alive: 0; route allocated: 0 of 2000; total allocated: 0 of 2000]
DEBUG: org.apache.http.client.protocol.RequestAddCookies - CookieSpec selected: default
DEBUG: org.apache.http.client.protocol.RequestAuthCache - Auth cache not set in the context
DEBUG: org.apache.http.impl.conn.PoolingHttpClientConnectionManager - Connection request: [route: {}->http://127.0.0.1:7058][total kept alive: 0; route allocated: 0 of 2000; total allocated: 0 of 2000]
DEBUG: org.apache.http.impl.conn.PoolingHttpClientConnectionManager - Connection leased: [id: 255][route: {}->http://127.0.0.1:7058][total kept alive: 0; route allocated: 1 of 2000; total allocated: 1 of 2000]
DEBUG: org.apache.http.impl.execchain.MainClientExec - Opening connection {}->http://127.0.0.1:7058
DEBUG: org.apache.http.impl.conn.DefaultHttpClientConnectionOperator - Connecting to /127.0.0.1:7058
DEBUG: org.apache.http.impl.conn.DefaultHttpClientConnectionOperator - Connection established 127.0.0.1:61033<->127.0.0.1:7058
DEBUG: org.apache.http.impl.conn.DefaultManagedHttpClientConnection - http-outgoing-255: set socket timeout to 10800000
DEBUG: org.apache.http.impl.execchain.MainClientExec - Executing request GET /hub/session/e37898b6-8e5c-334f-a9d7-5ee4f0651cdc/window_handles HTTP/1.1
DEBUG: org.apache.http.impl.execchain.MainClientExec - Target auth state: UNCHALLENGED
DEBUG: org.apache.http.impl.execchain.MainClientExec - Proxy auth state: UNCHALLENGED
DEBUG: org.apache.http.headers - http-outgoing-255 >> GET /hub/session/e37898b6-8e5c-334f-a9d7-5ee4f0651cdc/window_handles HTTP/1.1
DEBUG: org.apache.http.headers - http-outgoing-255 >> Cache-Control: no-cache
DEBUG: org.apache.http.headers - http-outgoing-255 >> Host: 127.0.0.1:7058
DEBUG: org.apache.http.headers - http-outgoing-255 >> Connection: Keep-Alive
DEBUG: org.apache.http.headers - http-outgoing-255 >> User-Agent: Apache-HttpClient/4.5.2 (Java/1.7.0_79)
DEBUG: org.apache.http.headers - http-outgoing-255 >> Accept-Encoding: gzip,deflate
DEBUG: org.apache.http.wire - http-outgoing-255 >> "GET /hub/session/e37898b6-8e5c-334f-a9d7-5ee4f0651cdc/window_handles HTTP/1.1[\r][\n]"
DEBUG: org.apache.http.wire - http-outgoing-255 >> "Cache-Control: no-cache[\r][\n]"
DEBUG: org.apache.http.wire - http-outgoing-255 >> "Host: 127.0.0.1:7058[\r][\n]"
DEBUG: org.apache.http.wire - http-outgoing-255 >> "Connection: Keep-Alive[\r][\n]"
DEBUG: org.apache.http.wire - http-outgoing-255 >> "User-Agent: Apache-HttpClient/4.5.2 (Java/1.7.0_79)[\r][\n]"
DEBUG: org.apache.http.wire - http-outgoing-255 >> "Accept-Encoding: gzip,deflate[\r][\n]"
DEBUG: org.apache.http.wire - http-outgoing-255 >> "[\r][\n]"
DEBUG: org.apache.http.wire - http-outgoing-255 << "HTTP/1.1 200 OK[\r][\n]"
DEBUG: org.apache.http.wire - http-outgoing-255 << "content-type: application/json; charset=UTF-8[\r][\n]"
DEBUG: org.apache.http.wire - http-outgoing-255 << "connection: close[\r][\n]"
DEBUG: org.apache.http.wire - http-outgoing-255 << "content-length: 140[\r][\n]"
DEBUG: org.apache.http.wire - http-outgoing-255 << "server: httpd.js[\r][\n]"
DEBUG: org.apache.http.wire - http-outgoing-255 << "date: Fri, 26 Aug 2016 09:43:05 GMT[\r][\n]"
DEBUG: org.apache.http.wire - http-outgoing-255 << "[\r][\n]"
DEBUG: org.apache.http.headers - http-outgoing-255 << HTTP/1.1 200 OK
DEBUG: org.apache.http.headers - http-outgoing-255 << content-type: application/json; charset=UTF-8
DEBUG: org.apache.http.headers - http-outgoing-255 << connection: close
DEBUG: org.apache.http.headers - http-outgoing-255 << content-length: 140
DEBUG: org.apache.http.headers - http-outgoing-255 << server: httpd.js
DEBUG: org.apache.http.headers - http-outgoing-255 << date: Fri, 26 Aug 2016 09:43:05 GMT
DEBUG: org.apache.http.wire - http-outgoing-255 << "{"name":"getWindowHandles","sessionId":"e37898b6-8e5c-334f-a9d7-5ee4f0651cdc","status":0,"value":["{eeb346a1-0c7d-104d-8d65-208509283ce6}"]}"
DEBUG: org.apache.http.impl.conn.DefaultManagedHttpClientConnection - http-outgoing-255: Close connection
DEBUG: org.apache.http.impl.execchain.MainClientExec - Connection discarded
DEBUG: org.apache.http.impl.conn.PoolingHttpClientConnectionManager - Connection released: [id: 255][route: {}->http://127.0.0.1:7058][total kept alive: 0; route allocated: 0 of 2000; total allocated: 0 of 2000]
DEBUG: org.apache.http.client.protocol.RequestAddCookies - CookieSpec selected: default
DEBUG: org.apache.http.client.protocol.RequestAuthCache - Auth cache not set in the context
DEBUG: org.apache.http.impl.conn.PoolingHttpClientConnectionManager - Connection request: [route: {}->http://127.0.0.1:7058][total kept alive: 0; route allocated: 0 of 2000; total allocated: 0 of 2000]
DEBUG: org.apache.http.impl.conn.PoolingHttpClientConnectionManager - Connection leased: [id: 256][route: {}->http://127.0.0.1:7058][total kept alive: 0; route allocated: 1 of 2000; total allocated: 1 of 2000]
DEBUG: org.apache.http.impl.execchain.MainClientExec - Opening connection {}->http://127.0.0.1:7058
DEBUG: org.apache.http.impl.conn.DefaultHttpClientConnectionOperator - Connecting to /127.0.0.1:7058
DEBUG: org.apache.http.impl.conn.DefaultHttpClientConnectionOperator - Connection established 127.0.0.1:61034<->127.0.0.1:7058
DEBUG: org.apache.http.impl.conn.DefaultManagedHttpClientConnection - http-outgoing-256: set socket timeout to 10800000
DEBUG: org.apache.http.impl.execchain.MainClientExec - Executing request GET /hub/session/e37898b6-8e5c-334f-a9d7-5ee4f0651cdc/window_handles HTTP/1.1
DEBUG: org.apache.http.impl.execchain.MainClientExec - Target auth state: UNCHALLENGED
DEBUG: org.apache.http.impl.execchain.MainClientExec - Proxy auth state: UNCHALLENGED
DEBUG: org.apache.http.headers - http-outgoing-256 >> GET /hub/session/e37898b6-8e5c-334f-a9d7-5ee4f0651cdc/window_handles HTTP/1.1
DEBUG: org.apache.http.headers - http-outgoing-256 >> Cache-Control: no-cache
DEBUG: org.apache.http.headers - http-outgoing-256 >> Host: 127.0.0.1:7058
DEBUG: org.apache.http.headers - http-outgoing-256 >> Connection: Keep-Alive
DEBUG: org.apache.http.headers - http-outgoing-256 >> User-Agent: Apache-HttpClient/4.5.2 (Java/1.7.0_79)
DEBUG: org.apache.http.headers - http-outgoing-256 >> Accept-Encoding: gzip,deflate
DEBUG: org.apache.http.wire - http-outgoing-256 >> "GET /hub/session/e37898b6-8e5c-334f-a9d7-5ee4f0651cdc/window_handles HTTP/1.1[\r][\n]"
DEBUG: org.apache.http.wire - http-outgoing-256 >> "Cache-Control: no-cache[\r][\n]"
DEBUG: org.apache.http.wire - http-outgoing-256 >> "Host: 127.0.0.1:7058[\r][\n]"
DEBUG: org.apache.http.wire - http-outgoing-256 >> "Connection: Keep-Alive[\r][\n]"
DEBUG: org.apache.http.wire - http-outgoing-256 >> "User-Agent: Apache-HttpClient/4.5.2 (Java/1.7.0_79)[\r][\n]"
DEBUG: org.apache.http.wire - http-outgoing-256 >> "Accept-Encoding: gzip,deflate[\r][\n]"
DEBUG: org.apache.http.wire - http-outgoing-256 >> "[\r][\n]"
DEBUG: org.apache.http.wire - http-outgoing-256 << "HTTP/1.1 200 OK[\r][\n]"
DEBUG: org.apache.http.wire - http-outgoing-256 << "content-type: application/json; charset=UTF-8[\r][\n]"
DEBUG: org.apache.http.wire - http-outgoing-256 << "connection: close[\r][\n]"
DEBUG: org.apache.http.wire - http-outgoing-256 << "content-length: 140[\r][\n]"
DEBUG: org.apache.http.wire - http-outgoing-256 << "server: httpd.js[\r][\n]"
DEBUG: org.apache.http.wire - http-outgoing-256 << "date: Fri, 26 Aug 2016 09:43:05 GMT[\r][\n]"
DEBUG: org.apache.http.wire - http-outgoing-256 << "[\r][\n]"
DEBUG: org.apache.http.headers - http-outgoing-256 << HTTP/1.1 200 OK
DEBUG: org.apache.http.headers - http-outgoing-256 << content-type: application/json; charset=UTF-8
DEBUG: org.apache.http.headers - http-outgoing-256 << connection: close
DEBUG: org.apache.http.headers - http-outgoing-256 << content-length: 140
DEBUG: org.apache.http.headers - http-outgoing-256 << server: httpd.js
DEBUG: org.apache.http.headers - http-outgoing-256 << date: Fri, 26 Aug 2016 09:43:05 GMT
DEBUG: org.apache.http.wire - http-outgoing-256 << "{"name":"getWindowHandles","sessionId":"e37898b6-8e5c-334f-a9d7-5ee4f0651cdc","status":0,"value":["{eeb346a1-0c7d-104d-8d65-208509283ce6}"]}"
DEBUG: org.apache.http.impl.conn.DefaultManagedHttpClientConnection - http-outgoing-256: Close connection
DEBUG: org.apache.http.impl.execchain.MainClientExec - Connection discarded
DEBUG: org.apache.http.impl.conn.PoolingHttpClientConnectionManager - Connection released: [id: 256][route: {}->http://127.0.0.1:7058][total kept alive: 0; route allocated: 0 of 2000; total allocated: 0 of 2000]
DEBUG: org.apache.http.client.protocol.RequestAddCookies - CookieSpec selected: default
DEBUG: org.apache.http.client.protocol.RequestAuthCache - Auth cache not set in the context
DEBUG: org.apache.http.impl.conn.PoolingHttpClientConnectionManager - Connection request: [route: {}->http://127.0.0.1:7058][total kept alive: 0; route allocated: 0 of 2000; total allocated: 0 of 2000]
DEBUG: org.apache.http.impl.conn.PoolingHttpClientConnectionManager - Connection leased: [id: 257][route: {}->http://127.0.0.1:7058][total kept alive: 0; route allocated: 1 of 2000; total allocated: 1 of 2000]
DEBUG: org.apache.http.impl.execchain.MainClientExec - Opening connection {}->http://127.0.0.1:7058
DEBUG: org.apache.http.impl.conn.DefaultHttpClientConnectionOperator - Connecting to /127.0.0.1:7058
DEBUG: org.apache.http.impl.conn.DefaultHttpClientConnectionOperator - Connection established 127.0.0.1:61035<->127.0.0.1:7058
DEBUG: org.apache.http.impl.conn.DefaultManagedHttpClientConnection - http-outgoing-257: set socket timeout to 10800000
DEBUG: org.apache.http.impl.execchain.MainClientExec - Executing request GET /hub/session/e37898b6-8e5c-334f-a9d7-5ee4f0651cdc/window_handles HTTP/1.1
DEBUG: org.apache.http.impl.execchain.MainClientExec - Target auth state: UNCHALLENGED
DEBUG: org.apache.http.impl.execchain.MainClientExec - Proxy auth state: UNCHALLENGED
DEBUG: org.apache.http.headers - http-outgoing-257 >> GET /hub/session/e37898b6-8e5c-334f-a9d7-5ee4f0651cdc/window_handles HTTP/1.1
DEBUG: org.apache.http.headers - http-outgoing-257 >> Cache-Control: no-cache
DEBUG: org.apache.http.headers - http-outgoing-257 >> Host: 127.0.0.1:7058
DEBUG: org.apache.http.headers - http-outgoing-257 >> Connection: Keep-Alive
DEBUG: org.apache.http.headers - http-outgoing-257 >> User-Agent: Apache-HttpClient/4.5.2 (Java/1.7.0_79)
DEBUG: org.apache.http.headers - http-outgoing-257 >> Accept-Encoding: gzip,deflate
DEBUG: org.apache.http.wire - http-outgoing-257 >> "GET /hub/session/e37898b6-8e5c-334f-a9d7-5ee4f0651cdc/window_handles HTTP/1.1[\r][\n]"
DEBUG: org.apache.http.wire - http-outgoing-257 >> "Cache-Control: no-cache[\r][\n]"
DEBUG: org.apache.http.wire - http-outgoing-257 >> "Host: 127.0.0.1:7058[\r][\n]"
DEBUG: org.apache.http.wire - http-outgoing-257 >> "Connection: Keep-Alive[\r][\n]"
DEBUG: org.apache.http.wire - http-outgoing-257 >> "User-Agent: Apache-HttpClient/4.5.2 (Java/1.7.0_79)[\r][\n]"
DEBUG: org.apache.http.wire - http-outgoing-257 >> "Accept-Encoding: gzip,deflate[\r][\n]"
DEBUG: org.apache.http.wire - http-outgoing-257 >> "[\r][\n]"
DEBUG: org.apache.http.wire - http-outgoing-257 << "HTTP/1.1 200 OK[\r][\n]"
DEBUG: org.apache.http.wire - http-outgoing-257 << "content-type: application/json; charset=UTF-8[\r][\n]"
DEBUG: org.apache.http.wire - http-outgoing-257 << "connection: close[\r][\n]"
DEBUG: org.apache.http.wire - http-outgoing-257 << "content-length: 140[\r][\n]"
DEBUG: org.apache.http.wire - http-outgoing-257 << "server: httpd.js[\r][\n]"
DEBUG: org.apache.http.wire - http-outgoing-257 << "date: Fri, 26 Aug 2016 09:43:05 GMT[\r][\n]"
DEBUG: org.apache.http.wire - http-outgoing-257 << "[\r][\n]"
DEBUG: org.apache.http.headers - http-outgoing-257 << HTTP/1.1 200 OK
DEBUG: org.apache.http.headers - http-outgoing-257 << content-type: application/json; charset=UTF-8
DEBUG: org.apache.http.headers - http-outgoing-257 << connection: close
DEBUG: org.apache.http.headers - http-outgoing-257 << content-length: 140
DEBUG: org.apache.http.headers - http-outgoing-257 << server: httpd.js
DEBUG: org.apache.http.headers - http-outgoing-257 << date: Fri, 26 Aug 2016 09:43:05 GMT
DEBUG: org.apache.http.wire - http-outgoing-257 << "{"name":"getWindowHandles","sessionId":"e37898b6-8e5c-334f-a9d7-5ee4f0651cdc","status":0,"value":["{eeb346a1-0c7d-104d-8d65-208509283ce6}"]}"
DEBUG: org.apache.http.impl.conn.DefaultManagedHttpClientConnection - http-outgoing-257: Close connection
DEBUG: org.apache.http.impl.execchain.MainClientExec - Connection discarded
DEBUG: org.apache.http.impl.conn.PoolingHttpClientConnectionManager - Connection released: [id: 257][route: {}->http://127.0.0.1:7058][total kept alive: 0; route allocated: 0 of 2000; total allocated: 0 of 2000]
DEBUG: org.apache.http.client.protocol.RequestAddCookies - CookieSpec selected: default
DEBUG: org.apache.http.client.protocol.RequestAuthCache - Auth cache not set in the context
DEBUG: org.apache.http.impl.conn.PoolingHttpClientConnectionManager - Connection request: [route: {}->http://127.0.0.1:7058][total kept alive: 0; route allocated: 0 of 2000; total allocated: 0 of 2000]
DEBUG: org.apache.http.impl.conn.PoolingHttpClientConnectionManager - Connection leased: [id: 258][route: {}->http://127.0.0.1:7058][total kept alive: 0; route allocated: 1 of 2000; total allocated: 1 of 2000]
DEBUG: org.apache.http.impl.execchain.MainClientExec - Opening connection {}->http://127.0.0.1:7058
DEBUG: org.apache.http.impl.conn.DefaultHttpClientConnectionOperator - Connecting to /127.0.0.1:7058
DEBUG: org.apache.http.impl.conn.DefaultHttpClientConnectionOperator - Connection established 127.0.0.1:61036<->127.0.0.1:7058
DEBUG: org.apache.http.impl.conn.DefaultManagedHttpClientConnection - http-outgoing-258: set socket timeout to 10800000
DEBUG: org.apache.http.impl.execchain.MainClientExec - Executing request GET /hub/session/e37898b6-8e5c-334f-a9d7-5ee4f0651cdc/window_handles HTTP/1.1
DEBUG: org.apache.http.impl.execchain.MainClientExec - Target auth state: UNCHALLENGED
DEBUG: org.apache.http.impl.execchain.MainClientExec - Proxy auth state: UNCHALLENGED
DEBUG: org.apache.http.headers - http-outgoing-258 >> GET /hub/session/e37898b6-8e5c-334f-a9d7-5ee4f0651cdc/window_handles HTTP/1.1
DEBUG: org.apache.http.headers - http-outgoing-258 >> Cache-Control: no-cache
DEBUG: org.apache.http.headers - http-outgoing-258 >> Host: 127.0.0.1:7058
DEBUG: org.apache.http.headers - http-outgoing-258 >> Connection: Keep-Alive
DEBUG: org.apache.http.headers - http-outgoing-258 >> User-Agent: Apache-HttpClient/4.5.2 (Java/1.7.0_79)
DEBUG: org.apache.http.headers - http-outgoing-258 >> Accept-Encoding: gzip,deflate
DEBUG: org.apache.http.wire - http-outgoing-258 >> "GET /hub/session/e37898b6-8e5c-334f-a9d7-5ee4f0651cdc/window_handles HTTP/1.1[\r][\n]"
DEBUG: org.apache.http.wire - http-outgoing-258 >> "Cache-Control: no-cache[\r][\n]"
DEBUG: org.apache.http.wire - http-outgoing-258 >> "Host: 127.0.0.1:7058[\r][\n]"
DEBUG: org.apache.http.wire - http-outgoing-258 >> "Connection: Keep-Alive[\r][\n]"
DEBUG: org.apache.http.wire - http-outgoing-258 >> "User-Agent: Apache-HttpClient/4.5.2 (Java/1.7.0_79)[\r][\n]"
DEBUG: org.apache.http.wire - http-outgoing-258 >> "Accept-Encoding: gzip,deflate[\r][\n]"
DEBUG: org.apache.http.wire - http-outgoing-258 >> "[\r][\n]"
DEBUG: org.apache.http.wire - http-outgoing-258 << "HTTP/1.1 200 OK[\r][\n]"
DEBUG: org.apache.http.wire - http-outgoing-258 << "content-type: application/json; charset=UTF-8[\r][\n]"
DEBUG: org.apache.http.wire - http-outgoing-258 << "connection: close[\r][\n]"
DEBUG: org.apache.http.wire - http-outgoing-258 << "content-length: 140[\r][\n]"
DEBUG: org.apache.http.wire - http-outgoing-258 << "server: httpd.js[\r][\n]"
DEBUG: org.apache.http.wire - http-outgoing-258 << "date: Fri, 26 Aug 2016 09:43:05 GMT[\r][\n]"
DEBUG: org.apache.http.wire - http-outgoing-258 << "[\r][\n]"
DEBUG: org.apache.http.headers - http-outgoing-258 << HTTP/1.1 200 OK
DEBUG: org.apache.http.headers - http-outgoing-258 << content-type: application/json; charset=UTF-8
DEBUG: org.apache.http.headers - http-outgoing-258 << connection: close
DEBUG: org.apache.http.headers - http-outgoing-258 << content-length: 140
DEBUG: org.apache.http.headers - http-outgoing-258 << server: httpd.js
DEBUG: org.apache.http.headers - http-outgoing-258 << date: Fri, 26 Aug 2016 09:43:05 GMT
DEBUG: org.apache.http.wire - http-outgoing-258 << "{"name":"getWindowHandles","sessionId":"e37898b6-8e5c-334f-a9d7-5ee4f0651cdc","status":0,"value":["{eeb346a1-0c7d-104d-8d65-208509283ce6}"]}"
DEBUG: org.apache.http.impl.conn.DefaultManagedHttpClientConnection - http-outgoing-258: Close connection
DEBUG: org.apache.http.impl.execchain.MainClientExec - Connection discarded
DEBUG: org.apache.http.impl.conn.PoolingHttpClientConnectionManager - Connection released: [id: 258][route: {}->http://127.0.0.1:7058][total kept alive: 0; route allocated: 0 of 2000; total allocated: 0 of 2000]
DEBUG: org.apache.http.client.protocol.RequestAddCookies - CookieSpec selected: default
DEBUG: org.apache.http.client.protocol.RequestAuthCache - Auth cache not set in the context
DEBUG: org.apache.http.impl.conn.PoolingHttpClientConnectionManager - Connection request: [route: {}->http://127.0.0.1:7058][total kept alive: 0; route allocated: 0 of 2000; total allocated: 0 of 2000]
DEBUG: org.apache.http.impl.conn.PoolingHttpClientConnectionManager - Connection leased: [id: 259][route: {}->http://127.0.0.1:7058][total kept alive: 0; route allocated: 1 of 2000; total allocated: 1 of 2000]
DEBUG: org.apache.http.impl.execchain.MainClientExec - Opening connection {}->http://127.0.0.1:7058
DEBUG: org.apache.http.impl.conn.DefaultHttpClientConnectionOperator - Connecting to /127.0.0.1:7058
DEBUG: org.apache.http.impl.conn.DefaultHttpClientConnectionOperator - Connection established 127.0.0.1:61037<->127.0.0.1:7058
DEBUG: org.apache.http.impl.conn.DefaultManagedHttpClientConnection - http-outgoing-259: set socket timeout to 10800000
DEBUG: org.apache.http.impl.execchain.MainClientExec - Executing request GET /hub/session/e37898b6-8e5c-334f-a9d7-5ee4f0651cdc/window_handles HTTP/1.1
DEBUG: org.apache.http.impl.execchain.MainClientExec - Target auth state: UNCHALLENGED
DEBUG: org.apache.http.impl.execchain.MainClientExec - Proxy auth state: UNCHALLENGED
DEBUG: org.apache.http.headers - http-outgoing-259 >> GET /hub/session/e37898b6-8e5c-334f-a9d7-5ee4f0651cdc/window_handles HTTP/1.1
DEBUG: org.apache.http.headers - http-outgoing-259 >> Cache-Control: no-cache
DEBUG: org.apache.http.headers - http-outgoing-259 >> Host: 127.0.0.1:7058
DEBUG: org.apache.http.headers - http-outgoing-259 >> Connection: Keep-Alive
DEBUG: org.apache.http.headers - http-outgoing-259 >> User-Agent: Apache-HttpClient/4.5.2 (Java/1.7.0_79)
DEBUG: org.apache.http.headers - http-outgoing-259 >> Accept-Encoding: gzip,deflate
DEBUG: org.apache.http.wire - http-outgoing-259 >> "GET /hub/session/e37898b6-8e5c-334f-a9d7-5ee4f0651cdc/window_handles HTTP/1.1[\r][\n]"
DEBUG: org.apache.http.wire - http-outgoing-259 >> "Cache-Control: no-cache[\r][\n]"
DEBUG: org.apache.http.wire - http-outgoing-259 >> "Host: 127.0.0.1:7058[\r][\n]"
DEBUG: org.apache.http.wire - http-outgoing-259 >> "Connection: Keep-Alive[\r][\n]"
DEBUG: org.apache.http.wire - http-outgoing-259 >> "User-Agent: Apache-HttpClient/4.5.2 (Java/1.7.0_79)[\r][\n]"
DEBUG: org.apache.http.wire - http-outgoing-259 >> "Accept-Encoding: gzip,deflate[\r][\n]"
DEBUG: org.apache.http.wire - http-outgoing-259 >> "[\r][\n]"
DEBUG: org.apache.http.wire - http-outgoing-259 << "HTTP/1.1 200 OK[\r][\n]"
DEBUG: org.apache.http.wire - http-outgoing-259 << "content-type: application/json; charset=UTF-8[\r][\n]"
DEBUG: org.apache.http.wire - http-outgoing-259 << "connection: close[\r][\n]"
DEBUG: org.apache.http.wire - http-outgoing-259 << "content-length: 140[\r][\n]"
DEBUG: org.apache.http.wire - http-outgoing-259 << "server: httpd.js[\r][\n]"
DEBUG: org.apache.http.wire - http-outgoing-259 << "date: Fri, 26 Aug 2016 09:43:05 GMT[\r][\n]"
DEBUG: org.apache.http.wire - http-outgoing-259 << "[\r][\n]"
DEBUG: org.apache.http.headers - http-outgoing-259 << HTTP/1.1 200 OK
DEBUG: org.apache.http.headers - http-outgoing-259 << content-type: application/json; charset=UTF-8
DEBUG: org.apache.http.headers - http-outgoing-259 << connection: close
DEBUG: org.apache.http.headers - http-outgoing-259 << content-length: 140
DEBUG: org.apache.http.headers - http-outgoing-259 << server: httpd.js
DEBUG: org.apache.http.headers - http-outgoing-259 << date: Fri, 26 Aug 2016 09:43:05 GMT
DEBUG: org.apache.http.wire - http-outgoing-259 << "{"name":"getWindowHandles","sessionId":"e37898b6-8e5c-334f-a9d7-5ee4f0651cdc","status":0,"value":["{eeb346a1-0c7d-104d-8d65-208509283ce6}"]}"
DEBUG: org.apache.http.impl.conn.DefaultManagedHttpClientConnection - http-outgoing-259: Close connection
DEBUG: org.apache.http.impl.execchain.MainClientExec - Connection discarded
DEBUG: org.apache.http.impl.conn.PoolingHttpClientConnectionManager - Connection released: [id: 259][route: {}->http://127.0.0.1:7058][total kept alive: 0; route allocated: 0 of 2000; total allocated: 0 of 2000]
DEBUG: org.apache.http.client.protocol.RequestAddCookies - CookieSpec selected: default
DEBUG: org.apache.http.client.protocol.RequestAuthCache - Auth cache not set in the context
DEBUG: org.apache.http.impl.conn.PoolingHttpClientConnectionManager - Connection request: [route: {}->http://127.0.0.1:7058][total kept alive: 0; route allocated: 0 of 2000; total allocated: 0 of 2000]
DEBUG: org.apache.http.impl.conn.PoolingHttpClientConnectionManager - Connection leased: [id: 260][route: {}->http://127.0.0.1:7058][total kept alive: 0; route allocated: 1 of 2000; total allocated: 1 of 2000]
DEBUG: org.apache.http.impl.execchain.MainClientExec - Opening connection {}->http://127.0.0.1:7058
DEBUG: org.apache.http.impl.conn.DefaultHttpClientConnectionOperator - Connecting to /127.0.0.1:7058
DEBUG: org.apache.http.impl.conn.DefaultHttpClientConnectionOperator - Connection established 127.0.0.1:61039<->127.0.0.1:7058
DEBUG: org.apache.http.impl.conn.DefaultManagedHttpClientConnection - http-outgoing-260: set socket timeout to 10800000
DEBUG: org.apache.http.impl.execchain.MainClientExec - Executing request GET /hub/session/e37898b6-8e5c-334f-a9d7-5ee4f0651cdc/window_handles HTTP/1.1
DEBUG: org.apache.http.impl.execchain.MainClientExec - Target auth state: UNCHALLENGED
DEBUG: org.apache.http.impl.execchain.MainClientExec - Proxy auth state: UNCHALLENGED
DEBUG: org.apache.http.headers - http-outgoing-260 >> GET /hub/session/e37898b6-8e5c-334f-a9d7-5ee4f0651cdc/window_handles HTTP/1.1
DEBUG: org.apache.http.headers - http-outgoing-260 >> Cache-Control: no-cache
DEBUG: org.apache.http.headers - http-outgoing-260 >> Host: 127.0.0.1:7058
DEBUG: org.apache.http.headers - http-outgoing-260 >> Connection: Keep-Alive
DEBUG: org.apache.http.headers - http-outgoing-260 >> User-Agent: Apache-HttpClient/4.5.2 (Java/1.7.0_79)
DEBUG: org.apache.http.headers - http-outgoing-260 >> Accept-Encoding: gzip,deflate
DEBUG: org.apache.http.wire - http-outgoing-260 >> "GET /hub/session/e37898b6-8e5c-334f-a9d7-5ee4f0651cdc/window_handles HTTP/1.1[\r][\n]"
DEBUG: org.apache.http.wire - http-outgoing-260 >> "Cache-Control: no-cache[\r][\n]"
DEBUG: org.apache.http.wire - http-outgoing-260 >> "Host: 127.0.0.1:7058[\r][\n]"
DEBUG: org.apache.http.wire - http-outgoing-260 >> "Connection: Keep-Alive[\r][\n]"
DEBUG: org.apache.http.wire - http-outgoing-260 >> "User-Agent: Apache-HttpClient/4.5.2 (Java/1.7.0_79)[\r][\n]"
DEBUG: org.apache.http.wire - http-outgoing-260 >> "Accept-Encoding: gzip,deflate[\r][\n]"
DEBUG: org.apache.http.wire - http-outgoing-260 >> "[\r][\n]"
DEBUG: org.apache.http.wire - http-outgoing-260 << "HTTP/1.1 200 OK[\r][\n]"
DEBUG: org.apache.http.wire - http-outgoing-260 << "content-type: application/json; charset=UTF-8[\r][\n]"
DEBUG: org.apache.http.wire - http-outgoing-260 << "connection: close[\r][\n]"
DEBUG: org.apache.http.wire - http-outgoing-260 << "content-length: 140[\r][\n]"
DEBUG: org.apache.http.wire - http-outgoing-260 << "server: httpd.js[\r][\n]"
DEBUG: org.apache.http.wire - http-outgoing-260 << "date: Fri, 26 Aug 2016 09:43:05 GMT[\r][\n]"
DEBUG: org.apache.http.wire - http-outgoing-260 << "[\r][\n]"
DEBUG: org.apache.http.headers - http-outgoing-260 << HTTP/1.1 200 OK
DEBUG: org.apache.http.headers - http-outgoing-260 << content-type: application/json; charset=UTF-8
DEBUG: org.apache.http.headers - http-outgoing-260 << connection: close
DEBUG: org.apache.http.headers - http-outgoing-260 << content-length: 140
DEBUG: org.apache.http.headers - http-outgoing-260 << server: httpd.js
DEBUG: org.apache.http.headers - http-outgoing-260 << date: Fri, 26 Aug 2016 09:43:05 GMT
DEBUG: org.apache.http.wire - http-outgoing-260 << "{"name":"getWindowHandles","sessionId":"e37898b6-8e5c-334f-a9d7-5ee4f0651cdc","status":0,"value":["{eeb346a1-0c7d-104d-8d65-208509283ce6}"]}"
DEBUG: org.apache.http.impl.conn.DefaultManagedHttpClientConnection - http-outgoing-260: Close connection
DEBUG: org.apache.http.impl.execchain.MainClientExec - Connection discarded
DEBUG: org.apache.http.impl.conn.PoolingHttpClientConnectionManager - Connection released: [id: 260][route: {}->http://127.0.0.1:7058][total kept alive: 0; route allocated: 0 of 2000; total allocated: 0 of 2000]
DEBUG: org.apache.http.client.protocol.RequestAddCookies - CookieSpec selected: default
DEBUG: org.apache.http.client.protocol.RequestAuthCache - Auth cache not set in the context
DEBUG: org.apache.http.impl.conn.PoolingHttpClientConnectionManager - Connection request: [route: {}->http://127.0.0.1:7058][total kept alive: 0; route allocated: 0 of 2000; total allocated: 0 of 2000]
DEBUG: org.apache.http.impl.conn.PoolingHttpClientConnectionManager - Connection leased: [id: 261][route: {}->http://127.0.0.1:7058][total kept alive: 0; route allocated: 1 of 2000; total allocated: 1 of 2000]
DEBUG: org.apache.http.impl.execchain.MainClientExec - Opening connection {}->http://127.0.0.1:7058
DEBUG: org.apache.http.impl.conn.DefaultHttpClientConnectionOperator - Connecting to /127.0.0.1:7058
DEBUG: org.apache.http.impl.conn.DefaultHttpClientConnectionOperator - Connection established 127.0.0.1:61040<->127.0.0.1:7058
DEBUG: org.apache.http.impl.conn.DefaultManagedHttpClientConnection - http-outgoing-261: set socket timeout to 10800000
DEBUG: org.apache.http.impl.execchain.MainClientExec - Executing request GET /hub/session/e37898b6-8e5c-334f-a9d7-5ee4f0651cdc/window_handles HTTP/1.1
DEBUG: org.apache.http.impl.execchain.MainClientExec - Target auth state: UNCHALLENGED
DEBUG: org.apache.http.impl.execchain.MainClientExec - Proxy auth state: UNCHALLENGED
DEBUG: org.apache.http.headers - http-outgoing-261 >> GET /hub/session/e37898b6-8e5c-334f-a9d7-5ee4f0651cdc/window_handles HTTP/1.1
DEBUG: org.apache.http.headers - http-outgoing-261 >> Cache-Control: no-cache
DEBUG: org.apache.http.headers - http-outgoing-261 >> Host: 127.0.0.1:7058
DEBUG: org.apache.http.headers - http-outgoing-261 >> Connection: Keep-Alive
DEBUG: org.apache.http.headers - http-outgoing-261 >> User-Agent: Apache-HttpClient/4.5.2 (Java/1.7.0_79)
DEBUG: org.apache.http.headers - http-outgoing-261 >> Accept-Encoding: gzip,deflate
DEBUG: org.apache.http.wire - http-outgoing-261 >> "GET /hub/session/e37898b6-8e5c-334f-a9d7-5ee4f0651cdc/window_handles HTTP/1.1[\r][\n]"
DEBUG: org.apache.http.wire - http-outgoing-261 >> "Cache-Control: no-cache[\r][\n]"
DEBUG: org.apache.http.wire - http-outgoing-261 >> "Host: 127.0.0.1:7058[\r][\n]"
DEBUG: org.apache.http.wire - http-outgoing-261 >> "Connection: Keep-Alive[\r][\n]"
DEBUG: org.apache.http.wire - http-outgoing-261 >> "User-Agent: Apache-HttpClient/4.5.2 (Java/1.7.0_79)[\r][\n]"
DEBUG: org.apache.http.wire - http-outgoing-261 >> "Accept-Encoding: gzip,deflate[\r][\n]"
DEBUG: org.apache.http.wire - http-outgoing-261 >> "[\r][\n]"
DEBUG: org.apache.http.wire - http-outgoing-261 << "HTTP/1.1 200 OK[\r][\n]"
DEBUG: org.apache.http.wire - http-outgoing-261 << "content-type: application/json; charset=UTF-8[\r][\n]"
DEBUG: org.apache.http.wire - http-outgoing-261 << "connection: close[\r][\n]"
DEBUG: org.apache.http.wire - http-outgoing-261 << "content-length: 181[\r][\n]"
DEBUG: org.apache.http.wire - http-outgoing-261 << "server: httpd.js[\r][\n]"
DEBUG: org.apache.http.wire - http-outgoing-261 << "date: Fri, 26 Aug 2016 09:43:05 GMT[\r][\n]"
DEBUG: org.apache.http.wire - http-outgoing-261 << "[\r][\n]"
DEBUG: org.apache.http.headers - http-outgoing-261 << HTTP/1.1 200 OK
DEBUG: org.apache.http.headers - http-outgoing-261 << content-type: application/json; charset=UTF-8
DEBUG: org.apache.http.headers - http-outgoing-261 << connection: close
DEBUG: org.apache.http.headers - http-outgoing-261 << content-length: 181
DEBUG: org.apache.http.headers - http-outgoing-261 << server: httpd.js
DEBUG: org.apache.http.headers - http-outgoing-261 << date: Fri, 26 Aug 2016 09:43:05 GMT
DEBUG: org.apache.http.wire - http-outgoing-261 << "{"name":"getWindowHandles","sessionId":"e37898b6-8e5c-334f-a9d7-5ee4f0651cdc","status":0,"value":["{eeb346a1-0c7d-104d-8d65-208509283ce6}","{fd1d5706-26e1-5542-807b-c415826fcdbb}"]}"
DEBUG: org.apache.http.impl.conn.DefaultManagedHttpClientConnection - http-outgoing-261: Close connection
DEBUG: org.apache.http.impl.execchain.MainClientExec - Connection discarded
DEBUG: org.apache.http.impl.conn.PoolingHttpClientConnectionManager - Connection released: [id: 261][route: {}->http://127.0.0.1:7058][total kept alive: 0; route allocated: 0 of 2000; total allocated: 0 of 2000]
DEBUG: org.apache.http.client.protocol.RequestAddCookies - CookieSpec selected: default
DEBUG: org.apache.http.client.protocol.RequestAuthCache - Auth cache not set in the context
DEBUG: org.apache.http.impl.conn.PoolingHttpClientConnectionManager - Connection request: [route: {}->http://127.0.0.1:7058][total kept alive: 0; route allocated: 0 of 2000; total allocated: 0 of 2000]
DEBUG: org.apache.http.impl.conn.PoolingHttpClientConnectionManager - Connection leased: [id: 262][route: {}->http://127.0.0.1:7058][total kept alive: 0; route allocated: 1 of 2000; total allocated: 1 of 2000]
DEBUG: org.apache.http.impl.execchain.MainClientExec - Opening connection {}->http://127.0.0.1:7058
DEBUG: org.apache.http.impl.conn.DefaultHttpClientConnectionOperator - Connecting to /127.0.0.1:7058
DEBUG: org.apache.http.impl.conn.DefaultHttpClientConnectionOperator - Connection established 127.0.0.1:61041<->127.0.0.1:7058
DEBUG: org.apache.http.impl.conn.DefaultManagedHttpClientConnection - http-outgoing-262: set socket timeout to 10800000
DEBUG: org.apache.http.impl.execchain.MainClientExec - Executing request GET /hub/session/e37898b6-8e5c-334f-a9d7-5ee4f0651cdc/window_handles HTTP/1.1
DEBUG: org.apache.http.impl.execchain.MainClientExec - Target auth state: UNCHALLENGED
DEBUG: org.apache.http.impl.execchain.MainClientExec - Proxy auth state: UNCHALLENGED
DEBUG: org.apache.http.headers - http-outgoing-262 >> GET /hub/session/e37898b6-8e5c-334f-a9d7-5ee4f0651cdc/window_handles HTTP/1.1
DEBUG: org.apache.http.headers - http-outgoing-262 >> Cache-Control: no-cache
DEBUG: org.apache.http.headers - http-outgoing-262 >> Host: 127.0.0.1:7058
DEBUG: org.apache.http.headers - http-outgoing-262 >> Connection: Keep-Alive
DEBUG: org.apache.http.headers - http-outgoing-262 >> User-Agent: Apache-HttpClient/4.5.2 (Java/1.7.0_79)
DEBUG: org.apache.http.headers - http-outgoing-262 >> Accept-Encoding: gzip,deflate
DEBUG: org.apache.http.wire - http-outgoing-262 >> "GET /hub/session/e37898b6-8e5c-334f-a9d7-5ee4f0651cdc/window_handles HTTP/1.1[\r][\n]"
DEBUG: org.apache.http.wire - http-outgoing-262 >> "Cache-Control: no-cache[\r][\n]"
DEBUG: org.apache.http.wire - http-outgoing-262 >> "Host: 127.0.0.1:7058[\r][\n]"
DEBUG: org.apache.http.wire - http-outgoing-262 >> "Connection: Keep-Alive[\r][\n]"
DEBUG: org.apache.http.wire - http-outgoing-262 >> "User-Agent: Apache-HttpClient/4.5.2 (Java/1.7.0_79)[\r][\n]"
DEBUG: org.apache.http.wire - http-outgoing-262 >> "Accept-Encoding: gzip,deflate[\r][\n]"
DEBUG: org.apache.http.wire - http-outgoing-262 >> "[\r][\n]"
DEBUG: org.apache.http.wire - http-outgoing-262 << "HTTP/1.1 200 OK[\r][\n]"
DEBUG: org.apache.http.wire - http-outgoing-262 << "content-type: application/json; charset=UTF-8[\r][\n]"
DEBUG: org.apache.http.wire - http-outgoing-262 << "connection: close[\r][\n]"
DEBUG: org.apache.http.wire - http-outgoing-262 << "content-length: 181[\r][\n]"
DEBUG: org.apache.http.wire - http-outgoing-262 << "server: httpd.js[\r][\n]"
DEBUG: org.apache.http.wire - http-outgoing-262 << "date: Fri, 26 Aug 2016 09:43:06 GMT[\r][\n]"
DEBUG: org.apache.http.wire - http-outgoing-262 << "[\r][\n]"
DEBUG: org.apache.http.headers - http-outgoing-262 << HTTP/1.1 200 OK
DEBUG: org.apache.http.headers - http-outgoing-262 << content-type: application/json; charset=UTF-8
DEBUG: org.apache.http.headers - http-outgoing-262 << connection: close
DEBUG: org.apache.http.headers - http-outgoing-262 << content-length: 181
DEBUG: org.apache.http.headers - http-outgoing-262 << server: httpd.js
DEBUG: org.apache.http.headers - http-outgoing-262 << date: Fri, 26 Aug 2016 09:43:06 GMT
DEBUG: org.apache.http.wire - http-outgoing-262 << "{"name":"getWindowHandles","sessionId":"e37898b6-8e5c-334f-a9d7-5ee4f0651cdc","status":0,"value":["{eeb346a1-0c7d-104d-8d65-208509283ce6}","{fd1d5706-26e1-5542-807b-c415826fcdbb}"]}"
DEBUG: org.apache.http.impl.conn.DefaultManagedHttpClientConnection - http-outgoing-262: Close connection
DEBUG: org.apache.http.impl.execchain.MainClientExec - Connection discarded
DEBUG: org.apache.http.impl.conn.PoolingHttpClientConnectionManager - Connection released: [id: 262][route: {}->http://127.0.0.1:7058][total kept alive: 0; route allocated: 0 of 2000; total allocated: 0 of 2000]
DEBUG: org.apache.http.client.protocol.RequestAddCookies - CookieSpec selected: default
DEBUG: org.apache.http.client.protocol.RequestAuthCache - Auth cache not set in the context
DEBUG: org.apache.http.impl.conn.PoolingHttpClientConnectionManager - Connection request: [route: {}->http://127.0.0.1:7058][total kept alive: 0; route allocated: 0 of 2000; total allocated: 0 of 2000]
DEBUG: org.apache.http.impl.conn.PoolingHttpClientConnectionManager - Connection leased: [id: 263][route: {}->http://127.0.0.1:7058][total kept alive: 0; route allocated: 1 of 2000; total allocated: 1 of 2000]
DEBUG: org.apache.http.impl.execchain.MainClientExec - Opening connection {}->http://127.0.0.1:7058
DEBUG: org.apache.http.impl.conn.DefaultHttpClientConnectionOperator - Connecting to /127.0.0.1:7058
DEBUG: org.apache.http.impl.conn.DefaultHttpClientConnectionOperator - Connection established 127.0.0.1:61042<->127.0.0.1:7058
DEBUG: org.apache.http.impl.conn.DefaultManagedHttpClientConnection - http-outgoing-263: set socket timeout to 10800000
DEBUG: org.apache.http.impl.execchain.MainClientExec - Executing request POST /hub/session/e37898b6-8e5c-334f-a9d7-5ee4f0651cdc/window HTTP/1.1
DEBUG: org.apache.http.impl.execchain.MainClientExec - Target auth state: UNCHALLENGED
DEBUG: org.apache.http.impl.execchain.MainClientExec - Proxy auth state: UNCHALLENGED
DEBUG: org.apache.http.headers - http-outgoing-263 >> POST /hub/session/e37898b6-8e5c-334f-a9d7-5ee4f0651cdc/window HTTP/1.1
DEBUG: org.apache.http.headers - http-outgoing-263 >> Content-Type: application/json; charset=utf-8
DEBUG: org.apache.http.headers - http-outgoing-263 >> Content-Length: 49
DEBUG: org.apache.http.headers - http-outgoing-263 >> Host: 127.0.0.1:7058
DEBUG: org.apache.http.headers - http-outgoing-263 >> Connection: Keep-Alive
DEBUG: org.apache.http.headers - http-outgoing-263 >> User-Agent: Apache-HttpClient/4.5.2 (Java/1.7.0_79)
DEBUG: org.apache.http.headers - http-outgoing-263 >> Accept-Encoding: gzip,deflate
DEBUG: org.apache.http.wire - http-outgoing-263 >> "POST /hub/session/e37898b6-8e5c-334f-a9d7-5ee4f0651cdc/window HTTP/1.1[\r][\n]"
DEBUG: org.apache.http.wire - http-outgoing-263 >> "Content-Type: application/json; charset=utf-8[\r][\n]"
DEBUG: org.apache.http.wire - http-outgoing-263 >> "Content-Length: 49[\r][\n]"
DEBUG: org.apache.http.wire - http-outgoing-263 >> "Host: 127.0.0.1:7058[\r][\n]"
DEBUG: org.apache.http.wire - http-outgoing-263 >> "Connection: Keep-Alive[\r][\n]"
DEBUG: org.apache.http.wire - http-outgoing-263 >> "User-Agent: Apache-HttpClient/4.5.2 (Java/1.7.0_79)[\r][\n]"
DEBUG: org.apache.http.wire - http-outgoing-263 >> "Accept-Encoding: gzip,deflate[\r][\n]"
DEBUG: org.apache.http.wire - http-outgoing-263 >> "[\r][\n]"
DEBUG: org.apache.http.wire - http-outgoing-263 >> "{"name":"{fd1d5706-26e1-5542-807b-c415826fcdbb}"}"
DEBUG: org.apache.http.wire - http-outgoing-263 << "HTTP/1.1 200 OK[\r][\n]"
DEBUG: org.apache.http.wire - http-outgoing-263 << "content-type: application/json; charset=UTF-8[\r][\n]"
DEBUG: org.apache.http.wire - http-outgoing-263 << "connection: close[\r][\n]"
DEBUG: org.apache.http.wire - http-outgoing-263 << "content-length: 134[\r][\n]"
DEBUG: org.apache.http.wire - http-outgoing-263 << "server: httpd.js[\r][\n]"
DEBUG: org.apache.http.wire - http-outgoing-263 << "date: Fri, 26 Aug 2016 09:43:06 GMT[\r][\n]"
DEBUG: org.apache.http.wire - http-outgoing-263 << "[\r][\n]"
DEBUG: org.apache.http.headers - http-outgoing-263 << HTTP/1.1 200 OK
DEBUG: org.apache.http.headers - http-outgoing-263 << content-type: application/json; charset=UTF-8
DEBUG: org.apache.http.headers - http-outgoing-263 << connection: close
DEBUG: org.apache.http.headers - http-outgoing-263 << content-length: 134
DEBUG: org.apache.http.headers - http-outgoing-263 << server: httpd.js
DEBUG: org.apache.http.headers - http-outgoing-263 << date: Fri, 26 Aug 2016 09:43:06 GMT
DEBUG: org.apache.http.wire - http-outgoing-263 << "{"name":"switchToWindow","sessionId":"e37898b6-8e5c-334f-a9d7-5ee4f0651cdc","status":0,"value":"e37898b6-8e5c-334f-a9d7-5ee4f0651cdc"}"
DEBUG: org.apache.http.impl.conn.DefaultManagedHttpClientConnection - http-outgoing-263: Close connection
DEBUG: org.apache.http.impl.execchain.MainClientExec - Connection discarded
DEBUG: org.apache.http.impl.conn.PoolingHttpClientConnectionManager - Connection released: [id: 263][route: {}->http://127.0.0.1:7058][total kept alive: 0; route allocated: 0 of 2000; total allocated: 0 of 2000]
DEBUG: org.apache.http.client.protocol.RequestAddCookies - CookieSpec selected: default
DEBUG: org.apache.http.client.protocol.RequestAuthCache - Auth cache not set in the context
DEBUG: org.apache.http.impl.conn.PoolingHttpClientConnectionManager - Connection request: [route: {}->http://127.0.0.1:7058][total kept alive: 0; route allocated: 0 of 2000; total allocated: 0 of 2000]
DEBUG: org.apache.http.impl.conn.PoolingHttpClientConnectionManager - Connection leased: [id: 264][route: {}->http://127.0.0.1:7058][total kept alive: 0; route allocated: 1 of 2000; total allocated: 1 of 2000]
DEBUG: org.apache.http.impl.execchain.MainClientExec - Opening connection {}->http://127.0.0.1:7058
DEBUG: org.apache.http.impl.conn.DefaultHttpClientConnectionOperator - Connecting to /127.0.0.1:7058
DEBUG: org.apache.http.impl.conn.DefaultHttpClientConnectionOperator - Connection established 127.0.0.1:61043<->127.0.0.1:7058
DEBUG: org.apache.http.impl.conn.DefaultManagedHttpClientConnection - http-outgoing-264: set socket timeout to 10800000
DEBUG: org.apache.http.impl.execchain.MainClientExec - Executing request POST /hub/session/e37898b6-8e5c-334f-a9d7-5ee4f0651cdc/element HTTP/1.1
DEBUG: org.apache.http.impl.execchain.MainClientExec - Target auth state: UNCHALLENGED
DEBUG: org.apache.http.impl.execchain.MainClientExec - Proxy auth state: UNCHALLENGED
DEBUG: org.apache.http.headers - http-outgoing-264 >> POST /hub/session/e37898b6-8e5c-334f-a9d7-5ee4f0651cdc/element HTTP/1.1
DEBUG: org.apache.http.headers - http-outgoing-264 >> Content-Type: application/json; charset=utf-8
DEBUG: org.apache.http.headers - http-outgoing-264 >> Content-Length: 34
DEBUG: org.apache.http.headers - http-outgoing-264 >> Host: 127.0.0.1:7058
DEBUG: org.apache.http.headers - http-outgoing-264 >> Connection: Keep-Alive
DEBUG: org.apache.http.headers - http-outgoing-264 >> User-Agent: Apache-HttpClient/4.5.2 (Java/1.7.0_79)
DEBUG: org.apache.http.headers - http-outgoing-264 >> Accept-Encoding: gzip,deflate
DEBUG: org.apache.http.wire - http-outgoing-264 >> "POST /hub/session/e37898b6-8e5c-334f-a9d7-5ee4f0651cdc/element HTTP/1.1[\r][\n]"
DEBUG: org.apache.http.wire - http-outgoing-264 >> "Content-Type: application/json; charset=utf-8[\r][\n]"
DEBUG: org.apache.http.wire - http-outgoing-264 >> "Content-Length: 34[\r][\n]"
DEBUG: org.apache.http.wire - http-outgoing-264 >> "Host: 127.0.0.1:7058[\r][\n]"
DEBUG: org.apache.http.wire - http-outgoing-264 >> "Connection: Keep-Alive[\r][\n]"
DEBUG: org.apache.http.wire - http-outgoing-264 >> "User-Agent: Apache-HttpClient/4.5.2 (Java/1.7.0_79)[\r][\n]"
DEBUG: org.apache.http.wire - http-outgoing-264 >> "Accept-Encoding: gzip,deflate[\r][\n]"
DEBUG: org.apache.http.wire - http-outgoing-264 >> "[\r][\n]"
DEBUG: org.apache.http.wire - http-outgoing-264 >> "{"using":"id","value":"rating_10"}"
DEBUG: org.apache.http.wire - http-outgoing-264 << "HTTP/1.1 200 OK[\r][\n]"
DEBUG: org.apache.http.wire - http-outgoing-264 << "content-type: application/json; charset=UTF-8[\r][\n]"
DEBUG: org.apache.http.wire - http-outgoing-264 << "connection: close[\r][\n]"
DEBUG: org.apache.http.wire - http-outgoing-264 << "content-length: 224[\r][\n]"
DEBUG: org.apache.http.wire - http-outgoing-264 << "server: httpd.js[\r][\n]"
DEBUG: org.apache.http.wire - http-outgoing-264 << "date: Fri, 26 Aug 2016 09:43:06 GMT[\r][\n]"
DEBUG: org.apache.http.wire - http-outgoing-264 << "[\r][\n]"
DEBUG: org.apache.http.headers - http-outgoing-264 << HTTP/1.1 200 OK
DEBUG: org.apache.http.headers - http-outgoing-264 << content-type: application/json; charset=UTF-8
DEBUG: org.apache.http.headers - http-outgoing-264 << connection: close
DEBUG: org.apache.http.headers - http-outgoing-264 << content-length: 224
DEBUG: org.apache.http.headers - http-outgoing-264 << server: httpd.js
DEBUG: org.apache.http.headers - http-outgoing-264 << date: Fri, 26 Aug 2016 09:43:06 GMT
DEBUG: org.apache.http.wire - http-outgoing-264 << "{"name":"findElement","sessionId":"e37898b6-8e5c-334f-a9d7-5ee4f0651cdc","status":0,"value":{"ELEMENT":"{3699677d-91a6-6449-82d4-17c3220a54d7}","element-6066-11e4-a52e-4f735466cecf":"{3699677d-91a6-6449-82d4-17c3220a54d7}"}}"
DEBUG: org.apache.http.impl.conn.DefaultManagedHttpClientConnection - http-outgoing-264: Close connection
DEBUG: org.apache.http.impl.execchain.MainClientExec - Connection discarded
DEBUG: org.apache.http.impl.conn.PoolingHttpClientConnectionManager - Connection released: [id: 264][route: {}->http://127.0.0.1:7058][total kept alive: 0; route allocated: 0 of 2000; total allocated: 0 of 2000]
DEBUG: org.apache.http.client.protocol.RequestAddCookies - CookieSpec selected: default
DEBUG: org.apache.http.client.protocol.RequestAuthCache - Auth cache not set in the context
DEBUG: org.apache.http.impl.conn.PoolingHttpClientConnectionManager - Connection request: [route: {}->http://127.0.0.1:7058][total kept alive: 0; route allocated: 0 of 2000; total allocated: 0 of 2000]
DEBUG: org.apache.http.impl.conn.PoolingHttpClientConnectionManager - Connection leased: [id: 265][route: {}->http://127.0.0.1:7058][total kept alive: 0; route allocated: 1 of 2000; total allocated: 1 of 2000]
DEBUG: org.apache.http.impl.execchain.MainClientExec - Opening connection {}->http://127.0.0.1:7058
DEBUG: org.apache.http.impl.conn.DefaultHttpClientConnectionOperator - Connecting to /127.0.0.1:7058
DEBUG: org.apache.http.impl.conn.DefaultHttpClientConnectionOperator - Connection established 127.0.0.1:61044<->127.0.0.1:7058
DEBUG: org.apache.http.impl.conn.DefaultManagedHttpClientConnection - http-outgoing-265: set socket timeout to 10800000
DEBUG: org.apache.http.impl.execchain.MainClientExec - Executing request POST /hub/session/e37898b6-8e5c-334f-a9d7-5ee4f0651cdc/element/%7B3699677d-91a6-6449-82d4-17c3220a54d7%7D/click HTTP/1.1
DEBUG: org.apache.http.impl.execchain.MainClientExec - Target auth state: UNCHALLENGED
DEBUG: org.apache.http.impl.execchain.MainClientExec - Proxy auth state: UNCHALLENGED
DEBUG: org.apache.http.headers - http-outgoing-265 >> POST /hub/session/e37898b6-8e5c-334f-a9d7-5ee4f0651cdc/element/%7B3699677d-91a6-6449-82d4-17c3220a54d7%7D/click HTTP/1.1
DEBUG: org.apache.http.headers - http-outgoing-265 >> Content-Type: application/json; charset=utf-8
DEBUG: org.apache.http.headers - http-outgoing-265 >> Content-Length: 47
DEBUG: org.apache.http.headers - http-outgoing-265 >> Host: 127.0.0.1:7058
DEBUG: org.apache.http.headers - http-outgoing-265 >> Connection: Keep-Alive
DEBUG: org.apache.http.headers - http-outgoing-265 >> User-Agent: Apache-HttpClient/4.5.2 (Java/1.7.0_79)
DEBUG: org.apache.http.headers - http-outgoing-265 >> Accept-Encoding: gzip,deflate
DEBUG: org.apache.http.wire - http-outgoing-265 >> "POST /hub/session/e37898b6-8e5c-334f-a9d7-5ee4f0651cdc/element/%7B3699677d-91a6-6449-82d4-17c3220a54d7%7D/click HTTP/1.1[\r][\n]"
DEBUG: org.apache.http.wire - http-outgoing-265 >> "Content-Type: application/json; charset=utf-8[\r][\n]"
DEBUG: org.apache.http.wire - http-outgoing-265 >> "Content-Length: 47[\r][\n]"
DEBUG: org.apache.http.wire - http-outgoing-265 >> "Host: 127.0.0.1:7058[\r][\n]"
DEBUG: org.apache.http.wire - http-outgoing-265 >> "Connection: Keep-Alive[\r][\n]"
DEBUG: org.apache.http.wire - http-outgoing-265 >> "User-Agent: Apache-HttpClient/4.5.2 (Java/1.7.0_79)[\r][\n]"
DEBUG: org.apache.http.wire - http-outgoing-265 >> "Accept-Encoding: gzip,deflate[\r][\n]"
DEBUG: org.apache.http.wire - http-outgoing-265 >> "[\r][\n]"
DEBUG: org.apache.http.wire - http-outgoing-265 >> "{"id":"{3699677d-91a6-6449-82d4-17c3220a54d7}"}"
DEBUG: org.apache.http.wire - http-outgoing-265 << "HTTP/1.1 200 OK[\r][\n]"
DEBUG: org.apache.http.wire - http-outgoing-265 << "content-type: application/json; charset=UTF-8[\r][\n]"
DEBUG: org.apache.http.wire - http-outgoing-265 << "connection: close[\r][\n]"
DEBUG: org.apache.http.wire - http-outgoing-265 << "content-length: 98[\r][\n]"
DEBUG: org.apache.http.wire - http-outgoing-265 << "server: httpd.js[\r][\n]"
DEBUG: org.apache.http.wire - http-outgoing-265 << "date: Fri, 26 Aug 2016 09:43:06 GMT[\r][\n]"
DEBUG: org.apache.http.wire - http-outgoing-265 << "[\r][\n]"
DEBUG: org.apache.http.headers - http-outgoing-265 << HTTP/1.1 200 OK
DEBUG: org.apache.http.headers - http-outgoing-265 << content-type: application/json; charset=UTF-8
DEBUG: org.apache.http.headers - http-outgoing-265 << connection: close
DEBUG: org.apache.http.headers - http-outgoing-265 << content-length: 98
DEBUG: org.apache.http.headers - http-outgoing-265 << server: httpd.js
DEBUG: org.apache.http.headers - http-outgoing-265 << date: Fri, 26 Aug 2016 09:43:06 GMT
DEBUG: org.apache.http.wire - http-outgoing-265 << "{"name":"clickElement","sessionId":"e37898b6-8e5c-334f-a9d7-5ee4f0651cdc","status":0,"value":"ok"}"
DEBUG: org.apache.http.impl.conn.DefaultManagedHttpClientConnection - http-outgoing-265: Close connection
DEBUG: org.apache.http.impl.execchain.MainClientExec - Connection discarded
DEBUG: org.apache.http.impl.conn.PoolingHttpClientConnectionManager - Connection released: [id: 265][route: {}->http://127.0.0.1:7058][total kept alive: 0; route allocated: 0 of 2000; total allocated: 0 of 2000]
DEBUG: org.apache.http.client.protocol.RequestAddCookies - CookieSpec selected: default
DEBUG: org.apache.http.client.protocol.RequestAuthCache - Auth cache not set in the context
DEBUG: org.apache.http.impl.conn.PoolingHttpClientConnectionManager - Connection request: [route: {}->http://127.0.0.1:7058][total kept alive: 0; route allocated: 0 of 2000; total allocated: 0 of 2000]
DEBUG: org.apache.http.impl.conn.PoolingHttpClientConnectionManager - Connection leased: [id: 266][route: {}->http://127.0.0.1:7058][total kept alive: 0; route allocated: 1 of 2000; total allocated: 1 of 2000]
DEBUG: org.apache.http.impl.execchain.MainClientExec - Opening connection {}->http://127.0.0.1:7058
DEBUG: org.apache.http.impl.conn.DefaultHttpClientConnectionOperator - Connecting to /127.0.0.1:7058
DEBUG: org.apache.http.impl.conn.DefaultHttpClientConnectionOperator - Connection established 127.0.0.1:61045<->127.0.0.1:7058
DEBUG: org.apache.http.impl.conn.DefaultManagedHttpClientConnection - http-outgoing-266: set socket timeout to 10800000
DEBUG: org.apache.http.impl.execchain.MainClientExec - Executing request POST /hub/session/e37898b6-8e5c-334f-a9d7-5ee4f0651cdc/element HTTP/1.1
DEBUG: org.apache.http.impl.execchain.MainClientExec - Target auth state: UNCHALLENGED
DEBUG: org.apache.http.impl.execchain.MainClientExec - Proxy auth state: UNCHALLENGED
DEBUG: org.apache.http.headers - http-outgoing-266 >> POST /hub/session/e37898b6-8e5c-334f-a9d7-5ee4f0651cdc/element HTTP/1.1
DEBUG: org.apache.http.headers - http-outgoing-266 >> Content-Type: application/json; charset=utf-8
DEBUG: org.apache.http.headers - http-outgoing-266 >> Content-Length: 38
DEBUG: org.apache.http.headers - http-outgoing-266 >> Host: 127.0.0.1:7058
DEBUG: org.apache.http.headers - http-outgoing-266 >> Connection: Keep-Alive
DEBUG: org.apache.http.headers - http-outgoing-266 >> User-Agent: Apache-HttpClient/4.5.2 (Java/1.7.0_79)
DEBUG: org.apache.http.headers - http-outgoing-266 >> Accept-Encoding: gzip,deflate
DEBUG: org.apache.http.wire - http-outgoing-266 >> "POST /hub/session/e37898b6-8e5c-334f-a9d7-5ee4f0651cdc/element HTTP/1.1[\r][\n]"
DEBUG: org.apache.http.wire - http-outgoing-266 >> "Content-Type: application/json; charset=utf-8[\r][\n]"
DEBUG: org.apache.http.wire - http-outgoing-266 >> "Content-Length: 38[\r][\n]"
DEBUG: org.apache.http.wire - http-outgoing-266 >> "Host: 127.0.0.1:7058[\r][\n]"
DEBUG: org.apache.http.wire - http-outgoing-266 >> "Connection: Keep-Alive[\r][\n]"
DEBUG: org.apache.http.wire - http-outgoing-266 >> "User-Agent: Apache-HttpClient/4.5.2 (Java/1.7.0_79)[\r][\n]"
DEBUG: org.apache.http.wire - http-outgoing-266 >> "Accept-Encoding: gzip,deflate[\r][\n]"
DEBUG: org.apache.http.wire - http-outgoing-266 >> "[\r][\n]"
DEBUG: org.apache.http.wire - http-outgoing-266 >> "{"using":"id","value":"surveyComment"}"
DEBUG: org.apache.http.wire - http-outgoing-266 << "HTTP/1.1 200 OK[\r][\n]"
DEBUG: org.apache.http.wire - http-outgoing-266 << "content-type: application/json; charset=UTF-8[\r][\n]"
DEBUG: org.apache.http.wire - http-outgoing-266 << "connection: close[\r][\n]"
DEBUG: org.apache.http.wire - http-outgoing-266 << "content-length: 224[\r][\n]"
DEBUG: org.apache.http.wire - http-outgoing-266 << "server: httpd.js[\r][\n]"
DEBUG: org.apache.http.wire - http-outgoing-266 << "date: Fri, 26 Aug 2016 09:43:06 GMT[\r][\n]"
DEBUG: org.apache.http.wire - http-outgoing-266 << "[\r][\n]"
DEBUG: org.apache.http.headers - http-outgoing-266 << HTTP/1.1 200 OK
DEBUG: org.apache.http.headers - http-outgoing-266 << content-type: application/json; charset=UTF-8
DEBUG: org.apache.http.headers - http-outgoing-266 << connection: close
DEBUG: org.apache.http.headers - http-outgoing-266 << content-length: 224
DEBUG: org.apache.http.headers - http-outgoing-266 << server: httpd.js
DEBUG: org.apache.http.headers - http-outgoing-266 << date: Fri, 26 Aug 2016 09:43:06 GMT
DEBUG: org.apache.http.wire - http-outgoing-266 << "{"name":"findElement","sessionId":"e37898b6-8e5c-334f-a9d7-5ee4f0651cdc","status":0,"value":{"ELEMENT":"{f37484f5-ce56-9148-b5d5-d873311f1c55}","element-6066-11e4-a52e-4f735466cecf":"{f37484f5-ce56-9148-b5d5-d873311f1c55}"}}"
DEBUG: org.apache.http.impl.conn.DefaultManagedHttpClientConnection - http-outgoing-266: Close connection
DEBUG: org.apache.http.impl.execchain.MainClientExec - Connection discarded
DEBUG: org.apache.http.impl.conn.PoolingHttpClientConnectionManager - Connection released: [id: 266][route: {}->http://127.0.0.1:7058][total kept alive: 0; route allocated: 0 of 2000; total allocated: 0 of 2000]
DEBUG: org.apache.http.client.protocol.RequestAddCookies - CookieSpec selected: default
DEBUG: org.apache.http.client.protocol.RequestAuthCache - Auth cache not set in the context
DEBUG: org.apache.http.impl.conn.PoolingHttpClientConnectionManager - Connection request: [route: {}->http://127.0.0.1:7058][total kept alive: 0; route allocated: 0 of 2000; total allocated: 0 of 2000]
DEBUG: org.apache.http.impl.conn.PoolingHttpClientConnectionManager - Connection leased: [id: 267][route: {}->http://127.0.0.1:7058][total kept alive: 0; route allocated: 1 of 2000; total allocated: 1 of 2000]
DEBUG: org.apache.http.impl.execchain.MainClientExec - Opening connection {}->http://127.0.0.1:7058
DEBUG: org.apache.http.impl.conn.DefaultHttpClientConnectionOperator - Connecting to /127.0.0.1:7058
DEBUG: org.apache.http.impl.conn.DefaultHttpClientConnectionOperator - Connection established 127.0.0.1:61046<->127.0.0.1:7058
DEBUG: org.apache.http.impl.conn.DefaultManagedHttpClientConnection - http-outgoing-267: set socket timeout to 10800000
DEBUG: org.apache.http.impl.execchain.MainClientExec - Executing request POST /hub/session/e37898b6-8e5c-334f-a9d7-5ee4f0651cdc/element/%7Bf37484f5-ce56-9148-b5d5-d873311f1c55%7D/value HTTP/1.1
DEBUG: org.apache.http.impl.execchain.MainClientExec - Target auth state: UNCHALLENGED
DEBUG: org.apache.http.impl.execchain.MainClientExec - Proxy auth state: UNCHALLENGED
DEBUG: org.apache.http.headers - http-outgoing-267 >> POST /hub/session/e37898b6-8e5c-334f-a9d7-5ee4f0651cdc/element/%7Bf37484f5-ce56-9148-b5d5-d873311f1c55%7D/value HTTP/1.1
DEBUG: org.apache.http.headers - http-outgoing-267 >> Content-Type: application/json; charset=utf-8
DEBUG: org.apache.http.headers - http-outgoing-267 >> Content-Length: 73
DEBUG: org.apache.http.headers - http-outgoing-267 >> Host: 127.0.0.1:7058
DEBUG: org.apache.http.headers - http-outgoing-267 >> Connection: Keep-Alive
DEBUG: org.apache.http.headers - http-outgoing-267 >> User-Agent: Apache-HttpClient/4.5.2 (Java/1.7.0_79)
DEBUG: org.apache.http.headers - http-outgoing-267 >> Accept-Encoding: gzip,deflate
DEBUG: org.apache.http.wire - http-outgoing-267 >> "POST /hub/session/e37898b6-8e5c-334f-a9d7-5ee4f0651cdc/element/%7Bf37484f5-ce56-9148-b5d5-d873311f1c55%7D/value HTTP/1.1[\r][\n]"
DEBUG: org.apache.http.wire - http-outgoing-267 >> "Content-Type: application/json; charset=utf-8[\r][\n]"
DEBUG: org.apache.http.wire - http-outgoing-267 >> "Content-Length: 73[\r][\n]"
DEBUG: org.apache.http.wire - http-outgoing-267 >> "Host: 127.0.0.1:7058[\r][\n]"
DEBUG: org.apache.http.wire - http-outgoing-267 >> "Connection: Keep-Alive[\r][\n]"
DEBUG: org.apache.http.wire - http-outgoing-267 >> "User-Agent: Apache-HttpClient/4.5.2 (Java/1.7.0_79)[\r][\n]"
DEBUG: org.apache.http.wire - http-outgoing-267 >> "Accept-Encoding: gzip,deflate[\r][\n]"
DEBUG: org.apache.http.wire - http-outgoing-267 >> "[\r][\n]"
DEBUG: org.apache.http.wire - http-outgoing-267 >> "{"id":"{f37484f5-ce56-9148-b5d5-d873311f1c55}","value":["Some Feedback"]}"
DEBUG: org.apache.http.wire - http-outgoing-267 << "HTTP/1.1 200 OK[\r][\n]"
DEBUG: org.apache.http.wire - http-outgoing-267 << "content-type: application/json; charset=UTF-8[\r][\n]"
DEBUG: org.apache.http.wire - http-outgoing-267 << "connection: close[\r][\n]"
DEBUG: org.apache.http.wire - http-outgoing-267 << "content-length: 101[\r][\n]"
DEBUG: org.apache.http.wire - http-outgoing-267 << "server: httpd.js[\r][\n]"
DEBUG: org.apache.http.wire - http-outgoing-267 << "date: Fri, 26 Aug 2016 09:43:06 GMT[\r][\n]"
DEBUG: org.apache.http.wire - http-outgoing-267 << "[\r][\n]"
DEBUG: org.apache.http.headers - http-outgoing-267 << HTTP/1.1 200 OK
DEBUG: org.apache.http.headers - http-outgoing-267 << content-type: application/json; charset=UTF-8
DEBUG: org.apache.http.headers - http-outgoing-267 << connection: close
DEBUG: org.apache.http.headers - http-outgoing-267 << content-length: 101
DEBUG: org.apache.http.headers - http-outgoing-267 << server: httpd.js
DEBUG: org.apache.http.headers - http-outgoing-267 << date: Fri, 26 Aug 2016 09:43:06 GMT
DEBUG: org.apache.http.wire - http-outgoing-267 << "{"name":"sendKeysToElement","sessionId":"e37898b6-8e5c-334f-a9d7-5ee4f0651cdc","status":0,"value":""}"
DEBUG: org.apache.http.impl.conn.DefaultManagedHttpClientConnection - http-outgoing-267: Close connection
DEBUG: org.apache.http.impl.execchain.MainClientExec - Connection discarded
DEBUG: org.apache.http.impl.conn.PoolingHttpClientConnectionManager - Connection released: [id: 267][route: {}->http://127.0.0.1:7058][total kept alive: 0; route allocated: 0 of 2000; total allocated: 0 of 2000]
DEBUG: org.apache.http.client.protocol.RequestAddCookies - CookieSpec selected: default
DEBUG: org.apache.http.client.protocol.RequestAuthCache - Auth cache not set in the context
DEBUG: org.apache.http.impl.conn.PoolingHttpClientConnectionManager - Connection request: [route: {}->http://127.0.0.1:7058][total kept alive: 0; route allocated: 0 of 2000; total allocated: 0 of 2000]
DEBUG: org.apache.http.impl.conn.PoolingHttpClientConnectionManager - Connection leased: [id: 268][route: {}->http://127.0.0.1:7058][total kept alive: 0; route allocated: 1 of 2000; total allocated: 1 of 2000]
DEBUG: org.apache.http.impl.execchain.MainClientExec - Opening connection {}->http://127.0.0.1:7058
DEBUG: org.apache.http.impl.conn.DefaultHttpClientConnectionOperator - Connecting to /127.0.0.1:7058
DEBUG: org.apache.http.impl.conn.DefaultHttpClientConnectionOperator - Connection established 127.0.0.1:61047<->127.0.0.1:7058
DEBUG: org.apache.http.impl.conn.DefaultManagedHttpClientConnection - http-outgoing-268: set socket timeout to 10800000
DEBUG: org.apache.http.impl.execchain.MainClientExec - Executing request POST /hub/session/e37898b6-8e5c-334f-a9d7-5ee4f0651cdc/element HTTP/1.1
DEBUG: org.apache.http.impl.execchain.MainClientExec - Target auth state: UNCHALLENGED
DEBUG: org.apache.http.impl.execchain.MainClientExec - Proxy auth state: UNCHALLENGED
DEBUG: org.apache.http.headers - http-outgoing-268 >> POST /hub/session/e37898b6-8e5c-334f-a9d7-5ee4f0651cdc/element HTTP/1.1
DEBUG: org.apache.http.headers - http-outgoing-268 >> Content-Type: application/json; charset=utf-8
DEBUG: org.apache.http.headers - http-outgoing-268 >> Content-Length: 43
DEBUG: org.apache.http.headers - http-outgoing-268 >> Host: 127.0.0.1:7058
DEBUG: org.apache.http.headers - http-outgoing-268 >> Connection: Keep-Alive
DEBUG: org.apache.http.headers - http-outgoing-268 >> User-Agent: Apache-HttpClient/4.5.2 (Java/1.7.0_79)
DEBUG: org.apache.http.headers - http-outgoing-268 >> Accept-Encoding: gzip,deflate
DEBUG: org.apache.http.wire - http-outgoing-268 >> "POST /hub/session/e37898b6-8e5c-334f-a9d7-5ee4f0651cdc/element HTTP/1.1[\r][\n]"
DEBUG: org.apache.http.wire - http-outgoing-268 >> "Content-Type: application/json; charset=utf-8[\r][\n]"
DEBUG: org.apache.http.wire - http-outgoing-268 >> "Content-Length: 43[\r][\n]"
DEBUG: org.apache.http.wire - http-outgoing-268 >> "Host: 127.0.0.1:7058[\r][\n]"
DEBUG: org.apache.http.wire - http-outgoing-268 >> "Connection: Keep-Alive[\r][\n]"
DEBUG: org.apache.http.wire - http-outgoing-268 >> "User-Agent: Apache-HttpClient/4.5.2 (Java/1.7.0_79)[\r][\n]"
DEBUG: org.apache.http.wire - http-outgoing-268 >> "Accept-Encoding: gzip,deflate[\r][\n]"
DEBUG: org.apache.http.wire - http-outgoing-268 >> "[\r][\n]"
DEBUG: org.apache.http.wire - http-outgoing-268 >> "{"using":"id","value":"surveySubmitButton"}"
DEBUG: org.apache.http.wire - http-outgoing-268 << "HTTP/1.1 200 OK[\r][\n]"
DEBUG: org.apache.http.wire - http-outgoing-268 << "content-type: application/json; charset=UTF-8[\r][\n]"
DEBUG: org.apache.http.wire - http-outgoing-268 << "connection: close[\r][\n]"
DEBUG: org.apache.http.wire - http-outgoing-268 << "content-length: 224[\r][\n]"
DEBUG: org.apache.http.wire - http-outgoing-268 << "server: httpd.js[\r][\n]"
DEBUG: org.apache.http.wire - http-outgoing-268 << "date: Fri, 26 Aug 2016 09:43:06 GMT[\r][\n]"
DEBUG: org.apache.http.wire - http-outgoing-268 << "[\r][\n]"
DEBUG: org.apache.http.headers - http-outgoing-268 << HTTP/1.1 200 OK
DEBUG: org.apache.http.headers - http-outgoing-268 << content-type: application/json; charset=UTF-8
DEBUG: org.apache.http.headers - http-outgoing-268 << connection: close
DEBUG: org.apache.http.headers - http-outgoing-268 << content-length: 224
DEBUG: org.apache.http.headers - http-outgoing-268 << server: httpd.js
DEBUG: org.apache.http.headers - http-outgoing-268 << date: Fri, 26 Aug 2016 09:43:06 GMT
DEBUG: org.apache.http.wire - http-outgoing-268 << "{"name":"findElement","sessionId":"e37898b6-8e5c-334f-a9d7-5ee4f0651cdc","status":0,"value":{"ELEMENT":"{941329b9-46ed-b743-9319-6d7a45a8b743}","element-6066-11e4-a52e-4f735466cecf":"{941329b9-46ed-b743-9319-6d7a45a8b743}"}}"
DEBUG: org.apache.http.impl.conn.DefaultManagedHttpClientConnection - http-outgoing-268: Close connection
DEBUG: org.apache.http.impl.execchain.MainClientExec - Connection discarded
DEBUG: org.apache.http.impl.conn.PoolingHttpClientConnectionManager - Connection released: [id: 268][route: {}->http://127.0.0.1:7058][total kept alive: 0; route allocated: 0 of 2000; total allocated: 0 of 2000]
DEBUG: org.apache.http.client.protocol.RequestAddCookies - CookieSpec selected: default
DEBUG: org.apache.http.client.protocol.RequestAuthCache - Auth cache not set in the context
DEBUG: org.apache.http.impl.conn.PoolingHttpClientConnectionManager - Connection request: [route: {}->http://127.0.0.1:7058][total kept alive: 0; route allocated: 0 of 2000; total allocated: 0 of 2000]
DEBUG: org.apache.http.impl.conn.PoolingHttpClientConnectionManager - Connection leased: [id: 269][route: {}->http://127.0.0.1:7058][total kept alive: 0; route allocated: 1 of 2000; total allocated: 1 of 2000]
DEBUG: org.apache.http.impl.execchain.MainClientExec - Opening connection {}->http://127.0.0.1:7058
DEBUG: org.apache.http.impl.conn.DefaultHttpClientConnectionOperator - Connecting to /127.0.0.1:7058
DEBUG: org.apache.http.impl.conn.DefaultHttpClientConnectionOperator - Connection established 127.0.0.1:61048<->127.0.0.1:7058
DEBUG: org.apache.http.impl.conn.DefaultManagedHttpClientConnection - http-outgoing-269: set socket timeout to 10800000
DEBUG: org.apache.http.impl.execchain.MainClientExec - Executing request POST /hub/session/e37898b6-8e5c-334f-a9d7-5ee4f0651cdc/element/%7B941329b9-46ed-b743-9319-6d7a45a8b743%7D/click HTTP/1.1
DEBUG: org.apache.http.impl.execchain.MainClientExec - Target auth state: UNCHALLENGED
DEBUG: org.apache.http.impl.execchain.MainClientExec - Proxy auth state: UNCHALLENGED
DEBUG: org.apache.http.headers - http-outgoing-269 >> POST /hub/session/e37898b6-8e5c-334f-a9d7-5ee4f0651cdc/element/%7B941329b9-46ed-b743-9319-6d7a45a8b743%7D/click HTTP/1.1
DEBUG: org.apache.http.headers - http-outgoing-269 >> Content-Type: application/json; charset=utf-8
DEBUG: org.apache.http.headers - http-outgoing-269 >> Content-Length: 47
DEBUG: org.apache.http.headers - http-outgoing-269 >> Host: 127.0.0.1:7058
DEBUG: org.apache.http.headers - http-outgoing-269 >> Connection: Keep-Alive
DEBUG: org.apache.http.headers - http-outgoing-269 >> User-Agent: Apache-HttpClient/4.5.2 (Java/1.7.0_79)
DEBUG: org.apache.http.headers - http-outgoing-269 >> Accept-Encoding: gzip,deflate
DEBUG: org.apache.http.wire - http-outgoing-269 >> "POST /hub/session/e37898b6-8e5c-334f-a9d7-5ee4f0651cdc/element/%7B941329b9-46ed-b743-9319-6d7a45a8b743%7D/click HTTP/1.1[\r][\n]"
DEBUG: org.apache.http.wire - http-outgoing-269 >> "Content-Type: application/json; charset=utf-8[\r][\n]"
DEBUG: org.apache.http.wire - http-outgoing-269 >> "Content-Length: 47[\r][\n]"
DEBUG: org.apache.http.wire - http-outgoing-269 >> "Host: 127.0.0.1:7058[\r][\n]"
DEBUG: org.apache.http.wire - http-outgoing-269 >> "Connection: Keep-Alive[\r][\n]"
DEBUG: org.apache.http.wire - http-outgoing-269 >> "User-Agent: Apache-HttpClient/4.5.2 (Java/1.7.0_79)[\r][\n]"
DEBUG: org.apache.http.wire - http-outgoing-269 >> "Accept-Encoding: gzip,deflate[\r][\n]"
DEBUG: org.apache.http.wire - http-outgoing-269 >> "[\r][\n]"
DEBUG: org.apache.http.wire - http-outgoing-269 >> "{"id":"{941329b9-46ed-b743-9319-6d7a45a8b743}"}"
DEBUG: org.apache.http.wire - http-outgoing-269 << "HTTP/1.1 200 OK[\r][\n]"
DEBUG: org.apache.http.wire - http-outgoing-269 << "content-type: application/json; charset=UTF-8[\r][\n]"
DEBUG: org.apache.http.wire - http-outgoing-269 << "connection: close[\r][\n]"
DEBUG: org.apache.http.wire - http-outgoing-269 << "content-length: 98[\r][\n]"
DEBUG: org.apache.http.wire - http-outgoing-269 << "server: httpd.js[\r][\n]"
DEBUG: org.apache.http.wire - http-outgoing-269 << "date: Fri, 26 Aug 2016 09:43:06 GMT[\r][\n]"
DEBUG: org.apache.http.wire - http-outgoing-269 << "[\r][\n]"
DEBUG: org.apache.http.headers - http-outgoing-269 << HTTP/1.1 200 OK
DEBUG: org.apache.http.headers - http-outgoing-269 << content-type: application/json; charset=UTF-8
DEBUG: org.apache.http.headers - http-outgoing-269 << connection: close
DEBUG: org.apache.http.headers - http-outgoing-269 << content-length: 98
DEBUG: org.apache.http.headers - http-outgoing-269 << server: httpd.js
DEBUG: org.apache.http.headers - http-outgoing-269 << date: Fri, 26 Aug 2016 09:43:06 GMT
DEBUG: org.apache.http.wire - http-outgoing-269 << "{"name":"clickElement","sessionId":"e37898b6-8e5c-334f-a9d7-5ee4f0651cdc","status":0,"value":"ok"}"
DEBUG: org.apache.http.impl.conn.DefaultManagedHttpClientConnection - http-outgoing-269: Close connection
DEBUG: org.apache.http.impl.execchain.MainClientExec - Connection discarded
DEBUG: org.apache.http.impl.conn.PoolingHttpClientConnectionManager - Connection released: [id: 269][route: {}->http://127.0.0.1:7058][total kept alive: 0; route allocated: 0 of 2000; total allocated: 0 of 2000]
DEBUG: org.apache.http.client.protocol.RequestAddCookies - CookieSpec selected: default
DEBUG: org.apache.http.client.protocol.RequestAuthCache - Auth cache not set in the context
DEBUG: org.apache.http.impl.conn.PoolingHttpClientConnectionManager - Connection request: [route: {}->http://127.0.0.1:7058][total kept alive: 0; route allocated: 0 of 2000; total allocated: 0 of 2000]
DEBUG: org.apache.http.impl.conn.PoolingHttpClientConnectionManager - Connection leased: [id: 270][route: {}->http://127.0.0.1:7058][total kept alive: 0; route allocated: 1 of 2000; total allocated: 1 of 2000]
DEBUG: org.apache.http.impl.execchain.MainClientExec - Opening connection {}->http://127.0.0.1:7058
DEBUG: org.apache.http.impl.conn.DefaultHttpClientConnectionOperator - Connecting to /127.0.0.1:7058
DEBUG: org.apache.http.impl.conn.DefaultHttpClientConnectionOperator - Connection established 127.0.0.1:61055<->127.0.0.1:7058
DEBUG: org.apache.http.impl.conn.DefaultManagedHttpClientConnection - http-outgoing-270: set socket timeout to 10800000
DEBUG: org.apache.http.impl.execchain.MainClientExec - Executing request POST /hub/session/e37898b6-8e5c-334f-a9d7-5ee4f0651cdc/element HTTP/1.1
DEBUG: org.apache.http.impl.execchain.MainClientExec - Target auth state: UNCHALLENGED
DEBUG: org.apache.http.impl.execchain.MainClientExec - Proxy auth state: UNCHALLENGED
DEBUG: org.apache.http.headers - http-outgoing-270 >> POST /hub/session/e37898b6-8e5c-334f-a9d7-5ee4f0651cdc/element HTTP/1.1
DEBUG: org.apache.http.headers - http-outgoing-270 >> Content-Type: application/json; charset=utf-8
DEBUG: org.apache.http.headers - http-outgoing-270 >> Content-Length: 39
DEBUG: org.apache.http.headers - http-outgoing-270 >> Host: 127.0.0.1:7058
DEBUG: org.apache.http.headers - http-outgoing-270 >> Connection: Keep-Alive
DEBUG: org.apache.http.headers - http-outgoing-270 >> User-Agent: Apache-HttpClient/4.5.2 (Java/1.7.0_79)
DEBUG: org.apache.http.headers - http-outgoing-270 >> Accept-Encoding: gzip,deflate
DEBUG: org.apache.http.wire - http-outgoing-270 >> "POST /hub/session/e37898b6-8e5c-334f-a9d7-5ee4f0651cdc/element HTTP/1.1[\r][\n]"
DEBUG: org.apache.http.wire - http-outgoing-270 >> "Content-Type: application/json; charset=utf-8[\r][\n]"
DEBUG: org.apache.http.wire - http-outgoing-270 >> "Content-Length: 39[\r][\n]"
DEBUG: org.apache.http.wire - http-outgoing-270 >> "Host: 127.0.0.1:7058[\r][\n]"
DEBUG: org.apache.http.wire - http-outgoing-270 >> "Connection: Keep-Alive[\r][\n]"
DEBUG: org.apache.http.wire - http-outgoing-270 >> "User-Agent: Apache-HttpClient/4.5.2 (Java/1.7.0_79)[\r][\n]"
DEBUG: org.apache.http.wire - http-outgoing-270 >> "Accept-Encoding: gzip,deflate[\r][\n]"
DEBUG: org.apache.http.wire - http-outgoing-270 >> "[\r][\n]"
DEBUG: org.apache.http.wire - http-outgoing-270 >> "{"using":"id","value":"surveyThankYou"}"
DEBUG: org.apache.http.wire - http-outgoing-270 << "HTTP/1.1 200 OK[\r][\n]"
DEBUG: org.apache.http.wire - http-outgoing-270 << "content-type: application/json; charset=UTF-8[\r][\n]"
DEBUG: org.apache.http.wire - http-outgoing-270 << "connection: close[\r][\n]"
DEBUG: org.apache.http.wire - http-outgoing-270 << "content-length: 224[\r][\n]"
DEBUG: org.apache.http.wire - http-outgoing-270 << "server: httpd.js[\r][\n]"
DEBUG: org.apache.http.wire - http-outgoing-270 << "date: Fri, 26 Aug 2016 09:43:06 GMT[\r][\n]"
DEBUG: org.apache.http.wire - http-outgoing-270 << "[\r][\n]"
DEBUG: org.apache.http.headers - http-outgoing-270 << HTTP/1.1 200 OK
DEBUG: org.apache.http.headers - http-outgoing-270 << content-type: application/json; charset=UTF-8
DEBUG: org.apache.http.headers - http-outgoing-270 << connection: close
DEBUG: org.apache.http.headers - http-outgoing-270 << content-length: 224
DEBUG: org.apache.http.headers - http-outgoing-270 << server: httpd.js
DEBUG: org.apache.http.headers - http-outgoing-270 << date: Fri, 26 Aug 2016 09:43:06 GMT
DEBUG: org.apache.http.wire - http-outgoing-270 << "{"name":"findElement","sessionId":"e37898b6-8e5c-334f-a9d7-5ee4f0651cdc","status":0,"value":{"ELEMENT":"{d07d8420-ffd1-5347-aaf0-7b90e12ff4ee}","element-6066-11e4-a52e-4f735466cecf":"{d07d8420-ffd1-5347-aaf0-7b90e12ff4ee}"}}"
DEBUG: org.apache.http.impl.conn.DefaultManagedHttpClientConnection - http-outgoing-270: Close connection
DEBUG: org.apache.http.impl.execchain.MainClientExec - Connection discarded
DEBUG: org.apache.http.impl.conn.PoolingHttpClientConnectionManager - Connection released: [id: 270][route: {}->http://127.0.0.1:7058][total kept alive: 0; route allocated: 0 of 2000; total allocated: 0 of 2000]
DEBUG: org.apache.http.client.protocol.RequestAddCookies - CookieSpec selected: default
DEBUG: org.apache.http.client.protocol.RequestAuthCache - Auth cache not set in the context
DEBUG: org.apache.http.impl.conn.PoolingHttpClientConnectionManager - Connection request: [route: {}->http://127.0.0.1:7058][total kept alive: 0; route allocated: 0 of 2000; total allocated: 0 of 2000]
DEBUG: org.apache.http.impl.conn.PoolingHttpClientConnectionManager - Connection leased: [id: 271][route: {}->http://127.0.0.1:7058][total kept alive: 0; route allocated: 1 of 2000; total allocated: 1 of 2000]
DEBUG: org.apache.http.impl.execchain.MainClientExec - Opening connection {}->http://127.0.0.1:7058
DEBUG: org.apache.http.impl.conn.DefaultHttpClientConnectionOperator - Connecting to /127.0.0.1:7058
DEBUG: org.apache.http.impl.conn.DefaultHttpClientConnectionOperator - Connection established 127.0.0.1:61056<->127.0.0.1:7058
DEBUG: org.apache.http.impl.conn.DefaultManagedHttpClientConnection - http-outgoing-271: set socket timeout to 10800000
DEBUG: org.apache.http.impl.execchain.MainClientExec - Executing request POST /hub/session/e37898b6-8e5c-334f-a9d7-5ee4f0651cdc/element HTTP/1.1
DEBUG: org.apache.http.impl.execchain.MainClientExec - Target auth state: UNCHALLENGED
DEBUG: org.apache.http.impl.execchain.MainClientExec - Proxy auth state: UNCHALLENGED
DEBUG: org.apache.http.headers - http-outgoing-271 >> POST /hub/session/e37898b6-8e5c-334f-a9d7-5ee4f0651cdc/element HTTP/1.1
DEBUG: org.apache.http.headers - http-outgoing-271 >> Content-Type: application/json; charset=utf-8
DEBUG: org.apache.http.headers - http-outgoing-271 >> Content-Length: 39
DEBUG: org.apache.http.headers - http-outgoing-271 >> Host: 127.0.0.1:7058
DEBUG: org.apache.http.headers - http-outgoing-271 >> Connection: Keep-Alive
DEBUG: org.apache.http.headers - http-outgoing-271 >> User-Agent: Apache-HttpClient/4.5.2 (Java/1.7.0_79)
DEBUG: org.apache.http.headers - http-outgoing-271 >> Accept-Encoding: gzip,deflate
DEBUG: org.apache.http.wire - http-outgoing-271 >> "POST /hub/session/e37898b6-8e5c-334f-a9d7-5ee4f0651cdc/element HTTP/1.1[\r][\n]"
DEBUG: org.apache.http.wire - http-outgoing-271 >> "Content-Type: application/json; charset=utf-8[\r][\n]"
DEBUG: org.apache.http.wire - http-outgoing-271 >> "Content-Length: 39[\r][\n]"
DEBUG: org.apache.http.wire - http-outgoing-271 >> "Host: 127.0.0.1:7058[\r][\n]"
DEBUG: org.apache.http.wire - http-outgoing-271 >> "Connection: Keep-Alive[\r][\n]"
DEBUG: org.apache.http.wire - http-outgoing-271 >> "User-Agent: Apache-HttpClient/4.5.2 (Java/1.7.0_79)[\r][\n]"
DEBUG: org.apache.http.wire - http-outgoing-271 >> "Accept-Encoding: gzip,deflate[\r][\n]"
DEBUG: org.apache.http.wire - http-outgoing-271 >> "[\r][\n]"
DEBUG: org.apache.http.wire - http-outgoing-271 >> "{"using":"id","value":"surveyThankYou"}"
DEBUG: org.apache.http.wire - http-outgoing-271 << "HTTP/1.1 200 OK[\r][\n]"
DEBUG: org.apache.http.wire - http-outgoing-271 << "content-type: application/json; charset=UTF-8[\r][\n]"
DEBUG: org.apache.http.wire - http-outgoing-271 << "connection: close[\r][\n]"
DEBUG: org.apache.http.wire - http-outgoing-271 << "content-length: 224[\r][\n]"
DEBUG: org.apache.http.wire - http-outgoing-271 << "server: httpd.js[\r][\n]"
DEBUG: org.apache.http.wire - http-outgoing-271 << "date: Fri, 26 Aug 2016 09:43:06 GMT[\r][\n]"
DEBUG: org.apache.http.wire - http-outgoing-271 << "[\r][\n]"
DEBUG: org.apache.http.headers - http-outgoing-271 << HTTP/1.1 200 OK
DEBUG: org.apache.http.headers - http-outgoing-271 << content-type: application/json; charset=UTF-8
DEBUG: org.apache.http.headers - http-outgoing-271 << connection: close
DEBUG: org.apache.http.headers - http-outgoing-271 << content-length: 224
DEBUG: org.apache.http.headers - http-outgoing-271 << server: httpd.js
DEBUG: org.apache.http.headers - http-outgoing-271 << date: Fri, 26 Aug 2016 09:43:06 GMT
DEBUG: org.apache.http.wire - http-outgoing-271 << "{"name":"findElement","sessionId":"e37898b6-8e5c-334f-a9d7-5ee4f0651cdc","status":0,"value":{"ELEMENT":"{d07d8420-ffd1-5347-aaf0-7b90e12ff4ee}","element-6066-11e4-a52e-4f735466cecf":"{d07d8420-ffd1-5347-aaf0-7b90e12ff4ee}"}}"
DEBUG: org.apache.http.impl.conn.DefaultManagedHttpClientConnection - http-outgoing-271: Close connection
DEBUG: org.apache.http.impl.execchain.MainClientExec - Connection discarded
DEBUG: org.apache.http.impl.conn.PoolingHttpClientConnectionManager - Connection released: [id: 271][route: {}->http://127.0.0.1:7058][total kept alive: 0; route allocated: 0 of 2000; total allocated: 0 of 2000]
DEBUG: org.apache.http.client.protocol.RequestAddCookies - CookieSpec selected: default
DEBUG: org.apache.http.client.protocol.RequestAuthCache - Auth cache not set in the context
DEBUG: org.apache.http.impl.conn.PoolingHttpClientConnectionManager - Connection request: [route: {}->http://127.0.0.1:7058][total kept alive: 0; route allocated: 0 of 2000; total allocated: 0 of 2000]
DEBUG: org.apache.http.impl.conn.PoolingHttpClientConnectionManager - Connection leased: [id: 272][route: {}->http://127.0.0.1:7058][total kept alive: 0; route allocated: 1 of 2000; total allocated: 1 of 2000]
DEBUG: org.apache.http.impl.execchain.MainClientExec - Opening connection {}->http://127.0.0.1:7058
DEBUG: org.apache.http.impl.conn.DefaultHttpClientConnectionOperator - Connecting to /127.0.0.1:7058
DEBUG: org.apache.http.impl.conn.DefaultHttpClientConnectionOperator - Connection established 127.0.0.1:61057<->127.0.0.1:7058
DEBUG: org.apache.http.impl.conn.DefaultManagedHttpClientConnection - http-outgoing-272: set socket timeout to 10800000
DEBUG: org.apache.http.impl.execchain.MainClientExec - Executing request POST /hub/session/e37898b6-8e5c-334f-a9d7-5ee4f0651cdc/element HTTP/1.1
DEBUG: org.apache.http.impl.execchain.MainClientExec - Target auth state: UNCHALLENGED
DEBUG: org.apache.http.impl.execchain.MainClientExec - Proxy auth state: UNCHALLENGED
DEBUG: org.apache.http.headers - http-outgoing-272 >> POST /hub/session/e37898b6-8e5c-334f-a9d7-5ee4f0651cdc/element HTTP/1.1
DEBUG: org.apache.http.headers - http-outgoing-272 >> Content-Type: application/json; charset=utf-8
DEBUG: org.apache.http.headers - http-outgoing-272 >> Content-Length: 36
DEBUG: org.apache.http.headers - http-outgoing-272 >> Host: 127.0.0.1:7058
DEBUG: org.apache.http.headers - http-outgoing-272 >> Connection: Keep-Alive
DEBUG: org.apache.http.headers - http-outgoing-272 >> User-Agent: Apache-HttpClient/4.5.2 (Java/1.7.0_79)
DEBUG: org.apache.http.headers - http-outgoing-272 >> Accept-Encoding: gzip,deflate
DEBUG: org.apache.http.wire - http-outgoing-272 >> "POST /hub/session/e37898b6-8e5c-334f-a9d7-5ee4f0651cdc/element HTTP/1.1[\r][\n]"
DEBUG: org.apache.http.wire - http-outgoing-272 >> "Content-Type: application/json; charset=utf-8[\r][\n]"
DEBUG: org.apache.http.wire - http-outgoing-272 >> "Content-Length: 36[\r][\n]"
DEBUG: org.apache.http.wire - http-outgoing-272 >> "Host: 127.0.0.1:7058[\r][\n]"
DEBUG: org.apache.http.wire - http-outgoing-272 >> "Connection: Keep-Alive[\r][\n]"
DEBUG: org.apache.http.wire - http-outgoing-272 >> "User-Agent: Apache-HttpClient/4.5.2 (Java/1.7.0_79)[\r][\n]"
DEBUG: org.apache.http.wire - http-outgoing-272 >> "Accept-Encoding: gzip,deflate[\r][\n]"
DEBUG: org.apache.http.wire - http-outgoing-272 >> "[\r][\n]"
DEBUG: org.apache.http.wire - http-outgoing-272 >> "{"using":"id","value":"closeButton"}"
DEBUG: org.apache.http.wire - http-outgoing-272 << "HTTP/1.1 200 OK[\r][\n]"
DEBUG: org.apache.http.wire - http-outgoing-272 << "content-type: application/json; charset=UTF-8[\r][\n]"
DEBUG: org.apache.http.wire - http-outgoing-272 << "connection: close[\r][\n]"
DEBUG: org.apache.http.wire - http-outgoing-272 << "content-length: 224[\r][\n]"
DEBUG: org.apache.http.wire - http-outgoing-272 << "server: httpd.js[\r][\n]"
DEBUG: org.apache.http.wire - http-outgoing-272 << "date: Fri, 26 Aug 2016 09:43:06 GMT[\r][\n]"
DEBUG: org.apache.http.wire - http-outgoing-272 << "[\r][\n]"
DEBUG: org.apache.http.headers - http-outgoing-272 << HTTP/1.1 200 OK
DEBUG: org.apache.http.headers - http-outgoing-272 << content-type: application/json; charset=UTF-8
DEBUG: org.apache.http.headers - http-outgoing-272 << connection: close
DEBUG: org.apache.http.headers - http-outgoing-272 << content-length: 224
DEBUG: org.apache.http.headers - http-outgoing-272 << server: httpd.js
DEBUG: org.apache.http.headers - http-outgoing-272 << date: Fri, 26 Aug 2016 09:43:06 GMT
DEBUG: org.apache.http.wire - http-outgoing-272 << "{"name":"findElement","sessionId":"e37898b6-8e5c-334f-a9d7-5ee4f0651cdc","status":0,"value":{"ELEMENT":"{c9cfb6e6-2ad5-5543-a64e-f01dc4fc5487}","element-6066-11e4-a52e-4f735466cecf":"{c9cfb6e6-2ad5-5543-a64e-f01dc4fc5487}"}}"
DEBUG: org.apache.http.impl.conn.DefaultManagedHttpClientConnection - http-outgoing-272: Close connection
DEBUG: org.apache.http.impl.execchain.MainClientExec - Connection discarded
DEBUG: org.apache.http.impl.conn.PoolingHttpClientConnectionManager - Connection released: [id: 272][route: {}->http://127.0.0.1:7058][total kept alive: 0; route allocated: 0 of 2000; total allocated: 0 of 2000]
DEBUG: org.apache.http.client.protocol.RequestAddCookies - CookieSpec selected: default
DEBUG: org.apache.http.client.protocol.RequestAuthCache - Auth cache not set in the context
DEBUG: org.apache.http.impl.conn.PoolingHttpClientConnectionManager - Connection request: [route: {}->http://127.0.0.1:7058][total kept alive: 0; route allocated: 0 of 2000; total allocated: 0 of 2000]
DEBUG: org.apache.http.impl.conn.PoolingHttpClientConnectionManager - Connection leased: [id: 273][route: {}->http://127.0.0.1:7058][total kept alive: 0; route allocated: 1 of 2000; total allocated: 1 of 2000]
DEBUG: org.apache.http.impl.execchain.MainClientExec - Opening connection {}->http://127.0.0.1:7058
DEBUG: org.apache.http.impl.conn.DefaultHttpClientConnectionOperator - Connecting to /127.0.0.1:7058
DEBUG: org.apache.http.impl.conn.DefaultHttpClientConnectionOperator - Connection established 127.0.0.1:61058<->127.0.0.1:7058
DEBUG: org.apache.http.impl.conn.DefaultManagedHttpClientConnection - http-outgoing-273: set socket timeout to 10800000
DEBUG: org.apache.http.impl.execchain.MainClientExec - Executing request POST /hub/session/e37898b6-8e5c-334f-a9d7-5ee4f0651cdc/element/%7Bc9cfb6e6-2ad5-5543-a64e-f01dc4fc5487%7D/click HTTP/1.1
DEBUG: org.apache.http.impl.execchain.MainClientExec - Target auth state: UNCHALLENGED
DEBUG: org.apache.http.impl.execchain.MainClientExec - Proxy auth state: UNCHALLENGED
DEBUG: org.apache.http.headers - http-outgoing-273 >> POST /hub/session/e37898b6-8e5c-334f-a9d7-5ee4f0651cdc/element/%7Bc9cfb6e6-2ad5-5543-a64e-f01dc4fc5487%7D/click HTTP/1.1
DEBUG: org.apache.http.headers - http-outgoing-273 >> Content-Type: application/json; charset=utf-8
DEBUG: org.apache.http.headers - http-outgoing-273 >> Content-Length: 47
DEBUG: org.apache.http.headers - http-outgoing-273 >> Host: 127.0.0.1:7058
DEBUG: org.apache.http.headers - http-outgoing-273 >> Connection: Keep-Alive
DEBUG: org.apache.http.headers - http-outgoing-273 >> User-Agent: Apache-HttpClient/4.5.2 (Java/1.7.0_79)
DEBUG: org.apache.http.headers - http-outgoing-273 >> Accept-Encoding: gzip,deflate
DEBUG: org.apache.http.wire - http-outgoing-273 >> "POST /hub/session/e37898b6-8e5c-334f-a9d7-5ee4f0651cdc/element/%7Bc9cfb6e6-2ad5-5543-a64e-f01dc4fc5487%7D/click HTTP/1.1[\r][\n]"
DEBUG: org.apache.http.wire - http-outgoing-273 >> "Content-Type: application/json; charset=utf-8[\r][\n]"
DEBUG: org.apache.http.wire - http-outgoing-273 >> "Content-Length: 47[\r][\n]"
DEBUG: org.apache.http.wire - http-outgoing-273 >> "Host: 127.0.0.1:7058[\r][\n]"
DEBUG: org.apache.http.wire - http-outgoing-273 >> "Connection: Keep-Alive[\r][\n]"
DEBUG: org.apache.http.wire - http-outgoing-273 >> "User-Agent: Apache-HttpClient/4.5.2 (Java/1.7.0_79)[\r][\n]"
DEBUG: org.apache.http.wire - http-outgoing-273 >> "Accept-Encoding: gzip,deflate[\r][\n]"
DEBUG: org.apache.http.wire - http-outgoing-273 >> "[\r][\n]"
DEBUG: org.apache.http.wire - http-outgoing-273 >> "{"id":"{c9cfb6e6-2ad5-5543-a64e-f01dc4fc5487}"}"
DEBUG: org.apache.http.wire - http-outgoing-273 << "HTTP/1.1 200 OK[\r][\n]"
DEBUG: org.apache.http.wire - http-outgoing-273 << "content-type: application/json; charset=UTF-8[\r][\n]"
DEBUG: org.apache.http.wire - http-outgoing-273 << "connection: close[\r][\n]"
DEBUG: org.apache.http.wire - http-outgoing-273 << "content-length: 98[\r][\n]"
DEBUG: org.apache.http.wire - http-outgoing-273 << "server: httpd.js[\r][\n]"
DEBUG: org.apache.http.wire - http-outgoing-273 << "date: Fri, 26 Aug 2016 09:43:06 GMT[\r][\n]"
DEBUG: org.apache.http.wire - http-outgoing-273 << "[\r][\n]"
DEBUG: org.apache.http.headers - http-outgoing-273 << HTTP/1.1 200 OK
DEBUG: org.apache.http.headers - http-outgoing-273 << content-type: application/json; charset=UTF-8
DEBUG: org.apache.http.headers - http-outgoing-273 << connection: close
DEBUG: org.apache.http.headers - http-outgoing-273 << content-length: 98
DEBUG: org.apache.http.headers - http-outgoing-273 << server: httpd.js
DEBUG: org.apache.http.headers - http-outgoing-273 << date: Fri, 26 Aug 2016 09:43:06 GMT
DEBUG: org.apache.http.wire - http-outgoing-273 << "{"name":"clickElement","sessionId":"e37898b6-8e5c-334f-a9d7-5ee4f0651cdc","status":0,"value":"ok"}"
DEBUG: org.apache.http.impl.conn.DefaultManagedHttpClientConnection - http-outgoing-273: Close connection
DEBUG: org.apache.http.impl.execchain.MainClientExec - Connection discarded
DEBUG: org.apache.http.impl.conn.PoolingHttpClientConnectionManager - Connection released: [id: 273][route: {}->http://127.0.0.1:7058][total kept alive: 0; route allocated: 0 of 2000; total allocated: 0 of 2000]
DEBUG: org.apache.http.client.protocol.RequestAddCookies - CookieSpec selected: default
DEBUG: org.apache.http.client.protocol.RequestAuthCache - Auth cache not set in the context
DEBUG: org.apache.http.impl.conn.PoolingHttpClientConnectionManager - Connection request: [route: {}->http://127.0.0.1:7058][total kept alive: 0; route allocated: 0 of 2000; total allocated: 0 of 2000]
DEBUG: org.apache.http.impl.conn.PoolingHttpClientConnectionManager - Connection leased: [id: 274][route: {}->http://127.0.0.1:7058][total kept alive: 0; route allocated: 1 of 2000; total allocated: 1 of 2000]
DEBUG: org.apache.http.impl.execchain.MainClientExec - Opening connection {}->http://127.0.0.1:7058
DEBUG: org.apache.http.impl.conn.DefaultHttpClientConnectionOperator - Connecting to /127.0.0.1:7058
DEBUG: org.apache.http.impl.conn.DefaultHttpClientConnectionOperator - Connection established 127.0.0.1:61059<->127.0.0.1:7058
DEBUG: org.apache.http.impl.conn.DefaultManagedHttpClientConnection - http-outgoing-274: set socket timeout to 10800000
DEBUG: org.apache.http.impl.execchain.MainClientExec - Executing request POST /hub/session/e37898b6-8e5c-334f-a9d7-5ee4f0651cdc/window HTTP/1.1
DEBUG: org.apache.http.impl.execchain.MainClientExec - Target auth state: UNCHALLENGED
DEBUG: org.apache.http.impl.execchain.MainClientExec - Proxy auth state: UNCHALLENGED
DEBUG: org.apache.http.headers - http-outgoing-274 >> POST /hub/session/e37898b6-8e5c-334f-a9d7-5ee4f0651cdc/window HTTP/1.1
DEBUG: org.apache.http.headers - http-outgoing-274 >> Content-Type: application/json; charset=utf-8
DEBUG: org.apache.http.headers - http-outgoing-274 >> Content-Length: 49
DEBUG: org.apache.http.headers - http-outgoing-274 >> Host: 127.0.0.1:7058
DEBUG: org.apache.http.headers - http-outgoing-274 >> Connection: Keep-Alive
DEBUG: org.apache.http.headers - http-outgoing-274 >> User-Agent: Apache-HttpClient/4.5.2 (Java/1.7.0_79)
DEBUG: org.apache.http.headers - http-outgoing-274 >> Accept-Encoding: gzip,deflate
DEBUG: org.apache.http.wire - http-outgoing-274 >> "POST /hub/session/e37898b6-8e5c-334f-a9d7-5ee4f0651cdc/window HTTP/1.1[\r][\n]"
DEBUG: org.apache.http.wire - http-outgoing-274 >> "Content-Type: application/json; charset=utf-8[\r][\n]"
DEBUG: org.apache.http.wire - http-outgoing-274 >> "Content-Length: 49[\r][\n]"
DEBUG: org.apache.http.wire - http-outgoing-274 >> "Host: 127.0.0.1:7058[\r][\n]"
DEBUG: org.apache.http.wire - http-outgoing-274 >> "Connection: Keep-Alive[\r][\n]"
DEBUG: org.apache.http.wire - http-outgoing-274 >> "User-Agent: Apache-HttpClient/4.5.2 (Java/1.7.0_79)[\r][\n]"
DEBUG: org.apache.http.wire - http-outgoing-274 >> "Accept-Encoding: gzip,deflate[\r][\n]"
DEBUG: org.apache.http.wire - http-outgoing-274 >> "[\r][\n]"
DEBUG: org.apache.http.wire - http-outgoing-274 >> "{"name":"{eeb346a1-0c7d-104d-8d65-208509283ce6}"}"
DEBUG: org.apache.http.wire - http-outgoing-274 << "HTTP/1.1 200 OK[\r][\n]"
DEBUG: org.apache.http.wire - http-outgoing-274 << "content-type: application/json; charset=UTF-8[\r][\n]"
DEBUG: org.apache.http.wire - http-outgoing-274 << "connection: close[\r][\n]"
DEBUG: org.apache.http.wire - http-outgoing-274 << "content-length: 134[\r][\n]"
DEBUG: org.apache.http.wire - http-outgoing-274 << "server: httpd.js[\r][\n]"
DEBUG: org.apache.http.wire - http-outgoing-274 << "date: Fri, 26 Aug 2016 09:43:06 GMT[\r][\n]"
DEBUG: org.apache.http.wire - http-outgoing-274 << "[\r][\n]"
DEBUG: org.apache.http.headers - http-outgoing-274 << HTTP/1.1 200 OK
DEBUG: org.apache.http.headers - http-outgoing-274 << content-type: application/json; charset=UTF-8
DEBUG: org.apache.http.headers - http-outgoing-274 << connection: close
DEBUG: org.apache.http.headers - http-outgoing-274 << content-length: 134
DEBUG: org.apache.http.headers - http-outgoing-274 << server: httpd.js
DEBUG: org.apache.http.headers - http-outgoing-274 << date: Fri, 26 Aug 2016 09:43:06 GMT
DEBUG: org.apache.http.wire - http-outgoing-274 << "{"name":"switchToWindow","sessionId":"e37898b6-8e5c-334f-a9d7-5ee4f0651cdc","status":0,"value":"e37898b6-8e5c-334f-a9d7-5ee4f0651cdc"}"
DEBUG: org.apache.http.impl.conn.DefaultManagedHttpClientConnection - http-outgoing-274: Close connection
DEBUG: org.apache.http.impl.execchain.MainClientExec - Connection discarded
DEBUG: org.apache.http.impl.conn.PoolingHttpClientConnectionManager - Connection released: [id: 274][route: {}->http://127.0.0.1:7058][total kept alive: 0; route allocated: 0 of 2000; total allocated: 0 of 2000]
DEBUG: org.apache.http.client.protocol.RequestAddCookies - CookieSpec selected: default
DEBUG: org.apache.http.client.protocol.RequestAuthCache - Auth cache not set in the context
DEBUG: org.apache.http.impl.conn.PoolingHttpClientConnectionManager - Connection request: [route: {}->http://127.0.0.1:7058][total kept alive: 0; route allocated: 0 of 2000; total allocated: 0 of 2000]
DEBUG: org.apache.http.impl.conn.PoolingHttpClientConnectionManager - Connection leased: [id: 275][route: {}->http://127.0.0.1:7058][total kept alive: 0; route allocated: 1 of 2000; total allocated: 1 of 2000]
DEBUG: org.apache.http.impl.execchain.MainClientExec - Opening connection {}->http://127.0.0.1:7058
DEBUG: org.apache.http.impl.conn.DefaultHttpClientConnectionOperator - Connecting to /127.0.0.1:7058
DEBUG: org.apache.http.impl.conn.DefaultHttpClientConnectionOperator - Connection established 127.0.0.1:61060<->127.0.0.1:7058
DEBUG: org.apache.http.impl.conn.DefaultManagedHttpClientConnection - http-outgoing-275: set socket timeout to 10800000
DEBUG: org.apache.http.impl.execchain.MainClientExec - Executing request POST /hub/session/e37898b6-8e5c-334f-a9d7-5ee4f0651cdc/url HTTP/1.1
DEBUG: org.apache.http.impl.execchain.MainClientExec - Target auth state: UNCHALLENGED
DEBUG: org.apache.http.impl.execchain.MainClientExec - Proxy auth state: UNCHALLENGED
DEBUG: org.apache.http.headers - http-outgoing-275 >> POST /hub/session/e37898b6-8e5c-334f-a9d7-5ee4f0651cdc/url HTTP/1.1
DEBUG: org.apache.http.headers - http-outgoing-275 >> Content-Type: application/json; charset=utf-8
DEBUG: org.apache.http.headers - http-outgoing-275 >> Content-Length: 38
DEBUG: org.apache.http.headers - http-outgoing-275 >> Host: 127.0.0.1:7058
DEBUG: org.apache.http.headers - http-outgoing-275 >> Connection: Keep-Alive
DEBUG: org.apache.http.headers - http-outgoing-275 >> User-Agent: Apache-HttpClient/4.5.2 (Java/1.7.0_79)
DEBUG: org.apache.http.headers - http-outgoing-275 >> Accept-Encoding: gzip,deflate
DEBUG: org.apache.http.wire - http-outgoing-275 >> "POST /hub/session/e37898b6-8e5c-334f-a9d7-5ee4f0651cdc/url HTTP/1.1[\r][\n]"
DEBUG: org.apache.http.wire - http-outgoing-275 >> "Content-Type: application/json; charset=utf-8[\r][\n]"
DEBUG: org.apache.http.wire - http-outgoing-275 >> "Content-Length: 38[\r][\n]"
DEBUG: org.apache.http.wire - http-outgoing-275 >> "Host: 127.0.0.1:7058[\r][\n]"
DEBUG: org.apache.http.wire - http-outgoing-275 >> "Connection: Keep-Alive[\r][\n]"
DEBUG: org.apache.http.wire - http-outgoing-275 >> "User-Agent: Apache-HttpClient/4.5.2 (Java/1.7.0_79)[\r][\n]"
DEBUG: org.apache.http.wire - http-outgoing-275 >> "Accept-Encoding: gzip,deflate[\r][\n]"
DEBUG: org.apache.http.wire - http-outgoing-275 >> "[\r][\n]"
DEBUG: org.apache.http.wire - http-outgoing-275 >> "{"url":"http://localhost:8080/logout"}"
DEBUG: org.apache.http.wire - http-outgoing-275 << "HTTP/1.1 200 OK[\r][\n]"
DEBUG: org.apache.http.wire - http-outgoing-275 << "content-type: application/json; charset=UTF-8[\r][\n]"
DEBUG: org.apache.http.wire - http-outgoing-275 << "connection: close[\r][\n]"
DEBUG: org.apache.http.wire - http-outgoing-275 << "content-length: 87[\r][\n]"
DEBUG: org.apache.http.wire - http-outgoing-275 << "server: httpd.js[\r][\n]"
DEBUG: org.apache.http.wire - http-outgoing-275 << "date: Fri, 26 Aug 2016 09:43:06 GMT[\r][\n]"
DEBUG: org.apache.http.wire - http-outgoing-275 << "[\r][\n]"
DEBUG: org.apache.http.headers - http-outgoing-275 << HTTP/1.1 200 OK
DEBUG: org.apache.http.headers - http-outgoing-275 << content-type: application/json; charset=UTF-8
DEBUG: org.apache.http.headers - http-outgoing-275 << connection: close
DEBUG: org.apache.http.headers - http-outgoing-275 << content-length: 87
DEBUG: org.apache.http.headers - http-outgoing-275 << server: httpd.js
DEBUG: org.apache.http.headers - http-outgoing-275 << date: Fri, 26 Aug 2016 09:43:06 GMT
DEBUG: org.apache.http.wire - http-outgoing-275 << "{"name":"get","sessionId":"e37898b6-8e5c-334f-a9d7-5ee4f0651cdc","status":0,"value":""}"
DEBUG: org.apache.http.impl.conn.DefaultManagedHttpClientConnection - http-outgoing-275: Close connection
DEBUG: org.apache.http.impl.execchain.MainClientExec - Connection discarded
DEBUG: org.apache.http.impl.conn.PoolingHttpClientConnectionManager - Connection released: [id: 275][route: {}->http://127.0.0.1:7058][total kept alive: 0; route allocated: 0 of 2000; total allocated: 0 of 2000]
DEBUG: org.apache.http.client.protocol.RequestAddCookies - CookieSpec selected: default
DEBUG: org.apache.http.client.protocol.RequestAuthCache - Auth cache not set in the context
DEBUG: org.apache.http.impl.conn.PoolingHttpClientConnectionManager - Connection request: [route: {}->http://127.0.0.1:7058][total kept alive: 0; route allocated: 0 of 2000; total allocated: 0 of 2000]
DEBUG: org.apache.http.impl.conn.PoolingHttpClientConnectionManager - Connection leased: [id: 276][route: {}->http://127.0.0.1:7058][total kept alive: 0; route allocated: 1 of 2000; total allocated: 1 of 2000]
DEBUG: org.apache.http.impl.execchain.MainClientExec - Opening connection {}->http://127.0.0.1:7058
DEBUG: org.apache.http.impl.conn.DefaultHttpClientConnectionOperator - Connecting to /127.0.0.1:7058
DEBUG: org.apache.http.impl.conn.DefaultHttpClientConnectionOperator - Connection established 127.0.0.1:61061<->127.0.0.1:7058
DEBUG: org.apache.http.impl.conn.DefaultManagedHttpClientConnection - http-outgoing-276: set socket timeout to 10800000
DEBUG: org.apache.http.impl.execchain.MainClientExec - Executing request POST /hub/session/e37898b6-8e5c-334f-a9d7-5ee4f0651cdc/element HTTP/1.1
DEBUG: org.apache.http.impl.execchain.MainClientExec - Target auth state: UNCHALLENGED
DEBUG: org.apache.http.impl.execchain.MainClientExec - Proxy auth state: UNCHALLENGED
DEBUG: org.apache.http.headers - http-outgoing-276 >> POST /hub/session/e37898b6-8e5c-334f-a9d7-5ee4f0651cdc/element HTTP/1.1
DEBUG: org.apache.http.headers - http-outgoing-276 >> Content-Type: application/json; charset=utf-8
DEBUG: org.apache.http.headers - http-outgoing-276 >> Content-Length: 38
DEBUG: org.apache.http.headers - http-outgoing-276 >> Host: 127.0.0.1:7058
DEBUG: org.apache.http.headers - http-outgoing-276 >> Connection: Keep-Alive
DEBUG: org.apache.http.headers - http-outgoing-276 >> User-Agent: Apache-HttpClient/4.5.2 (Java/1.7.0_79)
DEBUG: org.apache.http.headers - http-outgoing-276 >> Accept-Encoding: gzip,deflate
DEBUG: org.apache.http.wire - http-outgoing-276 >> "POST /hub/session/e37898b6-8e5c-334f-a9d7-5ee4f0651cdc/element HTTP/1.1[\r][\n]"
DEBUG: org.apache.http.wire - http-outgoing-276 >> "Content-Type: application/json; charset=utf-8[\r][\n]"
DEBUG: org.apache.http.wire - http-outgoing-276 >> "Content-Length: 38[\r][\n]"
DEBUG: org.apache.http.wire - http-outgoing-276 >> "Host: 127.0.0.1:7058[\r][\n]"
DEBUG: org.apache.http.wire - http-outgoing-276 >> "Connection: Keep-Alive[\r][\n]"
DEBUG: org.apache.http.wire - http-outgoing-276 >> "User-Agent: Apache-HttpClient/4.5.2 (Java/1.7.0_79)[\r][\n]"
DEBUG: org.apache.http.wire - http-outgoing-276 >> "Accept-Encoding: gzip,deflate[\r][\n]"
DEBUG: org.apache.http.wire - http-outgoing-276 >> "[\r][\n]"
DEBUG: org.apache.http.wire - http-outgoing-276 >> "{"using":"link text","value":"Logout"}"
DEBUG: org.apache.http.wire - http-outgoing-276 << "HTTP/1.1 200 OK[\r][\n]"
DEBUG: org.apache.http.wire - http-outgoing-276 << "content-type: application/json; charset=UTF-8[\r][\n]"
DEBUG: org.apache.http.wire - http-outgoing-276 << "connection: close[\r][\n]"
DEBUG: org.apache.http.wire - http-outgoing-276 << "content-length: 224[\r][\n]"
DEBUG: org.apache.http.wire - http-outgoing-276 << "server: httpd.js[\r][\n]"
DEBUG: org.apache.http.wire - http-outgoing-276 << "date: Fri, 26 Aug 2016 09:43:06 GMT[\r][\n]"
DEBUG: org.apache.http.wire - http-outgoing-276 << "[\r][\n]"
DEBUG: org.apache.http.headers - http-outgoing-276 << HTTP/1.1 200 OK
DEBUG: org.apache.http.headers - http-outgoing-276 << content-type: application/json; charset=UTF-8
DEBUG: org.apache.http.headers - http-outgoing-276 << connection: close
DEBUG: org.apache.http.headers - http-outgoing-276 << content-length: 224
DEBUG: org.apache.http.headers - http-outgoing-276 << server: httpd.js
DEBUG: org.apache.http.headers - http-outgoing-276 << date: Fri, 26 Aug 2016 09:43:06 GMT
DEBUG: org.apache.http.wire - http-outgoing-276 << "{"name":"findElement","sessionId":"e37898b6-8e5c-334f-a9d7-5ee4f0651cdc","status":0,"value":{"ELEMENT":"{c24b1376-bc2c-5c47-87df-d5b4f13d8f6e}","element-6066-11e4-a52e-4f735466cecf":"{c24b1376-bc2c-5c47-87df-d5b4f13d8f6e}"}}"
DEBUG: org.apache.http.impl.conn.DefaultManagedHttpClientConnection - http-outgoing-276: Close connection
DEBUG: org.apache.http.impl.execchain.MainClientExec - Connection discarded
DEBUG: org.apache.http.impl.conn.PoolingHttpClientConnectionManager - Connection released: [id: 276][route: {}->http://127.0.0.1:7058][total kept alive: 0; route allocated: 0 of 2000; total allocated: 0 of 2000]
DEBUG: org.apache.http.client.protocol.RequestAddCookies - CookieSpec selected: default
DEBUG: org.apache.http.client.protocol.RequestAuthCache - Auth cache not set in the context
DEBUG: org.apache.http.impl.conn.PoolingHttpClientConnectionManager - Connection request: [route: {}->http://127.0.0.1:7058][total kept alive: 0; route allocated: 0 of 2000; total allocated: 0 of 2000]
DEBUG: org.apache.http.impl.conn.PoolingHttpClientConnectionManager - Connection leased: [id: 277][route: {}->http://127.0.0.1:7058][total kept alive: 0; route allocated: 1 of 2000; total allocated: 1 of 2000]
DEBUG: org.apache.http.impl.execchain.MainClientExec - Opening connection {}->http://127.0.0.1:7058
DEBUG: org.apache.http.impl.conn.DefaultHttpClientConnectionOperator - Connecting to /127.0.0.1:7058
DEBUG: org.apache.http.impl.conn.DefaultHttpClientConnectionOperator - Connection established 127.0.0.1:61062<->127.0.0.1:7058
DEBUG: org.apache.http.impl.conn.DefaultManagedHttpClientConnection - http-outgoing-277: set socket timeout to 10800000
DEBUG: org.apache.http.impl.execchain.MainClientExec - Executing request POST /hub/session/e37898b6-8e5c-334f-a9d7-5ee4f0651cdc/element/%7Bc24b1376-bc2c-5c47-87df-d5b4f13d8f6e%7D/click HTTP/1.1
DEBUG: org.apache.http.impl.execchain.MainClientExec - Target auth state: UNCHALLENGED
DEBUG: org.apache.http.impl.execchain.MainClientExec - Proxy auth state: UNCHALLENGED
DEBUG: org.apache.http.headers - http-outgoing-277 >> POST /hub/session/e37898b6-8e5c-334f-a9d7-5ee4f0651cdc/element/%7Bc24b1376-bc2c-5c47-87df-d5b4f13d8f6e%7D/click HTTP/1.1
DEBUG: org.apache.http.headers - http-outgoing-277 >> Content-Type: application/json; charset=utf-8
DEBUG: org.apache.http.headers - http-outgoing-277 >> Content-Length: 47
DEBUG: org.apache.http.headers - http-outgoing-277 >> Host: 127.0.0.1:7058
DEBUG: org.apache.http.headers - http-outgoing-277 >> Connection: Keep-Alive
DEBUG: org.apache.http.headers - http-outgoing-277 >> User-Agent: Apache-HttpClient/4.5.2 (Java/1.7.0_79)
DEBUG: org.apache.http.headers - http-outgoing-277 >> Accept-Encoding: gzip,deflate
DEBUG: org.apache.http.wire - http-outgoing-277 >> "POST /hub/session/e37898b6-8e5c-334f-a9d7-5ee4f0651cdc/element/%7Bc24b1376-bc2c-5c47-87df-d5b4f13d8f6e%7D/click HTTP/1.1[\r][\n]"
DEBUG: org.apache.http.wire - http-outgoing-277 >> "Content-Type: application/json; charset=utf-8[\r][\n]"
DEBUG: org.apache.http.wire - http-outgoing-277 >> "Content-Length: 47[\r][\n]"
DEBUG: org.apache.http.wire - http-outgoing-277 >> "Host: 127.0.0.1:7058[\r][\n]"
DEBUG: org.apache.http.wire - http-outgoing-277 >> "Connection: Keep-Alive[\r][\n]"
DEBUG: org.apache.http.wire - http-outgoing-277 >> "User-Agent: Apache-HttpClient/4.5.2 (Java/1.7.0_79)[\r][\n]"
DEBUG: org.apache.http.wire - http-outgoing-277 >> "Accept-Encoding: gzip,deflate[\r][\n]"
DEBUG: org.apache.http.wire - http-outgoing-277 >> "[\r][\n]"
DEBUG: org.apache.http.wire - http-outgoing-277 >> "{"id":"{c24b1376-bc2c-5c47-87df-d5b4f13d8f6e}"}"
DEBUG: org.apache.http.wire - http-outgoing-277 << "HTTP/1.1 200 OK[\r][\n]"
DEBUG: org.apache.http.wire - http-outgoing-277 << "content-type: application/json; charset=UTF-8[\r][\n]"
DEBUG: org.apache.http.wire - http-outgoing-277 << "connection: close[\r][\n]"
DEBUG: org.apache.http.wire - http-outgoing-277 << "content-length: 98[\r][\n]"
DEBUG: org.apache.http.wire - http-outgoing-277 << "server: httpd.js[\r][\n]"
DEBUG: org.apache.http.wire - http-outgoing-277 << "date: Fri, 26 Aug 2016 09:43:06 GMT[\r][\n]"
DEBUG: org.apache.http.wire - http-outgoing-277 << "[\r][\n]"
DEBUG: org.apache.http.headers - http-outgoing-277 << HTTP/1.1 200 OK
DEBUG: org.apache.http.headers - http-outgoing-277 << content-type: application/json; charset=UTF-8
DEBUG: org.apache.http.headers - http-outgoing-277 << connection: close
DEBUG: org.apache.http.headers - http-outgoing-277 << content-length: 98
DEBUG: org.apache.http.headers - http-outgoing-277 << server: httpd.js
DEBUG: org.apache.http.headers - http-outgoing-277 << date: Fri, 26 Aug 2016 09:43:06 GMT
DEBUG: org.apache.http.wire - http-outgoing-277 << "{"name":"clickElement","sessionId":"e37898b6-8e5c-334f-a9d7-5ee4f0651cdc","status":0,"value":"ok"}"
DEBUG: org.apache.http.impl.conn.DefaultManagedHttpClientConnection - http-outgoing-277: Close connection
DEBUG: org.apache.http.impl.execchain.MainClientExec - Connection discarded
DEBUG: org.apache.http.impl.conn.PoolingHttpClientConnectionManager - Connection released: [id: 277][route: {}->http://127.0.0.1:7058][total kept alive: 0; route allocated: 0 of 2000; total allocated: 0 of 2000]
DEBUG: org.apache.http.client.protocol.RequestAddCookies - CookieSpec selected: default
DEBUG: org.apache.http.client.protocol.RequestAuthCache - Auth cache not set in the context
DEBUG: org.apache.http.impl.conn.PoolingHttpClientConnectionManager - Connection request: [route: {}->http://127.0.0.1:7058][total kept alive: 0; route allocated: 0 of 2000; total allocated: 0 of 2000]
DEBUG: org.apache.http.impl.conn.PoolingHttpClientConnectionManager - Connection leased: [id: 278][route: {}->http://127.0.0.1:7058][total kept alive: 0; route allocated: 1 of 2000; total allocated: 1 of 2000]
DEBUG: org.apache.http.impl.execchain.MainClientExec - Opening connection {}->http://127.0.0.1:7058
DEBUG: org.apache.http.impl.conn.DefaultHttpClientConnectionOperator - Connecting to /127.0.0.1:7058
DEBUG: org.apache.http.impl.conn.DefaultHttpClientConnectionOperator - Connection established 127.0.0.1:61064<->127.0.0.1:7058
DEBUG: org.apache.http.impl.conn.DefaultManagedHttpClientConnection - http-outgoing-278: set socket timeout to 10800000
DEBUG: org.apache.http.impl.execchain.MainClientExec - Executing request POST /hub/session/e37898b6-8e5c-334f-a9d7-5ee4f0651cdc/url HTTP/1.1
DEBUG: org.apache.http.impl.execchain.MainClientExec - Target auth state: UNCHALLENGED
DEBUG: org.apache.http.impl.execchain.MainClientExec - Proxy auth state: UNCHALLENGED
DEBUG: org.apache.http.headers - http-outgoing-278 >> POST /hub/session/e37898b6-8e5c-334f-a9d7-5ee4f0651cdc/url HTTP/1.1
DEBUG: org.apache.http.headers - http-outgoing-278 >> Content-Type: application/json; charset=utf-8
DEBUG: org.apache.http.headers - http-outgoing-278 >> Content-Length: 38
DEBUG: org.apache.http.headers - http-outgoing-278 >> Host: 127.0.0.1:7058
DEBUG: org.apache.http.headers - http-outgoing-278 >> Connection: Keep-Alive
DEBUG: org.apache.http.headers - http-outgoing-278 >> User-Agent: Apache-HttpClient/4.5.2 (Java/1.7.0_79)
DEBUG: org.apache.http.headers - http-outgoing-278 >> Accept-Encoding: gzip,deflate
DEBUG: org.apache.http.wire - http-outgoing-278 >> "POST /hub/session/e37898b6-8e5c-334f-a9d7-5ee4f0651cdc/url HTTP/1.1[\r][\n]"
DEBUG: org.apache.http.wire - http-outgoing-278 >> "Content-Type: application/json; charset=utf-8[\r][\n]"
DEBUG: org.apache.http.wire - http-outgoing-278 >> "Content-Length: 38[\r][\n]"
DEBUG: org.apache.http.wire - http-outgoing-278 >> "Host: 127.0.0.1:7058[\r][\n]"
DEBUG: org.apache.http.wire - http-outgoing-278 >> "Connection: Keep-Alive[\r][\n]"
DEBUG: org.apache.http.wire - http-outgoing-278 >> "User-Agent: Apache-HttpClient/4.5.2 (Java/1.7.0_79)[\r][\n]"
DEBUG: org.apache.http.wire - http-outgoing-278 >> "Accept-Encoding: gzip,deflate[\r][\n]"
DEBUG: org.apache.http.wire - http-outgoing-278 >> "[\r][\n]"
DEBUG: org.apache.http.wire - http-outgoing-278 >> "{"url":"http://localhost:8080/logout"}"
DEBUG: org.apache.http.wire - http-outgoing-278 << "HTTP/1.1 200 OK[\r][\n]"
DEBUG: org.apache.http.wire - http-outgoing-278 << "content-type: application/json; charset=UTF-8[\r][\n]"
DEBUG: org.apache.http.wire - http-outgoing-278 << "connection: close[\r][\n]"
DEBUG: org.apache.http.wire - http-outgoing-278 << "content-length: 87[\r][\n]"
DEBUG: org.apache.http.wire - http-outgoing-278 << "server: httpd.js[\r][\n]"
DEBUG: org.apache.http.wire - http-outgoing-278 << "date: Fri, 26 Aug 2016 09:43:06 GMT[\r][\n]"
DEBUG: org.apache.http.wire - http-outgoing-278 << "[\r][\n]"
DEBUG: org.apache.http.headers - http-outgoing-278 << HTTP/1.1 200 OK
DEBUG: org.apache.http.headers - http-outgoing-278 << content-type: application/json; charset=UTF-8
DEBUG: org.apache.http.headers - http-outgoing-278 << connection: close
DEBUG: org.apache.http.headers - http-outgoing-278 << content-length: 87
DEBUG: org.apache.http.headers - http-outgoing-278 << server: httpd.js
DEBUG: org.apache.http.headers - http-outgoing-278 << date: Fri, 26 Aug 2016 09:43:06 GMT
DEBUG: org.apache.http.wire - http-outgoing-278 << "{"name":"get","sessionId":"e37898b6-8e5c-334f-a9d7-5ee4f0651cdc","status":0,"value":""}"
DEBUG: org.apache.http.impl.conn.DefaultManagedHttpClientConnection - http-outgoing-278: Close connection
DEBUG: org.apache.http.impl.execchain.MainClientExec - Connection discarded
DEBUG: org.apache.http.impl.conn.PoolingHttpClientConnectionManager - Connection released: [id: 278][route: {}->http://127.0.0.1:7058][total kept alive: 0; route allocated: 0 of 2000; total allocated: 0 of 2000]
DEBUG: org.apache.http.client.protocol.RequestAddCookies - CookieSpec selected: default
DEBUG: org.apache.http.client.protocol.RequestAuthCache - Auth cache not set in the context
DEBUG: org.apache.http.impl.conn.PoolingHttpClientConnectionManager - Connection request: [route: {}->http://127.0.0.1:7058][total kept alive: 0; route allocated: 0 of 2000; total allocated: 0 of 2000]
DEBUG: org.apache.http.impl.conn.PoolingHttpClientConnectionManager - Connection leased: [id: 279][route: {}->http://127.0.0.1:7058][total kept alive: 0; route allocated: 1 of 2000; total allocated: 1 of 2000]
DEBUG: org.apache.http.impl.execchain.MainClientExec - Opening connection {}->http://127.0.0.1:7058
DEBUG: org.apache.http.impl.conn.DefaultHttpClientConnectionOperator - Connecting to /127.0.0.1:7058
DEBUG: org.apache.http.impl.conn.DefaultHttpClientConnectionOperator - Connection established 127.0.0.1:61065<->127.0.0.1:7058
DEBUG: org.apache.http.impl.conn.DefaultManagedHttpClientConnection - http-outgoing-279: set socket timeout to 10800000
DEBUG: org.apache.http.impl.execchain.MainClientExec - Executing request POST /hub/session/e37898b6-8e5c-334f-a9d7-5ee4f0651cdc/element HTTP/1.1
DEBUG: org.apache.http.impl.execchain.MainClientExec - Target auth state: UNCHALLENGED
DEBUG: org.apache.http.impl.execchain.MainClientExec - Proxy auth state: UNCHALLENGED
DEBUG: org.apache.http.headers - http-outgoing-279 >> POST /hub/session/e37898b6-8e5c-334f-a9d7-5ee4f0651cdc/element HTTP/1.1
DEBUG: org.apache.http.headers - http-outgoing-279 >> Content-Type: application/json; charset=utf-8
DEBUG: org.apache.http.headers - http-outgoing-279 >> Content-Length: 38
DEBUG: org.apache.http.headers - http-outgoing-279 >> Host: 127.0.0.1:7058
DEBUG: org.apache.http.headers - http-outgoing-279 >> Connection: Keep-Alive
DEBUG: org.apache.http.headers - http-outgoing-279 >> User-Agent: Apache-HttpClient/4.5.2 (Java/1.7.0_79)
DEBUG: org.apache.http.headers - http-outgoing-279 >> Accept-Encoding: gzip,deflate
DEBUG: org.apache.http.wire - http-outgoing-279 >> "POST /hub/session/e37898b6-8e5c-334f-a9d7-5ee4f0651cdc/element HTTP/1.1[\r][\n]"
DEBUG: org.apache.http.wire - http-outgoing-279 >> "Content-Type: application/json; charset=utf-8[\r][\n]"
DEBUG: org.apache.http.wire - http-outgoing-279 >> "Content-Length: 38[\r][\n]"
DEBUG: org.apache.http.wire - http-outgoing-279 >> "Host: 127.0.0.1:7058[\r][\n]"
DEBUG: org.apache.http.wire - http-outgoing-279 >> "Connection: Keep-Alive[\r][\n]"
DEBUG: org.apache.http.wire - http-outgoing-279 >> "User-Agent: Apache-HttpClient/4.5.2 (Java/1.7.0_79)[\r][\n]"
DEBUG: org.apache.http.wire - http-outgoing-279 >> "Accept-Encoding: gzip,deflate[\r][\n]"
DEBUG: org.apache.http.wire - http-outgoing-279 >> "[\r][\n]"
DEBUG: org.apache.http.wire - http-outgoing-279 >> "{"using":"link text","value":"Logout"}"
DEBUG: org.apache.http.wire - http-outgoing-279 << "HTTP/1.1 200 OK[\r][\n]"
DEBUG: org.apache.http.wire - http-outgoing-279 << "content-type: application/json; charset=UTF-8[\r][\n]"
DEBUG: org.apache.http.wire - http-outgoing-279 << "connection: close[\r][\n]"
DEBUG: org.apache.http.wire - http-outgoing-279 << "content-length: 224[\r][\n]"
DEBUG: org.apache.http.wire - http-outgoing-279 << "server: httpd.js[\r][\n]"
DEBUG: org.apache.http.wire - http-outgoing-279 << "date: Fri, 26 Aug 2016 09:43:06 GMT[\r][\n]"
DEBUG: org.apache.http.wire - http-outgoing-279 << "[\r][\n]"
DEBUG: org.apache.http.headers - http-outgoing-279 << HTTP/1.1 200 OK
DEBUG: org.apache.http.headers - http-outgoing-279 << content-type: application/json; charset=UTF-8
DEBUG: org.apache.http.headers - http-outgoing-279 << connection: close
DEBUG: org.apache.http.headers - http-outgoing-279 << content-length: 224
DEBUG: org.apache.http.headers - http-outgoing-279 << server: httpd.js
DEBUG: org.apache.http.headers - http-outgoing-279 << date: Fri, 26 Aug 2016 09:43:06 GMT
DEBUG: org.apache.http.wire - http-outgoing-279 << "{"name":"findElement","sessionId":"e37898b6-8e5c-334f-a9d7-5ee4f0651cdc","status":0,"value":{"ELEMENT":"{aadef9d5-f604-ab40-9499-d1946563040a}","element-6066-11e4-a52e-4f735466cecf":"{aadef9d5-f604-ab40-9499-d1946563040a}"}}"
DEBUG: org.apache.http.impl.conn.DefaultManagedHttpClientConnection - http-outgoing-279: Close connection
DEBUG: org.apache.http.impl.execchain.MainClientExec - Connection discarded
DEBUG: org.apache.http.impl.conn.PoolingHttpClientConnectionManager - Connection released: [id: 279][route: {}->http://127.0.0.1:7058][total kept alive: 0; route allocated: 0 of 2000; total allocated: 0 of 2000]
DEBUG: org.apache.http.client.protocol.RequestAddCookies - CookieSpec selected: default
DEBUG: org.apache.http.client.protocol.RequestAuthCache - Auth cache not set in the context
DEBUG: org.apache.http.impl.conn.PoolingHttpClientConnectionManager - Connection request: [route: {}->http://127.0.0.1:7058][total kept alive: 0; route allocated: 0 of 2000; total allocated: 0 of 2000]
DEBUG: org.apache.http.impl.conn.PoolingHttpClientConnectionManager - Connection leased: [id: 280][route: {}->http://127.0.0.1:7058][total kept alive: 0; route allocated: 1 of 2000; total allocated: 1 of 2000]
DEBUG: org.apache.http.impl.execchain.MainClientExec - Opening connection {}->http://127.0.0.1:7058
DEBUG: org.apache.http.impl.conn.DefaultHttpClientConnectionOperator - Connecting to /127.0.0.1:7058
DEBUG: org.apache.http.impl.conn.DefaultHttpClientConnectionOperator - Connection established 127.0.0.1:61066<->127.0.0.1:7058
DEBUG: org.apache.http.impl.conn.DefaultManagedHttpClientConnection - http-outgoing-280: set socket timeout to 10800000
DEBUG: org.apache.http.impl.execchain.MainClientExec - Executing request POST /hub/session/e37898b6-8e5c-334f-a9d7-5ee4f0651cdc/element/%7Baadef9d5-f604-ab40-9499-d1946563040a%7D/click HTTP/1.1
DEBUG: org.apache.http.impl.execchain.MainClientExec - Target auth state: UNCHALLENGED
DEBUG: org.apache.http.impl.execchain.MainClientExec - Proxy auth state: UNCHALLENGED
DEBUG: org.apache.http.headers - http-outgoing-280 >> POST /hub/session/e37898b6-8e5c-334f-a9d7-5ee4f0651cdc/element/%7Baadef9d5-f604-ab40-9499-d1946563040a%7D/click HTTP/1.1
DEBUG: org.apache.http.headers - http-outgoing-280 >> Content-Type: application/json; charset=utf-8
DEBUG: org.apache.http.headers - http-outgoing-280 >> Content-Length: 47
DEBUG: org.apache.http.headers - http-outgoing-280 >> Host: 127.0.0.1:7058
DEBUG: org.apache.http.headers - http-outgoing-280 >> Connection: Keep-Alive
DEBUG: org.apache.http.headers - http-outgoing-280 >> User-Agent: Apache-HttpClient/4.5.2 (Java/1.7.0_79)
DEBUG: org.apache.http.headers - http-outgoing-280 >> Accept-Encoding: gzip,deflate
DEBUG: org.apache.http.wire - http-outgoing-280 >> "POST /hub/session/e37898b6-8e5c-334f-a9d7-5ee4f0651cdc/element/%7Baadef9d5-f604-ab40-9499-d1946563040a%7D/click HTTP/1.1[\r][\n]"
DEBUG: org.apache.http.wire - http-outgoing-280 >> "Content-Type: application/json; charset=utf-8[\r][\n]"
DEBUG: org.apache.http.wire - http-outgoing-280 >> "Content-Length: 47[\r][\n]"
DEBUG: org.apache.http.wire - http-outgoing-280 >> "Host: 127.0.0.1:7058[\r][\n]"
DEBUG: org.apache.http.wire - http-outgoing-280 >> "Connection: Keep-Alive[\r][\n]"
DEBUG: org.apache.http.wire - http-outgoing-280 >> "User-Agent: Apache-HttpClient/4.5.2 (Java/1.7.0_79)[\r][\n]"
DEBUG: org.apache.http.wire - http-outgoing-280 >> "Accept-Encoding: gzip,deflate[\r][\n]"
DEBUG: org.apache.http.wire - http-outgoing-280 >> "[\r][\n]"
DEBUG: org.apache.http.wire - http-outgoing-280 >> "{"id":"{aadef9d5-f604-ab40-9499-d1946563040a}"}"
DEBUG: org.apache.http.wire - http-outgoing-280 << "HTTP/1.1 200 OK[\r][\n]"
DEBUG: org.apache.http.wire - http-outgoing-280 << "content-type: application/json; charset=UTF-8[\r][\n]"
DEBUG: org.apache.http.wire - http-outgoing-280 << "connection: close[\r][\n]"
DEBUG: org.apache.http.wire - http-outgoing-280 << "content-length: 98[\r][\n]"
DEBUG: org.apache.http.wire - http-outgoing-280 << "server: httpd.js[\r][\n]"
DEBUG: org.apache.http.wire - http-outgoing-280 << "date: Fri, 26 Aug 2016 09:43:06 GMT[\r][\n]"
DEBUG: org.apache.http.wire - http-outgoing-280 << "[\r][\n]"
DEBUG: org.apache.http.headers - http-outgoing-280 << HTTP/1.1 200 OK
DEBUG: org.apache.http.headers - http-outgoing-280 << content-type: application/json; charset=UTF-8
DEBUG: org.apache.http.headers - http-outgoing-280 << connection: close
DEBUG: org.apache.http.headers - http-outgoing-280 << content-length: 98
DEBUG: org.apache.http.headers - http-outgoing-280 << server: httpd.js
DEBUG: org.apache.http.headers - http-outgoing-280 << date: Fri, 26 Aug 2016 09:43:06 GMT
DEBUG: org.apache.http.wire - http-outgoing-280 << "{"name":"clickElement","sessionId":"e37898b6-8e5c-334f-a9d7-5ee4f0651cdc","status":0,"value":"ok"}"
DEBUG: org.apache.http.impl.conn.DefaultManagedHttpClientConnection - http-outgoing-280: Close connection
DEBUG: org.apache.http.impl.execchain.MainClientExec - Connection discarded
DEBUG: org.apache.http.impl.conn.PoolingHttpClientConnectionManager - Connection released: [id: 280][route: {}->http://127.0.0.1:7058][total kept alive: 0; route allocated: 0 of 2000; total allocated: 0 of 2000]
DEBUG: org.apache.http.client.protocol.RequestAddCookies - CookieSpec selected: default
DEBUG: org.apache.http.client.protocol.RequestAuthCache - Auth cache not set in the context
DEBUG: org.apache.http.impl.conn.PoolingHttpClientConnectionManager - Connection request: [route: {}->http://127.0.0.1:7058][total kept alive: 0; route allocated: 0 of 2000; total allocated: 0 of 2000]
DEBUG: org.apache.http.impl.conn.PoolingHttpClientConnectionManager - Connection leased: [id: 281][route: {}->http://127.0.0.1:7058][total kept alive: 0; route allocated: 1 of 2000; total allocated: 1 of 2000]
DEBUG: org.apache.http.impl.execchain.MainClientExec - Opening connection {}->http://127.0.0.1:7058
DEBUG: org.apache.http.impl.conn.DefaultHttpClientConnectionOperator - Connecting to /127.0.0.1:7058
DEBUG: org.apache.http.impl.conn.DefaultHttpClientConnectionOperator - Connection established 127.0.0.1:61067<->127.0.0.1:7058
DEBUG: org.apache.http.impl.conn.DefaultManagedHttpClientConnection - http-outgoing-281: set socket timeout to 10800000
DEBUG: org.apache.http.impl.execchain.MainClientExec - Executing request POST /hub/session/e37898b6-8e5c-334f-a9d7-5ee4f0651cdc/url HTTP/1.1
DEBUG: org.apache.http.impl.execchain.MainClientExec - Target auth state: UNCHALLENGED
DEBUG: org.apache.http.impl.execchain.MainClientExec - Proxy auth state: UNCHALLENGED
DEBUG: org.apache.http.headers - http-outgoing-281 >> POST /hub/session/e37898b6-8e5c-334f-a9d7-5ee4f0651cdc/url HTTP/1.1
DEBUG: org.apache.http.headers - http-outgoing-281 >> Content-Type: application/json; charset=utf-8
DEBUG: org.apache.http.headers - http-outgoing-281 >> Content-Length: 45
DEBUG: org.apache.http.headers - http-outgoing-281 >> Host: 127.0.0.1:7058
DEBUG: org.apache.http.headers - http-outgoing-281 >> Connection: Keep-Alive
DEBUG: org.apache.http.headers - http-outgoing-281 >> User-Agent: Apache-HttpClient/4.5.2 (Java/1.7.0_79)
DEBUG: org.apache.http.headers - http-outgoing-281 >> Accept-Encoding: gzip,deflate
DEBUG: org.apache.http.wire - http-outgoing-281 >> "POST /hub/session/e37898b6-8e5c-334f-a9d7-5ee4f0651cdc/url HTTP/1.1[\r][\n]"
DEBUG: org.apache.http.wire - http-outgoing-281 >> "Content-Type: application/json; charset=utf-8[\r][\n]"
DEBUG: org.apache.http.wire - http-outgoing-281 >> "Content-Length: 45[\r][\n]"
DEBUG: org.apache.http.wire - http-outgoing-281 >> "Host: 127.0.0.1:7058[\r][\n]"
DEBUG: org.apache.http.wire - http-outgoing-281 >> "Connection: Keep-Alive[\r][\n]"
DEBUG: org.apache.http.wire - http-outgoing-281 >> "User-Agent: Apache-HttpClient/4.5.2 (Java/1.7.0_79)[\r][\n]"
DEBUG: org.apache.http.wire - http-outgoing-281 >> "Accept-Encoding: gzip,deflate[\r][\n]"
DEBUG: org.apache.http.wire - http-outgoing-281 >> "[\r][\n]"
DEBUG: org.apache.http.wire - http-outgoing-281 >> "{"url":"http://localhost:8080/survey/report"}"
DEBUG: org.apache.http.wire - http-outgoing-281 << "HTTP/1.1 200 OK[\r][\n]"
DEBUG: org.apache.http.wire - http-outgoing-281 << "content-type: application/json; charset=UTF-8[\r][\n]"
DEBUG: org.apache.http.wire - http-outgoing-281 << "connection: close[\r][\n]"
DEBUG: org.apache.http.wire - http-outgoing-281 << "content-length: 87[\r][\n]"
DEBUG: org.apache.http.wire - http-outgoing-281 << "server: httpd.js[\r][\n]"
DEBUG: org.apache.http.wire - http-outgoing-281 << "date: Fri, 26 Aug 2016 09:43:06 GMT[\r][\n]"
DEBUG: org.apache.http.wire - http-outgoing-281 << "[\r][\n]"
DEBUG: org.apache.http.headers - http-outgoing-281 << HTTP/1.1 200 OK
DEBUG: org.apache.http.headers - http-outgoing-281 << content-type: application/json; charset=UTF-8
DEBUG: org.apache.http.headers - http-outgoing-281 << connection: close
DEBUG: org.apache.http.headers - http-outgoing-281 << content-length: 87
DEBUG: org.apache.http.headers - http-outgoing-281 << server: httpd.js
DEBUG: org.apache.http.headers - http-outgoing-281 << date: Fri, 26 Aug 2016 09:43:06 GMT
DEBUG: org.apache.http.wire - http-outgoing-281 << "{"name":"get","sessionId":"e37898b6-8e5c-334f-a9d7-5ee4f0651cdc","status":0,"value":""}"
DEBUG: org.apache.http.impl.conn.DefaultManagedHttpClientConnection - http-outgoing-281: Close connection
DEBUG: org.apache.http.impl.execchain.MainClientExec - Connection discarded
DEBUG: org.apache.http.impl.conn.PoolingHttpClientConnectionManager - Connection released: [id: 281][route: {}->http://127.0.0.1:7058][total kept alive: 0; route allocated: 0 of 2000; total allocated: 0 of 2000]
DEBUG: org.apache.http.client.protocol.RequestAddCookies - CookieSpec selected: default
DEBUG: org.apache.http.client.protocol.RequestAuthCache - Auth cache not set in the context
DEBUG: org.apache.http.impl.conn.PoolingHttpClientConnectionManager - Connection request: [route: {}->http://127.0.0.1:7058][total kept alive: 0; route allocated: 0 of 2000; total allocated: 0 of 2000]
DEBUG: org.apache.http.impl.conn.PoolingHttpClientConnectionManager - Connection leased: [id: 282][route: {}->http://127.0.0.1:7058][total kept alive: 0; route allocated: 1 of 2000; total allocated: 1 of 2000]
DEBUG: org.apache.http.impl.execchain.MainClientExec - Opening connection {}->http://127.0.0.1:7058
DEBUG: org.apache.http.impl.conn.DefaultHttpClientConnectionOperator - Connecting to /127.0.0.1:7058
DEBUG: org.apache.http.impl.conn.DefaultHttpClientConnectionOperator - Connection established 127.0.0.1:61068<->127.0.0.1:7058
DEBUG: org.apache.http.impl.conn.DefaultManagedHttpClientConnection - http-outgoing-282: set socket timeout to 10800000
DEBUG: org.apache.http.impl.execchain.MainClientExec - Executing request GET /hub/session/e37898b6-8e5c-334f-a9d7-5ee4f0651cdc/url HTTP/1.1
DEBUG: org.apache.http.impl.execchain.MainClientExec - Target auth state: UNCHALLENGED
DEBUG: org.apache.http.impl.execchain.MainClientExec - Proxy auth state: UNCHALLENGED
DEBUG: org.apache.http.headers - http-outgoing-282 >> GET /hub/session/e37898b6-8e5c-334f-a9d7-5ee4f0651cdc/url HTTP/1.1
DEBUG: org.apache.http.headers - http-outgoing-282 >> Cache-Control: no-cache
DEBUG: org.apache.http.headers - http-outgoing-282 >> Host: 127.0.0.1:7058
DEBUG: org.apache.http.headers - http-outgoing-282 >> Connection: Keep-Alive
DEBUG: org.apache.http.headers - http-outgoing-282 >> User-Agent: Apache-HttpClient/4.5.2 (Java/1.7.0_79)
DEBUG: org.apache.http.headers - http-outgoing-282 >> Accept-Encoding: gzip,deflate
DEBUG: org.apache.http.wire - http-outgoing-282 >> "GET /hub/session/e37898b6-8e5c-334f-a9d7-5ee4f0651cdc/url HTTP/1.1[\r][\n]"
DEBUG: org.apache.http.wire - http-outgoing-282 >> "Cache-Control: no-cache[\r][\n]"
DEBUG: org.apache.http.wire - http-outgoing-282 >> "Host: 127.0.0.1:7058[\r][\n]"
DEBUG: org.apache.http.wire - http-outgoing-282 >> "Connection: Keep-Alive[\r][\n]"
DEBUG: org.apache.http.wire - http-outgoing-282 >> "User-Agent: Apache-HttpClient/4.5.2 (Java/1.7.0_79)[\r][\n]"
DEBUG: org.apache.http.wire - http-outgoing-282 >> "Accept-Encoding: gzip,deflate[\r][\n]"
DEBUG: org.apache.http.wire - http-outgoing-282 >> "[\r][\n]"
DEBUG: org.apache.http.wire - http-outgoing-282 << "HTTP/1.1 200 OK[\r][\n]"
DEBUG: org.apache.http.wire - http-outgoing-282 << "content-type: application/json; charset=UTF-8[\r][\n]"
DEBUG: org.apache.http.wire - http-outgoing-282 << "connection: close[\r][\n]"
DEBUG: org.apache.http.wire - http-outgoing-282 << "content-length: 124[\r][\n]"
DEBUG: org.apache.http.wire - http-outgoing-282 << "server: httpd.js[\r][\n]"
DEBUG: org.apache.http.wire - http-outgoing-282 << "date: Fri, 26 Aug 2016 09:43:06 GMT[\r][\n]"
DEBUG: org.apache.http.wire - http-outgoing-282 << "[\r][\n]"
DEBUG: org.apache.http.headers - http-outgoing-282 << HTTP/1.1 200 OK
DEBUG: org.apache.http.headers - http-outgoing-282 << content-type: application/json; charset=UTF-8
DEBUG: org.apache.http.headers - http-outgoing-282 << connection: close
DEBUG: org.apache.http.headers - http-outgoing-282 << content-length: 124
DEBUG: org.apache.http.headers - http-outgoing-282 << server: httpd.js
DEBUG: org.apache.http.headers - http-outgoing-282 << date: Fri, 26 Aug 2016 09:43:06 GMT
DEBUG: org.apache.http.wire - http-outgoing-282 << "{"name":"getCurrentUrl","sessionId":"e37898b6-8e5c-334f-a9d7-5ee4f0651cdc","status":0,"value":"http://localhost:8080/login"}"
DEBUG: org.apache.http.impl.conn.DefaultManagedHttpClientConnection - http-outgoing-282: Close connection
DEBUG: org.apache.http.impl.execchain.MainClientExec - Connection discarded
DEBUG: org.apache.http.impl.conn.PoolingHttpClientConnectionManager - Connection released: [id: 282][route: {}->http://127.0.0.1:7058][total kept alive: 0; route allocated: 0 of 2000; total allocated: 0 of 2000]
DEBUG: org.apache.http.client.protocol.RequestAddCookies - CookieSpec selected: default
DEBUG: org.apache.http.client.protocol.RequestAuthCache - Auth cache not set in the context
DEBUG: org.apache.http.impl.conn.PoolingHttpClientConnectionManager - Connection request: [route: {}->http://127.0.0.1:7058][total kept alive: 0; route allocated: 0 of 2000; total allocated: 0 of 2000]
DEBUG: org.apache.http.impl.conn.PoolingHttpClientConnectionManager - Connection leased: [id: 283][route: {}->http://127.0.0.1:7058][total kept alive: 0; route allocated: 1 of 2000; total allocated: 1 of 2000]
DEBUG: org.apache.http.impl.execchain.MainClientExec - Opening connection {}->http://127.0.0.1:7058
DEBUG: org.apache.http.impl.conn.DefaultHttpClientConnectionOperator - Connecting to /127.0.0.1:7058
DEBUG: org.apache.http.impl.conn.DefaultHttpClientConnectionOperator - Connection established 127.0.0.1:61069<->127.0.0.1:7058
DEBUG: org.apache.http.impl.conn.DefaultManagedHttpClientConnection - http-outgoing-283: set socket timeout to 10800000
DEBUG: org.apache.http.impl.execchain.MainClientExec - Executing request POST /hub/session/e37898b6-8e5c-334f-a9d7-5ee4f0651cdc/elements HTTP/1.1
DEBUG: org.apache.http.impl.execchain.MainClientExec - Target auth state: UNCHALLENGED
DEBUG: org.apache.http.impl.execchain.MainClientExec - Proxy auth state: UNCHALLENGED
DEBUG: org.apache.http.headers - http-outgoing-283 >> POST /hub/session/e37898b6-8e5c-334f-a9d7-5ee4f0651cdc/elements HTTP/1.1
DEBUG: org.apache.http.headers - http-outgoing-283 >> Content-Type: application/json; charset=utf-8
DEBUG: org.apache.http.headers - http-outgoing-283 >> Content-Length: 42
DEBUG: org.apache.http.headers - http-outgoing-283 >> Host: 127.0.0.1:7058
DEBUG: org.apache.http.headers - http-outgoing-283 >> Connection: Keep-Alive
DEBUG: org.apache.http.headers - http-outgoing-283 >> User-Agent: Apache-HttpClient/4.5.2 (Java/1.7.0_79)
DEBUG: org.apache.http.headers - http-outgoing-283 >> Accept-Encoding: gzip,deflate
DEBUG: org.apache.http.wire - http-outgoing-283 >> "POST /hub/session/e37898b6-8e5c-334f-a9d7-5ee4f0651cdc/elements HTTP/1.1[\r][\n]"
DEBUG: org.apache.http.wire - http-outgoing-283 >> "Content-Type: application/json; charset=utf-8[\r][\n]"
DEBUG: org.apache.http.wire - http-outgoing-283 >> "Content-Length: 42[\r][\n]"
DEBUG: org.apache.http.wire - http-outgoing-283 >> "Host: 127.0.0.1:7058[\r][\n]"
DEBUG: org.apache.http.wire - http-outgoing-283 >> "Connection: Keep-Alive[\r][\n]"
DEBUG: org.apache.http.wire - http-outgoing-283 >> "User-Agent: Apache-HttpClient/4.5.2 (Java/1.7.0_79)[\r][\n]"
DEBUG: org.apache.http.wire - http-outgoing-283 >> "Accept-Encoding: gzip,deflate[\r][\n]"
DEBUG: org.apache.http.wire - http-outgoing-283 >> "[\r][\n]"
DEBUG: org.apache.http.wire - http-outgoing-283 >> "{"using":"link text","value":"NPS Report"}"
DEBUG: org.apache.http.wire - http-outgoing-283 << "HTTP/1.1 200 OK[\r][\n]"
DEBUG: org.apache.http.wire - http-outgoing-283 << "content-type: application/json; charset=UTF-8[\r][\n]"
DEBUG: org.apache.http.wire - http-outgoing-283 << "connection: close[\r][\n]"
DEBUG: org.apache.http.wire - http-outgoing-283 << "content-length: 96[\r][\n]"
DEBUG: org.apache.http.wire - http-outgoing-283 << "server: httpd.js[\r][\n]"
DEBUG: org.apache.http.wire - http-outgoing-283 << "date: Fri, 26 Aug 2016 09:43:06 GMT[\r][\n]"
DEBUG: org.apache.http.wire - http-outgoing-283 << "[\r][\n]"
DEBUG: org.apache.http.headers - http-outgoing-283 << HTTP/1.1 200 OK
DEBUG: org.apache.http.headers - http-outgoing-283 << content-type: application/json; charset=UTF-8
DEBUG: org.apache.http.headers - http-outgoing-283 << connection: close
DEBUG: org.apache.http.headers - http-outgoing-283 << content-length: 96
DEBUG: org.apache.http.headers - http-outgoing-283 << server: httpd.js
DEBUG: org.apache.http.headers - http-outgoing-283 << date: Fri, 26 Aug 2016 09:43:06 GMT
DEBUG: org.apache.http.wire - http-outgoing-283 << "{"name":"findElements","sessionId":"e37898b6-8e5c-334f-a9d7-5ee4f0651cdc","status":0,"value":[]}"
DEBUG: org.apache.http.impl.conn.DefaultManagedHttpClientConnection - http-outgoing-283: Close connection
DEBUG: org.apache.http.impl.execchain.MainClientExec - Connection discarded
DEBUG: org.apache.http.impl.conn.PoolingHttpClientConnectionManager - Connection released: [id: 283][route: {}->http://127.0.0.1:7058][total kept alive: 0; route allocated: 0 of 2000; total allocated: 0 of 2000]
DEBUG: org.apache.http.client.protocol.RequestAddCookies - CookieSpec selected: default
DEBUG: org.apache.http.client.protocol.RequestAuthCache - Auth cache not set in the context
DEBUG: org.apache.http.impl.conn.PoolingHttpClientConnectionManager - Connection request: [route: {}->http://127.0.0.1:7058][total kept alive: 0; route allocated: 0 of 2000; total allocated: 0 of 2000]
DEBUG: org.apache.http.impl.conn.PoolingHttpClientConnectionManager - Connection leased: [id: 284][route: {}->http://127.0.0.1:7058][total kept alive: 0; route allocated: 1 of 2000; total allocated: 1 of 2000]
DEBUG: org.apache.http.impl.execchain.MainClientExec - Opening connection {}->http://127.0.0.1:7058
DEBUG: org.apache.http.impl.conn.DefaultHttpClientConnectionOperator - Connecting to /127.0.0.1:7058
DEBUG: org.apache.http.impl.conn.DefaultHttpClientConnectionOperator - Connection established 127.0.0.1:61070<->127.0.0.1:7058
DEBUG: org.apache.http.impl.conn.DefaultManagedHttpClientConnection - http-outgoing-284: set socket timeout to 10800000
DEBUG: org.apache.http.impl.execchain.MainClientExec - Executing request POST /hub/session/e37898b6-8e5c-334f-a9d7-5ee4f0651cdc/url HTTP/1.1
DEBUG: org.apache.http.impl.execchain.MainClientExec - Target auth state: UNCHALLENGED
DEBUG: org.apache.http.impl.execchain.MainClientExec - Proxy auth state: UNCHALLENGED
DEBUG: org.apache.http.headers - http-outgoing-284 >> POST /hub/session/e37898b6-8e5c-334f-a9d7-5ee4f0651cdc/url HTTP/1.1
DEBUG: org.apache.http.headers - http-outgoing-284 >> Content-Type: application/json; charset=utf-8
DEBUG: org.apache.http.headers - http-outgoing-284 >> Content-Length: 37
DEBUG: org.apache.http.headers - http-outgoing-284 >> Host: 127.0.0.1:7058
DEBUG: org.apache.http.headers - http-outgoing-284 >> Connection: Keep-Alive
DEBUG: org.apache.http.headers - http-outgoing-284 >> User-Agent: Apache-HttpClient/4.5.2 (Java/1.7.0_79)
DEBUG: org.apache.http.headers - http-outgoing-284 >> Accept-Encoding: gzip,deflate
DEBUG: org.apache.http.wire - http-outgoing-284 >> "POST /hub/session/e37898b6-8e5c-334f-a9d7-5ee4f0651cdc/url HTTP/1.1[\r][\n]"
DEBUG: org.apache.http.wire - http-outgoing-284 >> "Content-Type: application/json; charset=utf-8[\r][\n]"
DEBUG: org.apache.http.wire - http-outgoing-284 >> "Content-Length: 37[\r][\n]"
DEBUG: org.apache.http.wire - http-outgoing-284 >> "Host: 127.0.0.1:7058[\r][\n]"
DEBUG: org.apache.http.wire - http-outgoing-284 >> "Connection: Keep-Alive[\r][\n]"
DEBUG: org.apache.http.wire - http-outgoing-284 >> "User-Agent: Apache-HttpClient/4.5.2 (Java/1.7.0_79)[\r][\n]"
DEBUG: org.apache.http.wire - http-outgoing-284 >> "Accept-Encoding: gzip,deflate[\r][\n]"
DEBUG: org.apache.http.wire - http-outgoing-284 >> "[\r][\n]"
DEBUG: org.apache.http.wire - http-outgoing-284 >> "{"url":"http://localhost:8080/login"}"
DEBUG: org.apache.http.wire - http-outgoing-284 << "HTTP/1.1 200 OK[\r][\n]"
DEBUG: org.apache.http.wire - http-outgoing-284 << "content-type: application/json; charset=UTF-8[\r][\n]"
DEBUG: org.apache.http.wire - http-outgoing-284 << "connection: close[\r][\n]"
DEBUG: org.apache.http.wire - http-outgoing-284 << "content-length: 87[\r][\n]"
DEBUG: org.apache.http.wire - http-outgoing-284 << "server: httpd.js[\r][\n]"
DEBUG: org.apache.http.wire - http-outgoing-284 << "date: Fri, 26 Aug 2016 09:43:07 GMT[\r][\n]"
DEBUG: org.apache.http.wire - http-outgoing-284 << "[\r][\n]"
DEBUG: org.apache.http.headers - http-outgoing-284 << HTTP/1.1 200 OK
DEBUG: org.apache.http.headers - http-outgoing-284 << content-type: application/json; charset=UTF-8
DEBUG: org.apache.http.headers - http-outgoing-284 << connection: close
DEBUG: org.apache.http.headers - http-outgoing-284 << content-length: 87
DEBUG: org.apache.http.headers - http-outgoing-284 << server: httpd.js
DEBUG: org.apache.http.headers - http-outgoing-284 << date: Fri, 26 Aug 2016 09:43:07 GMT
DEBUG: org.apache.http.wire - http-outgoing-284 << "{"name":"get","sessionId":"e37898b6-8e5c-334f-a9d7-5ee4f0651cdc","status":0,"value":""}"
DEBUG: org.apache.http.impl.conn.DefaultManagedHttpClientConnection - http-outgoing-284: Close connection
DEBUG: org.apache.http.impl.execchain.MainClientExec - Connection discarded
DEBUG: org.apache.http.impl.conn.PoolingHttpClientConnectionManager - Connection released: [id: 284][route: {}->http://127.0.0.1:7058][total kept alive: 0; route allocated: 0 of 2000; total allocated: 0 of 2000]
DEBUG: org.apache.http.client.protocol.RequestAddCookies - CookieSpec selected: default
DEBUG: org.apache.http.client.protocol.RequestAuthCache - Auth cache not set in the context
DEBUG: org.apache.http.impl.conn.PoolingHttpClientConnectionManager - Connection request: [route: {}->http://127.0.0.1:7058][total kept alive: 0; route allocated: 0 of 2000; total allocated: 0 of 2000]
DEBUG: org.apache.http.impl.conn.PoolingHttpClientConnectionManager - Connection leased: [id: 285][route: {}->http://127.0.0.1:7058][total kept alive: 0; route allocated: 1 of 2000; total allocated: 1 of 2000]
DEBUG: org.apache.http.impl.execchain.MainClientExec - Opening connection {}->http://127.0.0.1:7058
DEBUG: org.apache.http.impl.conn.DefaultHttpClientConnectionOperator - Connecting to /127.0.0.1:7058
DEBUG: org.apache.http.impl.conn.DefaultHttpClientConnectionOperator - Connection established 127.0.0.1:61071<->127.0.0.1:7058
DEBUG: org.apache.http.impl.conn.DefaultManagedHttpClientConnection - http-outgoing-285: set socket timeout to 10800000
DEBUG: org.apache.http.impl.execchain.MainClientExec - Executing request POST /hub/session/e37898b6-8e5c-334f-a9d7-5ee4f0651cdc/element HTTP/1.1
DEBUG: org.apache.http.impl.execchain.MainClientExec - Target auth state: UNCHALLENGED
DEBUG: org.apache.http.impl.execchain.MainClientExec - Proxy auth state: UNCHALLENGED
DEBUG: org.apache.http.headers - http-outgoing-285 >> POST /hub/session/e37898b6-8e5c-334f-a9d7-5ee4f0651cdc/element HTTP/1.1
DEBUG: org.apache.http.headers - http-outgoing-285 >> Content-Type: application/json; charset=utf-8
DEBUG: org.apache.http.headers - http-outgoing-285 >> Content-Length: 37
DEBUG: org.apache.http.headers - http-outgoing-285 >> Host: 127.0.0.1:7058
DEBUG: org.apache.http.headers - http-outgoing-285 >> Connection: Keep-Alive
DEBUG: org.apache.http.headers - http-outgoing-285 >> User-Agent: Apache-HttpClient/4.5.2 (Java/1.7.0_79)
DEBUG: org.apache.http.headers - http-outgoing-285 >> Accept-Encoding: gzip,deflate
DEBUG: org.apache.http.wire - http-outgoing-285 >> "POST /hub/session/e37898b6-8e5c-334f-a9d7-5ee4f0651cdc/element HTTP/1.1[\r][\n]"
DEBUG: org.apache.http.wire - http-outgoing-285 >> "Content-Type: application/json; charset=utf-8[\r][\n]"
DEBUG: org.apache.http.wire - http-outgoing-285 >> "Content-Length: 37[\r][\n]"
DEBUG: org.apache.http.wire - http-outgoing-285 >> "Host: 127.0.0.1:7058[\r][\n]"
DEBUG: org.apache.http.wire - http-outgoing-285 >> "Connection: Keep-Alive[\r][\n]"
DEBUG: org.apache.http.wire - http-outgoing-285 >> "User-Agent: Apache-HttpClient/4.5.2 (Java/1.7.0_79)[\r][\n]"
DEBUG: org.apache.http.wire - http-outgoing-285 >> "Accept-Encoding: gzip,deflate[\r][\n]"
DEBUG: org.apache.http.wire - http-outgoing-285 >> "[\r][\n]"
DEBUG: org.apache.http.wire - http-outgoing-285 >> "{"using":"name","value":"j_username"}"
DEBUG: org.apache.http.wire - http-outgoing-285 << "HTTP/1.1 200 OK[\r][\n]"
DEBUG: org.apache.http.wire - http-outgoing-285 << "content-type: application/json; charset=UTF-8[\r][\n]"
DEBUG: org.apache.http.wire - http-outgoing-285 << "connection: close[\r][\n]"
DEBUG: org.apache.http.wire - http-outgoing-285 << "content-length: 224[\r][\n]"
DEBUG: org.apache.http.wire - http-outgoing-285 << "server: httpd.js[\r][\n]"
DEBUG: org.apache.http.wire - http-outgoing-285 << "date: Fri, 26 Aug 2016 09:43:07 GMT[\r][\n]"
DEBUG: org.apache.http.wire - http-outgoing-285 << "[\r][\n]"
DEBUG: org.apache.http.headers - http-outgoing-285 << HTTP/1.1 200 OK
DEBUG: org.apache.http.headers - http-outgoing-285 << content-type: application/json; charset=UTF-8
DEBUG: org.apache.http.headers - http-outgoing-285 << connection: close
DEBUG: org.apache.http.headers - http-outgoing-285 << content-length: 224
DEBUG: org.apache.http.headers - http-outgoing-285 << server: httpd.js
DEBUG: org.apache.http.headers - http-outgoing-285 << date: Fri, 26 Aug 2016 09:43:07 GMT
DEBUG: org.apache.http.wire - http-outgoing-285 << "{"name":"findElement","sessionId":"e37898b6-8e5c-334f-a9d7-5ee4f0651cdc","status":0,"value":{"ELEMENT":"{03c6ae32-c4ab-a146-858f-105c6aedc3f9}","element-6066-11e4-a52e-4f735466cecf":"{03c6ae32-c4ab-a146-858f-105c6aedc3f9}"}}"
DEBUG: org.apache.http.impl.conn.DefaultManagedHttpClientConnection - http-outgoing-285: Close connection
DEBUG: org.apache.http.impl.execchain.MainClientExec - Connection discarded
DEBUG: org.apache.http.impl.conn.PoolingHttpClientConnectionManager - Connection released: [id: 285][route: {}->http://127.0.0.1:7058][total kept alive: 0; route allocated: 0 of 2000; total allocated: 0 of 2000]
DEBUG: org.apache.http.client.protocol.RequestAddCookies - CookieSpec selected: default
DEBUG: org.apache.http.client.protocol.RequestAuthCache - Auth cache not set in the context
DEBUG: org.apache.http.impl.conn.PoolingHttpClientConnectionManager - Connection request: [route: {}->http://127.0.0.1:7058][total kept alive: 0; route allocated: 0 of 2000; total allocated: 0 of 2000]
DEBUG: org.apache.http.impl.conn.PoolingHttpClientConnectionManager - Connection leased: [id: 286][route: {}->http://127.0.0.1:7058][total kept alive: 0; route allocated: 1 of 2000; total allocated: 1 of 2000]
DEBUG: org.apache.http.impl.execchain.MainClientExec - Opening connection {}->http://127.0.0.1:7058
DEBUG: org.apache.http.impl.conn.DefaultHttpClientConnectionOperator - Connecting to /127.0.0.1:7058
DEBUG: org.apache.http.impl.conn.DefaultHttpClientConnectionOperator - Connection established 127.0.0.1:61072<->127.0.0.1:7058
DEBUG: org.apache.http.impl.conn.DefaultManagedHttpClientConnection - http-outgoing-286: set socket timeout to 10800000
DEBUG: org.apache.http.impl.execchain.MainClientExec - Executing request POST /hub/session/e37898b6-8e5c-334f-a9d7-5ee4f0651cdc/element HTTP/1.1
DEBUG: org.apache.http.impl.execchain.MainClientExec - Target auth state: UNCHALLENGED
DEBUG: org.apache.http.impl.execchain.MainClientExec - Proxy auth state: UNCHALLENGED
DEBUG: org.apache.http.headers - http-outgoing-286 >> POST /hub/session/e37898b6-8e5c-334f-a9d7-5ee4f0651cdc/element HTTP/1.1
DEBUG: org.apache.http.headers - http-outgoing-286 >> Content-Type: application/json; charset=utf-8
DEBUG: org.apache.http.headers - http-outgoing-286 >> Content-Length: 37
DEBUG: org.apache.http.headers - http-outgoing-286 >> Host: 127.0.0.1:7058
DEBUG: org.apache.http.headers - http-outgoing-286 >> Connection: Keep-Alive
DEBUG: org.apache.http.headers - http-outgoing-286 >> User-Agent: Apache-HttpClient/4.5.2 (Java/1.7.0_79)
DEBUG: org.apache.http.headers - http-outgoing-286 >> Accept-Encoding: gzip,deflate
DEBUG: org.apache.http.wire - http-outgoing-286 >> "POST /hub/session/e37898b6-8e5c-334f-a9d7-5ee4f0651cdc/element HTTP/1.1[\r][\n]"
DEBUG: org.apache.http.wire - http-outgoing-286 >> "Content-Type: application/json; charset=utf-8[\r][\n]"
DEBUG: org.apache.http.wire - http-outgoing-286 >> "Content-Length: 37[\r][\n]"
DEBUG: org.apache.http.wire - http-outgoing-286 >> "Host: 127.0.0.1:7058[\r][\n]"
DEBUG: org.apache.http.wire - http-outgoing-286 >> "Connection: Keep-Alive[\r][\n]"
DEBUG: org.apache.http.wire - http-outgoing-286 >> "User-Agent: Apache-HttpClient/4.5.2 (Java/1.7.0_79)[\r][\n]"
DEBUG: org.apache.http.wire - http-outgoing-286 >> "Accept-Encoding: gzip,deflate[\r][\n]"
DEBUG: org.apache.http.wire - http-outgoing-286 >> "[\r][\n]"
DEBUG: org.apache.http.wire - http-outgoing-286 >> "{"using":"name","value":"j_username"}"
DEBUG: org.apache.http.wire - http-outgoing-286 << "HTTP/1.1 200 OK[\r][\n]"
DEBUG: org.apache.http.wire - http-outgoing-286 << "content-type: application/json; charset=UTF-8[\r][\n]"
DEBUG: org.apache.http.wire - http-outgoing-286 << "connection: close[\r][\n]"
DEBUG: org.apache.http.wire - http-outgoing-286 << "content-length: 224[\r][\n]"
DEBUG: org.apache.http.wire - http-outgoing-286 << "server: httpd.js[\r][\n]"
DEBUG: org.apache.http.wire - http-outgoing-286 << "date: Fri, 26 Aug 2016 09:43:07 GMT[\r][\n]"
DEBUG: org.apache.http.wire - http-outgoing-286 << "[\r][\n]"
DEBUG: org.apache.http.headers - http-outgoing-286 << HTTP/1.1 200 OK
DEBUG: org.apache.http.headers - http-outgoing-286 << content-type: application/json; charset=UTF-8
DEBUG: org.apache.http.headers - http-outgoing-286 << connection: close
DEBUG: org.apache.http.headers - http-outgoing-286 << content-length: 224
DEBUG: org.apache.http.headers - http-outgoing-286 << server: httpd.js
DEBUG: org.apache.http.headers - http-outgoing-286 << date: Fri, 26 Aug 2016 09:43:07 GMT
DEBUG: org.apache.http.wire - http-outgoing-286 << "{"name":"findElement","sessionId":"e37898b6-8e5c-334f-a9d7-5ee4f0651cdc","status":0,"value":{"ELEMENT":"{03c6ae32-c4ab-a146-858f-105c6aedc3f9}","element-6066-11e4-a52e-4f735466cecf":"{03c6ae32-c4ab-a146-858f-105c6aedc3f9}"}}"
DEBUG: org.apache.http.impl.conn.DefaultManagedHttpClientConnection - http-outgoing-286: Close connection
DEBUG: org.apache.http.impl.execchain.MainClientExec - Connection discarded
DEBUG: org.apache.http.impl.conn.PoolingHttpClientConnectionManager - Connection released: [id: 286][route: {}->http://127.0.0.1:7058][total kept alive: 0; route allocated: 0 of 2000; total allocated: 0 of 2000]
DEBUG: org.apache.http.client.protocol.RequestAddCookies - CookieSpec selected: default
DEBUG: org.apache.http.client.protocol.RequestAuthCache - Auth cache not set in the context
DEBUG: org.apache.http.impl.conn.PoolingHttpClientConnectionManager - Connection request: [route: {}->http://127.0.0.1:7058][total kept alive: 0; route allocated: 0 of 2000; total allocated: 0 of 2000]
DEBUG: org.apache.http.impl.conn.PoolingHttpClientConnectionManager - Connection leased: [id: 287][route: {}->http://127.0.0.1:7058][total kept alive: 0; route allocated: 1 of 2000; total allocated: 1 of 2000]
DEBUG: org.apache.http.impl.execchain.MainClientExec - Opening connection {}->http://127.0.0.1:7058
DEBUG: org.apache.http.impl.conn.DefaultHttpClientConnectionOperator - Connecting to /127.0.0.1:7058
DEBUG: org.apache.http.impl.conn.DefaultHttpClientConnectionOperator - Connection established 127.0.0.1:61073<->127.0.0.1:7058
DEBUG: org.apache.http.impl.conn.DefaultManagedHttpClientConnection - http-outgoing-287: set socket timeout to 10800000
DEBUG: org.apache.http.impl.execchain.MainClientExec - Executing request POST /hub/session/e37898b6-8e5c-334f-a9d7-5ee4f0651cdc/element/%7B03c6ae32-c4ab-a146-858f-105c6aedc3f9%7D/value HTTP/1.1
DEBUG: org.apache.http.impl.execchain.MainClientExec - Target auth state: UNCHALLENGED
DEBUG: org.apache.http.impl.execchain.MainClientExec - Proxy auth state: UNCHALLENGED
DEBUG: org.apache.http.headers - http-outgoing-287 >> POST /hub/session/e37898b6-8e5c-334f-a9d7-5ee4f0651cdc/element/%7B03c6ae32-c4ab-a146-858f-105c6aedc3f9%7D/value HTTP/1.1
DEBUG: org.apache.http.headers - http-outgoing-287 >> Content-Type: application/json; charset=utf-8
DEBUG: org.apache.http.headers - http-outgoing-287 >> Content-Length: 68
DEBUG: org.apache.http.headers - http-outgoing-287 >> Host: 127.0.0.1:7058
DEBUG: org.apache.http.headers - http-outgoing-287 >> Connection: Keep-Alive
DEBUG: org.apache.http.headers - http-outgoing-287 >> User-Agent: Apache-HttpClient/4.5.2 (Java/1.7.0_79)
DEBUG: org.apache.http.headers - http-outgoing-287 >> Accept-Encoding: gzip,deflate
DEBUG: org.apache.http.wire - http-outgoing-287 >> "POST /hub/session/e37898b6-8e5c-334f-a9d7-5ee4f0651cdc/element/%7B03c6ae32-c4ab-a146-858f-105c6aedc3f9%7D/value HTTP/1.1[\r][\n]"
DEBUG: org.apache.http.wire - http-outgoing-287 >> "Content-Type: application/json; charset=utf-8[\r][\n]"
DEBUG: org.apache.http.wire - http-outgoing-287 >> "Content-Length: 68[\r][\n]"
DEBUG: org.apache.http.wire - http-outgoing-287 >> "Host: 127.0.0.1:7058[\r][\n]"
DEBUG: org.apache.http.wire - http-outgoing-287 >> "Connection: Keep-Alive[\r][\n]"
DEBUG: org.apache.http.wire - http-outgoing-287 >> "User-Agent: Apache-HttpClient/4.5.2 (Java/1.7.0_79)[\r][\n]"
DEBUG: org.apache.http.wire - http-outgoing-287 >> "Accept-Encoding: gzip,deflate[\r][\n]"
DEBUG: org.apache.http.wire - http-outgoing-287 >> "[\r][\n]"
DEBUG: org.apache.http.wire - http-outgoing-287 >> "{"id":"{03c6ae32-c4ab-a146-858f-105c6aedc3f9}","value":["Promoter"]}"
DEBUG: org.apache.http.wire - http-outgoing-287 << "HTTP/1.1 200 OK[\r][\n]"
DEBUG: org.apache.http.wire - http-outgoing-287 << "content-type: application/json; charset=UTF-8[\r][\n]"
DEBUG: org.apache.http.wire - http-outgoing-287 << "connection: close[\r][\n]"
DEBUG: org.apache.http.wire - http-outgoing-287 << "content-length: 101[\r][\n]"
DEBUG: org.apache.http.wire - http-outgoing-287 << "server: httpd.js[\r][\n]"
DEBUG: org.apache.http.wire - http-outgoing-287 << "date: Fri, 26 Aug 2016 09:43:07 GMT[\r][\n]"
DEBUG: org.apache.http.wire - http-outgoing-287 << "[\r][\n]"
DEBUG: org.apache.http.headers - http-outgoing-287 << HTTP/1.1 200 OK
DEBUG: org.apache.http.headers - http-outgoing-287 << content-type: application/json; charset=UTF-8
DEBUG: org.apache.http.headers - http-outgoing-287 << connection: close
DEBUG: org.apache.http.headers - http-outgoing-287 << content-length: 101
DEBUG: org.apache.http.headers - http-outgoing-287 << server: httpd.js
DEBUG: org.apache.http.headers - http-outgoing-287 << date: Fri, 26 Aug 2016 09:43:07 GMT
DEBUG: org.apache.http.wire - http-outgoing-287 << "{"name":"sendKeysToElement","sessionId":"e37898b6-8e5c-334f-a9d7-5ee4f0651cdc","status":0,"value":""}"
DEBUG: org.apache.http.impl.conn.DefaultManagedHttpClientConnection - http-outgoing-287: Close connection
DEBUG: org.apache.http.impl.execchain.MainClientExec - Connection discarded
DEBUG: org.apache.http.impl.conn.PoolingHttpClientConnectionManager - Connection released: [id: 287][route: {}->http://127.0.0.1:7058][total kept alive: 0; route allocated: 0 of 2000; total allocated: 0 of 2000]
DEBUG: org.apache.http.client.protocol.RequestAddCookies - CookieSpec selected: default
DEBUG: org.apache.http.client.protocol.RequestAuthCache - Auth cache not set in the context
DEBUG: org.apache.http.impl.conn.PoolingHttpClientConnectionManager - Connection request: [route: {}->http://127.0.0.1:7058][total kept alive: 0; route allocated: 0 of 2000; total allocated: 0 of 2000]
DEBUG: org.apache.http.impl.conn.PoolingHttpClientConnectionManager - Connection leased: [id: 288][route: {}->http://127.0.0.1:7058][total kept alive: 0; route allocated: 1 of 2000; total allocated: 1 of 2000]
DEBUG: org.apache.http.impl.execchain.MainClientExec - Opening connection {}->http://127.0.0.1:7058
DEBUG: org.apache.http.impl.conn.DefaultHttpClientConnectionOperator - Connecting to /127.0.0.1:7058
DEBUG: org.apache.http.impl.conn.DefaultHttpClientConnectionOperator - Connection established 127.0.0.1:61074<->127.0.0.1:7058
DEBUG: org.apache.http.impl.conn.DefaultManagedHttpClientConnection - http-outgoing-288: set socket timeout to 10800000
DEBUG: org.apache.http.impl.execchain.MainClientExec - Executing request POST /hub/session/e37898b6-8e5c-334f-a9d7-5ee4f0651cdc/element HTTP/1.1
DEBUG: org.apache.http.impl.execchain.MainClientExec - Target auth state: UNCHALLENGED
DEBUG: org.apache.http.impl.execchain.MainClientExec - Proxy auth state: UNCHALLENGED
DEBUG: org.apache.http.headers - http-outgoing-288 >> POST /hub/session/e37898b6-8e5c-334f-a9d7-5ee4f0651cdc/element HTTP/1.1
DEBUG: org.apache.http.headers - http-outgoing-288 >> Content-Type: application/json; charset=utf-8
DEBUG: org.apache.http.headers - http-outgoing-288 >> Content-Length: 37
DEBUG: org.apache.http.headers - http-outgoing-288 >> Host: 127.0.0.1:7058
DEBUG: org.apache.http.headers - http-outgoing-288 >> Connection: Keep-Alive
DEBUG: org.apache.http.headers - http-outgoing-288 >> User-Agent: Apache-HttpClient/4.5.2 (Java/1.7.0_79)
DEBUG: org.apache.http.headers - http-outgoing-288 >> Accept-Encoding: gzip,deflate
DEBUG: org.apache.http.wire - http-outgoing-288 >> "POST /hub/session/e37898b6-8e5c-334f-a9d7-5ee4f0651cdc/element HTTP/1.1[\r][\n]"
DEBUG: org.apache.http.wire - http-outgoing-288 >> "Content-Type: application/json; charset=utf-8[\r][\n]"
DEBUG: org.apache.http.wire - http-outgoing-288 >> "Content-Length: 37[\r][\n]"
DEBUG: org.apache.http.wire - http-outgoing-288 >> "Host: 127.0.0.1:7058[\r][\n]"
DEBUG: org.apache.http.wire - http-outgoing-288 >> "Connection: Keep-Alive[\r][\n]"
DEBUG: org.apache.http.wire - http-outgoing-288 >> "User-Agent: Apache-HttpClient/4.5.2 (Java/1.7.0_79)[\r][\n]"
DEBUG: org.apache.http.wire - http-outgoing-288 >> "Accept-Encoding: gzip,deflate[\r][\n]"
DEBUG: org.apache.http.wire - http-outgoing-288 >> "[\r][\n]"
DEBUG: org.apache.http.wire - http-outgoing-288 >> "{"using":"name","value":"j_password"}"
DEBUG: org.apache.http.wire - http-outgoing-288 << "HTTP/1.1 200 OK[\r][\n]"
DEBUG: org.apache.http.wire - http-outgoing-288 << "content-type: application/json; charset=UTF-8[\r][\n]"
DEBUG: org.apache.http.wire - http-outgoing-288 << "connection: close[\r][\n]"
DEBUG: org.apache.http.wire - http-outgoing-288 << "content-length: 224[\r][\n]"
DEBUG: org.apache.http.wire - http-outgoing-288 << "server: httpd.js[\r][\n]"
DEBUG: org.apache.http.wire - http-outgoing-288 << "date: Fri, 26 Aug 2016 09:43:07 GMT[\r][\n]"
DEBUG: org.apache.http.wire - http-outgoing-288 << "[\r][\n]"
DEBUG: org.apache.http.headers - http-outgoing-288 << HTTP/1.1 200 OK
DEBUG: org.apache.http.headers - http-outgoing-288 << content-type: application/json; charset=UTF-8
DEBUG: org.apache.http.headers - http-outgoing-288 << connection: close
DEBUG: org.apache.http.headers - http-outgoing-288 << content-length: 224
DEBUG: org.apache.http.headers - http-outgoing-288 << server: httpd.js
DEBUG: org.apache.http.headers - http-outgoing-288 << date: Fri, 26 Aug 2016 09:43:07 GMT
DEBUG: org.apache.http.wire - http-outgoing-288 << "{"name":"findElement","sessionId":"e37898b6-8e5c-334f-a9d7-5ee4f0651cdc","status":0,"value":{"ELEMENT":"{c8eb30ae-5053-b84c-8dde-a063af005e74}","element-6066-11e4-a52e-4f735466cecf":"{c8eb30ae-5053-b84c-8dde-a063af005e74}"}}"
DEBUG: org.apache.http.impl.conn.DefaultManagedHttpClientConnection - http-outgoing-288: Close connection
DEBUG: org.apache.http.impl.execchain.MainClientExec - Connection discarded
DEBUG: org.apache.http.impl.conn.PoolingHttpClientConnectionManager - Connection released: [id: 288][route: {}->http://127.0.0.1:7058][total kept alive: 0; route allocated: 0 of 2000; total allocated: 0 of 2000]
DEBUG: org.apache.http.client.protocol.RequestAddCookies - CookieSpec selected: default
DEBUG: org.apache.http.client.protocol.RequestAuthCache - Auth cache not set in the context
DEBUG: org.apache.http.impl.conn.PoolingHttpClientConnectionManager - Connection request: [route: {}->http://127.0.0.1:7058][total kept alive: 0; route allocated: 0 of 2000; total allocated: 0 of 2000]
DEBUG: org.apache.http.impl.conn.PoolingHttpClientConnectionManager - Connection leased: [id: 289][route: {}->http://127.0.0.1:7058][total kept alive: 0; route allocated: 1 of 2000; total allocated: 1 of 2000]
DEBUG: org.apache.http.impl.execchain.MainClientExec - Opening connection {}->http://127.0.0.1:7058
DEBUG: org.apache.http.impl.conn.DefaultHttpClientConnectionOperator - Connecting to /127.0.0.1:7058
DEBUG: org.apache.http.impl.conn.DefaultHttpClientConnectionOperator - Connection established 127.0.0.1:61075<->127.0.0.1:7058
DEBUG: org.apache.http.impl.conn.DefaultManagedHttpClientConnection - http-outgoing-289: set socket timeout to 10800000
DEBUG: org.apache.http.impl.execchain.MainClientExec - Executing request POST /hub/session/e37898b6-8e5c-334f-a9d7-5ee4f0651cdc/element/%7Bc8eb30ae-5053-b84c-8dde-a063af005e74%7D/value HTTP/1.1
DEBUG: org.apache.http.impl.execchain.MainClientExec - Target auth state: UNCHALLENGED
DEBUG: org.apache.http.impl.execchain.MainClientExec - Proxy auth state: UNCHALLENGED
DEBUG: org.apache.http.headers - http-outgoing-289 >> POST /hub/session/e37898b6-8e5c-334f-a9d7-5ee4f0651cdc/element/%7Bc8eb30ae-5053-b84c-8dde-a063af005e74%7D/value HTTP/1.1
DEBUG: org.apache.http.headers - http-outgoing-289 >> Content-Type: application/json; charset=utf-8
DEBUG: org.apache.http.headers - http-outgoing-289 >> Content-Length: 68
DEBUG: org.apache.http.headers - http-outgoing-289 >> Host: 127.0.0.1:7058
DEBUG: org.apache.http.headers - http-outgoing-289 >> Connection: Keep-Alive
DEBUG: org.apache.http.headers - http-outgoing-289 >> User-Agent: Apache-HttpClient/4.5.2 (Java/1.7.0_79)
DEBUG: org.apache.http.headers - http-outgoing-289 >> Accept-Encoding: gzip,deflate
DEBUG: org.apache.http.wire - http-outgoing-289 >> "POST /hub/session/e37898b6-8e5c-334f-a9d7-5ee4f0651cdc/element/%7Bc8eb30ae-5053-b84c-8dde-a063af005e74%7D/value HTTP/1.1[\r][\n]"
DEBUG: org.apache.http.wire - http-outgoing-289 >> "Content-Type: application/json; charset=utf-8[\r][\n]"
DEBUG: org.apache.http.wire - http-outgoing-289 >> "Content-Length: 68[\r][\n]"
DEBUG: org.apache.http.wire - http-outgoing-289 >> "Host: 127.0.0.1:7058[\r][\n]"
DEBUG: org.apache.http.wire - http-outgoing-289 >> "Connection: Keep-Alive[\r][\n]"
DEBUG: org.apache.http.wire - http-outgoing-289 >> "User-Agent: Apache-HttpClient/4.5.2 (Java/1.7.0_79)[\r][\n]"
DEBUG: org.apache.http.wire - http-outgoing-289 >> "Accept-Encoding: gzip,deflate[\r][\n]"
DEBUG: org.apache.http.wire - http-outgoing-289 >> "[\r][\n]"
DEBUG: org.apache.http.wire - http-outgoing-289 >> "{"id":"{c8eb30ae-5053-b84c-8dde-a063af005e74}","value":["password"]}"
DEBUG: org.apache.http.wire - http-outgoing-289 << "HTTP/1.1 200 OK[\r][\n]"
DEBUG: org.apache.http.wire - http-outgoing-289 << "content-type: application/json; charset=UTF-8[\r][\n]"
DEBUG: org.apache.http.wire - http-outgoing-289 << "connection: close[\r][\n]"
DEBUG: org.apache.http.wire - http-outgoing-289 << "content-length: 101[\r][\n]"
DEBUG: org.apache.http.wire - http-outgoing-289 << "server: httpd.js[\r][\n]"
DEBUG: org.apache.http.wire - http-outgoing-289 << "date: Fri, 26 Aug 2016 09:43:07 GMT[\r][\n]"
DEBUG: org.apache.http.wire - http-outgoing-289 << "[\r][\n]"
DEBUG: org.apache.http.headers - http-outgoing-289 << HTTP/1.1 200 OK
DEBUG: org.apache.http.headers - http-outgoing-289 << content-type: application/json; charset=UTF-8
DEBUG: org.apache.http.headers - http-outgoing-289 << connection: close
DEBUG: org.apache.http.headers - http-outgoing-289 << content-length: 101
DEBUG: org.apache.http.headers - http-outgoing-289 << server: httpd.js
DEBUG: org.apache.http.headers - http-outgoing-289 << date: Fri, 26 Aug 2016 09:43:07 GMT
DEBUG: org.apache.http.wire - http-outgoing-289 << "{"name":"sendKeysToElement","sessionId":"e37898b6-8e5c-334f-a9d7-5ee4f0651cdc","status":0,"value":""}"
DEBUG: org.apache.http.impl.conn.DefaultManagedHttpClientConnection - http-outgoing-289: Close connection
DEBUG: org.apache.http.impl.execchain.MainClientExec - Connection discarded
DEBUG: org.apache.http.impl.conn.PoolingHttpClientConnectionManager - Connection released: [id: 289][route: {}->http://127.0.0.1:7058][total kept alive: 0; route allocated: 0 of 2000; total allocated: 0 of 2000]
DEBUG: org.apache.http.client.protocol.RequestAddCookies - CookieSpec selected: default
DEBUG: org.apache.http.client.protocol.RequestAuthCache - Auth cache not set in the context
DEBUG: org.apache.http.impl.conn.PoolingHttpClientConnectionManager - Connection request: [route: {}->http://127.0.0.1:7058][total kept alive: 0; route allocated: 0 of 2000; total allocated: 0 of 2000]
DEBUG: org.apache.http.impl.conn.PoolingHttpClientConnectionManager - Connection leased: [id: 290][route: {}->http://127.0.0.1:7058][total kept alive: 0; route allocated: 1 of 2000; total allocated: 1 of 2000]
DEBUG: org.apache.http.impl.execchain.MainClientExec - Opening connection {}->http://127.0.0.1:7058
DEBUG: org.apache.http.impl.conn.DefaultHttpClientConnectionOperator - Connecting to /127.0.0.1:7058
DEBUG: org.apache.http.impl.conn.DefaultHttpClientConnectionOperator - Connection established 127.0.0.1:61076<->127.0.0.1:7058
DEBUG: org.apache.http.impl.conn.DefaultManagedHttpClientConnection - http-outgoing-290: set socket timeout to 10800000
DEBUG: org.apache.http.impl.execchain.MainClientExec - Executing request POST /hub/session/e37898b6-8e5c-334f-a9d7-5ee4f0651cdc/element HTTP/1.1
DEBUG: org.apache.http.impl.execchain.MainClientExec - Target auth state: UNCHALLENGED
DEBUG: org.apache.http.impl.execchain.MainClientExec - Proxy auth state: UNCHALLENGED
DEBUG: org.apache.http.headers - http-outgoing-290 >> POST /hub/session/e37898b6-8e5c-334f-a9d7-5ee4f0651cdc/element HTTP/1.1
DEBUG: org.apache.http.headers - http-outgoing-290 >> Content-Type: application/json; charset=utf-8
DEBUG: org.apache.http.headers - http-outgoing-290 >> Content-Length: 33
DEBUG: org.apache.http.headers - http-outgoing-290 >> Host: 127.0.0.1:7058
DEBUG: org.apache.http.headers - http-outgoing-290 >> Connection: Keep-Alive
DEBUG: org.apache.http.headers - http-outgoing-290 >> User-Agent: Apache-HttpClient/4.5.2 (Java/1.7.0_79)
DEBUG: org.apache.http.headers - http-outgoing-290 >> Accept-Encoding: gzip,deflate
DEBUG: org.apache.http.wire - http-outgoing-290 >> "POST /hub/session/e37898b6-8e5c-334f-a9d7-5ee4f0651cdc/element HTTP/1.1[\r][\n]"
DEBUG: org.apache.http.wire - http-outgoing-290 >> "Content-Type: application/json; charset=utf-8[\r][\n]"
DEBUG: org.apache.http.wire - http-outgoing-290 >> "Content-Length: 33[\r][\n]"
DEBUG: org.apache.http.wire - http-outgoing-290 >> "Host: 127.0.0.1:7058[\r][\n]"
DEBUG: org.apache.http.wire - http-outgoing-290 >> "Connection: Keep-Alive[\r][\n]"
DEBUG: org.apache.http.wire - http-outgoing-290 >> "User-Agent: Apache-HttpClient/4.5.2 (Java/1.7.0_79)[\r][\n]"
DEBUG: org.apache.http.wire - http-outgoing-290 >> "Accept-Encoding: gzip,deflate[\r][\n]"
DEBUG: org.apache.http.wire - http-outgoing-290 >> "[\r][\n]"
DEBUG: org.apache.http.wire - http-outgoing-290 >> "{"using":"name","value":"submit"}"
DEBUG: org.apache.http.wire - http-outgoing-290 << "HTTP/1.1 200 OK[\r][\n]"
DEBUG: org.apache.http.wire - http-outgoing-290 << "content-type: application/json; charset=UTF-8[\r][\n]"
DEBUG: org.apache.http.wire - http-outgoing-290 << "connection: close[\r][\n]"
DEBUG: org.apache.http.wire - http-outgoing-290 << "content-length: 224[\r][\n]"
DEBUG: org.apache.http.wire - http-outgoing-290 << "server: httpd.js[\r][\n]"
DEBUG: org.apache.http.wire - http-outgoing-290 << "date: Fri, 26 Aug 2016 09:43:07 GMT[\r][\n]"
DEBUG: org.apache.http.wire - http-outgoing-290 << "[\r][\n]"
DEBUG: org.apache.http.headers - http-outgoing-290 << HTTP/1.1 200 OK
DEBUG: org.apache.http.headers - http-outgoing-290 << content-type: application/json; charset=UTF-8
DEBUG: org.apache.http.headers - http-outgoing-290 << connection: close
DEBUG: org.apache.http.headers - http-outgoing-290 << content-length: 224
DEBUG: org.apache.http.headers - http-outgoing-290 << server: httpd.js
DEBUG: org.apache.http.headers - http-outgoing-290 << date: Fri, 26 Aug 2016 09:43:07 GMT
DEBUG: org.apache.http.wire - http-outgoing-290 << "{"name":"findElement","sessionId":"e37898b6-8e5c-334f-a9d7-5ee4f0651cdc","status":0,"value":{"ELEMENT":"{fea49b1f-a909-2242-9128-1093962059b7}","element-6066-11e4-a52e-4f735466cecf":"{fea49b1f-a909-2242-9128-1093962059b7}"}}"
DEBUG: org.apache.http.impl.conn.DefaultManagedHttpClientConnection - http-outgoing-290: Close connection
DEBUG: org.apache.http.impl.execchain.MainClientExec - Connection discarded
DEBUG: org.apache.http.impl.conn.PoolingHttpClientConnectionManager - Connection released: [id: 290][route: {}->http://127.0.0.1:7058][total kept alive: 0; route allocated: 0 of 2000; total allocated: 0 of 2000]
DEBUG: org.apache.http.client.protocol.RequestAddCookies - CookieSpec selected: default
DEBUG: org.apache.http.client.protocol.RequestAuthCache - Auth cache not set in the context
DEBUG: org.apache.http.impl.conn.PoolingHttpClientConnectionManager - Connection request: [route: {}->http://127.0.0.1:7058][total kept alive: 0; route allocated: 0 of 2000; total allocated: 0 of 2000]
DEBUG: org.apache.http.impl.conn.PoolingHttpClientConnectionManager - Connection leased: [id: 291][route: {}->http://127.0.0.1:7058][total kept alive: 0; route allocated: 1 of 2000; total allocated: 1 of 2000]
DEBUG: org.apache.http.impl.execchain.MainClientExec - Opening connection {}->http://127.0.0.1:7058
DEBUG: org.apache.http.impl.conn.DefaultHttpClientConnectionOperator - Connecting to /127.0.0.1:7058
DEBUG: org.apache.http.impl.conn.DefaultHttpClientConnectionOperator - Connection established 127.0.0.1:61077<->127.0.0.1:7058
DEBUG: org.apache.http.impl.conn.DefaultManagedHttpClientConnection - http-outgoing-291: set socket timeout to 10800000
DEBUG: org.apache.http.impl.execchain.MainClientExec - Executing request POST /hub/session/e37898b6-8e5c-334f-a9d7-5ee4f0651cdc/element/%7Bfea49b1f-a909-2242-9128-1093962059b7%7D/click HTTP/1.1
DEBUG: org.apache.http.impl.execchain.MainClientExec - Target auth state: UNCHALLENGED
DEBUG: org.apache.http.impl.execchain.MainClientExec - Proxy auth state: UNCHALLENGED
DEBUG: org.apache.http.headers - http-outgoing-291 >> POST /hub/session/e37898b6-8e5c-334f-a9d7-5ee4f0651cdc/element/%7Bfea49b1f-a909-2242-9128-1093962059b7%7D/click HTTP/1.1
DEBUG: org.apache.http.headers - http-outgoing-291 >> Content-Type: application/json; charset=utf-8
DEBUG: org.apache.http.headers - http-outgoing-291 >> Content-Length: 47
DEBUG: org.apache.http.headers - http-outgoing-291 >> Host: 127.0.0.1:7058
DEBUG: org.apache.http.headers - http-outgoing-291 >> Connection: Keep-Alive
DEBUG: org.apache.http.headers - http-outgoing-291 >> User-Agent: Apache-HttpClient/4.5.2 (Java/1.7.0_79)
DEBUG: org.apache.http.headers - http-outgoing-291 >> Accept-Encoding: gzip,deflate
DEBUG: org.apache.http.wire - http-outgoing-291 >> "POST /hub/session/e37898b6-8e5c-334f-a9d7-5ee4f0651cdc/element/%7Bfea49b1f-a909-2242-9128-1093962059b7%7D/click HTTP/1.1[\r][\n]"
DEBUG: org.apache.http.wire - http-outgoing-291 >> "Content-Type: application/json; charset=utf-8[\r][\n]"
DEBUG: org.apache.http.wire - http-outgoing-291 >> "Content-Length: 47[\r][\n]"
DEBUG: org.apache.http.wire - http-outgoing-291 >> "Host: 127.0.0.1:7058[\r][\n]"
DEBUG: org.apache.http.wire - http-outgoing-291 >> "Connection: Keep-Alive[\r][\n]"
DEBUG: org.apache.http.wire - http-outgoing-291 >> "User-Agent: Apache-HttpClient/4.5.2 (Java/1.7.0_79)[\r][\n]"
DEBUG: org.apache.http.wire - http-outgoing-291 >> "Accept-Encoding: gzip,deflate[\r][\n]"
DEBUG: org.apache.http.wire - http-outgoing-291 >> "[\r][\n]"
DEBUG: org.apache.http.wire - http-outgoing-291 >> "{"id":"{fea49b1f-a909-2242-9128-1093962059b7}"}"
DEBUG: org.apache.http.wire - http-outgoing-291 << "HTTP/1.1 200 OK[\r][\n]"
DEBUG: org.apache.http.wire - http-outgoing-291 << "content-type: application/json; charset=UTF-8[\r][\n]"
DEBUG: org.apache.http.wire - http-outgoing-291 << "connection: close[\r][\n]"
DEBUG: org.apache.http.wire - http-outgoing-291 << "content-length: 98[\r][\n]"
DEBUG: org.apache.http.wire - http-outgoing-291 << "server: httpd.js[\r][\n]"
DEBUG: org.apache.http.wire - http-outgoing-291 << "date: Fri, 26 Aug 2016 09:43:07 GMT[\r][\n]"
DEBUG: org.apache.http.wire - http-outgoing-291 << "[\r][\n]"
DEBUG: org.apache.http.headers - http-outgoing-291 << HTTP/1.1 200 OK
DEBUG: org.apache.http.headers - http-outgoing-291 << content-type: application/json; charset=UTF-8
DEBUG: org.apache.http.headers - http-outgoing-291 << connection: close
DEBUG: org.apache.http.headers - http-outgoing-291 << content-length: 98
DEBUG: org.apache.http.headers - http-outgoing-291 << server: httpd.js
DEBUG: org.apache.http.headers - http-outgoing-291 << date: Fri, 26 Aug 2016 09:43:07 GMT
DEBUG: org.apache.http.wire - http-outgoing-291 << "{"name":"clickElement","sessionId":"e37898b6-8e5c-334f-a9d7-5ee4f0651cdc","status":0,"value":"ok"}"
DEBUG: org.apache.http.impl.conn.DefaultManagedHttpClientConnection - http-outgoing-291: Close connection
DEBUG: org.apache.http.impl.execchain.MainClientExec - Connection discarded
DEBUG: org.apache.http.impl.conn.PoolingHttpClientConnectionManager - Connection released: [id: 291][route: {}->http://127.0.0.1:7058][total kept alive: 0; route allocated: 0 of 2000; total allocated: 0 of 2000]
DEBUG: org.apache.http.client.protocol.RequestAddCookies - CookieSpec selected: default
DEBUG: org.apache.http.client.protocol.RequestAuthCache - Auth cache not set in the context
DEBUG: org.apache.http.impl.conn.PoolingHttpClientConnectionManager - Connection request: [route: {}->http://127.0.0.1:7058][total kept alive: 0; route allocated: 0 of 2000; total allocated: 0 of 2000]
DEBUG: org.apache.http.impl.conn.PoolingHttpClientConnectionManager - Connection leased: [id: 292][route: {}->http://127.0.0.1:7058][total kept alive: 0; route allocated: 1 of 2000; total allocated: 1 of 2000]
DEBUG: org.apache.http.impl.execchain.MainClientExec - Opening connection {}->http://127.0.0.1:7058
DEBUG: org.apache.http.impl.conn.DefaultHttpClientConnectionOperator - Connecting to /127.0.0.1:7058
DEBUG: org.apache.http.impl.conn.DefaultHttpClientConnectionOperator - Connection established 127.0.0.1:61080<->127.0.0.1:7058
DEBUG: org.apache.http.impl.conn.DefaultManagedHttpClientConnection - http-outgoing-292: set socket timeout to 10800000
DEBUG: org.apache.http.impl.execchain.MainClientExec - Executing request GET /hub/session/e37898b6-8e5c-334f-a9d7-5ee4f0651cdc/source HTTP/1.1
DEBUG: org.apache.http.impl.execchain.MainClientExec - Target auth state: UNCHALLENGED
DEBUG: org.apache.http.impl.execchain.MainClientExec - Proxy auth state: UNCHALLENGED
DEBUG: org.apache.http.headers - http-outgoing-292 >> GET /hub/session/e37898b6-8e5c-334f-a9d7-5ee4f0651cdc/source HTTP/1.1
DEBUG: org.apache.http.headers - http-outgoing-292 >> Cache-Control: no-cache
DEBUG: org.apache.http.headers - http-outgoing-292 >> Host: 127.0.0.1:7058
DEBUG: org.apache.http.headers - http-outgoing-292 >> Connection: Keep-Alive
DEBUG: org.apache.http.headers - http-outgoing-292 >> User-Agent: Apache-HttpClient/4.5.2 (Java/1.7.0_79)
DEBUG: org.apache.http.headers - http-outgoing-292 >> Accept-Encoding: gzip,deflate
DEBUG: org.apache.http.wire - http-outgoing-292 >> "GET /hub/session/e37898b6-8e5c-334f-a9d7-5ee4f0651cdc/source HTTP/1.1[\r][\n]"
DEBUG: org.apache.http.wire - http-outgoing-292 >> "Cache-Control: no-cache[\r][\n]"
DEBUG: org.apache.http.wire - http-outgoing-292 >> "Host: 127.0.0.1:7058[\r][\n]"
DEBUG: org.apache.http.wire - http-outgoing-292 >> "Connection: Keep-Alive[\r][\n]"
DEBUG: org.apache.http.wire - http-outgoing-292 >> "User-Agent: Apache-HttpClient/4.5.2 (Java/1.7.0_79)[\r][\n]"
DEBUG: org.apache.http.wire - http-outgoing-292 >> "Accept-Encoding: gzip,deflate[\r][\n]"
DEBUG: org.apache.http.wire - http-outgoing-292 >> "[\r][\n]"
DEBUG: org.apache.http.wire - http-outgoing-292 << "HTTP/1.1 200 OK[\r][\n]"
DEBUG: org.apache.http.wire - http-outgoing-292 << "content-type: application/json; charset=UTF-8[\r][\n]"
DEBUG: org.apache.http.wire - http-outgoing-292 << "connection: close[\r][\n]"
DEBUG: org.apache.http.wire - http-outgoing-292 << "content-length: 1922[\r][\n]"
DEBUG: org.apache.http.wire - http-outgoing-292 << "server: httpd.js[\r][\n]"
DEBUG: org.apache.http.wire - http-outgoing-292 << "date: Fri, 26 Aug 2016 09:43:07 GMT[\r][\n]"
DEBUG: org.apache.http.wire - http-outgoing-292 << "[\r][\n]"
DEBUG: org.apache.http.headers - http-outgoing-292 << HTTP/1.1 200 OK
DEBUG: org.apache.http.headers - http-outgoing-292 << content-type: application/json; charset=UTF-8
DEBUG: org.apache.http.headers - http-outgoing-292 << connection: close
DEBUG: org.apache.http.headers - http-outgoing-292 << content-length: 1922
DEBUG: org.apache.http.headers - http-outgoing-292 << server: httpd.js
DEBUG: org.apache.http.headers - http-outgoing-292 << date: Fri, 26 Aug 2016 09:43:07 GMT
DEBUG: org.apache.http.wire - http-outgoing-292 << "{"name":"getPageSource","sessionId":"e37898b6-8e5c-334f-a9d7-5ee4f0651cdc","status":0,"value":"<!DOCTYPE html>\n<html xmlns=\"http://www.w3.org/1999/xhtml\"><head>\n    <meta charset=\"utf-8\" />\n    <title>Access denied!!!</title>\n    <link type=\"text/css\" href=\"/scripts/css/main.css\" rel=\"stylesheet\" />\n    <script src=\"/scripts/lib/jquery-1.10.2.js\" type=\"text/javascript\"></script>\n    <script src=\"/scripts/lib/jquery.cookie.js\" type=\"text/javascript\"></script>\n    <script src=\"/scripts/js/Survey.js\" type=\"text/javascript\"></script>\n    <script src=\"/scripts/js/field_validator.js\" type=\"text/javascript\"></script>\n</head>\n<body>\n\n<div class=\"navbar\">\n    <a href=\"/\" class=\"brand\">\n        <img width=\"20px;\" src=\"/images/logo.png\" />\n        Freewheelers\n    </a>\n    <ul class=\"nav\">\n        <li><a class=\"header-link\" href=\"/\">Home</a></li>\n        \n        <li><a class=\"header-link\" href=\"/admin\">Admin Profile</a></li>\n        <li><a class=\"header-link\" href=\"/userProfile\">User Profile</a></li>\n        <li><a class=\"header-link\" href=\"/account/create\">Create Account</a></li>\n        \n            <li><a class=\"header-link\" href=\"j_spring_security_logout\">Logout</a></li>\n        \n        \n            <li class=\"navbar-text\" id=\"welcome\">Welcome Promoter!</li>\n        \n    </ul>\n\n</div>\n\n<!--[if lt IE 9]>\n<div class=\"alert\">\n    You are using a Legacy Browser - it is not supported. Please upgrade to <a\n        href=\"http://windows.microsoft.com/en-US/internet-explorer/downloads/ie-9/worldwide-languages\">IE9</a>, Firefox,\n    Safari, Chrome or Opera.\n</div>\n<![endif]-->\n\n\n\t\t<div id=\"http_403\" class=\"alert error\">\n            <h1>403 Your access is denied</h1>\n        </div>\n\n<br />\n<hr />\n<p>\n    <small>Freewheelers - a Trail Blazers Company</small>\n</p>\n\n\n\n</body></html>"}"
DEBUG: org.apache.http.impl.conn.DefaultManagedHttpClientConnection - http-outgoing-292: Close connection
DEBUG: org.apache.http.impl.execchain.MainClientExec - Connection discarded
DEBUG: org.apache.http.impl.conn.PoolingHttpClientConnectionManager - Connection released: [id: 292][route: {}->http://127.0.0.1:7058][total kept alive: 0; route allocated: 0 of 2000; total allocated: 0 of 2000]
DEBUG: org.apache.http.client.protocol.RequestAddCookies - CookieSpec selected: default
DEBUG: org.apache.http.client.protocol.RequestAuthCache - Auth cache not set in the context
DEBUG: org.apache.http.impl.conn.PoolingHttpClientConnectionManager - Connection request: [route: {}->http://127.0.0.1:7058][total kept alive: 0; route allocated: 0 of 2000; total allocated: 0 of 2000]
DEBUG: org.apache.http.impl.conn.PoolingHttpClientConnectionManager - Connection leased: [id: 293][route: {}->http://127.0.0.1:7058][total kept alive: 0; route allocated: 1 of 2000; total allocated: 1 of 2000]
DEBUG: org.apache.http.impl.execchain.MainClientExec - Opening connection {}->http://127.0.0.1:7058
DEBUG: org.apache.http.impl.conn.DefaultHttpClientConnectionOperator - Connecting to /127.0.0.1:7058
DEBUG: org.apache.http.impl.conn.DefaultHttpClientConnectionOperator - Connection established 127.0.0.1:61081<->127.0.0.1:7058
DEBUG: org.apache.http.impl.conn.DefaultManagedHttpClientConnection - http-outgoing-293: set socket timeout to 10800000
DEBUG: org.apache.http.impl.execchain.MainClientExec - Executing request POST /hub/session/e37898b6-8e5c-334f-a9d7-5ee4f0651cdc/elements HTTP/1.1
DEBUG: org.apache.http.impl.execchain.MainClientExec - Target auth state: UNCHALLENGED
DEBUG: org.apache.http.impl.execchain.MainClientExec - Proxy auth state: UNCHALLENGED
DEBUG: org.apache.http.headers - http-outgoing-293 >> POST /hub/session/e37898b6-8e5c-334f-a9d7-5ee4f0651cdc/elements HTTP/1.1
DEBUG: org.apache.http.headers - http-outgoing-293 >> Content-Type: application/json; charset=utf-8
DEBUG: org.apache.http.headers - http-outgoing-293 >> Content-Length: 42
DEBUG: org.apache.http.headers - http-outgoing-293 >> Host: 127.0.0.1:7058
DEBUG: org.apache.http.headers - http-outgoing-293 >> Connection: Keep-Alive
DEBUG: org.apache.http.headers - http-outgoing-293 >> User-Agent: Apache-HttpClient/4.5.2 (Java/1.7.0_79)
DEBUG: org.apache.http.headers - http-outgoing-293 >> Accept-Encoding: gzip,deflate
DEBUG: org.apache.http.wire - http-outgoing-293 >> "POST /hub/session/e37898b6-8e5c-334f-a9d7-5ee4f0651cdc/elements HTTP/1.1[\r][\n]"
DEBUG: org.apache.http.wire - http-outgoing-293 >> "Content-Type: application/json; charset=utf-8[\r][\n]"
DEBUG: org.apache.http.wire - http-outgoing-293 >> "Content-Length: 42[\r][\n]"
DEBUG: org.apache.http.wire - http-outgoing-293 >> "Host: 127.0.0.1:7058[\r][\n]"
DEBUG: org.apache.http.wire - http-outgoing-293 >> "Connection: Keep-Alive[\r][\n]"
DEBUG: org.apache.http.wire - http-outgoing-293 >> "User-Agent: Apache-HttpClient/4.5.2 (Java/1.7.0_79)[\r][\n]"
DEBUG: org.apache.http.wire - http-outgoing-293 >> "Accept-Encoding: gzip,deflate[\r][\n]"
DEBUG: org.apache.http.wire - http-outgoing-293 >> "[\r][\n]"
DEBUG: org.apache.http.wire - http-outgoing-293 >> "{"using":"link text","value":"NPS Report"}"
DEBUG: org.apache.http.wire - http-outgoing-293 << "HTTP/1.1 200 OK[\r][\n]"
DEBUG: org.apache.http.wire - http-outgoing-293 << "content-type: application/json; charset=UTF-8[\r][\n]"
DEBUG: org.apache.http.wire - http-outgoing-293 << "connection: close[\r][\n]"
DEBUG: org.apache.http.wire - http-outgoing-293 << "content-length: 96[\r][\n]"
DEBUG: org.apache.http.wire - http-outgoing-293 << "server: httpd.js[\r][\n]"
DEBUG: org.apache.http.wire - http-outgoing-293 << "date: Fri, 26 Aug 2016 09:43:07 GMT[\r][\n]"
DEBUG: org.apache.http.wire - http-outgoing-293 << "[\r][\n]"
DEBUG: org.apache.http.headers - http-outgoing-293 << HTTP/1.1 200 OK
DEBUG: org.apache.http.headers - http-outgoing-293 << content-type: application/json; charset=UTF-8
DEBUG: org.apache.http.headers - http-outgoing-293 << connection: close
DEBUG: org.apache.http.headers - http-outgoing-293 << content-length: 96
DEBUG: org.apache.http.headers - http-outgoing-293 << server: httpd.js
DEBUG: org.apache.http.headers - http-outgoing-293 << date: Fri, 26 Aug 2016 09:43:07 GMT
DEBUG: org.apache.http.wire - http-outgoing-293 << "{"name":"findElements","sessionId":"e37898b6-8e5c-334f-a9d7-5ee4f0651cdc","status":0,"value":[]}"
DEBUG: org.apache.http.impl.conn.DefaultManagedHttpClientConnection - http-outgoing-293: Close connection
DEBUG: org.apache.http.impl.execchain.MainClientExec - Connection discarded
DEBUG: org.apache.http.impl.conn.PoolingHttpClientConnectionManager - Connection released: [id: 293][route: {}->http://127.0.0.1:7058][total kept alive: 0; route allocated: 0 of 2000; total allocated: 0 of 2000]
DEBUG: org.apache.http.client.protocol.RequestAddCookies - CookieSpec selected: default
DEBUG: org.apache.http.client.protocol.RequestAuthCache - Auth cache not set in the context
DEBUG: org.apache.http.impl.conn.PoolingHttpClientConnectionManager - Connection request: [route: {}->http://127.0.0.1:7058][total kept alive: 0; route allocated: 0 of 2000; total allocated: 0 of 2000]
DEBUG: org.apache.http.impl.conn.PoolingHttpClientConnectionManager - Connection leased: [id: 294][route: {}->http://127.0.0.1:7058][total kept alive: 0; route allocated: 1 of 2000; total allocated: 1 of 2000]
DEBUG: org.apache.http.impl.execchain.MainClientExec - Opening connection {}->http://127.0.0.1:7058
DEBUG: org.apache.http.impl.conn.DefaultHttpClientConnectionOperator - Connecting to /127.0.0.1:7058
DEBUG: org.apache.http.impl.conn.DefaultHttpClientConnectionOperator - Connection established 127.0.0.1:61082<->127.0.0.1:7058
DEBUG: org.apache.http.impl.conn.DefaultManagedHttpClientConnection - http-outgoing-294: set socket timeout to 10800000
DEBUG: org.apache.http.impl.execchain.MainClientExec - Executing request POST /hub/session/e37898b6-8e5c-334f-a9d7-5ee4f0651cdc/url HTTP/1.1
DEBUG: org.apache.http.impl.execchain.MainClientExec - Target auth state: UNCHALLENGED
DEBUG: org.apache.http.impl.execchain.MainClientExec - Proxy auth state: UNCHALLENGED
DEBUG: org.apache.http.headers - http-outgoing-294 >> POST /hub/session/e37898b6-8e5c-334f-a9d7-5ee4f0651cdc/url HTTP/1.1
DEBUG: org.apache.http.headers - http-outgoing-294 >> Content-Type: application/json; charset=utf-8
DEBUG: org.apache.http.headers - http-outgoing-294 >> Content-Length: 37
DEBUG: org.apache.http.headers - http-outgoing-294 >> Host: 127.0.0.1:7058
DEBUG: org.apache.http.headers - http-outgoing-294 >> Connection: Keep-Alive
DEBUG: org.apache.http.headers - http-outgoing-294 >> User-Agent: Apache-HttpClient/4.5.2 (Java/1.7.0_79)
DEBUG: org.apache.http.headers - http-outgoing-294 >> Accept-Encoding: gzip,deflate
DEBUG: org.apache.http.wire - http-outgoing-294 >> "POST /hub/session/e37898b6-8e5c-334f-a9d7-5ee4f0651cdc/url HTTP/1.1[\r][\n]"
DEBUG: org.apache.http.wire - http-outgoing-294 >> "Content-Type: application/json; charset=utf-8[\r][\n]"
DEBUG: org.apache.http.wire - http-outgoing-294 >> "Content-Length: 37[\r][\n]"
DEBUG: org.apache.http.wire - http-outgoing-294 >> "Host: 127.0.0.1:7058[\r][\n]"
DEBUG: org.apache.http.wire - http-outgoing-294 >> "Connection: Keep-Alive[\r][\n]"
DEBUG: org.apache.http.wire - http-outgoing-294 >> "User-Agent: Apache-HttpClient/4.5.2 (Java/1.7.0_79)[\r][\n]"
DEBUG: org.apache.http.wire - http-outgoing-294 >> "Accept-Encoding: gzip,deflate[\r][\n]"
DEBUG: org.apache.http.wire - http-outgoing-294 >> "[\r][\n]"
DEBUG: org.apache.http.wire - http-outgoing-294 >> "{"url":"http://localhost:8080/login"}"
DEBUG: org.apache.http.wire - http-outgoing-294 << "HTTP/1.1 200 OK[\r][\n]"
DEBUG: org.apache.http.wire - http-outgoing-294 << "content-type: application/json; charset=UTF-8[\r][\n]"
DEBUG: org.apache.http.wire - http-outgoing-294 << "connection: close[\r][\n]"
DEBUG: org.apache.http.wire - http-outgoing-294 << "content-length: 87[\r][\n]"
DEBUG: org.apache.http.wire - http-outgoing-294 << "server: httpd.js[\r][\n]"
DEBUG: org.apache.http.wire - http-outgoing-294 << "date: Fri, 26 Aug 2016 09:43:07 GMT[\r][\n]"
DEBUG: org.apache.http.wire - http-outgoing-294 << "[\r][\n]"
DEBUG: org.apache.http.headers - http-outgoing-294 << HTTP/1.1 200 OK
DEBUG: org.apache.http.headers - http-outgoing-294 << content-type: application/json; charset=UTF-8
DEBUG: org.apache.http.headers - http-outgoing-294 << connection: close
DEBUG: org.apache.http.headers - http-outgoing-294 << content-length: 87
DEBUG: org.apache.http.headers - http-outgoing-294 << server: httpd.js
DEBUG: org.apache.http.headers - http-outgoing-294 << date: Fri, 26 Aug 2016 09:43:07 GMT
DEBUG: org.apache.http.wire - http-outgoing-294 << "{"name":"get","sessionId":"e37898b6-8e5c-334f-a9d7-5ee4f0651cdc","status":0,"value":""}"
DEBUG: org.apache.http.impl.conn.DefaultManagedHttpClientConnection - http-outgoing-294: Close connection
DEBUG: org.apache.http.impl.execchain.MainClientExec - Connection discarded
DEBUG: org.apache.http.impl.conn.PoolingHttpClientConnectionManager - Connection released: [id: 294][route: {}->http://127.0.0.1:7058][total kept alive: 0; route allocated: 0 of 2000; total allocated: 0 of 2000]
DEBUG: org.apache.http.client.protocol.RequestAddCookies - CookieSpec selected: default
DEBUG: org.apache.http.client.protocol.RequestAuthCache - Auth cache not set in the context
DEBUG: org.apache.http.impl.conn.PoolingHttpClientConnectionManager - Connection request: [route: {}->http://127.0.0.1:7058][total kept alive: 0; route allocated: 0 of 2000; total allocated: 0 of 2000]
DEBUG: org.apache.http.impl.conn.PoolingHttpClientConnectionManager - Connection leased: [id: 295][route: {}->http://127.0.0.1:7058][total kept alive: 0; route allocated: 1 of 2000; total allocated: 1 of 2000]
DEBUG: org.apache.http.impl.execchain.MainClientExec - Opening connection {}->http://127.0.0.1:7058
DEBUG: org.apache.http.impl.conn.DefaultHttpClientConnectionOperator - Connecting to /127.0.0.1:7058
DEBUG: org.apache.http.impl.conn.DefaultHttpClientConnectionOperator - Connection established 127.0.0.1:61083<->127.0.0.1:7058
DEBUG: org.apache.http.impl.conn.DefaultManagedHttpClientConnection - http-outgoing-295: set socket timeout to 10800000
DEBUG: org.apache.http.impl.execchain.MainClientExec - Executing request POST /hub/session/e37898b6-8e5c-334f-a9d7-5ee4f0651cdc/element HTTP/1.1
DEBUG: org.apache.http.impl.execchain.MainClientExec - Target auth state: UNCHALLENGED
DEBUG: org.apache.http.impl.execchain.MainClientExec - Proxy auth state: UNCHALLENGED
DEBUG: org.apache.http.headers - http-outgoing-295 >> POST /hub/session/e37898b6-8e5c-334f-a9d7-5ee4f0651cdc/element HTTP/1.1
DEBUG: org.apache.http.headers - http-outgoing-295 >> Content-Type: application/json; charset=utf-8
DEBUG: org.apache.http.headers - http-outgoing-295 >> Content-Length: 37
DEBUG: org.apache.http.headers - http-outgoing-295 >> Host: 127.0.0.1:7058
DEBUG: org.apache.http.headers - http-outgoing-295 >> Connection: Keep-Alive
DEBUG: org.apache.http.headers - http-outgoing-295 >> User-Agent: Apache-HttpClient/4.5.2 (Java/1.7.0_79)
DEBUG: org.apache.http.headers - http-outgoing-295 >> Accept-Encoding: gzip,deflate
DEBUG: org.apache.http.wire - http-outgoing-295 >> "POST /hub/session/e37898b6-8e5c-334f-a9d7-5ee4f0651cdc/element HTTP/1.1[\r][\n]"
DEBUG: org.apache.http.wire - http-outgoing-295 >> "Content-Type: application/json; charset=utf-8[\r][\n]"
DEBUG: org.apache.http.wire - http-outgoing-295 >> "Content-Length: 37[\r][\n]"
DEBUG: org.apache.http.wire - http-outgoing-295 >> "Host: 127.0.0.1:7058[\r][\n]"
DEBUG: org.apache.http.wire - http-outgoing-295 >> "Connection: Keep-Alive[\r][\n]"
DEBUG: org.apache.http.wire - http-outgoing-295 >> "User-Agent: Apache-HttpClient/4.5.2 (Java/1.7.0_79)[\r][\n]"
DEBUG: org.apache.http.wire - http-outgoing-295 >> "Accept-Encoding: gzip,deflate[\r][\n]"
DEBUG: org.apache.http.wire - http-outgoing-295 >> "[\r][\n]"
DEBUG: org.apache.http.wire - http-outgoing-295 >> "{"using":"name","value":"j_username"}"
DEBUG: org.apache.http.wire - http-outgoing-295 << "HTTP/1.1 200 OK[\r][\n]"
DEBUG: org.apache.http.wire - http-outgoing-295 << "content-type: application/json; charset=UTF-8[\r][\n]"
DEBUG: org.apache.http.wire - http-outgoing-295 << "connection: close[\r][\n]"
DEBUG: org.apache.http.wire - http-outgoing-295 << "content-length: 224[\r][\n]"
DEBUG: org.apache.http.wire - http-outgoing-295 << "server: httpd.js[\r][\n]"
DEBUG: org.apache.http.wire - http-outgoing-295 << "date: Fri, 26 Aug 2016 09:43:07 GMT[\r][\n]"
DEBUG: org.apache.http.wire - http-outgoing-295 << "[\r][\n]"
DEBUG: org.apache.http.headers - http-outgoing-295 << HTTP/1.1 200 OK
DEBUG: org.apache.http.headers - http-outgoing-295 << content-type: application/json; charset=UTF-8
DEBUG: org.apache.http.headers - http-outgoing-295 << connection: close
DEBUG: org.apache.http.headers - http-outgoing-295 << content-length: 224
DEBUG: org.apache.http.headers - http-outgoing-295 << server: httpd.js
DEBUG: org.apache.http.headers - http-outgoing-295 << date: Fri, 26 Aug 2016 09:43:07 GMT
DEBUG: org.apache.http.wire - http-outgoing-295 << "{"name":"findElement","sessionId":"e37898b6-8e5c-334f-a9d7-5ee4f0651cdc","status":0,"value":{"ELEMENT":"{a11003f5-92b4-164c-87e7-81d2acbe09ab}","element-6066-11e4-a52e-4f735466cecf":"{a11003f5-92b4-164c-87e7-81d2acbe09ab}"}}"
DEBUG: org.apache.http.impl.conn.DefaultManagedHttpClientConnection - http-outgoing-295: Close connection
DEBUG: org.apache.http.impl.execchain.MainClientExec - Connection discarded
DEBUG: org.apache.http.impl.conn.PoolingHttpClientConnectionManager - Connection released: [id: 295][route: {}->http://127.0.0.1:7058][total kept alive: 0; route allocated: 0 of 2000; total allocated: 0 of 2000]
DEBUG: org.apache.http.client.protocol.RequestAddCookies - CookieSpec selected: default
DEBUG: org.apache.http.client.protocol.RequestAuthCache - Auth cache not set in the context
DEBUG: org.apache.http.impl.conn.PoolingHttpClientConnectionManager - Connection request: [route: {}->http://127.0.0.1:7058][total kept alive: 0; route allocated: 0 of 2000; total allocated: 0 of 2000]
DEBUG: org.apache.http.impl.conn.PoolingHttpClientConnectionManager - Connection leased: [id: 296][route: {}->http://127.0.0.1:7058][total kept alive: 0; route allocated: 1 of 2000; total allocated: 1 of 2000]
DEBUG: org.apache.http.impl.execchain.MainClientExec - Opening connection {}->http://127.0.0.1:7058
DEBUG: org.apache.http.impl.conn.DefaultHttpClientConnectionOperator - Connecting to /127.0.0.1:7058
DEBUG: org.apache.http.impl.conn.DefaultHttpClientConnectionOperator - Connection established 127.0.0.1:61084<->127.0.0.1:7058
DEBUG: org.apache.http.impl.conn.DefaultManagedHttpClientConnection - http-outgoing-296: set socket timeout to 10800000
DEBUG: org.apache.http.impl.execchain.MainClientExec - Executing request POST /hub/session/e37898b6-8e5c-334f-a9d7-5ee4f0651cdc/element HTTP/1.1
DEBUG: org.apache.http.impl.execchain.MainClientExec - Target auth state: UNCHALLENGED
DEBUG: org.apache.http.impl.execchain.MainClientExec - Proxy auth state: UNCHALLENGED
DEBUG: org.apache.http.headers - http-outgoing-296 >> POST /hub/session/e37898b6-8e5c-334f-a9d7-5ee4f0651cdc/element HTTP/1.1
DEBUG: org.apache.http.headers - http-outgoing-296 >> Content-Type: application/json; charset=utf-8
DEBUG: org.apache.http.headers - http-outgoing-296 >> Content-Length: 37
DEBUG: org.apache.http.headers - http-outgoing-296 >> Host: 127.0.0.1:7058
DEBUG: org.apache.http.headers - http-outgoing-296 >> Connection: Keep-Alive
DEBUG: org.apache.http.headers - http-outgoing-296 >> User-Agent: Apache-HttpClient/4.5.2 (Java/1.7.0_79)
DEBUG: org.apache.http.headers - http-outgoing-296 >> Accept-Encoding: gzip,deflate
DEBUG: org.apache.http.wire - http-outgoing-296 >> "POST /hub/session/e37898b6-8e5c-334f-a9d7-5ee4f0651cdc/element HTTP/1.1[\r][\n]"
DEBUG: org.apache.http.wire - http-outgoing-296 >> "Content-Type: application/json; charset=utf-8[\r][\n]"
DEBUG: org.apache.http.wire - http-outgoing-296 >> "Content-Length: 37[\r][\n]"
DEBUG: org.apache.http.wire - http-outgoing-296 >> "Host: 127.0.0.1:7058[\r][\n]"
DEBUG: org.apache.http.wire - http-outgoing-296 >> "Connection: Keep-Alive[\r][\n]"
DEBUG: org.apache.http.wire - http-outgoing-296 >> "User-Agent: Apache-HttpClient/4.5.2 (Java/1.7.0_79)[\r][\n]"
DEBUG: org.apache.http.wire - http-outgoing-296 >> "Accept-Encoding: gzip,deflate[\r][\n]"
DEBUG: org.apache.http.wire - http-outgoing-296 >> "[\r][\n]"
DEBUG: org.apache.http.wire - http-outgoing-296 >> "{"using":"name","value":"j_username"}"
DEBUG: org.apache.http.wire - http-outgoing-296 << "HTTP/1.1 200 OK[\r][\n]"
DEBUG: org.apache.http.wire - http-outgoing-296 << "content-type: application/json; charset=UTF-8[\r][\n]"
DEBUG: org.apache.http.wire - http-outgoing-296 << "connection: close[\r][\n]"
DEBUG: org.apache.http.wire - http-outgoing-296 << "content-length: 224[\r][\n]"
DEBUG: org.apache.http.wire - http-outgoing-296 << "server: httpd.js[\r][\n]"
DEBUG: org.apache.http.wire - http-outgoing-296 << "date: Fri, 26 Aug 2016 09:43:07 GMT[\r][\n]"
DEBUG: org.apache.http.wire - http-outgoing-296 << "[\r][\n]"
DEBUG: org.apache.http.headers - http-outgoing-296 << HTTP/1.1 200 OK
DEBUG: org.apache.http.headers - http-outgoing-296 << content-type: application/json; charset=UTF-8
DEBUG: org.apache.http.headers - http-outgoing-296 << connection: close
DEBUG: org.apache.http.headers - http-outgoing-296 << content-length: 224
DEBUG: org.apache.http.headers - http-outgoing-296 << server: httpd.js
DEBUG: org.apache.http.headers - http-outgoing-296 << date: Fri, 26 Aug 2016 09:43:07 GMT
DEBUG: org.apache.http.wire - http-outgoing-296 << "{"name":"findElement","sessionId":"e37898b6-8e5c-334f-a9d7-5ee4f0651cdc","status":0,"value":{"ELEMENT":"{a11003f5-92b4-164c-87e7-81d2acbe09ab}","element-6066-11e4-a52e-4f735466cecf":"{a11003f5-92b4-164c-87e7-81d2acbe09ab}"}}"
DEBUG: org.apache.http.impl.conn.DefaultManagedHttpClientConnection - http-outgoing-296: Close connection
DEBUG: org.apache.http.impl.execchain.MainClientExec - Connection discarded
DEBUG: org.apache.http.impl.conn.PoolingHttpClientConnectionManager - Connection released: [id: 296][route: {}->http://127.0.0.1:7058][total kept alive: 0; route allocated: 0 of 2000; total allocated: 0 of 2000]
DEBUG: org.apache.http.client.protocol.RequestAddCookies - CookieSpec selected: default
DEBUG: org.apache.http.client.protocol.RequestAuthCache - Auth cache not set in the context
DEBUG: org.apache.http.impl.conn.PoolingHttpClientConnectionManager - Connection request: [route: {}->http://127.0.0.1:7058][total kept alive: 0; route allocated: 0 of 2000; total allocated: 0 of 2000]
DEBUG: org.apache.http.impl.conn.PoolingHttpClientConnectionManager - Connection leased: [id: 297][route: {}->http://127.0.0.1:7058][total kept alive: 0; route allocated: 1 of 2000; total allocated: 1 of 2000]
DEBUG: org.apache.http.impl.execchain.MainClientExec - Opening connection {}->http://127.0.0.1:7058
DEBUG: org.apache.http.impl.conn.DefaultHttpClientConnectionOperator - Connecting to /127.0.0.1:7058
DEBUG: org.apache.http.impl.conn.DefaultHttpClientConnectionOperator - Connection established 127.0.0.1:61085<->127.0.0.1:7058
DEBUG: org.apache.http.impl.conn.DefaultManagedHttpClientConnection - http-outgoing-297: set socket timeout to 10800000
DEBUG: org.apache.http.impl.execchain.MainClientExec - Executing request POST /hub/session/e37898b6-8e5c-334f-a9d7-5ee4f0651cdc/element/%7Ba11003f5-92b4-164c-87e7-81d2acbe09ab%7D/value HTTP/1.1
DEBUG: org.apache.http.impl.execchain.MainClientExec - Target auth state: UNCHALLENGED
DEBUG: org.apache.http.impl.execchain.MainClientExec - Proxy auth state: UNCHALLENGED
DEBUG: org.apache.http.headers - http-outgoing-297 >> POST /hub/session/e37898b6-8e5c-334f-a9d7-5ee4f0651cdc/element/%7Ba11003f5-92b4-164c-87e7-81d2acbe09ab%7D/value HTTP/1.1
DEBUG: org.apache.http.headers - http-outgoing-297 >> Content-Type: application/json; charset=utf-8
DEBUG: org.apache.http.headers - http-outgoing-297 >> Content-Length: 68
DEBUG: org.apache.http.headers - http-outgoing-297 >> Host: 127.0.0.1:7058
DEBUG: org.apache.http.headers - http-outgoing-297 >> Connection: Keep-Alive
DEBUG: org.apache.http.headers - http-outgoing-297 >> User-Agent: Apache-HttpClient/4.5.2 (Java/1.7.0_79)
DEBUG: org.apache.http.headers - http-outgoing-297 >> Accept-Encoding: gzip,deflate
DEBUG: org.apache.http.wire - http-outgoing-297 >> "POST /hub/session/e37898b6-8e5c-334f-a9d7-5ee4f0651cdc/element/%7Ba11003f5-92b4-164c-87e7-81d2acbe09ab%7D/value HTTP/1.1[\r][\n]"
DEBUG: org.apache.http.wire - http-outgoing-297 >> "Content-Type: application/json; charset=utf-8[\r][\n]"
DEBUG: org.apache.http.wire - http-outgoing-297 >> "Content-Length: 68[\r][\n]"
DEBUG: org.apache.http.wire - http-outgoing-297 >> "Host: 127.0.0.1:7058[\r][\n]"
DEBUG: org.apache.http.wire - http-outgoing-297 >> "Connection: Keep-Alive[\r][\n]"
DEBUG: org.apache.http.wire - http-outgoing-297 >> "User-Agent: Apache-HttpClient/4.5.2 (Java/1.7.0_79)[\r][\n]"
DEBUG: org.apache.http.wire - http-outgoing-297 >> "Accept-Encoding: gzip,deflate[\r][\n]"
DEBUG: org.apache.http.wire - http-outgoing-297 >> "[\r][\n]"
DEBUG: org.apache.http.wire - http-outgoing-297 >> "{"id":"{a11003f5-92b4-164c-87e7-81d2acbe09ab}","value":["NPSAdmin"]}"
DEBUG: org.apache.http.wire - http-outgoing-297 << "HTTP/1.1 200 OK[\r][\n]"
DEBUG: org.apache.http.wire - http-outgoing-297 << "content-type: application/json; charset=UTF-8[\r][\n]"
DEBUG: org.apache.http.wire - http-outgoing-297 << "connection: close[\r][\n]"
DEBUG: org.apache.http.wire - http-outgoing-297 << "content-length: 101[\r][\n]"
DEBUG: org.apache.http.wire - http-outgoing-297 << "server: httpd.js[\r][\n]"
DEBUG: org.apache.http.wire - http-outgoing-297 << "date: Fri, 26 Aug 2016 09:43:07 GMT[\r][\n]"
DEBUG: org.apache.http.wire - http-outgoing-297 << "[\r][\n]"
DEBUG: org.apache.http.headers - http-outgoing-297 << HTTP/1.1 200 OK
DEBUG: org.apache.http.headers - http-outgoing-297 << content-type: application/json; charset=UTF-8
DEBUG: org.apache.http.headers - http-outgoing-297 << connection: close
DEBUG: org.apache.http.headers - http-outgoing-297 << content-length: 101
DEBUG: org.apache.http.headers - http-outgoing-297 << server: httpd.js
DEBUG: org.apache.http.headers - http-outgoing-297 << date: Fri, 26 Aug 2016 09:43:07 GMT
DEBUG: org.apache.http.wire - http-outgoing-297 << "{"name":"sendKeysToElement","sessionId":"e37898b6-8e5c-334f-a9d7-5ee4f0651cdc","status":0,"value":""}"
DEBUG: org.apache.http.impl.conn.DefaultManagedHttpClientConnection - http-outgoing-297: Close connection
DEBUG: org.apache.http.impl.execchain.MainClientExec - Connection discarded
DEBUG: org.apache.http.impl.conn.PoolingHttpClientConnectionManager - Connection released: [id: 297][route: {}->http://127.0.0.1:7058][total kept alive: 0; route allocated: 0 of 2000; total allocated: 0 of 2000]
DEBUG: org.apache.http.client.protocol.RequestAddCookies - CookieSpec selected: default
DEBUG: org.apache.http.client.protocol.RequestAuthCache - Auth cache not set in the context
DEBUG: org.apache.http.impl.conn.PoolingHttpClientConnectionManager - Connection request: [route: {}->http://127.0.0.1:7058][total kept alive: 0; route allocated: 0 of 2000; total allocated: 0 of 2000]
DEBUG: org.apache.http.impl.conn.PoolingHttpClientConnectionManager - Connection leased: [id: 298][route: {}->http://127.0.0.1:7058][total kept alive: 0; route allocated: 1 of 2000; total allocated: 1 of 2000]
DEBUG: org.apache.http.impl.execchain.MainClientExec - Opening connection {}->http://127.0.0.1:7058
DEBUG: org.apache.http.impl.conn.DefaultHttpClientConnectionOperator - Connecting to /127.0.0.1:7058
DEBUG: org.apache.http.impl.conn.DefaultHttpClientConnectionOperator - Connection established 127.0.0.1:61086<->127.0.0.1:7058
DEBUG: org.apache.http.impl.conn.DefaultManagedHttpClientConnection - http-outgoing-298: set socket timeout to 10800000
DEBUG: org.apache.http.impl.execchain.MainClientExec - Executing request POST /hub/session/e37898b6-8e5c-334f-a9d7-5ee4f0651cdc/element HTTP/1.1
DEBUG: org.apache.http.impl.execchain.MainClientExec - Target auth state: UNCHALLENGED
DEBUG: org.apache.http.impl.execchain.MainClientExec - Proxy auth state: UNCHALLENGED
DEBUG: org.apache.http.headers - http-outgoing-298 >> POST /hub/session/e37898b6-8e5c-334f-a9d7-5ee4f0651cdc/element HTTP/1.1
DEBUG: org.apache.http.headers - http-outgoing-298 >> Content-Type: application/json; charset=utf-8
DEBUG: org.apache.http.headers - http-outgoing-298 >> Content-Length: 37
DEBUG: org.apache.http.headers - http-outgoing-298 >> Host: 127.0.0.1:7058
DEBUG: org.apache.http.headers - http-outgoing-298 >> Connection: Keep-Alive
DEBUG: org.apache.http.headers - http-outgoing-298 >> User-Agent: Apache-HttpClient/4.5.2 (Java/1.7.0_79)
DEBUG: org.apache.http.headers - http-outgoing-298 >> Accept-Encoding: gzip,deflate
DEBUG: org.apache.http.wire - http-outgoing-298 >> "POST /hub/session/e37898b6-8e5c-334f-a9d7-5ee4f0651cdc/element HTTP/1.1[\r][\n]"
DEBUG: org.apache.http.wire - http-outgoing-298 >> "Content-Type: application/json; charset=utf-8[\r][\n]"
DEBUG: org.apache.http.wire - http-outgoing-298 >> "Content-Length: 37[\r][\n]"
DEBUG: org.apache.http.wire - http-outgoing-298 >> "Host: 127.0.0.1:7058[\r][\n]"
DEBUG: org.apache.http.wire - http-outgoing-298 >> "Connection: Keep-Alive[\r][\n]"
DEBUG: org.apache.http.wire - http-outgoing-298 >> "User-Agent: Apache-HttpClient/4.5.2 (Java/1.7.0_79)[\r][\n]"
DEBUG: org.apache.http.wire - http-outgoing-298 >> "Accept-Encoding: gzip,deflate[\r][\n]"
DEBUG: org.apache.http.wire - http-outgoing-298 >> "[\r][\n]"
DEBUG: org.apache.http.wire - http-outgoing-298 >> "{"using":"name","value":"j_password"}"
DEBUG: org.apache.http.wire - http-outgoing-298 << "HTTP/1.1 200 OK[\r][\n]"
DEBUG: org.apache.http.wire - http-outgoing-298 << "content-type: application/json; charset=UTF-8[\r][\n]"
DEBUG: org.apache.http.wire - http-outgoing-298 << "connection: close[\r][\n]"
DEBUG: org.apache.http.wire - http-outgoing-298 << "content-length: 224[\r][\n]"
DEBUG: org.apache.http.wire - http-outgoing-298 << "server: httpd.js[\r][\n]"
DEBUG: org.apache.http.wire - http-outgoing-298 << "date: Fri, 26 Aug 2016 09:43:07 GMT[\r][\n]"
DEBUG: org.apache.http.wire - http-outgoing-298 << "[\r][\n]"
DEBUG: org.apache.http.headers - http-outgoing-298 << HTTP/1.1 200 OK
DEBUG: org.apache.http.headers - http-outgoing-298 << content-type: application/json; charset=UTF-8
DEBUG: org.apache.http.headers - http-outgoing-298 << connection: close
DEBUG: org.apache.http.headers - http-outgoing-298 << content-length: 224
DEBUG: org.apache.http.headers - http-outgoing-298 << server: httpd.js
DEBUG: org.apache.http.headers - http-outgoing-298 << date: Fri, 26 Aug 2016 09:43:07 GMT
DEBUG: org.apache.http.wire - http-outgoing-298 << "{"name":"findElement","sessionId":"e37898b6-8e5c-334f-a9d7-5ee4f0651cdc","status":0,"value":{"ELEMENT":"{d037b038-c237-d342-853a-a7c419bd20ec}","element-6066-11e4-a52e-4f735466cecf":"{d037b038-c237-d342-853a-a7c419bd20ec}"}}"
DEBUG: org.apache.http.impl.conn.DefaultManagedHttpClientConnection - http-outgoing-298: Close connection
DEBUG: org.apache.http.impl.execchain.MainClientExec - Connection discarded
DEBUG: org.apache.http.impl.conn.PoolingHttpClientConnectionManager - Connection released: [id: 298][route: {}->http://127.0.0.1:7058][total kept alive: 0; route allocated: 0 of 2000; total allocated: 0 of 2000]
DEBUG: org.apache.http.client.protocol.RequestAddCookies - CookieSpec selected: default
DEBUG: org.apache.http.client.protocol.RequestAuthCache - Auth cache not set in the context
DEBUG: org.apache.http.impl.conn.PoolingHttpClientConnectionManager - Connection request: [route: {}->http://127.0.0.1:7058][total kept alive: 0; route allocated: 0 of 2000; total allocated: 0 of 2000]
DEBUG: org.apache.http.impl.conn.PoolingHttpClientConnectionManager - Connection leased: [id: 299][route: {}->http://127.0.0.1:7058][total kept alive: 0; route allocated: 1 of 2000; total allocated: 1 of 2000]
DEBUG: org.apache.http.impl.execchain.MainClientExec - Opening connection {}->http://127.0.0.1:7058
DEBUG: org.apache.http.impl.conn.DefaultHttpClientConnectionOperator - Connecting to /127.0.0.1:7058
DEBUG: org.apache.http.impl.conn.DefaultHttpClientConnectionOperator - Connection established 127.0.0.1:61087<->127.0.0.1:7058
DEBUG: org.apache.http.impl.conn.DefaultManagedHttpClientConnection - http-outgoing-299: set socket timeout to 10800000
DEBUG: org.apache.http.impl.execchain.MainClientExec - Executing request POST /hub/session/e37898b6-8e5c-334f-a9d7-5ee4f0651cdc/element/%7Bd037b038-c237-d342-853a-a7c419bd20ec%7D/value HTTP/1.1
DEBUG: org.apache.http.impl.execchain.MainClientExec - Target auth state: UNCHALLENGED
DEBUG: org.apache.http.impl.execchain.MainClientExec - Proxy auth state: UNCHALLENGED
DEBUG: org.apache.http.headers - http-outgoing-299 >> POST /hub/session/e37898b6-8e5c-334f-a9d7-5ee4f0651cdc/element/%7Bd037b038-c237-d342-853a-a7c419bd20ec%7D/value HTTP/1.1
DEBUG: org.apache.http.headers - http-outgoing-299 >> Content-Type: application/json; charset=utf-8
DEBUG: org.apache.http.headers - http-outgoing-299 >> Content-Length: 68
DEBUG: org.apache.http.headers - http-outgoing-299 >> Host: 127.0.0.1:7058
DEBUG: org.apache.http.headers - http-outgoing-299 >> Connection: Keep-Alive
DEBUG: org.apache.http.headers - http-outgoing-299 >> User-Agent: Apache-HttpClient/4.5.2 (Java/1.7.0_79)
DEBUG: org.apache.http.headers - http-outgoing-299 >> Accept-Encoding: gzip,deflate
DEBUG: org.apache.http.wire - http-outgoing-299 >> "POST /hub/session/e37898b6-8e5c-334f-a9d7-5ee4f0651cdc/element/%7Bd037b038-c237-d342-853a-a7c419bd20ec%7D/value HTTP/1.1[\r][\n]"
DEBUG: org.apache.http.wire - http-outgoing-299 >> "Content-Type: application/json; charset=utf-8[\r][\n]"
DEBUG: org.apache.http.wire - http-outgoing-299 >> "Content-Length: 68[\r][\n]"
DEBUG: org.apache.http.wire - http-outgoing-299 >> "Host: 127.0.0.1:7058[\r][\n]"
DEBUG: org.apache.http.wire - http-outgoing-299 >> "Connection: Keep-Alive[\r][\n]"
DEBUG: org.apache.http.wire - http-outgoing-299 >> "User-Agent: Apache-HttpClient/4.5.2 (Java/1.7.0_79)[\r][\n]"
DEBUG: org.apache.http.wire - http-outgoing-299 >> "Accept-Encoding: gzip,deflate[\r][\n]"
DEBUG: org.apache.http.wire - http-outgoing-299 >> "[\r][\n]"
DEBUG: org.apache.http.wire - http-outgoing-299 >> "{"id":"{d037b038-c237-d342-853a-a7c419bd20ec}","value":["password"]}"
DEBUG: org.apache.http.wire - http-outgoing-299 << "HTTP/1.1 200 OK[\r][\n]"
DEBUG: org.apache.http.wire - http-outgoing-299 << "content-type: application/json; charset=UTF-8[\r][\n]"
DEBUG: org.apache.http.wire - http-outgoing-299 << "connection: close[\r][\n]"
DEBUG: org.apache.http.wire - http-outgoing-299 << "content-length: 101[\r][\n]"
DEBUG: org.apache.http.wire - http-outgoing-299 << "server: httpd.js[\r][\n]"
DEBUG: org.apache.http.wire - http-outgoing-299 << "date: Fri, 26 Aug 2016 09:43:07 GMT[\r][\n]"
DEBUG: org.apache.http.wire - http-outgoing-299 << "[\r][\n]"
DEBUG: org.apache.http.headers - http-outgoing-299 << HTTP/1.1 200 OK
DEBUG: org.apache.http.headers - http-outgoing-299 << content-type: application/json; charset=UTF-8
DEBUG: org.apache.http.headers - http-outgoing-299 << connection: close
DEBUG: org.apache.http.headers - http-outgoing-299 << content-length: 101
DEBUG: org.apache.http.headers - http-outgoing-299 << server: httpd.js
DEBUG: org.apache.http.headers - http-outgoing-299 << date: Fri, 26 Aug 2016 09:43:07 GMT
DEBUG: org.apache.http.wire - http-outgoing-299 << "{"name":"sendKeysToElement","sessionId":"e37898b6-8e5c-334f-a9d7-5ee4f0651cdc","status":0,"value":""}"
DEBUG: org.apache.http.impl.conn.DefaultManagedHttpClientConnection - http-outgoing-299: Close connection
DEBUG: org.apache.http.impl.execchain.MainClientExec - Connection discarded
DEBUG: org.apache.http.impl.conn.PoolingHttpClientConnectionManager - Connection released: [id: 299][route: {}->http://127.0.0.1:7058][total kept alive: 0; route allocated: 0 of 2000; total allocated: 0 of 2000]
DEBUG: org.apache.http.client.protocol.RequestAddCookies - CookieSpec selected: default
DEBUG: org.apache.http.client.protocol.RequestAuthCache - Auth cache not set in the context
DEBUG: org.apache.http.impl.conn.PoolingHttpClientConnectionManager - Connection request: [route: {}->http://127.0.0.1:7058][total kept alive: 0; route allocated: 0 of 2000; total allocated: 0 of 2000]
DEBUG: org.apache.http.impl.conn.PoolingHttpClientConnectionManager - Connection leased: [id: 300][route: {}->http://127.0.0.1:7058][total kept alive: 0; route allocated: 1 of 2000; total allocated: 1 of 2000]
DEBUG: org.apache.http.impl.execchain.MainClientExec - Opening connection {}->http://127.0.0.1:7058
DEBUG: org.apache.http.impl.conn.DefaultHttpClientConnectionOperator - Connecting to /127.0.0.1:7058
DEBUG: org.apache.http.impl.conn.DefaultHttpClientConnectionOperator - Connection established 127.0.0.1:61088<->127.0.0.1:7058
DEBUG: org.apache.http.impl.conn.DefaultManagedHttpClientConnection - http-outgoing-300: set socket timeout to 10800000
DEBUG: org.apache.http.impl.execchain.MainClientExec - Executing request POST /hub/session/e37898b6-8e5c-334f-a9d7-5ee4f0651cdc/element HTTP/1.1
DEBUG: org.apache.http.impl.execchain.MainClientExec - Target auth state: UNCHALLENGED
DEBUG: org.apache.http.impl.execchain.MainClientExec - Proxy auth state: UNCHALLENGED
DEBUG: org.apache.http.headers - http-outgoing-300 >> POST /hub/session/e37898b6-8e5c-334f-a9d7-5ee4f0651cdc/element HTTP/1.1
DEBUG: org.apache.http.headers - http-outgoing-300 >> Content-Type: application/json; charset=utf-8
DEBUG: org.apache.http.headers - http-outgoing-300 >> Content-Length: 33
DEBUG: org.apache.http.headers - http-outgoing-300 >> Host: 127.0.0.1:7058
DEBUG: org.apache.http.headers - http-outgoing-300 >> Connection: Keep-Alive
DEBUG: org.apache.http.headers - http-outgoing-300 >> User-Agent: Apache-HttpClient/4.5.2 (Java/1.7.0_79)
DEBUG: org.apache.http.headers - http-outgoing-300 >> Accept-Encoding: gzip,deflate
DEBUG: org.apache.http.wire - http-outgoing-300 >> "POST /hub/session/e37898b6-8e5c-334f-a9d7-5ee4f0651cdc/element HTTP/1.1[\r][\n]"
DEBUG: org.apache.http.wire - http-outgoing-300 >> "Content-Type: application/json; charset=utf-8[\r][\n]"
DEBUG: org.apache.http.wire - http-outgoing-300 >> "Content-Length: 33[\r][\n]"
DEBUG: org.apache.http.wire - http-outgoing-300 >> "Host: 127.0.0.1:7058[\r][\n]"
DEBUG: org.apache.http.wire - http-outgoing-300 >> "Connection: Keep-Alive[\r][\n]"
DEBUG: org.apache.http.wire - http-outgoing-300 >> "User-Agent: Apache-HttpClient/4.5.2 (Java/1.7.0_79)[\r][\n]"
DEBUG: org.apache.http.wire - http-outgoing-300 >> "Accept-Encoding: gzip,deflate[\r][\n]"
DEBUG: org.apache.http.wire - http-outgoing-300 >> "[\r][\n]"
DEBUG: org.apache.http.wire - http-outgoing-300 >> "{"using":"name","value":"submit"}"
DEBUG: org.apache.http.wire - http-outgoing-300 << "HTTP/1.1 200 OK[\r][\n]"
DEBUG: org.apache.http.wire - http-outgoing-300 << "content-type: application/json; charset=UTF-8[\r][\n]"
DEBUG: org.apache.http.wire - http-outgoing-300 << "connection: close[\r][\n]"
DEBUG: org.apache.http.wire - http-outgoing-300 << "content-length: 224[\r][\n]"
DEBUG: org.apache.http.wire - http-outgoing-300 << "server: httpd.js[\r][\n]"
DEBUG: org.apache.http.wire - http-outgoing-300 << "date: Fri, 26 Aug 2016 09:43:07 GMT[\r][\n]"
DEBUG: org.apache.http.wire - http-outgoing-300 << "[\r][\n]"
DEBUG: org.apache.http.headers - http-outgoing-300 << HTTP/1.1 200 OK
DEBUG: org.apache.http.headers - http-outgoing-300 << content-type: application/json; charset=UTF-8
DEBUG: org.apache.http.headers - http-outgoing-300 << connection: close
DEBUG: org.apache.http.headers - http-outgoing-300 << content-length: 224
DEBUG: org.apache.http.headers - http-outgoing-300 << server: httpd.js
DEBUG: org.apache.http.headers - http-outgoing-300 << date: Fri, 26 Aug 2016 09:43:07 GMT
DEBUG: org.apache.http.wire - http-outgoing-300 << "{"name":"findElement","sessionId":"e37898b6-8e5c-334f-a9d7-5ee4f0651cdc","status":0,"value":{"ELEMENT":"{9a3ac704-974b-3249-bbd1-bc15c2e00e2b}","element-6066-11e4-a52e-4f735466cecf":"{9a3ac704-974b-3249-bbd1-bc15c2e00e2b}"}}"
DEBUG: org.apache.http.impl.conn.DefaultManagedHttpClientConnection - http-outgoing-300: Close connection
DEBUG: org.apache.http.impl.execchain.MainClientExec - Connection discarded
DEBUG: org.apache.http.impl.conn.PoolingHttpClientConnectionManager - Connection released: [id: 300][route: {}->http://127.0.0.1:7058][total kept alive: 0; route allocated: 0 of 2000; total allocated: 0 of 2000]
DEBUG: org.apache.http.client.protocol.RequestAddCookies - CookieSpec selected: default
DEBUG: org.apache.http.client.protocol.RequestAuthCache - Auth cache not set in the context
DEBUG: org.apache.http.impl.conn.PoolingHttpClientConnectionManager - Connection request: [route: {}->http://127.0.0.1:7058][total kept alive: 0; route allocated: 0 of 2000; total allocated: 0 of 2000]
DEBUG: org.apache.http.impl.conn.PoolingHttpClientConnectionManager - Connection leased: [id: 301][route: {}->http://127.0.0.1:7058][total kept alive: 0; route allocated: 1 of 2000; total allocated: 1 of 2000]
DEBUG: org.apache.http.impl.execchain.MainClientExec - Opening connection {}->http://127.0.0.1:7058
DEBUG: org.apache.http.impl.conn.DefaultHttpClientConnectionOperator - Connecting to /127.0.0.1:7058
DEBUG: org.apache.http.impl.conn.DefaultHttpClientConnectionOperator - Connection established 127.0.0.1:61089<->127.0.0.1:7058
DEBUG: org.apache.http.impl.conn.DefaultManagedHttpClientConnection - http-outgoing-301: set socket timeout to 10800000
DEBUG: org.apache.http.impl.execchain.MainClientExec - Executing request POST /hub/session/e37898b6-8e5c-334f-a9d7-5ee4f0651cdc/element/%7B9a3ac704-974b-3249-bbd1-bc15c2e00e2b%7D/click HTTP/1.1
DEBUG: org.apache.http.impl.execchain.MainClientExec - Target auth state: UNCHALLENGED
DEBUG: org.apache.http.impl.execchain.MainClientExec - Proxy auth state: UNCHALLENGED
DEBUG: org.apache.http.headers - http-outgoing-301 >> POST /hub/session/e37898b6-8e5c-334f-a9d7-5ee4f0651cdc/element/%7B9a3ac704-974b-3249-bbd1-bc15c2e00e2b%7D/click HTTP/1.1
DEBUG: org.apache.http.headers - http-outgoing-301 >> Content-Type: application/json; charset=utf-8
DEBUG: org.apache.http.headers - http-outgoing-301 >> Content-Length: 47
DEBUG: org.apache.http.headers - http-outgoing-301 >> Host: 127.0.0.1:7058
DEBUG: org.apache.http.headers - http-outgoing-301 >> Connection: Keep-Alive
DEBUG: org.apache.http.headers - http-outgoing-301 >> User-Agent: Apache-HttpClient/4.5.2 (Java/1.7.0_79)
DEBUG: org.apache.http.headers - http-outgoing-301 >> Accept-Encoding: gzip,deflate
DEBUG: org.apache.http.wire - http-outgoing-301 >> "POST /hub/session/e37898b6-8e5c-334f-a9d7-5ee4f0651cdc/element/%7B9a3ac704-974b-3249-bbd1-bc15c2e00e2b%7D/click HTTP/1.1[\r][\n]"
DEBUG: org.apache.http.wire - http-outgoing-301 >> "Content-Type: application/json; charset=utf-8[\r][\n]"
DEBUG: org.apache.http.wire - http-outgoing-301 >> "Content-Length: 47[\r][\n]"
DEBUG: org.apache.http.wire - http-outgoing-301 >> "Host: 127.0.0.1:7058[\r][\n]"
DEBUG: org.apache.http.wire - http-outgoing-301 >> "Connection: Keep-Alive[\r][\n]"
DEBUG: org.apache.http.wire - http-outgoing-301 >> "User-Agent: Apache-HttpClient/4.5.2 (Java/1.7.0_79)[\r][\n]"
DEBUG: org.apache.http.wire - http-outgoing-301 >> "Accept-Encoding: gzip,deflate[\r][\n]"
DEBUG: org.apache.http.wire - http-outgoing-301 >> "[\r][\n]"
DEBUG: org.apache.http.wire - http-outgoing-301 >> "{"id":"{9a3ac704-974b-3249-bbd1-bc15c2e00e2b}"}"
DEBUG: org.apache.http.wire - http-outgoing-301 << "HTTP/1.1 200 OK[\r][\n]"
DEBUG: org.apache.http.wire - http-outgoing-301 << "content-type: application/json; charset=UTF-8[\r][\n]"
DEBUG: org.apache.http.wire - http-outgoing-301 << "connection: close[\r][\n]"
DEBUG: org.apache.http.wire - http-outgoing-301 << "content-length: 98[\r][\n]"
DEBUG: org.apache.http.wire - http-outgoing-301 << "server: httpd.js[\r][\n]"
DEBUG: org.apache.http.wire - http-outgoing-301 << "date: Fri, 26 Aug 2016 09:43:07 GMT[\r][\n]"
DEBUG: org.apache.http.wire - http-outgoing-301 << "[\r][\n]"
DEBUG: org.apache.http.headers - http-outgoing-301 << HTTP/1.1 200 OK
DEBUG: org.apache.http.headers - http-outgoing-301 << content-type: application/json; charset=UTF-8
DEBUG: org.apache.http.headers - http-outgoing-301 << connection: close
DEBUG: org.apache.http.headers - http-outgoing-301 << content-length: 98
DEBUG: org.apache.http.headers - http-outgoing-301 << server: httpd.js
DEBUG: org.apache.http.headers - http-outgoing-301 << date: Fri, 26 Aug 2016 09:43:07 GMT
DEBUG: org.apache.http.wire - http-outgoing-301 << "{"name":"clickElement","sessionId":"e37898b6-8e5c-334f-a9d7-5ee4f0651cdc","status":0,"value":"ok"}"
DEBUG: org.apache.http.impl.conn.DefaultManagedHttpClientConnection - http-outgoing-301: Close connection
DEBUG: org.apache.http.impl.execchain.MainClientExec - Connection discarded
DEBUG: org.apache.http.impl.conn.PoolingHttpClientConnectionManager - Connection released: [id: 301][route: {}->http://127.0.0.1:7058][total kept alive: 0; route allocated: 0 of 2000; total allocated: 0 of 2000]
DEBUG: org.apache.http.client.protocol.RequestAddCookies - CookieSpec selected: default
DEBUG: org.apache.http.client.protocol.RequestAuthCache - Auth cache not set in the context
DEBUG: org.apache.http.impl.conn.PoolingHttpClientConnectionManager - Connection request: [route: {}->http://127.0.0.1:7058][total kept alive: 0; route allocated: 0 of 2000; total allocated: 0 of 2000]
DEBUG: org.apache.http.impl.conn.PoolingHttpClientConnectionManager - Connection leased: [id: 302][route: {}->http://127.0.0.1:7058][total kept alive: 0; route allocated: 1 of 2000; total allocated: 1 of 2000]
DEBUG: org.apache.http.impl.execchain.MainClientExec - Opening connection {}->http://127.0.0.1:7058
DEBUG: org.apache.http.impl.conn.DefaultHttpClientConnectionOperator - Connecting to /127.0.0.1:7058
DEBUG: org.apache.http.impl.conn.DefaultHttpClientConnectionOperator - Connection established 127.0.0.1:61092<->127.0.0.1:7058
DEBUG: org.apache.http.impl.conn.DefaultManagedHttpClientConnection - http-outgoing-302: set socket timeout to 10800000
DEBUG: org.apache.http.impl.execchain.MainClientExec - Executing request POST /hub/session/e37898b6-8e5c-334f-a9d7-5ee4f0651cdc/element HTTP/1.1
DEBUG: org.apache.http.impl.execchain.MainClientExec - Target auth state: UNCHALLENGED
DEBUG: org.apache.http.impl.execchain.MainClientExec - Proxy auth state: UNCHALLENGED
DEBUG: org.apache.http.headers - http-outgoing-302 >> POST /hub/session/e37898b6-8e5c-334f-a9d7-5ee4f0651cdc/element HTTP/1.1
DEBUG: org.apache.http.headers - http-outgoing-302 >> Content-Type: application/json; charset=utf-8
DEBUG: org.apache.http.headers - http-outgoing-302 >> Content-Length: 42
DEBUG: org.apache.http.headers - http-outgoing-302 >> Host: 127.0.0.1:7058
DEBUG: org.apache.http.headers - http-outgoing-302 >> Connection: Keep-Alive
DEBUG: org.apache.http.headers - http-outgoing-302 >> User-Agent: Apache-HttpClient/4.5.2 (Java/1.7.0_79)
DEBUG: org.apache.http.headers - http-outgoing-302 >> Accept-Encoding: gzip,deflate
DEBUG: org.apache.http.wire - http-outgoing-302 >> "POST /hub/session/e37898b6-8e5c-334f-a9d7-5ee4f0651cdc/element HTTP/1.1[\r][\n]"
DEBUG: org.apache.http.wire - http-outgoing-302 >> "Content-Type: application/json; charset=utf-8[\r][\n]"
DEBUG: org.apache.http.wire - http-outgoing-302 >> "Content-Length: 42[\r][\n]"
DEBUG: org.apache.http.wire - http-outgoing-302 >> "Host: 127.0.0.1:7058[\r][\n]"
DEBUG: org.apache.http.wire - http-outgoing-302 >> "Connection: Keep-Alive[\r][\n]"
DEBUG: org.apache.http.wire - http-outgoing-302 >> "User-Agent: Apache-HttpClient/4.5.2 (Java/1.7.0_79)[\r][\n]"
DEBUG: org.apache.http.wire - http-outgoing-302 >> "Accept-Encoding: gzip,deflate[\r][\n]"
DEBUG: org.apache.http.wire - http-outgoing-302 >> "[\r][\n]"
DEBUG: org.apache.http.wire - http-outgoing-302 >> "{"using":"link text","value":"NPS Report"}"
DEBUG: org.apache.http.wire - http-outgoing-302 << "HTTP/1.1 200 OK[\r][\n]"
DEBUG: org.apache.http.wire - http-outgoing-302 << "content-type: application/json; charset=UTF-8[\r][\n]"
DEBUG: org.apache.http.wire - http-outgoing-302 << "connection: close[\r][\n]"
DEBUG: org.apache.http.wire - http-outgoing-302 << "content-length: 224[\r][\n]"
DEBUG: org.apache.http.wire - http-outgoing-302 << "server: httpd.js[\r][\n]"
DEBUG: org.apache.http.wire - http-outgoing-302 << "date: Fri, 26 Aug 2016 09:43:07 GMT[\r][\n]"
DEBUG: org.apache.http.wire - http-outgoing-302 << "[\r][\n]"
DEBUG: org.apache.http.headers - http-outgoing-302 << HTTP/1.1 200 OK
DEBUG: org.apache.http.headers - http-outgoing-302 << content-type: application/json; charset=UTF-8
DEBUG: org.apache.http.headers - http-outgoing-302 << connection: close
DEBUG: org.apache.http.headers - http-outgoing-302 << content-length: 224
DEBUG: org.apache.http.headers - http-outgoing-302 << server: httpd.js
DEBUG: org.apache.http.headers - http-outgoing-302 << date: Fri, 26 Aug 2016 09:43:07 GMT
DEBUG: org.apache.http.wire - http-outgoing-302 << "{"name":"findElement","sessionId":"e37898b6-8e5c-334f-a9d7-5ee4f0651cdc","status":0,"value":{"ELEMENT":"{89dda08b-71bf-cd4c-b5dc-95e74d35b434}","element-6066-11e4-a52e-4f735466cecf":"{89dda08b-71bf-cd4c-b5dc-95e74d35b434}"}}"
DEBUG: org.apache.http.impl.conn.DefaultManagedHttpClientConnection - http-outgoing-302: Close connection
DEBUG: org.apache.http.impl.execchain.MainClientExec - Connection discarded
DEBUG: org.apache.http.impl.conn.PoolingHttpClientConnectionManager - Connection released: [id: 302][route: {}->http://127.0.0.1:7058][total kept alive: 0; route allocated: 0 of 2000; total allocated: 0 of 2000]
DEBUG: org.apache.http.client.protocol.RequestAddCookies - CookieSpec selected: default
DEBUG: org.apache.http.client.protocol.RequestAuthCache - Auth cache not set in the context
DEBUG: org.apache.http.impl.conn.PoolingHttpClientConnectionManager - Connection request: [route: {}->http://127.0.0.1:7058][total kept alive: 0; route allocated: 0 of 2000; total allocated: 0 of 2000]
DEBUG: org.apache.http.impl.conn.PoolingHttpClientConnectionManager - Connection leased: [id: 303][route: {}->http://127.0.0.1:7058][total kept alive: 0; route allocated: 1 of 2000; total allocated: 1 of 2000]
DEBUG: org.apache.http.impl.execchain.MainClientExec - Opening connection {}->http://127.0.0.1:7058
DEBUG: org.apache.http.impl.conn.DefaultHttpClientConnectionOperator - Connecting to /127.0.0.1:7058
DEBUG: org.apache.http.impl.conn.DefaultHttpClientConnectionOperator - Connection established 127.0.0.1:61093<->127.0.0.1:7058
DEBUG: org.apache.http.impl.conn.DefaultManagedHttpClientConnection - http-outgoing-303: set socket timeout to 10800000
DEBUG: org.apache.http.impl.execchain.MainClientExec - Executing request POST /hub/session/e37898b6-8e5c-334f-a9d7-5ee4f0651cdc/element/%7B89dda08b-71bf-cd4c-b5dc-95e74d35b434%7D/click HTTP/1.1
DEBUG: org.apache.http.impl.execchain.MainClientExec - Target auth state: UNCHALLENGED
DEBUG: org.apache.http.impl.execchain.MainClientExec - Proxy auth state: UNCHALLENGED
DEBUG: org.apache.http.headers - http-outgoing-303 >> POST /hub/session/e37898b6-8e5c-334f-a9d7-5ee4f0651cdc/element/%7B89dda08b-71bf-cd4c-b5dc-95e74d35b434%7D/click HTTP/1.1
DEBUG: org.apache.http.headers - http-outgoing-303 >> Content-Type: application/json; charset=utf-8
DEBUG: org.apache.http.headers - http-outgoing-303 >> Content-Length: 47
DEBUG: org.apache.http.headers - http-outgoing-303 >> Host: 127.0.0.1:7058
DEBUG: org.apache.http.headers - http-outgoing-303 >> Connection: Keep-Alive
DEBUG: org.apache.http.headers - http-outgoing-303 >> User-Agent: Apache-HttpClient/4.5.2 (Java/1.7.0_79)
DEBUG: org.apache.http.headers - http-outgoing-303 >> Accept-Encoding: gzip,deflate
DEBUG: org.apache.http.wire - http-outgoing-303 >> "POST /hub/session/e37898b6-8e5c-334f-a9d7-5ee4f0651cdc/element/%7B89dda08b-71bf-cd4c-b5dc-95e74d35b434%7D/click HTTP/1.1[\r][\n]"
DEBUG: org.apache.http.wire - http-outgoing-303 >> "Content-Type: application/json; charset=utf-8[\r][\n]"
DEBUG: org.apache.http.wire - http-outgoing-303 >> "Content-Length: 47[\r][\n]"
DEBUG: org.apache.http.wire - http-outgoing-303 >> "Host: 127.0.0.1:7058[\r][\n]"
DEBUG: org.apache.http.wire - http-outgoing-303 >> "Connection: Keep-Alive[\r][\n]"
DEBUG: org.apache.http.wire - http-outgoing-303 >> "User-Agent: Apache-HttpClient/4.5.2 (Java/1.7.0_79)[\r][\n]"
DEBUG: org.apache.http.wire - http-outgoing-303 >> "Accept-Encoding: gzip,deflate[\r][\n]"
DEBUG: org.apache.http.wire - http-outgoing-303 >> "[\r][\n]"
DEBUG: org.apache.http.wire - http-outgoing-303 >> "{"id":"{89dda08b-71bf-cd4c-b5dc-95e74d35b434}"}"
DEBUG: org.apache.http.wire - http-outgoing-303 << "HTTP/1.1 200 OK[\r][\n]"
DEBUG: org.apache.http.wire - http-outgoing-303 << "content-type: application/json; charset=UTF-8[\r][\n]"
DEBUG: org.apache.http.wire - http-outgoing-303 << "connection: close[\r][\n]"
DEBUG: org.apache.http.wire - http-outgoing-303 << "content-length: 98[\r][\n]"
DEBUG: org.apache.http.wire - http-outgoing-303 << "server: httpd.js[\r][\n]"
DEBUG: org.apache.http.wire - http-outgoing-303 << "date: Fri, 26 Aug 2016 09:43:07 GMT[\r][\n]"
DEBUG: org.apache.http.wire - http-outgoing-303 << "[\r][\n]"
DEBUG: org.apache.http.headers - http-outgoing-303 << HTTP/1.1 200 OK
DEBUG: org.apache.http.headers - http-outgoing-303 << content-type: application/json; charset=UTF-8
DEBUG: org.apache.http.headers - http-outgoing-303 << connection: close
DEBUG: org.apache.http.headers - http-outgoing-303 << content-length: 98
DEBUG: org.apache.http.headers - http-outgoing-303 << server: httpd.js
DEBUG: org.apache.http.headers - http-outgoing-303 << date: Fri, 26 Aug 2016 09:43:07 GMT
DEBUG: org.apache.http.wire - http-outgoing-303 << "{"name":"clickElement","sessionId":"e37898b6-8e5c-334f-a9d7-5ee4f0651cdc","status":0,"value":"ok"}"
DEBUG: org.apache.http.impl.conn.DefaultManagedHttpClientConnection - http-outgoing-303: Close connection
DEBUG: org.apache.http.impl.execchain.MainClientExec - Connection discarded
DEBUG: org.apache.http.impl.conn.PoolingHttpClientConnectionManager - Connection released: [id: 303][route: {}->http://127.0.0.1:7058][total kept alive: 0; route allocated: 0 of 2000; total allocated: 0 of 2000]
DEBUG: org.apache.http.client.protocol.RequestAddCookies - CookieSpec selected: default
DEBUG: org.apache.http.client.protocol.RequestAuthCache - Auth cache not set in the context
DEBUG: org.apache.http.impl.conn.PoolingHttpClientConnectionManager - Connection request: [route: {}->http://127.0.0.1:7058][total kept alive: 0; route allocated: 0 of 2000; total allocated: 0 of 2000]
DEBUG: org.apache.http.impl.conn.PoolingHttpClientConnectionManager - Connection leased: [id: 304][route: {}->http://127.0.0.1:7058][total kept alive: 0; route allocated: 1 of 2000; total allocated: 1 of 2000]
DEBUG: org.apache.http.impl.execchain.MainClientExec - Opening connection {}->http://127.0.0.1:7058
DEBUG: org.apache.http.impl.conn.DefaultHttpClientConnectionOperator - Connecting to /127.0.0.1:7058
DEBUG: org.apache.http.impl.conn.DefaultHttpClientConnectionOperator - Connection established 127.0.0.1:61094<->127.0.0.1:7058
DEBUG: org.apache.http.impl.conn.DefaultManagedHttpClientConnection - http-outgoing-304: set socket timeout to 10800000
DEBUG: org.apache.http.impl.execchain.MainClientExec - Executing request POST /hub/session/e37898b6-8e5c-334f-a9d7-5ee4f0651cdc/element HTTP/1.1
DEBUG: org.apache.http.impl.execchain.MainClientExec - Target auth state: UNCHALLENGED
DEBUG: org.apache.http.impl.execchain.MainClientExec - Proxy auth state: UNCHALLENGED
DEBUG: org.apache.http.headers - http-outgoing-304 >> POST /hub/session/e37898b6-8e5c-334f-a9d7-5ee4f0651cdc/element HTTP/1.1
DEBUG: org.apache.http.headers - http-outgoing-304 >> Content-Type: application/json; charset=utf-8
DEBUG: org.apache.http.headers - http-outgoing-304 >> Content-Length: 38
DEBUG: org.apache.http.headers - http-outgoing-304 >> Host: 127.0.0.1:7058
DEBUG: org.apache.http.headers - http-outgoing-304 >> Connection: Keep-Alive
DEBUG: org.apache.http.headers - http-outgoing-304 >> User-Agent: Apache-HttpClient/4.5.2 (Java/1.7.0_79)
DEBUG: org.apache.http.headers - http-outgoing-304 >> Accept-Encoding: gzip,deflate
DEBUG: org.apache.http.wire - http-outgoing-304 >> "POST /hub/session/e37898b6-8e5c-334f-a9d7-5ee4f0651cdc/element HTTP/1.1[\r][\n]"
DEBUG: org.apache.http.wire - http-outgoing-304 >> "Content-Type: application/json; charset=utf-8[\r][\n]"
DEBUG: org.apache.http.wire - http-outgoing-304 >> "Content-Length: 38[\r][\n]"
DEBUG: org.apache.http.wire - http-outgoing-304 >> "Host: 127.0.0.1:7058[\r][\n]"
DEBUG: org.apache.http.wire - http-outgoing-304 >> "Connection: Keep-Alive[\r][\n]"
DEBUG: org.apache.http.wire - http-outgoing-304 >> "User-Agent: Apache-HttpClient/4.5.2 (Java/1.7.0_79)[\r][\n]"
DEBUG: org.apache.http.wire - http-outgoing-304 >> "Accept-Encoding: gzip,deflate[\r][\n]"
DEBUG: org.apache.http.wire - http-outgoing-304 >> "[\r][\n]"
DEBUG: org.apache.http.wire - http-outgoing-304 >> "{"using":"id","value":"totalResponse"}"
DEBUG: org.apache.http.wire - http-outgoing-304 << "HTTP/1.1 200 OK[\r][\n]"
DEBUG: org.apache.http.wire - http-outgoing-304 << "content-type: application/json; charset=UTF-8[\r][\n]"
DEBUG: org.apache.http.wire - http-outgoing-304 << "connection: close[\r][\n]"
DEBUG: org.apache.http.wire - http-outgoing-304 << "content-length: 224[\r][\n]"
DEBUG: org.apache.http.wire - http-outgoing-304 << "server: httpd.js[\r][\n]"
DEBUG: org.apache.http.wire - http-outgoing-304 << "date: Fri, 26 Aug 2016 09:43:07 GMT[\r][\n]"
DEBUG: org.apache.http.wire - http-outgoing-304 << "[\r][\n]"
DEBUG: org.apache.http.headers - http-outgoing-304 << HTTP/1.1 200 OK
DEBUG: org.apache.http.headers - http-outgoing-304 << content-type: application/json; charset=UTF-8
DEBUG: org.apache.http.headers - http-outgoing-304 << connection: close
DEBUG: org.apache.http.headers - http-outgoing-304 << content-length: 224
DEBUG: org.apache.http.headers - http-outgoing-304 << server: httpd.js
DEBUG: org.apache.http.headers - http-outgoing-304 << date: Fri, 26 Aug 2016 09:43:07 GMT
DEBUG: org.apache.http.wire - http-outgoing-304 << "{"name":"findElement","sessionId":"e37898b6-8e5c-334f-a9d7-5ee4f0651cdc","status":0,"value":{"ELEMENT":"{50f45965-b68d-774d-9e31-fb107e8c3163}","element-6066-11e4-a52e-4f735466cecf":"{50f45965-b68d-774d-9e31-fb107e8c3163}"}}"
DEBUG: org.apache.http.impl.conn.DefaultManagedHttpClientConnection - http-outgoing-304: Close connection
DEBUG: org.apache.http.impl.execchain.MainClientExec - Connection discarded
DEBUG: org.apache.http.impl.conn.PoolingHttpClientConnectionManager - Connection released: [id: 304][route: {}->http://127.0.0.1:7058][total kept alive: 0; route allocated: 0 of 2000; total allocated: 0 of 2000]
DEBUG: org.apache.http.client.protocol.RequestAddCookies - CookieSpec selected: default
DEBUG: org.apache.http.client.protocol.RequestAuthCache - Auth cache not set in the context
DEBUG: org.apache.http.impl.conn.PoolingHttpClientConnectionManager - Connection request: [route: {}->http://127.0.0.1:7058][total kept alive: 0; route allocated: 0 of 2000; total allocated: 0 of 2000]
DEBUG: org.apache.http.impl.conn.PoolingHttpClientConnectionManager - Connection leased: [id: 305][route: {}->http://127.0.0.1:7058][total kept alive: 0; route allocated: 1 of 2000; total allocated: 1 of 2000]
DEBUG: org.apache.http.impl.execchain.MainClientExec - Opening connection {}->http://127.0.0.1:7058
DEBUG: org.apache.http.impl.conn.DefaultHttpClientConnectionOperator - Connecting to /127.0.0.1:7058
DEBUG: org.apache.http.impl.conn.DefaultHttpClientConnectionOperator - Connection established 127.0.0.1:61095<->127.0.0.1:7058
DEBUG: org.apache.http.impl.conn.DefaultManagedHttpClientConnection - http-outgoing-305: set socket timeout to 10800000
DEBUG: org.apache.http.impl.execchain.MainClientExec - Executing request GET /hub/session/e37898b6-8e5c-334f-a9d7-5ee4f0651cdc/element/%7B50f45965-b68d-774d-9e31-fb107e8c3163%7D/text HTTP/1.1
DEBUG: org.apache.http.impl.execchain.MainClientExec - Target auth state: UNCHALLENGED
DEBUG: org.apache.http.impl.execchain.MainClientExec - Proxy auth state: UNCHALLENGED
DEBUG: org.apache.http.headers - http-outgoing-305 >> GET /hub/session/e37898b6-8e5c-334f-a9d7-5ee4f0651cdc/element/%7B50f45965-b68d-774d-9e31-fb107e8c3163%7D/text HTTP/1.1
DEBUG: org.apache.http.headers - http-outgoing-305 >> Cache-Control: no-cache
DEBUG: org.apache.http.headers - http-outgoing-305 >> Host: 127.0.0.1:7058
DEBUG: org.apache.http.headers - http-outgoing-305 >> Connection: Keep-Alive
DEBUG: org.apache.http.headers - http-outgoing-305 >> User-Agent: Apache-HttpClient/4.5.2 (Java/1.7.0_79)
DEBUG: org.apache.http.headers - http-outgoing-305 >> Accept-Encoding: gzip,deflate
DEBUG: org.apache.http.wire - http-outgoing-305 >> "GET /hub/session/e37898b6-8e5c-334f-a9d7-5ee4f0651cdc/element/%7B50f45965-b68d-774d-9e31-fb107e8c3163%7D/text HTTP/1.1[\r][\n]"
DEBUG: org.apache.http.wire - http-outgoing-305 >> "Cache-Control: no-cache[\r][\n]"
DEBUG: org.apache.http.wire - http-outgoing-305 >> "Host: 127.0.0.1:7058[\r][\n]"
DEBUG: org.apache.http.wire - http-outgoing-305 >> "Connection: Keep-Alive[\r][\n]"
DEBUG: org.apache.http.wire - http-outgoing-305 >> "User-Agent: Apache-HttpClient/4.5.2 (Java/1.7.0_79)[\r][\n]"
DEBUG: org.apache.http.wire - http-outgoing-305 >> "Accept-Encoding: gzip,deflate[\r][\n]"
DEBUG: org.apache.http.wire - http-outgoing-305 >> "[\r][\n]"
DEBUG: org.apache.http.wire - http-outgoing-305 << "HTTP/1.1 200 OK[\r][\n]"
DEBUG: org.apache.http.wire - http-outgoing-305 << "content-type: application/json; charset=UTF-8[\r][\n]"
DEBUG: org.apache.http.wire - http-outgoing-305 << "connection: close[\r][\n]"
DEBUG: org.apache.http.wire - http-outgoing-305 << "content-length: 99[\r][\n]"
DEBUG: org.apache.http.wire - http-outgoing-305 << "server: httpd.js[\r][\n]"
DEBUG: org.apache.http.wire - http-outgoing-305 << "date: Fri, 26 Aug 2016 09:43:07 GMT[\r][\n]"
DEBUG: org.apache.http.wire - http-outgoing-305 << "[\r][\n]"
DEBUG: org.apache.http.headers - http-outgoing-305 << HTTP/1.1 200 OK
DEBUG: org.apache.http.headers - http-outgoing-305 << content-type: application/json; charset=UTF-8
DEBUG: org.apache.http.headers - http-outgoing-305 << connection: close
DEBUG: org.apache.http.headers - http-outgoing-305 << content-length: 99
DEBUG: org.apache.http.headers - http-outgoing-305 << server: httpd.js
DEBUG: org.apache.http.headers - http-outgoing-305 << date: Fri, 26 Aug 2016 09:43:07 GMT
DEBUG: org.apache.http.wire - http-outgoing-305 << "{"name":"getElementText","sessionId":"e37898b6-8e5c-334f-a9d7-5ee4f0651cdc","status":0,"value":"4"}"
DEBUG: org.apache.http.impl.conn.DefaultManagedHttpClientConnection - http-outgoing-305: Close connection
DEBUG: org.apache.http.impl.execchain.MainClientExec - Connection discarded
DEBUG: org.apache.http.impl.conn.PoolingHttpClientConnectionManager - Connection released: [id: 305][route: {}->http://127.0.0.1:7058][total kept alive: 0; route allocated: 0 of 2000; total allocated: 0 of 2000]
DEBUG: org.apache.http.client.protocol.RequestAddCookies - CookieSpec selected: default
DEBUG: org.apache.http.client.protocol.RequestAuthCache - Auth cache not set in the context
DEBUG: org.apache.http.impl.conn.PoolingHttpClientConnectionManager - Connection request: [route: {}->http://127.0.0.1:7058][total kept alive: 0; route allocated: 0 of 2000; total allocated: 0 of 2000]
DEBUG: org.apache.http.impl.conn.PoolingHttpClientConnectionManager - Connection leased: [id: 306][route: {}->http://127.0.0.1:7058][total kept alive: 0; route allocated: 1 of 2000; total allocated: 1 of 2000]
DEBUG: org.apache.http.impl.execchain.MainClientExec - Opening connection {}->http://127.0.0.1:7058
DEBUG: org.apache.http.impl.conn.DefaultHttpClientConnectionOperator - Connecting to /127.0.0.1:7058
DEBUG: org.apache.http.impl.conn.DefaultHttpClientConnectionOperator - Connection established 127.0.0.1:61096<->127.0.0.1:7058
DEBUG: org.apache.http.impl.conn.DefaultManagedHttpClientConnection - http-outgoing-306: set socket timeout to 10800000
DEBUG: org.apache.http.impl.execchain.MainClientExec - Executing request POST /hub/session/e37898b6-8e5c-334f-a9d7-5ee4f0651cdc/element HTTP/1.1
DEBUG: org.apache.http.impl.execchain.MainClientExec - Target auth state: UNCHALLENGED
DEBUG: org.apache.http.impl.execchain.MainClientExec - Proxy auth state: UNCHALLENGED
DEBUG: org.apache.http.headers - http-outgoing-306 >> POST /hub/session/e37898b6-8e5c-334f-a9d7-5ee4f0651cdc/element HTTP/1.1
DEBUG: org.apache.http.headers - http-outgoing-306 >> Content-Type: application/json; charset=utf-8
DEBUG: org.apache.http.headers - http-outgoing-306 >> Content-Length: 33
DEBUG: org.apache.http.headers - http-outgoing-306 >> Host: 127.0.0.1:7058
DEBUG: org.apache.http.headers - http-outgoing-306 >> Connection: Keep-Alive
DEBUG: org.apache.http.headers - http-outgoing-306 >> User-Agent: Apache-HttpClient/4.5.2 (Java/1.7.0_79)
DEBUG: org.apache.http.headers - http-outgoing-306 >> Accept-Encoding: gzip,deflate
DEBUG: org.apache.http.wire - http-outgoing-306 >> "POST /hub/session/e37898b6-8e5c-334f-a9d7-5ee4f0651cdc/element HTTP/1.1[\r][\n]"
DEBUG: org.apache.http.wire - http-outgoing-306 >> "Content-Type: application/json; charset=utf-8[\r][\n]"
DEBUG: org.apache.http.wire - http-outgoing-306 >> "Content-Length: 33[\r][\n]"
DEBUG: org.apache.http.wire - http-outgoing-306 >> "Host: 127.0.0.1:7058[\r][\n]"
DEBUG: org.apache.http.wire - http-outgoing-306 >> "Connection: Keep-Alive[\r][\n]"
DEBUG: org.apache.http.wire - http-outgoing-306 >> "User-Agent: Apache-HttpClient/4.5.2 (Java/1.7.0_79)[\r][\n]"
DEBUG: org.apache.http.wire - http-outgoing-306 >> "Accept-Encoding: gzip,deflate[\r][\n]"
DEBUG: org.apache.http.wire - http-outgoing-306 >> "[\r][\n]"
DEBUG: org.apache.http.wire - http-outgoing-306 >> "{"using":"id","value":"npsScore"}"
DEBUG: org.apache.http.wire - http-outgoing-306 << "HTTP/1.1 200 OK[\r][\n]"
DEBUG: org.apache.http.wire - http-outgoing-306 << "content-type: application/json; charset=UTF-8[\r][\n]"
DEBUG: org.apache.http.wire - http-outgoing-306 << "connection: close[\r][\n]"
DEBUG: org.apache.http.wire - http-outgoing-306 << "content-length: 224[\r][\n]"
DEBUG: org.apache.http.wire - http-outgoing-306 << "server: httpd.js[\r][\n]"
DEBUG: org.apache.http.wire - http-outgoing-306 << "date: Fri, 26 Aug 2016 09:43:07 GMT[\r][\n]"
DEBUG: org.apache.http.wire - http-outgoing-306 << "[\r][\n]"
DEBUG: org.apache.http.headers - http-outgoing-306 << HTTP/1.1 200 OK
DEBUG: org.apache.http.headers - http-outgoing-306 << content-type: application/json; charset=UTF-8
DEBUG: org.apache.http.headers - http-outgoing-306 << connection: close
DEBUG: org.apache.http.headers - http-outgoing-306 << content-length: 224
DEBUG: org.apache.http.headers - http-outgoing-306 << server: httpd.js
DEBUG: org.apache.http.headers - http-outgoing-306 << date: Fri, 26 Aug 2016 09:43:07 GMT
DEBUG: org.apache.http.wire - http-outgoing-306 << "{"name":"findElement","sessionId":"e37898b6-8e5c-334f-a9d7-5ee4f0651cdc","status":0,"value":{"ELEMENT":"{474e7220-4708-5a4d-a7c3-16c6882909d2}","element-6066-11e4-a52e-4f735466cecf":"{474e7220-4708-5a4d-a7c3-16c6882909d2}"}}"
DEBUG: org.apache.http.impl.conn.DefaultManagedHttpClientConnection - http-outgoing-306: Close connection
DEBUG: org.apache.http.impl.execchain.MainClientExec - Connection discarded
DEBUG: org.apache.http.impl.conn.PoolingHttpClientConnectionManager - Connection released: [id: 306][route: {}->http://127.0.0.1:7058][total kept alive: 0; route allocated: 0 of 2000; total allocated: 0 of 2000]
DEBUG: org.apache.http.client.protocol.RequestAddCookies - CookieSpec selected: default
DEBUG: org.apache.http.client.protocol.RequestAuthCache - Auth cache not set in the context
DEBUG: org.apache.http.impl.conn.PoolingHttpClientConnectionManager - Connection request: [route: {}->http://127.0.0.1:7058][total kept alive: 0; route allocated: 0 of 2000; total allocated: 0 of 2000]
DEBUG: org.apache.http.impl.conn.PoolingHttpClientConnectionManager - Connection leased: [id: 307][route: {}->http://127.0.0.1:7058][total kept alive: 0; route allocated: 1 of 2000; total allocated: 1 of 2000]
DEBUG: org.apache.http.impl.execchain.MainClientExec - Opening connection {}->http://127.0.0.1:7058
DEBUG: org.apache.http.impl.conn.DefaultHttpClientConnectionOperator - Connecting to /127.0.0.1:7058
DEBUG: org.apache.http.impl.conn.DefaultHttpClientConnectionOperator - Connection established 127.0.0.1:61097<->127.0.0.1:7058
DEBUG: org.apache.http.impl.conn.DefaultManagedHttpClientConnection - http-outgoing-307: set socket timeout to 10800000
DEBUG: org.apache.http.impl.execchain.MainClientExec - Executing request GET /hub/session/e37898b6-8e5c-334f-a9d7-5ee4f0651cdc/element/%7B474e7220-4708-5a4d-a7c3-16c6882909d2%7D/text HTTP/1.1
DEBUG: org.apache.http.impl.execchain.MainClientExec - Target auth state: UNCHALLENGED
DEBUG: org.apache.http.impl.execchain.MainClientExec - Proxy auth state: UNCHALLENGED
DEBUG: org.apache.http.headers - http-outgoing-307 >> GET /hub/session/e37898b6-8e5c-334f-a9d7-5ee4f0651cdc/element/%7B474e7220-4708-5a4d-a7c3-16c6882909d2%7D/text HTTP/1.1
DEBUG: org.apache.http.headers - http-outgoing-307 >> Cache-Control: no-cache
DEBUG: org.apache.http.headers - http-outgoing-307 >> Host: 127.0.0.1:7058
DEBUG: org.apache.http.headers - http-outgoing-307 >> Connection: Keep-Alive
DEBUG: org.apache.http.headers - http-outgoing-307 >> User-Agent: Apache-HttpClient/4.5.2 (Java/1.7.0_79)
DEBUG: org.apache.http.headers - http-outgoing-307 >> Accept-Encoding: gzip,deflate
DEBUG: org.apache.http.wire - http-outgoing-307 >> "GET /hub/session/e37898b6-8e5c-334f-a9d7-5ee4f0651cdc/element/%7B474e7220-4708-5a4d-a7c3-16c6882909d2%7D/text HTTP/1.1[\r][\n]"
DEBUG: org.apache.http.wire - http-outgoing-307 >> "Cache-Control: no-cache[\r][\n]"
DEBUG: org.apache.http.wire - http-outgoing-307 >> "Host: 127.0.0.1:7058[\r][\n]"
DEBUG: org.apache.http.wire - http-outgoing-307 >> "Connection: Keep-Alive[\r][\n]"
DEBUG: org.apache.http.wire - http-outgoing-307 >> "User-Agent: Apache-HttpClient/4.5.2 (Java/1.7.0_79)[\r][\n]"
DEBUG: org.apache.http.wire - http-outgoing-307 >> "Accept-Encoding: gzip,deflate[\r][\n]"
DEBUG: org.apache.http.wire - http-outgoing-307 >> "[\r][\n]"
DEBUG: org.apache.http.wire - http-outgoing-307 << "HTTP/1.1 200 OK[\r][\n]"
DEBUG: org.apache.http.wire - http-outgoing-307 << "content-type: application/json; charset=UTF-8[\r][\n]"
DEBUG: org.apache.http.wire - http-outgoing-307 << "connection: close[\r][\n]"
DEBUG: org.apache.http.wire - http-outgoing-307 << "content-length: 100[\r][\n]"
DEBUG: org.apache.http.wire - http-outgoing-307 << "server: httpd.js[\r][\n]"
DEBUG: org.apache.http.wire - http-outgoing-307 << "date: Fri, 26 Aug 2016 09:43:07 GMT[\r][\n]"
DEBUG: org.apache.http.wire - http-outgoing-307 << "[\r][\n]"
DEBUG: org.apache.http.headers - http-outgoing-307 << HTTP/1.1 200 OK
DEBUG: org.apache.http.headers - http-outgoing-307 << content-type: application/json; charset=UTF-8
DEBUG: org.apache.http.headers - http-outgoing-307 << connection: close
DEBUG: org.apache.http.headers - http-outgoing-307 << content-length: 100
DEBUG: org.apache.http.headers - http-outgoing-307 << server: httpd.js
DEBUG: org.apache.http.headers - http-outgoing-307 << date: Fri, 26 Aug 2016 09:43:07 GMT
DEBUG: org.apache.http.wire - http-outgoing-307 << "{"name":"getElementText","sessionId":"e37898b6-8e5c-334f-a9d7-5ee4f0651cdc","status":0,"value":"25"}"
DEBUG: org.apache.http.impl.conn.DefaultManagedHttpClientConnection - http-outgoing-307: Close connection
DEBUG: org.apache.http.impl.execchain.MainClientExec - Connection discarded
DEBUG: org.apache.http.impl.conn.PoolingHttpClientConnectionManager - Connection released: [id: 307][route: {}->http://127.0.0.1:7058][total kept alive: 0; route allocated: 0 of 2000; total allocated: 0 of 2000]
DEBUG: org.apache.http.client.protocol.RequestAddCookies - CookieSpec selected: default
DEBUG: org.apache.http.client.protocol.RequestAuthCache - Auth cache not set in the context
DEBUG: org.apache.http.impl.conn.PoolingHttpClientConnectionManager - Connection request: [route: {}->http://127.0.0.1:7058][total kept alive: 0; route allocated: 0 of 2000; total allocated: 0 of 2000]
DEBUG: org.apache.http.impl.conn.PoolingHttpClientConnectionManager - Connection leased: [id: 308][route: {}->http://127.0.0.1:7058][total kept alive: 0; route allocated: 1 of 2000; total allocated: 1 of 2000]
DEBUG: org.apache.http.impl.execchain.MainClientExec - Opening connection {}->http://127.0.0.1:7058
DEBUG: org.apache.http.impl.conn.DefaultHttpClientConnectionOperator - Connecting to /127.0.0.1:7058
DEBUG: org.apache.http.impl.conn.DefaultHttpClientConnectionOperator - Connection established 127.0.0.1:61098<->127.0.0.1:7058
DEBUG: org.apache.http.impl.conn.DefaultManagedHttpClientConnection - http-outgoing-308: set socket timeout to 10800000
DEBUG: org.apache.http.impl.execchain.MainClientExec - Executing request POST /hub/session/e37898b6-8e5c-334f-a9d7-5ee4f0651cdc/element HTTP/1.1
DEBUG: org.apache.http.impl.execchain.MainClientExec - Target auth state: UNCHALLENGED
DEBUG: org.apache.http.impl.execchain.MainClientExec - Proxy auth state: UNCHALLENGED
DEBUG: org.apache.http.headers - http-outgoing-308 >> POST /hub/session/e37898b6-8e5c-334f-a9d7-5ee4f0651cdc/element HTTP/1.1
DEBUG: org.apache.http.headers - http-outgoing-308 >> Content-Type: application/json; charset=utf-8
DEBUG: org.apache.http.headers - http-outgoing-308 >> Content-Length: 43
DEBUG: org.apache.http.headers - http-outgoing-308 >> Host: 127.0.0.1:7058
DEBUG: org.apache.http.headers - http-outgoing-308 >> Connection: Keep-Alive
DEBUG: org.apache.http.headers - http-outgoing-308 >> User-Agent: Apache-HttpClient/4.5.2 (Java/1.7.0_79)
DEBUG: org.apache.http.headers - http-outgoing-308 >> Accept-Encoding: gzip,deflate
DEBUG: org.apache.http.wire - http-outgoing-308 >> "POST /hub/session/e37898b6-8e5c-334f-a9d7-5ee4f0651cdc/element HTTP/1.1[\r][\n]"
DEBUG: org.apache.http.wire - http-outgoing-308 >> "Content-Type: application/json; charset=utf-8[\r][\n]"
DEBUG: org.apache.http.wire - http-outgoing-308 >> "Content-Length: 43[\r][\n]"
DEBUG: org.apache.http.wire - http-outgoing-308 >> "Host: 127.0.0.1:7058[\r][\n]"
DEBUG: org.apache.http.wire - http-outgoing-308 >> "Connection: Keep-Alive[\r][\n]"
DEBUG: org.apache.http.wire - http-outgoing-308 >> "User-Agent: Apache-HttpClient/4.5.2 (Java/1.7.0_79)[\r][\n]"
DEBUG: org.apache.http.wire - http-outgoing-308 >> "Accept-Encoding: gzip,deflate[\r][\n]"
DEBUG: org.apache.http.wire - http-outgoing-308 >> "[\r][\n]"
DEBUG: org.apache.http.wire - http-outgoing-308 >> "{"using":"id","value":"promoterPercentage"}"
DEBUG: org.apache.http.wire - http-outgoing-308 << "HTTP/1.1 200 OK[\r][\n]"
DEBUG: org.apache.http.wire - http-outgoing-308 << "content-type: application/json; charset=UTF-8[\r][\n]"
DEBUG: org.apache.http.wire - http-outgoing-308 << "connection: close[\r][\n]"
DEBUG: org.apache.http.wire - http-outgoing-308 << "content-length: 224[\r][\n]"
DEBUG: org.apache.http.wire - http-outgoing-308 << "server: httpd.js[\r][\n]"
DEBUG: org.apache.http.wire - http-outgoing-308 << "date: Fri, 26 Aug 2016 09:43:07 GMT[\r][\n]"
DEBUG: org.apache.http.wire - http-outgoing-308 << "[\r][\n]"
DEBUG: org.apache.http.headers - http-outgoing-308 << HTTP/1.1 200 OK
DEBUG: org.apache.http.headers - http-outgoing-308 << content-type: application/json; charset=UTF-8
DEBUG: org.apache.http.headers - http-outgoing-308 << connection: close
DEBUG: org.apache.http.headers - http-outgoing-308 << content-length: 224
DEBUG: org.apache.http.headers - http-outgoing-308 << server: httpd.js
DEBUG: org.apache.http.headers - http-outgoing-308 << date: Fri, 26 Aug 2016 09:43:07 GMT
DEBUG: org.apache.http.wire - http-outgoing-308 << "{"name":"findElement","sessionId":"e37898b6-8e5c-334f-a9d7-5ee4f0651cdc","status":0,"value":{"ELEMENT":"{f4c5886a-8f79-b844-93a0-a8fbef6f38e7}","element-6066-11e4-a52e-4f735466cecf":"{f4c5886a-8f79-b844-93a0-a8fbef6f38e7}"}}"
DEBUG: org.apache.http.impl.conn.DefaultManagedHttpClientConnection - http-outgoing-308: Close connection
DEBUG: org.apache.http.impl.execchain.MainClientExec - Connection discarded
DEBUG: org.apache.http.impl.conn.PoolingHttpClientConnectionManager - Connection released: [id: 308][route: {}->http://127.0.0.1:7058][total kept alive: 0; route allocated: 0 of 2000; total allocated: 0 of 2000]
DEBUG: org.apache.http.client.protocol.RequestAddCookies - CookieSpec selected: default
DEBUG: org.apache.http.client.protocol.RequestAuthCache - Auth cache not set in the context
DEBUG: org.apache.http.impl.conn.PoolingHttpClientConnectionManager - Connection request: [route: {}->http://127.0.0.1:7058][total kept alive: 0; route allocated: 0 of 2000; total allocated: 0 of 2000]
DEBUG: org.apache.http.impl.conn.PoolingHttpClientConnectionManager - Connection leased: [id: 309][route: {}->http://127.0.0.1:7058][total kept alive: 0; route allocated: 1 of 2000; total allocated: 1 of 2000]
DEBUG: org.apache.http.impl.execchain.MainClientExec - Opening connection {}->http://127.0.0.1:7058
DEBUG: org.apache.http.impl.conn.DefaultHttpClientConnectionOperator - Connecting to /127.0.0.1:7058
DEBUG: org.apache.http.impl.conn.DefaultHttpClientConnectionOperator - Connection established 127.0.0.1:61099<->127.0.0.1:7058
DEBUG: org.apache.http.impl.conn.DefaultManagedHttpClientConnection - http-outgoing-309: set socket timeout to 10800000
DEBUG: org.apache.http.impl.execchain.MainClientExec - Executing request GET /hub/session/e37898b6-8e5c-334f-a9d7-5ee4f0651cdc/element/%7Bf4c5886a-8f79-b844-93a0-a8fbef6f38e7%7D/text HTTP/1.1
DEBUG: org.apache.http.impl.execchain.MainClientExec - Target auth state: UNCHALLENGED
DEBUG: org.apache.http.impl.execchain.MainClientExec - Proxy auth state: UNCHALLENGED
DEBUG: org.apache.http.headers - http-outgoing-309 >> GET /hub/session/e37898b6-8e5c-334f-a9d7-5ee4f0651cdc/element/%7Bf4c5886a-8f79-b844-93a0-a8fbef6f38e7%7D/text HTTP/1.1
DEBUG: org.apache.http.headers - http-outgoing-309 >> Cache-Control: no-cache
DEBUG: org.apache.http.headers - http-outgoing-309 >> Host: 127.0.0.1:7058
DEBUG: org.apache.http.headers - http-outgoing-309 >> Connection: Keep-Alive
DEBUG: org.apache.http.headers - http-outgoing-309 >> User-Agent: Apache-HttpClient/4.5.2 (Java/1.7.0_79)
DEBUG: org.apache.http.headers - http-outgoing-309 >> Accept-Encoding: gzip,deflate
DEBUG: org.apache.http.wire - http-outgoing-309 >> "GET /hub/session/e37898b6-8e5c-334f-a9d7-5ee4f0651cdc/element/%7Bf4c5886a-8f79-b844-93a0-a8fbef6f38e7%7D/text HTTP/1.1[\r][\n]"
DEBUG: org.apache.http.wire - http-outgoing-309 >> "Cache-Control: no-cache[\r][\n]"
DEBUG: org.apache.http.wire - http-outgoing-309 >> "Host: 127.0.0.1:7058[\r][\n]"
DEBUG: org.apache.http.wire - http-outgoing-309 >> "Connection: Keep-Alive[\r][\n]"
DEBUG: org.apache.http.wire - http-outgoing-309 >> "User-Agent: Apache-HttpClient/4.5.2 (Java/1.7.0_79)[\r][\n]"
DEBUG: org.apache.http.wire - http-outgoing-309 >> "Accept-Encoding: gzip,deflate[\r][\n]"
DEBUG: org.apache.http.wire - http-outgoing-309 >> "[\r][\n]"
DEBUG: org.apache.http.wire - http-outgoing-309 << "HTTP/1.1 200 OK[\r][\n]"
DEBUG: org.apache.http.wire - http-outgoing-309 << "content-type: application/json; charset=UTF-8[\r][\n]"
DEBUG: org.apache.http.wire - http-outgoing-309 << "connection: close[\r][\n]"
DEBUG: org.apache.http.wire - http-outgoing-309 << "content-length: 111[\r][\n]"
DEBUG: org.apache.http.wire - http-outgoing-309 << "server: httpd.js[\r][\n]"
DEBUG: org.apache.http.wire - http-outgoing-309 << "date: Fri, 26 Aug 2016 09:43:07 GMT[\r][\n]"
DEBUG: org.apache.http.wire - http-outgoing-309 << "[\r][\n]"
DEBUG: org.apache.http.headers - http-outgoing-309 << HTTP/1.1 200 OK
DEBUG: org.apache.http.headers - http-outgoing-309 << content-type: application/json; charset=UTF-8
DEBUG: org.apache.http.headers - http-outgoing-309 << connection: close
DEBUG: org.apache.http.headers - http-outgoing-309 << content-length: 111
DEBUG: org.apache.http.headers - http-outgoing-309 << server: httpd.js
DEBUG: org.apache.http.headers - http-outgoing-309 << date: Fri, 26 Aug 2016 09:43:07 GMT
DEBUG: org.apache.http.wire - http-outgoing-309 << "{"name":"getElementText","sessionId":"e37898b6-8e5c-334f-a9d7-5ee4f0651cdc","status":0,"value":"50% Promoters"}"
DEBUG: org.apache.http.impl.conn.DefaultManagedHttpClientConnection - http-outgoing-309: Close connection
DEBUG: org.apache.http.impl.execchain.MainClientExec - Connection discarded
DEBUG: org.apache.http.impl.conn.PoolingHttpClientConnectionManager - Connection released: [id: 309][route: {}->http://127.0.0.1:7058][total kept alive: 0; route allocated: 0 of 2000; total allocated: 0 of 2000]
DEBUG: org.apache.http.client.protocol.RequestAddCookies - CookieSpec selected: default
DEBUG: org.apache.http.client.protocol.RequestAuthCache - Auth cache not set in the context
DEBUG: org.apache.http.impl.conn.PoolingHttpClientConnectionManager - Connection request: [route: {}->http://127.0.0.1:7058][total kept alive: 0; route allocated: 0 of 2000; total allocated: 0 of 2000]
DEBUG: org.apache.http.impl.conn.PoolingHttpClientConnectionManager - Connection leased: [id: 310][route: {}->http://127.0.0.1:7058][total kept alive: 0; route allocated: 1 of 2000; total allocated: 1 of 2000]
DEBUG: org.apache.http.impl.execchain.MainClientExec - Opening connection {}->http://127.0.0.1:7058
DEBUG: org.apache.http.impl.conn.DefaultHttpClientConnectionOperator - Connecting to /127.0.0.1:7058
DEBUG: org.apache.http.impl.conn.DefaultHttpClientConnectionOperator - Connection established 127.0.0.1:61100<->127.0.0.1:7058
DEBUG: org.apache.http.impl.conn.DefaultManagedHttpClientConnection - http-outgoing-310: set socket timeout to 10800000
DEBUG: org.apache.http.impl.execchain.MainClientExec - Executing request POST /hub/session/e37898b6-8e5c-334f-a9d7-5ee4f0651cdc/element HTTP/1.1
DEBUG: org.apache.http.impl.execchain.MainClientExec - Target auth state: UNCHALLENGED
DEBUG: org.apache.http.impl.execchain.MainClientExec - Proxy auth state: UNCHALLENGED
DEBUG: org.apache.http.headers - http-outgoing-310 >> POST /hub/session/e37898b6-8e5c-334f-a9d7-5ee4f0651cdc/element HTTP/1.1
DEBUG: org.apache.http.headers - http-outgoing-310 >> Content-Type: application/json; charset=utf-8
DEBUG: org.apache.http.headers - http-outgoing-310 >> Content-Length: 44
DEBUG: org.apache.http.headers - http-outgoing-310 >> Host: 127.0.0.1:7058
DEBUG: org.apache.http.headers - http-outgoing-310 >> Connection: Keep-Alive
DEBUG: org.apache.http.headers - http-outgoing-310 >> User-Agent: Apache-HttpClient/4.5.2 (Java/1.7.0_79)
DEBUG: org.apache.http.headers - http-outgoing-310 >> Accept-Encoding: gzip,deflate
DEBUG: org.apache.http.wire - http-outgoing-310 >> "POST /hub/session/e37898b6-8e5c-334f-a9d7-5ee4f0651cdc/element HTTP/1.1[\r][\n]"
DEBUG: org.apache.http.wire - http-outgoing-310 >> "Content-Type: application/json; charset=utf-8[\r][\n]"
DEBUG: org.apache.http.wire - http-outgoing-310 >> "Content-Length: 44[\r][\n]"
DEBUG: org.apache.http.wire - http-outgoing-310 >> "Host: 127.0.0.1:7058[\r][\n]"
DEBUG: org.apache.http.wire - http-outgoing-310 >> "Connection: Keep-Alive[\r][\n]"
DEBUG: org.apache.http.wire - http-outgoing-310 >> "User-Agent: Apache-HttpClient/4.5.2 (Java/1.7.0_79)[\r][\n]"
DEBUG: org.apache.http.wire - http-outgoing-310 >> "Accept-Encoding: gzip,deflate[\r][\n]"
DEBUG: org.apache.http.wire - http-outgoing-310 >> "[\r][\n]"
DEBUG: org.apache.http.wire - http-outgoing-310 >> "{"using":"id","value":"detractorPercentage"}"
DEBUG: org.apache.http.wire - http-outgoing-310 << "HTTP/1.1 200 OK[\r][\n]"
DEBUG: org.apache.http.wire - http-outgoing-310 << "content-type: application/json; charset=UTF-8[\r][\n]"
DEBUG: org.apache.http.wire - http-outgoing-310 << "connection: close[\r][\n]"
DEBUG: org.apache.http.wire - http-outgoing-310 << "content-length: 224[\r][\n]"
DEBUG: org.apache.http.wire - http-outgoing-310 << "server: httpd.js[\r][\n]"
DEBUG: org.apache.http.wire - http-outgoing-310 << "date: Fri, 26 Aug 2016 09:43:07 GMT[\r][\n]"
DEBUG: org.apache.http.wire - http-outgoing-310 << "[\r][\n]"
DEBUG: org.apache.http.headers - http-outgoing-310 << HTTP/1.1 200 OK
DEBUG: org.apache.http.headers - http-outgoing-310 << content-type: application/json; charset=UTF-8
DEBUG: org.apache.http.headers - http-outgoing-310 << connection: close
DEBUG: org.apache.http.headers - http-outgoing-310 << content-length: 224
DEBUG: org.apache.http.headers - http-outgoing-310 << server: httpd.js
DEBUG: org.apache.http.headers - http-outgoing-310 << date: Fri, 26 Aug 2016 09:43:07 GMT
DEBUG: org.apache.http.wire - http-outgoing-310 << "{"name":"findElement","sessionId":"e37898b6-8e5c-334f-a9d7-5ee4f0651cdc","status":0,"value":{"ELEMENT":"{c9bad980-95e7-9543-b67e-46f48b8afd65}","element-6066-11e4-a52e-4f735466cecf":"{c9bad980-95e7-9543-b67e-46f48b8afd65}"}}"
DEBUG: org.apache.http.impl.conn.DefaultManagedHttpClientConnection - http-outgoing-310: Close connection
DEBUG: org.apache.http.impl.execchain.MainClientExec - Connection discarded
DEBUG: org.apache.http.impl.conn.PoolingHttpClientConnectionManager - Connection released: [id: 310][route: {}->http://127.0.0.1:7058][total kept alive: 0; route allocated: 0 of 2000; total allocated: 0 of 2000]
DEBUG: org.apache.http.client.protocol.RequestAddCookies - CookieSpec selected: default
DEBUG: org.apache.http.client.protocol.RequestAuthCache - Auth cache not set in the context
DEBUG: org.apache.http.impl.conn.PoolingHttpClientConnectionManager - Connection request: [route: {}->http://127.0.0.1:7058][total kept alive: 0; route allocated: 0 of 2000; total allocated: 0 of 2000]
DEBUG: org.apache.http.impl.conn.PoolingHttpClientConnectionManager - Connection leased: [id: 311][route: {}->http://127.0.0.1:7058][total kept alive: 0; route allocated: 1 of 2000; total allocated: 1 of 2000]
DEBUG: org.apache.http.impl.execchain.MainClientExec - Opening connection {}->http://127.0.0.1:7058
DEBUG: org.apache.http.impl.conn.DefaultHttpClientConnectionOperator - Connecting to /127.0.0.1:7058
DEBUG: org.apache.http.impl.conn.DefaultHttpClientConnectionOperator - Connection established 127.0.0.1:61101<->127.0.0.1:7058
DEBUG: org.apache.http.impl.conn.DefaultManagedHttpClientConnection - http-outgoing-311: set socket timeout to 10800000
DEBUG: org.apache.http.impl.execchain.MainClientExec - Executing request GET /hub/session/e37898b6-8e5c-334f-a9d7-5ee4f0651cdc/element/%7Bc9bad980-95e7-9543-b67e-46f48b8afd65%7D/text HTTP/1.1
DEBUG: org.apache.http.impl.execchain.MainClientExec - Target auth state: UNCHALLENGED
DEBUG: org.apache.http.impl.execchain.MainClientExec - Proxy auth state: UNCHALLENGED
DEBUG: org.apache.http.headers - http-outgoing-311 >> GET /hub/session/e37898b6-8e5c-334f-a9d7-5ee4f0651cdc/element/%7Bc9bad980-95e7-9543-b67e-46f48b8afd65%7D/text HTTP/1.1
DEBUG: org.apache.http.headers - http-outgoing-311 >> Cache-Control: no-cache
DEBUG: org.apache.http.headers - http-outgoing-311 >> Host: 127.0.0.1:7058
DEBUG: org.apache.http.headers - http-outgoing-311 >> Connection: Keep-Alive
DEBUG: org.apache.http.headers - http-outgoing-311 >> User-Agent: Apache-HttpClient/4.5.2 (Java/1.7.0_79)
DEBUG: org.apache.http.headers - http-outgoing-311 >> Accept-Encoding: gzip,deflate
DEBUG: org.apache.http.wire - http-outgoing-311 >> "GET /hub/session/e37898b6-8e5c-334f-a9d7-5ee4f0651cdc/element/%7Bc9bad980-95e7-9543-b67e-46f48b8afd65%7D/text HTTP/1.1[\r][\n]"
DEBUG: org.apache.http.wire - http-outgoing-311 >> "Cache-Control: no-cache[\r][\n]"
DEBUG: org.apache.http.wire - http-outgoing-311 >> "Host: 127.0.0.1:7058[\r][\n]"
DEBUG: org.apache.http.wire - http-outgoing-311 >> "Connection: Keep-Alive[\r][\n]"
DEBUG: org.apache.http.wire - http-outgoing-311 >> "User-Agent: Apache-HttpClient/4.5.2 (Java/1.7.0_79)[\r][\n]"
DEBUG: org.apache.http.wire - http-outgoing-311 >> "Accept-Encoding: gzip,deflate[\r][\n]"
DEBUG: org.apache.http.wire - http-outgoing-311 >> "[\r][\n]"
DEBUG: org.apache.http.wire - http-outgoing-311 << "HTTP/1.1 200 OK[\r][\n]"
DEBUG: org.apache.http.wire - http-outgoing-311 << "content-type: application/json; charset=UTF-8[\r][\n]"
DEBUG: org.apache.http.wire - http-outgoing-311 << "connection: close[\r][\n]"
DEBUG: org.apache.http.wire - http-outgoing-311 << "content-length: 112[\r][\n]"
DEBUG: org.apache.http.wire - http-outgoing-311 << "server: httpd.js[\r][\n]"
DEBUG: org.apache.http.wire - http-outgoing-311 << "date: Fri, 26 Aug 2016 09:43:07 GMT[\r][\n]"
DEBUG: org.apache.http.wire - http-outgoing-311 << "[\r][\n]"
DEBUG: org.apache.http.headers - http-outgoing-311 << HTTP/1.1 200 OK
DEBUG: org.apache.http.headers - http-outgoing-311 << content-type: application/json; charset=UTF-8
DEBUG: org.apache.http.headers - http-outgoing-311 << connection: close
DEBUG: org.apache.http.headers - http-outgoing-311 << content-length: 112
DEBUG: org.apache.http.headers - http-outgoing-311 << server: httpd.js
DEBUG: org.apache.http.headers - http-outgoing-311 << date: Fri, 26 Aug 2016 09:43:07 GMT
DEBUG: org.apache.http.wire - http-outgoing-311 << "{"name":"getElementText","sessionId":"e37898b6-8e5c-334f-a9d7-5ee4f0651cdc","status":0,"value":"25% Detractors"}"
DEBUG: org.apache.http.impl.conn.DefaultManagedHttpClientConnection - http-outgoing-311: Close connection
DEBUG: org.apache.http.impl.execchain.MainClientExec - Connection discarded
DEBUG: org.apache.http.impl.conn.PoolingHttpClientConnectionManager - Connection released: [id: 311][route: {}->http://127.0.0.1:7058][total kept alive: 0; route allocated: 0 of 2000; total allocated: 0 of 2000]
DEBUG: org.apache.http.client.protocol.RequestAddCookies - CookieSpec selected: default
DEBUG: org.apache.http.client.protocol.RequestAuthCache - Auth cache not set in the context
DEBUG: org.apache.http.impl.conn.PoolingHttpClientConnectionManager - Connection request: [route: {}->http://127.0.0.1:7058][total kept alive: 0; route allocated: 0 of 2000; total allocated: 0 of 2000]
DEBUG: org.apache.http.impl.conn.PoolingHttpClientConnectionManager - Connection leased: [id: 312][route: {}->http://127.0.0.1:7058][total kept alive: 0; route allocated: 1 of 2000; total allocated: 1 of 2000]
DEBUG: org.apache.http.impl.execchain.MainClientExec - Opening connection {}->http://127.0.0.1:7058
DEBUG: org.apache.http.impl.conn.DefaultHttpClientConnectionOperator - Connecting to /127.0.0.1:7058
DEBUG: org.apache.http.impl.conn.DefaultHttpClientConnectionOperator - Connection established 127.0.0.1:61102<->127.0.0.1:7058
DEBUG: org.apache.http.impl.conn.DefaultManagedHttpClientConnection - http-outgoing-312: set socket timeout to 10800000
DEBUG: org.apache.http.impl.execchain.MainClientExec - Executing request POST /hub/session/e37898b6-8e5c-334f-a9d7-5ee4f0651cdc/element HTTP/1.1
DEBUG: org.apache.http.impl.execchain.MainClientExec - Target auth state: UNCHALLENGED
DEBUG: org.apache.http.impl.execchain.MainClientExec - Proxy auth state: UNCHALLENGED
DEBUG: org.apache.http.headers - http-outgoing-312 >> POST /hub/session/e37898b6-8e5c-334f-a9d7-5ee4f0651cdc/element HTTP/1.1
DEBUG: org.apache.http.headers - http-outgoing-312 >> Content-Type: application/json; charset=utf-8
DEBUG: org.apache.http.headers - http-outgoing-312 >> Content-Length: 42
DEBUG: org.apache.http.headers - http-outgoing-312 >> Host: 127.0.0.1:7058
DEBUG: org.apache.http.headers - http-outgoing-312 >> Connection: Keep-Alive
DEBUG: org.apache.http.headers - http-outgoing-312 >> User-Agent: Apache-HttpClient/4.5.2 (Java/1.7.0_79)
DEBUG: org.apache.http.headers - http-outgoing-312 >> Accept-Encoding: gzip,deflate
DEBUG: org.apache.http.wire - http-outgoing-312 >> "POST /hub/session/e37898b6-8e5c-334f-a9d7-5ee4f0651cdc/element HTTP/1.1[\r][\n]"
DEBUG: org.apache.http.wire - http-outgoing-312 >> "Content-Type: application/json; charset=utf-8[\r][\n]"
DEBUG: org.apache.http.wire - http-outgoing-312 >> "Content-Length: 42[\r][\n]"
DEBUG: org.apache.http.wire - http-outgoing-312 >> "Host: 127.0.0.1:7058[\r][\n]"
DEBUG: org.apache.http.wire - http-outgoing-312 >> "Connection: Keep-Alive[\r][\n]"
DEBUG: org.apache.http.wire - http-outgoing-312 >> "User-Agent: Apache-HttpClient/4.5.2 (Java/1.7.0_79)[\r][\n]"
DEBUG: org.apache.http.wire - http-outgoing-312 >> "Accept-Encoding: gzip,deflate[\r][\n]"
DEBUG: org.apache.http.wire - http-outgoing-312 >> "[\r][\n]"
DEBUG: org.apache.http.wire - http-outgoing-312 >> "{"using":"id","value":"passivePercentage"}"
DEBUG: org.apache.http.wire - http-outgoing-312 << "HTTP/1.1 200 OK[\r][\n]"
DEBUG: org.apache.http.wire - http-outgoing-312 << "content-type: application/json; charset=UTF-8[\r][\n]"
DEBUG: org.apache.http.wire - http-outgoing-312 << "connection: close[\r][\n]"
DEBUG: org.apache.http.wire - http-outgoing-312 << "content-length: 224[\r][\n]"
DEBUG: org.apache.http.wire - http-outgoing-312 << "server: httpd.js[\r][\n]"
DEBUG: org.apache.http.wire - http-outgoing-312 << "date: Fri, 26 Aug 2016 09:43:07 GMT[\r][\n]"
DEBUG: org.apache.http.wire - http-outgoing-312 << "[\r][\n]"
DEBUG: org.apache.http.headers - http-outgoing-312 << HTTP/1.1 200 OK
DEBUG: org.apache.http.headers - http-outgoing-312 << content-type: application/json; charset=UTF-8
DEBUG: org.apache.http.headers - http-outgoing-312 << connection: close
DEBUG: org.apache.http.headers - http-outgoing-312 << content-length: 224
DEBUG: org.apache.http.headers - http-outgoing-312 << server: httpd.js
DEBUG: org.apache.http.headers - http-outgoing-312 << date: Fri, 26 Aug 2016 09:43:07 GMT
DEBUG: org.apache.http.wire - http-outgoing-312 << "{"name":"findElement","sessionId":"e37898b6-8e5c-334f-a9d7-5ee4f0651cdc","status":0,"value":{"ELEMENT":"{21194165-0c79-5140-b9fc-0921d995b4bf}","element-6066-11e4-a52e-4f735466cecf":"{21194165-0c79-5140-b9fc-0921d995b4bf}"}}"
DEBUG: org.apache.http.impl.conn.DefaultManagedHttpClientConnection - http-outgoing-312: Close connection
DEBUG: org.apache.http.impl.execchain.MainClientExec - Connection discarded
DEBUG: org.apache.http.impl.conn.PoolingHttpClientConnectionManager - Connection released: [id: 312][route: {}->http://127.0.0.1:7058][total kept alive: 0; route allocated: 0 of 2000; total allocated: 0 of 2000]
DEBUG: org.apache.http.client.protocol.RequestAddCookies - CookieSpec selected: default
DEBUG: org.apache.http.client.protocol.RequestAuthCache - Auth cache not set in the context
DEBUG: org.apache.http.impl.conn.PoolingHttpClientConnectionManager - Connection request: [route: {}->http://127.0.0.1:7058][total kept alive: 0; route allocated: 0 of 2000; total allocated: 0 of 2000]
DEBUG: org.apache.http.impl.conn.PoolingHttpClientConnectionManager - Connection leased: [id: 313][route: {}->http://127.0.0.1:7058][total kept alive: 0; route allocated: 1 of 2000; total allocated: 1 of 2000]
DEBUG: org.apache.http.impl.execchain.MainClientExec - Opening connection {}->http://127.0.0.1:7058
DEBUG: org.apache.http.impl.conn.DefaultHttpClientConnectionOperator - Connecting to /127.0.0.1:7058
DEBUG: org.apache.http.impl.conn.DefaultHttpClientConnectionOperator - Connection established 127.0.0.1:61103<->127.0.0.1:7058
DEBUG: org.apache.http.impl.conn.DefaultManagedHttpClientConnection - http-outgoing-313: set socket timeout to 10800000
DEBUG: org.apache.http.impl.execchain.MainClientExec - Executing request GET /hub/session/e37898b6-8e5c-334f-a9d7-5ee4f0651cdc/element/%7B21194165-0c79-5140-b9fc-0921d995b4bf%7D/text HTTP/1.1
DEBUG: org.apache.http.impl.execchain.MainClientExec - Target auth state: UNCHALLENGED
DEBUG: org.apache.http.impl.execchain.MainClientExec - Proxy auth state: UNCHALLENGED
DEBUG: org.apache.http.headers - http-outgoing-313 >> GET /hub/session/e37898b6-8e5c-334f-a9d7-5ee4f0651cdc/element/%7B21194165-0c79-5140-b9fc-0921d995b4bf%7D/text HTTP/1.1
DEBUG: org.apache.http.headers - http-outgoing-313 >> Cache-Control: no-cache
DEBUG: org.apache.http.headers - http-outgoing-313 >> Host: 127.0.0.1:7058
DEBUG: org.apache.http.headers - http-outgoing-313 >> Connection: Keep-Alive
DEBUG: org.apache.http.headers - http-outgoing-313 >> User-Agent: Apache-HttpClient/4.5.2 (Java/1.7.0_79)
DEBUG: org.apache.http.headers - http-outgoing-313 >> Accept-Encoding: gzip,deflate
DEBUG: org.apache.http.wire - http-outgoing-313 >> "GET /hub/session/e37898b6-8e5c-334f-a9d7-5ee4f0651cdc/element/%7B21194165-0c79-5140-b9fc-0921d995b4bf%7D/text HTTP/1.1[\r][\n]"
DEBUG: org.apache.http.wire - http-outgoing-313 >> "Cache-Control: no-cache[\r][\n]"
DEBUG: org.apache.http.wire - http-outgoing-313 >> "Host: 127.0.0.1:7058[\r][\n]"
DEBUG: org.apache.http.wire - http-outgoing-313 >> "Connection: Keep-Alive[\r][\n]"
DEBUG: org.apache.http.wire - http-outgoing-313 >> "User-Agent: Apache-HttpClient/4.5.2 (Java/1.7.0_79)[\r][\n]"
DEBUG: org.apache.http.wire - http-outgoing-313 >> "Accept-Encoding: gzip,deflate[\r][\n]"
DEBUG: org.apache.http.wire - http-outgoing-313 >> "[\r][\n]"
DEBUG: org.apache.http.wire - http-outgoing-313 << "HTTP/1.1 200 OK[\r][\n]"
DEBUG: org.apache.http.wire - http-outgoing-313 << "content-type: application/json; charset=UTF-8[\r][\n]"
DEBUG: org.apache.http.wire - http-outgoing-313 << "connection: close[\r][\n]"
DEBUG: org.apache.http.wire - http-outgoing-313 << "content-length: 110[\r][\n]"
DEBUG: org.apache.http.wire - http-outgoing-313 << "server: httpd.js[\r][\n]"
DEBUG: org.apache.http.wire - http-outgoing-313 << "date: Fri, 26 Aug 2016 09:43:07 GMT[\r][\n]"
DEBUG: org.apache.http.wire - http-outgoing-313 << "[\r][\n]"
DEBUG: org.apache.http.headers - http-outgoing-313 << HTTP/1.1 200 OK
DEBUG: org.apache.http.headers - http-outgoing-313 << content-type: application/json; charset=UTF-8
DEBUG: org.apache.http.headers - http-outgoing-313 << connection: close
DEBUG: org.apache.http.headers - http-outgoing-313 << content-length: 110
DEBUG: org.apache.http.headers - http-outgoing-313 << server: httpd.js
DEBUG: org.apache.http.headers - http-outgoing-313 << date: Fri, 26 Aug 2016 09:43:07 GMT
DEBUG: org.apache.http.wire - http-outgoing-313 << "{"name":"getElementText","sessionId":"e37898b6-8e5c-334f-a9d7-5ee4f0651cdc","status":0,"value":"25% Passives"}"
DEBUG: org.apache.http.impl.conn.DefaultManagedHttpClientConnection - http-outgoing-313: Close connection
DEBUG: org.apache.http.impl.execchain.MainClientExec - Connection discarded
DEBUG: org.apache.http.impl.conn.PoolingHttpClientConnectionManager - Connection released: [id: 313][route: {}->http://127.0.0.1:7058][total kept alive: 0; route allocated: 0 of 2000; total allocated: 0 of 2000]
DEBUG: org.apache.http.client.protocol.RequestAddCookies - CookieSpec selected: default
DEBUG: org.apache.http.client.protocol.RequestAuthCache - Auth cache not set in the context
DEBUG: org.apache.http.impl.conn.PoolingHttpClientConnectionManager - Connection request: [route: {}->http://127.0.0.1:7058][total kept alive: 0; route allocated: 0 of 2000; total allocated: 0 of 2000]
DEBUG: org.apache.http.impl.conn.PoolingHttpClientConnectionManager - Connection leased: [id: 314][route: {}->http://127.0.0.1:7058][total kept alive: 0; route allocated: 1 of 2000; total allocated: 1 of 2000]
DEBUG: org.apache.http.impl.execchain.MainClientExec - Opening connection {}->http://127.0.0.1:7058
DEBUG: org.apache.http.impl.conn.DefaultHttpClientConnectionOperator - Connecting to /127.0.0.1:7058
DEBUG: org.apache.http.impl.conn.DefaultHttpClientConnectionOperator - Connection established 127.0.0.1:61104<->127.0.0.1:7058
DEBUG: org.apache.http.impl.conn.DefaultManagedHttpClientConnection - http-outgoing-314: set socket timeout to 10800000
DEBUG: org.apache.http.impl.execchain.MainClientExec - Executing request POST /hub/session/e37898b6-8e5c-334f-a9d7-5ee4f0651cdc/element HTTP/1.1
DEBUG: org.apache.http.impl.execchain.MainClientExec - Target auth state: UNCHALLENGED
DEBUG: org.apache.http.impl.execchain.MainClientExec - Proxy auth state: UNCHALLENGED
DEBUG: org.apache.http.headers - http-outgoing-314 >> POST /hub/session/e37898b6-8e5c-334f-a9d7-5ee4f0651cdc/element HTTP/1.1
DEBUG: org.apache.http.headers - http-outgoing-314 >> Content-Type: application/json; charset=utf-8
DEBUG: org.apache.http.headers - http-outgoing-314 >> Content-Length: 41
DEBUG: org.apache.http.headers - http-outgoing-314 >> Host: 127.0.0.1:7058
DEBUG: org.apache.http.headers - http-outgoing-314 >> Connection: Keep-Alive
DEBUG: org.apache.http.headers - http-outgoing-314 >> User-Agent: Apache-HttpClient/4.5.2 (Java/1.7.0_79)
DEBUG: org.apache.http.headers - http-outgoing-314 >> Accept-Encoding: gzip,deflate
DEBUG: org.apache.http.wire - http-outgoing-314 >> "POST /hub/session/e37898b6-8e5c-334f-a9d7-5ee4f0651cdc/element HTTP/1.1[\r][\n]"
DEBUG: org.apache.http.wire - http-outgoing-314 >> "Content-Type: application/json; charset=utf-8[\r][\n]"
DEBUG: org.apache.http.wire - http-outgoing-314 >> "Content-Length: 41[\r][\n]"
DEBUG: org.apache.http.wire - http-outgoing-314 >> "Host: 127.0.0.1:7058[\r][\n]"
DEBUG: org.apache.http.wire - http-outgoing-314 >> "Connection: Keep-Alive[\r][\n]"
DEBUG: org.apache.http.wire - http-outgoing-314 >> "User-Agent: Apache-HttpClient/4.5.2 (Java/1.7.0_79)[\r][\n]"
DEBUG: org.apache.http.wire - http-outgoing-314 >> "Accept-Encoding: gzip,deflate[\r][\n]"
DEBUG: org.apache.http.wire - http-outgoing-314 >> "[\r][\n]"
DEBUG: org.apache.http.wire - http-outgoing-314 >> "{"using":"id","value":"promoterComments"}"
DEBUG: org.apache.http.wire - http-outgoing-314 << "HTTP/1.1 200 OK[\r][\n]"
DEBUG: org.apache.http.wire - http-outgoing-314 << "content-type: application/json; charset=UTF-8[\r][\n]"
DEBUG: org.apache.http.wire - http-outgoing-314 << "connection: close[\r][\n]"
DEBUG: org.apache.http.wire - http-outgoing-314 << "content-length: 224[\r][\n]"
DEBUG: org.apache.http.wire - http-outgoing-314 << "server: httpd.js[\r][\n]"
DEBUG: org.apache.http.wire - http-outgoing-314 << "date: Fri, 26 Aug 2016 09:43:07 GMT[\r][\n]"
DEBUG: org.apache.http.wire - http-outgoing-314 << "[\r][\n]"
DEBUG: org.apache.http.headers - http-outgoing-314 << HTTP/1.1 200 OK
DEBUG: org.apache.http.headers - http-outgoing-314 << content-type: application/json; charset=UTF-8
DEBUG: org.apache.http.headers - http-outgoing-314 << connection: close
DEBUG: org.apache.http.headers - http-outgoing-314 << content-length: 224
DEBUG: org.apache.http.headers - http-outgoing-314 << server: httpd.js
DEBUG: org.apache.http.headers - http-outgoing-314 << date: Fri, 26 Aug 2016 09:43:07 GMT
DEBUG: org.apache.http.wire - http-outgoing-314 << "{"name":"findElement","sessionId":"e37898b6-8e5c-334f-a9d7-5ee4f0651cdc","status":0,"value":{"ELEMENT":"{1e6ab265-bf9f-f142-8b9e-1789c537b46e}","element-6066-11e4-a52e-4f735466cecf":"{1e6ab265-bf9f-f142-8b9e-1789c537b46e}"}}"
DEBUG: org.apache.http.impl.conn.DefaultManagedHttpClientConnection - http-outgoing-314: Close connection
DEBUG: org.apache.http.impl.execchain.MainClientExec - Connection discarded
DEBUG: org.apache.http.impl.conn.PoolingHttpClientConnectionManager - Connection released: [id: 314][route: {}->http://127.0.0.1:7058][total kept alive: 0; route allocated: 0 of 2000; total allocated: 0 of 2000]
DEBUG: org.apache.http.client.protocol.RequestAddCookies - CookieSpec selected: default
DEBUG: org.apache.http.client.protocol.RequestAuthCache - Auth cache not set in the context
DEBUG: org.apache.http.impl.conn.PoolingHttpClientConnectionManager - Connection request: [route: {}->http://127.0.0.1:7058][total kept alive: 0; route allocated: 0 of 2000; total allocated: 0 of 2000]
DEBUG: org.apache.http.impl.conn.PoolingHttpClientConnectionManager - Connection leased: [id: 315][route: {}->http://127.0.0.1:7058][total kept alive: 0; route allocated: 1 of 2000; total allocated: 1 of 2000]
DEBUG: org.apache.http.impl.execchain.MainClientExec - Opening connection {}->http://127.0.0.1:7058
DEBUG: org.apache.http.impl.conn.DefaultHttpClientConnectionOperator - Connecting to /127.0.0.1:7058
DEBUG: org.apache.http.impl.conn.DefaultHttpClientConnectionOperator - Connection established 127.0.0.1:61105<->127.0.0.1:7058
DEBUG: org.apache.http.impl.conn.DefaultManagedHttpClientConnection - http-outgoing-315: set socket timeout to 10800000
DEBUG: org.apache.http.impl.execchain.MainClientExec - Executing request GET /hub/session/e37898b6-8e5c-334f-a9d7-5ee4f0651cdc/element/%7B1e6ab265-bf9f-f142-8b9e-1789c537b46e%7D/text HTTP/1.1
DEBUG: org.apache.http.impl.execchain.MainClientExec - Target auth state: UNCHALLENGED
DEBUG: org.apache.http.impl.execchain.MainClientExec - Proxy auth state: UNCHALLENGED
DEBUG: org.apache.http.headers - http-outgoing-315 >> GET /hub/session/e37898b6-8e5c-334f-a9d7-5ee4f0651cdc/element/%7B1e6ab265-bf9f-f142-8b9e-1789c537b46e%7D/text HTTP/1.1
DEBUG: org.apache.http.headers - http-outgoing-315 >> Cache-Control: no-cache
DEBUG: org.apache.http.headers - http-outgoing-315 >> Host: 127.0.0.1:7058
DEBUG: org.apache.http.headers - http-outgoing-315 >> Connection: Keep-Alive
DEBUG: org.apache.http.headers - http-outgoing-315 >> User-Agent: Apache-HttpClient/4.5.2 (Java/1.7.0_79)
DEBUG: org.apache.http.headers - http-outgoing-315 >> Accept-Encoding: gzip,deflate
DEBUG: org.apache.http.wire - http-outgoing-315 >> "GET /hub/session/e37898b6-8e5c-334f-a9d7-5ee4f0651cdc/element/%7B1e6ab265-bf9f-f142-8b9e-1789c537b46e%7D/text HTTP/1.1[\r][\n]"
DEBUG: org.apache.http.wire - http-outgoing-315 >> "Cache-Control: no-cache[\r][\n]"
DEBUG: org.apache.http.wire - http-outgoing-315 >> "Host: 127.0.0.1:7058[\r][\n]"
DEBUG: org.apache.http.wire - http-outgoing-315 >> "Connection: Keep-Alive[\r][\n]"
DEBUG: org.apache.http.wire - http-outgoing-315 >> "User-Agent: Apache-HttpClient/4.5.2 (Java/1.7.0_79)[\r][\n]"
DEBUG: org.apache.http.wire - http-outgoing-315 >> "Accept-Encoding: gzip,deflate[\r][\n]"
DEBUG: org.apache.http.wire - http-outgoing-315 >> "[\r][\n]"
DEBUG: org.apache.http.wire - http-outgoing-315 << "HTTP/1.1 200 OK[\r][\n]"
DEBUG: org.apache.http.wire - http-outgoing-315 << "content-type: application/json; charset=UTF-8[\r][\n]"
DEBUG: org.apache.http.wire - http-outgoing-315 << "connection: close[\r][\n]"
DEBUG: org.apache.http.wire - http-outgoing-315 << "content-length: 135[\r][\n]"
DEBUG: org.apache.http.wire - http-outgoing-315 << "server: httpd.js[\r][\n]"
DEBUG: org.apache.http.wire - http-outgoing-315 << "date: Fri, 26 Aug 2016 09:43:07 GMT[\r][\n]"
DEBUG: org.apache.http.wire - http-outgoing-315 << "[\r][\n]"
DEBUG: org.apache.http.headers - http-outgoing-315 << HTTP/1.1 200 OK
DEBUG: org.apache.http.headers - http-outgoing-315 << content-type: application/json; charset=UTF-8
DEBUG: org.apache.http.headers - http-outgoing-315 << connection: close
DEBUG: org.apache.http.headers - http-outgoing-315 << content-length: 135
DEBUG: org.apache.http.headers - http-outgoing-315 << server: httpd.js
DEBUG: org.apache.http.headers - http-outgoing-315 << date: Fri, 26 Aug 2016 09:43:07 GMT
DEBUG: org.apache.http.wire - http-outgoing-315 << "{"name":"getElementText","sessionId":"e37898b6-8e5c-334f-a9d7-5ee4f0651cdc","status":0,"value":"Some Feedback\nSome Positive Feedback"}"
DEBUG: org.apache.http.impl.conn.DefaultManagedHttpClientConnection - http-outgoing-315: Close connection
DEBUG: org.apache.http.impl.execchain.MainClientExec - Connection discarded
DEBUG: org.apache.http.impl.conn.PoolingHttpClientConnectionManager - Connection released: [id: 315][route: {}->http://127.0.0.1:7058][total kept alive: 0; route allocated: 0 of 2000; total allocated: 0 of 2000]
DEBUG: org.apache.http.client.protocol.RequestAddCookies - CookieSpec selected: default
DEBUG: org.apache.http.client.protocol.RequestAuthCache - Auth cache not set in the context
DEBUG: org.apache.http.impl.conn.PoolingHttpClientConnectionManager - Connection request: [route: {}->http://127.0.0.1:7058][total kept alive: 0; route allocated: 0 of 2000; total allocated: 0 of 2000]
DEBUG: org.apache.http.impl.conn.PoolingHttpClientConnectionManager - Connection leased: [id: 316][route: {}->http://127.0.0.1:7058][total kept alive: 0; route allocated: 1 of 2000; total allocated: 1 of 2000]
DEBUG: org.apache.http.impl.execchain.MainClientExec - Opening connection {}->http://127.0.0.1:7058
DEBUG: org.apache.http.impl.conn.DefaultHttpClientConnectionOperator - Connecting to /127.0.0.1:7058
DEBUG: org.apache.http.impl.conn.DefaultHttpClientConnectionOperator - Connection established 127.0.0.1:61106<->127.0.0.1:7058
DEBUG: org.apache.http.impl.conn.DefaultManagedHttpClientConnection - http-outgoing-316: set socket timeout to 10800000
DEBUG: org.apache.http.impl.execchain.MainClientExec - Executing request POST /hub/session/e37898b6-8e5c-334f-a9d7-5ee4f0651cdc/element HTTP/1.1
DEBUG: org.apache.http.impl.execchain.MainClientExec - Target auth state: UNCHALLENGED
DEBUG: org.apache.http.impl.execchain.MainClientExec - Proxy auth state: UNCHALLENGED
DEBUG: org.apache.http.headers - http-outgoing-316 >> POST /hub/session/e37898b6-8e5c-334f-a9d7-5ee4f0651cdc/element HTTP/1.1
DEBUG: org.apache.http.headers - http-outgoing-316 >> Content-Type: application/json; charset=utf-8
DEBUG: org.apache.http.headers - http-outgoing-316 >> Content-Length: 42
DEBUG: org.apache.http.headers - http-outgoing-316 >> Host: 127.0.0.1:7058
DEBUG: org.apache.http.headers - http-outgoing-316 >> Connection: Keep-Alive
DEBUG: org.apache.http.headers - http-outgoing-316 >> User-Agent: Apache-HttpClient/4.5.2 (Java/1.7.0_79)
DEBUG: org.apache.http.headers - http-outgoing-316 >> Accept-Encoding: gzip,deflate
DEBUG: org.apache.http.wire - http-outgoing-316 >> "POST /hub/session/e37898b6-8e5c-334f-a9d7-5ee4f0651cdc/element HTTP/1.1[\r][\n]"
DEBUG: org.apache.http.wire - http-outgoing-316 >> "Content-Type: application/json; charset=utf-8[\r][\n]"
DEBUG: org.apache.http.wire - http-outgoing-316 >> "Content-Length: 42[\r][\n]"
DEBUG: org.apache.http.wire - http-outgoing-316 >> "Host: 127.0.0.1:7058[\r][\n]"
DEBUG: org.apache.http.wire - http-outgoing-316 >> "Connection: Keep-Alive[\r][\n]"
DEBUG: org.apache.http.wire - http-outgoing-316 >> "User-Agent: Apache-HttpClient/4.5.2 (Java/1.7.0_79)[\r][\n]"
DEBUG: org.apache.http.wire - http-outgoing-316 >> "Accept-Encoding: gzip,deflate[\r][\n]"
DEBUG: org.apache.http.wire - http-outgoing-316 >> "[\r][\n]"
DEBUG: org.apache.http.wire - http-outgoing-316 >> "{"using":"id","value":"detractorComments"}"
DEBUG: org.apache.http.wire - http-outgoing-316 << "HTTP/1.1 200 OK[\r][\n]"
DEBUG: org.apache.http.wire - http-outgoing-316 << "content-type: application/json; charset=UTF-8[\r][\n]"
DEBUG: org.apache.http.wire - http-outgoing-316 << "connection: close[\r][\n]"
DEBUG: org.apache.http.wire - http-outgoing-316 << "content-length: 224[\r][\n]"
DEBUG: org.apache.http.wire - http-outgoing-316 << "server: httpd.js[\r][\n]"
DEBUG: org.apache.http.wire - http-outgoing-316 << "date: Fri, 26 Aug 2016 09:43:07 GMT[\r][\n]"
DEBUG: org.apache.http.wire - http-outgoing-316 << "[\r][\n]"
DEBUG: org.apache.http.headers - http-outgoing-316 << HTTP/1.1 200 OK
DEBUG: org.apache.http.headers - http-outgoing-316 << content-type: application/json; charset=UTF-8
DEBUG: org.apache.http.headers - http-outgoing-316 << connection: close
DEBUG: org.apache.http.headers - http-outgoing-316 << content-length: 224
DEBUG: org.apache.http.headers - http-outgoing-316 << server: httpd.js
DEBUG: org.apache.http.headers - http-outgoing-316 << date: Fri, 26 Aug 2016 09:43:07 GMT
DEBUG: org.apache.http.wire - http-outgoing-316 << "{"name":"findElement","sessionId":"e37898b6-8e5c-334f-a9d7-5ee4f0651cdc","status":0,"value":{"ELEMENT":"{38122a64-4968-f049-b776-49c1fa40a8f4}","element-6066-11e4-a52e-4f735466cecf":"{38122a64-4968-f049-b776-49c1fa40a8f4}"}}"
DEBUG: org.apache.http.impl.conn.DefaultManagedHttpClientConnection - http-outgoing-316: Close connection
DEBUG: org.apache.http.impl.execchain.MainClientExec - Connection discarded
DEBUG: org.apache.http.impl.conn.PoolingHttpClientConnectionManager - Connection released: [id: 316][route: {}->http://127.0.0.1:7058][total kept alive: 0; route allocated: 0 of 2000; total allocated: 0 of 2000]
DEBUG: org.apache.http.client.protocol.RequestAddCookies - CookieSpec selected: default
DEBUG: org.apache.http.client.protocol.RequestAuthCache - Auth cache not set in the context
DEBUG: org.apache.http.impl.conn.PoolingHttpClientConnectionManager - Connection request: [route: {}->http://127.0.0.1:7058][total kept alive: 0; route allocated: 0 of 2000; total allocated: 0 of 2000]
DEBUG: org.apache.http.impl.conn.PoolingHttpClientConnectionManager - Connection leased: [id: 317][route: {}->http://127.0.0.1:7058][total kept alive: 0; route allocated: 1 of 2000; total allocated: 1 of 2000]
DEBUG: org.apache.http.impl.execchain.MainClientExec - Opening connection {}->http://127.0.0.1:7058
DEBUG: org.apache.http.impl.conn.DefaultHttpClientConnectionOperator - Connecting to /127.0.0.1:7058
DEBUG: org.apache.http.impl.conn.DefaultHttpClientConnectionOperator - Connection established 127.0.0.1:61107<->127.0.0.1:7058
DEBUG: org.apache.http.impl.conn.DefaultManagedHttpClientConnection - http-outgoing-317: set socket timeout to 10800000
DEBUG: org.apache.http.impl.execchain.MainClientExec - Executing request GET /hub/session/e37898b6-8e5c-334f-a9d7-5ee4f0651cdc/element/%7B38122a64-4968-f049-b776-49c1fa40a8f4%7D/text HTTP/1.1
DEBUG: org.apache.http.impl.execchain.MainClientExec - Target auth state: UNCHALLENGED
DEBUG: org.apache.http.impl.execchain.MainClientExec - Proxy auth state: UNCHALLENGED
DEBUG: org.apache.http.headers - http-outgoing-317 >> GET /hub/session/e37898b6-8e5c-334f-a9d7-5ee4f0651cdc/element/%7B38122a64-4968-f049-b776-49c1fa40a8f4%7D/text HTTP/1.1
DEBUG: org.apache.http.headers - http-outgoing-317 >> Cache-Control: no-cache
DEBUG: org.apache.http.headers - http-outgoing-317 >> Host: 127.0.0.1:7058
DEBUG: org.apache.http.headers - http-outgoing-317 >> Connection: Keep-Alive
DEBUG: org.apache.http.headers - http-outgoing-317 >> User-Agent: Apache-HttpClient/4.5.2 (Java/1.7.0_79)
DEBUG: org.apache.http.headers - http-outgoing-317 >> Accept-Encoding: gzip,deflate
DEBUG: org.apache.http.wire - http-outgoing-317 >> "GET /hub/session/e37898b6-8e5c-334f-a9d7-5ee4f0651cdc/element/%7B38122a64-4968-f049-b776-49c1fa40a8f4%7D/text HTTP/1.1[\r][\n]"
DEBUG: org.apache.http.wire - http-outgoing-317 >> "Cache-Control: no-cache[\r][\n]"
DEBUG: org.apache.http.wire - http-outgoing-317 >> "Host: 127.0.0.1:7058[\r][\n]"
DEBUG: org.apache.http.wire - http-outgoing-317 >> "Connection: Keep-Alive[\r][\n]"
DEBUG: org.apache.http.wire - http-outgoing-317 >> "User-Agent: Apache-HttpClient/4.5.2 (Java/1.7.0_79)[\r][\n]"
DEBUG: org.apache.http.wire - http-outgoing-317 >> "Accept-Encoding: gzip,deflate[\r][\n]"
DEBUG: org.apache.http.wire - http-outgoing-317 >> "[\r][\n]"
DEBUG: org.apache.http.wire - http-outgoing-317 << "HTTP/1.1 200 OK[\r][\n]"
DEBUG: org.apache.http.wire - http-outgoing-317 << "content-type: application/json; charset=UTF-8[\r][\n]"
DEBUG: org.apache.http.wire - http-outgoing-317 << "connection: close[\r][\n]"
DEBUG: org.apache.http.wire - http-outgoing-317 << "content-length: 120[\r][\n]"
DEBUG: org.apache.http.wire - http-outgoing-317 << "server: httpd.js[\r][\n]"
DEBUG: org.apache.http.wire - http-outgoing-317 << "date: Fri, 26 Aug 2016 09:43:07 GMT[\r][\n]"
DEBUG: org.apache.http.wire - http-outgoing-317 << "[\r][\n]"
DEBUG: org.apache.http.headers - http-outgoing-317 << HTTP/1.1 200 OK
DEBUG: org.apache.http.headers - http-outgoing-317 << content-type: application/json; charset=UTF-8
DEBUG: org.apache.http.headers - http-outgoing-317 << connection: close
DEBUG: org.apache.http.headers - http-outgoing-317 << content-length: 120
DEBUG: org.apache.http.headers - http-outgoing-317 << server: httpd.js
DEBUG: org.apache.http.headers - http-outgoing-317 << date: Fri, 26 Aug 2016 09:43:07 GMT
DEBUG: org.apache.http.wire - http-outgoing-317 << "{"name":"getElementText","sessionId":"e37898b6-8e5c-334f-a9d7-5ee4f0651cdc","status":0,"value":"Some Negative Feedback"}"
DEBUG: org.apache.http.impl.conn.DefaultManagedHttpClientConnection - http-outgoing-317: Close connection
DEBUG: org.apache.http.impl.execchain.MainClientExec - Connection discarded
DEBUG: org.apache.http.impl.conn.PoolingHttpClientConnectionManager - Connection released: [id: 317][route: {}->http://127.0.0.1:7058][total kept alive: 0; route allocated: 0 of 2000; total allocated: 0 of 2000]
DEBUG: org.apache.http.client.protocol.RequestAddCookies - CookieSpec selected: default
DEBUG: org.apache.http.client.protocol.RequestAuthCache - Auth cache not set in the context
DEBUG: org.apache.http.impl.conn.PoolingHttpClientConnectionManager - Connection request: [route: {}->http://127.0.0.1:7058][total kept alive: 0; route allocated: 0 of 2000; total allocated: 0 of 2000]
DEBUG: org.apache.http.impl.conn.PoolingHttpClientConnectionManager - Connection leased: [id: 318][route: {}->http://127.0.0.1:7058][total kept alive: 0; route allocated: 1 of 2000; total allocated: 1 of 2000]
DEBUG: org.apache.http.impl.execchain.MainClientExec - Opening connection {}->http://127.0.0.1:7058
DEBUG: org.apache.http.impl.conn.DefaultHttpClientConnectionOperator - Connecting to /127.0.0.1:7058
DEBUG: org.apache.http.impl.conn.DefaultHttpClientConnectionOperator - Connection established 127.0.0.1:61108<->127.0.0.1:7058
DEBUG: org.apache.http.impl.conn.DefaultManagedHttpClientConnection - http-outgoing-318: set socket timeout to 10800000
DEBUG: org.apache.http.impl.execchain.MainClientExec - Executing request POST /hub/session/e37898b6-8e5c-334f-a9d7-5ee4f0651cdc/element HTTP/1.1
DEBUG: org.apache.http.impl.execchain.MainClientExec - Target auth state: UNCHALLENGED
DEBUG: org.apache.http.impl.execchain.MainClientExec - Proxy auth state: UNCHALLENGED
DEBUG: org.apache.http.headers - http-outgoing-318 >> POST /hub/session/e37898b6-8e5c-334f-a9d7-5ee4f0651cdc/element HTTP/1.1
DEBUG: org.apache.http.headers - http-outgoing-318 >> Content-Type: application/json; charset=utf-8
DEBUG: org.apache.http.headers - http-outgoing-318 >> Content-Length: 40
DEBUG: org.apache.http.headers - http-outgoing-318 >> Host: 127.0.0.1:7058
DEBUG: org.apache.http.headers - http-outgoing-318 >> Connection: Keep-Alive
DEBUG: org.apache.http.headers - http-outgoing-318 >> User-Agent: Apache-HttpClient/4.5.2 (Java/1.7.0_79)
DEBUG: org.apache.http.headers - http-outgoing-318 >> Accept-Encoding: gzip,deflate
DEBUG: org.apache.http.wire - http-outgoing-318 >> "POST /hub/session/e37898b6-8e5c-334f-a9d7-5ee4f0651cdc/element HTTP/1.1[\r][\n]"
DEBUG: org.apache.http.wire - http-outgoing-318 >> "Content-Type: application/json; charset=utf-8[\r][\n]"
DEBUG: org.apache.http.wire - http-outgoing-318 >> "Content-Length: 40[\r][\n]"
DEBUG: org.apache.http.wire - http-outgoing-318 >> "Host: 127.0.0.1:7058[\r][\n]"
DEBUG: org.apache.http.wire - http-outgoing-318 >> "Connection: Keep-Alive[\r][\n]"
DEBUG: org.apache.http.wire - http-outgoing-318 >> "User-Agent: Apache-HttpClient/4.5.2 (Java/1.7.0_79)[\r][\n]"
DEBUG: org.apache.http.wire - http-outgoing-318 >> "Accept-Encoding: gzip,deflate[\r][\n]"
DEBUG: org.apache.http.wire - http-outgoing-318 >> "[\r][\n]"
DEBUG: org.apache.http.wire - http-outgoing-318 >> "{"using":"id","value":"passiveComments"}"
DEBUG: org.apache.http.wire - http-outgoing-318 << "HTTP/1.1 200 OK[\r][\n]"
DEBUG: org.apache.http.wire - http-outgoing-318 << "content-type: application/json; charset=UTF-8[\r][\n]"
DEBUG: org.apache.http.wire - http-outgoing-318 << "connection: close[\r][\n]"
DEBUG: org.apache.http.wire - http-outgoing-318 << "content-length: 224[\r][\n]"
DEBUG: org.apache.http.wire - http-outgoing-318 << "server: httpd.js[\r][\n]"
DEBUG: org.apache.http.wire - http-outgoing-318 << "date: Fri, 26 Aug 2016 09:43:07 GMT[\r][\n]"
DEBUG: org.apache.http.wire - http-outgoing-318 << "[\r][\n]"
DEBUG: org.apache.http.headers - http-outgoing-318 << HTTP/1.1 200 OK
DEBUG: org.apache.http.headers - http-outgoing-318 << content-type: application/json; charset=UTF-8
DEBUG: org.apache.http.headers - http-outgoing-318 << connection: close
DEBUG: org.apache.http.headers - http-outgoing-318 << content-length: 224
DEBUG: org.apache.http.headers - http-outgoing-318 << server: httpd.js
DEBUG: org.apache.http.headers - http-outgoing-318 << date: Fri, 26 Aug 2016 09:43:07 GMT
DEBUG: org.apache.http.wire - http-outgoing-318 << "{"name":"findElement","sessionId":"e37898b6-8e5c-334f-a9d7-5ee4f0651cdc","status":0,"value":{"ELEMENT":"{29fecba5-e536-4443-a8a7-21f7c999fb96}","element-6066-11e4-a52e-4f735466cecf":"{29fecba5-e536-4443-a8a7-21f7c999fb96}"}}"
DEBUG: org.apache.http.impl.conn.DefaultManagedHttpClientConnection - http-outgoing-318: Close connection
DEBUG: org.apache.http.impl.execchain.MainClientExec - Connection discarded
DEBUG: org.apache.http.impl.conn.PoolingHttpClientConnectionManager - Connection released: [id: 318][route: {}->http://127.0.0.1:7058][total kept alive: 0; route allocated: 0 of 2000; total allocated: 0 of 2000]
DEBUG: org.apache.http.client.protocol.RequestAddCookies - CookieSpec selected: default
DEBUG: org.apache.http.client.protocol.RequestAuthCache - Auth cache not set in the context
DEBUG: org.apache.http.impl.conn.PoolingHttpClientConnectionManager - Connection request: [route: {}->http://127.0.0.1:7058][total kept alive: 0; route allocated: 0 of 2000; total allocated: 0 of 2000]
DEBUG: org.apache.http.impl.conn.PoolingHttpClientConnectionManager - Connection leased: [id: 319][route: {}->http://127.0.0.1:7058][total kept alive: 0; route allocated: 1 of 2000; total allocated: 1 of 2000]
DEBUG: org.apache.http.impl.execchain.MainClientExec - Opening connection {}->http://127.0.0.1:7058
DEBUG: org.apache.http.impl.conn.DefaultHttpClientConnectionOperator - Connecting to /127.0.0.1:7058
DEBUG: org.apache.http.impl.conn.DefaultHttpClientConnectionOperator - Connection established 127.0.0.1:61109<->127.0.0.1:7058
DEBUG: org.apache.http.impl.conn.DefaultManagedHttpClientConnection - http-outgoing-319: set socket timeout to 10800000
DEBUG: org.apache.http.impl.execchain.MainClientExec - Executing request GET /hub/session/e37898b6-8e5c-334f-a9d7-5ee4f0651cdc/element/%7B29fecba5-e536-4443-a8a7-21f7c999fb96%7D/text HTTP/1.1
DEBUG: org.apache.http.impl.execchain.MainClientExec - Target auth state: UNCHALLENGED
DEBUG: org.apache.http.impl.execchain.MainClientExec - Proxy auth state: UNCHALLENGED
DEBUG: org.apache.http.headers - http-outgoing-319 >> GET /hub/session/e37898b6-8e5c-334f-a9d7-5ee4f0651cdc/element/%7B29fecba5-e536-4443-a8a7-21f7c999fb96%7D/text HTTP/1.1
DEBUG: org.apache.http.headers - http-outgoing-319 >> Cache-Control: no-cache
DEBUG: org.apache.http.headers - http-outgoing-319 >> Host: 127.0.0.1:7058
DEBUG: org.apache.http.headers - http-outgoing-319 >> Connection: Keep-Alive
DEBUG: org.apache.http.headers - http-outgoing-319 >> User-Agent: Apache-HttpClient/4.5.2 (Java/1.7.0_79)
DEBUG: org.apache.http.headers - http-outgoing-319 >> Accept-Encoding: gzip,deflate
DEBUG: org.apache.http.wire - http-outgoing-319 >> "GET /hub/session/e37898b6-8e5c-334f-a9d7-5ee4f0651cdc/element/%7B29fecba5-e536-4443-a8a7-21f7c999fb96%7D/text HTTP/1.1[\r][\n]"
DEBUG: org.apache.http.wire - http-outgoing-319 >> "Cache-Control: no-cache[\r][\n]"
DEBUG: org.apache.http.wire - http-outgoing-319 >> "Host: 127.0.0.1:7058[\r][\n]"
DEBUG: org.apache.http.wire - http-outgoing-319 >> "Connection: Keep-Alive[\r][\n]"
DEBUG: org.apache.http.wire - http-outgoing-319 >> "User-Agent: Apache-HttpClient/4.5.2 (Java/1.7.0_79)[\r][\n]"
DEBUG: org.apache.http.wire - http-outgoing-319 >> "Accept-Encoding: gzip,deflate[\r][\n]"
DEBUG: org.apache.http.wire - http-outgoing-319 >> "[\r][\n]"
DEBUG: org.apache.http.wire - http-outgoing-319 << "HTTP/1.1 200 OK[\r][\n]"
DEBUG: org.apache.http.wire - http-outgoing-319 << "content-type: application/json; charset=UTF-8[\r][\n]"
DEBUG: org.apache.http.wire - http-outgoing-319 << "connection: close[\r][\n]"
DEBUG: org.apache.http.wire - http-outgoing-319 << "content-length: 119[\r][\n]"
DEBUG: org.apache.http.wire - http-outgoing-319 << "server: httpd.js[\r][\n]"
DEBUG: org.apache.http.wire - http-outgoing-319 << "date: Fri, 26 Aug 2016 09:43:07 GMT[\r][\n]"
DEBUG: org.apache.http.wire - http-outgoing-319 << "[\r][\n]"
DEBUG: org.apache.http.headers - http-outgoing-319 << HTTP/1.1 200 OK
DEBUG: org.apache.http.headers - http-outgoing-319 << content-type: application/json; charset=UTF-8
DEBUG: org.apache.http.headers - http-outgoing-319 << connection: close
DEBUG: org.apache.http.headers - http-outgoing-319 << content-length: 119
DEBUG: org.apache.http.headers - http-outgoing-319 << server: httpd.js
DEBUG: org.apache.http.headers - http-outgoing-319 << date: Fri, 26 Aug 2016 09:43:07 GMT
DEBUG: org.apache.http.wire - http-outgoing-319 << "{"name":"getElementText","sessionId":"e37898b6-8e5c-334f-a9d7-5ee4f0651cdc","status":0,"value":"Some Passive Feedback"}"
DEBUG: org.apache.http.impl.conn.DefaultManagedHttpClientConnection - http-outgoing-319: Close connection
DEBUG: org.apache.http.impl.execchain.MainClientExec - Connection discarded
DEBUG: org.apache.http.impl.conn.PoolingHttpClientConnectionManager - Connection released: [id: 319][route: {}->http://127.0.0.1:7058][total kept alive: 0; route allocated: 0 of 2000; total allocated: 0 of 2000]
DEBUG: org.apache.http.client.protocol.RequestAddCookies - CookieSpec selected: default
DEBUG: org.apache.http.client.protocol.RequestAuthCache - Auth cache not set in the context
DEBUG: org.apache.http.impl.conn.PoolingHttpClientConnectionManager - Connection request: [route: {}->http://127.0.0.1:7058][total kept alive: 0; route allocated: 0 of 2000; total allocated: 0 of 2000]
DEBUG: org.apache.http.impl.conn.PoolingHttpClientConnectionManager - Connection leased: [id: 320][route: {}->http://127.0.0.1:7058][total kept alive: 0; route allocated: 1 of 2000; total allocated: 1 of 2000]
DEBUG: org.apache.http.impl.execchain.MainClientExec - Opening connection {}->http://127.0.0.1:7058
DEBUG: org.apache.http.impl.conn.DefaultHttpClientConnectionOperator - Connecting to /127.0.0.1:7058
DEBUG: org.apache.http.impl.conn.DefaultHttpClientConnectionOperator - Connection established 127.0.0.1:61110<->127.0.0.1:7058
DEBUG: org.apache.http.impl.conn.DefaultManagedHttpClientConnection - http-outgoing-320: set socket timeout to 10800000
DEBUG: org.apache.http.impl.execchain.MainClientExec - Executing request DELETE /hub/session/e37898b6-8e5c-334f-a9d7-5ee4f0651cdc/window HTTP/1.1
DEBUG: org.apache.http.impl.execchain.MainClientExec - Target auth state: UNCHALLENGED
DEBUG: org.apache.http.impl.execchain.MainClientExec - Proxy auth state: UNCHALLENGED
DEBUG: org.apache.http.headers - http-outgoing-320 >> DELETE /hub/session/e37898b6-8e5c-334f-a9d7-5ee4f0651cdc/window HTTP/1.1
DEBUG: org.apache.http.headers - http-outgoing-320 >> Host: 127.0.0.1:7058
DEBUG: org.apache.http.headers - http-outgoing-320 >> Connection: Keep-Alive
DEBUG: org.apache.http.headers - http-outgoing-320 >> User-Agent: Apache-HttpClient/4.5.2 (Java/1.7.0_79)
DEBUG: org.apache.http.headers - http-outgoing-320 >> Accept-Encoding: gzip,deflate
DEBUG: org.apache.http.wire - http-outgoing-320 >> "DELETE /hub/session/e37898b6-8e5c-334f-a9d7-5ee4f0651cdc/window HTTP/1.1[\r][\n]"
DEBUG: org.apache.http.wire - http-outgoing-320 >> "Host: 127.0.0.1:7058[\r][\n]"
DEBUG: org.apache.http.wire - http-outgoing-320 >> "Connection: Keep-Alive[\r][\n]"
DEBUG: org.apache.http.wire - http-outgoing-320 >> "User-Agent: Apache-HttpClient/4.5.2 (Java/1.7.0_79)[\r][\n]"
DEBUG: org.apache.http.wire - http-outgoing-320 >> "Accept-Encoding: gzip,deflate[\r][\n]"
DEBUG: org.apache.http.wire - http-outgoing-320 >> "[\r][\n]"
DEBUG: org.apache.http.wire - http-outgoing-320 << "HTTP/1.1 200 OK[\r][\n]"
DEBUG: org.apache.http.wire - http-outgoing-320 << "content-type: application/json; charset=UTF-8[\r][\n]"
DEBUG: org.apache.http.wire - http-outgoing-320 << "connection: close[\r][\n]"
DEBUG: org.apache.http.wire - http-outgoing-320 << "content-length: 89[\r][\n]"
DEBUG: org.apache.http.wire - http-outgoing-320 << "server: httpd.js[\r][\n]"
DEBUG: org.apache.http.wire - http-outgoing-320 << "date: Fri, 26 Aug 2016 09:43:07 GMT[\r][\n]"
DEBUG: org.apache.http.wire - http-outgoing-320 << "[\r][\n]"
DEBUG: org.apache.http.headers - http-outgoing-320 << HTTP/1.1 200 OK
DEBUG: org.apache.http.headers - http-outgoing-320 << content-type: application/json; charset=UTF-8
DEBUG: org.apache.http.headers - http-outgoing-320 << connection: close
DEBUG: org.apache.http.headers - http-outgoing-320 << content-length: 89
DEBUG: org.apache.http.headers - http-outgoing-320 << server: httpd.js
DEBUG: org.apache.http.headers - http-outgoing-320 << date: Fri, 26 Aug 2016 09:43:07 GMT
DEBUG: org.apache.http.wire - http-outgoing-320 << "{"name":"close","sessionId":"e37898b6-8e5c-334f-a9d7-5ee4f0651cdc","status":0,"value":""}"
DEBUG: org.apache.http.impl.conn.DefaultManagedHttpClientConnection - http-outgoing-320: Close connection
DEBUG: org.apache.http.impl.execchain.MainClientExec - Connection discarded
DEBUG: org.apache.http.impl.conn.PoolingHttpClientConnectionManager - Connection released: [id: 320][route: {}->http://127.0.0.1:7058][total kept alive: 0; route allocated: 0 of 2000; total allocated: 0 of 2000]
]]></system-out>
  <system-err><![CDATA[]]></system-err>
</testsuite>
