<?xml version="1.0" encoding="UTF-8"?>
<testsuite name="com.trailblazers.freewheelers.AccountTest" tests="2" skipped="0" failures="0" errors="0" timestamp="2016-08-26T09:42:44" hostname="CNcwzeng.local" time="7.93">
  <properties/>
  <testcase name="testCreateAccount" classname="com.trailblazers.freewheelers.AccountTest" time="5.174"/>
  <testcase name="testAccessRights" classname="com.trailblazers.freewheelers.AccountTest" time="2.755"/>
  <system-out><![CDATA[DEBUG: org.apache.http.client.protocol.RequestAddCookies - CookieSpec selected: default
DEBUG: org.apache.http.client.protocol.RequestAuthCache - Auth cache not set in the context
DEBUG: org.apache.http.impl.conn.PoolingHttpClientConnectionManager - Connection request: [route: {}->http://127.0.0.1:7055][total kept alive: 0; route allocated: 0 of 2000; total allocated: 0 of 2000]
DEBUG: org.apache.http.impl.conn.PoolingHttpClientConnectionManager - Connection leased: [id: 0][route: {}->http://127.0.0.1:7055][total kept alive: 0; route allocated: 1 of 2000; total allocated: 1 of 2000]
DEBUG: org.apache.http.impl.execchain.MainClientExec - Opening connection {}->http://127.0.0.1:7055
DEBUG: org.apache.http.impl.conn.DefaultHttpClientConnectionOperator - Connecting to /127.0.0.1:7055
DEBUG: org.apache.http.impl.conn.DefaultHttpClientConnectionOperator - Connection established 127.0.0.1:60633<->127.0.0.1:7055
DEBUG: org.apache.http.impl.conn.DefaultManagedHttpClientConnection - http-outgoing-0: set socket timeout to 10800000
DEBUG: org.apache.http.impl.execchain.MainClientExec - Executing request POST /hub/session HTTP/1.1
DEBUG: org.apache.http.impl.execchain.MainClientExec - Target auth state: UNCHALLENGED
DEBUG: org.apache.http.impl.execchain.MainClientExec - Proxy auth state: UNCHALLENGED
DEBUG: org.apache.http.headers - http-outgoing-0 >> POST /hub/session HTTP/1.1
DEBUG: org.apache.http.headers - http-outgoing-0 >> Content-Type: application/json; charset=utf-8
DEBUG: org.apache.http.headers - http-outgoing-0 >> Content-Length: 105
DEBUG: org.apache.http.headers - http-outgoing-0 >> Host: 127.0.0.1:7055
DEBUG: org.apache.http.headers - http-outgoing-0 >> Connection: Keep-Alive
DEBUG: org.apache.http.headers - http-outgoing-0 >> User-Agent: Apache-HttpClient/4.5.2 (Java/1.7.0_79)
DEBUG: org.apache.http.headers - http-outgoing-0 >> Accept-Encoding: gzip,deflate
DEBUG: org.apache.http.wire - http-outgoing-0 >> "POST /hub/session HTTP/1.1[\r][\n]"
DEBUG: org.apache.http.wire - http-outgoing-0 >> "Content-Type: application/json; charset=utf-8[\r][\n]"
DEBUG: org.apache.http.wire - http-outgoing-0 >> "Content-Length: 105[\r][\n]"
DEBUG: org.apache.http.wire - http-outgoing-0 >> "Host: 127.0.0.1:7055[\r][\n]"
DEBUG: org.apache.http.wire - http-outgoing-0 >> "Connection: Keep-Alive[\r][\n]"
DEBUG: org.apache.http.wire - http-outgoing-0 >> "User-Agent: Apache-HttpClient/4.5.2 (Java/1.7.0_79)[\r][\n]"
DEBUG: org.apache.http.wire - http-outgoing-0 >> "Accept-Encoding: gzip,deflate[\r][\n]"
DEBUG: org.apache.http.wire - http-outgoing-0 >> "[\r][\n]"
DEBUG: org.apache.http.wire - http-outgoing-0 >> "{"desiredCapabilities":{"platform":"ANY","browserName":"firefox","version":""},"requiredCapabilities":{}}"
DEBUG: org.apache.http.wire - http-outgoing-0 << "HTTP/1.1 200 OK[\r][\n]"
DEBUG: org.apache.http.wire - http-outgoing-0 << "content-type: application/json; charset=UTF-8[\r][\n]"
DEBUG: org.apache.http.wire - http-outgoing-0 << "connection: close[\r][\n]"
DEBUG: org.apache.http.wire - http-outgoing-0 << "content-length: 422[\r][\n]"
DEBUG: org.apache.http.wire - http-outgoing-0 << "server: httpd.js[\r][\n]"
DEBUG: org.apache.http.wire - http-outgoing-0 << "date: Fri, 26 Aug 2016 09:42:44 GMT[\r][\n]"
DEBUG: org.apache.http.wire - http-outgoing-0 << "[\r][\n]"
DEBUG: org.apache.http.headers - http-outgoing-0 << HTTP/1.1 200 OK
DEBUG: org.apache.http.headers - http-outgoing-0 << content-type: application/json; charset=UTF-8
DEBUG: org.apache.http.headers - http-outgoing-0 << connection: close
DEBUG: org.apache.http.headers - http-outgoing-0 << content-length: 422
DEBUG: org.apache.http.headers - http-outgoing-0 << server: httpd.js
DEBUG: org.apache.http.headers - http-outgoing-0 << date: Fri, 26 Aug 2016 09:42:44 GMT
DEBUG: org.apache.http.wire - http-outgoing-0 << "{"name":"newSession","sessionId":"ef37bd3e-2017-2940-a760-71d500ce28c2","status":0,"value":{"cssSelectorsEnabled":true,"browserName":"firefox","handlesAlerts":true,"javascriptEnabled":true,"nativeEvents":false,"platform":"Darwin","rotatable":false,"takesScreenshot":true,"version":"47.0.1","webStorageEnabled":true,"applicationCacheEnabled":true,"databaseEnabled":true,"locationContextEnabled":true,"acceptSslCerts":true}}"
DEBUG: org.apache.http.impl.conn.DefaultManagedHttpClientConnection - http-outgoing-0: Close connection
DEBUG: org.apache.http.impl.execchain.MainClientExec - Connection discarded
DEBUG: org.apache.http.impl.conn.PoolingHttpClientConnectionManager - Connection released: [id: 0][route: {}->http://127.0.0.1:7055][total kept alive: 0; route allocated: 0 of 2000; total allocated: 0 of 2000]
DEBUG: org.apache.http.client.protocol.RequestAddCookies - CookieSpec selected: default
DEBUG: org.apache.http.client.protocol.RequestAuthCache - Auth cache not set in the context
DEBUG: org.apache.http.impl.conn.PoolingHttpClientConnectionManager - Connection request: [route: {}->http://127.0.0.1:7055][total kept alive: 0; route allocated: 0 of 2000; total allocated: 0 of 2000]
DEBUG: org.apache.http.impl.conn.PoolingHttpClientConnectionManager - Connection leased: [id: 1][route: {}->http://127.0.0.1:7055][total kept alive: 0; route allocated: 1 of 2000; total allocated: 1 of 2000]
DEBUG: org.apache.http.impl.execchain.MainClientExec - Opening connection {}->http://127.0.0.1:7055
DEBUG: org.apache.http.impl.conn.DefaultHttpClientConnectionOperator - Connecting to /127.0.0.1:7055
DEBUG: org.apache.http.impl.conn.DefaultHttpClientConnectionOperator - Connection established 127.0.0.1:60635<->127.0.0.1:7055
DEBUG: org.apache.http.impl.conn.DefaultManagedHttpClientConnection - http-outgoing-1: set socket timeout to 10800000
DEBUG: org.apache.http.impl.execchain.MainClientExec - Executing request GET /hub/session/ef37bd3e-2017-2940-a760-71d500ce28c2/window_handle HTTP/1.1
DEBUG: org.apache.http.impl.execchain.MainClientExec - Target auth state: UNCHALLENGED
DEBUG: org.apache.http.impl.execchain.MainClientExec - Proxy auth state: UNCHALLENGED
DEBUG: org.apache.http.headers - http-outgoing-1 >> GET /hub/session/ef37bd3e-2017-2940-a760-71d500ce28c2/window_handle HTTP/1.1
DEBUG: org.apache.http.headers - http-outgoing-1 >> Cache-Control: no-cache
DEBUG: org.apache.http.headers - http-outgoing-1 >> Host: 127.0.0.1:7055
DEBUG: org.apache.http.headers - http-outgoing-1 >> Connection: Keep-Alive
DEBUG: org.apache.http.headers - http-outgoing-1 >> User-Agent: Apache-HttpClient/4.5.2 (Java/1.7.0_79)
DEBUG: org.apache.http.headers - http-outgoing-1 >> Accept-Encoding: gzip,deflate
DEBUG: org.apache.http.wire - http-outgoing-1 >> "GET /hub/session/ef37bd3e-2017-2940-a760-71d500ce28c2/window_handle HTTP/1.1[\r][\n]"
DEBUG: org.apache.http.wire - http-outgoing-1 >> "Cache-Control: no-cache[\r][\n]"
DEBUG: org.apache.http.wire - http-outgoing-1 >> "Host: 127.0.0.1:7055[\r][\n]"
DEBUG: org.apache.http.wire - http-outgoing-1 >> "Connection: Keep-Alive[\r][\n]"
DEBUG: org.apache.http.wire - http-outgoing-1 >> "User-Agent: Apache-HttpClient/4.5.2 (Java/1.7.0_79)[\r][\n]"
DEBUG: org.apache.http.wire - http-outgoing-1 >> "Accept-Encoding: gzip,deflate[\r][\n]"
DEBUG: org.apache.http.wire - http-outgoing-1 >> "[\r][\n]"
DEBUG: org.apache.http.wire - http-outgoing-1 << "HTTP/1.1 200 OK[\r][\n]"
DEBUG: org.apache.http.wire - http-outgoing-1 << "content-type: application/json; charset=UTF-8[\r][\n]"
DEBUG: org.apache.http.wire - http-outgoing-1 << "connection: close[\r][\n]"
DEBUG: org.apache.http.wire - http-outgoing-1 << "content-length: 144[\r][\n]"
DEBUG: org.apache.http.wire - http-outgoing-1 << "server: httpd.js[\r][\n]"
DEBUG: org.apache.http.wire - http-outgoing-1 << "date: Fri, 26 Aug 2016 09:42:44 GMT[\r][\n]"
DEBUG: org.apache.http.wire - http-outgoing-1 << "[\r][\n]"
DEBUG: org.apache.http.headers - http-outgoing-1 << HTTP/1.1 200 OK
DEBUG: org.apache.http.headers - http-outgoing-1 << content-type: application/json; charset=UTF-8
DEBUG: org.apache.http.headers - http-outgoing-1 << connection: close
DEBUG: org.apache.http.headers - http-outgoing-1 << content-length: 144
DEBUG: org.apache.http.headers - http-outgoing-1 << server: httpd.js
DEBUG: org.apache.http.headers - http-outgoing-1 << date: Fri, 26 Aug 2016 09:42:44 GMT
DEBUG: org.apache.http.wire - http-outgoing-1 << "{"name":"getCurrentWindowHandle","sessionId":"ef37bd3e-2017-2940-a760-71d500ce28c2","status":0,"value":"{0e4cb61b-790b-254a-829f-b4c89c134a35}"}"
DEBUG: org.apache.http.impl.conn.DefaultManagedHttpClientConnection - http-outgoing-1: Close connection
DEBUG: org.apache.http.impl.execchain.MainClientExec - Connection discarded
DEBUG: org.apache.http.impl.conn.PoolingHttpClientConnectionManager - Connection released: [id: 1][route: {}->http://127.0.0.1:7055][total kept alive: 0; route allocated: 0 of 2000; total allocated: 0 of 2000]
DEBUG: org.apache.http.client.protocol.RequestAddCookies - CookieSpec selected: default
DEBUG: org.apache.http.client.protocol.RequestAuthCache - Auth cache not set in the context
DEBUG: org.apache.http.impl.conn.PoolingHttpClientConnectionManager - Connection request: [route: {}->http://127.0.0.1:7055][total kept alive: 0; route allocated: 0 of 2000; total allocated: 0 of 2000]
DEBUG: org.apache.http.impl.conn.PoolingHttpClientConnectionManager - Connection leased: [id: 2][route: {}->http://127.0.0.1:7055][total kept alive: 0; route allocated: 1 of 2000; total allocated: 1 of 2000]
DEBUG: org.apache.http.impl.execchain.MainClientExec - Opening connection {}->http://127.0.0.1:7055
DEBUG: org.apache.http.impl.conn.DefaultHttpClientConnectionOperator - Connecting to /127.0.0.1:7055
DEBUG: org.apache.http.impl.conn.DefaultHttpClientConnectionOperator - Connection established 127.0.0.1:60636<->127.0.0.1:7055
DEBUG: org.apache.http.impl.conn.DefaultManagedHttpClientConnection - http-outgoing-2: set socket timeout to 10800000
DEBUG: org.apache.http.impl.execchain.MainClientExec - Executing request GET /hub/session/ef37bd3e-2017-2940-a760-71d500ce28c2/window_handle HTTP/1.1
DEBUG: org.apache.http.impl.execchain.MainClientExec - Target auth state: UNCHALLENGED
DEBUG: org.apache.http.impl.execchain.MainClientExec - Proxy auth state: UNCHALLENGED
DEBUG: org.apache.http.headers - http-outgoing-2 >> GET /hub/session/ef37bd3e-2017-2940-a760-71d500ce28c2/window_handle HTTP/1.1
DEBUG: org.apache.http.headers - http-outgoing-2 >> Cache-Control: no-cache
DEBUG: org.apache.http.headers - http-outgoing-2 >> Host: 127.0.0.1:7055
DEBUG: org.apache.http.headers - http-outgoing-2 >> Connection: Keep-Alive
DEBUG: org.apache.http.headers - http-outgoing-2 >> User-Agent: Apache-HttpClient/4.5.2 (Java/1.7.0_79)
DEBUG: org.apache.http.headers - http-outgoing-2 >> Accept-Encoding: gzip,deflate
DEBUG: org.apache.http.wire - http-outgoing-2 >> "GET /hub/session/ef37bd3e-2017-2940-a760-71d500ce28c2/window_handle HTTP/1.1[\r][\n]"
DEBUG: org.apache.http.wire - http-outgoing-2 >> "Cache-Control: no-cache[\r][\n]"
DEBUG: org.apache.http.wire - http-outgoing-2 >> "Host: 127.0.0.1:7055[\r][\n]"
DEBUG: org.apache.http.wire - http-outgoing-2 >> "Connection: Keep-Alive[\r][\n]"
DEBUG: org.apache.http.wire - http-outgoing-2 >> "User-Agent: Apache-HttpClient/4.5.2 (Java/1.7.0_79)[\r][\n]"
DEBUG: org.apache.http.wire - http-outgoing-2 >> "Accept-Encoding: gzip,deflate[\r][\n]"
DEBUG: org.apache.http.wire - http-outgoing-2 >> "[\r][\n]"
DEBUG: org.apache.http.wire - http-outgoing-2 << "HTTP/1.1 200 OK[\r][\n]"
DEBUG: org.apache.http.wire - http-outgoing-2 << "content-type: application/json; charset=UTF-8[\r][\n]"
DEBUG: org.apache.http.wire - http-outgoing-2 << "connection: close[\r][\n]"
DEBUG: org.apache.http.wire - http-outgoing-2 << "content-length: 144[\r][\n]"
DEBUG: org.apache.http.wire - http-outgoing-2 << "server: httpd.js[\r][\n]"
DEBUG: org.apache.http.wire - http-outgoing-2 << "date: Fri, 26 Aug 2016 09:42:44 GMT[\r][\n]"
DEBUG: org.apache.http.wire - http-outgoing-2 << "[\r][\n]"
DEBUG: org.apache.http.headers - http-outgoing-2 << HTTP/1.1 200 OK
DEBUG: org.apache.http.headers - http-outgoing-2 << content-type: application/json; charset=UTF-8
DEBUG: org.apache.http.headers - http-outgoing-2 << connection: close
DEBUG: org.apache.http.headers - http-outgoing-2 << content-length: 144
DEBUG: org.apache.http.headers - http-outgoing-2 << server: httpd.js
DEBUG: org.apache.http.headers - http-outgoing-2 << date: Fri, 26 Aug 2016 09:42:44 GMT
DEBUG: org.apache.http.wire - http-outgoing-2 << "{"name":"getCurrentWindowHandle","sessionId":"ef37bd3e-2017-2940-a760-71d500ce28c2","status":0,"value":"{0e4cb61b-790b-254a-829f-b4c89c134a35}"}"
DEBUG: org.apache.http.impl.conn.DefaultManagedHttpClientConnection - http-outgoing-2: Close connection
DEBUG: org.apache.http.impl.execchain.MainClientExec - Connection discarded
DEBUG: org.apache.http.impl.conn.PoolingHttpClientConnectionManager - Connection released: [id: 2][route: {}->http://127.0.0.1:7055][total kept alive: 0; route allocated: 0 of 2000; total allocated: 0 of 2000]
DEBUG: org.apache.http.client.protocol.RequestAddCookies - CookieSpec selected: default
DEBUG: org.apache.http.client.protocol.RequestAuthCache - Auth cache not set in the context
DEBUG: org.apache.http.impl.conn.PoolingHttpClientConnectionManager - Connection request: [route: {}->http://127.0.0.1:7055][total kept alive: 0; route allocated: 0 of 2000; total allocated: 0 of 2000]
DEBUG: org.apache.http.impl.conn.PoolingHttpClientConnectionManager - Connection leased: [id: 3][route: {}->http://127.0.0.1:7055][total kept alive: 0; route allocated: 1 of 2000; total allocated: 1 of 2000]
DEBUG: org.apache.http.impl.execchain.MainClientExec - Opening connection {}->http://127.0.0.1:7055
DEBUG: org.apache.http.impl.conn.DefaultHttpClientConnectionOperator - Connecting to /127.0.0.1:7055
DEBUG: org.apache.http.impl.conn.DefaultHttpClientConnectionOperator - Connection established 127.0.0.1:60637<->127.0.0.1:7055
DEBUG: org.apache.http.impl.conn.DefaultManagedHttpClientConnection - http-outgoing-3: set socket timeout to 10800000
DEBUG: org.apache.http.impl.execchain.MainClientExec - Executing request GET /hub/session/ef37bd3e-2017-2940-a760-71d500ce28c2/window_handle HTTP/1.1
DEBUG: org.apache.http.impl.execchain.MainClientExec - Target auth state: UNCHALLENGED
DEBUG: org.apache.http.impl.execchain.MainClientExec - Proxy auth state: UNCHALLENGED
DEBUG: org.apache.http.headers - http-outgoing-3 >> GET /hub/session/ef37bd3e-2017-2940-a760-71d500ce28c2/window_handle HTTP/1.1
DEBUG: org.apache.http.headers - http-outgoing-3 >> Cache-Control: no-cache
DEBUG: org.apache.http.headers - http-outgoing-3 >> Host: 127.0.0.1:7055
DEBUG: org.apache.http.headers - http-outgoing-3 >> Connection: Keep-Alive
DEBUG: org.apache.http.headers - http-outgoing-3 >> User-Agent: Apache-HttpClient/4.5.2 (Java/1.7.0_79)
DEBUG: org.apache.http.headers - http-outgoing-3 >> Accept-Encoding: gzip,deflate
DEBUG: org.apache.http.wire - http-outgoing-3 >> "GET /hub/session/ef37bd3e-2017-2940-a760-71d500ce28c2/window_handle HTTP/1.1[\r][\n]"
DEBUG: org.apache.http.wire - http-outgoing-3 >> "Cache-Control: no-cache[\r][\n]"
DEBUG: org.apache.http.wire - http-outgoing-3 >> "Host: 127.0.0.1:7055[\r][\n]"
DEBUG: org.apache.http.wire - http-outgoing-3 >> "Connection: Keep-Alive[\r][\n]"
DEBUG: org.apache.http.wire - http-outgoing-3 >> "User-Agent: Apache-HttpClient/4.5.2 (Java/1.7.0_79)[\r][\n]"
DEBUG: org.apache.http.wire - http-outgoing-3 >> "Accept-Encoding: gzip,deflate[\r][\n]"
DEBUG: org.apache.http.wire - http-outgoing-3 >> "[\r][\n]"
DEBUG: org.apache.http.wire - http-outgoing-3 << "HTTP/1.1 200 OK[\r][\n]"
DEBUG: org.apache.http.wire - http-outgoing-3 << "content-type: application/json; charset=UTF-8[\r][\n]"
DEBUG: org.apache.http.wire - http-outgoing-3 << "connection: close[\r][\n]"
DEBUG: org.apache.http.wire - http-outgoing-3 << "content-length: 144[\r][\n]"
DEBUG: org.apache.http.wire - http-outgoing-3 << "server: httpd.js[\r][\n]"
DEBUG: org.apache.http.wire - http-outgoing-3 << "date: Fri, 26 Aug 2016 09:42:44 GMT[\r][\n]"
DEBUG: org.apache.http.wire - http-outgoing-3 << "[\r][\n]"
DEBUG: org.apache.http.headers - http-outgoing-3 << HTTP/1.1 200 OK
DEBUG: org.apache.http.headers - http-outgoing-3 << content-type: application/json; charset=UTF-8
DEBUG: org.apache.http.headers - http-outgoing-3 << connection: close
DEBUG: org.apache.http.headers - http-outgoing-3 << content-length: 144
DEBUG: org.apache.http.headers - http-outgoing-3 << server: httpd.js
DEBUG: org.apache.http.headers - http-outgoing-3 << date: Fri, 26 Aug 2016 09:42:44 GMT
DEBUG: org.apache.http.wire - http-outgoing-3 << "{"name":"getCurrentWindowHandle","sessionId":"ef37bd3e-2017-2940-a760-71d500ce28c2","status":0,"value":"{0e4cb61b-790b-254a-829f-b4c89c134a35}"}"
DEBUG: org.apache.http.impl.conn.DefaultManagedHttpClientConnection - http-outgoing-3: Close connection
DEBUG: org.apache.http.impl.execchain.MainClientExec - Connection discarded
DEBUG: org.apache.http.impl.conn.PoolingHttpClientConnectionManager - Connection released: [id: 3][route: {}->http://127.0.0.1:7055][total kept alive: 0; route allocated: 0 of 2000; total allocated: 0 of 2000]
DEBUG: org.apache.http.client.protocol.RequestAddCookies - CookieSpec selected: default
DEBUG: org.apache.http.client.protocol.RequestAuthCache - Auth cache not set in the context
DEBUG: org.apache.http.impl.conn.PoolingHttpClientConnectionManager - Connection request: [route: {}->http://127.0.0.1:7055][total kept alive: 0; route allocated: 0 of 2000; total allocated: 0 of 2000]
DEBUG: org.apache.http.impl.conn.PoolingHttpClientConnectionManager - Connection leased: [id: 4][route: {}->http://127.0.0.1:7055][total kept alive: 0; route allocated: 1 of 2000; total allocated: 1 of 2000]
DEBUG: org.apache.http.impl.execchain.MainClientExec - Opening connection {}->http://127.0.0.1:7055
DEBUG: org.apache.http.impl.conn.DefaultHttpClientConnectionOperator - Connecting to /127.0.0.1:7055
DEBUG: org.apache.http.impl.conn.DefaultHttpClientConnectionOperator - Connection established 127.0.0.1:60639<->127.0.0.1:7055
DEBUG: org.apache.http.impl.conn.DefaultManagedHttpClientConnection - http-outgoing-4: set socket timeout to 10800000
DEBUG: org.apache.http.impl.execchain.MainClientExec - Executing request POST /hub/session/ef37bd3e-2017-2940-a760-71d500ce28c2/url HTTP/1.1
DEBUG: org.apache.http.impl.execchain.MainClientExec - Target auth state: UNCHALLENGED
DEBUG: org.apache.http.impl.execchain.MainClientExec - Proxy auth state: UNCHALLENGED
DEBUG: org.apache.http.headers - http-outgoing-4 >> POST /hub/session/ef37bd3e-2017-2940-a760-71d500ce28c2/url HTTP/1.1
DEBUG: org.apache.http.headers - http-outgoing-4 >> Content-Type: application/json; charset=utf-8
DEBUG: org.apache.http.headers - http-outgoing-4 >> Content-Length: 38
DEBUG: org.apache.http.headers - http-outgoing-4 >> Host: 127.0.0.1:7055
DEBUG: org.apache.http.headers - http-outgoing-4 >> Connection: Keep-Alive
DEBUG: org.apache.http.headers - http-outgoing-4 >> User-Agent: Apache-HttpClient/4.5.2 (Java/1.7.0_79)
DEBUG: org.apache.http.headers - http-outgoing-4 >> Accept-Encoding: gzip,deflate
DEBUG: org.apache.http.wire - http-outgoing-4 >> "POST /hub/session/ef37bd3e-2017-2940-a760-71d500ce28c2/url HTTP/1.1[\r][\n]"
DEBUG: org.apache.http.wire - http-outgoing-4 >> "Content-Type: application/json; charset=utf-8[\r][\n]"
DEBUG: org.apache.http.wire - http-outgoing-4 >> "Content-Length: 38[\r][\n]"
DEBUG: org.apache.http.wire - http-outgoing-4 >> "Host: 127.0.0.1:7055[\r][\n]"
DEBUG: org.apache.http.wire - http-outgoing-4 >> "Connection: Keep-Alive[\r][\n]"
DEBUG: org.apache.http.wire - http-outgoing-4 >> "User-Agent: Apache-HttpClient/4.5.2 (Java/1.7.0_79)[\r][\n]"
DEBUG: org.apache.http.wire - http-outgoing-4 >> "Accept-Encoding: gzip,deflate[\r][\n]"
DEBUG: org.apache.http.wire - http-outgoing-4 >> "[\r][\n]"
DEBUG: org.apache.http.wire - http-outgoing-4 >> "{"url":"http://localhost:8080/logout"}"
DEBUG: org.apache.http.wire - http-outgoing-4 << "HTTP/1.1 200 OK[\r][\n]"
DEBUG: org.apache.http.wire - http-outgoing-4 << "content-type: application/json; charset=UTF-8[\r][\n]"
DEBUG: org.apache.http.wire - http-outgoing-4 << "connection: close[\r][\n]"
DEBUG: org.apache.http.wire - http-outgoing-4 << "content-length: 87[\r][\n]"
DEBUG: org.apache.http.wire - http-outgoing-4 << "server: httpd.js[\r][\n]"
DEBUG: org.apache.http.wire - http-outgoing-4 << "date: Fri, 26 Aug 2016 09:42:46 GMT[\r][\n]"
DEBUG: org.apache.http.wire - http-outgoing-4 << "[\r][\n]"
DEBUG: org.apache.http.headers - http-outgoing-4 << HTTP/1.1 200 OK
DEBUG: org.apache.http.headers - http-outgoing-4 << content-type: application/json; charset=UTF-8
DEBUG: org.apache.http.headers - http-outgoing-4 << connection: close
DEBUG: org.apache.http.headers - http-outgoing-4 << content-length: 87
DEBUG: org.apache.http.headers - http-outgoing-4 << server: httpd.js
DEBUG: org.apache.http.headers - http-outgoing-4 << date: Fri, 26 Aug 2016 09:42:46 GMT
DEBUG: org.apache.http.wire - http-outgoing-4 << "{"name":"get","sessionId":"ef37bd3e-2017-2940-a760-71d500ce28c2","status":0,"value":""}"
DEBUG: org.apache.http.impl.conn.DefaultManagedHttpClientConnection - http-outgoing-4: Close connection
DEBUG: org.apache.http.impl.execchain.MainClientExec - Connection discarded
DEBUG: org.apache.http.impl.conn.PoolingHttpClientConnectionManager - Connection released: [id: 4][route: {}->http://127.0.0.1:7055][total kept alive: 0; route allocated: 0 of 2000; total allocated: 0 of 2000]
DEBUG: org.apache.http.client.protocol.RequestAddCookies - CookieSpec selected: default
DEBUG: org.apache.http.client.protocol.RequestAuthCache - Auth cache not set in the context
DEBUG: org.apache.http.impl.conn.PoolingHttpClientConnectionManager - Connection request: [route: {}->http://127.0.0.1:7055][total kept alive: 0; route allocated: 0 of 2000; total allocated: 0 of 2000]
DEBUG: org.apache.http.impl.conn.PoolingHttpClientConnectionManager - Connection leased: [id: 5][route: {}->http://127.0.0.1:7055][total kept alive: 0; route allocated: 1 of 2000; total allocated: 1 of 2000]
DEBUG: org.apache.http.impl.execchain.MainClientExec - Opening connection {}->http://127.0.0.1:7055
DEBUG: org.apache.http.impl.conn.DefaultHttpClientConnectionOperator - Connecting to /127.0.0.1:7055
DEBUG: org.apache.http.impl.conn.DefaultHttpClientConnectionOperator - Connection established 127.0.0.1:60648<->127.0.0.1:7055
DEBUG: org.apache.http.impl.conn.DefaultManagedHttpClientConnection - http-outgoing-5: set socket timeout to 10800000
DEBUG: org.apache.http.impl.execchain.MainClientExec - Executing request POST /hub/session/ef37bd3e-2017-2940-a760-71d500ce28c2/element HTTP/1.1
DEBUG: org.apache.http.impl.execchain.MainClientExec - Target auth state: UNCHALLENGED
DEBUG: org.apache.http.impl.execchain.MainClientExec - Proxy auth state: UNCHALLENGED
DEBUG: org.apache.http.headers - http-outgoing-5 >> POST /hub/session/ef37bd3e-2017-2940-a760-71d500ce28c2/element HTTP/1.1
DEBUG: org.apache.http.headers - http-outgoing-5 >> Content-Type: application/json; charset=utf-8
DEBUG: org.apache.http.headers - http-outgoing-5 >> Content-Length: 38
DEBUG: org.apache.http.headers - http-outgoing-5 >> Host: 127.0.0.1:7055
DEBUG: org.apache.http.headers - http-outgoing-5 >> Connection: Keep-Alive
DEBUG: org.apache.http.headers - http-outgoing-5 >> User-Agent: Apache-HttpClient/4.5.2 (Java/1.7.0_79)
DEBUG: org.apache.http.headers - http-outgoing-5 >> Accept-Encoding: gzip,deflate
DEBUG: org.apache.http.wire - http-outgoing-5 >> "POST /hub/session/ef37bd3e-2017-2940-a760-71d500ce28c2/element HTTP/1.1[\r][\n]"
DEBUG: org.apache.http.wire - http-outgoing-5 >> "Content-Type: application/json; charset=utf-8[\r][\n]"
DEBUG: org.apache.http.wire - http-outgoing-5 >> "Content-Length: 38[\r][\n]"
DEBUG: org.apache.http.wire - http-outgoing-5 >> "Host: 127.0.0.1:7055[\r][\n]"
DEBUG: org.apache.http.wire - http-outgoing-5 >> "Connection: Keep-Alive[\r][\n]"
DEBUG: org.apache.http.wire - http-outgoing-5 >> "User-Agent: Apache-HttpClient/4.5.2 (Java/1.7.0_79)[\r][\n]"
DEBUG: org.apache.http.wire - http-outgoing-5 >> "Accept-Encoding: gzip,deflate[\r][\n]"
DEBUG: org.apache.http.wire - http-outgoing-5 >> "[\r][\n]"
DEBUG: org.apache.http.wire - http-outgoing-5 >> "{"using":"link text","value":"Logout"}"
DEBUG: org.apache.http.wire - http-outgoing-5 << "HTTP/1.1 200 OK[\r][\n]"
DEBUG: org.apache.http.wire - http-outgoing-5 << "content-type: application/json; charset=UTF-8[\r][\n]"
DEBUG: org.apache.http.wire - http-outgoing-5 << "connection: close[\r][\n]"
DEBUG: org.apache.http.wire - http-outgoing-5 << "content-length: 224[\r][\n]"
DEBUG: org.apache.http.wire - http-outgoing-5 << "server: httpd.js[\r][\n]"
DEBUG: org.apache.http.wire - http-outgoing-5 << "date: Fri, 26 Aug 2016 09:42:46 GMT[\r][\n]"
DEBUG: org.apache.http.wire - http-outgoing-5 << "[\r][\n]"
DEBUG: org.apache.http.headers - http-outgoing-5 << HTTP/1.1 200 OK
DEBUG: org.apache.http.headers - http-outgoing-5 << content-type: application/json; charset=UTF-8
DEBUG: org.apache.http.headers - http-outgoing-5 << connection: close
DEBUG: org.apache.http.headers - http-outgoing-5 << content-length: 224
DEBUG: org.apache.http.headers - http-outgoing-5 << server: httpd.js
DEBUG: org.apache.http.headers - http-outgoing-5 << date: Fri, 26 Aug 2016 09:42:46 GMT
DEBUG: org.apache.http.wire - http-outgoing-5 << "{"name":"findElement","sessionId":"ef37bd3e-2017-2940-a760-71d500ce28c2","status":0,"value":{"ELEMENT":"{8e11ea2d-50f4-9049-aa5f-077dca0c1a7d}","element-6066-11e4-a52e-4f735466cecf":"{8e11ea2d-50f4-9049-aa5f-077dca0c1a7d}"}}"
DEBUG: org.apache.http.impl.conn.DefaultManagedHttpClientConnection - http-outgoing-5: Close connection
DEBUG: org.apache.http.impl.execchain.MainClientExec - Connection discarded
DEBUG: org.apache.http.impl.conn.PoolingHttpClientConnectionManager - Connection released: [id: 5][route: {}->http://127.0.0.1:7055][total kept alive: 0; route allocated: 0 of 2000; total allocated: 0 of 2000]
DEBUG: org.apache.http.client.protocol.RequestAddCookies - CookieSpec selected: default
DEBUG: org.apache.http.client.protocol.RequestAuthCache - Auth cache not set in the context
DEBUG: org.apache.http.impl.conn.PoolingHttpClientConnectionManager - Connection request: [route: {}->http://127.0.0.1:7055][total kept alive: 0; route allocated: 0 of 2000; total allocated: 0 of 2000]
DEBUG: org.apache.http.impl.conn.PoolingHttpClientConnectionManager - Connection leased: [id: 6][route: {}->http://127.0.0.1:7055][total kept alive: 0; route allocated: 1 of 2000; total allocated: 1 of 2000]
DEBUG: org.apache.http.impl.execchain.MainClientExec - Opening connection {}->http://127.0.0.1:7055
DEBUG: org.apache.http.impl.conn.DefaultHttpClientConnectionOperator - Connecting to /127.0.0.1:7055
DEBUG: org.apache.http.impl.conn.DefaultHttpClientConnectionOperator - Connection established 127.0.0.1:60649<->127.0.0.1:7055
DEBUG: org.apache.http.impl.conn.DefaultManagedHttpClientConnection - http-outgoing-6: set socket timeout to 10800000
DEBUG: org.apache.http.impl.execchain.MainClientExec - Executing request POST /hub/session/ef37bd3e-2017-2940-a760-71d500ce28c2/element/%7B8e11ea2d-50f4-9049-aa5f-077dca0c1a7d%7D/click HTTP/1.1
DEBUG: org.apache.http.impl.execchain.MainClientExec - Target auth state: UNCHALLENGED
DEBUG: org.apache.http.impl.execchain.MainClientExec - Proxy auth state: UNCHALLENGED
DEBUG: org.apache.http.headers - http-outgoing-6 >> POST /hub/session/ef37bd3e-2017-2940-a760-71d500ce28c2/element/%7B8e11ea2d-50f4-9049-aa5f-077dca0c1a7d%7D/click HTTP/1.1
DEBUG: org.apache.http.headers - http-outgoing-6 >> Content-Type: application/json; charset=utf-8
DEBUG: org.apache.http.headers - http-outgoing-6 >> Content-Length: 47
DEBUG: org.apache.http.headers - http-outgoing-6 >> Host: 127.0.0.1:7055
DEBUG: org.apache.http.headers - http-outgoing-6 >> Connection: Keep-Alive
DEBUG: org.apache.http.headers - http-outgoing-6 >> User-Agent: Apache-HttpClient/4.5.2 (Java/1.7.0_79)
DEBUG: org.apache.http.headers - http-outgoing-6 >> Accept-Encoding: gzip,deflate
DEBUG: org.apache.http.wire - http-outgoing-6 >> "POST /hub/session/ef37bd3e-2017-2940-a760-71d500ce28c2/element/%7B8e11ea2d-50f4-9049-aa5f-077dca0c1a7d%7D/click HTTP/1.1[\r][\n]"
DEBUG: org.apache.http.wire - http-outgoing-6 >> "Content-Type: application/json; charset=utf-8[\r][\n]"
DEBUG: org.apache.http.wire - http-outgoing-6 >> "Content-Length: 47[\r][\n]"
DEBUG: org.apache.http.wire - http-outgoing-6 >> "Host: 127.0.0.1:7055[\r][\n]"
DEBUG: org.apache.http.wire - http-outgoing-6 >> "Connection: Keep-Alive[\r][\n]"
DEBUG: org.apache.http.wire - http-outgoing-6 >> "User-Agent: Apache-HttpClient/4.5.2 (Java/1.7.0_79)[\r][\n]"
DEBUG: org.apache.http.wire - http-outgoing-6 >> "Accept-Encoding: gzip,deflate[\r][\n]"
DEBUG: org.apache.http.wire - http-outgoing-6 >> "[\r][\n]"
DEBUG: org.apache.http.wire - http-outgoing-6 >> "{"id":"{8e11ea2d-50f4-9049-aa5f-077dca0c1a7d}"}"
DEBUG: org.apache.http.wire - http-outgoing-6 << "HTTP/1.1 200 OK[\r][\n]"
DEBUG: org.apache.http.wire - http-outgoing-6 << "content-type: application/json; charset=UTF-8[\r][\n]"
DEBUG: org.apache.http.wire - http-outgoing-6 << "connection: close[\r][\n]"
DEBUG: org.apache.http.wire - http-outgoing-6 << "content-length: 98[\r][\n]"
DEBUG: org.apache.http.wire - http-outgoing-6 << "server: httpd.js[\r][\n]"
DEBUG: org.apache.http.wire - http-outgoing-6 << "date: Fri, 26 Aug 2016 09:42:46 GMT[\r][\n]"
DEBUG: org.apache.http.wire - http-outgoing-6 << "[\r][\n]"
DEBUG: org.apache.http.headers - http-outgoing-6 << HTTP/1.1 200 OK
DEBUG: org.apache.http.headers - http-outgoing-6 << content-type: application/json; charset=UTF-8
DEBUG: org.apache.http.headers - http-outgoing-6 << connection: close
DEBUG: org.apache.http.headers - http-outgoing-6 << content-length: 98
DEBUG: org.apache.http.headers - http-outgoing-6 << server: httpd.js
DEBUG: org.apache.http.headers - http-outgoing-6 << date: Fri, 26 Aug 2016 09:42:46 GMT
DEBUG: org.apache.http.wire - http-outgoing-6 << "{"name":"clickElement","sessionId":"ef37bd3e-2017-2940-a760-71d500ce28c2","status":0,"value":"ok"}"
DEBUG: org.apache.http.impl.conn.DefaultManagedHttpClientConnection - http-outgoing-6: Close connection
DEBUG: org.apache.http.impl.execchain.MainClientExec - Connection discarded
DEBUG: org.apache.http.impl.conn.PoolingHttpClientConnectionManager - Connection released: [id: 6][route: {}->http://127.0.0.1:7055][total kept alive: 0; route allocated: 0 of 2000; total allocated: 0 of 2000]
DEBUG: org.apache.http.client.protocol.RequestAddCookies - CookieSpec selected: default
DEBUG: org.apache.http.client.protocol.RequestAuthCache - Auth cache not set in the context
DEBUG: org.apache.http.impl.conn.PoolingHttpClientConnectionManager - Connection request: [route: {}->http://127.0.0.1:7055][total kept alive: 0; route allocated: 0 of 2000; total allocated: 0 of 2000]
DEBUG: org.apache.http.impl.conn.PoolingHttpClientConnectionManager - Connection leased: [id: 7][route: {}->http://127.0.0.1:7055][total kept alive: 0; route allocated: 1 of 2000; total allocated: 1 of 2000]
DEBUG: org.apache.http.impl.execchain.MainClientExec - Opening connection {}->http://127.0.0.1:7055
DEBUG: org.apache.http.impl.conn.DefaultHttpClientConnectionOperator - Connecting to /127.0.0.1:7055
DEBUG: org.apache.http.impl.conn.DefaultHttpClientConnectionOperator - Connection established 127.0.0.1:60652<->127.0.0.1:7055
DEBUG: org.apache.http.impl.conn.DefaultManagedHttpClientConnection - http-outgoing-7: set socket timeout to 10800000
DEBUG: org.apache.http.impl.execchain.MainClientExec - Executing request POST /hub/session/ef37bd3e-2017-2940-a760-71d500ce28c2/url HTTP/1.1
DEBUG: org.apache.http.impl.execchain.MainClientExec - Target auth state: UNCHALLENGED
DEBUG: org.apache.http.impl.execchain.MainClientExec - Proxy auth state: UNCHALLENGED
DEBUG: org.apache.http.headers - http-outgoing-7 >> POST /hub/session/ef37bd3e-2017-2940-a760-71d500ce28c2/url HTTP/1.1
DEBUG: org.apache.http.headers - http-outgoing-7 >> Content-Type: application/json; charset=utf-8
DEBUG: org.apache.http.headers - http-outgoing-7 >> Content-Length: 37
DEBUG: org.apache.http.headers - http-outgoing-7 >> Host: 127.0.0.1:7055
DEBUG: org.apache.http.headers - http-outgoing-7 >> Connection: Keep-Alive
DEBUG: org.apache.http.headers - http-outgoing-7 >> User-Agent: Apache-HttpClient/4.5.2 (Java/1.7.0_79)
DEBUG: org.apache.http.headers - http-outgoing-7 >> Accept-Encoding: gzip,deflate
DEBUG: org.apache.http.wire - http-outgoing-7 >> "POST /hub/session/ef37bd3e-2017-2940-a760-71d500ce28c2/url HTTP/1.1[\r][\n]"
DEBUG: org.apache.http.wire - http-outgoing-7 >> "Content-Type: application/json; charset=utf-8[\r][\n]"
DEBUG: org.apache.http.wire - http-outgoing-7 >> "Content-Length: 37[\r][\n]"
DEBUG: org.apache.http.wire - http-outgoing-7 >> "Host: 127.0.0.1:7055[\r][\n]"
DEBUG: org.apache.http.wire - http-outgoing-7 >> "Connection: Keep-Alive[\r][\n]"
DEBUG: org.apache.http.wire - http-outgoing-7 >> "User-Agent: Apache-HttpClient/4.5.2 (Java/1.7.0_79)[\r][\n]"
DEBUG: org.apache.http.wire - http-outgoing-7 >> "Accept-Encoding: gzip,deflate[\r][\n]"
DEBUG: org.apache.http.wire - http-outgoing-7 >> "[\r][\n]"
DEBUG: org.apache.http.wire - http-outgoing-7 >> "{"url":"http://localhost:8080/login"}"
DEBUG: org.apache.http.wire - http-outgoing-7 << "HTTP/1.1 200 OK[\r][\n]"
DEBUG: org.apache.http.wire - http-outgoing-7 << "content-type: application/json; charset=UTF-8[\r][\n]"
DEBUG: org.apache.http.wire - http-outgoing-7 << "connection: close[\r][\n]"
DEBUG: org.apache.http.wire - http-outgoing-7 << "content-length: 87[\r][\n]"
DEBUG: org.apache.http.wire - http-outgoing-7 << "server: httpd.js[\r][\n]"
DEBUG: org.apache.http.wire - http-outgoing-7 << "date: Fri, 26 Aug 2016 09:42:46 GMT[\r][\n]"
DEBUG: org.apache.http.wire - http-outgoing-7 << "[\r][\n]"
DEBUG: org.apache.http.headers - http-outgoing-7 << HTTP/1.1 200 OK
DEBUG: org.apache.http.headers - http-outgoing-7 << content-type: application/json; charset=UTF-8
DEBUG: org.apache.http.headers - http-outgoing-7 << connection: close
DEBUG: org.apache.http.headers - http-outgoing-7 << content-length: 87
DEBUG: org.apache.http.headers - http-outgoing-7 << server: httpd.js
DEBUG: org.apache.http.headers - http-outgoing-7 << date: Fri, 26 Aug 2016 09:42:46 GMT
DEBUG: org.apache.http.wire - http-outgoing-7 << "{"name":"get","sessionId":"ef37bd3e-2017-2940-a760-71d500ce28c2","status":0,"value":""}"
DEBUG: org.apache.http.impl.conn.DefaultManagedHttpClientConnection - http-outgoing-7: Close connection
DEBUG: org.apache.http.impl.execchain.MainClientExec - Connection discarded
DEBUG: org.apache.http.impl.conn.PoolingHttpClientConnectionManager - Connection released: [id: 7][route: {}->http://127.0.0.1:7055][total kept alive: 0; route allocated: 0 of 2000; total allocated: 0 of 2000]
DEBUG: org.apache.http.client.protocol.RequestAddCookies - CookieSpec selected: default
DEBUG: org.apache.http.client.protocol.RequestAuthCache - Auth cache not set in the context
DEBUG: org.apache.http.impl.conn.PoolingHttpClientConnectionManager - Connection request: [route: {}->http://127.0.0.1:7055][total kept alive: 0; route allocated: 0 of 2000; total allocated: 0 of 2000]
DEBUG: org.apache.http.impl.conn.PoolingHttpClientConnectionManager - Connection leased: [id: 8][route: {}->http://127.0.0.1:7055][total kept alive: 0; route allocated: 1 of 2000; total allocated: 1 of 2000]
DEBUG: org.apache.http.impl.execchain.MainClientExec - Opening connection {}->http://127.0.0.1:7055
DEBUG: org.apache.http.impl.conn.DefaultHttpClientConnectionOperator - Connecting to /127.0.0.1:7055
DEBUG: org.apache.http.impl.conn.DefaultHttpClientConnectionOperator - Connection established 127.0.0.1:60654<->127.0.0.1:7055
DEBUG: org.apache.http.impl.conn.DefaultManagedHttpClientConnection - http-outgoing-8: set socket timeout to 10800000
DEBUG: org.apache.http.impl.execchain.MainClientExec - Executing request POST /hub/session/ef37bd3e-2017-2940-a760-71d500ce28c2/element HTTP/1.1
DEBUG: org.apache.http.impl.execchain.MainClientExec - Target auth state: UNCHALLENGED
DEBUG: org.apache.http.impl.execchain.MainClientExec - Proxy auth state: UNCHALLENGED
DEBUG: org.apache.http.headers - http-outgoing-8 >> POST /hub/session/ef37bd3e-2017-2940-a760-71d500ce28c2/element HTTP/1.1
DEBUG: org.apache.http.headers - http-outgoing-8 >> Content-Type: application/json; charset=utf-8
DEBUG: org.apache.http.headers - http-outgoing-8 >> Content-Length: 37
DEBUG: org.apache.http.headers - http-outgoing-8 >> Host: 127.0.0.1:7055
DEBUG: org.apache.http.headers - http-outgoing-8 >> Connection: Keep-Alive
DEBUG: org.apache.http.headers - http-outgoing-8 >> User-Agent: Apache-HttpClient/4.5.2 (Java/1.7.0_79)
DEBUG: org.apache.http.headers - http-outgoing-8 >> Accept-Encoding: gzip,deflate
DEBUG: org.apache.http.wire - http-outgoing-8 >> "POST /hub/session/ef37bd3e-2017-2940-a760-71d500ce28c2/element HTTP/1.1[\r][\n]"
DEBUG: org.apache.http.wire - http-outgoing-8 >> "Content-Type: application/json; charset=utf-8[\r][\n]"
DEBUG: org.apache.http.wire - http-outgoing-8 >> "Content-Length: 37[\r][\n]"
DEBUG: org.apache.http.wire - http-outgoing-8 >> "Host: 127.0.0.1:7055[\r][\n]"
DEBUG: org.apache.http.wire - http-outgoing-8 >> "Connection: Keep-Alive[\r][\n]"
DEBUG: org.apache.http.wire - http-outgoing-8 >> "User-Agent: Apache-HttpClient/4.5.2 (Java/1.7.0_79)[\r][\n]"
DEBUG: org.apache.http.wire - http-outgoing-8 >> "Accept-Encoding: gzip,deflate[\r][\n]"
DEBUG: org.apache.http.wire - http-outgoing-8 >> "[\r][\n]"
DEBUG: org.apache.http.wire - http-outgoing-8 >> "{"using":"name","value":"j_username"}"
DEBUG: org.apache.http.wire - http-outgoing-8 << "HTTP/1.1 200 OK[\r][\n]"
DEBUG: org.apache.http.wire - http-outgoing-8 << "content-type: application/json; charset=UTF-8[\r][\n]"
DEBUG: org.apache.http.wire - http-outgoing-8 << "connection: close[\r][\n]"
DEBUG: org.apache.http.wire - http-outgoing-8 << "content-length: 224[\r][\n]"
DEBUG: org.apache.http.wire - http-outgoing-8 << "server: httpd.js[\r][\n]"
DEBUG: org.apache.http.wire - http-outgoing-8 << "date: Fri, 26 Aug 2016 09:42:46 GMT[\r][\n]"
DEBUG: org.apache.http.wire - http-outgoing-8 << "[\r][\n]"
DEBUG: org.apache.http.headers - http-outgoing-8 << HTTP/1.1 200 OK
DEBUG: org.apache.http.headers - http-outgoing-8 << content-type: application/json; charset=UTF-8
DEBUG: org.apache.http.headers - http-outgoing-8 << connection: close
DEBUG: org.apache.http.headers - http-outgoing-8 << content-length: 224
DEBUG: org.apache.http.headers - http-outgoing-8 << server: httpd.js
DEBUG: org.apache.http.headers - http-outgoing-8 << date: Fri, 26 Aug 2016 09:42:46 GMT
DEBUG: org.apache.http.wire - http-outgoing-8 << "{"name":"findElement","sessionId":"ef37bd3e-2017-2940-a760-71d500ce28c2","status":0,"value":{"ELEMENT":"{b29af823-4bcd-2345-b2bf-d21cd35c1e51}","element-6066-11e4-a52e-4f735466cecf":"{b29af823-4bcd-2345-b2bf-d21cd35c1e51}"}}"
DEBUG: org.apache.http.impl.conn.DefaultManagedHttpClientConnection - http-outgoing-8: Close connection
DEBUG: org.apache.http.impl.execchain.MainClientExec - Connection discarded
DEBUG: org.apache.http.impl.conn.PoolingHttpClientConnectionManager - Connection released: [id: 8][route: {}->http://127.0.0.1:7055][total kept alive: 0; route allocated: 0 of 2000; total allocated: 0 of 2000]
DEBUG: org.apache.http.client.protocol.RequestAddCookies - CookieSpec selected: default
DEBUG: org.apache.http.client.protocol.RequestAuthCache - Auth cache not set in the context
DEBUG: org.apache.http.impl.conn.PoolingHttpClientConnectionManager - Connection request: [route: {}->http://127.0.0.1:7055][total kept alive: 0; route allocated: 0 of 2000; total allocated: 0 of 2000]
DEBUG: org.apache.http.impl.conn.PoolingHttpClientConnectionManager - Connection leased: [id: 9][route: {}->http://127.0.0.1:7055][total kept alive: 0; route allocated: 1 of 2000; total allocated: 1 of 2000]
DEBUG: org.apache.http.impl.execchain.MainClientExec - Opening connection {}->http://127.0.0.1:7055
DEBUG: org.apache.http.impl.conn.DefaultHttpClientConnectionOperator - Connecting to /127.0.0.1:7055
DEBUG: org.apache.http.impl.conn.DefaultHttpClientConnectionOperator - Connection established 127.0.0.1:60655<->127.0.0.1:7055
DEBUG: org.apache.http.impl.conn.DefaultManagedHttpClientConnection - http-outgoing-9: set socket timeout to 10800000
DEBUG: org.apache.http.impl.execchain.MainClientExec - Executing request POST /hub/session/ef37bd3e-2017-2940-a760-71d500ce28c2/element HTTP/1.1
DEBUG: org.apache.http.impl.execchain.MainClientExec - Target auth state: UNCHALLENGED
DEBUG: org.apache.http.impl.execchain.MainClientExec - Proxy auth state: UNCHALLENGED
DEBUG: org.apache.http.headers - http-outgoing-9 >> POST /hub/session/ef37bd3e-2017-2940-a760-71d500ce28c2/element HTTP/1.1
DEBUG: org.apache.http.headers - http-outgoing-9 >> Content-Type: application/json; charset=utf-8
DEBUG: org.apache.http.headers - http-outgoing-9 >> Content-Length: 37
DEBUG: org.apache.http.headers - http-outgoing-9 >> Host: 127.0.0.1:7055
DEBUG: org.apache.http.headers - http-outgoing-9 >> Connection: Keep-Alive
DEBUG: org.apache.http.headers - http-outgoing-9 >> User-Agent: Apache-HttpClient/4.5.2 (Java/1.7.0_79)
DEBUG: org.apache.http.headers - http-outgoing-9 >> Accept-Encoding: gzip,deflate
DEBUG: org.apache.http.wire - http-outgoing-9 >> "POST /hub/session/ef37bd3e-2017-2940-a760-71d500ce28c2/element HTTP/1.1[\r][\n]"
DEBUG: org.apache.http.wire - http-outgoing-9 >> "Content-Type: application/json; charset=utf-8[\r][\n]"
DEBUG: org.apache.http.wire - http-outgoing-9 >> "Content-Length: 37[\r][\n]"
DEBUG: org.apache.http.wire - http-outgoing-9 >> "Host: 127.0.0.1:7055[\r][\n]"
DEBUG: org.apache.http.wire - http-outgoing-9 >> "Connection: Keep-Alive[\r][\n]"
DEBUG: org.apache.http.wire - http-outgoing-9 >> "User-Agent: Apache-HttpClient/4.5.2 (Java/1.7.0_79)[\r][\n]"
DEBUG: org.apache.http.wire - http-outgoing-9 >> "Accept-Encoding: gzip,deflate[\r][\n]"
DEBUG: org.apache.http.wire - http-outgoing-9 >> "[\r][\n]"
DEBUG: org.apache.http.wire - http-outgoing-9 >> "{"using":"name","value":"j_username"}"
DEBUG: org.apache.http.wire - http-outgoing-9 << "HTTP/1.1 200 OK[\r][\n]"
DEBUG: org.apache.http.wire - http-outgoing-9 << "content-type: application/json; charset=UTF-8[\r][\n]"
DEBUG: org.apache.http.wire - http-outgoing-9 << "connection: close[\r][\n]"
DEBUG: org.apache.http.wire - http-outgoing-9 << "content-length: 224[\r][\n]"
DEBUG: org.apache.http.wire - http-outgoing-9 << "server: httpd.js[\r][\n]"
DEBUG: org.apache.http.wire - http-outgoing-9 << "date: Fri, 26 Aug 2016 09:42:46 GMT[\r][\n]"
DEBUG: org.apache.http.wire - http-outgoing-9 << "[\r][\n]"
DEBUG: org.apache.http.headers - http-outgoing-9 << HTTP/1.1 200 OK
DEBUG: org.apache.http.headers - http-outgoing-9 << content-type: application/json; charset=UTF-8
DEBUG: org.apache.http.headers - http-outgoing-9 << connection: close
DEBUG: org.apache.http.headers - http-outgoing-9 << content-length: 224
DEBUG: org.apache.http.headers - http-outgoing-9 << server: httpd.js
DEBUG: org.apache.http.headers - http-outgoing-9 << date: Fri, 26 Aug 2016 09:42:46 GMT
DEBUG: org.apache.http.wire - http-outgoing-9 << "{"name":"findElement","sessionId":"ef37bd3e-2017-2940-a760-71d500ce28c2","status":0,"value":{"ELEMENT":"{b29af823-4bcd-2345-b2bf-d21cd35c1e51}","element-6066-11e4-a52e-4f735466cecf":"{b29af823-4bcd-2345-b2bf-d21cd35c1e51}"}}"
DEBUG: org.apache.http.impl.conn.DefaultManagedHttpClientConnection - http-outgoing-9: Close connection
DEBUG: org.apache.http.impl.execchain.MainClientExec - Connection discarded
DEBUG: org.apache.http.impl.conn.PoolingHttpClientConnectionManager - Connection released: [id: 9][route: {}->http://127.0.0.1:7055][total kept alive: 0; route allocated: 0 of 2000; total allocated: 0 of 2000]
DEBUG: org.apache.http.client.protocol.RequestAddCookies - CookieSpec selected: default
DEBUG: org.apache.http.client.protocol.RequestAuthCache - Auth cache not set in the context
DEBUG: org.apache.http.impl.conn.PoolingHttpClientConnectionManager - Connection request: [route: {}->http://127.0.0.1:7055][total kept alive: 0; route allocated: 0 of 2000; total allocated: 0 of 2000]
DEBUG: org.apache.http.impl.conn.PoolingHttpClientConnectionManager - Connection leased: [id: 10][route: {}->http://127.0.0.1:7055][total kept alive: 0; route allocated: 1 of 2000; total allocated: 1 of 2000]
DEBUG: org.apache.http.impl.execchain.MainClientExec - Opening connection {}->http://127.0.0.1:7055
DEBUG: org.apache.http.impl.conn.DefaultHttpClientConnectionOperator - Connecting to /127.0.0.1:7055
DEBUG: org.apache.http.impl.conn.DefaultHttpClientConnectionOperator - Connection established 127.0.0.1:60656<->127.0.0.1:7055
DEBUG: org.apache.http.impl.conn.DefaultManagedHttpClientConnection - http-outgoing-10: set socket timeout to 10800000
DEBUG: org.apache.http.impl.execchain.MainClientExec - Executing request POST /hub/session/ef37bd3e-2017-2940-a760-71d500ce28c2/element/%7Bb29af823-4bcd-2345-b2bf-d21cd35c1e51%7D/value HTTP/1.1
DEBUG: org.apache.http.impl.execchain.MainClientExec - Target auth state: UNCHALLENGED
DEBUG: org.apache.http.impl.execchain.MainClientExec - Proxy auth state: UNCHALLENGED
DEBUG: org.apache.http.headers - http-outgoing-10 >> POST /hub/session/ef37bd3e-2017-2940-a760-71d500ce28c2/element/%7Bb29af823-4bcd-2345-b2bf-d21cd35c1e51%7D/value HTTP/1.1
DEBUG: org.apache.http.headers - http-outgoing-10 >> Content-Type: application/json; charset=utf-8
DEBUG: org.apache.http.headers - http-outgoing-10 >> Content-Length: 70
DEBUG: org.apache.http.headers - http-outgoing-10 >> Host: 127.0.0.1:7055
DEBUG: org.apache.http.headers - http-outgoing-10 >> Connection: Keep-Alive
DEBUG: org.apache.http.headers - http-outgoing-10 >> User-Agent: Apache-HttpClient/4.5.2 (Java/1.7.0_79)
DEBUG: org.apache.http.headers - http-outgoing-10 >> Accept-Encoding: gzip,deflate
DEBUG: org.apache.http.wire - http-outgoing-10 >> "POST /hub/session/ef37bd3e-2017-2940-a760-71d500ce28c2/element/%7Bb29af823-4bcd-2345-b2bf-d21cd35c1e51%7D/value HTTP/1.1[\r][\n]"
DEBUG: org.apache.http.wire - http-outgoing-10 >> "Content-Type: application/json; charset=utf-8[\r][\n]"
DEBUG: org.apache.http.wire - http-outgoing-10 >> "Content-Length: 70[\r][\n]"
DEBUG: org.apache.http.wire - http-outgoing-10 >> "Host: 127.0.0.1:7055[\r][\n]"
DEBUG: org.apache.http.wire - http-outgoing-10 >> "Connection: Keep-Alive[\r][\n]"
DEBUG: org.apache.http.wire - http-outgoing-10 >> "User-Agent: Apache-HttpClient/4.5.2 (Java/1.7.0_79)[\r][\n]"
DEBUG: org.apache.http.wire - http-outgoing-10 >> "Accept-Encoding: gzip,deflate[\r][\n]"
DEBUG: org.apache.http.wire - http-outgoing-10 >> "[\r][\n]"
DEBUG: org.apache.http.wire - http-outgoing-10 >> "{"id":"{b29af823-4bcd-2345-b2bf-d21cd35c1e51}","value":["Jan Plewka"]}"
DEBUG: org.apache.http.wire - http-outgoing-10 << "HTTP/1.1 200 OK[\r][\n]"
DEBUG: org.apache.http.wire - http-outgoing-10 << "content-type: application/json; charset=UTF-8[\r][\n]"
DEBUG: org.apache.http.wire - http-outgoing-10 << "connection: close[\r][\n]"
DEBUG: org.apache.http.wire - http-outgoing-10 << "content-length: 101[\r][\n]"
DEBUG: org.apache.http.wire - http-outgoing-10 << "server: httpd.js[\r][\n]"
DEBUG: org.apache.http.wire - http-outgoing-10 << "date: Fri, 26 Aug 2016 09:42:47 GMT[\r][\n]"
DEBUG: org.apache.http.wire - http-outgoing-10 << "[\r][\n]"
DEBUG: org.apache.http.headers - http-outgoing-10 << HTTP/1.1 200 OK
DEBUG: org.apache.http.headers - http-outgoing-10 << content-type: application/json; charset=UTF-8
DEBUG: org.apache.http.headers - http-outgoing-10 << connection: close
DEBUG: org.apache.http.headers - http-outgoing-10 << content-length: 101
DEBUG: org.apache.http.headers - http-outgoing-10 << server: httpd.js
DEBUG: org.apache.http.headers - http-outgoing-10 << date: Fri, 26 Aug 2016 09:42:47 GMT
DEBUG: org.apache.http.wire - http-outgoing-10 << "{"name":"sendKeysToElement","sessionId":"ef37bd3e-2017-2940-a760-71d500ce28c2","status":0,"value":""}"
DEBUG: org.apache.http.impl.conn.DefaultManagedHttpClientConnection - http-outgoing-10: Close connection
DEBUG: org.apache.http.impl.execchain.MainClientExec - Connection discarded
DEBUG: org.apache.http.impl.conn.PoolingHttpClientConnectionManager - Connection released: [id: 10][route: {}->http://127.0.0.1:7055][total kept alive: 0; route allocated: 0 of 2000; total allocated: 0 of 2000]
DEBUG: org.apache.http.client.protocol.RequestAddCookies - CookieSpec selected: default
DEBUG: org.apache.http.client.protocol.RequestAuthCache - Auth cache not set in the context
DEBUG: org.apache.http.impl.conn.PoolingHttpClientConnectionManager - Connection request: [route: {}->http://127.0.0.1:7055][total kept alive: 0; route allocated: 0 of 2000; total allocated: 0 of 2000]
DEBUG: org.apache.http.impl.conn.PoolingHttpClientConnectionManager - Connection leased: [id: 11][route: {}->http://127.0.0.1:7055][total kept alive: 0; route allocated: 1 of 2000; total allocated: 1 of 2000]
DEBUG: org.apache.http.impl.execchain.MainClientExec - Opening connection {}->http://127.0.0.1:7055
DEBUG: org.apache.http.impl.conn.DefaultHttpClientConnectionOperator - Connecting to /127.0.0.1:7055
DEBUG: org.apache.http.impl.conn.DefaultHttpClientConnectionOperator - Connection established 127.0.0.1:60657<->127.0.0.1:7055
DEBUG: org.apache.http.impl.conn.DefaultManagedHttpClientConnection - http-outgoing-11: set socket timeout to 10800000
DEBUG: org.apache.http.impl.execchain.MainClientExec - Executing request POST /hub/session/ef37bd3e-2017-2940-a760-71d500ce28c2/element HTTP/1.1
DEBUG: org.apache.http.impl.execchain.MainClientExec - Target auth state: UNCHALLENGED
DEBUG: org.apache.http.impl.execchain.MainClientExec - Proxy auth state: UNCHALLENGED
DEBUG: org.apache.http.headers - http-outgoing-11 >> POST /hub/session/ef37bd3e-2017-2940-a760-71d500ce28c2/element HTTP/1.1
DEBUG: org.apache.http.headers - http-outgoing-11 >> Content-Type: application/json; charset=utf-8
DEBUG: org.apache.http.headers - http-outgoing-11 >> Content-Length: 37
DEBUG: org.apache.http.headers - http-outgoing-11 >> Host: 127.0.0.1:7055
DEBUG: org.apache.http.headers - http-outgoing-11 >> Connection: Keep-Alive
DEBUG: org.apache.http.headers - http-outgoing-11 >> User-Agent: Apache-HttpClient/4.5.2 (Java/1.7.0_79)
DEBUG: org.apache.http.headers - http-outgoing-11 >> Accept-Encoding: gzip,deflate
DEBUG: org.apache.http.wire - http-outgoing-11 >> "POST /hub/session/ef37bd3e-2017-2940-a760-71d500ce28c2/element HTTP/1.1[\r][\n]"
DEBUG: org.apache.http.wire - http-outgoing-11 >> "Content-Type: application/json; charset=utf-8[\r][\n]"
DEBUG: org.apache.http.wire - http-outgoing-11 >> "Content-Length: 37[\r][\n]"
DEBUG: org.apache.http.wire - http-outgoing-11 >> "Host: 127.0.0.1:7055[\r][\n]"
DEBUG: org.apache.http.wire - http-outgoing-11 >> "Connection: Keep-Alive[\r][\n]"
DEBUG: org.apache.http.wire - http-outgoing-11 >> "User-Agent: Apache-HttpClient/4.5.2 (Java/1.7.0_79)[\r][\n]"
DEBUG: org.apache.http.wire - http-outgoing-11 >> "Accept-Encoding: gzip,deflate[\r][\n]"
DEBUG: org.apache.http.wire - http-outgoing-11 >> "[\r][\n]"
DEBUG: org.apache.http.wire - http-outgoing-11 >> "{"using":"name","value":"j_password"}"
DEBUG: org.apache.http.wire - http-outgoing-11 << "HTTP/1.1 200 OK[\r][\n]"
DEBUG: org.apache.http.wire - http-outgoing-11 << "content-type: application/json; charset=UTF-8[\r][\n]"
DEBUG: org.apache.http.wire - http-outgoing-11 << "connection: close[\r][\n]"
DEBUG: org.apache.http.wire - http-outgoing-11 << "content-length: 224[\r][\n]"
DEBUG: org.apache.http.wire - http-outgoing-11 << "server: httpd.js[\r][\n]"
DEBUG: org.apache.http.wire - http-outgoing-11 << "date: Fri, 26 Aug 2016 09:42:47 GMT[\r][\n]"
DEBUG: org.apache.http.wire - http-outgoing-11 << "[\r][\n]"
DEBUG: org.apache.http.headers - http-outgoing-11 << HTTP/1.1 200 OK
DEBUG: org.apache.http.headers - http-outgoing-11 << content-type: application/json; charset=UTF-8
DEBUG: org.apache.http.headers - http-outgoing-11 << connection: close
DEBUG: org.apache.http.headers - http-outgoing-11 << content-length: 224
DEBUG: org.apache.http.headers - http-outgoing-11 << server: httpd.js
DEBUG: org.apache.http.headers - http-outgoing-11 << date: Fri, 26 Aug 2016 09:42:47 GMT
DEBUG: org.apache.http.wire - http-outgoing-11 << "{"name":"findElement","sessionId":"ef37bd3e-2017-2940-a760-71d500ce28c2","status":0,"value":{"ELEMENT":"{3ea3cd8b-72ae-1343-828f-2f25a2749fca}","element-6066-11e4-a52e-4f735466cecf":"{3ea3cd8b-72ae-1343-828f-2f25a2749fca}"}}"
DEBUG: org.apache.http.impl.conn.DefaultManagedHttpClientConnection - http-outgoing-11: Close connection
DEBUG: org.apache.http.impl.execchain.MainClientExec - Connection discarded
DEBUG: org.apache.http.impl.conn.PoolingHttpClientConnectionManager - Connection released: [id: 11][route: {}->http://127.0.0.1:7055][total kept alive: 0; route allocated: 0 of 2000; total allocated: 0 of 2000]
DEBUG: org.apache.http.client.protocol.RequestAddCookies - CookieSpec selected: default
DEBUG: org.apache.http.client.protocol.RequestAuthCache - Auth cache not set in the context
DEBUG: org.apache.http.impl.conn.PoolingHttpClientConnectionManager - Connection request: [route: {}->http://127.0.0.1:7055][total kept alive: 0; route allocated: 0 of 2000; total allocated: 0 of 2000]
DEBUG: org.apache.http.impl.conn.PoolingHttpClientConnectionManager - Connection leased: [id: 12][route: {}->http://127.0.0.1:7055][total kept alive: 0; route allocated: 1 of 2000; total allocated: 1 of 2000]
DEBUG: org.apache.http.impl.execchain.MainClientExec - Opening connection {}->http://127.0.0.1:7055
DEBUG: org.apache.http.impl.conn.DefaultHttpClientConnectionOperator - Connecting to /127.0.0.1:7055
DEBUG: org.apache.http.impl.conn.DefaultHttpClientConnectionOperator - Connection established 127.0.0.1:60658<->127.0.0.1:7055
DEBUG: org.apache.http.impl.conn.DefaultManagedHttpClientConnection - http-outgoing-12: set socket timeout to 10800000
DEBUG: org.apache.http.impl.execchain.MainClientExec - Executing request POST /hub/session/ef37bd3e-2017-2940-a760-71d500ce28c2/element/%7B3ea3cd8b-72ae-1343-828f-2f25a2749fca%7D/value HTTP/1.1
DEBUG: org.apache.http.impl.execchain.MainClientExec - Target auth state: UNCHALLENGED
DEBUG: org.apache.http.impl.execchain.MainClientExec - Proxy auth state: UNCHALLENGED
DEBUG: org.apache.http.headers - http-outgoing-12 >> POST /hub/session/ef37bd3e-2017-2940-a760-71d500ce28c2/element/%7B3ea3cd8b-72ae-1343-828f-2f25a2749fca%7D/value HTTP/1.1
DEBUG: org.apache.http.headers - http-outgoing-12 >> Content-Type: application/json; charset=utf-8
DEBUG: org.apache.http.headers - http-outgoing-12 >> Content-Length: 66
DEBUG: org.apache.http.headers - http-outgoing-12 >> Host: 127.0.0.1:7055
DEBUG: org.apache.http.headers - http-outgoing-12 >> Connection: Keep-Alive
DEBUG: org.apache.http.headers - http-outgoing-12 >> User-Agent: Apache-HttpClient/4.5.2 (Java/1.7.0_79)
DEBUG: org.apache.http.headers - http-outgoing-12 >> Accept-Encoding: gzip,deflate
DEBUG: org.apache.http.wire - http-outgoing-12 >> "POST /hub/session/ef37bd3e-2017-2940-a760-71d500ce28c2/element/%7B3ea3cd8b-72ae-1343-828f-2f25a2749fca%7D/value HTTP/1.1[\r][\n]"
DEBUG: org.apache.http.wire - http-outgoing-12 >> "Content-Type: application/json; charset=utf-8[\r][\n]"
DEBUG: org.apache.http.wire - http-outgoing-12 >> "Content-Length: 66[\r][\n]"
DEBUG: org.apache.http.wire - http-outgoing-12 >> "Host: 127.0.0.1:7055[\r][\n]"
DEBUG: org.apache.http.wire - http-outgoing-12 >> "Connection: Keep-Alive[\r][\n]"
DEBUG: org.apache.http.wire - http-outgoing-12 >> "User-Agent: Apache-HttpClient/4.5.2 (Java/1.7.0_79)[\r][\n]"
DEBUG: org.apache.http.wire - http-outgoing-12 >> "Accept-Encoding: gzip,deflate[\r][\n]"
DEBUG: org.apache.http.wire - http-outgoing-12 >> "[\r][\n]"
DEBUG: org.apache.http.wire - http-outgoing-12 >> "{"id":"{3ea3cd8b-72ae-1343-828f-2f25a2749fca}","value":["secret"]}"
DEBUG: org.apache.http.wire - http-outgoing-12 << "HTTP/1.1 200 OK[\r][\n]"
DEBUG: org.apache.http.wire - http-outgoing-12 << "content-type: application/json; charset=UTF-8[\r][\n]"
DEBUG: org.apache.http.wire - http-outgoing-12 << "connection: close[\r][\n]"
DEBUG: org.apache.http.wire - http-outgoing-12 << "content-length: 101[\r][\n]"
DEBUG: org.apache.http.wire - http-outgoing-12 << "server: httpd.js[\r][\n]"
DEBUG: org.apache.http.wire - http-outgoing-12 << "date: Fri, 26 Aug 2016 09:42:47 GMT[\r][\n]"
DEBUG: org.apache.http.wire - http-outgoing-12 << "[\r][\n]"
DEBUG: org.apache.http.headers - http-outgoing-12 << HTTP/1.1 200 OK
DEBUG: org.apache.http.headers - http-outgoing-12 << content-type: application/json; charset=UTF-8
DEBUG: org.apache.http.headers - http-outgoing-12 << connection: close
DEBUG: org.apache.http.headers - http-outgoing-12 << content-length: 101
DEBUG: org.apache.http.headers - http-outgoing-12 << server: httpd.js
DEBUG: org.apache.http.headers - http-outgoing-12 << date: Fri, 26 Aug 2016 09:42:47 GMT
DEBUG: org.apache.http.wire - http-outgoing-12 << "{"name":"sendKeysToElement","sessionId":"ef37bd3e-2017-2940-a760-71d500ce28c2","status":0,"value":""}"
DEBUG: org.apache.http.impl.conn.DefaultManagedHttpClientConnection - http-outgoing-12: Close connection
DEBUG: org.apache.http.impl.execchain.MainClientExec - Connection discarded
DEBUG: org.apache.http.impl.conn.PoolingHttpClientConnectionManager - Connection released: [id: 12][route: {}->http://127.0.0.1:7055][total kept alive: 0; route allocated: 0 of 2000; total allocated: 0 of 2000]
DEBUG: org.apache.http.client.protocol.RequestAddCookies - CookieSpec selected: default
DEBUG: org.apache.http.client.protocol.RequestAuthCache - Auth cache not set in the context
DEBUG: org.apache.http.impl.conn.PoolingHttpClientConnectionManager - Connection request: [route: {}->http://127.0.0.1:7055][total kept alive: 0; route allocated: 0 of 2000; total allocated: 0 of 2000]
DEBUG: org.apache.http.impl.conn.PoolingHttpClientConnectionManager - Connection leased: [id: 13][route: {}->http://127.0.0.1:7055][total kept alive: 0; route allocated: 1 of 2000; total allocated: 1 of 2000]
DEBUG: org.apache.http.impl.execchain.MainClientExec - Opening connection {}->http://127.0.0.1:7055
DEBUG: org.apache.http.impl.conn.DefaultHttpClientConnectionOperator - Connecting to /127.0.0.1:7055
DEBUG: org.apache.http.impl.conn.DefaultHttpClientConnectionOperator - Connection established 127.0.0.1:60659<->127.0.0.1:7055
DEBUG: org.apache.http.impl.conn.DefaultManagedHttpClientConnection - http-outgoing-13: set socket timeout to 10800000
DEBUG: org.apache.http.impl.execchain.MainClientExec - Executing request POST /hub/session/ef37bd3e-2017-2940-a760-71d500ce28c2/element HTTP/1.1
DEBUG: org.apache.http.impl.execchain.MainClientExec - Target auth state: UNCHALLENGED
DEBUG: org.apache.http.impl.execchain.MainClientExec - Proxy auth state: UNCHALLENGED
DEBUG: org.apache.http.headers - http-outgoing-13 >> POST /hub/session/ef37bd3e-2017-2940-a760-71d500ce28c2/element HTTP/1.1
DEBUG: org.apache.http.headers - http-outgoing-13 >> Content-Type: application/json; charset=utf-8
DEBUG: org.apache.http.headers - http-outgoing-13 >> Content-Length: 33
DEBUG: org.apache.http.headers - http-outgoing-13 >> Host: 127.0.0.1:7055
DEBUG: org.apache.http.headers - http-outgoing-13 >> Connection: Keep-Alive
DEBUG: org.apache.http.headers - http-outgoing-13 >> User-Agent: Apache-HttpClient/4.5.2 (Java/1.7.0_79)
DEBUG: org.apache.http.headers - http-outgoing-13 >> Accept-Encoding: gzip,deflate
DEBUG: org.apache.http.wire - http-outgoing-13 >> "POST /hub/session/ef37bd3e-2017-2940-a760-71d500ce28c2/element HTTP/1.1[\r][\n]"
DEBUG: org.apache.http.wire - http-outgoing-13 >> "Content-Type: application/json; charset=utf-8[\r][\n]"
DEBUG: org.apache.http.wire - http-outgoing-13 >> "Content-Length: 33[\r][\n]"
DEBUG: org.apache.http.wire - http-outgoing-13 >> "Host: 127.0.0.1:7055[\r][\n]"
DEBUG: org.apache.http.wire - http-outgoing-13 >> "Connection: Keep-Alive[\r][\n]"
DEBUG: org.apache.http.wire - http-outgoing-13 >> "User-Agent: Apache-HttpClient/4.5.2 (Java/1.7.0_79)[\r][\n]"
DEBUG: org.apache.http.wire - http-outgoing-13 >> "Accept-Encoding: gzip,deflate[\r][\n]"
DEBUG: org.apache.http.wire - http-outgoing-13 >> "[\r][\n]"
DEBUG: org.apache.http.wire - http-outgoing-13 >> "{"using":"name","value":"submit"}"
DEBUG: org.apache.http.wire - http-outgoing-13 << "HTTP/1.1 200 OK[\r][\n]"
DEBUG: org.apache.http.wire - http-outgoing-13 << "content-type: application/json; charset=UTF-8[\r][\n]"
DEBUG: org.apache.http.wire - http-outgoing-13 << "connection: close[\r][\n]"
DEBUG: org.apache.http.wire - http-outgoing-13 << "content-length: 224[\r][\n]"
DEBUG: org.apache.http.wire - http-outgoing-13 << "server: httpd.js[\r][\n]"
DEBUG: org.apache.http.wire - http-outgoing-13 << "date: Fri, 26 Aug 2016 09:42:47 GMT[\r][\n]"
DEBUG: org.apache.http.wire - http-outgoing-13 << "[\r][\n]"
DEBUG: org.apache.http.headers - http-outgoing-13 << HTTP/1.1 200 OK
DEBUG: org.apache.http.headers - http-outgoing-13 << content-type: application/json; charset=UTF-8
DEBUG: org.apache.http.headers - http-outgoing-13 << connection: close
DEBUG: org.apache.http.headers - http-outgoing-13 << content-length: 224
DEBUG: org.apache.http.headers - http-outgoing-13 << server: httpd.js
DEBUG: org.apache.http.headers - http-outgoing-13 << date: Fri, 26 Aug 2016 09:42:47 GMT
DEBUG: org.apache.http.wire - http-outgoing-13 << "{"name":"findElement","sessionId":"ef37bd3e-2017-2940-a760-71d500ce28c2","status":0,"value":{"ELEMENT":"{70dc2e84-b954-d845-ab98-8c491dbcef30}","element-6066-11e4-a52e-4f735466cecf":"{70dc2e84-b954-d845-ab98-8c491dbcef30}"}}"
DEBUG: org.apache.http.impl.conn.DefaultManagedHttpClientConnection - http-outgoing-13: Close connection
DEBUG: org.apache.http.impl.execchain.MainClientExec - Connection discarded
DEBUG: org.apache.http.impl.conn.PoolingHttpClientConnectionManager - Connection released: [id: 13][route: {}->http://127.0.0.1:7055][total kept alive: 0; route allocated: 0 of 2000; total allocated: 0 of 2000]
DEBUG: org.apache.http.client.protocol.RequestAddCookies - CookieSpec selected: default
DEBUG: org.apache.http.client.protocol.RequestAuthCache - Auth cache not set in the context
DEBUG: org.apache.http.impl.conn.PoolingHttpClientConnectionManager - Connection request: [route: {}->http://127.0.0.1:7055][total kept alive: 0; route allocated: 0 of 2000; total allocated: 0 of 2000]
DEBUG: org.apache.http.impl.conn.PoolingHttpClientConnectionManager - Connection leased: [id: 14][route: {}->http://127.0.0.1:7055][total kept alive: 0; route allocated: 1 of 2000; total allocated: 1 of 2000]
DEBUG: org.apache.http.impl.execchain.MainClientExec - Opening connection {}->http://127.0.0.1:7055
DEBUG: org.apache.http.impl.conn.DefaultHttpClientConnectionOperator - Connecting to /127.0.0.1:7055
DEBUG: org.apache.http.impl.conn.DefaultHttpClientConnectionOperator - Connection established 127.0.0.1:60660<->127.0.0.1:7055
DEBUG: org.apache.http.impl.conn.DefaultManagedHttpClientConnection - http-outgoing-14: set socket timeout to 10800000
DEBUG: org.apache.http.impl.execchain.MainClientExec - Executing request POST /hub/session/ef37bd3e-2017-2940-a760-71d500ce28c2/element/%7B70dc2e84-b954-d845-ab98-8c491dbcef30%7D/click HTTP/1.1
DEBUG: org.apache.http.impl.execchain.MainClientExec - Target auth state: UNCHALLENGED
DEBUG: org.apache.http.impl.execchain.MainClientExec - Proxy auth state: UNCHALLENGED
DEBUG: org.apache.http.headers - http-outgoing-14 >> POST /hub/session/ef37bd3e-2017-2940-a760-71d500ce28c2/element/%7B70dc2e84-b954-d845-ab98-8c491dbcef30%7D/click HTTP/1.1
DEBUG: org.apache.http.headers - http-outgoing-14 >> Content-Type: application/json; charset=utf-8
DEBUG: org.apache.http.headers - http-outgoing-14 >> Content-Length: 47
DEBUG: org.apache.http.headers - http-outgoing-14 >> Host: 127.0.0.1:7055
DEBUG: org.apache.http.headers - http-outgoing-14 >> Connection: Keep-Alive
DEBUG: org.apache.http.headers - http-outgoing-14 >> User-Agent: Apache-HttpClient/4.5.2 (Java/1.7.0_79)
DEBUG: org.apache.http.headers - http-outgoing-14 >> Accept-Encoding: gzip,deflate
DEBUG: org.apache.http.wire - http-outgoing-14 >> "POST /hub/session/ef37bd3e-2017-2940-a760-71d500ce28c2/element/%7B70dc2e84-b954-d845-ab98-8c491dbcef30%7D/click HTTP/1.1[\r][\n]"
DEBUG: org.apache.http.wire - http-outgoing-14 >> "Content-Type: application/json; charset=utf-8[\r][\n]"
DEBUG: org.apache.http.wire - http-outgoing-14 >> "Content-Length: 47[\r][\n]"
DEBUG: org.apache.http.wire - http-outgoing-14 >> "Host: 127.0.0.1:7055[\r][\n]"
DEBUG: org.apache.http.wire - http-outgoing-14 >> "Connection: Keep-Alive[\r][\n]"
DEBUG: org.apache.http.wire - http-outgoing-14 >> "User-Agent: Apache-HttpClient/4.5.2 (Java/1.7.0_79)[\r][\n]"
DEBUG: org.apache.http.wire - http-outgoing-14 >> "Accept-Encoding: gzip,deflate[\r][\n]"
DEBUG: org.apache.http.wire - http-outgoing-14 >> "[\r][\n]"
DEBUG: org.apache.http.wire - http-outgoing-14 >> "{"id":"{70dc2e84-b954-d845-ab98-8c491dbcef30}"}"
DEBUG: org.apache.http.wire - http-outgoing-14 << "HTTP/1.1 200 OK[\r][\n]"
DEBUG: org.apache.http.wire - http-outgoing-14 << "content-type: application/json; charset=UTF-8[\r][\n]"
DEBUG: org.apache.http.wire - http-outgoing-14 << "connection: close[\r][\n]"
DEBUG: org.apache.http.wire - http-outgoing-14 << "content-length: 98[\r][\n]"
DEBUG: org.apache.http.wire - http-outgoing-14 << "server: httpd.js[\r][\n]"
DEBUG: org.apache.http.wire - http-outgoing-14 << "date: Fri, 26 Aug 2016 09:42:47 GMT[\r][\n]"
DEBUG: org.apache.http.wire - http-outgoing-14 << "[\r][\n]"
DEBUG: org.apache.http.headers - http-outgoing-14 << HTTP/1.1 200 OK
DEBUG: org.apache.http.headers - http-outgoing-14 << content-type: application/json; charset=UTF-8
DEBUG: org.apache.http.headers - http-outgoing-14 << connection: close
DEBUG: org.apache.http.headers - http-outgoing-14 << content-length: 98
DEBUG: org.apache.http.headers - http-outgoing-14 << server: httpd.js
DEBUG: org.apache.http.headers - http-outgoing-14 << date: Fri, 26 Aug 2016 09:42:47 GMT
DEBUG: org.apache.http.wire - http-outgoing-14 << "{"name":"clickElement","sessionId":"ef37bd3e-2017-2940-a760-71d500ce28c2","status":0,"value":"ok"}"
DEBUG: org.apache.http.impl.conn.DefaultManagedHttpClientConnection - http-outgoing-14: Close connection
DEBUG: org.apache.http.impl.execchain.MainClientExec - Connection discarded
DEBUG: org.apache.http.impl.conn.PoolingHttpClientConnectionManager - Connection released: [id: 14][route: {}->http://127.0.0.1:7055][total kept alive: 0; route allocated: 0 of 2000; total allocated: 0 of 2000]
DEBUG: org.apache.http.client.protocol.RequestAddCookies - CookieSpec selected: default
DEBUG: org.apache.http.client.protocol.RequestAuthCache - Auth cache not set in the context
DEBUG: org.apache.http.impl.conn.PoolingHttpClientConnectionManager - Connection request: [route: {}->http://127.0.0.1:7055][total kept alive: 0; route allocated: 0 of 2000; total allocated: 0 of 2000]
DEBUG: org.apache.http.impl.conn.PoolingHttpClientConnectionManager - Connection leased: [id: 15][route: {}->http://127.0.0.1:7055][total kept alive: 0; route allocated: 1 of 2000; total allocated: 1 of 2000]
DEBUG: org.apache.http.impl.execchain.MainClientExec - Opening connection {}->http://127.0.0.1:7055
DEBUG: org.apache.http.impl.conn.DefaultHttpClientConnectionOperator - Connecting to /127.0.0.1:7055
DEBUG: org.apache.http.impl.conn.DefaultHttpClientConnectionOperator - Connection established 127.0.0.1:60662<->127.0.0.1:7055
DEBUG: org.apache.http.impl.conn.DefaultManagedHttpClientConnection - http-outgoing-15: set socket timeout to 10800000
DEBUG: org.apache.http.impl.execchain.MainClientExec - Executing request POST /hub/session/ef37bd3e-2017-2940-a760-71d500ce28c2/element HTTP/1.1
DEBUG: org.apache.http.impl.execchain.MainClientExec - Target auth state: UNCHALLENGED
DEBUG: org.apache.http.impl.execchain.MainClientExec - Proxy auth state: UNCHALLENGED
DEBUG: org.apache.http.headers - http-outgoing-15 >> POST /hub/session/ef37bd3e-2017-2940-a760-71d500ce28c2/element HTTP/1.1
DEBUG: org.apache.http.headers - http-outgoing-15 >> Content-Type: application/json; charset=utf-8
DEBUG: org.apache.http.headers - http-outgoing-15 >> Content-Length: 38
DEBUG: org.apache.http.headers - http-outgoing-15 >> Host: 127.0.0.1:7055
DEBUG: org.apache.http.headers - http-outgoing-15 >> Connection: Keep-Alive
DEBUG: org.apache.http.headers - http-outgoing-15 >> User-Agent: Apache-HttpClient/4.5.2 (Java/1.7.0_79)
DEBUG: org.apache.http.headers - http-outgoing-15 >> Accept-Encoding: gzip,deflate
DEBUG: org.apache.http.wire - http-outgoing-15 >> "POST /hub/session/ef37bd3e-2017-2940-a760-71d500ce28c2/element HTTP/1.1[\r][\n]"
DEBUG: org.apache.http.wire - http-outgoing-15 >> "Content-Type: application/json; charset=utf-8[\r][\n]"
DEBUG: org.apache.http.wire - http-outgoing-15 >> "Content-Length: 38[\r][\n]"
DEBUG: org.apache.http.wire - http-outgoing-15 >> "Host: 127.0.0.1:7055[\r][\n]"
DEBUG: org.apache.http.wire - http-outgoing-15 >> "Connection: Keep-Alive[\r][\n]"
DEBUG: org.apache.http.wire - http-outgoing-15 >> "User-Agent: Apache-HttpClient/4.5.2 (Java/1.7.0_79)[\r][\n]"
DEBUG: org.apache.http.wire - http-outgoing-15 >> "Accept-Encoding: gzip,deflate[\r][\n]"
DEBUG: org.apache.http.wire - http-outgoing-15 >> "[\r][\n]"
DEBUG: org.apache.http.wire - http-outgoing-15 >> "{"using":"class name","value":"error"}"
DEBUG: org.apache.http.wire - http-outgoing-15 << "HTTP/1.1 200 OK[\r][\n]"
DEBUG: org.apache.http.wire - http-outgoing-15 << "content-type: application/json; charset=UTF-8[\r][\n]"
DEBUG: org.apache.http.wire - http-outgoing-15 << "connection: close[\r][\n]"
DEBUG: org.apache.http.wire - http-outgoing-15 << "content-length: 224[\r][\n]"
DEBUG: org.apache.http.wire - http-outgoing-15 << "server: httpd.js[\r][\n]"
DEBUG: org.apache.http.wire - http-outgoing-15 << "date: Fri, 26 Aug 2016 09:42:47 GMT[\r][\n]"
DEBUG: org.apache.http.wire - http-outgoing-15 << "[\r][\n]"
DEBUG: org.apache.http.headers - http-outgoing-15 << HTTP/1.1 200 OK
DEBUG: org.apache.http.headers - http-outgoing-15 << content-type: application/json; charset=UTF-8
DEBUG: org.apache.http.headers - http-outgoing-15 << connection: close
DEBUG: org.apache.http.headers - http-outgoing-15 << content-length: 224
DEBUG: org.apache.http.headers - http-outgoing-15 << server: httpd.js
DEBUG: org.apache.http.headers - http-outgoing-15 << date: Fri, 26 Aug 2016 09:42:47 GMT
DEBUG: org.apache.http.wire - http-outgoing-15 << "{"name":"findElement","sessionId":"ef37bd3e-2017-2940-a760-71d500ce28c2","status":0,"value":{"ELEMENT":"{1c782160-f106-e44b-a54b-0a983f05eaba}","element-6066-11e4-a52e-4f735466cecf":"{1c782160-f106-e44b-a54b-0a983f05eaba}"}}"
DEBUG: org.apache.http.impl.conn.DefaultManagedHttpClientConnection - http-outgoing-15: Close connection
DEBUG: org.apache.http.impl.execchain.MainClientExec - Connection discarded
DEBUG: org.apache.http.impl.conn.PoolingHttpClientConnectionManager - Connection released: [id: 15][route: {}->http://127.0.0.1:7055][total kept alive: 0; route allocated: 0 of 2000; total allocated: 0 of 2000]
DEBUG: org.apache.http.client.protocol.RequestAddCookies - CookieSpec selected: default
DEBUG: org.apache.http.client.protocol.RequestAuthCache - Auth cache not set in the context
DEBUG: org.apache.http.impl.conn.PoolingHttpClientConnectionManager - Connection request: [route: {}->http://127.0.0.1:7055][total kept alive: 0; route allocated: 0 of 2000; total allocated: 0 of 2000]
DEBUG: org.apache.http.impl.conn.PoolingHttpClientConnectionManager - Connection leased: [id: 16][route: {}->http://127.0.0.1:7055][total kept alive: 0; route allocated: 1 of 2000; total allocated: 1 of 2000]
DEBUG: org.apache.http.impl.execchain.MainClientExec - Opening connection {}->http://127.0.0.1:7055
DEBUG: org.apache.http.impl.conn.DefaultHttpClientConnectionOperator - Connecting to /127.0.0.1:7055
DEBUG: org.apache.http.impl.conn.DefaultHttpClientConnectionOperator - Connection established 127.0.0.1:60663<->127.0.0.1:7055
DEBUG: org.apache.http.impl.conn.DefaultManagedHttpClientConnection - http-outgoing-16: set socket timeout to 10800000
DEBUG: org.apache.http.impl.execchain.MainClientExec - Executing request GET /hub/session/ef37bd3e-2017-2940-a760-71d500ce28c2/element/%7B1c782160-f106-e44b-a54b-0a983f05eaba%7D/text HTTP/1.1
DEBUG: org.apache.http.impl.execchain.MainClientExec - Target auth state: UNCHALLENGED
DEBUG: org.apache.http.impl.execchain.MainClientExec - Proxy auth state: UNCHALLENGED
DEBUG: org.apache.http.headers - http-outgoing-16 >> GET /hub/session/ef37bd3e-2017-2940-a760-71d500ce28c2/element/%7B1c782160-f106-e44b-a54b-0a983f05eaba%7D/text HTTP/1.1
DEBUG: org.apache.http.headers - http-outgoing-16 >> Cache-Control: no-cache
DEBUG: org.apache.http.headers - http-outgoing-16 >> Host: 127.0.0.1:7055
DEBUG: org.apache.http.headers - http-outgoing-16 >> Connection: Keep-Alive
DEBUG: org.apache.http.headers - http-outgoing-16 >> User-Agent: Apache-HttpClient/4.5.2 (Java/1.7.0_79)
DEBUG: org.apache.http.headers - http-outgoing-16 >> Accept-Encoding: gzip,deflate
DEBUG: org.apache.http.wire - http-outgoing-16 >> "GET /hub/session/ef37bd3e-2017-2940-a760-71d500ce28c2/element/%7B1c782160-f106-e44b-a54b-0a983f05eaba%7D/text HTTP/1.1[\r][\n]"
DEBUG: org.apache.http.wire - http-outgoing-16 >> "Cache-Control: no-cache[\r][\n]"
DEBUG: org.apache.http.wire - http-outgoing-16 >> "Host: 127.0.0.1:7055[\r][\n]"
DEBUG: org.apache.http.wire - http-outgoing-16 >> "Connection: Keep-Alive[\r][\n]"
DEBUG: org.apache.http.wire - http-outgoing-16 >> "User-Agent: Apache-HttpClient/4.5.2 (Java/1.7.0_79)[\r][\n]"
DEBUG: org.apache.http.wire - http-outgoing-16 >> "Accept-Encoding: gzip,deflate[\r][\n]"
DEBUG: org.apache.http.wire - http-outgoing-16 >> "[\r][\n]"
DEBUG: org.apache.http.wire - http-outgoing-16 << "HTTP/1.1 200 OK[\r][\n]"
DEBUG: org.apache.http.wire - http-outgoing-16 << "content-type: application/json; charset=UTF-8[\r][\n]"
DEBUG: org.apache.http.wire - http-outgoing-16 << "connection: close[\r][\n]"
DEBUG: org.apache.http.wire - http-outgoing-16 << "content-length: 173[\r][\n]"
DEBUG: org.apache.http.wire - http-outgoing-16 << "server: httpd.js[\r][\n]"
DEBUG: org.apache.http.wire - http-outgoing-16 << "date: Fri, 26 Aug 2016 09:42:47 GMT[\r][\n]"
DEBUG: org.apache.http.wire - http-outgoing-16 << "[\r][\n]"
DEBUG: org.apache.http.headers - http-outgoing-16 << HTTP/1.1 200 OK
DEBUG: org.apache.http.headers - http-outgoing-16 << content-type: application/json; charset=UTF-8
DEBUG: org.apache.http.headers - http-outgoing-16 << connection: close
DEBUG: org.apache.http.headers - http-outgoing-16 << content-length: 173
DEBUG: org.apache.http.headers - http-outgoing-16 << server: httpd.js
DEBUG: org.apache.http.headers - http-outgoing-16 << date: Fri, 26 Aug 2016 09:42:47 GMT
DEBUG: org.apache.http.wire - http-outgoing-16 << "{"name":"getElementText","sessionId":"ef37bd3e-2017-2940-a760-71d500ce28c2","status":0,"value":"Your login attempt was not successful, try again.\nCaused : Bad credentials"}"
DEBUG: org.apache.http.impl.conn.DefaultManagedHttpClientConnection - http-outgoing-16: Close connection
DEBUG: org.apache.http.impl.execchain.MainClientExec - Connection discarded
DEBUG: org.apache.http.impl.conn.PoolingHttpClientConnectionManager - Connection released: [id: 16][route: {}->http://127.0.0.1:7055][total kept alive: 0; route allocated: 0 of 2000; total allocated: 0 of 2000]
DEBUG: org.apache.http.client.protocol.RequestAddCookies - CookieSpec selected: default
DEBUG: org.apache.http.client.protocol.RequestAuthCache - Auth cache not set in the context
DEBUG: org.apache.http.impl.conn.PoolingHttpClientConnectionManager - Connection request: [route: {}->http://127.0.0.1:7055][total kept alive: 0; route allocated: 0 of 2000; total allocated: 0 of 2000]
DEBUG: org.apache.http.impl.conn.PoolingHttpClientConnectionManager - Connection leased: [id: 17][route: {}->http://127.0.0.1:7055][total kept alive: 0; route allocated: 1 of 2000; total allocated: 1 of 2000]
DEBUG: org.apache.http.impl.execchain.MainClientExec - Opening connection {}->http://127.0.0.1:7055
DEBUG: org.apache.http.impl.conn.DefaultHttpClientConnectionOperator - Connecting to /127.0.0.1:7055
DEBUG: org.apache.http.impl.conn.DefaultHttpClientConnectionOperator - Connection established 127.0.0.1:60664<->127.0.0.1:7055
DEBUG: org.apache.http.impl.conn.DefaultManagedHttpClientConnection - http-outgoing-17: set socket timeout to 10800000
DEBUG: org.apache.http.impl.execchain.MainClientExec - Executing request POST /hub/session/ef37bd3e-2017-2940-a760-71d500ce28c2/url HTTP/1.1
DEBUG: org.apache.http.impl.execchain.MainClientExec - Target auth state: UNCHALLENGED
DEBUG: org.apache.http.impl.execchain.MainClientExec - Proxy auth state: UNCHALLENGED
DEBUG: org.apache.http.headers - http-outgoing-17 >> POST /hub/session/ef37bd3e-2017-2940-a760-71d500ce28c2/url HTTP/1.1
DEBUG: org.apache.http.headers - http-outgoing-17 >> Content-Type: application/json; charset=utf-8
DEBUG: org.apache.http.headers - http-outgoing-17 >> Content-Length: 32
DEBUG: org.apache.http.headers - http-outgoing-17 >> Host: 127.0.0.1:7055
DEBUG: org.apache.http.headers - http-outgoing-17 >> Connection: Keep-Alive
DEBUG: org.apache.http.headers - http-outgoing-17 >> User-Agent: Apache-HttpClient/4.5.2 (Java/1.7.0_79)
DEBUG: org.apache.http.headers - http-outgoing-17 >> Accept-Encoding: gzip,deflate
DEBUG: org.apache.http.wire - http-outgoing-17 >> "POST /hub/session/ef37bd3e-2017-2940-a760-71d500ce28c2/url HTTP/1.1[\r][\n]"
DEBUG: org.apache.http.wire - http-outgoing-17 >> "Content-Type: application/json; charset=utf-8[\r][\n]"
DEBUG: org.apache.http.wire - http-outgoing-17 >> "Content-Length: 32[\r][\n]"
DEBUG: org.apache.http.wire - http-outgoing-17 >> "Host: 127.0.0.1:7055[\r][\n]"
DEBUG: org.apache.http.wire - http-outgoing-17 >> "Connection: Keep-Alive[\r][\n]"
DEBUG: org.apache.http.wire - http-outgoing-17 >> "User-Agent: Apache-HttpClient/4.5.2 (Java/1.7.0_79)[\r][\n]"
DEBUG: org.apache.http.wire - http-outgoing-17 >> "Accept-Encoding: gzip,deflate[\r][\n]"
DEBUG: org.apache.http.wire - http-outgoing-17 >> "[\r][\n]"
DEBUG: org.apache.http.wire - http-outgoing-17 >> "{"url":"http://localhost:8080/"}"
DEBUG: org.apache.http.wire - http-outgoing-17 << "HTTP/1.1 200 OK[\r][\n]"
DEBUG: org.apache.http.wire - http-outgoing-17 << "content-type: application/json; charset=UTF-8[\r][\n]"
DEBUG: org.apache.http.wire - http-outgoing-17 << "connection: close[\r][\n]"
DEBUG: org.apache.http.wire - http-outgoing-17 << "content-length: 87[\r][\n]"
DEBUG: org.apache.http.wire - http-outgoing-17 << "server: httpd.js[\r][\n]"
DEBUG: org.apache.http.wire - http-outgoing-17 << "date: Fri, 26 Aug 2016 09:42:47 GMT[\r][\n]"
DEBUG: org.apache.http.wire - http-outgoing-17 << "[\r][\n]"
DEBUG: org.apache.http.headers - http-outgoing-17 << HTTP/1.1 200 OK
DEBUG: org.apache.http.headers - http-outgoing-17 << content-type: application/json; charset=UTF-8
DEBUG: org.apache.http.headers - http-outgoing-17 << connection: close
DEBUG: org.apache.http.headers - http-outgoing-17 << content-length: 87
DEBUG: org.apache.http.headers - http-outgoing-17 << server: httpd.js
DEBUG: org.apache.http.headers - http-outgoing-17 << date: Fri, 26 Aug 2016 09:42:47 GMT
DEBUG: org.apache.http.wire - http-outgoing-17 << "{"name":"get","sessionId":"ef37bd3e-2017-2940-a760-71d500ce28c2","status":0,"value":""}"
DEBUG: org.apache.http.impl.conn.DefaultManagedHttpClientConnection - http-outgoing-17: Close connection
DEBUG: org.apache.http.impl.execchain.MainClientExec - Connection discarded
DEBUG: org.apache.http.impl.conn.PoolingHttpClientConnectionManager - Connection released: [id: 17][route: {}->http://127.0.0.1:7055][total kept alive: 0; route allocated: 0 of 2000; total allocated: 0 of 2000]
DEBUG: org.apache.http.client.protocol.RequestAddCookies - CookieSpec selected: default
DEBUG: org.apache.http.client.protocol.RequestAuthCache - Auth cache not set in the context
DEBUG: org.apache.http.impl.conn.PoolingHttpClientConnectionManager - Connection request: [route: {}->http://127.0.0.1:7055][total kept alive: 0; route allocated: 0 of 2000; total allocated: 0 of 2000]
DEBUG: org.apache.http.impl.conn.PoolingHttpClientConnectionManager - Connection leased: [id: 18][route: {}->http://127.0.0.1:7055][total kept alive: 0; route allocated: 1 of 2000; total allocated: 1 of 2000]
DEBUG: org.apache.http.impl.execchain.MainClientExec - Opening connection {}->http://127.0.0.1:7055
DEBUG: org.apache.http.impl.conn.DefaultHttpClientConnectionOperator - Connecting to /127.0.0.1:7055
DEBUG: org.apache.http.impl.conn.DefaultHttpClientConnectionOperator - Connection established 127.0.0.1:60671<->127.0.0.1:7055
DEBUG: org.apache.http.impl.conn.DefaultManagedHttpClientConnection - http-outgoing-18: set socket timeout to 10800000
DEBUG: org.apache.http.impl.execchain.MainClientExec - Executing request POST /hub/session/ef37bd3e-2017-2940-a760-71d500ce28c2/element HTTP/1.1
DEBUG: org.apache.http.impl.execchain.MainClientExec - Target auth state: UNCHALLENGED
DEBUG: org.apache.http.impl.execchain.MainClientExec - Proxy auth state: UNCHALLENGED
DEBUG: org.apache.http.headers - http-outgoing-18 >> POST /hub/session/ef37bd3e-2017-2940-a760-71d500ce28c2/element HTTP/1.1
DEBUG: org.apache.http.headers - http-outgoing-18 >> Content-Type: application/json; charset=utf-8
DEBUG: org.apache.http.headers - http-outgoing-18 >> Content-Length: 46
DEBUG: org.apache.http.headers - http-outgoing-18 >> Host: 127.0.0.1:7055
DEBUG: org.apache.http.headers - http-outgoing-18 >> Connection: Keep-Alive
DEBUG: org.apache.http.headers - http-outgoing-18 >> User-Agent: Apache-HttpClient/4.5.2 (Java/1.7.0_79)
DEBUG: org.apache.http.headers - http-outgoing-18 >> Accept-Encoding: gzip,deflate
DEBUG: org.apache.http.wire - http-outgoing-18 >> "POST /hub/session/ef37bd3e-2017-2940-a760-71d500ce28c2/element HTTP/1.1[\r][\n]"
DEBUG: org.apache.http.wire - http-outgoing-18 >> "Content-Type: application/json; charset=utf-8[\r][\n]"
DEBUG: org.apache.http.wire - http-outgoing-18 >> "Content-Length: 46[\r][\n]"
DEBUG: org.apache.http.wire - http-outgoing-18 >> "Host: 127.0.0.1:7055[\r][\n]"
DEBUG: org.apache.http.wire - http-outgoing-18 >> "Connection: Keep-Alive[\r][\n]"
DEBUG: org.apache.http.wire - http-outgoing-18 >> "User-Agent: Apache-HttpClient/4.5.2 (Java/1.7.0_79)[\r][\n]"
DEBUG: org.apache.http.wire - http-outgoing-18 >> "Accept-Encoding: gzip,deflate[\r][\n]"
DEBUG: org.apache.http.wire - http-outgoing-18 >> "[\r][\n]"
DEBUG: org.apache.http.wire - http-outgoing-18 >> "{"using":"link text","value":"Create Account"}"
DEBUG: org.apache.http.wire - http-outgoing-18 << "HTTP/1.1 200 OK[\r][\n]"
DEBUG: org.apache.http.wire - http-outgoing-18 << "content-type: application/json; charset=UTF-8[\r][\n]"
DEBUG: org.apache.http.wire - http-outgoing-18 << "connection: close[\r][\n]"
DEBUG: org.apache.http.wire - http-outgoing-18 << "content-length: 224[\r][\n]"
DEBUG: org.apache.http.wire - http-outgoing-18 << "server: httpd.js[\r][\n]"
DEBUG: org.apache.http.wire - http-outgoing-18 << "date: Fri, 26 Aug 2016 09:42:47 GMT[\r][\n]"
DEBUG: org.apache.http.wire - http-outgoing-18 << "[\r][\n]"
DEBUG: org.apache.http.headers - http-outgoing-18 << HTTP/1.1 200 OK
DEBUG: org.apache.http.headers - http-outgoing-18 << content-type: application/json; charset=UTF-8
DEBUG: org.apache.http.headers - http-outgoing-18 << connection: close
DEBUG: org.apache.http.headers - http-outgoing-18 << content-length: 224
DEBUG: org.apache.http.headers - http-outgoing-18 << server: httpd.js
DEBUG: org.apache.http.headers - http-outgoing-18 << date: Fri, 26 Aug 2016 09:42:47 GMT
DEBUG: org.apache.http.wire - http-outgoing-18 << "{"name":"findElement","sessionId":"ef37bd3e-2017-2940-a760-71d500ce28c2","status":0,"value":{"ELEMENT":"{6a250abe-0a45-644f-89cb-dfe01d6ddea0}","element-6066-11e4-a52e-4f735466cecf":"{6a250abe-0a45-644f-89cb-dfe01d6ddea0}"}}"
DEBUG: org.apache.http.impl.conn.DefaultManagedHttpClientConnection - http-outgoing-18: Close connection
DEBUG: org.apache.http.impl.execchain.MainClientExec - Connection discarded
DEBUG: org.apache.http.impl.conn.PoolingHttpClientConnectionManager - Connection released: [id: 18][route: {}->http://127.0.0.1:7055][total kept alive: 0; route allocated: 0 of 2000; total allocated: 0 of 2000]
DEBUG: org.apache.http.client.protocol.RequestAddCookies - CookieSpec selected: default
DEBUG: org.apache.http.client.protocol.RequestAuthCache - Auth cache not set in the context
DEBUG: org.apache.http.impl.conn.PoolingHttpClientConnectionManager - Connection request: [route: {}->http://127.0.0.1:7055][total kept alive: 0; route allocated: 0 of 2000; total allocated: 0 of 2000]
DEBUG: org.apache.http.impl.conn.PoolingHttpClientConnectionManager - Connection leased: [id: 19][route: {}->http://127.0.0.1:7055][total kept alive: 0; route allocated: 1 of 2000; total allocated: 1 of 2000]
DEBUG: org.apache.http.impl.execchain.MainClientExec - Opening connection {}->http://127.0.0.1:7055
DEBUG: org.apache.http.impl.conn.DefaultHttpClientConnectionOperator - Connecting to /127.0.0.1:7055
DEBUG: org.apache.http.impl.conn.DefaultHttpClientConnectionOperator - Connection established 127.0.0.1:60672<->127.0.0.1:7055
DEBUG: org.apache.http.impl.conn.DefaultManagedHttpClientConnection - http-outgoing-19: set socket timeout to 10800000
DEBUG: org.apache.http.impl.execchain.MainClientExec - Executing request POST /hub/session/ef37bd3e-2017-2940-a760-71d500ce28c2/element/%7B6a250abe-0a45-644f-89cb-dfe01d6ddea0%7D/click HTTP/1.1
DEBUG: org.apache.http.impl.execchain.MainClientExec - Target auth state: UNCHALLENGED
DEBUG: org.apache.http.impl.execchain.MainClientExec - Proxy auth state: UNCHALLENGED
DEBUG: org.apache.http.headers - http-outgoing-19 >> POST /hub/session/ef37bd3e-2017-2940-a760-71d500ce28c2/element/%7B6a250abe-0a45-644f-89cb-dfe01d6ddea0%7D/click HTTP/1.1
DEBUG: org.apache.http.headers - http-outgoing-19 >> Content-Type: application/json; charset=utf-8
DEBUG: org.apache.http.headers - http-outgoing-19 >> Content-Length: 47
DEBUG: org.apache.http.headers - http-outgoing-19 >> Host: 127.0.0.1:7055
DEBUG: org.apache.http.headers - http-outgoing-19 >> Connection: Keep-Alive
DEBUG: org.apache.http.headers - http-outgoing-19 >> User-Agent: Apache-HttpClient/4.5.2 (Java/1.7.0_79)
DEBUG: org.apache.http.headers - http-outgoing-19 >> Accept-Encoding: gzip,deflate
DEBUG: org.apache.http.wire - http-outgoing-19 >> "POST /hub/session/ef37bd3e-2017-2940-a760-71d500ce28c2/element/%7B6a250abe-0a45-644f-89cb-dfe01d6ddea0%7D/click HTTP/1.1[\r][\n]"
DEBUG: org.apache.http.wire - http-outgoing-19 >> "Content-Type: application/json; charset=utf-8[\r][\n]"
DEBUG: org.apache.http.wire - http-outgoing-19 >> "Content-Length: 47[\r][\n]"
DEBUG: org.apache.http.wire - http-outgoing-19 >> "Host: 127.0.0.1:7055[\r][\n]"
DEBUG: org.apache.http.wire - http-outgoing-19 >> "Connection: Keep-Alive[\r][\n]"
DEBUG: org.apache.http.wire - http-outgoing-19 >> "User-Agent: Apache-HttpClient/4.5.2 (Java/1.7.0_79)[\r][\n]"
DEBUG: org.apache.http.wire - http-outgoing-19 >> "Accept-Encoding: gzip,deflate[\r][\n]"
DEBUG: org.apache.http.wire - http-outgoing-19 >> "[\r][\n]"
DEBUG: org.apache.http.wire - http-outgoing-19 >> "{"id":"{6a250abe-0a45-644f-89cb-dfe01d6ddea0}"}"
DEBUG: org.apache.http.wire - http-outgoing-19 << "HTTP/1.1 200 OK[\r][\n]"
DEBUG: org.apache.http.wire - http-outgoing-19 << "content-type: application/json; charset=UTF-8[\r][\n]"
DEBUG: org.apache.http.wire - http-outgoing-19 << "connection: close[\r][\n]"
DEBUG: org.apache.http.wire - http-outgoing-19 << "content-length: 98[\r][\n]"
DEBUG: org.apache.http.wire - http-outgoing-19 << "server: httpd.js[\r][\n]"
DEBUG: org.apache.http.wire - http-outgoing-19 << "date: Fri, 26 Aug 2016 09:42:47 GMT[\r][\n]"
DEBUG: org.apache.http.wire - http-outgoing-19 << "[\r][\n]"
DEBUG: org.apache.http.headers - http-outgoing-19 << HTTP/1.1 200 OK
DEBUG: org.apache.http.headers - http-outgoing-19 << content-type: application/json; charset=UTF-8
DEBUG: org.apache.http.headers - http-outgoing-19 << connection: close
DEBUG: org.apache.http.headers - http-outgoing-19 << content-length: 98
DEBUG: org.apache.http.headers - http-outgoing-19 << server: httpd.js
DEBUG: org.apache.http.headers - http-outgoing-19 << date: Fri, 26 Aug 2016 09:42:47 GMT
DEBUG: org.apache.http.wire - http-outgoing-19 << "{"name":"clickElement","sessionId":"ef37bd3e-2017-2940-a760-71d500ce28c2","status":0,"value":"ok"}"
DEBUG: org.apache.http.impl.conn.DefaultManagedHttpClientConnection - http-outgoing-19: Close connection
DEBUG: org.apache.http.impl.execchain.MainClientExec - Connection discarded
DEBUG: org.apache.http.impl.conn.PoolingHttpClientConnectionManager - Connection released: [id: 19][route: {}->http://127.0.0.1:7055][total kept alive: 0; route allocated: 0 of 2000; total allocated: 0 of 2000]
DEBUG: org.apache.http.client.protocol.RequestAddCookies - CookieSpec selected: default
DEBUG: org.apache.http.client.protocol.RequestAuthCache - Auth cache not set in the context
DEBUG: org.apache.http.impl.conn.PoolingHttpClientConnectionManager - Connection request: [route: {}->http://127.0.0.1:7055][total kept alive: 0; route allocated: 0 of 2000; total allocated: 0 of 2000]
DEBUG: org.apache.http.impl.conn.PoolingHttpClientConnectionManager - Connection leased: [id: 20][route: {}->http://127.0.0.1:7055][total kept alive: 0; route allocated: 1 of 2000; total allocated: 1 of 2000]
DEBUG: org.apache.http.impl.execchain.MainClientExec - Opening connection {}->http://127.0.0.1:7055
DEBUG: org.apache.http.impl.conn.DefaultHttpClientConnectionOperator - Connecting to /127.0.0.1:7055
DEBUG: org.apache.http.impl.conn.DefaultHttpClientConnectionOperator - Connection established 127.0.0.1:60673<->127.0.0.1:7055
DEBUG: org.apache.http.impl.conn.DefaultManagedHttpClientConnection - http-outgoing-20: set socket timeout to 10800000
DEBUG: org.apache.http.impl.execchain.MainClientExec - Executing request POST /hub/session/ef37bd3e-2017-2940-a760-71d500ce28c2/element HTTP/1.1
DEBUG: org.apache.http.impl.execchain.MainClientExec - Target auth state: UNCHALLENGED
DEBUG: org.apache.http.impl.execchain.MainClientExec - Proxy auth state: UNCHALLENGED
DEBUG: org.apache.http.headers - http-outgoing-20 >> POST /hub/session/ef37bd3e-2017-2940-a760-71d500ce28c2/element HTTP/1.1
DEBUG: org.apache.http.headers - http-outgoing-20 >> Content-Type: application/json; charset=utf-8
DEBUG: org.apache.http.headers - http-outgoing-20 >> Content-Length: 34
DEBUG: org.apache.http.headers - http-outgoing-20 >> Host: 127.0.0.1:7055
DEBUG: org.apache.http.headers - http-outgoing-20 >> Connection: Keep-Alive
DEBUG: org.apache.http.headers - http-outgoing-20 >> User-Agent: Apache-HttpClient/4.5.2 (Java/1.7.0_79)
DEBUG: org.apache.http.headers - http-outgoing-20 >> Accept-Encoding: gzip,deflate
DEBUG: org.apache.http.wire - http-outgoing-20 >> "POST /hub/session/ef37bd3e-2017-2940-a760-71d500ce28c2/element HTTP/1.1[\r][\n]"
DEBUG: org.apache.http.wire - http-outgoing-20 >> "Content-Type: application/json; charset=utf-8[\r][\n]"
DEBUG: org.apache.http.wire - http-outgoing-20 >> "Content-Length: 34[\r][\n]"
DEBUG: org.apache.http.wire - http-outgoing-20 >> "Host: 127.0.0.1:7055[\r][\n]"
DEBUG: org.apache.http.wire - http-outgoing-20 >> "Connection: Keep-Alive[\r][\n]"
DEBUG: org.apache.http.wire - http-outgoing-20 >> "User-Agent: Apache-HttpClient/4.5.2 (Java/1.7.0_79)[\r][\n]"
DEBUG: org.apache.http.wire - http-outgoing-20 >> "Accept-Encoding: gzip,deflate[\r][\n]"
DEBUG: org.apache.http.wire - http-outgoing-20 >> "[\r][\n]"
DEBUG: org.apache.http.wire - http-outgoing-20 >> "{"using":"id","value":"fld_email"}"
DEBUG: org.apache.http.wire - http-outgoing-20 << "HTTP/1.1 200 OK[\r][\n]"
DEBUG: org.apache.http.wire - http-outgoing-20 << "content-type: application/json; charset=UTF-8[\r][\n]"
DEBUG: org.apache.http.wire - http-outgoing-20 << "connection: close[\r][\n]"
DEBUG: org.apache.http.wire - http-outgoing-20 << "content-length: 224[\r][\n]"
DEBUG: org.apache.http.wire - http-outgoing-20 << "server: httpd.js[\r][\n]"
DEBUG: org.apache.http.wire - http-outgoing-20 << "date: Fri, 26 Aug 2016 09:42:47 GMT[\r][\n]"
DEBUG: org.apache.http.wire - http-outgoing-20 << "[\r][\n]"
DEBUG: org.apache.http.headers - http-outgoing-20 << HTTP/1.1 200 OK
DEBUG: org.apache.http.headers - http-outgoing-20 << content-type: application/json; charset=UTF-8
DEBUG: org.apache.http.headers - http-outgoing-20 << connection: close
DEBUG: org.apache.http.headers - http-outgoing-20 << content-length: 224
DEBUG: org.apache.http.headers - http-outgoing-20 << server: httpd.js
DEBUG: org.apache.http.headers - http-outgoing-20 << date: Fri, 26 Aug 2016 09:42:47 GMT
DEBUG: org.apache.http.wire - http-outgoing-20 << "{"name":"findElement","sessionId":"ef37bd3e-2017-2940-a760-71d500ce28c2","status":0,"value":{"ELEMENT":"{fe0df3b4-fa9a-104a-b3ad-60796463455f}","element-6066-11e4-a52e-4f735466cecf":"{fe0df3b4-fa9a-104a-b3ad-60796463455f}"}}"
DEBUG: org.apache.http.impl.conn.DefaultManagedHttpClientConnection - http-outgoing-20: Close connection
DEBUG: org.apache.http.impl.execchain.MainClientExec - Connection discarded
DEBUG: org.apache.http.impl.conn.PoolingHttpClientConnectionManager - Connection released: [id: 20][route: {}->http://127.0.0.1:7055][total kept alive: 0; route allocated: 0 of 2000; total allocated: 0 of 2000]
DEBUG: org.apache.http.client.protocol.RequestAddCookies - CookieSpec selected: default
DEBUG: org.apache.http.client.protocol.RequestAuthCache - Auth cache not set in the context
DEBUG: org.apache.http.impl.conn.PoolingHttpClientConnectionManager - Connection request: [route: {}->http://127.0.0.1:7055][total kept alive: 0; route allocated: 0 of 2000; total allocated: 0 of 2000]
DEBUG: org.apache.http.impl.conn.PoolingHttpClientConnectionManager - Connection leased: [id: 21][route: {}->http://127.0.0.1:7055][total kept alive: 0; route allocated: 1 of 2000; total allocated: 1 of 2000]
DEBUG: org.apache.http.impl.execchain.MainClientExec - Opening connection {}->http://127.0.0.1:7055
DEBUG: org.apache.http.impl.conn.DefaultHttpClientConnectionOperator - Connecting to /127.0.0.1:7055
DEBUG: org.apache.http.impl.conn.DefaultHttpClientConnectionOperator - Connection established 127.0.0.1:60674<->127.0.0.1:7055
DEBUG: org.apache.http.impl.conn.DefaultManagedHttpClientConnection - http-outgoing-21: set socket timeout to 10800000
DEBUG: org.apache.http.impl.execchain.MainClientExec - Executing request POST /hub/session/ef37bd3e-2017-2940-a760-71d500ce28c2/element/%7Bfe0df3b4-fa9a-104a-b3ad-60796463455f%7D/clear HTTP/1.1
DEBUG: org.apache.http.impl.execchain.MainClientExec - Target auth state: UNCHALLENGED
DEBUG: org.apache.http.impl.execchain.MainClientExec - Proxy auth state: UNCHALLENGED
DEBUG: org.apache.http.headers - http-outgoing-21 >> POST /hub/session/ef37bd3e-2017-2940-a760-71d500ce28c2/element/%7Bfe0df3b4-fa9a-104a-b3ad-60796463455f%7D/clear HTTP/1.1
DEBUG: org.apache.http.headers - http-outgoing-21 >> Content-Type: application/json; charset=utf-8
DEBUG: org.apache.http.headers - http-outgoing-21 >> Content-Length: 47
DEBUG: org.apache.http.headers - http-outgoing-21 >> Host: 127.0.0.1:7055
DEBUG: org.apache.http.headers - http-outgoing-21 >> Connection: Keep-Alive
DEBUG: org.apache.http.headers - http-outgoing-21 >> User-Agent: Apache-HttpClient/4.5.2 (Java/1.7.0_79)
DEBUG: org.apache.http.headers - http-outgoing-21 >> Accept-Encoding: gzip,deflate
DEBUG: org.apache.http.wire - http-outgoing-21 >> "POST /hub/session/ef37bd3e-2017-2940-a760-71d500ce28c2/element/%7Bfe0df3b4-fa9a-104a-b3ad-60796463455f%7D/clear HTTP/1.1[\r][\n]"
DEBUG: org.apache.http.wire - http-outgoing-21 >> "Content-Type: application/json; charset=utf-8[\r][\n]"
DEBUG: org.apache.http.wire - http-outgoing-21 >> "Content-Length: 47[\r][\n]"
DEBUG: org.apache.http.wire - http-outgoing-21 >> "Host: 127.0.0.1:7055[\r][\n]"
DEBUG: org.apache.http.wire - http-outgoing-21 >> "Connection: Keep-Alive[\r][\n]"
DEBUG: org.apache.http.wire - http-outgoing-21 >> "User-Agent: Apache-HttpClient/4.5.2 (Java/1.7.0_79)[\r][\n]"
DEBUG: org.apache.http.wire - http-outgoing-21 >> "Accept-Encoding: gzip,deflate[\r][\n]"
DEBUG: org.apache.http.wire - http-outgoing-21 >> "[\r][\n]"
DEBUG: org.apache.http.wire - http-outgoing-21 >> "{"id":"{fe0df3b4-fa9a-104a-b3ad-60796463455f}"}"
DEBUG: org.apache.http.wire - http-outgoing-21 << "HTTP/1.1 200 OK[\r][\n]"
DEBUG: org.apache.http.wire - http-outgoing-21 << "content-type: application/json; charset=UTF-8[\r][\n]"
DEBUG: org.apache.http.wire - http-outgoing-21 << "connection: close[\r][\n]"
DEBUG: org.apache.http.wire - http-outgoing-21 << "content-length: 96[\r][\n]"
DEBUG: org.apache.http.wire - http-outgoing-21 << "server: httpd.js[\r][\n]"
DEBUG: org.apache.http.wire - http-outgoing-21 << "date: Fri, 26 Aug 2016 09:42:47 GMT[\r][\n]"
DEBUG: org.apache.http.wire - http-outgoing-21 << "[\r][\n]"
DEBUG: org.apache.http.headers - http-outgoing-21 << HTTP/1.1 200 OK
DEBUG: org.apache.http.headers - http-outgoing-21 << content-type: application/json; charset=UTF-8
DEBUG: org.apache.http.headers - http-outgoing-21 << connection: close
DEBUG: org.apache.http.headers - http-outgoing-21 << content-length: 96
DEBUG: org.apache.http.headers - http-outgoing-21 << server: httpd.js
DEBUG: org.apache.http.headers - http-outgoing-21 << date: Fri, 26 Aug 2016 09:42:47 GMT
DEBUG: org.apache.http.wire - http-outgoing-21 << "{"name":"clearElement","sessionId":"ef37bd3e-2017-2940-a760-71d500ce28c2","status":0,"value":""}"
DEBUG: org.apache.http.impl.conn.DefaultManagedHttpClientConnection - http-outgoing-21: Close connection
DEBUG: org.apache.http.impl.execchain.MainClientExec - Connection discarded
DEBUG: org.apache.http.impl.conn.PoolingHttpClientConnectionManager - Connection released: [id: 21][route: {}->http://127.0.0.1:7055][total kept alive: 0; route allocated: 0 of 2000; total allocated: 0 of 2000]
DEBUG: org.apache.http.client.protocol.RequestAddCookies - CookieSpec selected: default
DEBUG: org.apache.http.client.protocol.RequestAuthCache - Auth cache not set in the context
DEBUG: org.apache.http.impl.conn.PoolingHttpClientConnectionManager - Connection request: [route: {}->http://127.0.0.1:7055][total kept alive: 0; route allocated: 0 of 2000; total allocated: 0 of 2000]
DEBUG: org.apache.http.impl.conn.PoolingHttpClientConnectionManager - Connection leased: [id: 22][route: {}->http://127.0.0.1:7055][total kept alive: 0; route allocated: 1 of 2000; total allocated: 1 of 2000]
DEBUG: org.apache.http.impl.execchain.MainClientExec - Opening connection {}->http://127.0.0.1:7055
DEBUG: org.apache.http.impl.conn.DefaultHttpClientConnectionOperator - Connecting to /127.0.0.1:7055
DEBUG: org.apache.http.impl.conn.DefaultHttpClientConnectionOperator - Connection established 127.0.0.1:60675<->127.0.0.1:7055
DEBUG: org.apache.http.impl.conn.DefaultManagedHttpClientConnection - http-outgoing-22: set socket timeout to 10800000
DEBUG: org.apache.http.impl.execchain.MainClientExec - Executing request POST /hub/session/ef37bd3e-2017-2940-a760-71d500ce28c2/element/%7Bfe0df3b4-fa9a-104a-b3ad-60796463455f%7D/value HTTP/1.1
DEBUG: org.apache.http.impl.execchain.MainClientExec - Target auth state: UNCHALLENGED
DEBUG: org.apache.http.impl.execchain.MainClientExec - Proxy auth state: UNCHALLENGED
DEBUG: org.apache.http.headers - http-outgoing-22 >> POST /hub/session/ef37bd3e-2017-2940-a760-71d500ce28c2/element/%7Bfe0df3b4-fa9a-104a-b3ad-60796463455f%7D/value HTTP/1.1
DEBUG: org.apache.http.headers - http-outgoing-22 >> Content-Type: application/json; charset=utf-8
DEBUG: org.apache.http.headers - http-outgoing-22 >> Content-Length: 81
DEBUG: org.apache.http.headers - http-outgoing-22 >> Host: 127.0.0.1:7055
DEBUG: org.apache.http.headers - http-outgoing-22 >> Connection: Keep-Alive
DEBUG: org.apache.http.headers - http-outgoing-22 >> User-Agent: Apache-HttpClient/4.5.2 (Java/1.7.0_79)
DEBUG: org.apache.http.headers - http-outgoing-22 >> Accept-Encoding: gzip,deflate
DEBUG: org.apache.http.wire - http-outgoing-22 >> "POST /hub/session/ef37bd3e-2017-2940-a760-71d500ce28c2/element/%7Bfe0df3b4-fa9a-104a-b3ad-60796463455f%7D/value HTTP/1.1[\r][\n]"
DEBUG: org.apache.http.wire - http-outgoing-22 >> "Content-Type: application/json; charset=utf-8[\r][\n]"
DEBUG: org.apache.http.wire - http-outgoing-22 >> "Content-Length: 81[\r][\n]"
DEBUG: org.apache.http.wire - http-outgoing-22 >> "Host: 127.0.0.1:7055[\r][\n]"
DEBUG: org.apache.http.wire - http-outgoing-22 >> "Connection: Keep-Alive[\r][\n]"
DEBUG: org.apache.http.wire - http-outgoing-22 >> "User-Agent: Apache-HttpClient/4.5.2 (Java/1.7.0_79)[\r][\n]"
DEBUG: org.apache.http.wire - http-outgoing-22 >> "Accept-Encoding: gzip,deflate[\r][\n]"
DEBUG: org.apache.http.wire - http-outgoing-22 >> "[\r][\n]"
DEBUG: org.apache.http.wire - http-outgoing-22 >> "{"id":"{fe0df3b4-fa9a-104a-b3ad-60796463455f}","value":["somebody@something.de"]}"
DEBUG: org.apache.http.wire - http-outgoing-22 << "HTTP/1.1 200 OK[\r][\n]"
DEBUG: org.apache.http.wire - http-outgoing-22 << "content-type: application/json; charset=UTF-8[\r][\n]"
DEBUG: org.apache.http.wire - http-outgoing-22 << "connection: close[\r][\n]"
DEBUG: org.apache.http.wire - http-outgoing-22 << "content-length: 101[\r][\n]"
DEBUG: org.apache.http.wire - http-outgoing-22 << "server: httpd.js[\r][\n]"
DEBUG: org.apache.http.wire - http-outgoing-22 << "date: Fri, 26 Aug 2016 09:42:47 GMT[\r][\n]"
DEBUG: org.apache.http.wire - http-outgoing-22 << "[\r][\n]"
DEBUG: org.apache.http.headers - http-outgoing-22 << HTTP/1.1 200 OK
DEBUG: org.apache.http.headers - http-outgoing-22 << content-type: application/json; charset=UTF-8
DEBUG: org.apache.http.headers - http-outgoing-22 << connection: close
DEBUG: org.apache.http.headers - http-outgoing-22 << content-length: 101
DEBUG: org.apache.http.headers - http-outgoing-22 << server: httpd.js
DEBUG: org.apache.http.headers - http-outgoing-22 << date: Fri, 26 Aug 2016 09:42:47 GMT
DEBUG: org.apache.http.wire - http-outgoing-22 << "{"name":"sendKeysToElement","sessionId":"ef37bd3e-2017-2940-a760-71d500ce28c2","status":0,"value":""}"
DEBUG: org.apache.http.impl.conn.DefaultManagedHttpClientConnection - http-outgoing-22: Close connection
DEBUG: org.apache.http.impl.execchain.MainClientExec - Connection discarded
DEBUG: org.apache.http.impl.conn.PoolingHttpClientConnectionManager - Connection released: [id: 22][route: {}->http://127.0.0.1:7055][total kept alive: 0; route allocated: 0 of 2000; total allocated: 0 of 2000]
DEBUG: org.apache.http.client.protocol.RequestAddCookies - CookieSpec selected: default
DEBUG: org.apache.http.client.protocol.RequestAuthCache - Auth cache not set in the context
DEBUG: org.apache.http.impl.conn.PoolingHttpClientConnectionManager - Connection request: [route: {}->http://127.0.0.1:7055][total kept alive: 0; route allocated: 0 of 2000; total allocated: 0 of 2000]
DEBUG: org.apache.http.impl.conn.PoolingHttpClientConnectionManager - Connection leased: [id: 23][route: {}->http://127.0.0.1:7055][total kept alive: 0; route allocated: 1 of 2000; total allocated: 1 of 2000]
DEBUG: org.apache.http.impl.execchain.MainClientExec - Opening connection {}->http://127.0.0.1:7055
DEBUG: org.apache.http.impl.conn.DefaultHttpClientConnectionOperator - Connecting to /127.0.0.1:7055
DEBUG: org.apache.http.impl.conn.DefaultHttpClientConnectionOperator - Connection established 127.0.0.1:60676<->127.0.0.1:7055
DEBUG: org.apache.http.impl.conn.DefaultManagedHttpClientConnection - http-outgoing-23: set socket timeout to 10800000
DEBUG: org.apache.http.impl.execchain.MainClientExec - Executing request POST /hub/session/ef37bd3e-2017-2940-a760-71d500ce28c2/element HTTP/1.1
DEBUG: org.apache.http.impl.execchain.MainClientExec - Target auth state: UNCHALLENGED
DEBUG: org.apache.http.impl.execchain.MainClientExec - Proxy auth state: UNCHALLENGED
DEBUG: org.apache.http.headers - http-outgoing-23 >> POST /hub/session/ef37bd3e-2017-2940-a760-71d500ce28c2/element HTTP/1.1
DEBUG: org.apache.http.headers - http-outgoing-23 >> Content-Type: application/json; charset=utf-8
DEBUG: org.apache.http.headers - http-outgoing-23 >> Content-Length: 37
DEBUG: org.apache.http.headers - http-outgoing-23 >> Host: 127.0.0.1:7055
DEBUG: org.apache.http.headers - http-outgoing-23 >> Connection: Keep-Alive
DEBUG: org.apache.http.headers - http-outgoing-23 >> User-Agent: Apache-HttpClient/4.5.2 (Java/1.7.0_79)
DEBUG: org.apache.http.headers - http-outgoing-23 >> Accept-Encoding: gzip,deflate
DEBUG: org.apache.http.wire - http-outgoing-23 >> "POST /hub/session/ef37bd3e-2017-2940-a760-71d500ce28c2/element HTTP/1.1[\r][\n]"
DEBUG: org.apache.http.wire - http-outgoing-23 >> "Content-Type: application/json; charset=utf-8[\r][\n]"
DEBUG: org.apache.http.wire - http-outgoing-23 >> "Content-Length: 37[\r][\n]"
DEBUG: org.apache.http.wire - http-outgoing-23 >> "Host: 127.0.0.1:7055[\r][\n]"
DEBUG: org.apache.http.wire - http-outgoing-23 >> "Connection: Keep-Alive[\r][\n]"
DEBUG: org.apache.http.wire - http-outgoing-23 >> "User-Agent: Apache-HttpClient/4.5.2 (Java/1.7.0_79)[\r][\n]"
DEBUG: org.apache.http.wire - http-outgoing-23 >> "Accept-Encoding: gzip,deflate[\r][\n]"
DEBUG: org.apache.http.wire - http-outgoing-23 >> "[\r][\n]"
DEBUG: org.apache.http.wire - http-outgoing-23 >> "{"using":"id","value":"fld_password"}"
DEBUG: org.apache.http.wire - http-outgoing-23 << "HTTP/1.1 200 OK[\r][\n]"
DEBUG: org.apache.http.wire - http-outgoing-23 << "content-type: application/json; charset=UTF-8[\r][\n]"
DEBUG: org.apache.http.wire - http-outgoing-23 << "connection: close[\r][\n]"
DEBUG: org.apache.http.wire - http-outgoing-23 << "content-length: 224[\r][\n]"
DEBUG: org.apache.http.wire - http-outgoing-23 << "server: httpd.js[\r][\n]"
DEBUG: org.apache.http.wire - http-outgoing-23 << "date: Fri, 26 Aug 2016 09:42:47 GMT[\r][\n]"
DEBUG: org.apache.http.wire - http-outgoing-23 << "[\r][\n]"
DEBUG: org.apache.http.headers - http-outgoing-23 << HTTP/1.1 200 OK
DEBUG: org.apache.http.headers - http-outgoing-23 << content-type: application/json; charset=UTF-8
DEBUG: org.apache.http.headers - http-outgoing-23 << connection: close
DEBUG: org.apache.http.headers - http-outgoing-23 << content-length: 224
DEBUG: org.apache.http.headers - http-outgoing-23 << server: httpd.js
DEBUG: org.apache.http.headers - http-outgoing-23 << date: Fri, 26 Aug 2016 09:42:47 GMT
DEBUG: org.apache.http.wire - http-outgoing-23 << "{"name":"findElement","sessionId":"ef37bd3e-2017-2940-a760-71d500ce28c2","status":0,"value":{"ELEMENT":"{27053b0c-4539-924e-a2f2-784e6a919aeb}","element-6066-11e4-a52e-4f735466cecf":"{27053b0c-4539-924e-a2f2-784e6a919aeb}"}}"
DEBUG: org.apache.http.impl.conn.DefaultManagedHttpClientConnection - http-outgoing-23: Close connection
DEBUG: org.apache.http.impl.execchain.MainClientExec - Connection discarded
DEBUG: org.apache.http.impl.conn.PoolingHttpClientConnectionManager - Connection released: [id: 23][route: {}->http://127.0.0.1:7055][total kept alive: 0; route allocated: 0 of 2000; total allocated: 0 of 2000]
DEBUG: org.apache.http.client.protocol.RequestAddCookies - CookieSpec selected: default
DEBUG: org.apache.http.client.protocol.RequestAuthCache - Auth cache not set in the context
DEBUG: org.apache.http.impl.conn.PoolingHttpClientConnectionManager - Connection request: [route: {}->http://127.0.0.1:7055][total kept alive: 0; route allocated: 0 of 2000; total allocated: 0 of 2000]
DEBUG: org.apache.http.impl.conn.PoolingHttpClientConnectionManager - Connection leased: [id: 24][route: {}->http://127.0.0.1:7055][total kept alive: 0; route allocated: 1 of 2000; total allocated: 1 of 2000]
DEBUG: org.apache.http.impl.execchain.MainClientExec - Opening connection {}->http://127.0.0.1:7055
DEBUG: org.apache.http.impl.conn.DefaultHttpClientConnectionOperator - Connecting to /127.0.0.1:7055
DEBUG: org.apache.http.impl.conn.DefaultHttpClientConnectionOperator - Connection established 127.0.0.1:60677<->127.0.0.1:7055
DEBUG: org.apache.http.impl.conn.DefaultManagedHttpClientConnection - http-outgoing-24: set socket timeout to 10800000
DEBUG: org.apache.http.impl.execchain.MainClientExec - Executing request POST /hub/session/ef37bd3e-2017-2940-a760-71d500ce28c2/element/%7B27053b0c-4539-924e-a2f2-784e6a919aeb%7D/clear HTTP/1.1
DEBUG: org.apache.http.impl.execchain.MainClientExec - Target auth state: UNCHALLENGED
DEBUG: org.apache.http.impl.execchain.MainClientExec - Proxy auth state: UNCHALLENGED
DEBUG: org.apache.http.headers - http-outgoing-24 >> POST /hub/session/ef37bd3e-2017-2940-a760-71d500ce28c2/element/%7B27053b0c-4539-924e-a2f2-784e6a919aeb%7D/clear HTTP/1.1
DEBUG: org.apache.http.headers - http-outgoing-24 >> Content-Type: application/json; charset=utf-8
DEBUG: org.apache.http.headers - http-outgoing-24 >> Content-Length: 47
DEBUG: org.apache.http.headers - http-outgoing-24 >> Host: 127.0.0.1:7055
DEBUG: org.apache.http.headers - http-outgoing-24 >> Connection: Keep-Alive
DEBUG: org.apache.http.headers - http-outgoing-24 >> User-Agent: Apache-HttpClient/4.5.2 (Java/1.7.0_79)
DEBUG: org.apache.http.headers - http-outgoing-24 >> Accept-Encoding: gzip,deflate
DEBUG: org.apache.http.wire - http-outgoing-24 >> "POST /hub/session/ef37bd3e-2017-2940-a760-71d500ce28c2/element/%7B27053b0c-4539-924e-a2f2-784e6a919aeb%7D/clear HTTP/1.1[\r][\n]"
DEBUG: org.apache.http.wire - http-outgoing-24 >> "Content-Type: application/json; charset=utf-8[\r][\n]"
DEBUG: org.apache.http.wire - http-outgoing-24 >> "Content-Length: 47[\r][\n]"
DEBUG: org.apache.http.wire - http-outgoing-24 >> "Host: 127.0.0.1:7055[\r][\n]"
DEBUG: org.apache.http.wire - http-outgoing-24 >> "Connection: Keep-Alive[\r][\n]"
DEBUG: org.apache.http.wire - http-outgoing-24 >> "User-Agent: Apache-HttpClient/4.5.2 (Java/1.7.0_79)[\r][\n]"
DEBUG: org.apache.http.wire - http-outgoing-24 >> "Accept-Encoding: gzip,deflate[\r][\n]"
DEBUG: org.apache.http.wire - http-outgoing-24 >> "[\r][\n]"
DEBUG: org.apache.http.wire - http-outgoing-24 >> "{"id":"{27053b0c-4539-924e-a2f2-784e6a919aeb}"}"
DEBUG: org.apache.http.wire - http-outgoing-24 << "HTTP/1.1 200 OK[\r][\n]"
DEBUG: org.apache.http.wire - http-outgoing-24 << "content-type: application/json; charset=UTF-8[\r][\n]"
DEBUG: org.apache.http.wire - http-outgoing-24 << "connection: close[\r][\n]"
DEBUG: org.apache.http.wire - http-outgoing-24 << "content-length: 96[\r][\n]"
DEBUG: org.apache.http.wire - http-outgoing-24 << "server: httpd.js[\r][\n]"
DEBUG: org.apache.http.wire - http-outgoing-24 << "date: Fri, 26 Aug 2016 09:42:47 GMT[\r][\n]"
DEBUG: org.apache.http.wire - http-outgoing-24 << "[\r][\n]"
DEBUG: org.apache.http.headers - http-outgoing-24 << HTTP/1.1 200 OK
DEBUG: org.apache.http.headers - http-outgoing-24 << content-type: application/json; charset=UTF-8
DEBUG: org.apache.http.headers - http-outgoing-24 << connection: close
DEBUG: org.apache.http.headers - http-outgoing-24 << content-length: 96
DEBUG: org.apache.http.headers - http-outgoing-24 << server: httpd.js
DEBUG: org.apache.http.headers - http-outgoing-24 << date: Fri, 26 Aug 2016 09:42:47 GMT
DEBUG: org.apache.http.wire - http-outgoing-24 << "{"name":"clearElement","sessionId":"ef37bd3e-2017-2940-a760-71d500ce28c2","status":0,"value":""}"
DEBUG: org.apache.http.impl.conn.DefaultManagedHttpClientConnection - http-outgoing-24: Close connection
DEBUG: org.apache.http.impl.execchain.MainClientExec - Connection discarded
DEBUG: org.apache.http.impl.conn.PoolingHttpClientConnectionManager - Connection released: [id: 24][route: {}->http://127.0.0.1:7055][total kept alive: 0; route allocated: 0 of 2000; total allocated: 0 of 2000]
DEBUG: org.apache.http.client.protocol.RequestAddCookies - CookieSpec selected: default
DEBUG: org.apache.http.client.protocol.RequestAuthCache - Auth cache not set in the context
DEBUG: org.apache.http.impl.conn.PoolingHttpClientConnectionManager - Connection request: [route: {}->http://127.0.0.1:7055][total kept alive: 0; route allocated: 0 of 2000; total allocated: 0 of 2000]
DEBUG: org.apache.http.impl.conn.PoolingHttpClientConnectionManager - Connection leased: [id: 25][route: {}->http://127.0.0.1:7055][total kept alive: 0; route allocated: 1 of 2000; total allocated: 1 of 2000]
DEBUG: org.apache.http.impl.execchain.MainClientExec - Opening connection {}->http://127.0.0.1:7055
DEBUG: org.apache.http.impl.conn.DefaultHttpClientConnectionOperator - Connecting to /127.0.0.1:7055
DEBUG: org.apache.http.impl.conn.DefaultHttpClientConnectionOperator - Connection established 127.0.0.1:60678<->127.0.0.1:7055
DEBUG: org.apache.http.impl.conn.DefaultManagedHttpClientConnection - http-outgoing-25: set socket timeout to 10800000
DEBUG: org.apache.http.impl.execchain.MainClientExec - Executing request POST /hub/session/ef37bd3e-2017-2940-a760-71d500ce28c2/element/%7B27053b0c-4539-924e-a2f2-784e6a919aeb%7D/value HTTP/1.1
DEBUG: org.apache.http.impl.execchain.MainClientExec - Target auth state: UNCHALLENGED
DEBUG: org.apache.http.impl.execchain.MainClientExec - Proxy auth state: UNCHALLENGED
DEBUG: org.apache.http.headers - http-outgoing-25 >> POST /hub/session/ef37bd3e-2017-2940-a760-71d500ce28c2/element/%7B27053b0c-4539-924e-a2f2-784e6a919aeb%7D/value HTTP/1.1
DEBUG: org.apache.http.headers - http-outgoing-25 >> Content-Type: application/json; charset=utf-8
DEBUG: org.apache.http.headers - http-outgoing-25 >> Content-Length: 66
DEBUG: org.apache.http.headers - http-outgoing-25 >> Host: 127.0.0.1:7055
DEBUG: org.apache.http.headers - http-outgoing-25 >> Connection: Keep-Alive
DEBUG: org.apache.http.headers - http-outgoing-25 >> User-Agent: Apache-HttpClient/4.5.2 (Java/1.7.0_79)
DEBUG: org.apache.http.headers - http-outgoing-25 >> Accept-Encoding: gzip,deflate
DEBUG: org.apache.http.wire - http-outgoing-25 >> "POST /hub/session/ef37bd3e-2017-2940-a760-71d500ce28c2/element/%7B27053b0c-4539-924e-a2f2-784e6a919aeb%7D/value HTTP/1.1[\r][\n]"
DEBUG: org.apache.http.wire - http-outgoing-25 >> "Content-Type: application/json; charset=utf-8[\r][\n]"
DEBUG: org.apache.http.wire - http-outgoing-25 >> "Content-Length: 66[\r][\n]"
DEBUG: org.apache.http.wire - http-outgoing-25 >> "Host: 127.0.0.1:7055[\r][\n]"
DEBUG: org.apache.http.wire - http-outgoing-25 >> "Connection: Keep-Alive[\r][\n]"
DEBUG: org.apache.http.wire - http-outgoing-25 >> "User-Agent: Apache-HttpClient/4.5.2 (Java/1.7.0_79)[\r][\n]"
DEBUG: org.apache.http.wire - http-outgoing-25 >> "Accept-Encoding: gzip,deflate[\r][\n]"
DEBUG: org.apache.http.wire - http-outgoing-25 >> "[\r][\n]"
DEBUG: org.apache.http.wire - http-outgoing-25 >> "{"id":"{27053b0c-4539-924e-a2f2-784e6a919aeb}","value":["secret"]}"
DEBUG: org.apache.http.wire - http-outgoing-25 << "HTTP/1.1 200 OK[\r][\n]"
DEBUG: org.apache.http.wire - http-outgoing-25 << "content-type: application/json; charset=UTF-8[\r][\n]"
DEBUG: org.apache.http.wire - http-outgoing-25 << "connection: close[\r][\n]"
DEBUG: org.apache.http.wire - http-outgoing-25 << "content-length: 101[\r][\n]"
DEBUG: org.apache.http.wire - http-outgoing-25 << "server: httpd.js[\r][\n]"
DEBUG: org.apache.http.wire - http-outgoing-25 << "date: Fri, 26 Aug 2016 09:42:47 GMT[\r][\n]"
DEBUG: org.apache.http.wire - http-outgoing-25 << "[\r][\n]"
DEBUG: org.apache.http.headers - http-outgoing-25 << HTTP/1.1 200 OK
DEBUG: org.apache.http.headers - http-outgoing-25 << content-type: application/json; charset=UTF-8
DEBUG: org.apache.http.headers - http-outgoing-25 << connection: close
DEBUG: org.apache.http.headers - http-outgoing-25 << content-length: 101
DEBUG: org.apache.http.headers - http-outgoing-25 << server: httpd.js
DEBUG: org.apache.http.headers - http-outgoing-25 << date: Fri, 26 Aug 2016 09:42:47 GMT
DEBUG: org.apache.http.wire - http-outgoing-25 << "{"name":"sendKeysToElement","sessionId":"ef37bd3e-2017-2940-a760-71d500ce28c2","status":0,"value":""}"
DEBUG: org.apache.http.impl.conn.DefaultManagedHttpClientConnection - http-outgoing-25: Close connection
DEBUG: org.apache.http.impl.execchain.MainClientExec - Connection discarded
DEBUG: org.apache.http.impl.conn.PoolingHttpClientConnectionManager - Connection released: [id: 25][route: {}->http://127.0.0.1:7055][total kept alive: 0; route allocated: 0 of 2000; total allocated: 0 of 2000]
DEBUG: org.apache.http.client.protocol.RequestAddCookies - CookieSpec selected: default
DEBUG: org.apache.http.client.protocol.RequestAuthCache - Auth cache not set in the context
DEBUG: org.apache.http.impl.conn.PoolingHttpClientConnectionManager - Connection request: [route: {}->http://127.0.0.1:7055][total kept alive: 0; route allocated: 0 of 2000; total allocated: 0 of 2000]
DEBUG: org.apache.http.impl.conn.PoolingHttpClientConnectionManager - Connection leased: [id: 26][route: {}->http://127.0.0.1:7055][total kept alive: 0; route allocated: 1 of 2000; total allocated: 1 of 2000]
DEBUG: org.apache.http.impl.execchain.MainClientExec - Opening connection {}->http://127.0.0.1:7055
DEBUG: org.apache.http.impl.conn.DefaultHttpClientConnectionOperator - Connecting to /127.0.0.1:7055
DEBUG: org.apache.http.impl.conn.DefaultHttpClientConnectionOperator - Connection established 127.0.0.1:60679<->127.0.0.1:7055
DEBUG: org.apache.http.impl.conn.DefaultManagedHttpClientConnection - http-outgoing-26: set socket timeout to 10800000
DEBUG: org.apache.http.impl.execchain.MainClientExec - Executing request POST /hub/session/ef37bd3e-2017-2940-a760-71d500ce28c2/element HTTP/1.1
DEBUG: org.apache.http.impl.execchain.MainClientExec - Target auth state: UNCHALLENGED
DEBUG: org.apache.http.impl.execchain.MainClientExec - Proxy auth state: UNCHALLENGED
DEBUG: org.apache.http.headers - http-outgoing-26 >> POST /hub/session/ef37bd3e-2017-2940-a760-71d500ce28c2/element HTTP/1.1
DEBUG: org.apache.http.headers - http-outgoing-26 >> Content-Type: application/json; charset=utf-8
DEBUG: org.apache.http.headers - http-outgoing-26 >> Content-Length: 33
DEBUG: org.apache.http.headers - http-outgoing-26 >> Host: 127.0.0.1:7055
DEBUG: org.apache.http.headers - http-outgoing-26 >> Connection: Keep-Alive
DEBUG: org.apache.http.headers - http-outgoing-26 >> User-Agent: Apache-HttpClient/4.5.2 (Java/1.7.0_79)
DEBUG: org.apache.http.headers - http-outgoing-26 >> Accept-Encoding: gzip,deflate
DEBUG: org.apache.http.wire - http-outgoing-26 >> "POST /hub/session/ef37bd3e-2017-2940-a760-71d500ce28c2/element HTTP/1.1[\r][\n]"
DEBUG: org.apache.http.wire - http-outgoing-26 >> "Content-Type: application/json; charset=utf-8[\r][\n]"
DEBUG: org.apache.http.wire - http-outgoing-26 >> "Content-Length: 33[\r][\n]"
DEBUG: org.apache.http.wire - http-outgoing-26 >> "Host: 127.0.0.1:7055[\r][\n]"
DEBUG: org.apache.http.wire - http-outgoing-26 >> "Connection: Keep-Alive[\r][\n]"
DEBUG: org.apache.http.wire - http-outgoing-26 >> "User-Agent: Apache-HttpClient/4.5.2 (Java/1.7.0_79)[\r][\n]"
DEBUG: org.apache.http.wire - http-outgoing-26 >> "Accept-Encoding: gzip,deflate[\r][\n]"
DEBUG: org.apache.http.wire - http-outgoing-26 >> "[\r][\n]"
DEBUG: org.apache.http.wire - http-outgoing-26 >> "{"using":"id","value":"fld_name"}"
DEBUG: org.apache.http.wire - http-outgoing-26 << "HTTP/1.1 200 OK[\r][\n]"
DEBUG: org.apache.http.wire - http-outgoing-26 << "content-type: application/json; charset=UTF-8[\r][\n]"
DEBUG: org.apache.http.wire - http-outgoing-26 << "connection: close[\r][\n]"
DEBUG: org.apache.http.wire - http-outgoing-26 << "content-length: 224[\r][\n]"
DEBUG: org.apache.http.wire - http-outgoing-26 << "server: httpd.js[\r][\n]"
DEBUG: org.apache.http.wire - http-outgoing-26 << "date: Fri, 26 Aug 2016 09:42:47 GMT[\r][\n]"
DEBUG: org.apache.http.wire - http-outgoing-26 << "[\r][\n]"
DEBUG: org.apache.http.headers - http-outgoing-26 << HTTP/1.1 200 OK
DEBUG: org.apache.http.headers - http-outgoing-26 << content-type: application/json; charset=UTF-8
DEBUG: org.apache.http.headers - http-outgoing-26 << connection: close
DEBUG: org.apache.http.headers - http-outgoing-26 << content-length: 224
DEBUG: org.apache.http.headers - http-outgoing-26 << server: httpd.js
DEBUG: org.apache.http.headers - http-outgoing-26 << date: Fri, 26 Aug 2016 09:42:47 GMT
DEBUG: org.apache.http.wire - http-outgoing-26 << "{"name":"findElement","sessionId":"ef37bd3e-2017-2940-a760-71d500ce28c2","status":0,"value":{"ELEMENT":"{82dd75a9-139b-404f-ba57-6f8c336763d9}","element-6066-11e4-a52e-4f735466cecf":"{82dd75a9-139b-404f-ba57-6f8c336763d9}"}}"
DEBUG: org.apache.http.impl.conn.DefaultManagedHttpClientConnection - http-outgoing-26: Close connection
DEBUG: org.apache.http.impl.execchain.MainClientExec - Connection discarded
DEBUG: org.apache.http.impl.conn.PoolingHttpClientConnectionManager - Connection released: [id: 26][route: {}->http://127.0.0.1:7055][total kept alive: 0; route allocated: 0 of 2000; total allocated: 0 of 2000]
DEBUG: org.apache.http.client.protocol.RequestAddCookies - CookieSpec selected: default
DEBUG: org.apache.http.client.protocol.RequestAuthCache - Auth cache not set in the context
DEBUG: org.apache.http.impl.conn.PoolingHttpClientConnectionManager - Connection request: [route: {}->http://127.0.0.1:7055][total kept alive: 0; route allocated: 0 of 2000; total allocated: 0 of 2000]
DEBUG: org.apache.http.impl.conn.PoolingHttpClientConnectionManager - Connection leased: [id: 27][route: {}->http://127.0.0.1:7055][total kept alive: 0; route allocated: 1 of 2000; total allocated: 1 of 2000]
DEBUG: org.apache.http.impl.execchain.MainClientExec - Opening connection {}->http://127.0.0.1:7055
DEBUG: org.apache.http.impl.conn.DefaultHttpClientConnectionOperator - Connecting to /127.0.0.1:7055
DEBUG: org.apache.http.impl.conn.DefaultHttpClientConnectionOperator - Connection established 127.0.0.1:60680<->127.0.0.1:7055
DEBUG: org.apache.http.impl.conn.DefaultManagedHttpClientConnection - http-outgoing-27: set socket timeout to 10800000
DEBUG: org.apache.http.impl.execchain.MainClientExec - Executing request POST /hub/session/ef37bd3e-2017-2940-a760-71d500ce28c2/element/%7B82dd75a9-139b-404f-ba57-6f8c336763d9%7D/clear HTTP/1.1
DEBUG: org.apache.http.impl.execchain.MainClientExec - Target auth state: UNCHALLENGED
DEBUG: org.apache.http.impl.execchain.MainClientExec - Proxy auth state: UNCHALLENGED
DEBUG: org.apache.http.headers - http-outgoing-27 >> POST /hub/session/ef37bd3e-2017-2940-a760-71d500ce28c2/element/%7B82dd75a9-139b-404f-ba57-6f8c336763d9%7D/clear HTTP/1.1
DEBUG: org.apache.http.headers - http-outgoing-27 >> Content-Type: application/json; charset=utf-8
DEBUG: org.apache.http.headers - http-outgoing-27 >> Content-Length: 47
DEBUG: org.apache.http.headers - http-outgoing-27 >> Host: 127.0.0.1:7055
DEBUG: org.apache.http.headers - http-outgoing-27 >> Connection: Keep-Alive
DEBUG: org.apache.http.headers - http-outgoing-27 >> User-Agent: Apache-HttpClient/4.5.2 (Java/1.7.0_79)
DEBUG: org.apache.http.headers - http-outgoing-27 >> Accept-Encoding: gzip,deflate
DEBUG: org.apache.http.wire - http-outgoing-27 >> "POST /hub/session/ef37bd3e-2017-2940-a760-71d500ce28c2/element/%7B82dd75a9-139b-404f-ba57-6f8c336763d9%7D/clear HTTP/1.1[\r][\n]"
DEBUG: org.apache.http.wire - http-outgoing-27 >> "Content-Type: application/json; charset=utf-8[\r][\n]"
DEBUG: org.apache.http.wire - http-outgoing-27 >> "Content-Length: 47[\r][\n]"
DEBUG: org.apache.http.wire - http-outgoing-27 >> "Host: 127.0.0.1:7055[\r][\n]"
DEBUG: org.apache.http.wire - http-outgoing-27 >> "Connection: Keep-Alive[\r][\n]"
DEBUG: org.apache.http.wire - http-outgoing-27 >> "User-Agent: Apache-HttpClient/4.5.2 (Java/1.7.0_79)[\r][\n]"
DEBUG: org.apache.http.wire - http-outgoing-27 >> "Accept-Encoding: gzip,deflate[\r][\n]"
DEBUG: org.apache.http.wire - http-outgoing-27 >> "[\r][\n]"
DEBUG: org.apache.http.wire - http-outgoing-27 >> "{"id":"{82dd75a9-139b-404f-ba57-6f8c336763d9}"}"
DEBUG: org.apache.http.wire - http-outgoing-27 << "HTTP/1.1 200 OK[\r][\n]"
DEBUG: org.apache.http.wire - http-outgoing-27 << "content-type: application/json; charset=UTF-8[\r][\n]"
DEBUG: org.apache.http.wire - http-outgoing-27 << "connection: close[\r][\n]"
DEBUG: org.apache.http.wire - http-outgoing-27 << "content-length: 96[\r][\n]"
DEBUG: org.apache.http.wire - http-outgoing-27 << "server: httpd.js[\r][\n]"
DEBUG: org.apache.http.wire - http-outgoing-27 << "date: Fri, 26 Aug 2016 09:42:47 GMT[\r][\n]"
DEBUG: org.apache.http.wire - http-outgoing-27 << "[\r][\n]"
DEBUG: org.apache.http.headers - http-outgoing-27 << HTTP/1.1 200 OK
DEBUG: org.apache.http.headers - http-outgoing-27 << content-type: application/json; charset=UTF-8
DEBUG: org.apache.http.headers - http-outgoing-27 << connection: close
DEBUG: org.apache.http.headers - http-outgoing-27 << content-length: 96
DEBUG: org.apache.http.headers - http-outgoing-27 << server: httpd.js
DEBUG: org.apache.http.headers - http-outgoing-27 << date: Fri, 26 Aug 2016 09:42:47 GMT
DEBUG: org.apache.http.wire - http-outgoing-27 << "{"name":"clearElement","sessionId":"ef37bd3e-2017-2940-a760-71d500ce28c2","status":0,"value":""}"
DEBUG: org.apache.http.impl.conn.DefaultManagedHttpClientConnection - http-outgoing-27: Close connection
DEBUG: org.apache.http.impl.execchain.MainClientExec - Connection discarded
DEBUG: org.apache.http.impl.conn.PoolingHttpClientConnectionManager - Connection released: [id: 27][route: {}->http://127.0.0.1:7055][total kept alive: 0; route allocated: 0 of 2000; total allocated: 0 of 2000]
DEBUG: org.apache.http.client.protocol.RequestAddCookies - CookieSpec selected: default
DEBUG: org.apache.http.client.protocol.RequestAuthCache - Auth cache not set in the context
DEBUG: org.apache.http.impl.conn.PoolingHttpClientConnectionManager - Connection request: [route: {}->http://127.0.0.1:7055][total kept alive: 0; route allocated: 0 of 2000; total allocated: 0 of 2000]
DEBUG: org.apache.http.impl.conn.PoolingHttpClientConnectionManager - Connection leased: [id: 28][route: {}->http://127.0.0.1:7055][total kept alive: 0; route allocated: 1 of 2000; total allocated: 1 of 2000]
DEBUG: org.apache.http.impl.execchain.MainClientExec - Opening connection {}->http://127.0.0.1:7055
DEBUG: org.apache.http.impl.conn.DefaultHttpClientConnectionOperator - Connecting to /127.0.0.1:7055
DEBUG: org.apache.http.impl.conn.DefaultHttpClientConnectionOperator - Connection established 127.0.0.1:60681<->127.0.0.1:7055
DEBUG: org.apache.http.impl.conn.DefaultManagedHttpClientConnection - http-outgoing-28: set socket timeout to 10800000
DEBUG: org.apache.http.impl.execchain.MainClientExec - Executing request POST /hub/session/ef37bd3e-2017-2940-a760-71d500ce28c2/element/%7B82dd75a9-139b-404f-ba57-6f8c336763d9%7D/value HTTP/1.1
DEBUG: org.apache.http.impl.execchain.MainClientExec - Target auth state: UNCHALLENGED
DEBUG: org.apache.http.impl.execchain.MainClientExec - Proxy auth state: UNCHALLENGED
DEBUG: org.apache.http.headers - http-outgoing-28 >> POST /hub/session/ef37bd3e-2017-2940-a760-71d500ce28c2/element/%7B82dd75a9-139b-404f-ba57-6f8c336763d9%7D/value HTTP/1.1
DEBUG: org.apache.http.headers - http-outgoing-28 >> Content-Type: application/json; charset=utf-8
DEBUG: org.apache.http.headers - http-outgoing-28 >> Content-Length: 70
DEBUG: org.apache.http.headers - http-outgoing-28 >> Host: 127.0.0.1:7055
DEBUG: org.apache.http.headers - http-outgoing-28 >> Connection: Keep-Alive
DEBUG: org.apache.http.headers - http-outgoing-28 >> User-Agent: Apache-HttpClient/4.5.2 (Java/1.7.0_79)
DEBUG: org.apache.http.headers - http-outgoing-28 >> Accept-Encoding: gzip,deflate
DEBUG: org.apache.http.wire - http-outgoing-28 >> "POST /hub/session/ef37bd3e-2017-2940-a760-71d500ce28c2/element/%7B82dd75a9-139b-404f-ba57-6f8c336763d9%7D/value HTTP/1.1[\r][\n]"
DEBUG: org.apache.http.wire - http-outgoing-28 >> "Content-Type: application/json; charset=utf-8[\r][\n]"
DEBUG: org.apache.http.wire - http-outgoing-28 >> "Content-Length: 70[\r][\n]"
DEBUG: org.apache.http.wire - http-outgoing-28 >> "Host: 127.0.0.1:7055[\r][\n]"
DEBUG: org.apache.http.wire - http-outgoing-28 >> "Connection: Keep-Alive[\r][\n]"
DEBUG: org.apache.http.wire - http-outgoing-28 >> "User-Agent: Apache-HttpClient/4.5.2 (Java/1.7.0_79)[\r][\n]"
DEBUG: org.apache.http.wire - http-outgoing-28 >> "Accept-Encoding: gzip,deflate[\r][\n]"
DEBUG: org.apache.http.wire - http-outgoing-28 >> "[\r][\n]"
DEBUG: org.apache.http.wire - http-outgoing-28 >> "{"id":"{82dd75a9-139b-404f-ba57-6f8c336763d9}","value":["Jan Plewka"]}"
DEBUG: org.apache.http.wire - http-outgoing-28 << "HTTP/1.1 200 OK[\r][\n]"
DEBUG: org.apache.http.wire - http-outgoing-28 << "content-type: application/json; charset=UTF-8[\r][\n]"
DEBUG: org.apache.http.wire - http-outgoing-28 << "connection: close[\r][\n]"
DEBUG: org.apache.http.wire - http-outgoing-28 << "content-length: 101[\r][\n]"
DEBUG: org.apache.http.wire - http-outgoing-28 << "server: httpd.js[\r][\n]"
DEBUG: org.apache.http.wire - http-outgoing-28 << "date: Fri, 26 Aug 2016 09:42:47 GMT[\r][\n]"
DEBUG: org.apache.http.wire - http-outgoing-28 << "[\r][\n]"
DEBUG: org.apache.http.headers - http-outgoing-28 << HTTP/1.1 200 OK
DEBUG: org.apache.http.headers - http-outgoing-28 << content-type: application/json; charset=UTF-8
DEBUG: org.apache.http.headers - http-outgoing-28 << connection: close
DEBUG: org.apache.http.headers - http-outgoing-28 << content-length: 101
DEBUG: org.apache.http.headers - http-outgoing-28 << server: httpd.js
DEBUG: org.apache.http.headers - http-outgoing-28 << date: Fri, 26 Aug 2016 09:42:47 GMT
DEBUG: org.apache.http.wire - http-outgoing-28 << "{"name":"sendKeysToElement","sessionId":"ef37bd3e-2017-2940-a760-71d500ce28c2","status":0,"value":""}"
DEBUG: org.apache.http.impl.conn.DefaultManagedHttpClientConnection - http-outgoing-28: Close connection
DEBUG: org.apache.http.impl.execchain.MainClientExec - Connection discarded
DEBUG: org.apache.http.impl.conn.PoolingHttpClientConnectionManager - Connection released: [id: 28][route: {}->http://127.0.0.1:7055][total kept alive: 0; route allocated: 0 of 2000; total allocated: 0 of 2000]
DEBUG: org.apache.http.client.protocol.RequestAddCookies - CookieSpec selected: default
DEBUG: org.apache.http.client.protocol.RequestAuthCache - Auth cache not set in the context
DEBUG: org.apache.http.impl.conn.PoolingHttpClientConnectionManager - Connection request: [route: {}->http://127.0.0.1:7055][total kept alive: 0; route allocated: 0 of 2000; total allocated: 0 of 2000]
DEBUG: org.apache.http.impl.conn.PoolingHttpClientConnectionManager - Connection leased: [id: 29][route: {}->http://127.0.0.1:7055][total kept alive: 0; route allocated: 1 of 2000; total allocated: 1 of 2000]
DEBUG: org.apache.http.impl.execchain.MainClientExec - Opening connection {}->http://127.0.0.1:7055
DEBUG: org.apache.http.impl.conn.DefaultHttpClientConnectionOperator - Connecting to /127.0.0.1:7055
DEBUG: org.apache.http.impl.conn.DefaultHttpClientConnectionOperator - Connection established 127.0.0.1:60682<->127.0.0.1:7055
DEBUG: org.apache.http.impl.conn.DefaultManagedHttpClientConnection - http-outgoing-29: set socket timeout to 10800000
DEBUG: org.apache.http.impl.execchain.MainClientExec - Executing request POST /hub/session/ef37bd3e-2017-2940-a760-71d500ce28c2/element HTTP/1.1
DEBUG: org.apache.http.impl.execchain.MainClientExec - Target auth state: UNCHALLENGED
DEBUG: org.apache.http.impl.execchain.MainClientExec - Proxy auth state: UNCHALLENGED
DEBUG: org.apache.http.headers - http-outgoing-29 >> POST /hub/session/ef37bd3e-2017-2940-a760-71d500ce28c2/element HTTP/1.1
DEBUG: org.apache.http.headers - http-outgoing-29 >> Content-Type: application/json; charset=utf-8
DEBUG: org.apache.http.headers - http-outgoing-29 >> Content-Length: 40
DEBUG: org.apache.http.headers - http-outgoing-29 >> Host: 127.0.0.1:7055
DEBUG: org.apache.http.headers - http-outgoing-29 >> Connection: Keep-Alive
DEBUG: org.apache.http.headers - http-outgoing-29 >> User-Agent: Apache-HttpClient/4.5.2 (Java/1.7.0_79)
DEBUG: org.apache.http.headers - http-outgoing-29 >> Accept-Encoding: gzip,deflate
DEBUG: org.apache.http.wire - http-outgoing-29 >> "POST /hub/session/ef37bd3e-2017-2940-a760-71d500ce28c2/element HTTP/1.1[\r][\n]"
DEBUG: org.apache.http.wire - http-outgoing-29 >> "Content-Type: application/json; charset=utf-8[\r][\n]"
DEBUG: org.apache.http.wire - http-outgoing-29 >> "Content-Length: 40[\r][\n]"
DEBUG: org.apache.http.wire - http-outgoing-29 >> "Host: 127.0.0.1:7055[\r][\n]"
DEBUG: org.apache.http.wire - http-outgoing-29 >> "Connection: Keep-Alive[\r][\n]"
DEBUG: org.apache.http.wire - http-outgoing-29 >> "User-Agent: Apache-HttpClient/4.5.2 (Java/1.7.0_79)[\r][\n]"
DEBUG: org.apache.http.wire - http-outgoing-29 >> "Accept-Encoding: gzip,deflate[\r][\n]"
DEBUG: org.apache.http.wire - http-outgoing-29 >> "[\r][\n]"
DEBUG: org.apache.http.wire - http-outgoing-29 >> "{"using":"id","value":"fld_phoneNumber"}"
DEBUG: org.apache.http.wire - http-outgoing-29 << "HTTP/1.1 200 OK[\r][\n]"
DEBUG: org.apache.http.wire - http-outgoing-29 << "content-type: application/json; charset=UTF-8[\r][\n]"
DEBUG: org.apache.http.wire - http-outgoing-29 << "connection: close[\r][\n]"
DEBUG: org.apache.http.wire - http-outgoing-29 << "content-length: 224[\r][\n]"
DEBUG: org.apache.http.wire - http-outgoing-29 << "server: httpd.js[\r][\n]"
DEBUG: org.apache.http.wire - http-outgoing-29 << "date: Fri, 26 Aug 2016 09:42:47 GMT[\r][\n]"
DEBUG: org.apache.http.wire - http-outgoing-29 << "[\r][\n]"
DEBUG: org.apache.http.headers - http-outgoing-29 << HTTP/1.1 200 OK
DEBUG: org.apache.http.headers - http-outgoing-29 << content-type: application/json; charset=UTF-8
DEBUG: org.apache.http.headers - http-outgoing-29 << connection: close
DEBUG: org.apache.http.headers - http-outgoing-29 << content-length: 224
DEBUG: org.apache.http.headers - http-outgoing-29 << server: httpd.js
DEBUG: org.apache.http.headers - http-outgoing-29 << date: Fri, 26 Aug 2016 09:42:47 GMT
DEBUG: org.apache.http.wire - http-outgoing-29 << "{"name":"findElement","sessionId":"ef37bd3e-2017-2940-a760-71d500ce28c2","status":0,"value":{"ELEMENT":"{2bd0a2a2-05a0-3e4a-a78f-d39bdb9c43de}","element-6066-11e4-a52e-4f735466cecf":"{2bd0a2a2-05a0-3e4a-a78f-d39bdb9c43de}"}}"
DEBUG: org.apache.http.impl.conn.DefaultManagedHttpClientConnection - http-outgoing-29: Close connection
DEBUG: org.apache.http.impl.execchain.MainClientExec - Connection discarded
DEBUG: org.apache.http.impl.conn.PoolingHttpClientConnectionManager - Connection released: [id: 29][route: {}->http://127.0.0.1:7055][total kept alive: 0; route allocated: 0 of 2000; total allocated: 0 of 2000]
DEBUG: org.apache.http.client.protocol.RequestAddCookies - CookieSpec selected: default
DEBUG: org.apache.http.client.protocol.RequestAuthCache - Auth cache not set in the context
DEBUG: org.apache.http.impl.conn.PoolingHttpClientConnectionManager - Connection request: [route: {}->http://127.0.0.1:7055][total kept alive: 0; route allocated: 0 of 2000; total allocated: 0 of 2000]
DEBUG: org.apache.http.impl.conn.PoolingHttpClientConnectionManager - Connection leased: [id: 30][route: {}->http://127.0.0.1:7055][total kept alive: 0; route allocated: 1 of 2000; total allocated: 1 of 2000]
DEBUG: org.apache.http.impl.execchain.MainClientExec - Opening connection {}->http://127.0.0.1:7055
DEBUG: org.apache.http.impl.conn.DefaultHttpClientConnectionOperator - Connecting to /127.0.0.1:7055
DEBUG: org.apache.http.impl.conn.DefaultHttpClientConnectionOperator - Connection established 127.0.0.1:60683<->127.0.0.1:7055
DEBUG: org.apache.http.impl.conn.DefaultManagedHttpClientConnection - http-outgoing-30: set socket timeout to 10800000
DEBUG: org.apache.http.impl.execchain.MainClientExec - Executing request POST /hub/session/ef37bd3e-2017-2940-a760-71d500ce28c2/element/%7B2bd0a2a2-05a0-3e4a-a78f-d39bdb9c43de%7D/clear HTTP/1.1
DEBUG: org.apache.http.impl.execchain.MainClientExec - Target auth state: UNCHALLENGED
DEBUG: org.apache.http.impl.execchain.MainClientExec - Proxy auth state: UNCHALLENGED
DEBUG: org.apache.http.headers - http-outgoing-30 >> POST /hub/session/ef37bd3e-2017-2940-a760-71d500ce28c2/element/%7B2bd0a2a2-05a0-3e4a-a78f-d39bdb9c43de%7D/clear HTTP/1.1
DEBUG: org.apache.http.headers - http-outgoing-30 >> Content-Type: application/json; charset=utf-8
DEBUG: org.apache.http.headers - http-outgoing-30 >> Content-Length: 47
DEBUG: org.apache.http.headers - http-outgoing-30 >> Host: 127.0.0.1:7055
DEBUG: org.apache.http.headers - http-outgoing-30 >> Connection: Keep-Alive
DEBUG: org.apache.http.headers - http-outgoing-30 >> User-Agent: Apache-HttpClient/4.5.2 (Java/1.7.0_79)
DEBUG: org.apache.http.headers - http-outgoing-30 >> Accept-Encoding: gzip,deflate
DEBUG: org.apache.http.wire - http-outgoing-30 >> "POST /hub/session/ef37bd3e-2017-2940-a760-71d500ce28c2/element/%7B2bd0a2a2-05a0-3e4a-a78f-d39bdb9c43de%7D/clear HTTP/1.1[\r][\n]"
DEBUG: org.apache.http.wire - http-outgoing-30 >> "Content-Type: application/json; charset=utf-8[\r][\n]"
DEBUG: org.apache.http.wire - http-outgoing-30 >> "Content-Length: 47[\r][\n]"
DEBUG: org.apache.http.wire - http-outgoing-30 >> "Host: 127.0.0.1:7055[\r][\n]"
DEBUG: org.apache.http.wire - http-outgoing-30 >> "Connection: Keep-Alive[\r][\n]"
DEBUG: org.apache.http.wire - http-outgoing-30 >> "User-Agent: Apache-HttpClient/4.5.2 (Java/1.7.0_79)[\r][\n]"
DEBUG: org.apache.http.wire - http-outgoing-30 >> "Accept-Encoding: gzip,deflate[\r][\n]"
DEBUG: org.apache.http.wire - http-outgoing-30 >> "[\r][\n]"
DEBUG: org.apache.http.wire - http-outgoing-30 >> "{"id":"{2bd0a2a2-05a0-3e4a-a78f-d39bdb9c43de}"}"
DEBUG: org.apache.http.wire - http-outgoing-30 << "HTTP/1.1 200 OK[\r][\n]"
DEBUG: org.apache.http.wire - http-outgoing-30 << "content-type: application/json; charset=UTF-8[\r][\n]"
DEBUG: org.apache.http.wire - http-outgoing-30 << "connection: close[\r][\n]"
DEBUG: org.apache.http.wire - http-outgoing-30 << "content-length: 96[\r][\n]"
DEBUG: org.apache.http.wire - http-outgoing-30 << "server: httpd.js[\r][\n]"
DEBUG: org.apache.http.wire - http-outgoing-30 << "date: Fri, 26 Aug 2016 09:42:47 GMT[\r][\n]"
DEBUG: org.apache.http.wire - http-outgoing-30 << "[\r][\n]"
DEBUG: org.apache.http.headers - http-outgoing-30 << HTTP/1.1 200 OK
DEBUG: org.apache.http.headers - http-outgoing-30 << content-type: application/json; charset=UTF-8
DEBUG: org.apache.http.headers - http-outgoing-30 << connection: close
DEBUG: org.apache.http.headers - http-outgoing-30 << content-length: 96
DEBUG: org.apache.http.headers - http-outgoing-30 << server: httpd.js
DEBUG: org.apache.http.headers - http-outgoing-30 << date: Fri, 26 Aug 2016 09:42:47 GMT
DEBUG: org.apache.http.wire - http-outgoing-30 << "{"name":"clearElement","sessionId":"ef37bd3e-2017-2940-a760-71d500ce28c2","status":0,"value":""}"
DEBUG: org.apache.http.impl.conn.DefaultManagedHttpClientConnection - http-outgoing-30: Close connection
DEBUG: org.apache.http.impl.execchain.MainClientExec - Connection discarded
DEBUG: org.apache.http.impl.conn.PoolingHttpClientConnectionManager - Connection released: [id: 30][route: {}->http://127.0.0.1:7055][total kept alive: 0; route allocated: 0 of 2000; total allocated: 0 of 2000]
DEBUG: org.apache.http.client.protocol.RequestAddCookies - CookieSpec selected: default
DEBUG: org.apache.http.client.protocol.RequestAuthCache - Auth cache not set in the context
DEBUG: org.apache.http.impl.conn.PoolingHttpClientConnectionManager - Connection request: [route: {}->http://127.0.0.1:7055][total kept alive: 0; route allocated: 0 of 2000; total allocated: 0 of 2000]
DEBUG: org.apache.http.impl.conn.PoolingHttpClientConnectionManager - Connection leased: [id: 31][route: {}->http://127.0.0.1:7055][total kept alive: 0; route allocated: 1 of 2000; total allocated: 1 of 2000]
DEBUG: org.apache.http.impl.execchain.MainClientExec - Opening connection {}->http://127.0.0.1:7055
DEBUG: org.apache.http.impl.conn.DefaultHttpClientConnectionOperator - Connecting to /127.0.0.1:7055
DEBUG: org.apache.http.impl.conn.DefaultHttpClientConnectionOperator - Connection established 127.0.0.1:60684<->127.0.0.1:7055
DEBUG: org.apache.http.impl.conn.DefaultManagedHttpClientConnection - http-outgoing-31: set socket timeout to 10800000
DEBUG: org.apache.http.impl.execchain.MainClientExec - Executing request POST /hub/session/ef37bd3e-2017-2940-a760-71d500ce28c2/element/%7B2bd0a2a2-05a0-3e4a-a78f-d39bdb9c43de%7D/value HTTP/1.1
DEBUG: org.apache.http.impl.execchain.MainClientExec - Target auth state: UNCHALLENGED
DEBUG: org.apache.http.impl.execchain.MainClientExec - Proxy auth state: UNCHALLENGED
DEBUG: org.apache.http.headers - http-outgoing-31 >> POST /hub/session/ef37bd3e-2017-2940-a760-71d500ce28c2/element/%7B2bd0a2a2-05a0-3e4a-a78f-d39bdb9c43de%7D/value HTTP/1.1
DEBUG: org.apache.http.headers - http-outgoing-31 >> Content-Type: application/json; charset=utf-8
DEBUG: org.apache.http.headers - http-outgoing-31 >> Content-Length: 60
DEBUG: org.apache.http.headers - http-outgoing-31 >> Host: 127.0.0.1:7055
DEBUG: org.apache.http.headers - http-outgoing-31 >> Connection: Keep-Alive
DEBUG: org.apache.http.headers - http-outgoing-31 >> User-Agent: Apache-HttpClient/4.5.2 (Java/1.7.0_79)
DEBUG: org.apache.http.headers - http-outgoing-31 >> Accept-Encoding: gzip,deflate
DEBUG: org.apache.http.wire - http-outgoing-31 >> "POST /hub/session/ef37bd3e-2017-2940-a760-71d500ce28c2/element/%7B2bd0a2a2-05a0-3e4a-a78f-d39bdb9c43de%7D/value HTTP/1.1[\r][\n]"
DEBUG: org.apache.http.wire - http-outgoing-31 >> "Content-Type: application/json; charset=utf-8[\r][\n]"
DEBUG: org.apache.http.wire - http-outgoing-31 >> "Content-Length: 60[\r][\n]"
DEBUG: org.apache.http.wire - http-outgoing-31 >> "Host: 127.0.0.1:7055[\r][\n]"
DEBUG: org.apache.http.wire - http-outgoing-31 >> "Connection: Keep-Alive[\r][\n]"
DEBUG: org.apache.http.wire - http-outgoing-31 >> "User-Agent: Apache-HttpClient/4.5.2 (Java/1.7.0_79)[\r][\n]"
DEBUG: org.apache.http.wire - http-outgoing-31 >> "Accept-Encoding: gzip,deflate[\r][\n]"
DEBUG: org.apache.http.wire - http-outgoing-31 >> "[\r][\n]"
DEBUG: org.apache.http.wire - http-outgoing-31 >> "{"id":"{2bd0a2a2-05a0-3e4a-a78f-d39bdb9c43de}","value":[""]}"
DEBUG: org.apache.http.wire - http-outgoing-31 << "HTTP/1.1 200 OK[\r][\n]"
DEBUG: org.apache.http.wire - http-outgoing-31 << "content-type: application/json; charset=UTF-8[\r][\n]"
DEBUG: org.apache.http.wire - http-outgoing-31 << "connection: close[\r][\n]"
DEBUG: org.apache.http.wire - http-outgoing-31 << "content-length: 101[\r][\n]"
DEBUG: org.apache.http.wire - http-outgoing-31 << "server: httpd.js[\r][\n]"
DEBUG: org.apache.http.wire - http-outgoing-31 << "date: Fri, 26 Aug 2016 09:42:47 GMT[\r][\n]"
DEBUG: org.apache.http.wire - http-outgoing-31 << "[\r][\n]"
DEBUG: org.apache.http.headers - http-outgoing-31 << HTTP/1.1 200 OK
DEBUG: org.apache.http.headers - http-outgoing-31 << content-type: application/json; charset=UTF-8
DEBUG: org.apache.http.headers - http-outgoing-31 << connection: close
DEBUG: org.apache.http.headers - http-outgoing-31 << content-length: 101
DEBUG: org.apache.http.headers - http-outgoing-31 << server: httpd.js
DEBUG: org.apache.http.headers - http-outgoing-31 << date: Fri, 26 Aug 2016 09:42:47 GMT
DEBUG: org.apache.http.wire - http-outgoing-31 << "{"name":"sendKeysToElement","sessionId":"ef37bd3e-2017-2940-a760-71d500ce28c2","status":0,"value":""}"
DEBUG: org.apache.http.impl.conn.DefaultManagedHttpClientConnection - http-outgoing-31: Close connection
DEBUG: org.apache.http.impl.execchain.MainClientExec - Connection discarded
DEBUG: org.apache.http.impl.conn.PoolingHttpClientConnectionManager - Connection released: [id: 31][route: {}->http://127.0.0.1:7055][total kept alive: 0; route allocated: 0 of 2000; total allocated: 0 of 2000]
DEBUG: org.apache.http.client.protocol.RequestAddCookies - CookieSpec selected: default
DEBUG: org.apache.http.client.protocol.RequestAuthCache - Auth cache not set in the context
DEBUG: org.apache.http.impl.conn.PoolingHttpClientConnectionManager - Connection request: [route: {}->http://127.0.0.1:7055][total kept alive: 0; route allocated: 0 of 2000; total allocated: 0 of 2000]
DEBUG: org.apache.http.impl.conn.PoolingHttpClientConnectionManager - Connection leased: [id: 32][route: {}->http://127.0.0.1:7055][total kept alive: 0; route allocated: 1 of 2000; total allocated: 1 of 2000]
DEBUG: org.apache.http.impl.execchain.MainClientExec - Opening connection {}->http://127.0.0.1:7055
DEBUG: org.apache.http.impl.conn.DefaultHttpClientConnectionOperator - Connecting to /127.0.0.1:7055
DEBUG: org.apache.http.impl.conn.DefaultHttpClientConnectionOperator - Connection established 127.0.0.1:60685<->127.0.0.1:7055
DEBUG: org.apache.http.impl.conn.DefaultManagedHttpClientConnection - http-outgoing-32: set socket timeout to 10800000
DEBUG: org.apache.http.impl.execchain.MainClientExec - Executing request POST /hub/session/ef37bd3e-2017-2940-a760-71d500ce28c2/element HTTP/1.1
DEBUG: org.apache.http.impl.execchain.MainClientExec - Target auth state: UNCHALLENGED
DEBUG: org.apache.http.impl.execchain.MainClientExec - Proxy auth state: UNCHALLENGED
DEBUG: org.apache.http.headers - http-outgoing-32 >> POST /hub/session/ef37bd3e-2017-2940-a760-71d500ce28c2/element HTTP/1.1
DEBUG: org.apache.http.headers - http-outgoing-32 >> Content-Type: application/json; charset=utf-8
DEBUG: org.apache.http.headers - http-outgoing-32 >> Content-Length: 36
DEBUG: org.apache.http.headers - http-outgoing-32 >> Host: 127.0.0.1:7055
DEBUG: org.apache.http.headers - http-outgoing-32 >> Connection: Keep-Alive
DEBUG: org.apache.http.headers - http-outgoing-32 >> User-Agent: Apache-HttpClient/4.5.2 (Java/1.7.0_79)
DEBUG: org.apache.http.headers - http-outgoing-32 >> Accept-Encoding: gzip,deflate
DEBUG: org.apache.http.wire - http-outgoing-32 >> "POST /hub/session/ef37bd3e-2017-2940-a760-71d500ce28c2/element HTTP/1.1[\r][\n]"
DEBUG: org.apache.http.wire - http-outgoing-32 >> "Content-Type: application/json; charset=utf-8[\r][\n]"
DEBUG: org.apache.http.wire - http-outgoing-32 >> "Content-Length: 36[\r][\n]"
DEBUG: org.apache.http.wire - http-outgoing-32 >> "Host: 127.0.0.1:7055[\r][\n]"
DEBUG: org.apache.http.wire - http-outgoing-32 >> "Connection: Keep-Alive[\r][\n]"
DEBUG: org.apache.http.wire - http-outgoing-32 >> "User-Agent: Apache-HttpClient/4.5.2 (Java/1.7.0_79)[\r][\n]"
DEBUG: org.apache.http.wire - http-outgoing-32 >> "Accept-Encoding: gzip,deflate[\r][\n]"
DEBUG: org.apache.http.wire - http-outgoing-32 >> "[\r][\n]"
DEBUG: org.apache.http.wire - http-outgoing-32 >> "{"using":"id","value":"fld_country"}"
DEBUG: org.apache.http.wire - http-outgoing-32 << "HTTP/1.1 200 OK[\r][\n]"
DEBUG: org.apache.http.wire - http-outgoing-32 << "content-type: application/json; charset=UTF-8[\r][\n]"
DEBUG: org.apache.http.wire - http-outgoing-32 << "connection: close[\r][\n]"
DEBUG: org.apache.http.wire - http-outgoing-32 << "content-length: 224[\r][\n]"
DEBUG: org.apache.http.wire - http-outgoing-32 << "server: httpd.js[\r][\n]"
DEBUG: org.apache.http.wire - http-outgoing-32 << "date: Fri, 26 Aug 2016 09:42:47 GMT[\r][\n]"
DEBUG: org.apache.http.wire - http-outgoing-32 << "[\r][\n]"
DEBUG: org.apache.http.headers - http-outgoing-32 << HTTP/1.1 200 OK
DEBUG: org.apache.http.headers - http-outgoing-32 << content-type: application/json; charset=UTF-8
DEBUG: org.apache.http.headers - http-outgoing-32 << connection: close
DEBUG: org.apache.http.headers - http-outgoing-32 << content-length: 224
DEBUG: org.apache.http.headers - http-outgoing-32 << server: httpd.js
DEBUG: org.apache.http.headers - http-outgoing-32 << date: Fri, 26 Aug 2016 09:42:47 GMT
DEBUG: org.apache.http.wire - http-outgoing-32 << "{"name":"findElement","sessionId":"ef37bd3e-2017-2940-a760-71d500ce28c2","status":0,"value":{"ELEMENT":"{9c57cafa-460c-b643-8dd5-34ec79489cdd}","element-6066-11e4-a52e-4f735466cecf":"{9c57cafa-460c-b643-8dd5-34ec79489cdd}"}}"
DEBUG: org.apache.http.impl.conn.DefaultManagedHttpClientConnection - http-outgoing-32: Close connection
DEBUG: org.apache.http.impl.execchain.MainClientExec - Connection discarded
DEBUG: org.apache.http.impl.conn.PoolingHttpClientConnectionManager - Connection released: [id: 32][route: {}->http://127.0.0.1:7055][total kept alive: 0; route allocated: 0 of 2000; total allocated: 0 of 2000]
DEBUG: org.apache.http.client.protocol.RequestAddCookies - CookieSpec selected: default
DEBUG: org.apache.http.client.protocol.RequestAuthCache - Auth cache not set in the context
DEBUG: org.apache.http.impl.conn.PoolingHttpClientConnectionManager - Connection request: [route: {}->http://127.0.0.1:7055][total kept alive: 0; route allocated: 0 of 2000; total allocated: 0 of 2000]
DEBUG: org.apache.http.impl.conn.PoolingHttpClientConnectionManager - Connection leased: [id: 33][route: {}->http://127.0.0.1:7055][total kept alive: 0; route allocated: 1 of 2000; total allocated: 1 of 2000]
DEBUG: org.apache.http.impl.execchain.MainClientExec - Opening connection {}->http://127.0.0.1:7055
DEBUG: org.apache.http.impl.conn.DefaultHttpClientConnectionOperator - Connecting to /127.0.0.1:7055
DEBUG: org.apache.http.impl.conn.DefaultHttpClientConnectionOperator - Connection established 127.0.0.1:60686<->127.0.0.1:7055
DEBUG: org.apache.http.impl.conn.DefaultManagedHttpClientConnection - http-outgoing-33: set socket timeout to 10800000
DEBUG: org.apache.http.impl.execchain.MainClientExec - Executing request GET /hub/session/ef37bd3e-2017-2940-a760-71d500ce28c2/element/%7B9c57cafa-460c-b643-8dd5-34ec79489cdd%7D/name HTTP/1.1
DEBUG: org.apache.http.impl.execchain.MainClientExec - Target auth state: UNCHALLENGED
DEBUG: org.apache.http.impl.execchain.MainClientExec - Proxy auth state: UNCHALLENGED
DEBUG: org.apache.http.headers - http-outgoing-33 >> GET /hub/session/ef37bd3e-2017-2940-a760-71d500ce28c2/element/%7B9c57cafa-460c-b643-8dd5-34ec79489cdd%7D/name HTTP/1.1
DEBUG: org.apache.http.headers - http-outgoing-33 >> Cache-Control: no-cache
DEBUG: org.apache.http.headers - http-outgoing-33 >> Host: 127.0.0.1:7055
DEBUG: org.apache.http.headers - http-outgoing-33 >> Connection: Keep-Alive
DEBUG: org.apache.http.headers - http-outgoing-33 >> User-Agent: Apache-HttpClient/4.5.2 (Java/1.7.0_79)
DEBUG: org.apache.http.headers - http-outgoing-33 >> Accept-Encoding: gzip,deflate
DEBUG: org.apache.http.wire - http-outgoing-33 >> "GET /hub/session/ef37bd3e-2017-2940-a760-71d500ce28c2/element/%7B9c57cafa-460c-b643-8dd5-34ec79489cdd%7D/name HTTP/1.1[\r][\n]"
DEBUG: org.apache.http.wire - http-outgoing-33 >> "Cache-Control: no-cache[\r][\n]"
DEBUG: org.apache.http.wire - http-outgoing-33 >> "Host: 127.0.0.1:7055[\r][\n]"
DEBUG: org.apache.http.wire - http-outgoing-33 >> "Connection: Keep-Alive[\r][\n]"
DEBUG: org.apache.http.wire - http-outgoing-33 >> "User-Agent: Apache-HttpClient/4.5.2 (Java/1.7.0_79)[\r][\n]"
DEBUG: org.apache.http.wire - http-outgoing-33 >> "Accept-Encoding: gzip,deflate[\r][\n]"
DEBUG: org.apache.http.wire - http-outgoing-33 >> "[\r][\n]"
DEBUG: org.apache.http.wire - http-outgoing-33 << "HTTP/1.1 200 OK[\r][\n]"
DEBUG: org.apache.http.wire - http-outgoing-33 << "content-type: application/json; charset=UTF-8[\r][\n]"
DEBUG: org.apache.http.wire - http-outgoing-33 << "connection: close[\r][\n]"
DEBUG: org.apache.http.wire - http-outgoing-33 << "content-length: 107[\r][\n]"
DEBUG: org.apache.http.wire - http-outgoing-33 << "server: httpd.js[\r][\n]"
DEBUG: org.apache.http.wire - http-outgoing-33 << "date: Fri, 26 Aug 2016 09:42:47 GMT[\r][\n]"
DEBUG: org.apache.http.wire - http-outgoing-33 << "[\r][\n]"
DEBUG: org.apache.http.headers - http-outgoing-33 << HTTP/1.1 200 OK
DEBUG: org.apache.http.headers - http-outgoing-33 << content-type: application/json; charset=UTF-8
DEBUG: org.apache.http.headers - http-outgoing-33 << connection: close
DEBUG: org.apache.http.headers - http-outgoing-33 << content-length: 107
DEBUG: org.apache.http.headers - http-outgoing-33 << server: httpd.js
DEBUG: org.apache.http.headers - http-outgoing-33 << date: Fri, 26 Aug 2016 09:42:47 GMT
DEBUG: org.apache.http.wire - http-outgoing-33 << "{"name":"getElementTagName","sessionId":"ef37bd3e-2017-2940-a760-71d500ce28c2","status":0,"value":"select"}"
DEBUG: org.apache.http.impl.conn.DefaultManagedHttpClientConnection - http-outgoing-33: Close connection
DEBUG: org.apache.http.impl.execchain.MainClientExec - Connection discarded
DEBUG: org.apache.http.impl.conn.PoolingHttpClientConnectionManager - Connection released: [id: 33][route: {}->http://127.0.0.1:7055][total kept alive: 0; route allocated: 0 of 2000; total allocated: 0 of 2000]
DEBUG: org.apache.http.client.protocol.RequestAddCookies - CookieSpec selected: default
DEBUG: org.apache.http.client.protocol.RequestAuthCache - Auth cache not set in the context
DEBUG: org.apache.http.impl.conn.PoolingHttpClientConnectionManager - Connection request: [route: {}->http://127.0.0.1:7055][total kept alive: 0; route allocated: 0 of 2000; total allocated: 0 of 2000]
DEBUG: org.apache.http.impl.conn.PoolingHttpClientConnectionManager - Connection leased: [id: 34][route: {}->http://127.0.0.1:7055][total kept alive: 0; route allocated: 1 of 2000; total allocated: 1 of 2000]
DEBUG: org.apache.http.impl.execchain.MainClientExec - Opening connection {}->http://127.0.0.1:7055
DEBUG: org.apache.http.impl.conn.DefaultHttpClientConnectionOperator - Connecting to /127.0.0.1:7055
DEBUG: org.apache.http.impl.conn.DefaultHttpClientConnectionOperator - Connection established 127.0.0.1:60687<->127.0.0.1:7055
DEBUG: org.apache.http.impl.conn.DefaultManagedHttpClientConnection - http-outgoing-34: set socket timeout to 10800000
DEBUG: org.apache.http.impl.execchain.MainClientExec - Executing request GET /hub/session/ef37bd3e-2017-2940-a760-71d500ce28c2/element/%7B9c57cafa-460c-b643-8dd5-34ec79489cdd%7D/attribute/multiple HTTP/1.1
DEBUG: org.apache.http.impl.execchain.MainClientExec - Target auth state: UNCHALLENGED
DEBUG: org.apache.http.impl.execchain.MainClientExec - Proxy auth state: UNCHALLENGED
DEBUG: org.apache.http.headers - http-outgoing-34 >> GET /hub/session/ef37bd3e-2017-2940-a760-71d500ce28c2/element/%7B9c57cafa-460c-b643-8dd5-34ec79489cdd%7D/attribute/multiple HTTP/1.1
DEBUG: org.apache.http.headers - http-outgoing-34 >> Cache-Control: no-cache
DEBUG: org.apache.http.headers - http-outgoing-34 >> Host: 127.0.0.1:7055
DEBUG: org.apache.http.headers - http-outgoing-34 >> Connection: Keep-Alive
DEBUG: org.apache.http.headers - http-outgoing-34 >> User-Agent: Apache-HttpClient/4.5.2 (Java/1.7.0_79)
DEBUG: org.apache.http.headers - http-outgoing-34 >> Accept-Encoding: gzip,deflate
DEBUG: org.apache.http.wire - http-outgoing-34 >> "GET /hub/session/ef37bd3e-2017-2940-a760-71d500ce28c2/element/%7B9c57cafa-460c-b643-8dd5-34ec79489cdd%7D/attribute/multiple HTTP/1.1[\r][\n]"
DEBUG: org.apache.http.wire - http-outgoing-34 >> "Cache-Control: no-cache[\r][\n]"
DEBUG: org.apache.http.wire - http-outgoing-34 >> "Host: 127.0.0.1:7055[\r][\n]"
DEBUG: org.apache.http.wire - http-outgoing-34 >> "Connection: Keep-Alive[\r][\n]"
DEBUG: org.apache.http.wire - http-outgoing-34 >> "User-Agent: Apache-HttpClient/4.5.2 (Java/1.7.0_79)[\r][\n]"
DEBUG: org.apache.http.wire - http-outgoing-34 >> "Accept-Encoding: gzip,deflate[\r][\n]"
DEBUG: org.apache.http.wire - http-outgoing-34 >> "[\r][\n]"
DEBUG: org.apache.http.wire - http-outgoing-34 << "HTTP/1.1 200 OK[\r][\n]"
DEBUG: org.apache.http.wire - http-outgoing-34 << "content-type: application/json; charset=UTF-8[\r][\n]"
DEBUG: org.apache.http.wire - http-outgoing-34 << "connection: close[\r][\n]"
DEBUG: org.apache.http.wire - http-outgoing-34 << "content-length: 105[\r][\n]"
DEBUG: org.apache.http.wire - http-outgoing-34 << "server: httpd.js[\r][\n]"
DEBUG: org.apache.http.wire - http-outgoing-34 << "date: Fri, 26 Aug 2016 09:42:47 GMT[\r][\n]"
DEBUG: org.apache.http.wire - http-outgoing-34 << "[\r][\n]"
DEBUG: org.apache.http.headers - http-outgoing-34 << HTTP/1.1 200 OK
DEBUG: org.apache.http.headers - http-outgoing-34 << content-type: application/json; charset=UTF-8
DEBUG: org.apache.http.headers - http-outgoing-34 << connection: close
DEBUG: org.apache.http.headers - http-outgoing-34 << content-length: 105
DEBUG: org.apache.http.headers - http-outgoing-34 << server: httpd.js
DEBUG: org.apache.http.headers - http-outgoing-34 << date: Fri, 26 Aug 2016 09:42:47 GMT
DEBUG: org.apache.http.wire - http-outgoing-34 << "{"name":"getElementAttribute","sessionId":"ef37bd3e-2017-2940-a760-71d500ce28c2","status":0,"value":null}"
DEBUG: org.apache.http.impl.conn.DefaultManagedHttpClientConnection - http-outgoing-34: Close connection
DEBUG: org.apache.http.impl.execchain.MainClientExec - Connection discarded
DEBUG: org.apache.http.impl.conn.PoolingHttpClientConnectionManager - Connection released: [id: 34][route: {}->http://127.0.0.1:7055][total kept alive: 0; route allocated: 0 of 2000; total allocated: 0 of 2000]
DEBUG: org.apache.http.client.protocol.RequestAddCookies - CookieSpec selected: default
DEBUG: org.apache.http.client.protocol.RequestAuthCache - Auth cache not set in the context
DEBUG: org.apache.http.impl.conn.PoolingHttpClientConnectionManager - Connection request: [route: {}->http://127.0.0.1:7055][total kept alive: 0; route allocated: 0 of 2000; total allocated: 0 of 2000]
DEBUG: org.apache.http.impl.conn.PoolingHttpClientConnectionManager - Connection leased: [id: 35][route: {}->http://127.0.0.1:7055][total kept alive: 0; route allocated: 1 of 2000; total allocated: 1 of 2000]
DEBUG: org.apache.http.impl.execchain.MainClientExec - Opening connection {}->http://127.0.0.1:7055
DEBUG: org.apache.http.impl.conn.DefaultHttpClientConnectionOperator - Connecting to /127.0.0.1:7055
DEBUG: org.apache.http.impl.conn.DefaultHttpClientConnectionOperator - Connection established 127.0.0.1:60688<->127.0.0.1:7055
DEBUG: org.apache.http.impl.conn.DefaultManagedHttpClientConnection - http-outgoing-35: set socket timeout to 10800000
DEBUG: org.apache.http.impl.execchain.MainClientExec - Executing request POST /hub/session/ef37bd3e-2017-2940-a760-71d500ce28c2/element/%7B9c57cafa-460c-b643-8dd5-34ec79489cdd%7D/elements HTTP/1.1
DEBUG: org.apache.http.impl.execchain.MainClientExec - Target auth state: UNCHALLENGED
DEBUG: org.apache.http.impl.execchain.MainClientExec - Proxy auth state: UNCHALLENGED
DEBUG: org.apache.http.headers - http-outgoing-35 >> POST /hub/session/ef37bd3e-2017-2940-a760-71d500ce28c2/element/%7B9c57cafa-460c-b643-8dd5-34ec79489cdd%7D/elements HTTP/1.1
DEBUG: org.apache.http.headers - http-outgoing-35 >> Content-Type: application/json; charset=utf-8
DEBUG: org.apache.http.headers - http-outgoing-35 >> Content-Length: 112
DEBUG: org.apache.http.headers - http-outgoing-35 >> Host: 127.0.0.1:7055
DEBUG: org.apache.http.headers - http-outgoing-35 >> Connection: Keep-Alive
DEBUG: org.apache.http.headers - http-outgoing-35 >> User-Agent: Apache-HttpClient/4.5.2 (Java/1.7.0_79)
DEBUG: org.apache.http.headers - http-outgoing-35 >> Accept-Encoding: gzip,deflate
DEBUG: org.apache.http.wire - http-outgoing-35 >> "POST /hub/session/ef37bd3e-2017-2940-a760-71d500ce28c2/element/%7B9c57cafa-460c-b643-8dd5-34ec79489cdd%7D/elements HTTP/1.1[\r][\n]"
DEBUG: org.apache.http.wire - http-outgoing-35 >> "Content-Type: application/json; charset=utf-8[\r][\n]"
DEBUG: org.apache.http.wire - http-outgoing-35 >> "Content-Length: 112[\r][\n]"
DEBUG: org.apache.http.wire - http-outgoing-35 >> "Host: 127.0.0.1:7055[\r][\n]"
DEBUG: org.apache.http.wire - http-outgoing-35 >> "Connection: Keep-Alive[\r][\n]"
DEBUG: org.apache.http.wire - http-outgoing-35 >> "User-Agent: Apache-HttpClient/4.5.2 (Java/1.7.0_79)[\r][\n]"
DEBUG: org.apache.http.wire - http-outgoing-35 >> "Accept-Encoding: gzip,deflate[\r][\n]"
DEBUG: org.apache.http.wire - http-outgoing-35 >> "[\r][\n]"
DEBUG: org.apache.http.wire - http-outgoing-35 >> "{"id":"{9c57cafa-460c-b643-8dd5-34ec79489cdd}","using":"xpath","value":".//option[normalize-space(.) = \"UK\"]"}"
DEBUG: org.apache.http.wire - http-outgoing-35 << "HTTP/1.1 200 OK[\r][\n]"
DEBUG: org.apache.http.wire - http-outgoing-35 << "content-type: application/json; charset=UTF-8[\r][\n]"
DEBUG: org.apache.http.wire - http-outgoing-35 << "connection: close[\r][\n]"
DEBUG: org.apache.http.wire - http-outgoing-35 << "content-length: 232[\r][\n]"
DEBUG: org.apache.http.wire - http-outgoing-35 << "server: httpd.js[\r][\n]"
DEBUG: org.apache.http.wire - http-outgoing-35 << "date: Fri, 26 Aug 2016 09:42:47 GMT[\r][\n]"
DEBUG: org.apache.http.wire - http-outgoing-35 << "[\r][\n]"
DEBUG: org.apache.http.headers - http-outgoing-35 << HTTP/1.1 200 OK
DEBUG: org.apache.http.headers - http-outgoing-35 << content-type: application/json; charset=UTF-8
DEBUG: org.apache.http.headers - http-outgoing-35 << connection: close
DEBUG: org.apache.http.headers - http-outgoing-35 << content-length: 232
DEBUG: org.apache.http.headers - http-outgoing-35 << server: httpd.js
DEBUG: org.apache.http.headers - http-outgoing-35 << date: Fri, 26 Aug 2016 09:42:47 GMT
DEBUG: org.apache.http.wire - http-outgoing-35 << "{"name":"findChildElements","sessionId":"ef37bd3e-2017-2940-a760-71d500ce28c2","status":0,"value":[{"ELEMENT":"{594f1c04-5b1e-f44f-933b-571e571ebad7}","element-6066-11e4-a52e-4f735466cecf":"{594f1c04-5b1e-f44f-933b-571e571ebad7}"}]}"
DEBUG: org.apache.http.impl.conn.DefaultManagedHttpClientConnection - http-outgoing-35: Close connection
DEBUG: org.apache.http.impl.execchain.MainClientExec - Connection discarded
DEBUG: org.apache.http.impl.conn.PoolingHttpClientConnectionManager - Connection released: [id: 35][route: {}->http://127.0.0.1:7055][total kept alive: 0; route allocated: 0 of 2000; total allocated: 0 of 2000]
DEBUG: org.apache.http.client.protocol.RequestAddCookies - CookieSpec selected: default
DEBUG: org.apache.http.client.protocol.RequestAuthCache - Auth cache not set in the context
DEBUG: org.apache.http.impl.conn.PoolingHttpClientConnectionManager - Connection request: [route: {}->http://127.0.0.1:7055][total kept alive: 0; route allocated: 0 of 2000; total allocated: 0 of 2000]
DEBUG: org.apache.http.impl.conn.PoolingHttpClientConnectionManager - Connection leased: [id: 36][route: {}->http://127.0.0.1:7055][total kept alive: 0; route allocated: 1 of 2000; total allocated: 1 of 2000]
DEBUG: org.apache.http.impl.execchain.MainClientExec - Opening connection {}->http://127.0.0.1:7055
DEBUG: org.apache.http.impl.conn.DefaultHttpClientConnectionOperator - Connecting to /127.0.0.1:7055
DEBUG: org.apache.http.impl.conn.DefaultHttpClientConnectionOperator - Connection established 127.0.0.1:60689<->127.0.0.1:7055
DEBUG: org.apache.http.impl.conn.DefaultManagedHttpClientConnection - http-outgoing-36: set socket timeout to 10800000
DEBUG: org.apache.http.impl.execchain.MainClientExec - Executing request GET /hub/session/ef37bd3e-2017-2940-a760-71d500ce28c2/element/%7B594f1c04-5b1e-f44f-933b-571e571ebad7%7D/selected HTTP/1.1
DEBUG: org.apache.http.impl.execchain.MainClientExec - Target auth state: UNCHALLENGED
DEBUG: org.apache.http.impl.execchain.MainClientExec - Proxy auth state: UNCHALLENGED
DEBUG: org.apache.http.headers - http-outgoing-36 >> GET /hub/session/ef37bd3e-2017-2940-a760-71d500ce28c2/element/%7B594f1c04-5b1e-f44f-933b-571e571ebad7%7D/selected HTTP/1.1
DEBUG: org.apache.http.headers - http-outgoing-36 >> Cache-Control: no-cache
DEBUG: org.apache.http.headers - http-outgoing-36 >> Host: 127.0.0.1:7055
DEBUG: org.apache.http.headers - http-outgoing-36 >> Connection: Keep-Alive
DEBUG: org.apache.http.headers - http-outgoing-36 >> User-Agent: Apache-HttpClient/4.5.2 (Java/1.7.0_79)
DEBUG: org.apache.http.headers - http-outgoing-36 >> Accept-Encoding: gzip,deflate
DEBUG: org.apache.http.wire - http-outgoing-36 >> "GET /hub/session/ef37bd3e-2017-2940-a760-71d500ce28c2/element/%7B594f1c04-5b1e-f44f-933b-571e571ebad7%7D/selected HTTP/1.1[\r][\n]"
DEBUG: org.apache.http.wire - http-outgoing-36 >> "Cache-Control: no-cache[\r][\n]"
DEBUG: org.apache.http.wire - http-outgoing-36 >> "Host: 127.0.0.1:7055[\r][\n]"
DEBUG: org.apache.http.wire - http-outgoing-36 >> "Connection: Keep-Alive[\r][\n]"
DEBUG: org.apache.http.wire - http-outgoing-36 >> "User-Agent: Apache-HttpClient/4.5.2 (Java/1.7.0_79)[\r][\n]"
DEBUG: org.apache.http.wire - http-outgoing-36 >> "Accept-Encoding: gzip,deflate[\r][\n]"
DEBUG: org.apache.http.wire - http-outgoing-36 >> "[\r][\n]"
DEBUG: org.apache.http.wire - http-outgoing-36 << "HTTP/1.1 200 OK[\r][\n]"
DEBUG: org.apache.http.wire - http-outgoing-36 << "content-type: application/json; charset=UTF-8[\r][\n]"
DEBUG: org.apache.http.wire - http-outgoing-36 << "connection: close[\r][\n]"
DEBUG: org.apache.http.wire - http-outgoing-36 << "content-length: 104[\r][\n]"
DEBUG: org.apache.http.wire - http-outgoing-36 << "server: httpd.js[\r][\n]"
DEBUG: org.apache.http.wire - http-outgoing-36 << "date: Fri, 26 Aug 2016 09:42:47 GMT[\r][\n]"
DEBUG: org.apache.http.wire - http-outgoing-36 << "[\r][\n]"
DEBUG: org.apache.http.headers - http-outgoing-36 << HTTP/1.1 200 OK
DEBUG: org.apache.http.headers - http-outgoing-36 << content-type: application/json; charset=UTF-8
DEBUG: org.apache.http.headers - http-outgoing-36 << connection: close
DEBUG: org.apache.http.headers - http-outgoing-36 << content-length: 104
DEBUG: org.apache.http.headers - http-outgoing-36 << server: httpd.js
DEBUG: org.apache.http.headers - http-outgoing-36 << date: Fri, 26 Aug 2016 09:42:47 GMT
DEBUG: org.apache.http.wire - http-outgoing-36 << "{"name":"isElementSelected","sessionId":"ef37bd3e-2017-2940-a760-71d500ce28c2","status":0,"value":false}"
DEBUG: org.apache.http.impl.conn.DefaultManagedHttpClientConnection - http-outgoing-36: Close connection
DEBUG: org.apache.http.impl.execchain.MainClientExec - Connection discarded
DEBUG: org.apache.http.impl.conn.PoolingHttpClientConnectionManager - Connection released: [id: 36][route: {}->http://127.0.0.1:7055][total kept alive: 0; route allocated: 0 of 2000; total allocated: 0 of 2000]
DEBUG: org.apache.http.client.protocol.RequestAddCookies - CookieSpec selected: default
DEBUG: org.apache.http.client.protocol.RequestAuthCache - Auth cache not set in the context
DEBUG: org.apache.http.impl.conn.PoolingHttpClientConnectionManager - Connection request: [route: {}->http://127.0.0.1:7055][total kept alive: 0; route allocated: 0 of 2000; total allocated: 0 of 2000]
DEBUG: org.apache.http.impl.conn.PoolingHttpClientConnectionManager - Connection leased: [id: 37][route: {}->http://127.0.0.1:7055][total kept alive: 0; route allocated: 1 of 2000; total allocated: 1 of 2000]
DEBUG: org.apache.http.impl.execchain.MainClientExec - Opening connection {}->http://127.0.0.1:7055
DEBUG: org.apache.http.impl.conn.DefaultHttpClientConnectionOperator - Connecting to /127.0.0.1:7055
DEBUG: org.apache.http.impl.conn.DefaultHttpClientConnectionOperator - Connection established 127.0.0.1:60690<->127.0.0.1:7055
DEBUG: org.apache.http.impl.conn.DefaultManagedHttpClientConnection - http-outgoing-37: set socket timeout to 10800000
DEBUG: org.apache.http.impl.execchain.MainClientExec - Executing request POST /hub/session/ef37bd3e-2017-2940-a760-71d500ce28c2/element/%7B594f1c04-5b1e-f44f-933b-571e571ebad7%7D/click HTTP/1.1
DEBUG: org.apache.http.impl.execchain.MainClientExec - Target auth state: UNCHALLENGED
DEBUG: org.apache.http.impl.execchain.MainClientExec - Proxy auth state: UNCHALLENGED
DEBUG: org.apache.http.headers - http-outgoing-37 >> POST /hub/session/ef37bd3e-2017-2940-a760-71d500ce28c2/element/%7B594f1c04-5b1e-f44f-933b-571e571ebad7%7D/click HTTP/1.1
DEBUG: org.apache.http.headers - http-outgoing-37 >> Content-Type: application/json; charset=utf-8
DEBUG: org.apache.http.headers - http-outgoing-37 >> Content-Length: 47
DEBUG: org.apache.http.headers - http-outgoing-37 >> Host: 127.0.0.1:7055
DEBUG: org.apache.http.headers - http-outgoing-37 >> Connection: Keep-Alive
DEBUG: org.apache.http.headers - http-outgoing-37 >> User-Agent: Apache-HttpClient/4.5.2 (Java/1.7.0_79)
DEBUG: org.apache.http.headers - http-outgoing-37 >> Accept-Encoding: gzip,deflate
DEBUG: org.apache.http.wire - http-outgoing-37 >> "POST /hub/session/ef37bd3e-2017-2940-a760-71d500ce28c2/element/%7B594f1c04-5b1e-f44f-933b-571e571ebad7%7D/click HTTP/1.1[\r][\n]"
DEBUG: org.apache.http.wire - http-outgoing-37 >> "Content-Type: application/json; charset=utf-8[\r][\n]"
DEBUG: org.apache.http.wire - http-outgoing-37 >> "Content-Length: 47[\r][\n]"
DEBUG: org.apache.http.wire - http-outgoing-37 >> "Host: 127.0.0.1:7055[\r][\n]"
DEBUG: org.apache.http.wire - http-outgoing-37 >> "Connection: Keep-Alive[\r][\n]"
DEBUG: org.apache.http.wire - http-outgoing-37 >> "User-Agent: Apache-HttpClient/4.5.2 (Java/1.7.0_79)[\r][\n]"
DEBUG: org.apache.http.wire - http-outgoing-37 >> "Accept-Encoding: gzip,deflate[\r][\n]"
DEBUG: org.apache.http.wire - http-outgoing-37 >> "[\r][\n]"
DEBUG: org.apache.http.wire - http-outgoing-37 >> "{"id":"{594f1c04-5b1e-f44f-933b-571e571ebad7}"}"
DEBUG: org.apache.http.wire - http-outgoing-37 << "HTTP/1.1 200 OK[\r][\n]"
DEBUG: org.apache.http.wire - http-outgoing-37 << "content-type: application/json; charset=UTF-8[\r][\n]"
DEBUG: org.apache.http.wire - http-outgoing-37 << "connection: close[\r][\n]"
DEBUG: org.apache.http.wire - http-outgoing-37 << "content-length: 98[\r][\n]"
DEBUG: org.apache.http.wire - http-outgoing-37 << "server: httpd.js[\r][\n]"
DEBUG: org.apache.http.wire - http-outgoing-37 << "date: Fri, 26 Aug 2016 09:42:47 GMT[\r][\n]"
DEBUG: org.apache.http.wire - http-outgoing-37 << "[\r][\n]"
DEBUG: org.apache.http.headers - http-outgoing-37 << HTTP/1.1 200 OK
DEBUG: org.apache.http.headers - http-outgoing-37 << content-type: application/json; charset=UTF-8
DEBUG: org.apache.http.headers - http-outgoing-37 << connection: close
DEBUG: org.apache.http.headers - http-outgoing-37 << content-length: 98
DEBUG: org.apache.http.headers - http-outgoing-37 << server: httpd.js
DEBUG: org.apache.http.headers - http-outgoing-37 << date: Fri, 26 Aug 2016 09:42:47 GMT
DEBUG: org.apache.http.wire - http-outgoing-37 << "{"name":"clickElement","sessionId":"ef37bd3e-2017-2940-a760-71d500ce28c2","status":0,"value":"ok"}"
DEBUG: org.apache.http.impl.conn.DefaultManagedHttpClientConnection - http-outgoing-37: Close connection
DEBUG: org.apache.http.impl.execchain.MainClientExec - Connection discarded
DEBUG: org.apache.http.impl.conn.PoolingHttpClientConnectionManager - Connection released: [id: 37][route: {}->http://127.0.0.1:7055][total kept alive: 0; route allocated: 0 of 2000; total allocated: 0 of 2000]
DEBUG: org.apache.http.client.protocol.RequestAddCookies - CookieSpec selected: default
DEBUG: org.apache.http.client.protocol.RequestAuthCache - Auth cache not set in the context
DEBUG: org.apache.http.impl.conn.PoolingHttpClientConnectionManager - Connection request: [route: {}->http://127.0.0.1:7055][total kept alive: 0; route allocated: 0 of 2000; total allocated: 0 of 2000]
DEBUG: org.apache.http.impl.conn.PoolingHttpClientConnectionManager - Connection leased: [id: 38][route: {}->http://127.0.0.1:7055][total kept alive: 0; route allocated: 1 of 2000; total allocated: 1 of 2000]
DEBUG: org.apache.http.impl.execchain.MainClientExec - Opening connection {}->http://127.0.0.1:7055
DEBUG: org.apache.http.impl.conn.DefaultHttpClientConnectionOperator - Connecting to /127.0.0.1:7055
DEBUG: org.apache.http.impl.conn.DefaultHttpClientConnectionOperator - Connection established 127.0.0.1:60691<->127.0.0.1:7055
DEBUG: org.apache.http.impl.conn.DefaultManagedHttpClientConnection - http-outgoing-38: set socket timeout to 10800000
DEBUG: org.apache.http.impl.execchain.MainClientExec - Executing request POST /hub/session/ef37bd3e-2017-2940-a760-71d500ce28c2/element HTTP/1.1
DEBUG: org.apache.http.impl.execchain.MainClientExec - Target auth state: UNCHALLENGED
DEBUG: org.apache.http.impl.execchain.MainClientExec - Proxy auth state: UNCHALLENGED
DEBUG: org.apache.http.headers - http-outgoing-38 >> POST /hub/session/ef37bd3e-2017-2940-a760-71d500ce28c2/element HTTP/1.1
DEBUG: org.apache.http.headers - http-outgoing-38 >> Content-Type: application/json; charset=utf-8
DEBUG: org.apache.http.headers - http-outgoing-38 >> Content-Length: 38
DEBUG: org.apache.http.headers - http-outgoing-38 >> Host: 127.0.0.1:7055
DEBUG: org.apache.http.headers - http-outgoing-38 >> Connection: Keep-Alive
DEBUG: org.apache.http.headers - http-outgoing-38 >> User-Agent: Apache-HttpClient/4.5.2 (Java/1.7.0_79)
DEBUG: org.apache.http.headers - http-outgoing-38 >> Accept-Encoding: gzip,deflate
DEBUG: org.apache.http.wire - http-outgoing-38 >> "POST /hub/session/ef37bd3e-2017-2940-a760-71d500ce28c2/element HTTP/1.1[\r][\n]"
DEBUG: org.apache.http.wire - http-outgoing-38 >> "Content-Type: application/json; charset=utf-8[\r][\n]"
DEBUG: org.apache.http.wire - http-outgoing-38 >> "Content-Length: 38[\r][\n]"
DEBUG: org.apache.http.wire - http-outgoing-38 >> "Host: 127.0.0.1:7055[\r][\n]"
DEBUG: org.apache.http.wire - http-outgoing-38 >> "Connection: Keep-Alive[\r][\n]"
DEBUG: org.apache.http.wire - http-outgoing-38 >> "User-Agent: Apache-HttpClient/4.5.2 (Java/1.7.0_79)[\r][\n]"
DEBUG: org.apache.http.wire - http-outgoing-38 >> "Accept-Encoding: gzip,deflate[\r][\n]"
DEBUG: org.apache.http.wire - http-outgoing-38 >> "[\r][\n]"
DEBUG: org.apache.http.wire - http-outgoing-38 >> "{"using":"id","value":"createAccount"}"
DEBUG: org.apache.http.wire - http-outgoing-38 << "HTTP/1.1 200 OK[\r][\n]"
DEBUG: org.apache.http.wire - http-outgoing-38 << "content-type: application/json; charset=UTF-8[\r][\n]"
DEBUG: org.apache.http.wire - http-outgoing-38 << "connection: close[\r][\n]"
DEBUG: org.apache.http.wire - http-outgoing-38 << "content-length: 224[\r][\n]"
DEBUG: org.apache.http.wire - http-outgoing-38 << "server: httpd.js[\r][\n]"
DEBUG: org.apache.http.wire - http-outgoing-38 << "date: Fri, 26 Aug 2016 09:42:47 GMT[\r][\n]"
DEBUG: org.apache.http.wire - http-outgoing-38 << "[\r][\n]"
DEBUG: org.apache.http.headers - http-outgoing-38 << HTTP/1.1 200 OK
DEBUG: org.apache.http.headers - http-outgoing-38 << content-type: application/json; charset=UTF-8
DEBUG: org.apache.http.headers - http-outgoing-38 << connection: close
DEBUG: org.apache.http.headers - http-outgoing-38 << content-length: 224
DEBUG: org.apache.http.headers - http-outgoing-38 << server: httpd.js
DEBUG: org.apache.http.headers - http-outgoing-38 << date: Fri, 26 Aug 2016 09:42:47 GMT
DEBUG: org.apache.http.wire - http-outgoing-38 << "{"name":"findElement","sessionId":"ef37bd3e-2017-2940-a760-71d500ce28c2","status":0,"value":{"ELEMENT":"{5dfe393e-260f-c34c-ad36-c109cad46c53}","element-6066-11e4-a52e-4f735466cecf":"{5dfe393e-260f-c34c-ad36-c109cad46c53}"}}"
DEBUG: org.apache.http.impl.conn.DefaultManagedHttpClientConnection - http-outgoing-38: Close connection
DEBUG: org.apache.http.impl.execchain.MainClientExec - Connection discarded
DEBUG: org.apache.http.impl.conn.PoolingHttpClientConnectionManager - Connection released: [id: 38][route: {}->http://127.0.0.1:7055][total kept alive: 0; route allocated: 0 of 2000; total allocated: 0 of 2000]
DEBUG: org.apache.http.client.protocol.RequestAddCookies - CookieSpec selected: default
DEBUG: org.apache.http.client.protocol.RequestAuthCache - Auth cache not set in the context
DEBUG: org.apache.http.impl.conn.PoolingHttpClientConnectionManager - Connection request: [route: {}->http://127.0.0.1:7055][total kept alive: 0; route allocated: 0 of 2000; total allocated: 0 of 2000]
DEBUG: org.apache.http.impl.conn.PoolingHttpClientConnectionManager - Connection leased: [id: 39][route: {}->http://127.0.0.1:7055][total kept alive: 0; route allocated: 1 of 2000; total allocated: 1 of 2000]
DEBUG: org.apache.http.impl.execchain.MainClientExec - Opening connection {}->http://127.0.0.1:7055
DEBUG: org.apache.http.impl.conn.DefaultHttpClientConnectionOperator - Connecting to /127.0.0.1:7055
DEBUG: org.apache.http.impl.conn.DefaultHttpClientConnectionOperator - Connection established 127.0.0.1:60692<->127.0.0.1:7055
DEBUG: org.apache.http.impl.conn.DefaultManagedHttpClientConnection - http-outgoing-39: set socket timeout to 10800000
DEBUG: org.apache.http.impl.execchain.MainClientExec - Executing request POST /hub/session/ef37bd3e-2017-2940-a760-71d500ce28c2/element/%7B5dfe393e-260f-c34c-ad36-c109cad46c53%7D/click HTTP/1.1
DEBUG: org.apache.http.impl.execchain.MainClientExec - Target auth state: UNCHALLENGED
DEBUG: org.apache.http.impl.execchain.MainClientExec - Proxy auth state: UNCHALLENGED
DEBUG: org.apache.http.headers - http-outgoing-39 >> POST /hub/session/ef37bd3e-2017-2940-a760-71d500ce28c2/element/%7B5dfe393e-260f-c34c-ad36-c109cad46c53%7D/click HTTP/1.1
DEBUG: org.apache.http.headers - http-outgoing-39 >> Content-Type: application/json; charset=utf-8
DEBUG: org.apache.http.headers - http-outgoing-39 >> Content-Length: 47
DEBUG: org.apache.http.headers - http-outgoing-39 >> Host: 127.0.0.1:7055
DEBUG: org.apache.http.headers - http-outgoing-39 >> Connection: Keep-Alive
DEBUG: org.apache.http.headers - http-outgoing-39 >> User-Agent: Apache-HttpClient/4.5.2 (Java/1.7.0_79)
DEBUG: org.apache.http.headers - http-outgoing-39 >> Accept-Encoding: gzip,deflate
DEBUG: org.apache.http.wire - http-outgoing-39 >> "POST /hub/session/ef37bd3e-2017-2940-a760-71d500ce28c2/element/%7B5dfe393e-260f-c34c-ad36-c109cad46c53%7D/click HTTP/1.1[\r][\n]"
DEBUG: org.apache.http.wire - http-outgoing-39 >> "Content-Type: application/json; charset=utf-8[\r][\n]"
DEBUG: org.apache.http.wire - http-outgoing-39 >> "Content-Length: 47[\r][\n]"
DEBUG: org.apache.http.wire - http-outgoing-39 >> "Host: 127.0.0.1:7055[\r][\n]"
DEBUG: org.apache.http.wire - http-outgoing-39 >> "Connection: Keep-Alive[\r][\n]"
DEBUG: org.apache.http.wire - http-outgoing-39 >> "User-Agent: Apache-HttpClient/4.5.2 (Java/1.7.0_79)[\r][\n]"
DEBUG: org.apache.http.wire - http-outgoing-39 >> "Accept-Encoding: gzip,deflate[\r][\n]"
DEBUG: org.apache.http.wire - http-outgoing-39 >> "[\r][\n]"
DEBUG: org.apache.http.wire - http-outgoing-39 >> "{"id":"{5dfe393e-260f-c34c-ad36-c109cad46c53}"}"
DEBUG: org.apache.http.wire - http-outgoing-39 << "HTTP/1.1 200 OK[\r][\n]"
DEBUG: org.apache.http.wire - http-outgoing-39 << "content-type: application/json; charset=UTF-8[\r][\n]"
DEBUG: org.apache.http.wire - http-outgoing-39 << "connection: close[\r][\n]"
DEBUG: org.apache.http.wire - http-outgoing-39 << "content-length: 98[\r][\n]"
DEBUG: org.apache.http.wire - http-outgoing-39 << "server: httpd.js[\r][\n]"
DEBUG: org.apache.http.wire - http-outgoing-39 << "date: Fri, 26 Aug 2016 09:42:47 GMT[\r][\n]"
DEBUG: org.apache.http.wire - http-outgoing-39 << "[\r][\n]"
DEBUG: org.apache.http.headers - http-outgoing-39 << HTTP/1.1 200 OK
DEBUG: org.apache.http.headers - http-outgoing-39 << content-type: application/json; charset=UTF-8
DEBUG: org.apache.http.headers - http-outgoing-39 << connection: close
DEBUG: org.apache.http.headers - http-outgoing-39 << content-length: 98
DEBUG: org.apache.http.headers - http-outgoing-39 << server: httpd.js
DEBUG: org.apache.http.headers - http-outgoing-39 << date: Fri, 26 Aug 2016 09:42:47 GMT
DEBUG: org.apache.http.wire - http-outgoing-39 << "{"name":"clickElement","sessionId":"ef37bd3e-2017-2940-a760-71d500ce28c2","status":0,"value":"ok"}"
DEBUG: org.apache.http.impl.conn.DefaultManagedHttpClientConnection - http-outgoing-39: Close connection
DEBUG: org.apache.http.impl.execchain.MainClientExec - Connection discarded
DEBUG: org.apache.http.impl.conn.PoolingHttpClientConnectionManager - Connection released: [id: 39][route: {}->http://127.0.0.1:7055][total kept alive: 0; route allocated: 0 of 2000; total allocated: 0 of 2000]
DEBUG: org.apache.http.client.protocol.RequestAddCookies - CookieSpec selected: default
DEBUG: org.apache.http.client.protocol.RequestAuthCache - Auth cache not set in the context
DEBUG: org.apache.http.impl.conn.PoolingHttpClientConnectionManager - Connection request: [route: {}->http://127.0.0.1:7055][total kept alive: 0; route allocated: 0 of 2000; total allocated: 0 of 2000]
DEBUG: org.apache.http.impl.conn.PoolingHttpClientConnectionManager - Connection leased: [id: 40][route: {}->http://127.0.0.1:7055][total kept alive: 0; route allocated: 1 of 2000; total allocated: 1 of 2000]
DEBUG: org.apache.http.impl.execchain.MainClientExec - Opening connection {}->http://127.0.0.1:7055
DEBUG: org.apache.http.impl.conn.DefaultHttpClientConnectionOperator - Connecting to /127.0.0.1:7055
DEBUG: org.apache.http.impl.conn.DefaultHttpClientConnectionOperator - Connection established 127.0.0.1:60693<->127.0.0.1:7055
DEBUG: org.apache.http.impl.conn.DefaultManagedHttpClientConnection - http-outgoing-40: set socket timeout to 10800000
DEBUG: org.apache.http.impl.execchain.MainClientExec - Executing request POST /hub/session/ef37bd3e-2017-2940-a760-71d500ce28c2/element HTTP/1.1
DEBUG: org.apache.http.impl.execchain.MainClientExec - Target auth state: UNCHALLENGED
DEBUG: org.apache.http.impl.execchain.MainClientExec - Proxy auth state: UNCHALLENGED
DEBUG: org.apache.http.headers - http-outgoing-40 >> POST /hub/session/ef37bd3e-2017-2940-a760-71d500ce28c2/element HTTP/1.1
DEBUG: org.apache.http.headers - http-outgoing-40 >> Content-Type: application/json; charset=utf-8
DEBUG: org.apache.http.headers - http-outgoing-40 >> Content-Length: 65
DEBUG: org.apache.http.headers - http-outgoing-40 >> Host: 127.0.0.1:7055
DEBUG: org.apache.http.headers - http-outgoing-40 >> Connection: Keep-Alive
DEBUG: org.apache.http.headers - http-outgoing-40 >> User-Agent: Apache-HttpClient/4.5.2 (Java/1.7.0_79)
DEBUG: org.apache.http.headers - http-outgoing-40 >> Accept-Encoding: gzip,deflate
DEBUG: org.apache.http.wire - http-outgoing-40 >> "POST /hub/session/ef37bd3e-2017-2940-a760-71d500ce28c2/element HTTP/1.1[\r][\n]"
DEBUG: org.apache.http.wire - http-outgoing-40 >> "Content-Type: application/json; charset=utf-8[\r][\n]"
DEBUG: org.apache.http.wire - http-outgoing-40 >> "Content-Length: 65[\r][\n]"
DEBUG: org.apache.http.wire - http-outgoing-40 >> "Host: 127.0.0.1:7055[\r][\n]"
DEBUG: org.apache.http.wire - http-outgoing-40 >> "Connection: Keep-Alive[\r][\n]"
DEBUG: org.apache.http.wire - http-outgoing-40 >> "User-Agent: Apache-HttpClient/4.5.2 (Java/1.7.0_79)[\r][\n]"
DEBUG: org.apache.http.wire - http-outgoing-40 >> "Accept-Encoding: gzip,deflate[\r][\n]"
DEBUG: org.apache.http.wire - http-outgoing-40 >> "[\r][\n]"
DEBUG: org.apache.http.wire - http-outgoing-40 >> "{"using":"css selector","value":"#phoneNumber_field .text-error"}"
DEBUG: org.apache.http.wire - http-outgoing-40 << "HTTP/1.1 200 OK[\r][\n]"
DEBUG: org.apache.http.wire - http-outgoing-40 << "content-type: application/json; charset=UTF-8[\r][\n]"
DEBUG: org.apache.http.wire - http-outgoing-40 << "connection: close[\r][\n]"
DEBUG: org.apache.http.wire - http-outgoing-40 << "content-length: 224[\r][\n]"
DEBUG: org.apache.http.wire - http-outgoing-40 << "server: httpd.js[\r][\n]"
DEBUG: org.apache.http.wire - http-outgoing-40 << "date: Fri, 26 Aug 2016 09:42:47 GMT[\r][\n]"
DEBUG: org.apache.http.wire - http-outgoing-40 << "[\r][\n]"
DEBUG: org.apache.http.headers - http-outgoing-40 << HTTP/1.1 200 OK
DEBUG: org.apache.http.headers - http-outgoing-40 << content-type: application/json; charset=UTF-8
DEBUG: org.apache.http.headers - http-outgoing-40 << connection: close
DEBUG: org.apache.http.headers - http-outgoing-40 << content-length: 224
DEBUG: org.apache.http.headers - http-outgoing-40 << server: httpd.js
DEBUG: org.apache.http.headers - http-outgoing-40 << date: Fri, 26 Aug 2016 09:42:47 GMT
DEBUG: org.apache.http.wire - http-outgoing-40 << "{"name":"findElement","sessionId":"ef37bd3e-2017-2940-a760-71d500ce28c2","status":0,"value":{"ELEMENT":"{9c1df97a-28d9-4c4b-be01-cab5b92dee31}","element-6066-11e4-a52e-4f735466cecf":"{9c1df97a-28d9-4c4b-be01-cab5b92dee31}"}}"
DEBUG: org.apache.http.impl.conn.DefaultManagedHttpClientConnection - http-outgoing-40: Close connection
DEBUG: org.apache.http.impl.execchain.MainClientExec - Connection discarded
DEBUG: org.apache.http.impl.conn.PoolingHttpClientConnectionManager - Connection released: [id: 40][route: {}->http://127.0.0.1:7055][total kept alive: 0; route allocated: 0 of 2000; total allocated: 0 of 2000]
DEBUG: org.apache.http.client.protocol.RequestAddCookies - CookieSpec selected: default
DEBUG: org.apache.http.client.protocol.RequestAuthCache - Auth cache not set in the context
DEBUG: org.apache.http.impl.conn.PoolingHttpClientConnectionManager - Connection request: [route: {}->http://127.0.0.1:7055][total kept alive: 0; route allocated: 0 of 2000; total allocated: 0 of 2000]
DEBUG: org.apache.http.impl.conn.PoolingHttpClientConnectionManager - Connection leased: [id: 41][route: {}->http://127.0.0.1:7055][total kept alive: 0; route allocated: 1 of 2000; total allocated: 1 of 2000]
DEBUG: org.apache.http.impl.execchain.MainClientExec - Opening connection {}->http://127.0.0.1:7055
DEBUG: org.apache.http.impl.conn.DefaultHttpClientConnectionOperator - Connecting to /127.0.0.1:7055
DEBUG: org.apache.http.impl.conn.DefaultHttpClientConnectionOperator - Connection established 127.0.0.1:60694<->127.0.0.1:7055
DEBUG: org.apache.http.impl.conn.DefaultManagedHttpClientConnection - http-outgoing-41: set socket timeout to 10800000
DEBUG: org.apache.http.impl.execchain.MainClientExec - Executing request GET /hub/session/ef37bd3e-2017-2940-a760-71d500ce28c2/element/%7B9c1df97a-28d9-4c4b-be01-cab5b92dee31%7D/text HTTP/1.1
DEBUG: org.apache.http.impl.execchain.MainClientExec - Target auth state: UNCHALLENGED
DEBUG: org.apache.http.impl.execchain.MainClientExec - Proxy auth state: UNCHALLENGED
DEBUG: org.apache.http.headers - http-outgoing-41 >> GET /hub/session/ef37bd3e-2017-2940-a760-71d500ce28c2/element/%7B9c1df97a-28d9-4c4b-be01-cab5b92dee31%7D/text HTTP/1.1
DEBUG: org.apache.http.headers - http-outgoing-41 >> Cache-Control: no-cache
DEBUG: org.apache.http.headers - http-outgoing-41 >> Host: 127.0.0.1:7055
DEBUG: org.apache.http.headers - http-outgoing-41 >> Connection: Keep-Alive
DEBUG: org.apache.http.headers - http-outgoing-41 >> User-Agent: Apache-HttpClient/4.5.2 (Java/1.7.0_79)
DEBUG: org.apache.http.headers - http-outgoing-41 >> Accept-Encoding: gzip,deflate
DEBUG: org.apache.http.wire - http-outgoing-41 >> "GET /hub/session/ef37bd3e-2017-2940-a760-71d500ce28c2/element/%7B9c1df97a-28d9-4c4b-be01-cab5b92dee31%7D/text HTTP/1.1[\r][\n]"
DEBUG: org.apache.http.wire - http-outgoing-41 >> "Cache-Control: no-cache[\r][\n]"
DEBUG: org.apache.http.wire - http-outgoing-41 >> "Host: 127.0.0.1:7055[\r][\n]"
DEBUG: org.apache.http.wire - http-outgoing-41 >> "Connection: Keep-Alive[\r][\n]"
DEBUG: org.apache.http.wire - http-outgoing-41 >> "User-Agent: Apache-HttpClient/4.5.2 (Java/1.7.0_79)[\r][\n]"
DEBUG: org.apache.http.wire - http-outgoing-41 >> "Accept-Encoding: gzip,deflate[\r][\n]"
DEBUG: org.apache.http.wire - http-outgoing-41 >> "[\r][\n]"
DEBUG: org.apache.http.wire - http-outgoing-41 << "HTTP/1.1 200 OK[\r][\n]"
DEBUG: org.apache.http.wire - http-outgoing-41 << "content-type: application/json; charset=UTF-8[\r][\n]"
DEBUG: org.apache.http.wire - http-outgoing-41 << "connection: close[\r][\n]"
DEBUG: org.apache.http.wire - http-outgoing-41 << "content-length: 124[\r][\n]"
DEBUG: org.apache.http.wire - http-outgoing-41 << "server: httpd.js[\r][\n]"
DEBUG: org.apache.http.wire - http-outgoing-41 << "date: Fri, 26 Aug 2016 09:42:47 GMT[\r][\n]"
DEBUG: org.apache.http.wire - http-outgoing-41 << "[\r][\n]"
DEBUG: org.apache.http.headers - http-outgoing-41 << HTTP/1.1 200 OK
DEBUG: org.apache.http.headers - http-outgoing-41 << content-type: application/json; charset=UTF-8
DEBUG: org.apache.http.headers - http-outgoing-41 << connection: close
DEBUG: org.apache.http.headers - http-outgoing-41 << content-length: 124
DEBUG: org.apache.http.headers - http-outgoing-41 << server: httpd.js
DEBUG: org.apache.http.headers - http-outgoing-41 << date: Fri, 26 Aug 2016 09:42:47 GMT
DEBUG: org.apache.http.wire - http-outgoing-41 << "{"name":"getElementText","sessionId":"ef37bd3e-2017-2940-a760-71d500ce28c2","status":0,"value":"Must enter a phone number!"}"
DEBUG: org.apache.http.impl.conn.DefaultManagedHttpClientConnection - http-outgoing-41: Close connection
DEBUG: org.apache.http.impl.execchain.MainClientExec - Connection discarded
DEBUG: org.apache.http.impl.conn.PoolingHttpClientConnectionManager - Connection released: [id: 41][route: {}->http://127.0.0.1:7055][total kept alive: 0; route allocated: 0 of 2000; total allocated: 0 of 2000]
DEBUG: org.apache.http.client.protocol.RequestAddCookies - CookieSpec selected: default
DEBUG: org.apache.http.client.protocol.RequestAuthCache - Auth cache not set in the context
DEBUG: org.apache.http.impl.conn.PoolingHttpClientConnectionManager - Connection request: [route: {}->http://127.0.0.1:7055][total kept alive: 0; route allocated: 0 of 2000; total allocated: 0 of 2000]
DEBUG: org.apache.http.impl.conn.PoolingHttpClientConnectionManager - Connection leased: [id: 42][route: {}->http://127.0.0.1:7055][total kept alive: 0; route allocated: 1 of 2000; total allocated: 1 of 2000]
DEBUG: org.apache.http.impl.execchain.MainClientExec - Opening connection {}->http://127.0.0.1:7055
DEBUG: org.apache.http.impl.conn.DefaultHttpClientConnectionOperator - Connecting to /127.0.0.1:7055
DEBUG: org.apache.http.impl.conn.DefaultHttpClientConnectionOperator - Connection established 127.0.0.1:60695<->127.0.0.1:7055
DEBUG: org.apache.http.impl.conn.DefaultManagedHttpClientConnection - http-outgoing-42: set socket timeout to 10800000
DEBUG: org.apache.http.impl.execchain.MainClientExec - Executing request POST /hub/session/ef37bd3e-2017-2940-a760-71d500ce28c2/url HTTP/1.1
DEBUG: org.apache.http.impl.execchain.MainClientExec - Target auth state: UNCHALLENGED
DEBUG: org.apache.http.impl.execchain.MainClientExec - Proxy auth state: UNCHALLENGED
DEBUG: org.apache.http.headers - http-outgoing-42 >> POST /hub/session/ef37bd3e-2017-2940-a760-71d500ce28c2/url HTTP/1.1
DEBUG: org.apache.http.headers - http-outgoing-42 >> Content-Type: application/json; charset=utf-8
DEBUG: org.apache.http.headers - http-outgoing-42 >> Content-Length: 32
DEBUG: org.apache.http.headers - http-outgoing-42 >> Host: 127.0.0.1:7055
DEBUG: org.apache.http.headers - http-outgoing-42 >> Connection: Keep-Alive
DEBUG: org.apache.http.headers - http-outgoing-42 >> User-Agent: Apache-HttpClient/4.5.2 (Java/1.7.0_79)
DEBUG: org.apache.http.headers - http-outgoing-42 >> Accept-Encoding: gzip,deflate
DEBUG: org.apache.http.wire - http-outgoing-42 >> "POST /hub/session/ef37bd3e-2017-2940-a760-71d500ce28c2/url HTTP/1.1[\r][\n]"
DEBUG: org.apache.http.wire - http-outgoing-42 >> "Content-Type: application/json; charset=utf-8[\r][\n]"
DEBUG: org.apache.http.wire - http-outgoing-42 >> "Content-Length: 32[\r][\n]"
DEBUG: org.apache.http.wire - http-outgoing-42 >> "Host: 127.0.0.1:7055[\r][\n]"
DEBUG: org.apache.http.wire - http-outgoing-42 >> "Connection: Keep-Alive[\r][\n]"
DEBUG: org.apache.http.wire - http-outgoing-42 >> "User-Agent: Apache-HttpClient/4.5.2 (Java/1.7.0_79)[\r][\n]"
DEBUG: org.apache.http.wire - http-outgoing-42 >> "Accept-Encoding: gzip,deflate[\r][\n]"
DEBUG: org.apache.http.wire - http-outgoing-42 >> "[\r][\n]"
DEBUG: org.apache.http.wire - http-outgoing-42 >> "{"url":"http://localhost:8080/"}"
DEBUG: org.apache.http.wire - http-outgoing-42 << "HTTP/1.1 200 OK[\r][\n]"
DEBUG: org.apache.http.wire - http-outgoing-42 << "content-type: application/json; charset=UTF-8[\r][\n]"
DEBUG: org.apache.http.wire - http-outgoing-42 << "connection: close[\r][\n]"
DEBUG: org.apache.http.wire - http-outgoing-42 << "content-length: 87[\r][\n]"
DEBUG: org.apache.http.wire - http-outgoing-42 << "server: httpd.js[\r][\n]"
DEBUG: org.apache.http.wire - http-outgoing-42 << "date: Fri, 26 Aug 2016 09:42:48 GMT[\r][\n]"
DEBUG: org.apache.http.wire - http-outgoing-42 << "[\r][\n]"
DEBUG: org.apache.http.headers - http-outgoing-42 << HTTP/1.1 200 OK
DEBUG: org.apache.http.headers - http-outgoing-42 << content-type: application/json; charset=UTF-8
DEBUG: org.apache.http.headers - http-outgoing-42 << connection: close
DEBUG: org.apache.http.headers - http-outgoing-42 << content-length: 87
DEBUG: org.apache.http.headers - http-outgoing-42 << server: httpd.js
DEBUG: org.apache.http.headers - http-outgoing-42 << date: Fri, 26 Aug 2016 09:42:48 GMT
DEBUG: org.apache.http.wire - http-outgoing-42 << "{"name":"get","sessionId":"ef37bd3e-2017-2940-a760-71d500ce28c2","status":0,"value":""}"
DEBUG: org.apache.http.impl.conn.DefaultManagedHttpClientConnection - http-outgoing-42: Close connection
DEBUG: org.apache.http.impl.execchain.MainClientExec - Connection discarded
DEBUG: org.apache.http.impl.conn.PoolingHttpClientConnectionManager - Connection released: [id: 42][route: {}->http://127.0.0.1:7055][total kept alive: 0; route allocated: 0 of 2000; total allocated: 0 of 2000]
DEBUG: org.apache.http.client.protocol.RequestAddCookies - CookieSpec selected: default
DEBUG: org.apache.http.client.protocol.RequestAuthCache - Auth cache not set in the context
DEBUG: org.apache.http.impl.conn.PoolingHttpClientConnectionManager - Connection request: [route: {}->http://127.0.0.1:7055][total kept alive: 0; route allocated: 0 of 2000; total allocated: 0 of 2000]
DEBUG: org.apache.http.impl.conn.PoolingHttpClientConnectionManager - Connection leased: [id: 43][route: {}->http://127.0.0.1:7055][total kept alive: 0; route allocated: 1 of 2000; total allocated: 1 of 2000]
DEBUG: org.apache.http.impl.execchain.MainClientExec - Opening connection {}->http://127.0.0.1:7055
DEBUG: org.apache.http.impl.conn.DefaultHttpClientConnectionOperator - Connecting to /127.0.0.1:7055
DEBUG: org.apache.http.impl.conn.DefaultHttpClientConnectionOperator - Connection established 127.0.0.1:60696<->127.0.0.1:7055
DEBUG: org.apache.http.impl.conn.DefaultManagedHttpClientConnection - http-outgoing-43: set socket timeout to 10800000
DEBUG: org.apache.http.impl.execchain.MainClientExec - Executing request POST /hub/session/ef37bd3e-2017-2940-a760-71d500ce28c2/element HTTP/1.1
DEBUG: org.apache.http.impl.execchain.MainClientExec - Target auth state: UNCHALLENGED
DEBUG: org.apache.http.impl.execchain.MainClientExec - Proxy auth state: UNCHALLENGED
DEBUG: org.apache.http.headers - http-outgoing-43 >> POST /hub/session/ef37bd3e-2017-2940-a760-71d500ce28c2/element HTTP/1.1
DEBUG: org.apache.http.headers - http-outgoing-43 >> Content-Type: application/json; charset=utf-8
DEBUG: org.apache.http.headers - http-outgoing-43 >> Content-Length: 46
DEBUG: org.apache.http.headers - http-outgoing-43 >> Host: 127.0.0.1:7055
DEBUG: org.apache.http.headers - http-outgoing-43 >> Connection: Keep-Alive
DEBUG: org.apache.http.headers - http-outgoing-43 >> User-Agent: Apache-HttpClient/4.5.2 (Java/1.7.0_79)
DEBUG: org.apache.http.headers - http-outgoing-43 >> Accept-Encoding: gzip,deflate
DEBUG: org.apache.http.wire - http-outgoing-43 >> "POST /hub/session/ef37bd3e-2017-2940-a760-71d500ce28c2/element HTTP/1.1[\r][\n]"
DEBUG: org.apache.http.wire - http-outgoing-43 >> "Content-Type: application/json; charset=utf-8[\r][\n]"
DEBUG: org.apache.http.wire - http-outgoing-43 >> "Content-Length: 46[\r][\n]"
DEBUG: org.apache.http.wire - http-outgoing-43 >> "Host: 127.0.0.1:7055[\r][\n]"
DEBUG: org.apache.http.wire - http-outgoing-43 >> "Connection: Keep-Alive[\r][\n]"
DEBUG: org.apache.http.wire - http-outgoing-43 >> "User-Agent: Apache-HttpClient/4.5.2 (Java/1.7.0_79)[\r][\n]"
DEBUG: org.apache.http.wire - http-outgoing-43 >> "Accept-Encoding: gzip,deflate[\r][\n]"
DEBUG: org.apache.http.wire - http-outgoing-43 >> "[\r][\n]"
DEBUG: org.apache.http.wire - http-outgoing-43 >> "{"using":"link text","value":"Create Account"}"
DEBUG: org.apache.http.wire - http-outgoing-43 << "HTTP/1.1 200 OK[\r][\n]"
DEBUG: org.apache.http.wire - http-outgoing-43 << "content-type: application/json; charset=UTF-8[\r][\n]"
DEBUG: org.apache.http.wire - http-outgoing-43 << "connection: close[\r][\n]"
DEBUG: org.apache.http.wire - http-outgoing-43 << "content-length: 224[\r][\n]"
DEBUG: org.apache.http.wire - http-outgoing-43 << "server: httpd.js[\r][\n]"
DEBUG: org.apache.http.wire - http-outgoing-43 << "date: Fri, 26 Aug 2016 09:42:48 GMT[\r][\n]"
DEBUG: org.apache.http.wire - http-outgoing-43 << "[\r][\n]"
DEBUG: org.apache.http.headers - http-outgoing-43 << HTTP/1.1 200 OK
DEBUG: org.apache.http.headers - http-outgoing-43 << content-type: application/json; charset=UTF-8
DEBUG: org.apache.http.headers - http-outgoing-43 << connection: close
DEBUG: org.apache.http.headers - http-outgoing-43 << content-length: 224
DEBUG: org.apache.http.headers - http-outgoing-43 << server: httpd.js
DEBUG: org.apache.http.headers - http-outgoing-43 << date: Fri, 26 Aug 2016 09:42:48 GMT
DEBUG: org.apache.http.wire - http-outgoing-43 << "{"name":"findElement","sessionId":"ef37bd3e-2017-2940-a760-71d500ce28c2","status":0,"value":{"ELEMENT":"{7e7d1869-a8db-7246-a9a9-38a75d7b8c1f}","element-6066-11e4-a52e-4f735466cecf":"{7e7d1869-a8db-7246-a9a9-38a75d7b8c1f}"}}"
DEBUG: org.apache.http.impl.conn.DefaultManagedHttpClientConnection - http-outgoing-43: Close connection
DEBUG: org.apache.http.impl.execchain.MainClientExec - Connection discarded
DEBUG: org.apache.http.impl.conn.PoolingHttpClientConnectionManager - Connection released: [id: 43][route: {}->http://127.0.0.1:7055][total kept alive: 0; route allocated: 0 of 2000; total allocated: 0 of 2000]
DEBUG: org.apache.http.client.protocol.RequestAddCookies - CookieSpec selected: default
DEBUG: org.apache.http.client.protocol.RequestAuthCache - Auth cache not set in the context
DEBUG: org.apache.http.impl.conn.PoolingHttpClientConnectionManager - Connection request: [route: {}->http://127.0.0.1:7055][total kept alive: 0; route allocated: 0 of 2000; total allocated: 0 of 2000]
DEBUG: org.apache.http.impl.conn.PoolingHttpClientConnectionManager - Connection leased: [id: 44][route: {}->http://127.0.0.1:7055][total kept alive: 0; route allocated: 1 of 2000; total allocated: 1 of 2000]
DEBUG: org.apache.http.impl.execchain.MainClientExec - Opening connection {}->http://127.0.0.1:7055
DEBUG: org.apache.http.impl.conn.DefaultHttpClientConnectionOperator - Connecting to /127.0.0.1:7055
DEBUG: org.apache.http.impl.conn.DefaultHttpClientConnectionOperator - Connection established 127.0.0.1:60697<->127.0.0.1:7055
DEBUG: org.apache.http.impl.conn.DefaultManagedHttpClientConnection - http-outgoing-44: set socket timeout to 10800000
DEBUG: org.apache.http.impl.execchain.MainClientExec - Executing request POST /hub/session/ef37bd3e-2017-2940-a760-71d500ce28c2/element/%7B7e7d1869-a8db-7246-a9a9-38a75d7b8c1f%7D/click HTTP/1.1
DEBUG: org.apache.http.impl.execchain.MainClientExec - Target auth state: UNCHALLENGED
DEBUG: org.apache.http.impl.execchain.MainClientExec - Proxy auth state: UNCHALLENGED
DEBUG: org.apache.http.headers - http-outgoing-44 >> POST /hub/session/ef37bd3e-2017-2940-a760-71d500ce28c2/element/%7B7e7d1869-a8db-7246-a9a9-38a75d7b8c1f%7D/click HTTP/1.1
DEBUG: org.apache.http.headers - http-outgoing-44 >> Content-Type: application/json; charset=utf-8
DEBUG: org.apache.http.headers - http-outgoing-44 >> Content-Length: 47
DEBUG: org.apache.http.headers - http-outgoing-44 >> Host: 127.0.0.1:7055
DEBUG: org.apache.http.headers - http-outgoing-44 >> Connection: Keep-Alive
DEBUG: org.apache.http.headers - http-outgoing-44 >> User-Agent: Apache-HttpClient/4.5.2 (Java/1.7.0_79)
DEBUG: org.apache.http.headers - http-outgoing-44 >> Accept-Encoding: gzip,deflate
DEBUG: org.apache.http.wire - http-outgoing-44 >> "POST /hub/session/ef37bd3e-2017-2940-a760-71d500ce28c2/element/%7B7e7d1869-a8db-7246-a9a9-38a75d7b8c1f%7D/click HTTP/1.1[\r][\n]"
DEBUG: org.apache.http.wire - http-outgoing-44 >> "Content-Type: application/json; charset=utf-8[\r][\n]"
DEBUG: org.apache.http.wire - http-outgoing-44 >> "Content-Length: 47[\r][\n]"
DEBUG: org.apache.http.wire - http-outgoing-44 >> "Host: 127.0.0.1:7055[\r][\n]"
DEBUG: org.apache.http.wire - http-outgoing-44 >> "Connection: Keep-Alive[\r][\n]"
DEBUG: org.apache.http.wire - http-outgoing-44 >> "User-Agent: Apache-HttpClient/4.5.2 (Java/1.7.0_79)[\r][\n]"
DEBUG: org.apache.http.wire - http-outgoing-44 >> "Accept-Encoding: gzip,deflate[\r][\n]"
DEBUG: org.apache.http.wire - http-outgoing-44 >> "[\r][\n]"
DEBUG: org.apache.http.wire - http-outgoing-44 >> "{"id":"{7e7d1869-a8db-7246-a9a9-38a75d7b8c1f}"}"
DEBUG: org.apache.http.wire - http-outgoing-44 << "HTTP/1.1 200 OK[\r][\n]"
DEBUG: org.apache.http.wire - http-outgoing-44 << "content-type: application/json; charset=UTF-8[\r][\n]"
DEBUG: org.apache.http.wire - http-outgoing-44 << "connection: close[\r][\n]"
DEBUG: org.apache.http.wire - http-outgoing-44 << "content-length: 98[\r][\n]"
DEBUG: org.apache.http.wire - http-outgoing-44 << "server: httpd.js[\r][\n]"
DEBUG: org.apache.http.wire - http-outgoing-44 << "date: Fri, 26 Aug 2016 09:42:48 GMT[\r][\n]"
DEBUG: org.apache.http.wire - http-outgoing-44 << "[\r][\n]"
DEBUG: org.apache.http.headers - http-outgoing-44 << HTTP/1.1 200 OK
DEBUG: org.apache.http.headers - http-outgoing-44 << content-type: application/json; charset=UTF-8
DEBUG: org.apache.http.headers - http-outgoing-44 << connection: close
DEBUG: org.apache.http.headers - http-outgoing-44 << content-length: 98
DEBUG: org.apache.http.headers - http-outgoing-44 << server: httpd.js
DEBUG: org.apache.http.headers - http-outgoing-44 << date: Fri, 26 Aug 2016 09:42:48 GMT
DEBUG: org.apache.http.wire - http-outgoing-44 << "{"name":"clickElement","sessionId":"ef37bd3e-2017-2940-a760-71d500ce28c2","status":0,"value":"ok"}"
DEBUG: org.apache.http.impl.conn.DefaultManagedHttpClientConnection - http-outgoing-44: Close connection
DEBUG: org.apache.http.impl.execchain.MainClientExec - Connection discarded
DEBUG: org.apache.http.impl.conn.PoolingHttpClientConnectionManager - Connection released: [id: 44][route: {}->http://127.0.0.1:7055][total kept alive: 0; route allocated: 0 of 2000; total allocated: 0 of 2000]
DEBUG: org.apache.http.client.protocol.RequestAddCookies - CookieSpec selected: default
DEBUG: org.apache.http.client.protocol.RequestAuthCache - Auth cache not set in the context
DEBUG: org.apache.http.impl.conn.PoolingHttpClientConnectionManager - Connection request: [route: {}->http://127.0.0.1:7055][total kept alive: 0; route allocated: 0 of 2000; total allocated: 0 of 2000]
DEBUG: org.apache.http.impl.conn.PoolingHttpClientConnectionManager - Connection leased: [id: 45][route: {}->http://127.0.0.1:7055][total kept alive: 0; route allocated: 1 of 2000; total allocated: 1 of 2000]
DEBUG: org.apache.http.impl.execchain.MainClientExec - Opening connection {}->http://127.0.0.1:7055
DEBUG: org.apache.http.impl.conn.DefaultHttpClientConnectionOperator - Connecting to /127.0.0.1:7055
DEBUG: org.apache.http.impl.conn.DefaultHttpClientConnectionOperator - Connection established 127.0.0.1:60698<->127.0.0.1:7055
DEBUG: org.apache.http.impl.conn.DefaultManagedHttpClientConnection - http-outgoing-45: set socket timeout to 10800000
DEBUG: org.apache.http.impl.execchain.MainClientExec - Executing request POST /hub/session/ef37bd3e-2017-2940-a760-71d500ce28c2/element HTTP/1.1
DEBUG: org.apache.http.impl.execchain.MainClientExec - Target auth state: UNCHALLENGED
DEBUG: org.apache.http.impl.execchain.MainClientExec - Proxy auth state: UNCHALLENGED
DEBUG: org.apache.http.headers - http-outgoing-45 >> POST /hub/session/ef37bd3e-2017-2940-a760-71d500ce28c2/element HTTP/1.1
DEBUG: org.apache.http.headers - http-outgoing-45 >> Content-Type: application/json; charset=utf-8
DEBUG: org.apache.http.headers - http-outgoing-45 >> Content-Length: 34
DEBUG: org.apache.http.headers - http-outgoing-45 >> Host: 127.0.0.1:7055
DEBUG: org.apache.http.headers - http-outgoing-45 >> Connection: Keep-Alive
DEBUG: org.apache.http.headers - http-outgoing-45 >> User-Agent: Apache-HttpClient/4.5.2 (Java/1.7.0_79)
DEBUG: org.apache.http.headers - http-outgoing-45 >> Accept-Encoding: gzip,deflate
DEBUG: org.apache.http.wire - http-outgoing-45 >> "POST /hub/session/ef37bd3e-2017-2940-a760-71d500ce28c2/element HTTP/1.1[\r][\n]"
DEBUG: org.apache.http.wire - http-outgoing-45 >> "Content-Type: application/json; charset=utf-8[\r][\n]"
DEBUG: org.apache.http.wire - http-outgoing-45 >> "Content-Length: 34[\r][\n]"
DEBUG: org.apache.http.wire - http-outgoing-45 >> "Host: 127.0.0.1:7055[\r][\n]"
DEBUG: org.apache.http.wire - http-outgoing-45 >> "Connection: Keep-Alive[\r][\n]"
DEBUG: org.apache.http.wire - http-outgoing-45 >> "User-Agent: Apache-HttpClient/4.5.2 (Java/1.7.0_79)[\r][\n]"
DEBUG: org.apache.http.wire - http-outgoing-45 >> "Accept-Encoding: gzip,deflate[\r][\n]"
DEBUG: org.apache.http.wire - http-outgoing-45 >> "[\r][\n]"
DEBUG: org.apache.http.wire - http-outgoing-45 >> "{"using":"id","value":"fld_email"}"
DEBUG: org.apache.http.wire - http-outgoing-45 << "HTTP/1.1 200 OK[\r][\n]"
DEBUG: org.apache.http.wire - http-outgoing-45 << "content-type: application/json; charset=UTF-8[\r][\n]"
DEBUG: org.apache.http.wire - http-outgoing-45 << "connection: close[\r][\n]"
DEBUG: org.apache.http.wire - http-outgoing-45 << "content-length: 224[\r][\n]"
DEBUG: org.apache.http.wire - http-outgoing-45 << "server: httpd.js[\r][\n]"
DEBUG: org.apache.http.wire - http-outgoing-45 << "date: Fri, 26 Aug 2016 09:42:48 GMT[\r][\n]"
DEBUG: org.apache.http.wire - http-outgoing-45 << "[\r][\n]"
DEBUG: org.apache.http.headers - http-outgoing-45 << HTTP/1.1 200 OK
DEBUG: org.apache.http.headers - http-outgoing-45 << content-type: application/json; charset=UTF-8
DEBUG: org.apache.http.headers - http-outgoing-45 << connection: close
DEBUG: org.apache.http.headers - http-outgoing-45 << content-length: 224
DEBUG: org.apache.http.headers - http-outgoing-45 << server: httpd.js
DEBUG: org.apache.http.headers - http-outgoing-45 << date: Fri, 26 Aug 2016 09:42:48 GMT
DEBUG: org.apache.http.wire - http-outgoing-45 << "{"name":"findElement","sessionId":"ef37bd3e-2017-2940-a760-71d500ce28c2","status":0,"value":{"ELEMENT":"{c61857d4-8b9c-7640-be99-e6695930f6b8}","element-6066-11e4-a52e-4f735466cecf":"{c61857d4-8b9c-7640-be99-e6695930f6b8}"}}"
DEBUG: org.apache.http.impl.conn.DefaultManagedHttpClientConnection - http-outgoing-45: Close connection
DEBUG: org.apache.http.impl.execchain.MainClientExec - Connection discarded
DEBUG: org.apache.http.impl.conn.PoolingHttpClientConnectionManager - Connection released: [id: 45][route: {}->http://127.0.0.1:7055][total kept alive: 0; route allocated: 0 of 2000; total allocated: 0 of 2000]
DEBUG: org.apache.http.client.protocol.RequestAddCookies - CookieSpec selected: default
DEBUG: org.apache.http.client.protocol.RequestAuthCache - Auth cache not set in the context
DEBUG: org.apache.http.impl.conn.PoolingHttpClientConnectionManager - Connection request: [route: {}->http://127.0.0.1:7055][total kept alive: 0; route allocated: 0 of 2000; total allocated: 0 of 2000]
DEBUG: org.apache.http.impl.conn.PoolingHttpClientConnectionManager - Connection leased: [id: 46][route: {}->http://127.0.0.1:7055][total kept alive: 0; route allocated: 1 of 2000; total allocated: 1 of 2000]
DEBUG: org.apache.http.impl.execchain.MainClientExec - Opening connection {}->http://127.0.0.1:7055
DEBUG: org.apache.http.impl.conn.DefaultHttpClientConnectionOperator - Connecting to /127.0.0.1:7055
DEBUG: org.apache.http.impl.conn.DefaultHttpClientConnectionOperator - Connection established 127.0.0.1:60699<->127.0.0.1:7055
DEBUG: org.apache.http.impl.conn.DefaultManagedHttpClientConnection - http-outgoing-46: set socket timeout to 10800000
DEBUG: org.apache.http.impl.execchain.MainClientExec - Executing request POST /hub/session/ef37bd3e-2017-2940-a760-71d500ce28c2/element/%7Bc61857d4-8b9c-7640-be99-e6695930f6b8%7D/clear HTTP/1.1
DEBUG: org.apache.http.impl.execchain.MainClientExec - Target auth state: UNCHALLENGED
DEBUG: org.apache.http.impl.execchain.MainClientExec - Proxy auth state: UNCHALLENGED
DEBUG: org.apache.http.headers - http-outgoing-46 >> POST /hub/session/ef37bd3e-2017-2940-a760-71d500ce28c2/element/%7Bc61857d4-8b9c-7640-be99-e6695930f6b8%7D/clear HTTP/1.1
DEBUG: org.apache.http.headers - http-outgoing-46 >> Content-Type: application/json; charset=utf-8
DEBUG: org.apache.http.headers - http-outgoing-46 >> Content-Length: 47
DEBUG: org.apache.http.headers - http-outgoing-46 >> Host: 127.0.0.1:7055
DEBUG: org.apache.http.headers - http-outgoing-46 >> Connection: Keep-Alive
DEBUG: org.apache.http.headers - http-outgoing-46 >> User-Agent: Apache-HttpClient/4.5.2 (Java/1.7.0_79)
DEBUG: org.apache.http.headers - http-outgoing-46 >> Accept-Encoding: gzip,deflate
DEBUG: org.apache.http.wire - http-outgoing-46 >> "POST /hub/session/ef37bd3e-2017-2940-a760-71d500ce28c2/element/%7Bc61857d4-8b9c-7640-be99-e6695930f6b8%7D/clear HTTP/1.1[\r][\n]"
DEBUG: org.apache.http.wire - http-outgoing-46 >> "Content-Type: application/json; charset=utf-8[\r][\n]"
DEBUG: org.apache.http.wire - http-outgoing-46 >> "Content-Length: 47[\r][\n]"
DEBUG: org.apache.http.wire - http-outgoing-46 >> "Host: 127.0.0.1:7055[\r][\n]"
DEBUG: org.apache.http.wire - http-outgoing-46 >> "Connection: Keep-Alive[\r][\n]"
DEBUG: org.apache.http.wire - http-outgoing-46 >> "User-Agent: Apache-HttpClient/4.5.2 (Java/1.7.0_79)[\r][\n]"
DEBUG: org.apache.http.wire - http-outgoing-46 >> "Accept-Encoding: gzip,deflate[\r][\n]"
DEBUG: org.apache.http.wire - http-outgoing-46 >> "[\r][\n]"
DEBUG: org.apache.http.wire - http-outgoing-46 >> "{"id":"{c61857d4-8b9c-7640-be99-e6695930f6b8}"}"
DEBUG: org.apache.http.wire - http-outgoing-46 << "HTTP/1.1 200 OK[\r][\n]"
DEBUG: org.apache.http.wire - http-outgoing-46 << "content-type: application/json; charset=UTF-8[\r][\n]"
DEBUG: org.apache.http.wire - http-outgoing-46 << "connection: close[\r][\n]"
DEBUG: org.apache.http.wire - http-outgoing-46 << "content-length: 96[\r][\n]"
DEBUG: org.apache.http.wire - http-outgoing-46 << "server: httpd.js[\r][\n]"
DEBUG: org.apache.http.wire - http-outgoing-46 << "date: Fri, 26 Aug 2016 09:42:48 GMT[\r][\n]"
DEBUG: org.apache.http.wire - http-outgoing-46 << "[\r][\n]"
DEBUG: org.apache.http.headers - http-outgoing-46 << HTTP/1.1 200 OK
DEBUG: org.apache.http.headers - http-outgoing-46 << content-type: application/json; charset=UTF-8
DEBUG: org.apache.http.headers - http-outgoing-46 << connection: close
DEBUG: org.apache.http.headers - http-outgoing-46 << content-length: 96
DEBUG: org.apache.http.headers - http-outgoing-46 << server: httpd.js
DEBUG: org.apache.http.headers - http-outgoing-46 << date: Fri, 26 Aug 2016 09:42:48 GMT
DEBUG: org.apache.http.wire - http-outgoing-46 << "{"name":"clearElement","sessionId":"ef37bd3e-2017-2940-a760-71d500ce28c2","status":0,"value":""}"
DEBUG: org.apache.http.impl.conn.DefaultManagedHttpClientConnection - http-outgoing-46: Close connection
DEBUG: org.apache.http.impl.execchain.MainClientExec - Connection discarded
DEBUG: org.apache.http.impl.conn.PoolingHttpClientConnectionManager - Connection released: [id: 46][route: {}->http://127.0.0.1:7055][total kept alive: 0; route allocated: 0 of 2000; total allocated: 0 of 2000]
DEBUG: org.apache.http.client.protocol.RequestAddCookies - CookieSpec selected: default
DEBUG: org.apache.http.client.protocol.RequestAuthCache - Auth cache not set in the context
DEBUG: org.apache.http.impl.conn.PoolingHttpClientConnectionManager - Connection request: [route: {}->http://127.0.0.1:7055][total kept alive: 0; route allocated: 0 of 2000; total allocated: 0 of 2000]
DEBUG: org.apache.http.impl.conn.PoolingHttpClientConnectionManager - Connection leased: [id: 47][route: {}->http://127.0.0.1:7055][total kept alive: 0; route allocated: 1 of 2000; total allocated: 1 of 2000]
DEBUG: org.apache.http.impl.execchain.MainClientExec - Opening connection {}->http://127.0.0.1:7055
DEBUG: org.apache.http.impl.conn.DefaultHttpClientConnectionOperator - Connecting to /127.0.0.1:7055
DEBUG: org.apache.http.impl.conn.DefaultHttpClientConnectionOperator - Connection established 127.0.0.1:60700<->127.0.0.1:7055
DEBUG: org.apache.http.impl.conn.DefaultManagedHttpClientConnection - http-outgoing-47: set socket timeout to 10800000
DEBUG: org.apache.http.impl.execchain.MainClientExec - Executing request POST /hub/session/ef37bd3e-2017-2940-a760-71d500ce28c2/element/%7Bc61857d4-8b9c-7640-be99-e6695930f6b8%7D/value HTTP/1.1
DEBUG: org.apache.http.impl.execchain.MainClientExec - Target auth state: UNCHALLENGED
DEBUG: org.apache.http.impl.execchain.MainClientExec - Proxy auth state: UNCHALLENGED
DEBUG: org.apache.http.headers - http-outgoing-47 >> POST /hub/session/ef37bd3e-2017-2940-a760-71d500ce28c2/element/%7Bc61857d4-8b9c-7640-be99-e6695930f6b8%7D/value HTTP/1.1
DEBUG: org.apache.http.headers - http-outgoing-47 >> Content-Type: application/json; charset=utf-8
DEBUG: org.apache.http.headers - http-outgoing-47 >> Content-Length: 81
DEBUG: org.apache.http.headers - http-outgoing-47 >> Host: 127.0.0.1:7055
DEBUG: org.apache.http.headers - http-outgoing-47 >> Connection: Keep-Alive
DEBUG: org.apache.http.headers - http-outgoing-47 >> User-Agent: Apache-HttpClient/4.5.2 (Java/1.7.0_79)
DEBUG: org.apache.http.headers - http-outgoing-47 >> Accept-Encoding: gzip,deflate
DEBUG: org.apache.http.wire - http-outgoing-47 >> "POST /hub/session/ef37bd3e-2017-2940-a760-71d500ce28c2/element/%7Bc61857d4-8b9c-7640-be99-e6695930f6b8%7D/value HTTP/1.1[\r][\n]"
DEBUG: org.apache.http.wire - http-outgoing-47 >> "Content-Type: application/json; charset=utf-8[\r][\n]"
DEBUG: org.apache.http.wire - http-outgoing-47 >> "Content-Length: 81[\r][\n]"
DEBUG: org.apache.http.wire - http-outgoing-47 >> "Host: 127.0.0.1:7055[\r][\n]"
DEBUG: org.apache.http.wire - http-outgoing-47 >> "Connection: Keep-Alive[\r][\n]"
DEBUG: org.apache.http.wire - http-outgoing-47 >> "User-Agent: Apache-HttpClient/4.5.2 (Java/1.7.0_79)[\r][\n]"
DEBUG: org.apache.http.wire - http-outgoing-47 >> "Accept-Encoding: gzip,deflate[\r][\n]"
DEBUG: org.apache.http.wire - http-outgoing-47 >> "[\r][\n]"
DEBUG: org.apache.http.wire - http-outgoing-47 >> "{"id":"{c61857d4-8b9c-7640-be99-e6695930f6b8}","value":["somebody@something.de"]}"
DEBUG: org.apache.http.wire - http-outgoing-47 << "HTTP/1.1 200 OK[\r][\n]"
DEBUG: org.apache.http.wire - http-outgoing-47 << "content-type: application/json; charset=UTF-8[\r][\n]"
DEBUG: org.apache.http.wire - http-outgoing-47 << "connection: close[\r][\n]"
DEBUG: org.apache.http.wire - http-outgoing-47 << "content-length: 101[\r][\n]"
DEBUG: org.apache.http.wire - http-outgoing-47 << "server: httpd.js[\r][\n]"
DEBUG: org.apache.http.wire - http-outgoing-47 << "date: Fri, 26 Aug 2016 09:42:48 GMT[\r][\n]"
DEBUG: org.apache.http.wire - http-outgoing-47 << "[\r][\n]"
DEBUG: org.apache.http.headers - http-outgoing-47 << HTTP/1.1 200 OK
DEBUG: org.apache.http.headers - http-outgoing-47 << content-type: application/json; charset=UTF-8
DEBUG: org.apache.http.headers - http-outgoing-47 << connection: close
DEBUG: org.apache.http.headers - http-outgoing-47 << content-length: 101
DEBUG: org.apache.http.headers - http-outgoing-47 << server: httpd.js
DEBUG: org.apache.http.headers - http-outgoing-47 << date: Fri, 26 Aug 2016 09:42:48 GMT
DEBUG: org.apache.http.wire - http-outgoing-47 << "{"name":"sendKeysToElement","sessionId":"ef37bd3e-2017-2940-a760-71d500ce28c2","status":0,"value":""}"
DEBUG: org.apache.http.impl.conn.DefaultManagedHttpClientConnection - http-outgoing-47: Close connection
DEBUG: org.apache.http.impl.execchain.MainClientExec - Connection discarded
DEBUG: org.apache.http.impl.conn.PoolingHttpClientConnectionManager - Connection released: [id: 47][route: {}->http://127.0.0.1:7055][total kept alive: 0; route allocated: 0 of 2000; total allocated: 0 of 2000]
DEBUG: org.apache.http.client.protocol.RequestAddCookies - CookieSpec selected: default
DEBUG: org.apache.http.client.protocol.RequestAuthCache - Auth cache not set in the context
DEBUG: org.apache.http.impl.conn.PoolingHttpClientConnectionManager - Connection request: [route: {}->http://127.0.0.1:7055][total kept alive: 0; route allocated: 0 of 2000; total allocated: 0 of 2000]
DEBUG: org.apache.http.impl.conn.PoolingHttpClientConnectionManager - Connection leased: [id: 48][route: {}->http://127.0.0.1:7055][total kept alive: 0; route allocated: 1 of 2000; total allocated: 1 of 2000]
DEBUG: org.apache.http.impl.execchain.MainClientExec - Opening connection {}->http://127.0.0.1:7055
DEBUG: org.apache.http.impl.conn.DefaultHttpClientConnectionOperator - Connecting to /127.0.0.1:7055
DEBUG: org.apache.http.impl.conn.DefaultHttpClientConnectionOperator - Connection established 127.0.0.1:60701<->127.0.0.1:7055
DEBUG: org.apache.http.impl.conn.DefaultManagedHttpClientConnection - http-outgoing-48: set socket timeout to 10800000
DEBUG: org.apache.http.impl.execchain.MainClientExec - Executing request POST /hub/session/ef37bd3e-2017-2940-a760-71d500ce28c2/element HTTP/1.1
DEBUG: org.apache.http.impl.execchain.MainClientExec - Target auth state: UNCHALLENGED
DEBUG: org.apache.http.impl.execchain.MainClientExec - Proxy auth state: UNCHALLENGED
DEBUG: org.apache.http.headers - http-outgoing-48 >> POST /hub/session/ef37bd3e-2017-2940-a760-71d500ce28c2/element HTTP/1.1
DEBUG: org.apache.http.headers - http-outgoing-48 >> Content-Type: application/json; charset=utf-8
DEBUG: org.apache.http.headers - http-outgoing-48 >> Content-Length: 37
DEBUG: org.apache.http.headers - http-outgoing-48 >> Host: 127.0.0.1:7055
DEBUG: org.apache.http.headers - http-outgoing-48 >> Connection: Keep-Alive
DEBUG: org.apache.http.headers - http-outgoing-48 >> User-Agent: Apache-HttpClient/4.5.2 (Java/1.7.0_79)
DEBUG: org.apache.http.headers - http-outgoing-48 >> Accept-Encoding: gzip,deflate
DEBUG: org.apache.http.wire - http-outgoing-48 >> "POST /hub/session/ef37bd3e-2017-2940-a760-71d500ce28c2/element HTTP/1.1[\r][\n]"
DEBUG: org.apache.http.wire - http-outgoing-48 >> "Content-Type: application/json; charset=utf-8[\r][\n]"
DEBUG: org.apache.http.wire - http-outgoing-48 >> "Content-Length: 37[\r][\n]"
DEBUG: org.apache.http.wire - http-outgoing-48 >> "Host: 127.0.0.1:7055[\r][\n]"
DEBUG: org.apache.http.wire - http-outgoing-48 >> "Connection: Keep-Alive[\r][\n]"
DEBUG: org.apache.http.wire - http-outgoing-48 >> "User-Agent: Apache-HttpClient/4.5.2 (Java/1.7.0_79)[\r][\n]"
DEBUG: org.apache.http.wire - http-outgoing-48 >> "Accept-Encoding: gzip,deflate[\r][\n]"
DEBUG: org.apache.http.wire - http-outgoing-48 >> "[\r][\n]"
DEBUG: org.apache.http.wire - http-outgoing-48 >> "{"using":"id","value":"fld_password"}"
DEBUG: org.apache.http.wire - http-outgoing-48 << "HTTP/1.1 200 OK[\r][\n]"
DEBUG: org.apache.http.wire - http-outgoing-48 << "content-type: application/json; charset=UTF-8[\r][\n]"
DEBUG: org.apache.http.wire - http-outgoing-48 << "connection: close[\r][\n]"
DEBUG: org.apache.http.wire - http-outgoing-48 << "content-length: 224[\r][\n]"
DEBUG: org.apache.http.wire - http-outgoing-48 << "server: httpd.js[\r][\n]"
DEBUG: org.apache.http.wire - http-outgoing-48 << "date: Fri, 26 Aug 2016 09:42:48 GMT[\r][\n]"
DEBUG: org.apache.http.wire - http-outgoing-48 << "[\r][\n]"
DEBUG: org.apache.http.headers - http-outgoing-48 << HTTP/1.1 200 OK
DEBUG: org.apache.http.headers - http-outgoing-48 << content-type: application/json; charset=UTF-8
DEBUG: org.apache.http.headers - http-outgoing-48 << connection: close
DEBUG: org.apache.http.headers - http-outgoing-48 << content-length: 224
DEBUG: org.apache.http.headers - http-outgoing-48 << server: httpd.js
DEBUG: org.apache.http.headers - http-outgoing-48 << date: Fri, 26 Aug 2016 09:42:48 GMT
DEBUG: org.apache.http.wire - http-outgoing-48 << "{"name":"findElement","sessionId":"ef37bd3e-2017-2940-a760-71d500ce28c2","status":0,"value":{"ELEMENT":"{63a2dcac-f78c-614b-9156-6578586accdb}","element-6066-11e4-a52e-4f735466cecf":"{63a2dcac-f78c-614b-9156-6578586accdb}"}}"
DEBUG: org.apache.http.impl.conn.DefaultManagedHttpClientConnection - http-outgoing-48: Close connection
DEBUG: org.apache.http.impl.execchain.MainClientExec - Connection discarded
DEBUG: org.apache.http.impl.conn.PoolingHttpClientConnectionManager - Connection released: [id: 48][route: {}->http://127.0.0.1:7055][total kept alive: 0; route allocated: 0 of 2000; total allocated: 0 of 2000]
DEBUG: org.apache.http.client.protocol.RequestAddCookies - CookieSpec selected: default
DEBUG: org.apache.http.client.protocol.RequestAuthCache - Auth cache not set in the context
DEBUG: org.apache.http.impl.conn.PoolingHttpClientConnectionManager - Connection request: [route: {}->http://127.0.0.1:7055][total kept alive: 0; route allocated: 0 of 2000; total allocated: 0 of 2000]
DEBUG: org.apache.http.impl.conn.PoolingHttpClientConnectionManager - Connection leased: [id: 49][route: {}->http://127.0.0.1:7055][total kept alive: 0; route allocated: 1 of 2000; total allocated: 1 of 2000]
DEBUG: org.apache.http.impl.execchain.MainClientExec - Opening connection {}->http://127.0.0.1:7055
DEBUG: org.apache.http.impl.conn.DefaultHttpClientConnectionOperator - Connecting to /127.0.0.1:7055
DEBUG: org.apache.http.impl.conn.DefaultHttpClientConnectionOperator - Connection established 127.0.0.1:60702<->127.0.0.1:7055
DEBUG: org.apache.http.impl.conn.DefaultManagedHttpClientConnection - http-outgoing-49: set socket timeout to 10800000
DEBUG: org.apache.http.impl.execchain.MainClientExec - Executing request POST /hub/session/ef37bd3e-2017-2940-a760-71d500ce28c2/element/%7B63a2dcac-f78c-614b-9156-6578586accdb%7D/clear HTTP/1.1
DEBUG: org.apache.http.impl.execchain.MainClientExec - Target auth state: UNCHALLENGED
DEBUG: org.apache.http.impl.execchain.MainClientExec - Proxy auth state: UNCHALLENGED
DEBUG: org.apache.http.headers - http-outgoing-49 >> POST /hub/session/ef37bd3e-2017-2940-a760-71d500ce28c2/element/%7B63a2dcac-f78c-614b-9156-6578586accdb%7D/clear HTTP/1.1
DEBUG: org.apache.http.headers - http-outgoing-49 >> Content-Type: application/json; charset=utf-8
DEBUG: org.apache.http.headers - http-outgoing-49 >> Content-Length: 47
DEBUG: org.apache.http.headers - http-outgoing-49 >> Host: 127.0.0.1:7055
DEBUG: org.apache.http.headers - http-outgoing-49 >> Connection: Keep-Alive
DEBUG: org.apache.http.headers - http-outgoing-49 >> User-Agent: Apache-HttpClient/4.5.2 (Java/1.7.0_79)
DEBUG: org.apache.http.headers - http-outgoing-49 >> Accept-Encoding: gzip,deflate
DEBUG: org.apache.http.wire - http-outgoing-49 >> "POST /hub/session/ef37bd3e-2017-2940-a760-71d500ce28c2/element/%7B63a2dcac-f78c-614b-9156-6578586accdb%7D/clear HTTP/1.1[\r][\n]"
DEBUG: org.apache.http.wire - http-outgoing-49 >> "Content-Type: application/json; charset=utf-8[\r][\n]"
DEBUG: org.apache.http.wire - http-outgoing-49 >> "Content-Length: 47[\r][\n]"
DEBUG: org.apache.http.wire - http-outgoing-49 >> "Host: 127.0.0.1:7055[\r][\n]"
DEBUG: org.apache.http.wire - http-outgoing-49 >> "Connection: Keep-Alive[\r][\n]"
DEBUG: org.apache.http.wire - http-outgoing-49 >> "User-Agent: Apache-HttpClient/4.5.2 (Java/1.7.0_79)[\r][\n]"
DEBUG: org.apache.http.wire - http-outgoing-49 >> "Accept-Encoding: gzip,deflate[\r][\n]"
DEBUG: org.apache.http.wire - http-outgoing-49 >> "[\r][\n]"
DEBUG: org.apache.http.wire - http-outgoing-49 >> "{"id":"{63a2dcac-f78c-614b-9156-6578586accdb}"}"
DEBUG: org.apache.http.wire - http-outgoing-49 << "HTTP/1.1 200 OK[\r][\n]"
DEBUG: org.apache.http.wire - http-outgoing-49 << "content-type: application/json; charset=UTF-8[\r][\n]"
DEBUG: org.apache.http.wire - http-outgoing-49 << "connection: close[\r][\n]"
DEBUG: org.apache.http.wire - http-outgoing-49 << "content-length: 96[\r][\n]"
DEBUG: org.apache.http.wire - http-outgoing-49 << "server: httpd.js[\r][\n]"
DEBUG: org.apache.http.wire - http-outgoing-49 << "date: Fri, 26 Aug 2016 09:42:48 GMT[\r][\n]"
DEBUG: org.apache.http.wire - http-outgoing-49 << "[\r][\n]"
DEBUG: org.apache.http.headers - http-outgoing-49 << HTTP/1.1 200 OK
DEBUG: org.apache.http.headers - http-outgoing-49 << content-type: application/json; charset=UTF-8
DEBUG: org.apache.http.headers - http-outgoing-49 << connection: close
DEBUG: org.apache.http.headers - http-outgoing-49 << content-length: 96
DEBUG: org.apache.http.headers - http-outgoing-49 << server: httpd.js
DEBUG: org.apache.http.headers - http-outgoing-49 << date: Fri, 26 Aug 2016 09:42:48 GMT
DEBUG: org.apache.http.wire - http-outgoing-49 << "{"name":"clearElement","sessionId":"ef37bd3e-2017-2940-a760-71d500ce28c2","status":0,"value":""}"
DEBUG: org.apache.http.impl.conn.DefaultManagedHttpClientConnection - http-outgoing-49: Close connection
DEBUG: org.apache.http.impl.execchain.MainClientExec - Connection discarded
DEBUG: org.apache.http.impl.conn.PoolingHttpClientConnectionManager - Connection released: [id: 49][route: {}->http://127.0.0.1:7055][total kept alive: 0; route allocated: 0 of 2000; total allocated: 0 of 2000]
DEBUG: org.apache.http.client.protocol.RequestAddCookies - CookieSpec selected: default
DEBUG: org.apache.http.client.protocol.RequestAuthCache - Auth cache not set in the context
DEBUG: org.apache.http.impl.conn.PoolingHttpClientConnectionManager - Connection request: [route: {}->http://127.0.0.1:7055][total kept alive: 0; route allocated: 0 of 2000; total allocated: 0 of 2000]
DEBUG: org.apache.http.impl.conn.PoolingHttpClientConnectionManager - Connection leased: [id: 50][route: {}->http://127.0.0.1:7055][total kept alive: 0; route allocated: 1 of 2000; total allocated: 1 of 2000]
DEBUG: org.apache.http.impl.execchain.MainClientExec - Opening connection {}->http://127.0.0.1:7055
DEBUG: org.apache.http.impl.conn.DefaultHttpClientConnectionOperator - Connecting to /127.0.0.1:7055
DEBUG: org.apache.http.impl.conn.DefaultHttpClientConnectionOperator - Connection established 127.0.0.1:60703<->127.0.0.1:7055
DEBUG: org.apache.http.impl.conn.DefaultManagedHttpClientConnection - http-outgoing-50: set socket timeout to 10800000
DEBUG: org.apache.http.impl.execchain.MainClientExec - Executing request POST /hub/session/ef37bd3e-2017-2940-a760-71d500ce28c2/element/%7B63a2dcac-f78c-614b-9156-6578586accdb%7D/value HTTP/1.1
DEBUG: org.apache.http.impl.execchain.MainClientExec - Target auth state: UNCHALLENGED
DEBUG: org.apache.http.impl.execchain.MainClientExec - Proxy auth state: UNCHALLENGED
DEBUG: org.apache.http.headers - http-outgoing-50 >> POST /hub/session/ef37bd3e-2017-2940-a760-71d500ce28c2/element/%7B63a2dcac-f78c-614b-9156-6578586accdb%7D/value HTTP/1.1
DEBUG: org.apache.http.headers - http-outgoing-50 >> Content-Type: application/json; charset=utf-8
DEBUG: org.apache.http.headers - http-outgoing-50 >> Content-Length: 66
DEBUG: org.apache.http.headers - http-outgoing-50 >> Host: 127.0.0.1:7055
DEBUG: org.apache.http.headers - http-outgoing-50 >> Connection: Keep-Alive
DEBUG: org.apache.http.headers - http-outgoing-50 >> User-Agent: Apache-HttpClient/4.5.2 (Java/1.7.0_79)
DEBUG: org.apache.http.headers - http-outgoing-50 >> Accept-Encoding: gzip,deflate
DEBUG: org.apache.http.wire - http-outgoing-50 >> "POST /hub/session/ef37bd3e-2017-2940-a760-71d500ce28c2/element/%7B63a2dcac-f78c-614b-9156-6578586accdb%7D/value HTTP/1.1[\r][\n]"
DEBUG: org.apache.http.wire - http-outgoing-50 >> "Content-Type: application/json; charset=utf-8[\r][\n]"
DEBUG: org.apache.http.wire - http-outgoing-50 >> "Content-Length: 66[\r][\n]"
DEBUG: org.apache.http.wire - http-outgoing-50 >> "Host: 127.0.0.1:7055[\r][\n]"
DEBUG: org.apache.http.wire - http-outgoing-50 >> "Connection: Keep-Alive[\r][\n]"
DEBUG: org.apache.http.wire - http-outgoing-50 >> "User-Agent: Apache-HttpClient/4.5.2 (Java/1.7.0_79)[\r][\n]"
DEBUG: org.apache.http.wire - http-outgoing-50 >> "Accept-Encoding: gzip,deflate[\r][\n]"
DEBUG: org.apache.http.wire - http-outgoing-50 >> "[\r][\n]"
DEBUG: org.apache.http.wire - http-outgoing-50 >> "{"id":"{63a2dcac-f78c-614b-9156-6578586accdb}","value":["secret"]}"
DEBUG: org.apache.http.wire - http-outgoing-50 << "HTTP/1.1 200 OK[\r][\n]"
DEBUG: org.apache.http.wire - http-outgoing-50 << "content-type: application/json; charset=UTF-8[\r][\n]"
DEBUG: org.apache.http.wire - http-outgoing-50 << "connection: close[\r][\n]"
DEBUG: org.apache.http.wire - http-outgoing-50 << "content-length: 101[\r][\n]"
DEBUG: org.apache.http.wire - http-outgoing-50 << "server: httpd.js[\r][\n]"
DEBUG: org.apache.http.wire - http-outgoing-50 << "date: Fri, 26 Aug 2016 09:42:48 GMT[\r][\n]"
DEBUG: org.apache.http.wire - http-outgoing-50 << "[\r][\n]"
DEBUG: org.apache.http.headers - http-outgoing-50 << HTTP/1.1 200 OK
DEBUG: org.apache.http.headers - http-outgoing-50 << content-type: application/json; charset=UTF-8
DEBUG: org.apache.http.headers - http-outgoing-50 << connection: close
DEBUG: org.apache.http.headers - http-outgoing-50 << content-length: 101
DEBUG: org.apache.http.headers - http-outgoing-50 << server: httpd.js
DEBUG: org.apache.http.headers - http-outgoing-50 << date: Fri, 26 Aug 2016 09:42:48 GMT
DEBUG: org.apache.http.wire - http-outgoing-50 << "{"name":"sendKeysToElement","sessionId":"ef37bd3e-2017-2940-a760-71d500ce28c2","status":0,"value":""}"
DEBUG: org.apache.http.impl.conn.DefaultManagedHttpClientConnection - http-outgoing-50: Close connection
DEBUG: org.apache.http.impl.execchain.MainClientExec - Connection discarded
DEBUG: org.apache.http.impl.conn.PoolingHttpClientConnectionManager - Connection released: [id: 50][route: {}->http://127.0.0.1:7055][total kept alive: 0; route allocated: 0 of 2000; total allocated: 0 of 2000]
DEBUG: org.apache.http.client.protocol.RequestAddCookies - CookieSpec selected: default
DEBUG: org.apache.http.client.protocol.RequestAuthCache - Auth cache not set in the context
DEBUG: org.apache.http.impl.conn.PoolingHttpClientConnectionManager - Connection request: [route: {}->http://127.0.0.1:7055][total kept alive: 0; route allocated: 0 of 2000; total allocated: 0 of 2000]
DEBUG: org.apache.http.impl.conn.PoolingHttpClientConnectionManager - Connection leased: [id: 51][route: {}->http://127.0.0.1:7055][total kept alive: 0; route allocated: 1 of 2000; total allocated: 1 of 2000]
DEBUG: org.apache.http.impl.execchain.MainClientExec - Opening connection {}->http://127.0.0.1:7055
DEBUG: org.apache.http.impl.conn.DefaultHttpClientConnectionOperator - Connecting to /127.0.0.1:7055
DEBUG: org.apache.http.impl.conn.DefaultHttpClientConnectionOperator - Connection established 127.0.0.1:60704<->127.0.0.1:7055
DEBUG: org.apache.http.impl.conn.DefaultManagedHttpClientConnection - http-outgoing-51: set socket timeout to 10800000
DEBUG: org.apache.http.impl.execchain.MainClientExec - Executing request POST /hub/session/ef37bd3e-2017-2940-a760-71d500ce28c2/element HTTP/1.1
DEBUG: org.apache.http.impl.execchain.MainClientExec - Target auth state: UNCHALLENGED
DEBUG: org.apache.http.impl.execchain.MainClientExec - Proxy auth state: UNCHALLENGED
DEBUG: org.apache.http.headers - http-outgoing-51 >> POST /hub/session/ef37bd3e-2017-2940-a760-71d500ce28c2/element HTTP/1.1
DEBUG: org.apache.http.headers - http-outgoing-51 >> Content-Type: application/json; charset=utf-8
DEBUG: org.apache.http.headers - http-outgoing-51 >> Content-Length: 33
DEBUG: org.apache.http.headers - http-outgoing-51 >> Host: 127.0.0.1:7055
DEBUG: org.apache.http.headers - http-outgoing-51 >> Connection: Keep-Alive
DEBUG: org.apache.http.headers - http-outgoing-51 >> User-Agent: Apache-HttpClient/4.5.2 (Java/1.7.0_79)
DEBUG: org.apache.http.headers - http-outgoing-51 >> Accept-Encoding: gzip,deflate
DEBUG: org.apache.http.wire - http-outgoing-51 >> "POST /hub/session/ef37bd3e-2017-2940-a760-71d500ce28c2/element HTTP/1.1[\r][\n]"
DEBUG: org.apache.http.wire - http-outgoing-51 >> "Content-Type: application/json; charset=utf-8[\r][\n]"
DEBUG: org.apache.http.wire - http-outgoing-51 >> "Content-Length: 33[\r][\n]"
DEBUG: org.apache.http.wire - http-outgoing-51 >> "Host: 127.0.0.1:7055[\r][\n]"
DEBUG: org.apache.http.wire - http-outgoing-51 >> "Connection: Keep-Alive[\r][\n]"
DEBUG: org.apache.http.wire - http-outgoing-51 >> "User-Agent: Apache-HttpClient/4.5.2 (Java/1.7.0_79)[\r][\n]"
DEBUG: org.apache.http.wire - http-outgoing-51 >> "Accept-Encoding: gzip,deflate[\r][\n]"
DEBUG: org.apache.http.wire - http-outgoing-51 >> "[\r][\n]"
DEBUG: org.apache.http.wire - http-outgoing-51 >> "{"using":"id","value":"fld_name"}"
DEBUG: org.apache.http.wire - http-outgoing-51 << "HTTP/1.1 200 OK[\r][\n]"
DEBUG: org.apache.http.wire - http-outgoing-51 << "content-type: application/json; charset=UTF-8[\r][\n]"
DEBUG: org.apache.http.wire - http-outgoing-51 << "connection: close[\r][\n]"
DEBUG: org.apache.http.wire - http-outgoing-51 << "content-length: 224[\r][\n]"
DEBUG: org.apache.http.wire - http-outgoing-51 << "server: httpd.js[\r][\n]"
DEBUG: org.apache.http.wire - http-outgoing-51 << "date: Fri, 26 Aug 2016 09:42:48 GMT[\r][\n]"
DEBUG: org.apache.http.wire - http-outgoing-51 << "[\r][\n]"
DEBUG: org.apache.http.headers - http-outgoing-51 << HTTP/1.1 200 OK
DEBUG: org.apache.http.headers - http-outgoing-51 << content-type: application/json; charset=UTF-8
DEBUG: org.apache.http.headers - http-outgoing-51 << connection: close
DEBUG: org.apache.http.headers - http-outgoing-51 << content-length: 224
DEBUG: org.apache.http.headers - http-outgoing-51 << server: httpd.js
DEBUG: org.apache.http.headers - http-outgoing-51 << date: Fri, 26 Aug 2016 09:42:48 GMT
DEBUG: org.apache.http.wire - http-outgoing-51 << "{"name":"findElement","sessionId":"ef37bd3e-2017-2940-a760-71d500ce28c2","status":0,"value":{"ELEMENT":"{6573e32d-2755-a24f-8d82-69f5b74ee87a}","element-6066-11e4-a52e-4f735466cecf":"{6573e32d-2755-a24f-8d82-69f5b74ee87a}"}}"
DEBUG: org.apache.http.impl.conn.DefaultManagedHttpClientConnection - http-outgoing-51: Close connection
DEBUG: org.apache.http.impl.execchain.MainClientExec - Connection discarded
DEBUG: org.apache.http.impl.conn.PoolingHttpClientConnectionManager - Connection released: [id: 51][route: {}->http://127.0.0.1:7055][total kept alive: 0; route allocated: 0 of 2000; total allocated: 0 of 2000]
DEBUG: org.apache.http.client.protocol.RequestAddCookies - CookieSpec selected: default
DEBUG: org.apache.http.client.protocol.RequestAuthCache - Auth cache not set in the context
DEBUG: org.apache.http.impl.conn.PoolingHttpClientConnectionManager - Connection request: [route: {}->http://127.0.0.1:7055][total kept alive: 0; route allocated: 0 of 2000; total allocated: 0 of 2000]
DEBUG: org.apache.http.impl.conn.PoolingHttpClientConnectionManager - Connection leased: [id: 52][route: {}->http://127.0.0.1:7055][total kept alive: 0; route allocated: 1 of 2000; total allocated: 1 of 2000]
DEBUG: org.apache.http.impl.execchain.MainClientExec - Opening connection {}->http://127.0.0.1:7055
DEBUG: org.apache.http.impl.conn.DefaultHttpClientConnectionOperator - Connecting to /127.0.0.1:7055
DEBUG: org.apache.http.impl.conn.DefaultHttpClientConnectionOperator - Connection established 127.0.0.1:60705<->127.0.0.1:7055
DEBUG: org.apache.http.impl.conn.DefaultManagedHttpClientConnection - http-outgoing-52: set socket timeout to 10800000
DEBUG: org.apache.http.impl.execchain.MainClientExec - Executing request POST /hub/session/ef37bd3e-2017-2940-a760-71d500ce28c2/element/%7B6573e32d-2755-a24f-8d82-69f5b74ee87a%7D/clear HTTP/1.1
DEBUG: org.apache.http.impl.execchain.MainClientExec - Target auth state: UNCHALLENGED
DEBUG: org.apache.http.impl.execchain.MainClientExec - Proxy auth state: UNCHALLENGED
DEBUG: org.apache.http.headers - http-outgoing-52 >> POST /hub/session/ef37bd3e-2017-2940-a760-71d500ce28c2/element/%7B6573e32d-2755-a24f-8d82-69f5b74ee87a%7D/clear HTTP/1.1
DEBUG: org.apache.http.headers - http-outgoing-52 >> Content-Type: application/json; charset=utf-8
DEBUG: org.apache.http.headers - http-outgoing-52 >> Content-Length: 47
DEBUG: org.apache.http.headers - http-outgoing-52 >> Host: 127.0.0.1:7055
DEBUG: org.apache.http.headers - http-outgoing-52 >> Connection: Keep-Alive
DEBUG: org.apache.http.headers - http-outgoing-52 >> User-Agent: Apache-HttpClient/4.5.2 (Java/1.7.0_79)
DEBUG: org.apache.http.headers - http-outgoing-52 >> Accept-Encoding: gzip,deflate
DEBUG: org.apache.http.wire - http-outgoing-52 >> "POST /hub/session/ef37bd3e-2017-2940-a760-71d500ce28c2/element/%7B6573e32d-2755-a24f-8d82-69f5b74ee87a%7D/clear HTTP/1.1[\r][\n]"
DEBUG: org.apache.http.wire - http-outgoing-52 >> "Content-Type: application/json; charset=utf-8[\r][\n]"
DEBUG: org.apache.http.wire - http-outgoing-52 >> "Content-Length: 47[\r][\n]"
DEBUG: org.apache.http.wire - http-outgoing-52 >> "Host: 127.0.0.1:7055[\r][\n]"
DEBUG: org.apache.http.wire - http-outgoing-52 >> "Connection: Keep-Alive[\r][\n]"
DEBUG: org.apache.http.wire - http-outgoing-52 >> "User-Agent: Apache-HttpClient/4.5.2 (Java/1.7.0_79)[\r][\n]"
DEBUG: org.apache.http.wire - http-outgoing-52 >> "Accept-Encoding: gzip,deflate[\r][\n]"
DEBUG: org.apache.http.wire - http-outgoing-52 >> "[\r][\n]"
DEBUG: org.apache.http.wire - http-outgoing-52 >> "{"id":"{6573e32d-2755-a24f-8d82-69f5b74ee87a}"}"
DEBUG: org.apache.http.wire - http-outgoing-52 << "HTTP/1.1 200 OK[\r][\n]"
DEBUG: org.apache.http.wire - http-outgoing-52 << "content-type: application/json; charset=UTF-8[\r][\n]"
DEBUG: org.apache.http.wire - http-outgoing-52 << "connection: close[\r][\n]"
DEBUG: org.apache.http.wire - http-outgoing-52 << "content-length: 96[\r][\n]"
DEBUG: org.apache.http.wire - http-outgoing-52 << "server: httpd.js[\r][\n]"
DEBUG: org.apache.http.wire - http-outgoing-52 << "date: Fri, 26 Aug 2016 09:42:48 GMT[\r][\n]"
DEBUG: org.apache.http.wire - http-outgoing-52 << "[\r][\n]"
DEBUG: org.apache.http.headers - http-outgoing-52 << HTTP/1.1 200 OK
DEBUG: org.apache.http.headers - http-outgoing-52 << content-type: application/json; charset=UTF-8
DEBUG: org.apache.http.headers - http-outgoing-52 << connection: close
DEBUG: org.apache.http.headers - http-outgoing-52 << content-length: 96
DEBUG: org.apache.http.headers - http-outgoing-52 << server: httpd.js
DEBUG: org.apache.http.headers - http-outgoing-52 << date: Fri, 26 Aug 2016 09:42:48 GMT
DEBUG: org.apache.http.wire - http-outgoing-52 << "{"name":"clearElement","sessionId":"ef37bd3e-2017-2940-a760-71d500ce28c2","status":0,"value":""}"
DEBUG: org.apache.http.impl.conn.DefaultManagedHttpClientConnection - http-outgoing-52: Close connection
DEBUG: org.apache.http.impl.execchain.MainClientExec - Connection discarded
DEBUG: org.apache.http.impl.conn.PoolingHttpClientConnectionManager - Connection released: [id: 52][route: {}->http://127.0.0.1:7055][total kept alive: 0; route allocated: 0 of 2000; total allocated: 0 of 2000]
DEBUG: org.apache.http.client.protocol.RequestAddCookies - CookieSpec selected: default
DEBUG: org.apache.http.client.protocol.RequestAuthCache - Auth cache not set in the context
DEBUG: org.apache.http.impl.conn.PoolingHttpClientConnectionManager - Connection request: [route: {}->http://127.0.0.1:7055][total kept alive: 0; route allocated: 0 of 2000; total allocated: 0 of 2000]
DEBUG: org.apache.http.impl.conn.PoolingHttpClientConnectionManager - Connection leased: [id: 53][route: {}->http://127.0.0.1:7055][total kept alive: 0; route allocated: 1 of 2000; total allocated: 1 of 2000]
DEBUG: org.apache.http.impl.execchain.MainClientExec - Opening connection {}->http://127.0.0.1:7055
DEBUG: org.apache.http.impl.conn.DefaultHttpClientConnectionOperator - Connecting to /127.0.0.1:7055
DEBUG: org.apache.http.impl.conn.DefaultHttpClientConnectionOperator - Connection established 127.0.0.1:60706<->127.0.0.1:7055
DEBUG: org.apache.http.impl.conn.DefaultManagedHttpClientConnection - http-outgoing-53: set socket timeout to 10800000
DEBUG: org.apache.http.impl.execchain.MainClientExec - Executing request POST /hub/session/ef37bd3e-2017-2940-a760-71d500ce28c2/element/%7B6573e32d-2755-a24f-8d82-69f5b74ee87a%7D/value HTTP/1.1
DEBUG: org.apache.http.impl.execchain.MainClientExec - Target auth state: UNCHALLENGED
DEBUG: org.apache.http.impl.execchain.MainClientExec - Proxy auth state: UNCHALLENGED
DEBUG: org.apache.http.headers - http-outgoing-53 >> POST /hub/session/ef37bd3e-2017-2940-a760-71d500ce28c2/element/%7B6573e32d-2755-a24f-8d82-69f5b74ee87a%7D/value HTTP/1.1
DEBUG: org.apache.http.headers - http-outgoing-53 >> Content-Type: application/json; charset=utf-8
DEBUG: org.apache.http.headers - http-outgoing-53 >> Content-Length: 70
DEBUG: org.apache.http.headers - http-outgoing-53 >> Host: 127.0.0.1:7055
DEBUG: org.apache.http.headers - http-outgoing-53 >> Connection: Keep-Alive
DEBUG: org.apache.http.headers - http-outgoing-53 >> User-Agent: Apache-HttpClient/4.5.2 (Java/1.7.0_79)
DEBUG: org.apache.http.headers - http-outgoing-53 >> Accept-Encoding: gzip,deflate
DEBUG: org.apache.http.wire - http-outgoing-53 >> "POST /hub/session/ef37bd3e-2017-2940-a760-71d500ce28c2/element/%7B6573e32d-2755-a24f-8d82-69f5b74ee87a%7D/value HTTP/1.1[\r][\n]"
DEBUG: org.apache.http.wire - http-outgoing-53 >> "Content-Type: application/json; charset=utf-8[\r][\n]"
DEBUG: org.apache.http.wire - http-outgoing-53 >> "Content-Length: 70[\r][\n]"
DEBUG: org.apache.http.wire - http-outgoing-53 >> "Host: 127.0.0.1:7055[\r][\n]"
DEBUG: org.apache.http.wire - http-outgoing-53 >> "Connection: Keep-Alive[\r][\n]"
DEBUG: org.apache.http.wire - http-outgoing-53 >> "User-Agent: Apache-HttpClient/4.5.2 (Java/1.7.0_79)[\r][\n]"
DEBUG: org.apache.http.wire - http-outgoing-53 >> "Accept-Encoding: gzip,deflate[\r][\n]"
DEBUG: org.apache.http.wire - http-outgoing-53 >> "[\r][\n]"
DEBUG: org.apache.http.wire - http-outgoing-53 >> "{"id":"{6573e32d-2755-a24f-8d82-69f5b74ee87a}","value":["Jan Plewka"]}"
DEBUG: org.apache.http.wire - http-outgoing-53 << "HTTP/1.1 200 OK[\r][\n]"
DEBUG: org.apache.http.wire - http-outgoing-53 << "content-type: application/json; charset=UTF-8[\r][\n]"
DEBUG: org.apache.http.wire - http-outgoing-53 << "connection: close[\r][\n]"
DEBUG: org.apache.http.wire - http-outgoing-53 << "content-length: 101[\r][\n]"
DEBUG: org.apache.http.wire - http-outgoing-53 << "server: httpd.js[\r][\n]"
DEBUG: org.apache.http.wire - http-outgoing-53 << "date: Fri, 26 Aug 2016 09:42:48 GMT[\r][\n]"
DEBUG: org.apache.http.wire - http-outgoing-53 << "[\r][\n]"
DEBUG: org.apache.http.headers - http-outgoing-53 << HTTP/1.1 200 OK
DEBUG: org.apache.http.headers - http-outgoing-53 << content-type: application/json; charset=UTF-8
DEBUG: org.apache.http.headers - http-outgoing-53 << connection: close
DEBUG: org.apache.http.headers - http-outgoing-53 << content-length: 101
DEBUG: org.apache.http.headers - http-outgoing-53 << server: httpd.js
DEBUG: org.apache.http.headers - http-outgoing-53 << date: Fri, 26 Aug 2016 09:42:48 GMT
DEBUG: org.apache.http.wire - http-outgoing-53 << "{"name":"sendKeysToElement","sessionId":"ef37bd3e-2017-2940-a760-71d500ce28c2","status":0,"value":""}"
DEBUG: org.apache.http.impl.conn.DefaultManagedHttpClientConnection - http-outgoing-53: Close connection
DEBUG: org.apache.http.impl.execchain.MainClientExec - Connection discarded
DEBUG: org.apache.http.impl.conn.PoolingHttpClientConnectionManager - Connection released: [id: 53][route: {}->http://127.0.0.1:7055][total kept alive: 0; route allocated: 0 of 2000; total allocated: 0 of 2000]
DEBUG: org.apache.http.client.protocol.RequestAddCookies - CookieSpec selected: default
DEBUG: org.apache.http.client.protocol.RequestAuthCache - Auth cache not set in the context
DEBUG: org.apache.http.impl.conn.PoolingHttpClientConnectionManager - Connection request: [route: {}->http://127.0.0.1:7055][total kept alive: 0; route allocated: 0 of 2000; total allocated: 0 of 2000]
DEBUG: org.apache.http.impl.conn.PoolingHttpClientConnectionManager - Connection leased: [id: 54][route: {}->http://127.0.0.1:7055][total kept alive: 0; route allocated: 1 of 2000; total allocated: 1 of 2000]
DEBUG: org.apache.http.impl.execchain.MainClientExec - Opening connection {}->http://127.0.0.1:7055
DEBUG: org.apache.http.impl.conn.DefaultHttpClientConnectionOperator - Connecting to /127.0.0.1:7055
DEBUG: org.apache.http.impl.conn.DefaultHttpClientConnectionOperator - Connection established 127.0.0.1:60707<->127.0.0.1:7055
DEBUG: org.apache.http.impl.conn.DefaultManagedHttpClientConnection - http-outgoing-54: set socket timeout to 10800000
DEBUG: org.apache.http.impl.execchain.MainClientExec - Executing request POST /hub/session/ef37bd3e-2017-2940-a760-71d500ce28c2/element HTTP/1.1
DEBUG: org.apache.http.impl.execchain.MainClientExec - Target auth state: UNCHALLENGED
DEBUG: org.apache.http.impl.execchain.MainClientExec - Proxy auth state: UNCHALLENGED
DEBUG: org.apache.http.headers - http-outgoing-54 >> POST /hub/session/ef37bd3e-2017-2940-a760-71d500ce28c2/element HTTP/1.1
DEBUG: org.apache.http.headers - http-outgoing-54 >> Content-Type: application/json; charset=utf-8
DEBUG: org.apache.http.headers - http-outgoing-54 >> Content-Length: 40
DEBUG: org.apache.http.headers - http-outgoing-54 >> Host: 127.0.0.1:7055
DEBUG: org.apache.http.headers - http-outgoing-54 >> Connection: Keep-Alive
DEBUG: org.apache.http.headers - http-outgoing-54 >> User-Agent: Apache-HttpClient/4.5.2 (Java/1.7.0_79)
DEBUG: org.apache.http.headers - http-outgoing-54 >> Accept-Encoding: gzip,deflate
DEBUG: org.apache.http.wire - http-outgoing-54 >> "POST /hub/session/ef37bd3e-2017-2940-a760-71d500ce28c2/element HTTP/1.1[\r][\n]"
DEBUG: org.apache.http.wire - http-outgoing-54 >> "Content-Type: application/json; charset=utf-8[\r][\n]"
DEBUG: org.apache.http.wire - http-outgoing-54 >> "Content-Length: 40[\r][\n]"
DEBUG: org.apache.http.wire - http-outgoing-54 >> "Host: 127.0.0.1:7055[\r][\n]"
DEBUG: org.apache.http.wire - http-outgoing-54 >> "Connection: Keep-Alive[\r][\n]"
DEBUG: org.apache.http.wire - http-outgoing-54 >> "User-Agent: Apache-HttpClient/4.5.2 (Java/1.7.0_79)[\r][\n]"
DEBUG: org.apache.http.wire - http-outgoing-54 >> "Accept-Encoding: gzip,deflate[\r][\n]"
DEBUG: org.apache.http.wire - http-outgoing-54 >> "[\r][\n]"
DEBUG: org.apache.http.wire - http-outgoing-54 >> "{"using":"id","value":"fld_phoneNumber"}"
DEBUG: org.apache.http.wire - http-outgoing-54 << "HTTP/1.1 200 OK[\r][\n]"
DEBUG: org.apache.http.wire - http-outgoing-54 << "content-type: application/json; charset=UTF-8[\r][\n]"
DEBUG: org.apache.http.wire - http-outgoing-54 << "connection: close[\r][\n]"
DEBUG: org.apache.http.wire - http-outgoing-54 << "content-length: 224[\r][\n]"
DEBUG: org.apache.http.wire - http-outgoing-54 << "server: httpd.js[\r][\n]"
DEBUG: org.apache.http.wire - http-outgoing-54 << "date: Fri, 26 Aug 2016 09:42:48 GMT[\r][\n]"
DEBUG: org.apache.http.wire - http-outgoing-54 << "[\r][\n]"
DEBUG: org.apache.http.headers - http-outgoing-54 << HTTP/1.1 200 OK
DEBUG: org.apache.http.headers - http-outgoing-54 << content-type: application/json; charset=UTF-8
DEBUG: org.apache.http.headers - http-outgoing-54 << connection: close
DEBUG: org.apache.http.headers - http-outgoing-54 << content-length: 224
DEBUG: org.apache.http.headers - http-outgoing-54 << server: httpd.js
DEBUG: org.apache.http.headers - http-outgoing-54 << date: Fri, 26 Aug 2016 09:42:48 GMT
DEBUG: org.apache.http.wire - http-outgoing-54 << "{"name":"findElement","sessionId":"ef37bd3e-2017-2940-a760-71d500ce28c2","status":0,"value":{"ELEMENT":"{408cdfd7-8d4f-1e44-8664-13fe86ef43f9}","element-6066-11e4-a52e-4f735466cecf":"{408cdfd7-8d4f-1e44-8664-13fe86ef43f9}"}}"
DEBUG: org.apache.http.impl.conn.DefaultManagedHttpClientConnection - http-outgoing-54: Close connection
DEBUG: org.apache.http.impl.execchain.MainClientExec - Connection discarded
DEBUG: org.apache.http.impl.conn.PoolingHttpClientConnectionManager - Connection released: [id: 54][route: {}->http://127.0.0.1:7055][total kept alive: 0; route allocated: 0 of 2000; total allocated: 0 of 2000]
DEBUG: org.apache.http.client.protocol.RequestAddCookies - CookieSpec selected: default
DEBUG: org.apache.http.client.protocol.RequestAuthCache - Auth cache not set in the context
DEBUG: org.apache.http.impl.conn.PoolingHttpClientConnectionManager - Connection request: [route: {}->http://127.0.0.1:7055][total kept alive: 0; route allocated: 0 of 2000; total allocated: 0 of 2000]
DEBUG: org.apache.http.impl.conn.PoolingHttpClientConnectionManager - Connection leased: [id: 55][route: {}->http://127.0.0.1:7055][total kept alive: 0; route allocated: 1 of 2000; total allocated: 1 of 2000]
DEBUG: org.apache.http.impl.execchain.MainClientExec - Opening connection {}->http://127.0.0.1:7055
DEBUG: org.apache.http.impl.conn.DefaultHttpClientConnectionOperator - Connecting to /127.0.0.1:7055
DEBUG: org.apache.http.impl.conn.DefaultHttpClientConnectionOperator - Connection established 127.0.0.1:60708<->127.0.0.1:7055
DEBUG: org.apache.http.impl.conn.DefaultManagedHttpClientConnection - http-outgoing-55: set socket timeout to 10800000
DEBUG: org.apache.http.impl.execchain.MainClientExec - Executing request POST /hub/session/ef37bd3e-2017-2940-a760-71d500ce28c2/element/%7B408cdfd7-8d4f-1e44-8664-13fe86ef43f9%7D/clear HTTP/1.1
DEBUG: org.apache.http.impl.execchain.MainClientExec - Target auth state: UNCHALLENGED
DEBUG: org.apache.http.impl.execchain.MainClientExec - Proxy auth state: UNCHALLENGED
DEBUG: org.apache.http.headers - http-outgoing-55 >> POST /hub/session/ef37bd3e-2017-2940-a760-71d500ce28c2/element/%7B408cdfd7-8d4f-1e44-8664-13fe86ef43f9%7D/clear HTTP/1.1
DEBUG: org.apache.http.headers - http-outgoing-55 >> Content-Type: application/json; charset=utf-8
DEBUG: org.apache.http.headers - http-outgoing-55 >> Content-Length: 47
DEBUG: org.apache.http.headers - http-outgoing-55 >> Host: 127.0.0.1:7055
DEBUG: org.apache.http.headers - http-outgoing-55 >> Connection: Keep-Alive
DEBUG: org.apache.http.headers - http-outgoing-55 >> User-Agent: Apache-HttpClient/4.5.2 (Java/1.7.0_79)
DEBUG: org.apache.http.headers - http-outgoing-55 >> Accept-Encoding: gzip,deflate
DEBUG: org.apache.http.wire - http-outgoing-55 >> "POST /hub/session/ef37bd3e-2017-2940-a760-71d500ce28c2/element/%7B408cdfd7-8d4f-1e44-8664-13fe86ef43f9%7D/clear HTTP/1.1[\r][\n]"
DEBUG: org.apache.http.wire - http-outgoing-55 >> "Content-Type: application/json; charset=utf-8[\r][\n]"
DEBUG: org.apache.http.wire - http-outgoing-55 >> "Content-Length: 47[\r][\n]"
DEBUG: org.apache.http.wire - http-outgoing-55 >> "Host: 127.0.0.1:7055[\r][\n]"
DEBUG: org.apache.http.wire - http-outgoing-55 >> "Connection: Keep-Alive[\r][\n]"
DEBUG: org.apache.http.wire - http-outgoing-55 >> "User-Agent: Apache-HttpClient/4.5.2 (Java/1.7.0_79)[\r][\n]"
DEBUG: org.apache.http.wire - http-outgoing-55 >> "Accept-Encoding: gzip,deflate[\r][\n]"
DEBUG: org.apache.http.wire - http-outgoing-55 >> "[\r][\n]"
DEBUG: org.apache.http.wire - http-outgoing-55 >> "{"id":"{408cdfd7-8d4f-1e44-8664-13fe86ef43f9}"}"
DEBUG: org.apache.http.wire - http-outgoing-55 << "HTTP/1.1 200 OK[\r][\n]"
DEBUG: org.apache.http.wire - http-outgoing-55 << "content-type: application/json; charset=UTF-8[\r][\n]"
DEBUG: org.apache.http.wire - http-outgoing-55 << "connection: close[\r][\n]"
DEBUG: org.apache.http.wire - http-outgoing-55 << "content-length: 96[\r][\n]"
DEBUG: org.apache.http.wire - http-outgoing-55 << "server: httpd.js[\r][\n]"
DEBUG: org.apache.http.wire - http-outgoing-55 << "date: Fri, 26 Aug 2016 09:42:48 GMT[\r][\n]"
DEBUG: org.apache.http.wire - http-outgoing-55 << "[\r][\n]"
DEBUG: org.apache.http.headers - http-outgoing-55 << HTTP/1.1 200 OK
DEBUG: org.apache.http.headers - http-outgoing-55 << content-type: application/json; charset=UTF-8
DEBUG: org.apache.http.headers - http-outgoing-55 << connection: close
DEBUG: org.apache.http.headers - http-outgoing-55 << content-length: 96
DEBUG: org.apache.http.headers - http-outgoing-55 << server: httpd.js
DEBUG: org.apache.http.headers - http-outgoing-55 << date: Fri, 26 Aug 2016 09:42:48 GMT
DEBUG: org.apache.http.wire - http-outgoing-55 << "{"name":"clearElement","sessionId":"ef37bd3e-2017-2940-a760-71d500ce28c2","status":0,"value":""}"
DEBUG: org.apache.http.impl.conn.DefaultManagedHttpClientConnection - http-outgoing-55: Close connection
DEBUG: org.apache.http.impl.execchain.MainClientExec - Connection discarded
DEBUG: org.apache.http.impl.conn.PoolingHttpClientConnectionManager - Connection released: [id: 55][route: {}->http://127.0.0.1:7055][total kept alive: 0; route allocated: 0 of 2000; total allocated: 0 of 2000]
DEBUG: org.apache.http.client.protocol.RequestAddCookies - CookieSpec selected: default
DEBUG: org.apache.http.client.protocol.RequestAuthCache - Auth cache not set in the context
DEBUG: org.apache.http.impl.conn.PoolingHttpClientConnectionManager - Connection request: [route: {}->http://127.0.0.1:7055][total kept alive: 0; route allocated: 0 of 2000; total allocated: 0 of 2000]
DEBUG: org.apache.http.impl.conn.PoolingHttpClientConnectionManager - Connection leased: [id: 56][route: {}->http://127.0.0.1:7055][total kept alive: 0; route allocated: 1 of 2000; total allocated: 1 of 2000]
DEBUG: org.apache.http.impl.execchain.MainClientExec - Opening connection {}->http://127.0.0.1:7055
DEBUG: org.apache.http.impl.conn.DefaultHttpClientConnectionOperator - Connecting to /127.0.0.1:7055
DEBUG: org.apache.http.impl.conn.DefaultHttpClientConnectionOperator - Connection established 127.0.0.1:60709<->127.0.0.1:7055
DEBUG: org.apache.http.impl.conn.DefaultManagedHttpClientConnection - http-outgoing-56: set socket timeout to 10800000
DEBUG: org.apache.http.impl.execchain.MainClientExec - Executing request POST /hub/session/ef37bd3e-2017-2940-a760-71d500ce28c2/element/%7B408cdfd7-8d4f-1e44-8664-13fe86ef43f9%7D/value HTTP/1.1
DEBUG: org.apache.http.impl.execchain.MainClientExec - Target auth state: UNCHALLENGED
DEBUG: org.apache.http.impl.execchain.MainClientExec - Proxy auth state: UNCHALLENGED
DEBUG: org.apache.http.headers - http-outgoing-56 >> POST /hub/session/ef37bd3e-2017-2940-a760-71d500ce28c2/element/%7B408cdfd7-8d4f-1e44-8664-13fe86ef43f9%7D/value HTTP/1.1
DEBUG: org.apache.http.headers - http-outgoing-56 >> Content-Type: application/json; charset=utf-8
DEBUG: org.apache.http.headers - http-outgoing-56 >> Content-Length: 70
DEBUG: org.apache.http.headers - http-outgoing-56 >> Host: 127.0.0.1:7055
DEBUG: org.apache.http.headers - http-outgoing-56 >> Connection: Keep-Alive
DEBUG: org.apache.http.headers - http-outgoing-56 >> User-Agent: Apache-HttpClient/4.5.2 (Java/1.7.0_79)
DEBUG: org.apache.http.headers - http-outgoing-56 >> Accept-Encoding: gzip,deflate
DEBUG: org.apache.http.wire - http-outgoing-56 >> "POST /hub/session/ef37bd3e-2017-2940-a760-71d500ce28c2/element/%7B408cdfd7-8d4f-1e44-8664-13fe86ef43f9%7D/value HTTP/1.1[\r][\n]"
DEBUG: org.apache.http.wire - http-outgoing-56 >> "Content-Type: application/json; charset=utf-8[\r][\n]"
DEBUG: org.apache.http.wire - http-outgoing-56 >> "Content-Length: 70[\r][\n]"
DEBUG: org.apache.http.wire - http-outgoing-56 >> "Host: 127.0.0.1:7055[\r][\n]"
DEBUG: org.apache.http.wire - http-outgoing-56 >> "Connection: Keep-Alive[\r][\n]"
DEBUG: org.apache.http.wire - http-outgoing-56 >> "User-Agent: Apache-HttpClient/4.5.2 (Java/1.7.0_79)[\r][\n]"
DEBUG: org.apache.http.wire - http-outgoing-56 >> "Accept-Encoding: gzip,deflate[\r][\n]"
DEBUG: org.apache.http.wire - http-outgoing-56 >> "[\r][\n]"
DEBUG: org.apache.http.wire - http-outgoing-56 >> "{"id":"{408cdfd7-8d4f-1e44-8664-13fe86ef43f9}","value":["555-123456"]}"
DEBUG: org.apache.http.wire - http-outgoing-56 << "HTTP/1.1 200 OK[\r][\n]"
DEBUG: org.apache.http.wire - http-outgoing-56 << "content-type: application/json; charset=UTF-8[\r][\n]"
DEBUG: org.apache.http.wire - http-outgoing-56 << "connection: close[\r][\n]"
DEBUG: org.apache.http.wire - http-outgoing-56 << "content-length: 101[\r][\n]"
DEBUG: org.apache.http.wire - http-outgoing-56 << "server: httpd.js[\r][\n]"
DEBUG: org.apache.http.wire - http-outgoing-56 << "date: Fri, 26 Aug 2016 09:42:48 GMT[\r][\n]"
DEBUG: org.apache.http.wire - http-outgoing-56 << "[\r][\n]"
DEBUG: org.apache.http.headers - http-outgoing-56 << HTTP/1.1 200 OK
DEBUG: org.apache.http.headers - http-outgoing-56 << content-type: application/json; charset=UTF-8
DEBUG: org.apache.http.headers - http-outgoing-56 << connection: close
DEBUG: org.apache.http.headers - http-outgoing-56 << content-length: 101
DEBUG: org.apache.http.headers - http-outgoing-56 << server: httpd.js
DEBUG: org.apache.http.headers - http-outgoing-56 << date: Fri, 26 Aug 2016 09:42:48 GMT
DEBUG: org.apache.http.wire - http-outgoing-56 << "{"name":"sendKeysToElement","sessionId":"ef37bd3e-2017-2940-a760-71d500ce28c2","status":0,"value":""}"
DEBUG: org.apache.http.impl.conn.DefaultManagedHttpClientConnection - http-outgoing-56: Close connection
DEBUG: org.apache.http.impl.execchain.MainClientExec - Connection discarded
DEBUG: org.apache.http.impl.conn.PoolingHttpClientConnectionManager - Connection released: [id: 56][route: {}->http://127.0.0.1:7055][total kept alive: 0; route allocated: 0 of 2000; total allocated: 0 of 2000]
DEBUG: org.apache.http.client.protocol.RequestAddCookies - CookieSpec selected: default
DEBUG: org.apache.http.client.protocol.RequestAuthCache - Auth cache not set in the context
DEBUG: org.apache.http.impl.conn.PoolingHttpClientConnectionManager - Connection request: [route: {}->http://127.0.0.1:7055][total kept alive: 0; route allocated: 0 of 2000; total allocated: 0 of 2000]
DEBUG: org.apache.http.impl.conn.PoolingHttpClientConnectionManager - Connection leased: [id: 57][route: {}->http://127.0.0.1:7055][total kept alive: 0; route allocated: 1 of 2000; total allocated: 1 of 2000]
DEBUG: org.apache.http.impl.execchain.MainClientExec - Opening connection {}->http://127.0.0.1:7055
DEBUG: org.apache.http.impl.conn.DefaultHttpClientConnectionOperator - Connecting to /127.0.0.1:7055
DEBUG: org.apache.http.impl.conn.DefaultHttpClientConnectionOperator - Connection established 127.0.0.1:60710<->127.0.0.1:7055
DEBUG: org.apache.http.impl.conn.DefaultManagedHttpClientConnection - http-outgoing-57: set socket timeout to 10800000
DEBUG: org.apache.http.impl.execchain.MainClientExec - Executing request POST /hub/session/ef37bd3e-2017-2940-a760-71d500ce28c2/element HTTP/1.1
DEBUG: org.apache.http.impl.execchain.MainClientExec - Target auth state: UNCHALLENGED
DEBUG: org.apache.http.impl.execchain.MainClientExec - Proxy auth state: UNCHALLENGED
DEBUG: org.apache.http.headers - http-outgoing-57 >> POST /hub/session/ef37bd3e-2017-2940-a760-71d500ce28c2/element HTTP/1.1
DEBUG: org.apache.http.headers - http-outgoing-57 >> Content-Type: application/json; charset=utf-8
DEBUG: org.apache.http.headers - http-outgoing-57 >> Content-Length: 36
DEBUG: org.apache.http.headers - http-outgoing-57 >> Host: 127.0.0.1:7055
DEBUG: org.apache.http.headers - http-outgoing-57 >> Connection: Keep-Alive
DEBUG: org.apache.http.headers - http-outgoing-57 >> User-Agent: Apache-HttpClient/4.5.2 (Java/1.7.0_79)
DEBUG: org.apache.http.headers - http-outgoing-57 >> Accept-Encoding: gzip,deflate
DEBUG: org.apache.http.wire - http-outgoing-57 >> "POST /hub/session/ef37bd3e-2017-2940-a760-71d500ce28c2/element HTTP/1.1[\r][\n]"
DEBUG: org.apache.http.wire - http-outgoing-57 >> "Content-Type: application/json; charset=utf-8[\r][\n]"
DEBUG: org.apache.http.wire - http-outgoing-57 >> "Content-Length: 36[\r][\n]"
DEBUG: org.apache.http.wire - http-outgoing-57 >> "Host: 127.0.0.1:7055[\r][\n]"
DEBUG: org.apache.http.wire - http-outgoing-57 >> "Connection: Keep-Alive[\r][\n]"
DEBUG: org.apache.http.wire - http-outgoing-57 >> "User-Agent: Apache-HttpClient/4.5.2 (Java/1.7.0_79)[\r][\n]"
DEBUG: org.apache.http.wire - http-outgoing-57 >> "Accept-Encoding: gzip,deflate[\r][\n]"
DEBUG: org.apache.http.wire - http-outgoing-57 >> "[\r][\n]"
DEBUG: org.apache.http.wire - http-outgoing-57 >> "{"using":"id","value":"fld_country"}"
DEBUG: org.apache.http.wire - http-outgoing-57 << "HTTP/1.1 200 OK[\r][\n]"
DEBUG: org.apache.http.wire - http-outgoing-57 << "content-type: application/json; charset=UTF-8[\r][\n]"
DEBUG: org.apache.http.wire - http-outgoing-57 << "connection: close[\r][\n]"
DEBUG: org.apache.http.wire - http-outgoing-57 << "content-length: 224[\r][\n]"
DEBUG: org.apache.http.wire - http-outgoing-57 << "server: httpd.js[\r][\n]"
DEBUG: org.apache.http.wire - http-outgoing-57 << "date: Fri, 26 Aug 2016 09:42:48 GMT[\r][\n]"
DEBUG: org.apache.http.wire - http-outgoing-57 << "[\r][\n]"
DEBUG: org.apache.http.headers - http-outgoing-57 << HTTP/1.1 200 OK
DEBUG: org.apache.http.headers - http-outgoing-57 << content-type: application/json; charset=UTF-8
DEBUG: org.apache.http.headers - http-outgoing-57 << connection: close
DEBUG: org.apache.http.headers - http-outgoing-57 << content-length: 224
DEBUG: org.apache.http.headers - http-outgoing-57 << server: httpd.js
DEBUG: org.apache.http.headers - http-outgoing-57 << date: Fri, 26 Aug 2016 09:42:48 GMT
DEBUG: org.apache.http.wire - http-outgoing-57 << "{"name":"findElement","sessionId":"ef37bd3e-2017-2940-a760-71d500ce28c2","status":0,"value":{"ELEMENT":"{c93da353-4217-e247-95c5-768095a5b8a4}","element-6066-11e4-a52e-4f735466cecf":"{c93da353-4217-e247-95c5-768095a5b8a4}"}}"
DEBUG: org.apache.http.impl.conn.DefaultManagedHttpClientConnection - http-outgoing-57: Close connection
DEBUG: org.apache.http.impl.execchain.MainClientExec - Connection discarded
DEBUG: org.apache.http.impl.conn.PoolingHttpClientConnectionManager - Connection released: [id: 57][route: {}->http://127.0.0.1:7055][total kept alive: 0; route allocated: 0 of 2000; total allocated: 0 of 2000]
DEBUG: org.apache.http.client.protocol.RequestAddCookies - CookieSpec selected: default
DEBUG: org.apache.http.client.protocol.RequestAuthCache - Auth cache not set in the context
DEBUG: org.apache.http.impl.conn.PoolingHttpClientConnectionManager - Connection request: [route: {}->http://127.0.0.1:7055][total kept alive: 0; route allocated: 0 of 2000; total allocated: 0 of 2000]
DEBUG: org.apache.http.impl.conn.PoolingHttpClientConnectionManager - Connection leased: [id: 58][route: {}->http://127.0.0.1:7055][total kept alive: 0; route allocated: 1 of 2000; total allocated: 1 of 2000]
DEBUG: org.apache.http.impl.execchain.MainClientExec - Opening connection {}->http://127.0.0.1:7055
DEBUG: org.apache.http.impl.conn.DefaultHttpClientConnectionOperator - Connecting to /127.0.0.1:7055
DEBUG: org.apache.http.impl.conn.DefaultHttpClientConnectionOperator - Connection established 127.0.0.1:60711<->127.0.0.1:7055
DEBUG: org.apache.http.impl.conn.DefaultManagedHttpClientConnection - http-outgoing-58: set socket timeout to 10800000
DEBUG: org.apache.http.impl.execchain.MainClientExec - Executing request GET /hub/session/ef37bd3e-2017-2940-a760-71d500ce28c2/element/%7Bc93da353-4217-e247-95c5-768095a5b8a4%7D/name HTTP/1.1
DEBUG: org.apache.http.impl.execchain.MainClientExec - Target auth state: UNCHALLENGED
DEBUG: org.apache.http.impl.execchain.MainClientExec - Proxy auth state: UNCHALLENGED
DEBUG: org.apache.http.headers - http-outgoing-58 >> GET /hub/session/ef37bd3e-2017-2940-a760-71d500ce28c2/element/%7Bc93da353-4217-e247-95c5-768095a5b8a4%7D/name HTTP/1.1
DEBUG: org.apache.http.headers - http-outgoing-58 >> Cache-Control: no-cache
DEBUG: org.apache.http.headers - http-outgoing-58 >> Host: 127.0.0.1:7055
DEBUG: org.apache.http.headers - http-outgoing-58 >> Connection: Keep-Alive
DEBUG: org.apache.http.headers - http-outgoing-58 >> User-Agent: Apache-HttpClient/4.5.2 (Java/1.7.0_79)
DEBUG: org.apache.http.headers - http-outgoing-58 >> Accept-Encoding: gzip,deflate
DEBUG: org.apache.http.wire - http-outgoing-58 >> "GET /hub/session/ef37bd3e-2017-2940-a760-71d500ce28c2/element/%7Bc93da353-4217-e247-95c5-768095a5b8a4%7D/name HTTP/1.1[\r][\n]"
DEBUG: org.apache.http.wire - http-outgoing-58 >> "Cache-Control: no-cache[\r][\n]"
DEBUG: org.apache.http.wire - http-outgoing-58 >> "Host: 127.0.0.1:7055[\r][\n]"
DEBUG: org.apache.http.wire - http-outgoing-58 >> "Connection: Keep-Alive[\r][\n]"
DEBUG: org.apache.http.wire - http-outgoing-58 >> "User-Agent: Apache-HttpClient/4.5.2 (Java/1.7.0_79)[\r][\n]"
DEBUG: org.apache.http.wire - http-outgoing-58 >> "Accept-Encoding: gzip,deflate[\r][\n]"
DEBUG: org.apache.http.wire - http-outgoing-58 >> "[\r][\n]"
DEBUG: org.apache.http.wire - http-outgoing-58 << "HTTP/1.1 200 OK[\r][\n]"
DEBUG: org.apache.http.wire - http-outgoing-58 << "content-type: application/json; charset=UTF-8[\r][\n]"
DEBUG: org.apache.http.wire - http-outgoing-58 << "connection: close[\r][\n]"
DEBUG: org.apache.http.wire - http-outgoing-58 << "content-length: 107[\r][\n]"
DEBUG: org.apache.http.wire - http-outgoing-58 << "server: httpd.js[\r][\n]"
DEBUG: org.apache.http.wire - http-outgoing-58 << "date: Fri, 26 Aug 2016 09:42:48 GMT[\r][\n]"
DEBUG: org.apache.http.wire - http-outgoing-58 << "[\r][\n]"
DEBUG: org.apache.http.headers - http-outgoing-58 << HTTP/1.1 200 OK
DEBUG: org.apache.http.headers - http-outgoing-58 << content-type: application/json; charset=UTF-8
DEBUG: org.apache.http.headers - http-outgoing-58 << connection: close
DEBUG: org.apache.http.headers - http-outgoing-58 << content-length: 107
DEBUG: org.apache.http.headers - http-outgoing-58 << server: httpd.js
DEBUG: org.apache.http.headers - http-outgoing-58 << date: Fri, 26 Aug 2016 09:42:48 GMT
DEBUG: org.apache.http.wire - http-outgoing-58 << "{"name":"getElementTagName","sessionId":"ef37bd3e-2017-2940-a760-71d500ce28c2","status":0,"value":"select"}"
DEBUG: org.apache.http.impl.conn.DefaultManagedHttpClientConnection - http-outgoing-58: Close connection
DEBUG: org.apache.http.impl.execchain.MainClientExec - Connection discarded
DEBUG: org.apache.http.impl.conn.PoolingHttpClientConnectionManager - Connection released: [id: 58][route: {}->http://127.0.0.1:7055][total kept alive: 0; route allocated: 0 of 2000; total allocated: 0 of 2000]
DEBUG: org.apache.http.client.protocol.RequestAddCookies - CookieSpec selected: default
DEBUG: org.apache.http.client.protocol.RequestAuthCache - Auth cache not set in the context
DEBUG: org.apache.http.impl.conn.PoolingHttpClientConnectionManager - Connection request: [route: {}->http://127.0.0.1:7055][total kept alive: 0; route allocated: 0 of 2000; total allocated: 0 of 2000]
DEBUG: org.apache.http.impl.conn.PoolingHttpClientConnectionManager - Connection leased: [id: 59][route: {}->http://127.0.0.1:7055][total kept alive: 0; route allocated: 1 of 2000; total allocated: 1 of 2000]
DEBUG: org.apache.http.impl.execchain.MainClientExec - Opening connection {}->http://127.0.0.1:7055
DEBUG: org.apache.http.impl.conn.DefaultHttpClientConnectionOperator - Connecting to /127.0.0.1:7055
DEBUG: org.apache.http.impl.conn.DefaultHttpClientConnectionOperator - Connection established 127.0.0.1:60712<->127.0.0.1:7055
DEBUG: org.apache.http.impl.conn.DefaultManagedHttpClientConnection - http-outgoing-59: set socket timeout to 10800000
DEBUG: org.apache.http.impl.execchain.MainClientExec - Executing request GET /hub/session/ef37bd3e-2017-2940-a760-71d500ce28c2/element/%7Bc93da353-4217-e247-95c5-768095a5b8a4%7D/attribute/multiple HTTP/1.1
DEBUG: org.apache.http.impl.execchain.MainClientExec - Target auth state: UNCHALLENGED
DEBUG: org.apache.http.impl.execchain.MainClientExec - Proxy auth state: UNCHALLENGED
DEBUG: org.apache.http.headers - http-outgoing-59 >> GET /hub/session/ef37bd3e-2017-2940-a760-71d500ce28c2/element/%7Bc93da353-4217-e247-95c5-768095a5b8a4%7D/attribute/multiple HTTP/1.1
DEBUG: org.apache.http.headers - http-outgoing-59 >> Cache-Control: no-cache
DEBUG: org.apache.http.headers - http-outgoing-59 >> Host: 127.0.0.1:7055
DEBUG: org.apache.http.headers - http-outgoing-59 >> Connection: Keep-Alive
DEBUG: org.apache.http.headers - http-outgoing-59 >> User-Agent: Apache-HttpClient/4.5.2 (Java/1.7.0_79)
DEBUG: org.apache.http.headers - http-outgoing-59 >> Accept-Encoding: gzip,deflate
DEBUG: org.apache.http.wire - http-outgoing-59 >> "GET /hub/session/ef37bd3e-2017-2940-a760-71d500ce28c2/element/%7Bc93da353-4217-e247-95c5-768095a5b8a4%7D/attribute/multiple HTTP/1.1[\r][\n]"
DEBUG: org.apache.http.wire - http-outgoing-59 >> "Cache-Control: no-cache[\r][\n]"
DEBUG: org.apache.http.wire - http-outgoing-59 >> "Host: 127.0.0.1:7055[\r][\n]"
DEBUG: org.apache.http.wire - http-outgoing-59 >> "Connection: Keep-Alive[\r][\n]"
DEBUG: org.apache.http.wire - http-outgoing-59 >> "User-Agent: Apache-HttpClient/4.5.2 (Java/1.7.0_79)[\r][\n]"
DEBUG: org.apache.http.wire - http-outgoing-59 >> "Accept-Encoding: gzip,deflate[\r][\n]"
DEBUG: org.apache.http.wire - http-outgoing-59 >> "[\r][\n]"
DEBUG: org.apache.http.wire - http-outgoing-59 << "HTTP/1.1 200 OK[\r][\n]"
DEBUG: org.apache.http.wire - http-outgoing-59 << "content-type: application/json; charset=UTF-8[\r][\n]"
DEBUG: org.apache.http.wire - http-outgoing-59 << "connection: close[\r][\n]"
DEBUG: org.apache.http.wire - http-outgoing-59 << "content-length: 105[\r][\n]"
DEBUG: org.apache.http.wire - http-outgoing-59 << "server: httpd.js[\r][\n]"
DEBUG: org.apache.http.wire - http-outgoing-59 << "date: Fri, 26 Aug 2016 09:42:48 GMT[\r][\n]"
DEBUG: org.apache.http.wire - http-outgoing-59 << "[\r][\n]"
DEBUG: org.apache.http.headers - http-outgoing-59 << HTTP/1.1 200 OK
DEBUG: org.apache.http.headers - http-outgoing-59 << content-type: application/json; charset=UTF-8
DEBUG: org.apache.http.headers - http-outgoing-59 << connection: close
DEBUG: org.apache.http.headers - http-outgoing-59 << content-length: 105
DEBUG: org.apache.http.headers - http-outgoing-59 << server: httpd.js
DEBUG: org.apache.http.headers - http-outgoing-59 << date: Fri, 26 Aug 2016 09:42:48 GMT
DEBUG: org.apache.http.wire - http-outgoing-59 << "{"name":"getElementAttribute","sessionId":"ef37bd3e-2017-2940-a760-71d500ce28c2","status":0,"value":null}"
DEBUG: org.apache.http.impl.conn.DefaultManagedHttpClientConnection - http-outgoing-59: Close connection
DEBUG: org.apache.http.impl.execchain.MainClientExec - Connection discarded
DEBUG: org.apache.http.impl.conn.PoolingHttpClientConnectionManager - Connection released: [id: 59][route: {}->http://127.0.0.1:7055][total kept alive: 0; route allocated: 0 of 2000; total allocated: 0 of 2000]
DEBUG: org.apache.http.client.protocol.RequestAddCookies - CookieSpec selected: default
DEBUG: org.apache.http.client.protocol.RequestAuthCache - Auth cache not set in the context
DEBUG: org.apache.http.impl.conn.PoolingHttpClientConnectionManager - Connection request: [route: {}->http://127.0.0.1:7055][total kept alive: 0; route allocated: 0 of 2000; total allocated: 0 of 2000]
DEBUG: org.apache.http.impl.conn.PoolingHttpClientConnectionManager - Connection leased: [id: 60][route: {}->http://127.0.0.1:7055][total kept alive: 0; route allocated: 1 of 2000; total allocated: 1 of 2000]
DEBUG: org.apache.http.impl.execchain.MainClientExec - Opening connection {}->http://127.0.0.1:7055
DEBUG: org.apache.http.impl.conn.DefaultHttpClientConnectionOperator - Connecting to /127.0.0.1:7055
DEBUG: org.apache.http.impl.conn.DefaultHttpClientConnectionOperator - Connection established 127.0.0.1:60713<->127.0.0.1:7055
DEBUG: org.apache.http.impl.conn.DefaultManagedHttpClientConnection - http-outgoing-60: set socket timeout to 10800000
DEBUG: org.apache.http.impl.execchain.MainClientExec - Executing request POST /hub/session/ef37bd3e-2017-2940-a760-71d500ce28c2/element/%7Bc93da353-4217-e247-95c5-768095a5b8a4%7D/elements HTTP/1.1
DEBUG: org.apache.http.impl.execchain.MainClientExec - Target auth state: UNCHALLENGED
DEBUG: org.apache.http.impl.execchain.MainClientExec - Proxy auth state: UNCHALLENGED
DEBUG: org.apache.http.headers - http-outgoing-60 >> POST /hub/session/ef37bd3e-2017-2940-a760-71d500ce28c2/element/%7Bc93da353-4217-e247-95c5-768095a5b8a4%7D/elements HTTP/1.1
DEBUG: org.apache.http.headers - http-outgoing-60 >> Content-Type: application/json; charset=utf-8
DEBUG: org.apache.http.headers - http-outgoing-60 >> Content-Length: 112
DEBUG: org.apache.http.headers - http-outgoing-60 >> Host: 127.0.0.1:7055
DEBUG: org.apache.http.headers - http-outgoing-60 >> Connection: Keep-Alive
DEBUG: org.apache.http.headers - http-outgoing-60 >> User-Agent: Apache-HttpClient/4.5.2 (Java/1.7.0_79)
DEBUG: org.apache.http.headers - http-outgoing-60 >> Accept-Encoding: gzip,deflate
DEBUG: org.apache.http.wire - http-outgoing-60 >> "POST /hub/session/ef37bd3e-2017-2940-a760-71d500ce28c2/element/%7Bc93da353-4217-e247-95c5-768095a5b8a4%7D/elements HTTP/1.1[\r][\n]"
DEBUG: org.apache.http.wire - http-outgoing-60 >> "Content-Type: application/json; charset=utf-8[\r][\n]"
DEBUG: org.apache.http.wire - http-outgoing-60 >> "Content-Length: 112[\r][\n]"
DEBUG: org.apache.http.wire - http-outgoing-60 >> "Host: 127.0.0.1:7055[\r][\n]"
DEBUG: org.apache.http.wire - http-outgoing-60 >> "Connection: Keep-Alive[\r][\n]"
DEBUG: org.apache.http.wire - http-outgoing-60 >> "User-Agent: Apache-HttpClient/4.5.2 (Java/1.7.0_79)[\r][\n]"
DEBUG: org.apache.http.wire - http-outgoing-60 >> "Accept-Encoding: gzip,deflate[\r][\n]"
DEBUG: org.apache.http.wire - http-outgoing-60 >> "[\r][\n]"
DEBUG: org.apache.http.wire - http-outgoing-60 >> "{"id":"{c93da353-4217-e247-95c5-768095a5b8a4}","using":"xpath","value":".//option[normalize-space(.) = \"UK\"]"}"
DEBUG: org.apache.http.wire - http-outgoing-60 << "HTTP/1.1 200 OK[\r][\n]"
DEBUG: org.apache.http.wire - http-outgoing-60 << "content-type: application/json; charset=UTF-8[\r][\n]"
DEBUG: org.apache.http.wire - http-outgoing-60 << "connection: close[\r][\n]"
DEBUG: org.apache.http.wire - http-outgoing-60 << "content-length: 232[\r][\n]"
DEBUG: org.apache.http.wire - http-outgoing-60 << "server: httpd.js[\r][\n]"
DEBUG: org.apache.http.wire - http-outgoing-60 << "date: Fri, 26 Aug 2016 09:42:48 GMT[\r][\n]"
DEBUG: org.apache.http.wire - http-outgoing-60 << "[\r][\n]"
DEBUG: org.apache.http.headers - http-outgoing-60 << HTTP/1.1 200 OK
DEBUG: org.apache.http.headers - http-outgoing-60 << content-type: application/json; charset=UTF-8
DEBUG: org.apache.http.headers - http-outgoing-60 << connection: close
DEBUG: org.apache.http.headers - http-outgoing-60 << content-length: 232
DEBUG: org.apache.http.headers - http-outgoing-60 << server: httpd.js
DEBUG: org.apache.http.headers - http-outgoing-60 << date: Fri, 26 Aug 2016 09:42:48 GMT
DEBUG: org.apache.http.wire - http-outgoing-60 << "{"name":"findChildElements","sessionId":"ef37bd3e-2017-2940-a760-71d500ce28c2","status":0,"value":[{"ELEMENT":"{aecad085-8131-f743-88e2-c72d4d86d980}","element-6066-11e4-a52e-4f735466cecf":"{aecad085-8131-f743-88e2-c72d4d86d980}"}]}"
DEBUG: org.apache.http.impl.conn.DefaultManagedHttpClientConnection - http-outgoing-60: Close connection
DEBUG: org.apache.http.impl.execchain.MainClientExec - Connection discarded
DEBUG: org.apache.http.impl.conn.PoolingHttpClientConnectionManager - Connection released: [id: 60][route: {}->http://127.0.0.1:7055][total kept alive: 0; route allocated: 0 of 2000; total allocated: 0 of 2000]
DEBUG: org.apache.http.client.protocol.RequestAddCookies - CookieSpec selected: default
DEBUG: org.apache.http.client.protocol.RequestAuthCache - Auth cache not set in the context
DEBUG: org.apache.http.impl.conn.PoolingHttpClientConnectionManager - Connection request: [route: {}->http://127.0.0.1:7055][total kept alive: 0; route allocated: 0 of 2000; total allocated: 0 of 2000]
DEBUG: org.apache.http.impl.conn.PoolingHttpClientConnectionManager - Connection leased: [id: 61][route: {}->http://127.0.0.1:7055][total kept alive: 0; route allocated: 1 of 2000; total allocated: 1 of 2000]
DEBUG: org.apache.http.impl.execchain.MainClientExec - Opening connection {}->http://127.0.0.1:7055
DEBUG: org.apache.http.impl.conn.DefaultHttpClientConnectionOperator - Connecting to /127.0.0.1:7055
DEBUG: org.apache.http.impl.conn.DefaultHttpClientConnectionOperator - Connection established 127.0.0.1:60714<->127.0.0.1:7055
DEBUG: org.apache.http.impl.conn.DefaultManagedHttpClientConnection - http-outgoing-61: set socket timeout to 10800000
DEBUG: org.apache.http.impl.execchain.MainClientExec - Executing request GET /hub/session/ef37bd3e-2017-2940-a760-71d500ce28c2/element/%7Baecad085-8131-f743-88e2-c72d4d86d980%7D/selected HTTP/1.1
DEBUG: org.apache.http.impl.execchain.MainClientExec - Target auth state: UNCHALLENGED
DEBUG: org.apache.http.impl.execchain.MainClientExec - Proxy auth state: UNCHALLENGED
DEBUG: org.apache.http.headers - http-outgoing-61 >> GET /hub/session/ef37bd3e-2017-2940-a760-71d500ce28c2/element/%7Baecad085-8131-f743-88e2-c72d4d86d980%7D/selected HTTP/1.1
DEBUG: org.apache.http.headers - http-outgoing-61 >> Cache-Control: no-cache
DEBUG: org.apache.http.headers - http-outgoing-61 >> Host: 127.0.0.1:7055
DEBUG: org.apache.http.headers - http-outgoing-61 >> Connection: Keep-Alive
DEBUG: org.apache.http.headers - http-outgoing-61 >> User-Agent: Apache-HttpClient/4.5.2 (Java/1.7.0_79)
DEBUG: org.apache.http.headers - http-outgoing-61 >> Accept-Encoding: gzip,deflate
DEBUG: org.apache.http.wire - http-outgoing-61 >> "GET /hub/session/ef37bd3e-2017-2940-a760-71d500ce28c2/element/%7Baecad085-8131-f743-88e2-c72d4d86d980%7D/selected HTTP/1.1[\r][\n]"
DEBUG: org.apache.http.wire - http-outgoing-61 >> "Cache-Control: no-cache[\r][\n]"
DEBUG: org.apache.http.wire - http-outgoing-61 >> "Host: 127.0.0.1:7055[\r][\n]"
DEBUG: org.apache.http.wire - http-outgoing-61 >> "Connection: Keep-Alive[\r][\n]"
DEBUG: org.apache.http.wire - http-outgoing-61 >> "User-Agent: Apache-HttpClient/4.5.2 (Java/1.7.0_79)[\r][\n]"
DEBUG: org.apache.http.wire - http-outgoing-61 >> "Accept-Encoding: gzip,deflate[\r][\n]"
DEBUG: org.apache.http.wire - http-outgoing-61 >> "[\r][\n]"
DEBUG: org.apache.http.wire - http-outgoing-61 << "HTTP/1.1 200 OK[\r][\n]"
DEBUG: org.apache.http.wire - http-outgoing-61 << "content-type: application/json; charset=UTF-8[\r][\n]"
DEBUG: org.apache.http.wire - http-outgoing-61 << "connection: close[\r][\n]"
DEBUG: org.apache.http.wire - http-outgoing-61 << "content-length: 104[\r][\n]"
DEBUG: org.apache.http.wire - http-outgoing-61 << "server: httpd.js[\r][\n]"
DEBUG: org.apache.http.wire - http-outgoing-61 << "date: Fri, 26 Aug 2016 09:42:48 GMT[\r][\n]"
DEBUG: org.apache.http.wire - http-outgoing-61 << "[\r][\n]"
DEBUG: org.apache.http.headers - http-outgoing-61 << HTTP/1.1 200 OK
DEBUG: org.apache.http.headers - http-outgoing-61 << content-type: application/json; charset=UTF-8
DEBUG: org.apache.http.headers - http-outgoing-61 << connection: close
DEBUG: org.apache.http.headers - http-outgoing-61 << content-length: 104
DEBUG: org.apache.http.headers - http-outgoing-61 << server: httpd.js
DEBUG: org.apache.http.headers - http-outgoing-61 << date: Fri, 26 Aug 2016 09:42:48 GMT
DEBUG: org.apache.http.wire - http-outgoing-61 << "{"name":"isElementSelected","sessionId":"ef37bd3e-2017-2940-a760-71d500ce28c2","status":0,"value":false}"
DEBUG: org.apache.http.impl.conn.DefaultManagedHttpClientConnection - http-outgoing-61: Close connection
DEBUG: org.apache.http.impl.execchain.MainClientExec - Connection discarded
DEBUG: org.apache.http.impl.conn.PoolingHttpClientConnectionManager - Connection released: [id: 61][route: {}->http://127.0.0.1:7055][total kept alive: 0; route allocated: 0 of 2000; total allocated: 0 of 2000]
DEBUG: org.apache.http.client.protocol.RequestAddCookies - CookieSpec selected: default
DEBUG: org.apache.http.client.protocol.RequestAuthCache - Auth cache not set in the context
DEBUG: org.apache.http.impl.conn.PoolingHttpClientConnectionManager - Connection request: [route: {}->http://127.0.0.1:7055][total kept alive: 0; route allocated: 0 of 2000; total allocated: 0 of 2000]
DEBUG: org.apache.http.impl.conn.PoolingHttpClientConnectionManager - Connection leased: [id: 62][route: {}->http://127.0.0.1:7055][total kept alive: 0; route allocated: 1 of 2000; total allocated: 1 of 2000]
DEBUG: org.apache.http.impl.execchain.MainClientExec - Opening connection {}->http://127.0.0.1:7055
DEBUG: org.apache.http.impl.conn.DefaultHttpClientConnectionOperator - Connecting to /127.0.0.1:7055
DEBUG: org.apache.http.impl.conn.DefaultHttpClientConnectionOperator - Connection established 127.0.0.1:60715<->127.0.0.1:7055
DEBUG: org.apache.http.impl.conn.DefaultManagedHttpClientConnection - http-outgoing-62: set socket timeout to 10800000
DEBUG: org.apache.http.impl.execchain.MainClientExec - Executing request POST /hub/session/ef37bd3e-2017-2940-a760-71d500ce28c2/element/%7Baecad085-8131-f743-88e2-c72d4d86d980%7D/click HTTP/1.1
DEBUG: org.apache.http.impl.execchain.MainClientExec - Target auth state: UNCHALLENGED
DEBUG: org.apache.http.impl.execchain.MainClientExec - Proxy auth state: UNCHALLENGED
DEBUG: org.apache.http.headers - http-outgoing-62 >> POST /hub/session/ef37bd3e-2017-2940-a760-71d500ce28c2/element/%7Baecad085-8131-f743-88e2-c72d4d86d980%7D/click HTTP/1.1
DEBUG: org.apache.http.headers - http-outgoing-62 >> Content-Type: application/json; charset=utf-8
DEBUG: org.apache.http.headers - http-outgoing-62 >> Content-Length: 47
DEBUG: org.apache.http.headers - http-outgoing-62 >> Host: 127.0.0.1:7055
DEBUG: org.apache.http.headers - http-outgoing-62 >> Connection: Keep-Alive
DEBUG: org.apache.http.headers - http-outgoing-62 >> User-Agent: Apache-HttpClient/4.5.2 (Java/1.7.0_79)
DEBUG: org.apache.http.headers - http-outgoing-62 >> Accept-Encoding: gzip,deflate
DEBUG: org.apache.http.wire - http-outgoing-62 >> "POST /hub/session/ef37bd3e-2017-2940-a760-71d500ce28c2/element/%7Baecad085-8131-f743-88e2-c72d4d86d980%7D/click HTTP/1.1[\r][\n]"
DEBUG: org.apache.http.wire - http-outgoing-62 >> "Content-Type: application/json; charset=utf-8[\r][\n]"
DEBUG: org.apache.http.wire - http-outgoing-62 >> "Content-Length: 47[\r][\n]"
DEBUG: org.apache.http.wire - http-outgoing-62 >> "Host: 127.0.0.1:7055[\r][\n]"
DEBUG: org.apache.http.wire - http-outgoing-62 >> "Connection: Keep-Alive[\r][\n]"
DEBUG: org.apache.http.wire - http-outgoing-62 >> "User-Agent: Apache-HttpClient/4.5.2 (Java/1.7.0_79)[\r][\n]"
DEBUG: org.apache.http.wire - http-outgoing-62 >> "Accept-Encoding: gzip,deflate[\r][\n]"
DEBUG: org.apache.http.wire - http-outgoing-62 >> "[\r][\n]"
DEBUG: org.apache.http.wire - http-outgoing-62 >> "{"id":"{aecad085-8131-f743-88e2-c72d4d86d980}"}"
DEBUG: org.apache.http.wire - http-outgoing-62 << "HTTP/1.1 200 OK[\r][\n]"
DEBUG: org.apache.http.wire - http-outgoing-62 << "content-type: application/json; charset=UTF-8[\r][\n]"
DEBUG: org.apache.http.wire - http-outgoing-62 << "connection: close[\r][\n]"
DEBUG: org.apache.http.wire - http-outgoing-62 << "content-length: 98[\r][\n]"
DEBUG: org.apache.http.wire - http-outgoing-62 << "server: httpd.js[\r][\n]"
DEBUG: org.apache.http.wire - http-outgoing-62 << "date: Fri, 26 Aug 2016 09:42:48 GMT[\r][\n]"
DEBUG: org.apache.http.wire - http-outgoing-62 << "[\r][\n]"
DEBUG: org.apache.http.headers - http-outgoing-62 << HTTP/1.1 200 OK
DEBUG: org.apache.http.headers - http-outgoing-62 << content-type: application/json; charset=UTF-8
DEBUG: org.apache.http.headers - http-outgoing-62 << connection: close
DEBUG: org.apache.http.headers - http-outgoing-62 << content-length: 98
DEBUG: org.apache.http.headers - http-outgoing-62 << server: httpd.js
DEBUG: org.apache.http.headers - http-outgoing-62 << date: Fri, 26 Aug 2016 09:42:48 GMT
DEBUG: org.apache.http.wire - http-outgoing-62 << "{"name":"clickElement","sessionId":"ef37bd3e-2017-2940-a760-71d500ce28c2","status":0,"value":"ok"}"
DEBUG: org.apache.http.impl.conn.DefaultManagedHttpClientConnection - http-outgoing-62: Close connection
DEBUG: org.apache.http.impl.execchain.MainClientExec - Connection discarded
DEBUG: org.apache.http.impl.conn.PoolingHttpClientConnectionManager - Connection released: [id: 62][route: {}->http://127.0.0.1:7055][total kept alive: 0; route allocated: 0 of 2000; total allocated: 0 of 2000]
DEBUG: org.apache.http.client.protocol.RequestAddCookies - CookieSpec selected: default
DEBUG: org.apache.http.client.protocol.RequestAuthCache - Auth cache not set in the context
DEBUG: org.apache.http.impl.conn.PoolingHttpClientConnectionManager - Connection request: [route: {}->http://127.0.0.1:7055][total kept alive: 0; route allocated: 0 of 2000; total allocated: 0 of 2000]
DEBUG: org.apache.http.impl.conn.PoolingHttpClientConnectionManager - Connection leased: [id: 63][route: {}->http://127.0.0.1:7055][total kept alive: 0; route allocated: 1 of 2000; total allocated: 1 of 2000]
DEBUG: org.apache.http.impl.execchain.MainClientExec - Opening connection {}->http://127.0.0.1:7055
DEBUG: org.apache.http.impl.conn.DefaultHttpClientConnectionOperator - Connecting to /127.0.0.1:7055
DEBUG: org.apache.http.impl.conn.DefaultHttpClientConnectionOperator - Connection established 127.0.0.1:60716<->127.0.0.1:7055
DEBUG: org.apache.http.impl.conn.DefaultManagedHttpClientConnection - http-outgoing-63: set socket timeout to 10800000
DEBUG: org.apache.http.impl.execchain.MainClientExec - Executing request POST /hub/session/ef37bd3e-2017-2940-a760-71d500ce28c2/element HTTP/1.1
DEBUG: org.apache.http.impl.execchain.MainClientExec - Target auth state: UNCHALLENGED
DEBUG: org.apache.http.impl.execchain.MainClientExec - Proxy auth state: UNCHALLENGED
DEBUG: org.apache.http.headers - http-outgoing-63 >> POST /hub/session/ef37bd3e-2017-2940-a760-71d500ce28c2/element HTTP/1.1
DEBUG: org.apache.http.headers - http-outgoing-63 >> Content-Type: application/json; charset=utf-8
DEBUG: org.apache.http.headers - http-outgoing-63 >> Content-Length: 38
DEBUG: org.apache.http.headers - http-outgoing-63 >> Host: 127.0.0.1:7055
DEBUG: org.apache.http.headers - http-outgoing-63 >> Connection: Keep-Alive
DEBUG: org.apache.http.headers - http-outgoing-63 >> User-Agent: Apache-HttpClient/4.5.2 (Java/1.7.0_79)
DEBUG: org.apache.http.headers - http-outgoing-63 >> Accept-Encoding: gzip,deflate
DEBUG: org.apache.http.wire - http-outgoing-63 >> "POST /hub/session/ef37bd3e-2017-2940-a760-71d500ce28c2/element HTTP/1.1[\r][\n]"
DEBUG: org.apache.http.wire - http-outgoing-63 >> "Content-Type: application/json; charset=utf-8[\r][\n]"
DEBUG: org.apache.http.wire - http-outgoing-63 >> "Content-Length: 38[\r][\n]"
DEBUG: org.apache.http.wire - http-outgoing-63 >> "Host: 127.0.0.1:7055[\r][\n]"
DEBUG: org.apache.http.wire - http-outgoing-63 >> "Connection: Keep-Alive[\r][\n]"
DEBUG: org.apache.http.wire - http-outgoing-63 >> "User-Agent: Apache-HttpClient/4.5.2 (Java/1.7.0_79)[\r][\n]"
DEBUG: org.apache.http.wire - http-outgoing-63 >> "Accept-Encoding: gzip,deflate[\r][\n]"
DEBUG: org.apache.http.wire - http-outgoing-63 >> "[\r][\n]"
DEBUG: org.apache.http.wire - http-outgoing-63 >> "{"using":"id","value":"createAccount"}"
DEBUG: org.apache.http.wire - http-outgoing-63 << "HTTP/1.1 200 OK[\r][\n]"
DEBUG: org.apache.http.wire - http-outgoing-63 << "content-type: application/json; charset=UTF-8[\r][\n]"
DEBUG: org.apache.http.wire - http-outgoing-63 << "connection: close[\r][\n]"
DEBUG: org.apache.http.wire - http-outgoing-63 << "content-length: 224[\r][\n]"
DEBUG: org.apache.http.wire - http-outgoing-63 << "server: httpd.js[\r][\n]"
DEBUG: org.apache.http.wire - http-outgoing-63 << "date: Fri, 26 Aug 2016 09:42:48 GMT[\r][\n]"
DEBUG: org.apache.http.wire - http-outgoing-63 << "[\r][\n]"
DEBUG: org.apache.http.headers - http-outgoing-63 << HTTP/1.1 200 OK
DEBUG: org.apache.http.headers - http-outgoing-63 << content-type: application/json; charset=UTF-8
DEBUG: org.apache.http.headers - http-outgoing-63 << connection: close
DEBUG: org.apache.http.headers - http-outgoing-63 << content-length: 224
DEBUG: org.apache.http.headers - http-outgoing-63 << server: httpd.js
DEBUG: org.apache.http.headers - http-outgoing-63 << date: Fri, 26 Aug 2016 09:42:48 GMT
DEBUG: org.apache.http.wire - http-outgoing-63 << "{"name":"findElement","sessionId":"ef37bd3e-2017-2940-a760-71d500ce28c2","status":0,"value":{"ELEMENT":"{923bbf18-6ca4-ba4a-9a9d-8a59f665f020}","element-6066-11e4-a52e-4f735466cecf":"{923bbf18-6ca4-ba4a-9a9d-8a59f665f020}"}}"
DEBUG: org.apache.http.impl.conn.DefaultManagedHttpClientConnection - http-outgoing-63: Close connection
DEBUG: org.apache.http.impl.execchain.MainClientExec - Connection discarded
DEBUG: org.apache.http.impl.conn.PoolingHttpClientConnectionManager - Connection released: [id: 63][route: {}->http://127.0.0.1:7055][total kept alive: 0; route allocated: 0 of 2000; total allocated: 0 of 2000]
DEBUG: org.apache.http.client.protocol.RequestAddCookies - CookieSpec selected: default
DEBUG: org.apache.http.client.protocol.RequestAuthCache - Auth cache not set in the context
DEBUG: org.apache.http.impl.conn.PoolingHttpClientConnectionManager - Connection request: [route: {}->http://127.0.0.1:7055][total kept alive: 0; route allocated: 0 of 2000; total allocated: 0 of 2000]
DEBUG: org.apache.http.impl.conn.PoolingHttpClientConnectionManager - Connection leased: [id: 64][route: {}->http://127.0.0.1:7055][total kept alive: 0; route allocated: 1 of 2000; total allocated: 1 of 2000]
DEBUG: org.apache.http.impl.execchain.MainClientExec - Opening connection {}->http://127.0.0.1:7055
DEBUG: org.apache.http.impl.conn.DefaultHttpClientConnectionOperator - Connecting to /127.0.0.1:7055
DEBUG: org.apache.http.impl.conn.DefaultHttpClientConnectionOperator - Connection established 127.0.0.1:60717<->127.0.0.1:7055
DEBUG: org.apache.http.impl.conn.DefaultManagedHttpClientConnection - http-outgoing-64: set socket timeout to 10800000
DEBUG: org.apache.http.impl.execchain.MainClientExec - Executing request POST /hub/session/ef37bd3e-2017-2940-a760-71d500ce28c2/element/%7B923bbf18-6ca4-ba4a-9a9d-8a59f665f020%7D/click HTTP/1.1
DEBUG: org.apache.http.impl.execchain.MainClientExec - Target auth state: UNCHALLENGED
DEBUG: org.apache.http.impl.execchain.MainClientExec - Proxy auth state: UNCHALLENGED
DEBUG: org.apache.http.headers - http-outgoing-64 >> POST /hub/session/ef37bd3e-2017-2940-a760-71d500ce28c2/element/%7B923bbf18-6ca4-ba4a-9a9d-8a59f665f020%7D/click HTTP/1.1
DEBUG: org.apache.http.headers - http-outgoing-64 >> Content-Type: application/json; charset=utf-8
DEBUG: org.apache.http.headers - http-outgoing-64 >> Content-Length: 47
DEBUG: org.apache.http.headers - http-outgoing-64 >> Host: 127.0.0.1:7055
DEBUG: org.apache.http.headers - http-outgoing-64 >> Connection: Keep-Alive
DEBUG: org.apache.http.headers - http-outgoing-64 >> User-Agent: Apache-HttpClient/4.5.2 (Java/1.7.0_79)
DEBUG: org.apache.http.headers - http-outgoing-64 >> Accept-Encoding: gzip,deflate
DEBUG: org.apache.http.wire - http-outgoing-64 >> "POST /hub/session/ef37bd3e-2017-2940-a760-71d500ce28c2/element/%7B923bbf18-6ca4-ba4a-9a9d-8a59f665f020%7D/click HTTP/1.1[\r][\n]"
DEBUG: org.apache.http.wire - http-outgoing-64 >> "Content-Type: application/json; charset=utf-8[\r][\n]"
DEBUG: org.apache.http.wire - http-outgoing-64 >> "Content-Length: 47[\r][\n]"
DEBUG: org.apache.http.wire - http-outgoing-64 >> "Host: 127.0.0.1:7055[\r][\n]"
DEBUG: org.apache.http.wire - http-outgoing-64 >> "Connection: Keep-Alive[\r][\n]"
DEBUG: org.apache.http.wire - http-outgoing-64 >> "User-Agent: Apache-HttpClient/4.5.2 (Java/1.7.0_79)[\r][\n]"
DEBUG: org.apache.http.wire - http-outgoing-64 >> "Accept-Encoding: gzip,deflate[\r][\n]"
DEBUG: org.apache.http.wire - http-outgoing-64 >> "[\r][\n]"
DEBUG: org.apache.http.wire - http-outgoing-64 >> "{"id":"{923bbf18-6ca4-ba4a-9a9d-8a59f665f020}"}"
DEBUG: org.apache.http.wire - http-outgoing-64 << "HTTP/1.1 200 OK[\r][\n]"
DEBUG: org.apache.http.wire - http-outgoing-64 << "content-type: application/json; charset=UTF-8[\r][\n]"
DEBUG: org.apache.http.wire - http-outgoing-64 << "connection: close[\r][\n]"
DEBUG: org.apache.http.wire - http-outgoing-64 << "content-length: 98[\r][\n]"
DEBUG: org.apache.http.wire - http-outgoing-64 << "server: httpd.js[\r][\n]"
DEBUG: org.apache.http.wire - http-outgoing-64 << "date: Fri, 26 Aug 2016 09:42:48 GMT[\r][\n]"
DEBUG: org.apache.http.wire - http-outgoing-64 << "[\r][\n]"
DEBUG: org.apache.http.headers - http-outgoing-64 << HTTP/1.1 200 OK
DEBUG: org.apache.http.headers - http-outgoing-64 << content-type: application/json; charset=UTF-8
DEBUG: org.apache.http.headers - http-outgoing-64 << connection: close
DEBUG: org.apache.http.headers - http-outgoing-64 << content-length: 98
DEBUG: org.apache.http.headers - http-outgoing-64 << server: httpd.js
DEBUG: org.apache.http.headers - http-outgoing-64 << date: Fri, 26 Aug 2016 09:42:48 GMT
DEBUG: org.apache.http.wire - http-outgoing-64 << "{"name":"clickElement","sessionId":"ef37bd3e-2017-2940-a760-71d500ce28c2","status":0,"value":"ok"}"
DEBUG: org.apache.http.impl.conn.DefaultManagedHttpClientConnection - http-outgoing-64: Close connection
DEBUG: org.apache.http.impl.execchain.MainClientExec - Connection discarded
DEBUG: org.apache.http.impl.conn.PoolingHttpClientConnectionManager - Connection released: [id: 64][route: {}->http://127.0.0.1:7055][total kept alive: 0; route allocated: 0 of 2000; total allocated: 0 of 2000]
DEBUG: org.apache.http.client.protocol.RequestAddCookies - CookieSpec selected: default
DEBUG: org.apache.http.client.protocol.RequestAuthCache - Auth cache not set in the context
DEBUG: org.apache.http.impl.conn.PoolingHttpClientConnectionManager - Connection request: [route: {}->http://127.0.0.1:7055][total kept alive: 0; route allocated: 0 of 2000; total allocated: 0 of 2000]
DEBUG: org.apache.http.impl.conn.PoolingHttpClientConnectionManager - Connection leased: [id: 65][route: {}->http://127.0.0.1:7055][total kept alive: 0; route allocated: 1 of 2000; total allocated: 1 of 2000]
DEBUG: org.apache.http.impl.execchain.MainClientExec - Opening connection {}->http://127.0.0.1:7055
DEBUG: org.apache.http.impl.conn.DefaultHttpClientConnectionOperator - Connecting to /127.0.0.1:7055
DEBUG: org.apache.http.impl.conn.DefaultHttpClientConnectionOperator - Connection established 127.0.0.1:60719<->127.0.0.1:7055
DEBUG: org.apache.http.impl.conn.DefaultManagedHttpClientConnection - http-outgoing-65: set socket timeout to 10800000
DEBUG: org.apache.http.impl.execchain.MainClientExec - Executing request POST /hub/session/ef37bd3e-2017-2940-a760-71d500ce28c2/element HTTP/1.1
DEBUG: org.apache.http.impl.execchain.MainClientExec - Target auth state: UNCHALLENGED
DEBUG: org.apache.http.impl.execchain.MainClientExec - Proxy auth state: UNCHALLENGED
DEBUG: org.apache.http.headers - http-outgoing-65 >> POST /hub/session/ef37bd3e-2017-2940-a760-71d500ce28c2/element HTTP/1.1
DEBUG: org.apache.http.headers - http-outgoing-65 >> Content-Type: application/json; charset=utf-8
DEBUG: org.apache.http.headers - http-outgoing-65 >> Content-Length: 44
DEBUG: org.apache.http.headers - http-outgoing-65 >> Host: 127.0.0.1:7055
DEBUG: org.apache.http.headers - http-outgoing-65 >> Connection: Keep-Alive
DEBUG: org.apache.http.headers - http-outgoing-65 >> User-Agent: Apache-HttpClient/4.5.2 (Java/1.7.0_79)
DEBUG: org.apache.http.headers - http-outgoing-65 >> Accept-Encoding: gzip,deflate
DEBUG: org.apache.http.wire - http-outgoing-65 >> "POST /hub/session/ef37bd3e-2017-2940-a760-71d500ce28c2/element HTTP/1.1[\r][\n]"
DEBUG: org.apache.http.wire - http-outgoing-65 >> "Content-Type: application/json; charset=utf-8[\r][\n]"
DEBUG: org.apache.http.wire - http-outgoing-65 >> "Content-Length: 44[\r][\n]"
DEBUG: org.apache.http.wire - http-outgoing-65 >> "Host: 127.0.0.1:7055[\r][\n]"
DEBUG: org.apache.http.wire - http-outgoing-65 >> "Connection: Keep-Alive[\r][\n]"
DEBUG: org.apache.http.wire - http-outgoing-65 >> "User-Agent: Apache-HttpClient/4.5.2 (Java/1.7.0_79)[\r][\n]"
DEBUG: org.apache.http.wire - http-outgoing-65 >> "Accept-Encoding: gzip,deflate[\r][\n]"
DEBUG: org.apache.http.wire - http-outgoing-65 >> "[\r][\n]"
DEBUG: org.apache.http.wire - http-outgoing-65 >> "{"using":"class name","value":"page-action"}"
DEBUG: org.apache.http.wire - http-outgoing-65 << "HTTP/1.1 200 OK[\r][\n]"
DEBUG: org.apache.http.wire - http-outgoing-65 << "content-type: application/json; charset=UTF-8[\r][\n]"
DEBUG: org.apache.http.wire - http-outgoing-65 << "connection: close[\r][\n]"
DEBUG: org.apache.http.wire - http-outgoing-65 << "content-length: 224[\r][\n]"
DEBUG: org.apache.http.wire - http-outgoing-65 << "server: httpd.js[\r][\n]"
DEBUG: org.apache.http.wire - http-outgoing-65 << "date: Fri, 26 Aug 2016 09:42:48 GMT[\r][\n]"
DEBUG: org.apache.http.wire - http-outgoing-65 << "[\r][\n]"
DEBUG: org.apache.http.headers - http-outgoing-65 << HTTP/1.1 200 OK
DEBUG: org.apache.http.headers - http-outgoing-65 << content-type: application/json; charset=UTF-8
DEBUG: org.apache.http.headers - http-outgoing-65 << connection: close
DEBUG: org.apache.http.headers - http-outgoing-65 << content-length: 224
DEBUG: org.apache.http.headers - http-outgoing-65 << server: httpd.js
DEBUG: org.apache.http.headers - http-outgoing-65 << date: Fri, 26 Aug 2016 09:42:48 GMT
DEBUG: org.apache.http.wire - http-outgoing-65 << "{"name":"findElement","sessionId":"ef37bd3e-2017-2940-a760-71d500ce28c2","status":0,"value":{"ELEMENT":"{e47ab604-6872-7546-a3a8-fcdbe7637f5f}","element-6066-11e4-a52e-4f735466cecf":"{e47ab604-6872-7546-a3a8-fcdbe7637f5f}"}}"
DEBUG: org.apache.http.impl.conn.DefaultManagedHttpClientConnection - http-outgoing-65: Close connection
DEBUG: org.apache.http.impl.execchain.MainClientExec - Connection discarded
DEBUG: org.apache.http.impl.conn.PoolingHttpClientConnectionManager - Connection released: [id: 65][route: {}->http://127.0.0.1:7055][total kept alive: 0; route allocated: 0 of 2000; total allocated: 0 of 2000]
DEBUG: org.apache.http.client.protocol.RequestAddCookies - CookieSpec selected: default
DEBUG: org.apache.http.client.protocol.RequestAuthCache - Auth cache not set in the context
DEBUG: org.apache.http.impl.conn.PoolingHttpClientConnectionManager - Connection request: [route: {}->http://127.0.0.1:7055][total kept alive: 0; route allocated: 0 of 2000; total allocated: 0 of 2000]
DEBUG: org.apache.http.impl.conn.PoolingHttpClientConnectionManager - Connection leased: [id: 66][route: {}->http://127.0.0.1:7055][total kept alive: 0; route allocated: 1 of 2000; total allocated: 1 of 2000]
DEBUG: org.apache.http.impl.execchain.MainClientExec - Opening connection {}->http://127.0.0.1:7055
DEBUG: org.apache.http.impl.conn.DefaultHttpClientConnectionOperator - Connecting to /127.0.0.1:7055
DEBUG: org.apache.http.impl.conn.DefaultHttpClientConnectionOperator - Connection established 127.0.0.1:60720<->127.0.0.1:7055
DEBUG: org.apache.http.impl.conn.DefaultManagedHttpClientConnection - http-outgoing-66: set socket timeout to 10800000
DEBUG: org.apache.http.impl.execchain.MainClientExec - Executing request GET /hub/session/ef37bd3e-2017-2940-a760-71d500ce28c2/element/%7Be47ab604-6872-7546-a3a8-fcdbe7637f5f%7D/text HTTP/1.1
DEBUG: org.apache.http.impl.execchain.MainClientExec - Target auth state: UNCHALLENGED
DEBUG: org.apache.http.impl.execchain.MainClientExec - Proxy auth state: UNCHALLENGED
DEBUG: org.apache.http.headers - http-outgoing-66 >> GET /hub/session/ef37bd3e-2017-2940-a760-71d500ce28c2/element/%7Be47ab604-6872-7546-a3a8-fcdbe7637f5f%7D/text HTTP/1.1
DEBUG: org.apache.http.headers - http-outgoing-66 >> Cache-Control: no-cache
DEBUG: org.apache.http.headers - http-outgoing-66 >> Host: 127.0.0.1:7055
DEBUG: org.apache.http.headers - http-outgoing-66 >> Connection: Keep-Alive
DEBUG: org.apache.http.headers - http-outgoing-66 >> User-Agent: Apache-HttpClient/4.5.2 (Java/1.7.0_79)
DEBUG: org.apache.http.headers - http-outgoing-66 >> Accept-Encoding: gzip,deflate
DEBUG: org.apache.http.wire - http-outgoing-66 >> "GET /hub/session/ef37bd3e-2017-2940-a760-71d500ce28c2/element/%7Be47ab604-6872-7546-a3a8-fcdbe7637f5f%7D/text HTTP/1.1[\r][\n]"
DEBUG: org.apache.http.wire - http-outgoing-66 >> "Cache-Control: no-cache[\r][\n]"
DEBUG: org.apache.http.wire - http-outgoing-66 >> "Host: 127.0.0.1:7055[\r][\n]"
DEBUG: org.apache.http.wire - http-outgoing-66 >> "Connection: Keep-Alive[\r][\n]"
DEBUG: org.apache.http.wire - http-outgoing-66 >> "User-Agent: Apache-HttpClient/4.5.2 (Java/1.7.0_79)[\r][\n]"
DEBUG: org.apache.http.wire - http-outgoing-66 >> "Accept-Encoding: gzip,deflate[\r][\n]"
DEBUG: org.apache.http.wire - http-outgoing-66 >> "[\r][\n]"
DEBUG: org.apache.http.wire - http-outgoing-66 << "HTTP/1.1 200 OK[\r][\n]"
DEBUG: org.apache.http.wire - http-outgoing-66 << "content-type: application/json; charset=UTF-8[\r][\n]"
DEBUG: org.apache.http.wire - http-outgoing-66 << "connection: close[\r][\n]"
DEBUG: org.apache.http.wire - http-outgoing-66 << "content-length: 151[\r][\n]"
DEBUG: org.apache.http.wire - http-outgoing-66 << "server: httpd.js[\r][\n]"
DEBUG: org.apache.http.wire - http-outgoing-66 << "date: Fri, 26 Aug 2016 09:42:48 GMT[\r][\n]"
DEBUG: org.apache.http.wire - http-outgoing-66 << "[\r][\n]"
DEBUG: org.apache.http.headers - http-outgoing-66 << HTTP/1.1 200 OK
DEBUG: org.apache.http.headers - http-outgoing-66 << content-type: application/json; charset=UTF-8
DEBUG: org.apache.http.headers - http-outgoing-66 << connection: close
DEBUG: org.apache.http.headers - http-outgoing-66 << content-length: 151
DEBUG: org.apache.http.headers - http-outgoing-66 << server: httpd.js
DEBUG: org.apache.http.headers - http-outgoing-66 << date: Fri, 26 Aug 2016 09:42:48 GMT
DEBUG: org.apache.http.wire - http-outgoing-66 << "{"name":"getElementText","sessionId":"ef37bd3e-2017-2940-a760-71d500ce28c2","status":0,"value":"Hello, Jan Plewka, your new account has been created!"}"
DEBUG: org.apache.http.impl.conn.DefaultManagedHttpClientConnection - http-outgoing-66: Close connection
DEBUG: org.apache.http.impl.execchain.MainClientExec - Connection discarded
DEBUG: org.apache.http.impl.conn.PoolingHttpClientConnectionManager - Connection released: [id: 66][route: {}->http://127.0.0.1:7055][total kept alive: 0; route allocated: 0 of 2000; total allocated: 0 of 2000]
DEBUG: org.apache.http.client.protocol.RequestAddCookies - CookieSpec selected: default
DEBUG: org.apache.http.client.protocol.RequestAuthCache - Auth cache not set in the context
DEBUG: org.apache.http.impl.conn.PoolingHttpClientConnectionManager - Connection request: [route: {}->http://127.0.0.1:7055][total kept alive: 0; route allocated: 0 of 2000; total allocated: 0 of 2000]
DEBUG: org.apache.http.impl.conn.PoolingHttpClientConnectionManager - Connection leased: [id: 67][route: {}->http://127.0.0.1:7055][total kept alive: 0; route allocated: 1 of 2000; total allocated: 1 of 2000]
DEBUG: org.apache.http.impl.execchain.MainClientExec - Opening connection {}->http://127.0.0.1:7055
DEBUG: org.apache.http.impl.conn.DefaultHttpClientConnectionOperator - Connecting to /127.0.0.1:7055
DEBUG: org.apache.http.impl.conn.DefaultHttpClientConnectionOperator - Connection established 127.0.0.1:60721<->127.0.0.1:7055
DEBUG: org.apache.http.impl.conn.DefaultManagedHttpClientConnection - http-outgoing-67: set socket timeout to 10800000
DEBUG: org.apache.http.impl.execchain.MainClientExec - Executing request POST /hub/session/ef37bd3e-2017-2940-a760-71d500ce28c2/url HTTP/1.1
DEBUG: org.apache.http.impl.execchain.MainClientExec - Target auth state: UNCHALLENGED
DEBUG: org.apache.http.impl.execchain.MainClientExec - Proxy auth state: UNCHALLENGED
DEBUG: org.apache.http.headers - http-outgoing-67 >> POST /hub/session/ef37bd3e-2017-2940-a760-71d500ce28c2/url HTTP/1.1
DEBUG: org.apache.http.headers - http-outgoing-67 >> Content-Type: application/json; charset=utf-8
DEBUG: org.apache.http.headers - http-outgoing-67 >> Content-Length: 38
DEBUG: org.apache.http.headers - http-outgoing-67 >> Host: 127.0.0.1:7055
DEBUG: org.apache.http.headers - http-outgoing-67 >> Connection: Keep-Alive
DEBUG: org.apache.http.headers - http-outgoing-67 >> User-Agent: Apache-HttpClient/4.5.2 (Java/1.7.0_79)
DEBUG: org.apache.http.headers - http-outgoing-67 >> Accept-Encoding: gzip,deflate
DEBUG: org.apache.http.wire - http-outgoing-67 >> "POST /hub/session/ef37bd3e-2017-2940-a760-71d500ce28c2/url HTTP/1.1[\r][\n]"
DEBUG: org.apache.http.wire - http-outgoing-67 >> "Content-Type: application/json; charset=utf-8[\r][\n]"
DEBUG: org.apache.http.wire - http-outgoing-67 >> "Content-Length: 38[\r][\n]"
DEBUG: org.apache.http.wire - http-outgoing-67 >> "Host: 127.0.0.1:7055[\r][\n]"
DEBUG: org.apache.http.wire - http-outgoing-67 >> "Connection: Keep-Alive[\r][\n]"
DEBUG: org.apache.http.wire - http-outgoing-67 >> "User-Agent: Apache-HttpClient/4.5.2 (Java/1.7.0_79)[\r][\n]"
DEBUG: org.apache.http.wire - http-outgoing-67 >> "Accept-Encoding: gzip,deflate[\r][\n]"
DEBUG: org.apache.http.wire - http-outgoing-67 >> "[\r][\n]"
DEBUG: org.apache.http.wire - http-outgoing-67 >> "{"url":"http://localhost:8080/logout"}"
DEBUG: org.apache.http.wire - http-outgoing-67 << "HTTP/1.1 200 OK[\r][\n]"
DEBUG: org.apache.http.wire - http-outgoing-67 << "content-type: application/json; charset=UTF-8[\r][\n]"
DEBUG: org.apache.http.wire - http-outgoing-67 << "connection: close[\r][\n]"
DEBUG: org.apache.http.wire - http-outgoing-67 << "content-length: 87[\r][\n]"
DEBUG: org.apache.http.wire - http-outgoing-67 << "server: httpd.js[\r][\n]"
DEBUG: org.apache.http.wire - http-outgoing-67 << "date: Fri, 26 Aug 2016 09:42:48 GMT[\r][\n]"
DEBUG: org.apache.http.wire - http-outgoing-67 << "[\r][\n]"
DEBUG: org.apache.http.headers - http-outgoing-67 << HTTP/1.1 200 OK
DEBUG: org.apache.http.headers - http-outgoing-67 << content-type: application/json; charset=UTF-8
DEBUG: org.apache.http.headers - http-outgoing-67 << connection: close
DEBUG: org.apache.http.headers - http-outgoing-67 << content-length: 87
DEBUG: org.apache.http.headers - http-outgoing-67 << server: httpd.js
DEBUG: org.apache.http.headers - http-outgoing-67 << date: Fri, 26 Aug 2016 09:42:48 GMT
DEBUG: org.apache.http.wire - http-outgoing-67 << "{"name":"get","sessionId":"ef37bd3e-2017-2940-a760-71d500ce28c2","status":0,"value":""}"
DEBUG: org.apache.http.impl.conn.DefaultManagedHttpClientConnection - http-outgoing-67: Close connection
DEBUG: org.apache.http.impl.execchain.MainClientExec - Connection discarded
DEBUG: org.apache.http.impl.conn.PoolingHttpClientConnectionManager - Connection released: [id: 67][route: {}->http://127.0.0.1:7055][total kept alive: 0; route allocated: 0 of 2000; total allocated: 0 of 2000]
DEBUG: org.apache.http.client.protocol.RequestAddCookies - CookieSpec selected: default
DEBUG: org.apache.http.client.protocol.RequestAuthCache - Auth cache not set in the context
DEBUG: org.apache.http.impl.conn.PoolingHttpClientConnectionManager - Connection request: [route: {}->http://127.0.0.1:7055][total kept alive: 0; route allocated: 0 of 2000; total allocated: 0 of 2000]
DEBUG: org.apache.http.impl.conn.PoolingHttpClientConnectionManager - Connection leased: [id: 68][route: {}->http://127.0.0.1:7055][total kept alive: 0; route allocated: 1 of 2000; total allocated: 1 of 2000]
DEBUG: org.apache.http.impl.execchain.MainClientExec - Opening connection {}->http://127.0.0.1:7055
DEBUG: org.apache.http.impl.conn.DefaultHttpClientConnectionOperator - Connecting to /127.0.0.1:7055
DEBUG: org.apache.http.impl.conn.DefaultHttpClientConnectionOperator - Connection established 127.0.0.1:60722<->127.0.0.1:7055
DEBUG: org.apache.http.impl.conn.DefaultManagedHttpClientConnection - http-outgoing-68: set socket timeout to 10800000
DEBUG: org.apache.http.impl.execchain.MainClientExec - Executing request POST /hub/session/ef37bd3e-2017-2940-a760-71d500ce28c2/element HTTP/1.1
DEBUG: org.apache.http.impl.execchain.MainClientExec - Target auth state: UNCHALLENGED
DEBUG: org.apache.http.impl.execchain.MainClientExec - Proxy auth state: UNCHALLENGED
DEBUG: org.apache.http.headers - http-outgoing-68 >> POST /hub/session/ef37bd3e-2017-2940-a760-71d500ce28c2/element HTTP/1.1
DEBUG: org.apache.http.headers - http-outgoing-68 >> Content-Type: application/json; charset=utf-8
DEBUG: org.apache.http.headers - http-outgoing-68 >> Content-Length: 38
DEBUG: org.apache.http.headers - http-outgoing-68 >> Host: 127.0.0.1:7055
DEBUG: org.apache.http.headers - http-outgoing-68 >> Connection: Keep-Alive
DEBUG: org.apache.http.headers - http-outgoing-68 >> User-Agent: Apache-HttpClient/4.5.2 (Java/1.7.0_79)
DEBUG: org.apache.http.headers - http-outgoing-68 >> Accept-Encoding: gzip,deflate
DEBUG: org.apache.http.wire - http-outgoing-68 >> "POST /hub/session/ef37bd3e-2017-2940-a760-71d500ce28c2/element HTTP/1.1[\r][\n]"
DEBUG: org.apache.http.wire - http-outgoing-68 >> "Content-Type: application/json; charset=utf-8[\r][\n]"
DEBUG: org.apache.http.wire - http-outgoing-68 >> "Content-Length: 38[\r][\n]"
DEBUG: org.apache.http.wire - http-outgoing-68 >> "Host: 127.0.0.1:7055[\r][\n]"
DEBUG: org.apache.http.wire - http-outgoing-68 >> "Connection: Keep-Alive[\r][\n]"
DEBUG: org.apache.http.wire - http-outgoing-68 >> "User-Agent: Apache-HttpClient/4.5.2 (Java/1.7.0_79)[\r][\n]"
DEBUG: org.apache.http.wire - http-outgoing-68 >> "Accept-Encoding: gzip,deflate[\r][\n]"
DEBUG: org.apache.http.wire - http-outgoing-68 >> "[\r][\n]"
DEBUG: org.apache.http.wire - http-outgoing-68 >> "{"using":"link text","value":"Logout"}"
DEBUG: org.apache.http.wire - http-outgoing-68 << "HTTP/1.1 200 OK[\r][\n]"
DEBUG: org.apache.http.wire - http-outgoing-68 << "content-type: application/json; charset=UTF-8[\r][\n]"
DEBUG: org.apache.http.wire - http-outgoing-68 << "connection: close[\r][\n]"
DEBUG: org.apache.http.wire - http-outgoing-68 << "content-length: 224[\r][\n]"
DEBUG: org.apache.http.wire - http-outgoing-68 << "server: httpd.js[\r][\n]"
DEBUG: org.apache.http.wire - http-outgoing-68 << "date: Fri, 26 Aug 2016 09:42:48 GMT[\r][\n]"
DEBUG: org.apache.http.wire - http-outgoing-68 << "[\r][\n]"
DEBUG: org.apache.http.headers - http-outgoing-68 << HTTP/1.1 200 OK
DEBUG: org.apache.http.headers - http-outgoing-68 << content-type: application/json; charset=UTF-8
DEBUG: org.apache.http.headers - http-outgoing-68 << connection: close
DEBUG: org.apache.http.headers - http-outgoing-68 << content-length: 224
DEBUG: org.apache.http.headers - http-outgoing-68 << server: httpd.js
DEBUG: org.apache.http.headers - http-outgoing-68 << date: Fri, 26 Aug 2016 09:42:48 GMT
DEBUG: org.apache.http.wire - http-outgoing-68 << "{"name":"findElement","sessionId":"ef37bd3e-2017-2940-a760-71d500ce28c2","status":0,"value":{"ELEMENT":"{a95f0381-368c-7f44-a3f6-15418503a23d}","element-6066-11e4-a52e-4f735466cecf":"{a95f0381-368c-7f44-a3f6-15418503a23d}"}}"
DEBUG: org.apache.http.impl.conn.DefaultManagedHttpClientConnection - http-outgoing-68: Close connection
DEBUG: org.apache.http.impl.execchain.MainClientExec - Connection discarded
DEBUG: org.apache.http.impl.conn.PoolingHttpClientConnectionManager - Connection released: [id: 68][route: {}->http://127.0.0.1:7055][total kept alive: 0; route allocated: 0 of 2000; total allocated: 0 of 2000]
DEBUG: org.apache.http.client.protocol.RequestAddCookies - CookieSpec selected: default
DEBUG: org.apache.http.client.protocol.RequestAuthCache - Auth cache not set in the context
DEBUG: org.apache.http.impl.conn.PoolingHttpClientConnectionManager - Connection request: [route: {}->http://127.0.0.1:7055][total kept alive: 0; route allocated: 0 of 2000; total allocated: 0 of 2000]
DEBUG: org.apache.http.impl.conn.PoolingHttpClientConnectionManager - Connection leased: [id: 69][route: {}->http://127.0.0.1:7055][total kept alive: 0; route allocated: 1 of 2000; total allocated: 1 of 2000]
DEBUG: org.apache.http.impl.execchain.MainClientExec - Opening connection {}->http://127.0.0.1:7055
DEBUG: org.apache.http.impl.conn.DefaultHttpClientConnectionOperator - Connecting to /127.0.0.1:7055
DEBUG: org.apache.http.impl.conn.DefaultHttpClientConnectionOperator - Connection established 127.0.0.1:60723<->127.0.0.1:7055
DEBUG: org.apache.http.impl.conn.DefaultManagedHttpClientConnection - http-outgoing-69: set socket timeout to 10800000
DEBUG: org.apache.http.impl.execchain.MainClientExec - Executing request POST /hub/session/ef37bd3e-2017-2940-a760-71d500ce28c2/element/%7Ba95f0381-368c-7f44-a3f6-15418503a23d%7D/click HTTP/1.1
DEBUG: org.apache.http.impl.execchain.MainClientExec - Target auth state: UNCHALLENGED
DEBUG: org.apache.http.impl.execchain.MainClientExec - Proxy auth state: UNCHALLENGED
DEBUG: org.apache.http.headers - http-outgoing-69 >> POST /hub/session/ef37bd3e-2017-2940-a760-71d500ce28c2/element/%7Ba95f0381-368c-7f44-a3f6-15418503a23d%7D/click HTTP/1.1
DEBUG: org.apache.http.headers - http-outgoing-69 >> Content-Type: application/json; charset=utf-8
DEBUG: org.apache.http.headers - http-outgoing-69 >> Content-Length: 47
DEBUG: org.apache.http.headers - http-outgoing-69 >> Host: 127.0.0.1:7055
DEBUG: org.apache.http.headers - http-outgoing-69 >> Connection: Keep-Alive
DEBUG: org.apache.http.headers - http-outgoing-69 >> User-Agent: Apache-HttpClient/4.5.2 (Java/1.7.0_79)
DEBUG: org.apache.http.headers - http-outgoing-69 >> Accept-Encoding: gzip,deflate
DEBUG: org.apache.http.wire - http-outgoing-69 >> "POST /hub/session/ef37bd3e-2017-2940-a760-71d500ce28c2/element/%7Ba95f0381-368c-7f44-a3f6-15418503a23d%7D/click HTTP/1.1[\r][\n]"
DEBUG: org.apache.http.wire - http-outgoing-69 >> "Content-Type: application/json; charset=utf-8[\r][\n]"
DEBUG: org.apache.http.wire - http-outgoing-69 >> "Content-Length: 47[\r][\n]"
DEBUG: org.apache.http.wire - http-outgoing-69 >> "Host: 127.0.0.1:7055[\r][\n]"
DEBUG: org.apache.http.wire - http-outgoing-69 >> "Connection: Keep-Alive[\r][\n]"
DEBUG: org.apache.http.wire - http-outgoing-69 >> "User-Agent: Apache-HttpClient/4.5.2 (Java/1.7.0_79)[\r][\n]"
DEBUG: org.apache.http.wire - http-outgoing-69 >> "Accept-Encoding: gzip,deflate[\r][\n]"
DEBUG: org.apache.http.wire - http-outgoing-69 >> "[\r][\n]"
DEBUG: org.apache.http.wire - http-outgoing-69 >> "{"id":"{a95f0381-368c-7f44-a3f6-15418503a23d}"}"
DEBUG: org.apache.http.wire - http-outgoing-69 << "HTTP/1.1 200 OK[\r][\n]"
DEBUG: org.apache.http.wire - http-outgoing-69 << "content-type: application/json; charset=UTF-8[\r][\n]"
DEBUG: org.apache.http.wire - http-outgoing-69 << "connection: close[\r][\n]"
DEBUG: org.apache.http.wire - http-outgoing-69 << "content-length: 98[\r][\n]"
DEBUG: org.apache.http.wire - http-outgoing-69 << "server: httpd.js[\r][\n]"
DEBUG: org.apache.http.wire - http-outgoing-69 << "date: Fri, 26 Aug 2016 09:42:48 GMT[\r][\n]"
DEBUG: org.apache.http.wire - http-outgoing-69 << "[\r][\n]"
DEBUG: org.apache.http.headers - http-outgoing-69 << HTTP/1.1 200 OK
DEBUG: org.apache.http.headers - http-outgoing-69 << content-type: application/json; charset=UTF-8
DEBUG: org.apache.http.headers - http-outgoing-69 << connection: close
DEBUG: org.apache.http.headers - http-outgoing-69 << content-length: 98
DEBUG: org.apache.http.headers - http-outgoing-69 << server: httpd.js
DEBUG: org.apache.http.headers - http-outgoing-69 << date: Fri, 26 Aug 2016 09:42:48 GMT
DEBUG: org.apache.http.wire - http-outgoing-69 << "{"name":"clickElement","sessionId":"ef37bd3e-2017-2940-a760-71d500ce28c2","status":0,"value":"ok"}"
DEBUG: org.apache.http.impl.conn.DefaultManagedHttpClientConnection - http-outgoing-69: Close connection
DEBUG: org.apache.http.impl.execchain.MainClientExec - Connection discarded
DEBUG: org.apache.http.impl.conn.PoolingHttpClientConnectionManager - Connection released: [id: 69][route: {}->http://127.0.0.1:7055][total kept alive: 0; route allocated: 0 of 2000; total allocated: 0 of 2000]
DEBUG: org.apache.http.client.protocol.RequestAddCookies - CookieSpec selected: default
DEBUG: org.apache.http.client.protocol.RequestAuthCache - Auth cache not set in the context
DEBUG: org.apache.http.impl.conn.PoolingHttpClientConnectionManager - Connection request: [route: {}->http://127.0.0.1:7055][total kept alive: 0; route allocated: 0 of 2000; total allocated: 0 of 2000]
DEBUG: org.apache.http.impl.conn.PoolingHttpClientConnectionManager - Connection leased: [id: 70][route: {}->http://127.0.0.1:7055][total kept alive: 0; route allocated: 1 of 2000; total allocated: 1 of 2000]
DEBUG: org.apache.http.impl.execchain.MainClientExec - Opening connection {}->http://127.0.0.1:7055
DEBUG: org.apache.http.impl.conn.DefaultHttpClientConnectionOperator - Connecting to /127.0.0.1:7055
DEBUG: org.apache.http.impl.conn.DefaultHttpClientConnectionOperator - Connection established 127.0.0.1:60724<->127.0.0.1:7055
DEBUG: org.apache.http.impl.conn.DefaultManagedHttpClientConnection - http-outgoing-70: set socket timeout to 10800000
DEBUG: org.apache.http.impl.execchain.MainClientExec - Executing request POST /hub/session/ef37bd3e-2017-2940-a760-71d500ce28c2/url HTTP/1.1
DEBUG: org.apache.http.impl.execchain.MainClientExec - Target auth state: UNCHALLENGED
DEBUG: org.apache.http.impl.execchain.MainClientExec - Proxy auth state: UNCHALLENGED
DEBUG: org.apache.http.headers - http-outgoing-70 >> POST /hub/session/ef37bd3e-2017-2940-a760-71d500ce28c2/url HTTP/1.1
DEBUG: org.apache.http.headers - http-outgoing-70 >> Content-Type: application/json; charset=utf-8
DEBUG: org.apache.http.headers - http-outgoing-70 >> Content-Length: 37
DEBUG: org.apache.http.headers - http-outgoing-70 >> Host: 127.0.0.1:7055
DEBUG: org.apache.http.headers - http-outgoing-70 >> Connection: Keep-Alive
DEBUG: org.apache.http.headers - http-outgoing-70 >> User-Agent: Apache-HttpClient/4.5.2 (Java/1.7.0_79)
DEBUG: org.apache.http.headers - http-outgoing-70 >> Accept-Encoding: gzip,deflate
DEBUG: org.apache.http.wire - http-outgoing-70 >> "POST /hub/session/ef37bd3e-2017-2940-a760-71d500ce28c2/url HTTP/1.1[\r][\n]"
DEBUG: org.apache.http.wire - http-outgoing-70 >> "Content-Type: application/json; charset=utf-8[\r][\n]"
DEBUG: org.apache.http.wire - http-outgoing-70 >> "Content-Length: 37[\r][\n]"
DEBUG: org.apache.http.wire - http-outgoing-70 >> "Host: 127.0.0.1:7055[\r][\n]"
DEBUG: org.apache.http.wire - http-outgoing-70 >> "Connection: Keep-Alive[\r][\n]"
DEBUG: org.apache.http.wire - http-outgoing-70 >> "User-Agent: Apache-HttpClient/4.5.2 (Java/1.7.0_79)[\r][\n]"
DEBUG: org.apache.http.wire - http-outgoing-70 >> "Accept-Encoding: gzip,deflate[\r][\n]"
DEBUG: org.apache.http.wire - http-outgoing-70 >> "[\r][\n]"
DEBUG: org.apache.http.wire - http-outgoing-70 >> "{"url":"http://localhost:8080/login"}"
DEBUG: org.apache.http.wire - http-outgoing-70 << "HTTP/1.1 200 OK[\r][\n]"
DEBUG: org.apache.http.wire - http-outgoing-70 << "content-type: application/json; charset=UTF-8[\r][\n]"
DEBUG: org.apache.http.wire - http-outgoing-70 << "connection: close[\r][\n]"
DEBUG: org.apache.http.wire - http-outgoing-70 << "content-length: 87[\r][\n]"
DEBUG: org.apache.http.wire - http-outgoing-70 << "server: httpd.js[\r][\n]"
DEBUG: org.apache.http.wire - http-outgoing-70 << "date: Fri, 26 Aug 2016 09:42:49 GMT[\r][\n]"
DEBUG: org.apache.http.wire - http-outgoing-70 << "[\r][\n]"
DEBUG: org.apache.http.headers - http-outgoing-70 << HTTP/1.1 200 OK
DEBUG: org.apache.http.headers - http-outgoing-70 << content-type: application/json; charset=UTF-8
DEBUG: org.apache.http.headers - http-outgoing-70 << connection: close
DEBUG: org.apache.http.headers - http-outgoing-70 << content-length: 87
DEBUG: org.apache.http.headers - http-outgoing-70 << server: httpd.js
DEBUG: org.apache.http.headers - http-outgoing-70 << date: Fri, 26 Aug 2016 09:42:49 GMT
DEBUG: org.apache.http.wire - http-outgoing-70 << "{"name":"get","sessionId":"ef37bd3e-2017-2940-a760-71d500ce28c2","status":0,"value":""}"
DEBUG: org.apache.http.impl.conn.DefaultManagedHttpClientConnection - http-outgoing-70: Close connection
DEBUG: org.apache.http.impl.execchain.MainClientExec - Connection discarded
DEBUG: org.apache.http.impl.conn.PoolingHttpClientConnectionManager - Connection released: [id: 70][route: {}->http://127.0.0.1:7055][total kept alive: 0; route allocated: 0 of 2000; total allocated: 0 of 2000]
DEBUG: org.apache.http.client.protocol.RequestAddCookies - CookieSpec selected: default
DEBUG: org.apache.http.client.protocol.RequestAuthCache - Auth cache not set in the context
DEBUG: org.apache.http.impl.conn.PoolingHttpClientConnectionManager - Connection request: [route: {}->http://127.0.0.1:7055][total kept alive: 0; route allocated: 0 of 2000; total allocated: 0 of 2000]
DEBUG: org.apache.http.impl.conn.PoolingHttpClientConnectionManager - Connection leased: [id: 71][route: {}->http://127.0.0.1:7055][total kept alive: 0; route allocated: 1 of 2000; total allocated: 1 of 2000]
DEBUG: org.apache.http.impl.execchain.MainClientExec - Opening connection {}->http://127.0.0.1:7055
DEBUG: org.apache.http.impl.conn.DefaultHttpClientConnectionOperator - Connecting to /127.0.0.1:7055
DEBUG: org.apache.http.impl.conn.DefaultHttpClientConnectionOperator - Connection established 127.0.0.1:60725<->127.0.0.1:7055
DEBUG: org.apache.http.impl.conn.DefaultManagedHttpClientConnection - http-outgoing-71: set socket timeout to 10800000
DEBUG: org.apache.http.impl.execchain.MainClientExec - Executing request POST /hub/session/ef37bd3e-2017-2940-a760-71d500ce28c2/element HTTP/1.1
DEBUG: org.apache.http.impl.execchain.MainClientExec - Target auth state: UNCHALLENGED
DEBUG: org.apache.http.impl.execchain.MainClientExec - Proxy auth state: UNCHALLENGED
DEBUG: org.apache.http.headers - http-outgoing-71 >> POST /hub/session/ef37bd3e-2017-2940-a760-71d500ce28c2/element HTTP/1.1
DEBUG: org.apache.http.headers - http-outgoing-71 >> Content-Type: application/json; charset=utf-8
DEBUG: org.apache.http.headers - http-outgoing-71 >> Content-Length: 37
DEBUG: org.apache.http.headers - http-outgoing-71 >> Host: 127.0.0.1:7055
DEBUG: org.apache.http.headers - http-outgoing-71 >> Connection: Keep-Alive
DEBUG: org.apache.http.headers - http-outgoing-71 >> User-Agent: Apache-HttpClient/4.5.2 (Java/1.7.0_79)
DEBUG: org.apache.http.headers - http-outgoing-71 >> Accept-Encoding: gzip,deflate
DEBUG: org.apache.http.wire - http-outgoing-71 >> "POST /hub/session/ef37bd3e-2017-2940-a760-71d500ce28c2/element HTTP/1.1[\r][\n]"
DEBUG: org.apache.http.wire - http-outgoing-71 >> "Content-Type: application/json; charset=utf-8[\r][\n]"
DEBUG: org.apache.http.wire - http-outgoing-71 >> "Content-Length: 37[\r][\n]"
DEBUG: org.apache.http.wire - http-outgoing-71 >> "Host: 127.0.0.1:7055[\r][\n]"
DEBUG: org.apache.http.wire - http-outgoing-71 >> "Connection: Keep-Alive[\r][\n]"
DEBUG: org.apache.http.wire - http-outgoing-71 >> "User-Agent: Apache-HttpClient/4.5.2 (Java/1.7.0_79)[\r][\n]"
DEBUG: org.apache.http.wire - http-outgoing-71 >> "Accept-Encoding: gzip,deflate[\r][\n]"
DEBUG: org.apache.http.wire - http-outgoing-71 >> "[\r][\n]"
DEBUG: org.apache.http.wire - http-outgoing-71 >> "{"using":"name","value":"j_username"}"
DEBUG: org.apache.http.wire - http-outgoing-71 << "HTTP/1.1 200 OK[\r][\n]"
DEBUG: org.apache.http.wire - http-outgoing-71 << "content-type: application/json; charset=UTF-8[\r][\n]"
DEBUG: org.apache.http.wire - http-outgoing-71 << "connection: close[\r][\n]"
DEBUG: org.apache.http.wire - http-outgoing-71 << "content-length: 224[\r][\n]"
DEBUG: org.apache.http.wire - http-outgoing-71 << "server: httpd.js[\r][\n]"
DEBUG: org.apache.http.wire - http-outgoing-71 << "date: Fri, 26 Aug 2016 09:42:49 GMT[\r][\n]"
DEBUG: org.apache.http.wire - http-outgoing-71 << "[\r][\n]"
DEBUG: org.apache.http.headers - http-outgoing-71 << HTTP/1.1 200 OK
DEBUG: org.apache.http.headers - http-outgoing-71 << content-type: application/json; charset=UTF-8
DEBUG: org.apache.http.headers - http-outgoing-71 << connection: close
DEBUG: org.apache.http.headers - http-outgoing-71 << content-length: 224
DEBUG: org.apache.http.headers - http-outgoing-71 << server: httpd.js
DEBUG: org.apache.http.headers - http-outgoing-71 << date: Fri, 26 Aug 2016 09:42:49 GMT
DEBUG: org.apache.http.wire - http-outgoing-71 << "{"name":"findElement","sessionId":"ef37bd3e-2017-2940-a760-71d500ce28c2","status":0,"value":{"ELEMENT":"{2a5bd2f7-6563-9e45-959f-9167e2139c7e}","element-6066-11e4-a52e-4f735466cecf":"{2a5bd2f7-6563-9e45-959f-9167e2139c7e}"}}"
DEBUG: org.apache.http.impl.conn.DefaultManagedHttpClientConnection - http-outgoing-71: Close connection
DEBUG: org.apache.http.impl.execchain.MainClientExec - Connection discarded
DEBUG: org.apache.http.impl.conn.PoolingHttpClientConnectionManager - Connection released: [id: 71][route: {}->http://127.0.0.1:7055][total kept alive: 0; route allocated: 0 of 2000; total allocated: 0 of 2000]
DEBUG: org.apache.http.client.protocol.RequestAddCookies - CookieSpec selected: default
DEBUG: org.apache.http.client.protocol.RequestAuthCache - Auth cache not set in the context
DEBUG: org.apache.http.impl.conn.PoolingHttpClientConnectionManager - Connection request: [route: {}->http://127.0.0.1:7055][total kept alive: 0; route allocated: 0 of 2000; total allocated: 0 of 2000]
DEBUG: org.apache.http.impl.conn.PoolingHttpClientConnectionManager - Connection leased: [id: 72][route: {}->http://127.0.0.1:7055][total kept alive: 0; route allocated: 1 of 2000; total allocated: 1 of 2000]
DEBUG: org.apache.http.impl.execchain.MainClientExec - Opening connection {}->http://127.0.0.1:7055
DEBUG: org.apache.http.impl.conn.DefaultHttpClientConnectionOperator - Connecting to /127.0.0.1:7055
DEBUG: org.apache.http.impl.conn.DefaultHttpClientConnectionOperator - Connection established 127.0.0.1:60726<->127.0.0.1:7055
DEBUG: org.apache.http.impl.conn.DefaultManagedHttpClientConnection - http-outgoing-72: set socket timeout to 10800000
DEBUG: org.apache.http.impl.execchain.MainClientExec - Executing request POST /hub/session/ef37bd3e-2017-2940-a760-71d500ce28c2/element HTTP/1.1
DEBUG: org.apache.http.impl.execchain.MainClientExec - Target auth state: UNCHALLENGED
DEBUG: org.apache.http.impl.execchain.MainClientExec - Proxy auth state: UNCHALLENGED
DEBUG: org.apache.http.headers - http-outgoing-72 >> POST /hub/session/ef37bd3e-2017-2940-a760-71d500ce28c2/element HTTP/1.1
DEBUG: org.apache.http.headers - http-outgoing-72 >> Content-Type: application/json; charset=utf-8
DEBUG: org.apache.http.headers - http-outgoing-72 >> Content-Length: 37
DEBUG: org.apache.http.headers - http-outgoing-72 >> Host: 127.0.0.1:7055
DEBUG: org.apache.http.headers - http-outgoing-72 >> Connection: Keep-Alive
DEBUG: org.apache.http.headers - http-outgoing-72 >> User-Agent: Apache-HttpClient/4.5.2 (Java/1.7.0_79)
DEBUG: org.apache.http.headers - http-outgoing-72 >> Accept-Encoding: gzip,deflate
DEBUG: org.apache.http.wire - http-outgoing-72 >> "POST /hub/session/ef37bd3e-2017-2940-a760-71d500ce28c2/element HTTP/1.1[\r][\n]"
DEBUG: org.apache.http.wire - http-outgoing-72 >> "Content-Type: application/json; charset=utf-8[\r][\n]"
DEBUG: org.apache.http.wire - http-outgoing-72 >> "Content-Length: 37[\r][\n]"
DEBUG: org.apache.http.wire - http-outgoing-72 >> "Host: 127.0.0.1:7055[\r][\n]"
DEBUG: org.apache.http.wire - http-outgoing-72 >> "Connection: Keep-Alive[\r][\n]"
DEBUG: org.apache.http.wire - http-outgoing-72 >> "User-Agent: Apache-HttpClient/4.5.2 (Java/1.7.0_79)[\r][\n]"
DEBUG: org.apache.http.wire - http-outgoing-72 >> "Accept-Encoding: gzip,deflate[\r][\n]"
DEBUG: org.apache.http.wire - http-outgoing-72 >> "[\r][\n]"
DEBUG: org.apache.http.wire - http-outgoing-72 >> "{"using":"name","value":"j_username"}"
DEBUG: org.apache.http.wire - http-outgoing-72 << "HTTP/1.1 200 OK[\r][\n]"
DEBUG: org.apache.http.wire - http-outgoing-72 << "content-type: application/json; charset=UTF-8[\r][\n]"
DEBUG: org.apache.http.wire - http-outgoing-72 << "connection: close[\r][\n]"
DEBUG: org.apache.http.wire - http-outgoing-72 << "content-length: 224[\r][\n]"
DEBUG: org.apache.http.wire - http-outgoing-72 << "server: httpd.js[\r][\n]"
DEBUG: org.apache.http.wire - http-outgoing-72 << "date: Fri, 26 Aug 2016 09:42:49 GMT[\r][\n]"
DEBUG: org.apache.http.wire - http-outgoing-72 << "[\r][\n]"
DEBUG: org.apache.http.headers - http-outgoing-72 << HTTP/1.1 200 OK
DEBUG: org.apache.http.headers - http-outgoing-72 << content-type: application/json; charset=UTF-8
DEBUG: org.apache.http.headers - http-outgoing-72 << connection: close
DEBUG: org.apache.http.headers - http-outgoing-72 << content-length: 224
DEBUG: org.apache.http.headers - http-outgoing-72 << server: httpd.js
DEBUG: org.apache.http.headers - http-outgoing-72 << date: Fri, 26 Aug 2016 09:42:49 GMT
DEBUG: org.apache.http.wire - http-outgoing-72 << "{"name":"findElement","sessionId":"ef37bd3e-2017-2940-a760-71d500ce28c2","status":0,"value":{"ELEMENT":"{2a5bd2f7-6563-9e45-959f-9167e2139c7e}","element-6066-11e4-a52e-4f735466cecf":"{2a5bd2f7-6563-9e45-959f-9167e2139c7e}"}}"
DEBUG: org.apache.http.impl.conn.DefaultManagedHttpClientConnection - http-outgoing-72: Close connection
DEBUG: org.apache.http.impl.execchain.MainClientExec - Connection discarded
DEBUG: org.apache.http.impl.conn.PoolingHttpClientConnectionManager - Connection released: [id: 72][route: {}->http://127.0.0.1:7055][total kept alive: 0; route allocated: 0 of 2000; total allocated: 0 of 2000]
DEBUG: org.apache.http.client.protocol.RequestAddCookies - CookieSpec selected: default
DEBUG: org.apache.http.client.protocol.RequestAuthCache - Auth cache not set in the context
DEBUG: org.apache.http.impl.conn.PoolingHttpClientConnectionManager - Connection request: [route: {}->http://127.0.0.1:7055][total kept alive: 0; route allocated: 0 of 2000; total allocated: 0 of 2000]
DEBUG: org.apache.http.impl.conn.PoolingHttpClientConnectionManager - Connection leased: [id: 73][route: {}->http://127.0.0.1:7055][total kept alive: 0; route allocated: 1 of 2000; total allocated: 1 of 2000]
DEBUG: org.apache.http.impl.execchain.MainClientExec - Opening connection {}->http://127.0.0.1:7055
DEBUG: org.apache.http.impl.conn.DefaultHttpClientConnectionOperator - Connecting to /127.0.0.1:7055
DEBUG: org.apache.http.impl.conn.DefaultHttpClientConnectionOperator - Connection established 127.0.0.1:60727<->127.0.0.1:7055
DEBUG: org.apache.http.impl.conn.DefaultManagedHttpClientConnection - http-outgoing-73: set socket timeout to 10800000
DEBUG: org.apache.http.impl.execchain.MainClientExec - Executing request POST /hub/session/ef37bd3e-2017-2940-a760-71d500ce28c2/element/%7B2a5bd2f7-6563-9e45-959f-9167e2139c7e%7D/value HTTP/1.1
DEBUG: org.apache.http.impl.execchain.MainClientExec - Target auth state: UNCHALLENGED
DEBUG: org.apache.http.impl.execchain.MainClientExec - Proxy auth state: UNCHALLENGED
DEBUG: org.apache.http.headers - http-outgoing-73 >> POST /hub/session/ef37bd3e-2017-2940-a760-71d500ce28c2/element/%7B2a5bd2f7-6563-9e45-959f-9167e2139c7e%7D/value HTTP/1.1
DEBUG: org.apache.http.headers - http-outgoing-73 >> Content-Type: application/json; charset=utf-8
DEBUG: org.apache.http.headers - http-outgoing-73 >> Content-Length: 70
DEBUG: org.apache.http.headers - http-outgoing-73 >> Host: 127.0.0.1:7055
DEBUG: org.apache.http.headers - http-outgoing-73 >> Connection: Keep-Alive
DEBUG: org.apache.http.headers - http-outgoing-73 >> User-Agent: Apache-HttpClient/4.5.2 (Java/1.7.0_79)
DEBUG: org.apache.http.headers - http-outgoing-73 >> Accept-Encoding: gzip,deflate
DEBUG: org.apache.http.wire - http-outgoing-73 >> "POST /hub/session/ef37bd3e-2017-2940-a760-71d500ce28c2/element/%7B2a5bd2f7-6563-9e45-959f-9167e2139c7e%7D/value HTTP/1.1[\r][\n]"
DEBUG: org.apache.http.wire - http-outgoing-73 >> "Content-Type: application/json; charset=utf-8[\r][\n]"
DEBUG: org.apache.http.wire - http-outgoing-73 >> "Content-Length: 70[\r][\n]"
DEBUG: org.apache.http.wire - http-outgoing-73 >> "Host: 127.0.0.1:7055[\r][\n]"
DEBUG: org.apache.http.wire - http-outgoing-73 >> "Connection: Keep-Alive[\r][\n]"
DEBUG: org.apache.http.wire - http-outgoing-73 >> "User-Agent: Apache-HttpClient/4.5.2 (Java/1.7.0_79)[\r][\n]"
DEBUG: org.apache.http.wire - http-outgoing-73 >> "Accept-Encoding: gzip,deflate[\r][\n]"
DEBUG: org.apache.http.wire - http-outgoing-73 >> "[\r][\n]"
DEBUG: org.apache.http.wire - http-outgoing-73 >> "{"id":"{2a5bd2f7-6563-9e45-959f-9167e2139c7e}","value":["Jan Plewka"]}"
DEBUG: org.apache.http.wire - http-outgoing-73 << "HTTP/1.1 200 OK[\r][\n]"
DEBUG: org.apache.http.wire - http-outgoing-73 << "content-type: application/json; charset=UTF-8[\r][\n]"
DEBUG: org.apache.http.wire - http-outgoing-73 << "connection: close[\r][\n]"
DEBUG: org.apache.http.wire - http-outgoing-73 << "content-length: 101[\r][\n]"
DEBUG: org.apache.http.wire - http-outgoing-73 << "server: httpd.js[\r][\n]"
DEBUG: org.apache.http.wire - http-outgoing-73 << "date: Fri, 26 Aug 2016 09:42:49 GMT[\r][\n]"
DEBUG: org.apache.http.wire - http-outgoing-73 << "[\r][\n]"
DEBUG: org.apache.http.headers - http-outgoing-73 << HTTP/1.1 200 OK
DEBUG: org.apache.http.headers - http-outgoing-73 << content-type: application/json; charset=UTF-8
DEBUG: org.apache.http.headers - http-outgoing-73 << connection: close
DEBUG: org.apache.http.headers - http-outgoing-73 << content-length: 101
DEBUG: org.apache.http.headers - http-outgoing-73 << server: httpd.js
DEBUG: org.apache.http.headers - http-outgoing-73 << date: Fri, 26 Aug 2016 09:42:49 GMT
DEBUG: org.apache.http.wire - http-outgoing-73 << "{"name":"sendKeysToElement","sessionId":"ef37bd3e-2017-2940-a760-71d500ce28c2","status":0,"value":""}"
DEBUG: org.apache.http.impl.conn.DefaultManagedHttpClientConnection - http-outgoing-73: Close connection
DEBUG: org.apache.http.impl.execchain.MainClientExec - Connection discarded
DEBUG: org.apache.http.impl.conn.PoolingHttpClientConnectionManager - Connection released: [id: 73][route: {}->http://127.0.0.1:7055][total kept alive: 0; route allocated: 0 of 2000; total allocated: 0 of 2000]
DEBUG: org.apache.http.client.protocol.RequestAddCookies - CookieSpec selected: default
DEBUG: org.apache.http.client.protocol.RequestAuthCache - Auth cache not set in the context
DEBUG: org.apache.http.impl.conn.PoolingHttpClientConnectionManager - Connection request: [route: {}->http://127.0.0.1:7055][total kept alive: 0; route allocated: 0 of 2000; total allocated: 0 of 2000]
DEBUG: org.apache.http.impl.conn.PoolingHttpClientConnectionManager - Connection leased: [id: 74][route: {}->http://127.0.0.1:7055][total kept alive: 0; route allocated: 1 of 2000; total allocated: 1 of 2000]
DEBUG: org.apache.http.impl.execchain.MainClientExec - Opening connection {}->http://127.0.0.1:7055
DEBUG: org.apache.http.impl.conn.DefaultHttpClientConnectionOperator - Connecting to /127.0.0.1:7055
DEBUG: org.apache.http.impl.conn.DefaultHttpClientConnectionOperator - Connection established 127.0.0.1:60728<->127.0.0.1:7055
DEBUG: org.apache.http.impl.conn.DefaultManagedHttpClientConnection - http-outgoing-74: set socket timeout to 10800000
DEBUG: org.apache.http.impl.execchain.MainClientExec - Executing request POST /hub/session/ef37bd3e-2017-2940-a760-71d500ce28c2/element HTTP/1.1
DEBUG: org.apache.http.impl.execchain.MainClientExec - Target auth state: UNCHALLENGED
DEBUG: org.apache.http.impl.execchain.MainClientExec - Proxy auth state: UNCHALLENGED
DEBUG: org.apache.http.headers - http-outgoing-74 >> POST /hub/session/ef37bd3e-2017-2940-a760-71d500ce28c2/element HTTP/1.1
DEBUG: org.apache.http.headers - http-outgoing-74 >> Content-Type: application/json; charset=utf-8
DEBUG: org.apache.http.headers - http-outgoing-74 >> Content-Length: 37
DEBUG: org.apache.http.headers - http-outgoing-74 >> Host: 127.0.0.1:7055
DEBUG: org.apache.http.headers - http-outgoing-74 >> Connection: Keep-Alive
DEBUG: org.apache.http.headers - http-outgoing-74 >> User-Agent: Apache-HttpClient/4.5.2 (Java/1.7.0_79)
DEBUG: org.apache.http.headers - http-outgoing-74 >> Accept-Encoding: gzip,deflate
DEBUG: org.apache.http.wire - http-outgoing-74 >> "POST /hub/session/ef37bd3e-2017-2940-a760-71d500ce28c2/element HTTP/1.1[\r][\n]"
DEBUG: org.apache.http.wire - http-outgoing-74 >> "Content-Type: application/json; charset=utf-8[\r][\n]"
DEBUG: org.apache.http.wire - http-outgoing-74 >> "Content-Length: 37[\r][\n]"
DEBUG: org.apache.http.wire - http-outgoing-74 >> "Host: 127.0.0.1:7055[\r][\n]"
DEBUG: org.apache.http.wire - http-outgoing-74 >> "Connection: Keep-Alive[\r][\n]"
DEBUG: org.apache.http.wire - http-outgoing-74 >> "User-Agent: Apache-HttpClient/4.5.2 (Java/1.7.0_79)[\r][\n]"
DEBUG: org.apache.http.wire - http-outgoing-74 >> "Accept-Encoding: gzip,deflate[\r][\n]"
DEBUG: org.apache.http.wire - http-outgoing-74 >> "[\r][\n]"
DEBUG: org.apache.http.wire - http-outgoing-74 >> "{"using":"name","value":"j_password"}"
DEBUG: org.apache.http.wire - http-outgoing-74 << "HTTP/1.1 200 OK[\r][\n]"
DEBUG: org.apache.http.wire - http-outgoing-74 << "content-type: application/json; charset=UTF-8[\r][\n]"
DEBUG: org.apache.http.wire - http-outgoing-74 << "connection: close[\r][\n]"
DEBUG: org.apache.http.wire - http-outgoing-74 << "content-length: 224[\r][\n]"
DEBUG: org.apache.http.wire - http-outgoing-74 << "server: httpd.js[\r][\n]"
DEBUG: org.apache.http.wire - http-outgoing-74 << "date: Fri, 26 Aug 2016 09:42:49 GMT[\r][\n]"
DEBUG: org.apache.http.wire - http-outgoing-74 << "[\r][\n]"
DEBUG: org.apache.http.headers - http-outgoing-74 << HTTP/1.1 200 OK
DEBUG: org.apache.http.headers - http-outgoing-74 << content-type: application/json; charset=UTF-8
DEBUG: org.apache.http.headers - http-outgoing-74 << connection: close
DEBUG: org.apache.http.headers - http-outgoing-74 << content-length: 224
DEBUG: org.apache.http.headers - http-outgoing-74 << server: httpd.js
DEBUG: org.apache.http.headers - http-outgoing-74 << date: Fri, 26 Aug 2016 09:42:49 GMT
DEBUG: org.apache.http.wire - http-outgoing-74 << "{"name":"findElement","sessionId":"ef37bd3e-2017-2940-a760-71d500ce28c2","status":0,"value":{"ELEMENT":"{3206887d-2e4d-c24d-b9f9-be96bede30b6}","element-6066-11e4-a52e-4f735466cecf":"{3206887d-2e4d-c24d-b9f9-be96bede30b6}"}}"
DEBUG: org.apache.http.impl.conn.DefaultManagedHttpClientConnection - http-outgoing-74: Close connection
DEBUG: org.apache.http.impl.execchain.MainClientExec - Connection discarded
DEBUG: org.apache.http.impl.conn.PoolingHttpClientConnectionManager - Connection released: [id: 74][route: {}->http://127.0.0.1:7055][total kept alive: 0; route allocated: 0 of 2000; total allocated: 0 of 2000]
DEBUG: org.apache.http.client.protocol.RequestAddCookies - CookieSpec selected: default
DEBUG: org.apache.http.client.protocol.RequestAuthCache - Auth cache not set in the context
DEBUG: org.apache.http.impl.conn.PoolingHttpClientConnectionManager - Connection request: [route: {}->http://127.0.0.1:7055][total kept alive: 0; route allocated: 0 of 2000; total allocated: 0 of 2000]
DEBUG: org.apache.http.impl.conn.PoolingHttpClientConnectionManager - Connection leased: [id: 75][route: {}->http://127.0.0.1:7055][total kept alive: 0; route allocated: 1 of 2000; total allocated: 1 of 2000]
DEBUG: org.apache.http.impl.execchain.MainClientExec - Opening connection {}->http://127.0.0.1:7055
DEBUG: org.apache.http.impl.conn.DefaultHttpClientConnectionOperator - Connecting to /127.0.0.1:7055
DEBUG: org.apache.http.impl.conn.DefaultHttpClientConnectionOperator - Connection established 127.0.0.1:60729<->127.0.0.1:7055
DEBUG: org.apache.http.impl.conn.DefaultManagedHttpClientConnection - http-outgoing-75: set socket timeout to 10800000
DEBUG: org.apache.http.impl.execchain.MainClientExec - Executing request POST /hub/session/ef37bd3e-2017-2940-a760-71d500ce28c2/element/%7B3206887d-2e4d-c24d-b9f9-be96bede30b6%7D/value HTTP/1.1
DEBUG: org.apache.http.impl.execchain.MainClientExec - Target auth state: UNCHALLENGED
DEBUG: org.apache.http.impl.execchain.MainClientExec - Proxy auth state: UNCHALLENGED
DEBUG: org.apache.http.headers - http-outgoing-75 >> POST /hub/session/ef37bd3e-2017-2940-a760-71d500ce28c2/element/%7B3206887d-2e4d-c24d-b9f9-be96bede30b6%7D/value HTTP/1.1
DEBUG: org.apache.http.headers - http-outgoing-75 >> Content-Type: application/json; charset=utf-8
DEBUG: org.apache.http.headers - http-outgoing-75 >> Content-Length: 66
DEBUG: org.apache.http.headers - http-outgoing-75 >> Host: 127.0.0.1:7055
DEBUG: org.apache.http.headers - http-outgoing-75 >> Connection: Keep-Alive
DEBUG: org.apache.http.headers - http-outgoing-75 >> User-Agent: Apache-HttpClient/4.5.2 (Java/1.7.0_79)
DEBUG: org.apache.http.headers - http-outgoing-75 >> Accept-Encoding: gzip,deflate
DEBUG: org.apache.http.wire - http-outgoing-75 >> "POST /hub/session/ef37bd3e-2017-2940-a760-71d500ce28c2/element/%7B3206887d-2e4d-c24d-b9f9-be96bede30b6%7D/value HTTP/1.1[\r][\n]"
DEBUG: org.apache.http.wire - http-outgoing-75 >> "Content-Type: application/json; charset=utf-8[\r][\n]"
DEBUG: org.apache.http.wire - http-outgoing-75 >> "Content-Length: 66[\r][\n]"
DEBUG: org.apache.http.wire - http-outgoing-75 >> "Host: 127.0.0.1:7055[\r][\n]"
DEBUG: org.apache.http.wire - http-outgoing-75 >> "Connection: Keep-Alive[\r][\n]"
DEBUG: org.apache.http.wire - http-outgoing-75 >> "User-Agent: Apache-HttpClient/4.5.2 (Java/1.7.0_79)[\r][\n]"
DEBUG: org.apache.http.wire - http-outgoing-75 >> "Accept-Encoding: gzip,deflate[\r][\n]"
DEBUG: org.apache.http.wire - http-outgoing-75 >> "[\r][\n]"
DEBUG: org.apache.http.wire - http-outgoing-75 >> "{"id":"{3206887d-2e4d-c24d-b9f9-be96bede30b6}","value":["secret"]}"
DEBUG: org.apache.http.wire - http-outgoing-75 << "HTTP/1.1 200 OK[\r][\n]"
DEBUG: org.apache.http.wire - http-outgoing-75 << "content-type: application/json; charset=UTF-8[\r][\n]"
DEBUG: org.apache.http.wire - http-outgoing-75 << "connection: close[\r][\n]"
DEBUG: org.apache.http.wire - http-outgoing-75 << "content-length: 101[\r][\n]"
DEBUG: org.apache.http.wire - http-outgoing-75 << "server: httpd.js[\r][\n]"
DEBUG: org.apache.http.wire - http-outgoing-75 << "date: Fri, 26 Aug 2016 09:42:49 GMT[\r][\n]"
DEBUG: org.apache.http.wire - http-outgoing-75 << "[\r][\n]"
DEBUG: org.apache.http.headers - http-outgoing-75 << HTTP/1.1 200 OK
DEBUG: org.apache.http.headers - http-outgoing-75 << content-type: application/json; charset=UTF-8
DEBUG: org.apache.http.headers - http-outgoing-75 << connection: close
DEBUG: org.apache.http.headers - http-outgoing-75 << content-length: 101
DEBUG: org.apache.http.headers - http-outgoing-75 << server: httpd.js
DEBUG: org.apache.http.headers - http-outgoing-75 << date: Fri, 26 Aug 2016 09:42:49 GMT
DEBUG: org.apache.http.wire - http-outgoing-75 << "{"name":"sendKeysToElement","sessionId":"ef37bd3e-2017-2940-a760-71d500ce28c2","status":0,"value":""}"
DEBUG: org.apache.http.impl.conn.DefaultManagedHttpClientConnection - http-outgoing-75: Close connection
DEBUG: org.apache.http.impl.execchain.MainClientExec - Connection discarded
DEBUG: org.apache.http.impl.conn.PoolingHttpClientConnectionManager - Connection released: [id: 75][route: {}->http://127.0.0.1:7055][total kept alive: 0; route allocated: 0 of 2000; total allocated: 0 of 2000]
DEBUG: org.apache.http.client.protocol.RequestAddCookies - CookieSpec selected: default
DEBUG: org.apache.http.client.protocol.RequestAuthCache - Auth cache not set in the context
DEBUG: org.apache.http.impl.conn.PoolingHttpClientConnectionManager - Connection request: [route: {}->http://127.0.0.1:7055][total kept alive: 0; route allocated: 0 of 2000; total allocated: 0 of 2000]
DEBUG: org.apache.http.impl.conn.PoolingHttpClientConnectionManager - Connection leased: [id: 76][route: {}->http://127.0.0.1:7055][total kept alive: 0; route allocated: 1 of 2000; total allocated: 1 of 2000]
DEBUG: org.apache.http.impl.execchain.MainClientExec - Opening connection {}->http://127.0.0.1:7055
DEBUG: org.apache.http.impl.conn.DefaultHttpClientConnectionOperator - Connecting to /127.0.0.1:7055
DEBUG: org.apache.http.impl.conn.DefaultHttpClientConnectionOperator - Connection established 127.0.0.1:60730<->127.0.0.1:7055
DEBUG: org.apache.http.impl.conn.DefaultManagedHttpClientConnection - http-outgoing-76: set socket timeout to 10800000
DEBUG: org.apache.http.impl.execchain.MainClientExec - Executing request POST /hub/session/ef37bd3e-2017-2940-a760-71d500ce28c2/element HTTP/1.1
DEBUG: org.apache.http.impl.execchain.MainClientExec - Target auth state: UNCHALLENGED
DEBUG: org.apache.http.impl.execchain.MainClientExec - Proxy auth state: UNCHALLENGED
DEBUG: org.apache.http.headers - http-outgoing-76 >> POST /hub/session/ef37bd3e-2017-2940-a760-71d500ce28c2/element HTTP/1.1
DEBUG: org.apache.http.headers - http-outgoing-76 >> Content-Type: application/json; charset=utf-8
DEBUG: org.apache.http.headers - http-outgoing-76 >> Content-Length: 33
DEBUG: org.apache.http.headers - http-outgoing-76 >> Host: 127.0.0.1:7055
DEBUG: org.apache.http.headers - http-outgoing-76 >> Connection: Keep-Alive
DEBUG: org.apache.http.headers - http-outgoing-76 >> User-Agent: Apache-HttpClient/4.5.2 (Java/1.7.0_79)
DEBUG: org.apache.http.headers - http-outgoing-76 >> Accept-Encoding: gzip,deflate
DEBUG: org.apache.http.wire - http-outgoing-76 >> "POST /hub/session/ef37bd3e-2017-2940-a760-71d500ce28c2/element HTTP/1.1[\r][\n]"
DEBUG: org.apache.http.wire - http-outgoing-76 >> "Content-Type: application/json; charset=utf-8[\r][\n]"
DEBUG: org.apache.http.wire - http-outgoing-76 >> "Content-Length: 33[\r][\n]"
DEBUG: org.apache.http.wire - http-outgoing-76 >> "Host: 127.0.0.1:7055[\r][\n]"
DEBUG: org.apache.http.wire - http-outgoing-76 >> "Connection: Keep-Alive[\r][\n]"
DEBUG: org.apache.http.wire - http-outgoing-76 >> "User-Agent: Apache-HttpClient/4.5.2 (Java/1.7.0_79)[\r][\n]"
DEBUG: org.apache.http.wire - http-outgoing-76 >> "Accept-Encoding: gzip,deflate[\r][\n]"
DEBUG: org.apache.http.wire - http-outgoing-76 >> "[\r][\n]"
DEBUG: org.apache.http.wire - http-outgoing-76 >> "{"using":"name","value":"submit"}"
DEBUG: org.apache.http.wire - http-outgoing-76 << "HTTP/1.1 200 OK[\r][\n]"
DEBUG: org.apache.http.wire - http-outgoing-76 << "content-type: application/json; charset=UTF-8[\r][\n]"
DEBUG: org.apache.http.wire - http-outgoing-76 << "connection: close[\r][\n]"
DEBUG: org.apache.http.wire - http-outgoing-76 << "content-length: 224[\r][\n]"
DEBUG: org.apache.http.wire - http-outgoing-76 << "server: httpd.js[\r][\n]"
DEBUG: org.apache.http.wire - http-outgoing-76 << "date: Fri, 26 Aug 2016 09:42:49 GMT[\r][\n]"
DEBUG: org.apache.http.wire - http-outgoing-76 << "[\r][\n]"
DEBUG: org.apache.http.headers - http-outgoing-76 << HTTP/1.1 200 OK
DEBUG: org.apache.http.headers - http-outgoing-76 << content-type: application/json; charset=UTF-8
DEBUG: org.apache.http.headers - http-outgoing-76 << connection: close
DEBUG: org.apache.http.headers - http-outgoing-76 << content-length: 224
DEBUG: org.apache.http.headers - http-outgoing-76 << server: httpd.js
DEBUG: org.apache.http.headers - http-outgoing-76 << date: Fri, 26 Aug 2016 09:42:49 GMT
DEBUG: org.apache.http.wire - http-outgoing-76 << "{"name":"findElement","sessionId":"ef37bd3e-2017-2940-a760-71d500ce28c2","status":0,"value":{"ELEMENT":"{aa6348ec-1666-6f44-94c0-ac1e51c5b551}","element-6066-11e4-a52e-4f735466cecf":"{aa6348ec-1666-6f44-94c0-ac1e51c5b551}"}}"
DEBUG: org.apache.http.impl.conn.DefaultManagedHttpClientConnection - http-outgoing-76: Close connection
DEBUG: org.apache.http.impl.execchain.MainClientExec - Connection discarded
DEBUG: org.apache.http.impl.conn.PoolingHttpClientConnectionManager - Connection released: [id: 76][route: {}->http://127.0.0.1:7055][total kept alive: 0; route allocated: 0 of 2000; total allocated: 0 of 2000]
DEBUG: org.apache.http.client.protocol.RequestAddCookies - CookieSpec selected: default
DEBUG: org.apache.http.client.protocol.RequestAuthCache - Auth cache not set in the context
DEBUG: org.apache.http.impl.conn.PoolingHttpClientConnectionManager - Connection request: [route: {}->http://127.0.0.1:7055][total kept alive: 0; route allocated: 0 of 2000; total allocated: 0 of 2000]
DEBUG: org.apache.http.impl.conn.PoolingHttpClientConnectionManager - Connection leased: [id: 77][route: {}->http://127.0.0.1:7055][total kept alive: 0; route allocated: 1 of 2000; total allocated: 1 of 2000]
DEBUG: org.apache.http.impl.execchain.MainClientExec - Opening connection {}->http://127.0.0.1:7055
DEBUG: org.apache.http.impl.conn.DefaultHttpClientConnectionOperator - Connecting to /127.0.0.1:7055
DEBUG: org.apache.http.impl.conn.DefaultHttpClientConnectionOperator - Connection established 127.0.0.1:60731<->127.0.0.1:7055
DEBUG: org.apache.http.impl.conn.DefaultManagedHttpClientConnection - http-outgoing-77: set socket timeout to 10800000
DEBUG: org.apache.http.impl.execchain.MainClientExec - Executing request POST /hub/session/ef37bd3e-2017-2940-a760-71d500ce28c2/element/%7Baa6348ec-1666-6f44-94c0-ac1e51c5b551%7D/click HTTP/1.1
DEBUG: org.apache.http.impl.execchain.MainClientExec - Target auth state: UNCHALLENGED
DEBUG: org.apache.http.impl.execchain.MainClientExec - Proxy auth state: UNCHALLENGED
DEBUG: org.apache.http.headers - http-outgoing-77 >> POST /hub/session/ef37bd3e-2017-2940-a760-71d500ce28c2/element/%7Baa6348ec-1666-6f44-94c0-ac1e51c5b551%7D/click HTTP/1.1
DEBUG: org.apache.http.headers - http-outgoing-77 >> Content-Type: application/json; charset=utf-8
DEBUG: org.apache.http.headers - http-outgoing-77 >> Content-Length: 47
DEBUG: org.apache.http.headers - http-outgoing-77 >> Host: 127.0.0.1:7055
DEBUG: org.apache.http.headers - http-outgoing-77 >> Connection: Keep-Alive
DEBUG: org.apache.http.headers - http-outgoing-77 >> User-Agent: Apache-HttpClient/4.5.2 (Java/1.7.0_79)
DEBUG: org.apache.http.headers - http-outgoing-77 >> Accept-Encoding: gzip,deflate
DEBUG: org.apache.http.wire - http-outgoing-77 >> "POST /hub/session/ef37bd3e-2017-2940-a760-71d500ce28c2/element/%7Baa6348ec-1666-6f44-94c0-ac1e51c5b551%7D/click HTTP/1.1[\r][\n]"
DEBUG: org.apache.http.wire - http-outgoing-77 >> "Content-Type: application/json; charset=utf-8[\r][\n]"
DEBUG: org.apache.http.wire - http-outgoing-77 >> "Content-Length: 47[\r][\n]"
DEBUG: org.apache.http.wire - http-outgoing-77 >> "Host: 127.0.0.1:7055[\r][\n]"
DEBUG: org.apache.http.wire - http-outgoing-77 >> "Connection: Keep-Alive[\r][\n]"
DEBUG: org.apache.http.wire - http-outgoing-77 >> "User-Agent: Apache-HttpClient/4.5.2 (Java/1.7.0_79)[\r][\n]"
DEBUG: org.apache.http.wire - http-outgoing-77 >> "Accept-Encoding: gzip,deflate[\r][\n]"
DEBUG: org.apache.http.wire - http-outgoing-77 >> "[\r][\n]"
DEBUG: org.apache.http.wire - http-outgoing-77 >> "{"id":"{aa6348ec-1666-6f44-94c0-ac1e51c5b551}"}"
DEBUG: org.apache.http.wire - http-outgoing-77 << "HTTP/1.1 200 OK[\r][\n]"
DEBUG: org.apache.http.wire - http-outgoing-77 << "content-type: application/json; charset=UTF-8[\r][\n]"
DEBUG: org.apache.http.wire - http-outgoing-77 << "connection: close[\r][\n]"
DEBUG: org.apache.http.wire - http-outgoing-77 << "content-length: 98[\r][\n]"
DEBUG: org.apache.http.wire - http-outgoing-77 << "server: httpd.js[\r][\n]"
DEBUG: org.apache.http.wire - http-outgoing-77 << "date: Fri, 26 Aug 2016 09:42:49 GMT[\r][\n]"
DEBUG: org.apache.http.wire - http-outgoing-77 << "[\r][\n]"
DEBUG: org.apache.http.headers - http-outgoing-77 << HTTP/1.1 200 OK
DEBUG: org.apache.http.headers - http-outgoing-77 << content-type: application/json; charset=UTF-8
DEBUG: org.apache.http.headers - http-outgoing-77 << connection: close
DEBUG: org.apache.http.headers - http-outgoing-77 << content-length: 98
DEBUG: org.apache.http.headers - http-outgoing-77 << server: httpd.js
DEBUG: org.apache.http.headers - http-outgoing-77 << date: Fri, 26 Aug 2016 09:42:49 GMT
DEBUG: org.apache.http.wire - http-outgoing-77 << "{"name":"clickElement","sessionId":"ef37bd3e-2017-2940-a760-71d500ce28c2","status":0,"value":"ok"}"
DEBUG: org.apache.http.impl.conn.DefaultManagedHttpClientConnection - http-outgoing-77: Close connection
DEBUG: org.apache.http.impl.execchain.MainClientExec - Connection discarded
DEBUG: org.apache.http.impl.conn.PoolingHttpClientConnectionManager - Connection released: [id: 77][route: {}->http://127.0.0.1:7055][total kept alive: 0; route allocated: 0 of 2000; total allocated: 0 of 2000]
DEBUG: org.apache.http.client.protocol.RequestAddCookies - CookieSpec selected: default
DEBUG: org.apache.http.client.protocol.RequestAuthCache - Auth cache not set in the context
DEBUG: org.apache.http.impl.conn.PoolingHttpClientConnectionManager - Connection request: [route: {}->http://127.0.0.1:7055][total kept alive: 0; route allocated: 0 of 2000; total allocated: 0 of 2000]
DEBUG: org.apache.http.impl.conn.PoolingHttpClientConnectionManager - Connection leased: [id: 78][route: {}->http://127.0.0.1:7055][total kept alive: 0; route allocated: 1 of 2000; total allocated: 1 of 2000]
DEBUG: org.apache.http.impl.execchain.MainClientExec - Opening connection {}->http://127.0.0.1:7055
DEBUG: org.apache.http.impl.conn.DefaultHttpClientConnectionOperator - Connecting to /127.0.0.1:7055
DEBUG: org.apache.http.impl.conn.DefaultHttpClientConnectionOperator - Connection established 127.0.0.1:60736<->127.0.0.1:7055
DEBUG: org.apache.http.impl.conn.DefaultManagedHttpClientConnection - http-outgoing-78: set socket timeout to 10800000
DEBUG: org.apache.http.impl.execchain.MainClientExec - Executing request POST /hub/session/ef37bd3e-2017-2940-a760-71d500ce28c2/element HTTP/1.1
DEBUG: org.apache.http.impl.execchain.MainClientExec - Target auth state: UNCHALLENGED
DEBUG: org.apache.http.impl.execchain.MainClientExec - Proxy auth state: UNCHALLENGED
DEBUG: org.apache.http.headers - http-outgoing-78 >> POST /hub/session/ef37bd3e-2017-2940-a760-71d500ce28c2/element HTTP/1.1
DEBUG: org.apache.http.headers - http-outgoing-78 >> Content-Type: application/json; charset=utf-8
DEBUG: org.apache.http.headers - http-outgoing-78 >> Content-Length: 44
DEBUG: org.apache.http.headers - http-outgoing-78 >> Host: 127.0.0.1:7055
DEBUG: org.apache.http.headers - http-outgoing-78 >> Connection: Keep-Alive
DEBUG: org.apache.http.headers - http-outgoing-78 >> User-Agent: Apache-HttpClient/4.5.2 (Java/1.7.0_79)
DEBUG: org.apache.http.headers - http-outgoing-78 >> Accept-Encoding: gzip,deflate
DEBUG: org.apache.http.wire - http-outgoing-78 >> "POST /hub/session/ef37bd3e-2017-2940-a760-71d500ce28c2/element HTTP/1.1[\r][\n]"
DEBUG: org.apache.http.wire - http-outgoing-78 >> "Content-Type: application/json; charset=utf-8[\r][\n]"
DEBUG: org.apache.http.wire - http-outgoing-78 >> "Content-Length: 44[\r][\n]"
DEBUG: org.apache.http.wire - http-outgoing-78 >> "Host: 127.0.0.1:7055[\r][\n]"
DEBUG: org.apache.http.wire - http-outgoing-78 >> "Connection: Keep-Alive[\r][\n]"
DEBUG: org.apache.http.wire - http-outgoing-78 >> "User-Agent: Apache-HttpClient/4.5.2 (Java/1.7.0_79)[\r][\n]"
DEBUG: org.apache.http.wire - http-outgoing-78 >> "Accept-Encoding: gzip,deflate[\r][\n]"
DEBUG: org.apache.http.wire - http-outgoing-78 >> "[\r][\n]"
DEBUG: org.apache.http.wire - http-outgoing-78 >> "{"using":"class name","value":"navbar-text"}"
DEBUG: org.apache.http.wire - http-outgoing-78 << "HTTP/1.1 200 OK[\r][\n]"
DEBUG: org.apache.http.wire - http-outgoing-78 << "content-type: application/json; charset=UTF-8[\r][\n]"
DEBUG: org.apache.http.wire - http-outgoing-78 << "connection: close[\r][\n]"
DEBUG: org.apache.http.wire - http-outgoing-78 << "content-length: 224[\r][\n]"
DEBUG: org.apache.http.wire - http-outgoing-78 << "server: httpd.js[\r][\n]"
DEBUG: org.apache.http.wire - http-outgoing-78 << "date: Fri, 26 Aug 2016 09:42:49 GMT[\r][\n]"
DEBUG: org.apache.http.wire - http-outgoing-78 << "[\r][\n]"
DEBUG: org.apache.http.headers - http-outgoing-78 << HTTP/1.1 200 OK
DEBUG: org.apache.http.headers - http-outgoing-78 << content-type: application/json; charset=UTF-8
DEBUG: org.apache.http.headers - http-outgoing-78 << connection: close
DEBUG: org.apache.http.headers - http-outgoing-78 << content-length: 224
DEBUG: org.apache.http.headers - http-outgoing-78 << server: httpd.js
DEBUG: org.apache.http.headers - http-outgoing-78 << date: Fri, 26 Aug 2016 09:42:49 GMT
DEBUG: org.apache.http.wire - http-outgoing-78 << "{"name":"findElement","sessionId":"ef37bd3e-2017-2940-a760-71d500ce28c2","status":0,"value":{"ELEMENT":"{ef308935-bf6f-ae41-b5fc-36f77dd70990}","element-6066-11e4-a52e-4f735466cecf":"{ef308935-bf6f-ae41-b5fc-36f77dd70990}"}}"
DEBUG: org.apache.http.impl.conn.DefaultManagedHttpClientConnection - http-outgoing-78: Close connection
DEBUG: org.apache.http.impl.execchain.MainClientExec - Connection discarded
DEBUG: org.apache.http.impl.conn.PoolingHttpClientConnectionManager - Connection released: [id: 78][route: {}->http://127.0.0.1:7055][total kept alive: 0; route allocated: 0 of 2000; total allocated: 0 of 2000]
DEBUG: org.apache.http.client.protocol.RequestAddCookies - CookieSpec selected: default
DEBUG: org.apache.http.client.protocol.RequestAuthCache - Auth cache not set in the context
DEBUG: org.apache.http.impl.conn.PoolingHttpClientConnectionManager - Connection request: [route: {}->http://127.0.0.1:7055][total kept alive: 0; route allocated: 0 of 2000; total allocated: 0 of 2000]
DEBUG: org.apache.http.impl.conn.PoolingHttpClientConnectionManager - Connection leased: [id: 79][route: {}->http://127.0.0.1:7055][total kept alive: 0; route allocated: 1 of 2000; total allocated: 1 of 2000]
DEBUG: org.apache.http.impl.execchain.MainClientExec - Opening connection {}->http://127.0.0.1:7055
DEBUG: org.apache.http.impl.conn.DefaultHttpClientConnectionOperator - Connecting to /127.0.0.1:7055
DEBUG: org.apache.http.impl.conn.DefaultHttpClientConnectionOperator - Connection established 127.0.0.1:60737<->127.0.0.1:7055
DEBUG: org.apache.http.impl.conn.DefaultManagedHttpClientConnection - http-outgoing-79: set socket timeout to 10800000
DEBUG: org.apache.http.impl.execchain.MainClientExec - Executing request GET /hub/session/ef37bd3e-2017-2940-a760-71d500ce28c2/element/%7Bef308935-bf6f-ae41-b5fc-36f77dd70990%7D/text HTTP/1.1
DEBUG: org.apache.http.impl.execchain.MainClientExec - Target auth state: UNCHALLENGED
DEBUG: org.apache.http.impl.execchain.MainClientExec - Proxy auth state: UNCHALLENGED
DEBUG: org.apache.http.headers - http-outgoing-79 >> GET /hub/session/ef37bd3e-2017-2940-a760-71d500ce28c2/element/%7Bef308935-bf6f-ae41-b5fc-36f77dd70990%7D/text HTTP/1.1
DEBUG: org.apache.http.headers - http-outgoing-79 >> Cache-Control: no-cache
DEBUG: org.apache.http.headers - http-outgoing-79 >> Host: 127.0.0.1:7055
DEBUG: org.apache.http.headers - http-outgoing-79 >> Connection: Keep-Alive
DEBUG: org.apache.http.headers - http-outgoing-79 >> User-Agent: Apache-HttpClient/4.5.2 (Java/1.7.0_79)
DEBUG: org.apache.http.headers - http-outgoing-79 >> Accept-Encoding: gzip,deflate
DEBUG: org.apache.http.wire - http-outgoing-79 >> "GET /hub/session/ef37bd3e-2017-2940-a760-71d500ce28c2/element/%7Bef308935-bf6f-ae41-b5fc-36f77dd70990%7D/text HTTP/1.1[\r][\n]"
DEBUG: org.apache.http.wire - http-outgoing-79 >> "Cache-Control: no-cache[\r][\n]"
DEBUG: org.apache.http.wire - http-outgoing-79 >> "Host: 127.0.0.1:7055[\r][\n]"
DEBUG: org.apache.http.wire - http-outgoing-79 >> "Connection: Keep-Alive[\r][\n]"
DEBUG: org.apache.http.wire - http-outgoing-79 >> "User-Agent: Apache-HttpClient/4.5.2 (Java/1.7.0_79)[\r][\n]"
DEBUG: org.apache.http.wire - http-outgoing-79 >> "Accept-Encoding: gzip,deflate[\r][\n]"
DEBUG: org.apache.http.wire - http-outgoing-79 >> "[\r][\n]"
DEBUG: org.apache.http.wire - http-outgoing-79 << "HTTP/1.1 200 OK[\r][\n]"
DEBUG: org.apache.http.wire - http-outgoing-79 << "content-type: application/json; charset=UTF-8[\r][\n]"
DEBUG: org.apache.http.wire - http-outgoing-79 << "connection: close[\r][\n]"
DEBUG: org.apache.http.wire - http-outgoing-79 << "content-length: 117[\r][\n]"
DEBUG: org.apache.http.wire - http-outgoing-79 << "server: httpd.js[\r][\n]"
DEBUG: org.apache.http.wire - http-outgoing-79 << "date: Fri, 26 Aug 2016 09:42:49 GMT[\r][\n]"
DEBUG: org.apache.http.wire - http-outgoing-79 << "[\r][\n]"
DEBUG: org.apache.http.headers - http-outgoing-79 << HTTP/1.1 200 OK
DEBUG: org.apache.http.headers - http-outgoing-79 << content-type: application/json; charset=UTF-8
DEBUG: org.apache.http.headers - http-outgoing-79 << connection: close
DEBUG: org.apache.http.headers - http-outgoing-79 << content-length: 117
DEBUG: org.apache.http.headers - http-outgoing-79 << server: httpd.js
DEBUG: org.apache.http.headers - http-outgoing-79 << date: Fri, 26 Aug 2016 09:42:49 GMT
DEBUG: org.apache.http.wire - http-outgoing-79 << "{"name":"getElementText","sessionId":"ef37bd3e-2017-2940-a760-71d500ce28c2","status":0,"value":"Welcome Jan Plewka!"}"
DEBUG: org.apache.http.impl.conn.DefaultManagedHttpClientConnection - http-outgoing-79: Close connection
DEBUG: org.apache.http.impl.execchain.MainClientExec - Connection discarded
DEBUG: org.apache.http.impl.conn.PoolingHttpClientConnectionManager - Connection released: [id: 79][route: {}->http://127.0.0.1:7055][total kept alive: 0; route allocated: 0 of 2000; total allocated: 0 of 2000]
DEBUG: org.apache.http.client.protocol.RequestAddCookies - CookieSpec selected: default
DEBUG: org.apache.http.client.protocol.RequestAuthCache - Auth cache not set in the context
DEBUG: org.apache.http.impl.conn.PoolingHttpClientConnectionManager - Connection request: [route: {}->http://127.0.0.1:7055][total kept alive: 0; route allocated: 0 of 2000; total allocated: 0 of 2000]
DEBUG: org.apache.http.impl.conn.PoolingHttpClientConnectionManager - Connection leased: [id: 80][route: {}->http://127.0.0.1:7055][total kept alive: 0; route allocated: 1 of 2000; total allocated: 1 of 2000]
DEBUG: org.apache.http.impl.execchain.MainClientExec - Opening connection {}->http://127.0.0.1:7055
DEBUG: org.apache.http.impl.conn.DefaultHttpClientConnectionOperator - Connecting to /127.0.0.1:7055
DEBUG: org.apache.http.impl.conn.DefaultHttpClientConnectionOperator - Connection established 127.0.0.1:60738<->127.0.0.1:7055
DEBUG: org.apache.http.impl.conn.DefaultManagedHttpClientConnection - http-outgoing-80: set socket timeout to 10800000
DEBUG: org.apache.http.impl.execchain.MainClientExec - Executing request POST /hub/session/ef37bd3e-2017-2940-a760-71d500ce28c2/url HTTP/1.1
DEBUG: org.apache.http.impl.execchain.MainClientExec - Target auth state: UNCHALLENGED
DEBUG: org.apache.http.impl.execchain.MainClientExec - Proxy auth state: UNCHALLENGED
DEBUG: org.apache.http.headers - http-outgoing-80 >> POST /hub/session/ef37bd3e-2017-2940-a760-71d500ce28c2/url HTTP/1.1
DEBUG: org.apache.http.headers - http-outgoing-80 >> Content-Type: application/json; charset=utf-8
DEBUG: org.apache.http.headers - http-outgoing-80 >> Content-Length: 38
DEBUG: org.apache.http.headers - http-outgoing-80 >> Host: 127.0.0.1:7055
DEBUG: org.apache.http.headers - http-outgoing-80 >> Connection: Keep-Alive
DEBUG: org.apache.http.headers - http-outgoing-80 >> User-Agent: Apache-HttpClient/4.5.2 (Java/1.7.0_79)
DEBUG: org.apache.http.headers - http-outgoing-80 >> Accept-Encoding: gzip,deflate
DEBUG: org.apache.http.wire - http-outgoing-80 >> "POST /hub/session/ef37bd3e-2017-2940-a760-71d500ce28c2/url HTTP/1.1[\r][\n]"
DEBUG: org.apache.http.wire - http-outgoing-80 >> "Content-Type: application/json; charset=utf-8[\r][\n]"
DEBUG: org.apache.http.wire - http-outgoing-80 >> "Content-Length: 38[\r][\n]"
DEBUG: org.apache.http.wire - http-outgoing-80 >> "Host: 127.0.0.1:7055[\r][\n]"
DEBUG: org.apache.http.wire - http-outgoing-80 >> "Connection: Keep-Alive[\r][\n]"
DEBUG: org.apache.http.wire - http-outgoing-80 >> "User-Agent: Apache-HttpClient/4.5.2 (Java/1.7.0_79)[\r][\n]"
DEBUG: org.apache.http.wire - http-outgoing-80 >> "Accept-Encoding: gzip,deflate[\r][\n]"
DEBUG: org.apache.http.wire - http-outgoing-80 >> "[\r][\n]"
DEBUG: org.apache.http.wire - http-outgoing-80 >> "{"url":"http://localhost:8080/logout"}"
DEBUG: org.apache.http.wire - http-outgoing-80 << "HTTP/1.1 200 OK[\r][\n]"
DEBUG: org.apache.http.wire - http-outgoing-80 << "content-type: application/json; charset=UTF-8[\r][\n]"
DEBUG: org.apache.http.wire - http-outgoing-80 << "connection: close[\r][\n]"
DEBUG: org.apache.http.wire - http-outgoing-80 << "content-length: 87[\r][\n]"
DEBUG: org.apache.http.wire - http-outgoing-80 << "server: httpd.js[\r][\n]"
DEBUG: org.apache.http.wire - http-outgoing-80 << "date: Fri, 26 Aug 2016 09:42:49 GMT[\r][\n]"
DEBUG: org.apache.http.wire - http-outgoing-80 << "[\r][\n]"
DEBUG: org.apache.http.headers - http-outgoing-80 << HTTP/1.1 200 OK
DEBUG: org.apache.http.headers - http-outgoing-80 << content-type: application/json; charset=UTF-8
DEBUG: org.apache.http.headers - http-outgoing-80 << connection: close
DEBUG: org.apache.http.headers - http-outgoing-80 << content-length: 87
DEBUG: org.apache.http.headers - http-outgoing-80 << server: httpd.js
DEBUG: org.apache.http.headers - http-outgoing-80 << date: Fri, 26 Aug 2016 09:42:49 GMT
DEBUG: org.apache.http.wire - http-outgoing-80 << "{"name":"get","sessionId":"ef37bd3e-2017-2940-a760-71d500ce28c2","status":0,"value":""}"
DEBUG: org.apache.http.impl.conn.DefaultManagedHttpClientConnection - http-outgoing-80: Close connection
DEBUG: org.apache.http.impl.execchain.MainClientExec - Connection discarded
DEBUG: org.apache.http.impl.conn.PoolingHttpClientConnectionManager - Connection released: [id: 80][route: {}->http://127.0.0.1:7055][total kept alive: 0; route allocated: 0 of 2000; total allocated: 0 of 2000]
DEBUG: org.apache.http.client.protocol.RequestAddCookies - CookieSpec selected: default
DEBUG: org.apache.http.client.protocol.RequestAuthCache - Auth cache not set in the context
DEBUG: org.apache.http.impl.conn.PoolingHttpClientConnectionManager - Connection request: [route: {}->http://127.0.0.1:7055][total kept alive: 0; route allocated: 0 of 2000; total allocated: 0 of 2000]
DEBUG: org.apache.http.impl.conn.PoolingHttpClientConnectionManager - Connection leased: [id: 81][route: {}->http://127.0.0.1:7055][total kept alive: 0; route allocated: 1 of 2000; total allocated: 1 of 2000]
DEBUG: org.apache.http.impl.execchain.MainClientExec - Opening connection {}->http://127.0.0.1:7055
DEBUG: org.apache.http.impl.conn.DefaultHttpClientConnectionOperator - Connecting to /127.0.0.1:7055
DEBUG: org.apache.http.impl.conn.DefaultHttpClientConnectionOperator - Connection established 127.0.0.1:60739<->127.0.0.1:7055
DEBUG: org.apache.http.impl.conn.DefaultManagedHttpClientConnection - http-outgoing-81: set socket timeout to 10800000
DEBUG: org.apache.http.impl.execchain.MainClientExec - Executing request POST /hub/session/ef37bd3e-2017-2940-a760-71d500ce28c2/element HTTP/1.1
DEBUG: org.apache.http.impl.execchain.MainClientExec - Target auth state: UNCHALLENGED
DEBUG: org.apache.http.impl.execchain.MainClientExec - Proxy auth state: UNCHALLENGED
DEBUG: org.apache.http.headers - http-outgoing-81 >> POST /hub/session/ef37bd3e-2017-2940-a760-71d500ce28c2/element HTTP/1.1
DEBUG: org.apache.http.headers - http-outgoing-81 >> Content-Type: application/json; charset=utf-8
DEBUG: org.apache.http.headers - http-outgoing-81 >> Content-Length: 38
DEBUG: org.apache.http.headers - http-outgoing-81 >> Host: 127.0.0.1:7055
DEBUG: org.apache.http.headers - http-outgoing-81 >> Connection: Keep-Alive
DEBUG: org.apache.http.headers - http-outgoing-81 >> User-Agent: Apache-HttpClient/4.5.2 (Java/1.7.0_79)
DEBUG: org.apache.http.headers - http-outgoing-81 >> Accept-Encoding: gzip,deflate
DEBUG: org.apache.http.wire - http-outgoing-81 >> "POST /hub/session/ef37bd3e-2017-2940-a760-71d500ce28c2/element HTTP/1.1[\r][\n]"
DEBUG: org.apache.http.wire - http-outgoing-81 >> "Content-Type: application/json; charset=utf-8[\r][\n]"
DEBUG: org.apache.http.wire - http-outgoing-81 >> "Content-Length: 38[\r][\n]"
DEBUG: org.apache.http.wire - http-outgoing-81 >> "Host: 127.0.0.1:7055[\r][\n]"
DEBUG: org.apache.http.wire - http-outgoing-81 >> "Connection: Keep-Alive[\r][\n]"
DEBUG: org.apache.http.wire - http-outgoing-81 >> "User-Agent: Apache-HttpClient/4.5.2 (Java/1.7.0_79)[\r][\n]"
DEBUG: org.apache.http.wire - http-outgoing-81 >> "Accept-Encoding: gzip,deflate[\r][\n]"
DEBUG: org.apache.http.wire - http-outgoing-81 >> "[\r][\n]"
DEBUG: org.apache.http.wire - http-outgoing-81 >> "{"using":"link text","value":"Logout"}"
DEBUG: org.apache.http.wire - http-outgoing-81 << "HTTP/1.1 200 OK[\r][\n]"
DEBUG: org.apache.http.wire - http-outgoing-81 << "content-type: application/json; charset=UTF-8[\r][\n]"
DEBUG: org.apache.http.wire - http-outgoing-81 << "connection: close[\r][\n]"
DEBUG: org.apache.http.wire - http-outgoing-81 << "content-length: 224[\r][\n]"
DEBUG: org.apache.http.wire - http-outgoing-81 << "server: httpd.js[\r][\n]"
DEBUG: org.apache.http.wire - http-outgoing-81 << "date: Fri, 26 Aug 2016 09:42:49 GMT[\r][\n]"
DEBUG: org.apache.http.wire - http-outgoing-81 << "[\r][\n]"
DEBUG: org.apache.http.headers - http-outgoing-81 << HTTP/1.1 200 OK
DEBUG: org.apache.http.headers - http-outgoing-81 << content-type: application/json; charset=UTF-8
DEBUG: org.apache.http.headers - http-outgoing-81 << connection: close
DEBUG: org.apache.http.headers - http-outgoing-81 << content-length: 224
DEBUG: org.apache.http.headers - http-outgoing-81 << server: httpd.js
DEBUG: org.apache.http.headers - http-outgoing-81 << date: Fri, 26 Aug 2016 09:42:49 GMT
DEBUG: org.apache.http.wire - http-outgoing-81 << "{"name":"findElement","sessionId":"ef37bd3e-2017-2940-a760-71d500ce28c2","status":0,"value":{"ELEMENT":"{1227138d-a7e0-9a40-b8e4-1569cddb97d0}","element-6066-11e4-a52e-4f735466cecf":"{1227138d-a7e0-9a40-b8e4-1569cddb97d0}"}}"
DEBUG: org.apache.http.impl.conn.DefaultManagedHttpClientConnection - http-outgoing-81: Close connection
DEBUG: org.apache.http.impl.execchain.MainClientExec - Connection discarded
DEBUG: org.apache.http.impl.conn.PoolingHttpClientConnectionManager - Connection released: [id: 81][route: {}->http://127.0.0.1:7055][total kept alive: 0; route allocated: 0 of 2000; total allocated: 0 of 2000]
DEBUG: org.apache.http.client.protocol.RequestAddCookies - CookieSpec selected: default
DEBUG: org.apache.http.client.protocol.RequestAuthCache - Auth cache not set in the context
DEBUG: org.apache.http.impl.conn.PoolingHttpClientConnectionManager - Connection request: [route: {}->http://127.0.0.1:7055][total kept alive: 0; route allocated: 0 of 2000; total allocated: 0 of 2000]
DEBUG: org.apache.http.impl.conn.PoolingHttpClientConnectionManager - Connection leased: [id: 82][route: {}->http://127.0.0.1:7055][total kept alive: 0; route allocated: 1 of 2000; total allocated: 1 of 2000]
DEBUG: org.apache.http.impl.execchain.MainClientExec - Opening connection {}->http://127.0.0.1:7055
DEBUG: org.apache.http.impl.conn.DefaultHttpClientConnectionOperator - Connecting to /127.0.0.1:7055
DEBUG: org.apache.http.impl.conn.DefaultHttpClientConnectionOperator - Connection established 127.0.0.1:60740<->127.0.0.1:7055
DEBUG: org.apache.http.impl.conn.DefaultManagedHttpClientConnection - http-outgoing-82: set socket timeout to 10800000
DEBUG: org.apache.http.impl.execchain.MainClientExec - Executing request POST /hub/session/ef37bd3e-2017-2940-a760-71d500ce28c2/element/%7B1227138d-a7e0-9a40-b8e4-1569cddb97d0%7D/click HTTP/1.1
DEBUG: org.apache.http.impl.execchain.MainClientExec - Target auth state: UNCHALLENGED
DEBUG: org.apache.http.impl.execchain.MainClientExec - Proxy auth state: UNCHALLENGED
DEBUG: org.apache.http.headers - http-outgoing-82 >> POST /hub/session/ef37bd3e-2017-2940-a760-71d500ce28c2/element/%7B1227138d-a7e0-9a40-b8e4-1569cddb97d0%7D/click HTTP/1.1
DEBUG: org.apache.http.headers - http-outgoing-82 >> Content-Type: application/json; charset=utf-8
DEBUG: org.apache.http.headers - http-outgoing-82 >> Content-Length: 47
DEBUG: org.apache.http.headers - http-outgoing-82 >> Host: 127.0.0.1:7055
DEBUG: org.apache.http.headers - http-outgoing-82 >> Connection: Keep-Alive
DEBUG: org.apache.http.headers - http-outgoing-82 >> User-Agent: Apache-HttpClient/4.5.2 (Java/1.7.0_79)
DEBUG: org.apache.http.headers - http-outgoing-82 >> Accept-Encoding: gzip,deflate
DEBUG: org.apache.http.wire - http-outgoing-82 >> "POST /hub/session/ef37bd3e-2017-2940-a760-71d500ce28c2/element/%7B1227138d-a7e0-9a40-b8e4-1569cddb97d0%7D/click HTTP/1.1[\r][\n]"
DEBUG: org.apache.http.wire - http-outgoing-82 >> "Content-Type: application/json; charset=utf-8[\r][\n]"
DEBUG: org.apache.http.wire - http-outgoing-82 >> "Content-Length: 47[\r][\n]"
DEBUG: org.apache.http.wire - http-outgoing-82 >> "Host: 127.0.0.1:7055[\r][\n]"
DEBUG: org.apache.http.wire - http-outgoing-82 >> "Connection: Keep-Alive[\r][\n]"
DEBUG: org.apache.http.wire - http-outgoing-82 >> "User-Agent: Apache-HttpClient/4.5.2 (Java/1.7.0_79)[\r][\n]"
DEBUG: org.apache.http.wire - http-outgoing-82 >> "Accept-Encoding: gzip,deflate[\r][\n]"
DEBUG: org.apache.http.wire - http-outgoing-82 >> "[\r][\n]"
DEBUG: org.apache.http.wire - http-outgoing-82 >> "{"id":"{1227138d-a7e0-9a40-b8e4-1569cddb97d0}"}"
DEBUG: org.apache.http.wire - http-outgoing-82 << "HTTP/1.1 200 OK[\r][\n]"
DEBUG: org.apache.http.wire - http-outgoing-82 << "content-type: application/json; charset=UTF-8[\r][\n]"
DEBUG: org.apache.http.wire - http-outgoing-82 << "connection: close[\r][\n]"
DEBUG: org.apache.http.wire - http-outgoing-82 << "content-length: 98[\r][\n]"
DEBUG: org.apache.http.wire - http-outgoing-82 << "server: httpd.js[\r][\n]"
DEBUG: org.apache.http.wire - http-outgoing-82 << "date: Fri, 26 Aug 2016 09:42:50 GMT[\r][\n]"
DEBUG: org.apache.http.wire - http-outgoing-82 << "[\r][\n]"
DEBUG: org.apache.http.headers - http-outgoing-82 << HTTP/1.1 200 OK
DEBUG: org.apache.http.headers - http-outgoing-82 << content-type: application/json; charset=UTF-8
DEBUG: org.apache.http.headers - http-outgoing-82 << connection: close
DEBUG: org.apache.http.headers - http-outgoing-82 << content-length: 98
DEBUG: org.apache.http.headers - http-outgoing-82 << server: httpd.js
DEBUG: org.apache.http.headers - http-outgoing-82 << date: Fri, 26 Aug 2016 09:42:50 GMT
DEBUG: org.apache.http.wire - http-outgoing-82 << "{"name":"clickElement","sessionId":"ef37bd3e-2017-2940-a760-71d500ce28c2","status":0,"value":"ok"}"
DEBUG: org.apache.http.impl.conn.DefaultManagedHttpClientConnection - http-outgoing-82: Close connection
DEBUG: org.apache.http.impl.execchain.MainClientExec - Connection discarded
DEBUG: org.apache.http.impl.conn.PoolingHttpClientConnectionManager - Connection released: [id: 82][route: {}->http://127.0.0.1:7055][total kept alive: 0; route allocated: 0 of 2000; total allocated: 0 of 2000]
DEBUG: org.apache.http.client.protocol.RequestAddCookies - CookieSpec selected: default
DEBUG: org.apache.http.client.protocol.RequestAuthCache - Auth cache not set in the context
DEBUG: org.apache.http.impl.conn.PoolingHttpClientConnectionManager - Connection request: [route: {}->http://127.0.0.1:7055][total kept alive: 0; route allocated: 0 of 2000; total allocated: 0 of 2000]
DEBUG: org.apache.http.impl.conn.PoolingHttpClientConnectionManager - Connection leased: [id: 83][route: {}->http://127.0.0.1:7055][total kept alive: 0; route allocated: 1 of 2000; total allocated: 1 of 2000]
DEBUG: org.apache.http.impl.execchain.MainClientExec - Opening connection {}->http://127.0.0.1:7055
DEBUG: org.apache.http.impl.conn.DefaultHttpClientConnectionOperator - Connecting to /127.0.0.1:7055
DEBUG: org.apache.http.impl.conn.DefaultHttpClientConnectionOperator - Connection established 127.0.0.1:60741<->127.0.0.1:7055
DEBUG: org.apache.http.impl.conn.DefaultManagedHttpClientConnection - http-outgoing-83: set socket timeout to 10800000
DEBUG: org.apache.http.impl.execchain.MainClientExec - Executing request POST /hub/session/ef37bd3e-2017-2940-a760-71d500ce28c2/element HTTP/1.1
DEBUG: org.apache.http.impl.execchain.MainClientExec - Target auth state: UNCHALLENGED
DEBUG: org.apache.http.impl.execchain.MainClientExec - Proxy auth state: UNCHALLENGED
DEBUG: org.apache.http.headers - http-outgoing-83 >> POST /hub/session/ef37bd3e-2017-2940-a760-71d500ce28c2/element HTTP/1.1
DEBUG: org.apache.http.headers - http-outgoing-83 >> Content-Type: application/json; charset=utf-8
DEBUG: org.apache.http.headers - http-outgoing-83 >> Content-Length: 44
DEBUG: org.apache.http.headers - http-outgoing-83 >> Host: 127.0.0.1:7055
DEBUG: org.apache.http.headers - http-outgoing-83 >> Connection: Keep-Alive
DEBUG: org.apache.http.headers - http-outgoing-83 >> User-Agent: Apache-HttpClient/4.5.2 (Java/1.7.0_79)
DEBUG: org.apache.http.headers - http-outgoing-83 >> Accept-Encoding: gzip,deflate
DEBUG: org.apache.http.wire - http-outgoing-83 >> "POST /hub/session/ef37bd3e-2017-2940-a760-71d500ce28c2/element HTTP/1.1[\r][\n]"
DEBUG: org.apache.http.wire - http-outgoing-83 >> "Content-Type: application/json; charset=utf-8[\r][\n]"
DEBUG: org.apache.http.wire - http-outgoing-83 >> "Content-Length: 44[\r][\n]"
DEBUG: org.apache.http.wire - http-outgoing-83 >> "Host: 127.0.0.1:7055[\r][\n]"
DEBUG: org.apache.http.wire - http-outgoing-83 >> "Connection: Keep-Alive[\r][\n]"
DEBUG: org.apache.http.wire - http-outgoing-83 >> "User-Agent: Apache-HttpClient/4.5.2 (Java/1.7.0_79)[\r][\n]"
DEBUG: org.apache.http.wire - http-outgoing-83 >> "Accept-Encoding: gzip,deflate[\r][\n]"
DEBUG: org.apache.http.wire - http-outgoing-83 >> "[\r][\n]"
DEBUG: org.apache.http.wire - http-outgoing-83 >> "{"using":"link text","value":"User Profile"}"
DEBUG: org.apache.http.wire - http-outgoing-83 << "HTTP/1.1 200 OK[\r][\n]"
DEBUG: org.apache.http.wire - http-outgoing-83 << "content-type: application/json; charset=UTF-8[\r][\n]"
DEBUG: org.apache.http.wire - http-outgoing-83 << "connection: close[\r][\n]"
DEBUG: org.apache.http.wire - http-outgoing-83 << "content-length: 224[\r][\n]"
DEBUG: org.apache.http.wire - http-outgoing-83 << "server: httpd.js[\r][\n]"
DEBUG: org.apache.http.wire - http-outgoing-83 << "date: Fri, 26 Aug 2016 09:42:50 GMT[\r][\n]"
DEBUG: org.apache.http.wire - http-outgoing-83 << "[\r][\n]"
DEBUG: org.apache.http.headers - http-outgoing-83 << HTTP/1.1 200 OK
DEBUG: org.apache.http.headers - http-outgoing-83 << content-type: application/json; charset=UTF-8
DEBUG: org.apache.http.headers - http-outgoing-83 << connection: close
DEBUG: org.apache.http.headers - http-outgoing-83 << content-length: 224
DEBUG: org.apache.http.headers - http-outgoing-83 << server: httpd.js
DEBUG: org.apache.http.headers - http-outgoing-83 << date: Fri, 26 Aug 2016 09:42:50 GMT
DEBUG: org.apache.http.wire - http-outgoing-83 << "{"name":"findElement","sessionId":"ef37bd3e-2017-2940-a760-71d500ce28c2","status":0,"value":{"ELEMENT":"{d9d16e7f-80b9-0a49-b3ea-098da92f012d}","element-6066-11e4-a52e-4f735466cecf":"{d9d16e7f-80b9-0a49-b3ea-098da92f012d}"}}"
DEBUG: org.apache.http.impl.conn.DefaultManagedHttpClientConnection - http-outgoing-83: Close connection
DEBUG: org.apache.http.impl.execchain.MainClientExec - Connection discarded
DEBUG: org.apache.http.impl.conn.PoolingHttpClientConnectionManager - Connection released: [id: 83][route: {}->http://127.0.0.1:7055][total kept alive: 0; route allocated: 0 of 2000; total allocated: 0 of 2000]
DEBUG: org.apache.http.client.protocol.RequestAddCookies - CookieSpec selected: default
DEBUG: org.apache.http.client.protocol.RequestAuthCache - Auth cache not set in the context
DEBUG: org.apache.http.impl.conn.PoolingHttpClientConnectionManager - Connection request: [route: {}->http://127.0.0.1:7055][total kept alive: 0; route allocated: 0 of 2000; total allocated: 0 of 2000]
DEBUG: org.apache.http.impl.conn.PoolingHttpClientConnectionManager - Connection leased: [id: 84][route: {}->http://127.0.0.1:7055][total kept alive: 0; route allocated: 1 of 2000; total allocated: 1 of 2000]
DEBUG: org.apache.http.impl.execchain.MainClientExec - Opening connection {}->http://127.0.0.1:7055
DEBUG: org.apache.http.impl.conn.DefaultHttpClientConnectionOperator - Connecting to /127.0.0.1:7055
DEBUG: org.apache.http.impl.conn.DefaultHttpClientConnectionOperator - Connection established 127.0.0.1:60742<->127.0.0.1:7055
DEBUG: org.apache.http.impl.conn.DefaultManagedHttpClientConnection - http-outgoing-84: set socket timeout to 10800000
DEBUG: org.apache.http.impl.execchain.MainClientExec - Executing request POST /hub/session/ef37bd3e-2017-2940-a760-71d500ce28c2/element/%7Bd9d16e7f-80b9-0a49-b3ea-098da92f012d%7D/click HTTP/1.1
DEBUG: org.apache.http.impl.execchain.MainClientExec - Target auth state: UNCHALLENGED
DEBUG: org.apache.http.impl.execchain.MainClientExec - Proxy auth state: UNCHALLENGED
DEBUG: org.apache.http.headers - http-outgoing-84 >> POST /hub/session/ef37bd3e-2017-2940-a760-71d500ce28c2/element/%7Bd9d16e7f-80b9-0a49-b3ea-098da92f012d%7D/click HTTP/1.1
DEBUG: org.apache.http.headers - http-outgoing-84 >> Content-Type: application/json; charset=utf-8
DEBUG: org.apache.http.headers - http-outgoing-84 >> Content-Length: 47
DEBUG: org.apache.http.headers - http-outgoing-84 >> Host: 127.0.0.1:7055
DEBUG: org.apache.http.headers - http-outgoing-84 >> Connection: Keep-Alive
DEBUG: org.apache.http.headers - http-outgoing-84 >> User-Agent: Apache-HttpClient/4.5.2 (Java/1.7.0_79)
DEBUG: org.apache.http.headers - http-outgoing-84 >> Accept-Encoding: gzip,deflate
DEBUG: org.apache.http.wire - http-outgoing-84 >> "POST /hub/session/ef37bd3e-2017-2940-a760-71d500ce28c2/element/%7Bd9d16e7f-80b9-0a49-b3ea-098da92f012d%7D/click HTTP/1.1[\r][\n]"
DEBUG: org.apache.http.wire - http-outgoing-84 >> "Content-Type: application/json; charset=utf-8[\r][\n]"
DEBUG: org.apache.http.wire - http-outgoing-84 >> "Content-Length: 47[\r][\n]"
DEBUG: org.apache.http.wire - http-outgoing-84 >> "Host: 127.0.0.1:7055[\r][\n]"
DEBUG: org.apache.http.wire - http-outgoing-84 >> "Connection: Keep-Alive[\r][\n]"
DEBUG: org.apache.http.wire - http-outgoing-84 >> "User-Agent: Apache-HttpClient/4.5.2 (Java/1.7.0_79)[\r][\n]"
DEBUG: org.apache.http.wire - http-outgoing-84 >> "Accept-Encoding: gzip,deflate[\r][\n]"
DEBUG: org.apache.http.wire - http-outgoing-84 >> "[\r][\n]"
DEBUG: org.apache.http.wire - http-outgoing-84 >> "{"id":"{d9d16e7f-80b9-0a49-b3ea-098da92f012d}"}"
DEBUG: org.apache.http.wire - http-outgoing-84 << "HTTP/1.1 200 OK[\r][\n]"
DEBUG: org.apache.http.wire - http-outgoing-84 << "content-type: application/json; charset=UTF-8[\r][\n]"
DEBUG: org.apache.http.wire - http-outgoing-84 << "connection: close[\r][\n]"
DEBUG: org.apache.http.wire - http-outgoing-84 << "content-length: 98[\r][\n]"
DEBUG: org.apache.http.wire - http-outgoing-84 << "server: httpd.js[\r][\n]"
DEBUG: org.apache.http.wire - http-outgoing-84 << "date: Fri, 26 Aug 2016 09:42:50 GMT[\r][\n]"
DEBUG: org.apache.http.wire - http-outgoing-84 << "[\r][\n]"
DEBUG: org.apache.http.headers - http-outgoing-84 << HTTP/1.1 200 OK
DEBUG: org.apache.http.headers - http-outgoing-84 << content-type: application/json; charset=UTF-8
DEBUG: org.apache.http.headers - http-outgoing-84 << connection: close
DEBUG: org.apache.http.headers - http-outgoing-84 << content-length: 98
DEBUG: org.apache.http.headers - http-outgoing-84 << server: httpd.js
DEBUG: org.apache.http.headers - http-outgoing-84 << date: Fri, 26 Aug 2016 09:42:50 GMT
DEBUG: org.apache.http.wire - http-outgoing-84 << "{"name":"clickElement","sessionId":"ef37bd3e-2017-2940-a760-71d500ce28c2","status":0,"value":"ok"}"
DEBUG: org.apache.http.impl.conn.DefaultManagedHttpClientConnection - http-outgoing-84: Close connection
DEBUG: org.apache.http.impl.execchain.MainClientExec - Connection discarded
DEBUG: org.apache.http.impl.conn.PoolingHttpClientConnectionManager - Connection released: [id: 84][route: {}->http://127.0.0.1:7055][total kept alive: 0; route allocated: 0 of 2000; total allocated: 0 of 2000]
DEBUG: org.apache.http.client.protocol.RequestAddCookies - CookieSpec selected: default
DEBUG: org.apache.http.client.protocol.RequestAuthCache - Auth cache not set in the context
DEBUG: org.apache.http.impl.conn.PoolingHttpClientConnectionManager - Connection request: [route: {}->http://127.0.0.1:7055][total kept alive: 0; route allocated: 0 of 2000; total allocated: 0 of 2000]
DEBUG: org.apache.http.impl.conn.PoolingHttpClientConnectionManager - Connection leased: [id: 85][route: {}->http://127.0.0.1:7055][total kept alive: 0; route allocated: 1 of 2000; total allocated: 1 of 2000]
DEBUG: org.apache.http.impl.execchain.MainClientExec - Opening connection {}->http://127.0.0.1:7055
DEBUG: org.apache.http.impl.conn.DefaultHttpClientConnectionOperator - Connecting to /127.0.0.1:7055
DEBUG: org.apache.http.impl.conn.DefaultHttpClientConnectionOperator - Connection established 127.0.0.1:60743<->127.0.0.1:7055
DEBUG: org.apache.http.impl.conn.DefaultManagedHttpClientConnection - http-outgoing-85: set socket timeout to 10800000
DEBUG: org.apache.http.impl.execchain.MainClientExec - Executing request GET /hub/session/ef37bd3e-2017-2940-a760-71d500ce28c2/url HTTP/1.1
DEBUG: org.apache.http.impl.execchain.MainClientExec - Target auth state: UNCHALLENGED
DEBUG: org.apache.http.impl.execchain.MainClientExec - Proxy auth state: UNCHALLENGED
DEBUG: org.apache.http.headers - http-outgoing-85 >> GET /hub/session/ef37bd3e-2017-2940-a760-71d500ce28c2/url HTTP/1.1
DEBUG: org.apache.http.headers - http-outgoing-85 >> Cache-Control: no-cache
DEBUG: org.apache.http.headers - http-outgoing-85 >> Host: 127.0.0.1:7055
DEBUG: org.apache.http.headers - http-outgoing-85 >> Connection: Keep-Alive
DEBUG: org.apache.http.headers - http-outgoing-85 >> User-Agent: Apache-HttpClient/4.5.2 (Java/1.7.0_79)
DEBUG: org.apache.http.headers - http-outgoing-85 >> Accept-Encoding: gzip,deflate
DEBUG: org.apache.http.wire - http-outgoing-85 >> "GET /hub/session/ef37bd3e-2017-2940-a760-71d500ce28c2/url HTTP/1.1[\r][\n]"
DEBUG: org.apache.http.wire - http-outgoing-85 >> "Cache-Control: no-cache[\r][\n]"
DEBUG: org.apache.http.wire - http-outgoing-85 >> "Host: 127.0.0.1:7055[\r][\n]"
DEBUG: org.apache.http.wire - http-outgoing-85 >> "Connection: Keep-Alive[\r][\n]"
DEBUG: org.apache.http.wire - http-outgoing-85 >> "User-Agent: Apache-HttpClient/4.5.2 (Java/1.7.0_79)[\r][\n]"
DEBUG: org.apache.http.wire - http-outgoing-85 >> "Accept-Encoding: gzip,deflate[\r][\n]"
DEBUG: org.apache.http.wire - http-outgoing-85 >> "[\r][\n]"
DEBUG: org.apache.http.wire - http-outgoing-85 << "HTTP/1.1 200 OK[\r][\n]"
DEBUG: org.apache.http.wire - http-outgoing-85 << "content-type: application/json; charset=UTF-8[\r][\n]"
DEBUG: org.apache.http.wire - http-outgoing-85 << "connection: close[\r][\n]"
DEBUG: org.apache.http.wire - http-outgoing-85 << "content-length: 124[\r][\n]"
DEBUG: org.apache.http.wire - http-outgoing-85 << "server: httpd.js[\r][\n]"
DEBUG: org.apache.http.wire - http-outgoing-85 << "date: Fri, 26 Aug 2016 09:42:50 GMT[\r][\n]"
DEBUG: org.apache.http.wire - http-outgoing-85 << "[\r][\n]"
DEBUG: org.apache.http.headers - http-outgoing-85 << HTTP/1.1 200 OK
DEBUG: org.apache.http.headers - http-outgoing-85 << content-type: application/json; charset=UTF-8
DEBUG: org.apache.http.headers - http-outgoing-85 << connection: close
DEBUG: org.apache.http.headers - http-outgoing-85 << content-length: 124
DEBUG: org.apache.http.headers - http-outgoing-85 << server: httpd.js
DEBUG: org.apache.http.headers - http-outgoing-85 << date: Fri, 26 Aug 2016 09:42:50 GMT
DEBUG: org.apache.http.wire - http-outgoing-85 << "{"name":"getCurrentUrl","sessionId":"ef37bd3e-2017-2940-a760-71d500ce28c2","status":0,"value":"http://localhost:8080/login"}"
DEBUG: org.apache.http.impl.conn.DefaultManagedHttpClientConnection - http-outgoing-85: Close connection
DEBUG: org.apache.http.impl.execchain.MainClientExec - Connection discarded
DEBUG: org.apache.http.impl.conn.PoolingHttpClientConnectionManager - Connection released: [id: 85][route: {}->http://127.0.0.1:7055][total kept alive: 0; route allocated: 0 of 2000; total allocated: 0 of 2000]
DEBUG: org.apache.http.client.protocol.RequestAddCookies - CookieSpec selected: default
DEBUG: org.apache.http.client.protocol.RequestAuthCache - Auth cache not set in the context
DEBUG: org.apache.http.impl.conn.PoolingHttpClientConnectionManager - Connection request: [route: {}->http://127.0.0.1:7055][total kept alive: 0; route allocated: 0 of 2000; total allocated: 0 of 2000]
DEBUG: org.apache.http.impl.conn.PoolingHttpClientConnectionManager - Connection leased: [id: 86][route: {}->http://127.0.0.1:7055][total kept alive: 0; route allocated: 1 of 2000; total allocated: 1 of 2000]
DEBUG: org.apache.http.impl.execchain.MainClientExec - Opening connection {}->http://127.0.0.1:7055
DEBUG: org.apache.http.impl.conn.DefaultHttpClientConnectionOperator - Connecting to /127.0.0.1:7055
DEBUG: org.apache.http.impl.conn.DefaultHttpClientConnectionOperator - Connection established 127.0.0.1:60744<->127.0.0.1:7055
DEBUG: org.apache.http.impl.conn.DefaultManagedHttpClientConnection - http-outgoing-86: set socket timeout to 10800000
DEBUG: org.apache.http.impl.execchain.MainClientExec - Executing request POST /hub/session/ef37bd3e-2017-2940-a760-71d500ce28c2/url HTTP/1.1
DEBUG: org.apache.http.impl.execchain.MainClientExec - Target auth state: UNCHALLENGED
DEBUG: org.apache.http.impl.execchain.MainClientExec - Proxy auth state: UNCHALLENGED
DEBUG: org.apache.http.headers - http-outgoing-86 >> POST /hub/session/ef37bd3e-2017-2940-a760-71d500ce28c2/url HTTP/1.1
DEBUG: org.apache.http.headers - http-outgoing-86 >> Content-Type: application/json; charset=utf-8
DEBUG: org.apache.http.headers - http-outgoing-86 >> Content-Length: 37
DEBUG: org.apache.http.headers - http-outgoing-86 >> Host: 127.0.0.1:7055
DEBUG: org.apache.http.headers - http-outgoing-86 >> Connection: Keep-Alive
DEBUG: org.apache.http.headers - http-outgoing-86 >> User-Agent: Apache-HttpClient/4.5.2 (Java/1.7.0_79)
DEBUG: org.apache.http.headers - http-outgoing-86 >> Accept-Encoding: gzip,deflate
DEBUG: org.apache.http.wire - http-outgoing-86 >> "POST /hub/session/ef37bd3e-2017-2940-a760-71d500ce28c2/url HTTP/1.1[\r][\n]"
DEBUG: org.apache.http.wire - http-outgoing-86 >> "Content-Type: application/json; charset=utf-8[\r][\n]"
DEBUG: org.apache.http.wire - http-outgoing-86 >> "Content-Length: 37[\r][\n]"
DEBUG: org.apache.http.wire - http-outgoing-86 >> "Host: 127.0.0.1:7055[\r][\n]"
DEBUG: org.apache.http.wire - http-outgoing-86 >> "Connection: Keep-Alive[\r][\n]"
DEBUG: org.apache.http.wire - http-outgoing-86 >> "User-Agent: Apache-HttpClient/4.5.2 (Java/1.7.0_79)[\r][\n]"
DEBUG: org.apache.http.wire - http-outgoing-86 >> "Accept-Encoding: gzip,deflate[\r][\n]"
DEBUG: org.apache.http.wire - http-outgoing-86 >> "[\r][\n]"
DEBUG: org.apache.http.wire - http-outgoing-86 >> "{"url":"http://localhost:8080/login"}"
DEBUG: org.apache.http.wire - http-outgoing-86 << "HTTP/1.1 200 OK[\r][\n]"
DEBUG: org.apache.http.wire - http-outgoing-86 << "content-type: application/json; charset=UTF-8[\r][\n]"
DEBUG: org.apache.http.wire - http-outgoing-86 << "connection: close[\r][\n]"
DEBUG: org.apache.http.wire - http-outgoing-86 << "content-length: 87[\r][\n]"
DEBUG: org.apache.http.wire - http-outgoing-86 << "server: httpd.js[\r][\n]"
DEBUG: org.apache.http.wire - http-outgoing-86 << "date: Fri, 26 Aug 2016 09:42:50 GMT[\r][\n]"
DEBUG: org.apache.http.wire - http-outgoing-86 << "[\r][\n]"
DEBUG: org.apache.http.headers - http-outgoing-86 << HTTP/1.1 200 OK
DEBUG: org.apache.http.headers - http-outgoing-86 << content-type: application/json; charset=UTF-8
DEBUG: org.apache.http.headers - http-outgoing-86 << connection: close
DEBUG: org.apache.http.headers - http-outgoing-86 << content-length: 87
DEBUG: org.apache.http.headers - http-outgoing-86 << server: httpd.js
DEBUG: org.apache.http.headers - http-outgoing-86 << date: Fri, 26 Aug 2016 09:42:50 GMT
DEBUG: org.apache.http.wire - http-outgoing-86 << "{"name":"get","sessionId":"ef37bd3e-2017-2940-a760-71d500ce28c2","status":0,"value":""}"
DEBUG: org.apache.http.impl.conn.DefaultManagedHttpClientConnection - http-outgoing-86: Close connection
DEBUG: org.apache.http.impl.execchain.MainClientExec - Connection discarded
DEBUG: org.apache.http.impl.conn.PoolingHttpClientConnectionManager - Connection released: [id: 86][route: {}->http://127.0.0.1:7055][total kept alive: 0; route allocated: 0 of 2000; total allocated: 0 of 2000]
DEBUG: org.apache.http.client.protocol.RequestAddCookies - CookieSpec selected: default
DEBUG: org.apache.http.client.protocol.RequestAuthCache - Auth cache not set in the context
DEBUG: org.apache.http.impl.conn.PoolingHttpClientConnectionManager - Connection request: [route: {}->http://127.0.0.1:7055][total kept alive: 0; route allocated: 0 of 2000; total allocated: 0 of 2000]
DEBUG: org.apache.http.impl.conn.PoolingHttpClientConnectionManager - Connection leased: [id: 87][route: {}->http://127.0.0.1:7055][total kept alive: 0; route allocated: 1 of 2000; total allocated: 1 of 2000]
DEBUG: org.apache.http.impl.execchain.MainClientExec - Opening connection {}->http://127.0.0.1:7055
DEBUG: org.apache.http.impl.conn.DefaultHttpClientConnectionOperator - Connecting to /127.0.0.1:7055
DEBUG: org.apache.http.impl.conn.DefaultHttpClientConnectionOperator - Connection established 127.0.0.1:60745<->127.0.0.1:7055
DEBUG: org.apache.http.impl.conn.DefaultManagedHttpClientConnection - http-outgoing-87: set socket timeout to 10800000
DEBUG: org.apache.http.impl.execchain.MainClientExec - Executing request POST /hub/session/ef37bd3e-2017-2940-a760-71d500ce28c2/element HTTP/1.1
DEBUG: org.apache.http.impl.execchain.MainClientExec - Target auth state: UNCHALLENGED
DEBUG: org.apache.http.impl.execchain.MainClientExec - Proxy auth state: UNCHALLENGED
DEBUG: org.apache.http.headers - http-outgoing-87 >> POST /hub/session/ef37bd3e-2017-2940-a760-71d500ce28c2/element HTTP/1.1
DEBUG: org.apache.http.headers - http-outgoing-87 >> Content-Type: application/json; charset=utf-8
DEBUG: org.apache.http.headers - http-outgoing-87 >> Content-Length: 37
DEBUG: org.apache.http.headers - http-outgoing-87 >> Host: 127.0.0.1:7055
DEBUG: org.apache.http.headers - http-outgoing-87 >> Connection: Keep-Alive
DEBUG: org.apache.http.headers - http-outgoing-87 >> User-Agent: Apache-HttpClient/4.5.2 (Java/1.7.0_79)
DEBUG: org.apache.http.headers - http-outgoing-87 >> Accept-Encoding: gzip,deflate
DEBUG: org.apache.http.wire - http-outgoing-87 >> "POST /hub/session/ef37bd3e-2017-2940-a760-71d500ce28c2/element HTTP/1.1[\r][\n]"
DEBUG: org.apache.http.wire - http-outgoing-87 >> "Content-Type: application/json; charset=utf-8[\r][\n]"
DEBUG: org.apache.http.wire - http-outgoing-87 >> "Content-Length: 37[\r][\n]"
DEBUG: org.apache.http.wire - http-outgoing-87 >> "Host: 127.0.0.1:7055[\r][\n]"
DEBUG: org.apache.http.wire - http-outgoing-87 >> "Connection: Keep-Alive[\r][\n]"
DEBUG: org.apache.http.wire - http-outgoing-87 >> "User-Agent: Apache-HttpClient/4.5.2 (Java/1.7.0_79)[\r][\n]"
DEBUG: org.apache.http.wire - http-outgoing-87 >> "Accept-Encoding: gzip,deflate[\r][\n]"
DEBUG: org.apache.http.wire - http-outgoing-87 >> "[\r][\n]"
DEBUG: org.apache.http.wire - http-outgoing-87 >> "{"using":"name","value":"j_username"}"
DEBUG: org.apache.http.wire - http-outgoing-87 << "HTTP/1.1 200 OK[\r][\n]"
DEBUG: org.apache.http.wire - http-outgoing-87 << "content-type: application/json; charset=UTF-8[\r][\n]"
DEBUG: org.apache.http.wire - http-outgoing-87 << "connection: close[\r][\n]"
DEBUG: org.apache.http.wire - http-outgoing-87 << "content-length: 224[\r][\n]"
DEBUG: org.apache.http.wire - http-outgoing-87 << "server: httpd.js[\r][\n]"
DEBUG: org.apache.http.wire - http-outgoing-87 << "date: Fri, 26 Aug 2016 09:42:50 GMT[\r][\n]"
DEBUG: org.apache.http.wire - http-outgoing-87 << "[\r][\n]"
DEBUG: org.apache.http.headers - http-outgoing-87 << HTTP/1.1 200 OK
DEBUG: org.apache.http.headers - http-outgoing-87 << content-type: application/json; charset=UTF-8
DEBUG: org.apache.http.headers - http-outgoing-87 << connection: close
DEBUG: org.apache.http.headers - http-outgoing-87 << content-length: 224
DEBUG: org.apache.http.headers - http-outgoing-87 << server: httpd.js
DEBUG: org.apache.http.headers - http-outgoing-87 << date: Fri, 26 Aug 2016 09:42:50 GMT
DEBUG: org.apache.http.wire - http-outgoing-87 << "{"name":"findElement","sessionId":"ef37bd3e-2017-2940-a760-71d500ce28c2","status":0,"value":{"ELEMENT":"{63b08f53-101c-6448-bad1-3bf817352870}","element-6066-11e4-a52e-4f735466cecf":"{63b08f53-101c-6448-bad1-3bf817352870}"}}"
DEBUG: org.apache.http.impl.conn.DefaultManagedHttpClientConnection - http-outgoing-87: Close connection
DEBUG: org.apache.http.impl.execchain.MainClientExec - Connection discarded
DEBUG: org.apache.http.impl.conn.PoolingHttpClientConnectionManager - Connection released: [id: 87][route: {}->http://127.0.0.1:7055][total kept alive: 0; route allocated: 0 of 2000; total allocated: 0 of 2000]
DEBUG: org.apache.http.client.protocol.RequestAddCookies - CookieSpec selected: default
DEBUG: org.apache.http.client.protocol.RequestAuthCache - Auth cache not set in the context
DEBUG: org.apache.http.impl.conn.PoolingHttpClientConnectionManager - Connection request: [route: {}->http://127.0.0.1:7055][total kept alive: 0; route allocated: 0 of 2000; total allocated: 0 of 2000]
DEBUG: org.apache.http.impl.conn.PoolingHttpClientConnectionManager - Connection leased: [id: 88][route: {}->http://127.0.0.1:7055][total kept alive: 0; route allocated: 1 of 2000; total allocated: 1 of 2000]
DEBUG: org.apache.http.impl.execchain.MainClientExec - Opening connection {}->http://127.0.0.1:7055
DEBUG: org.apache.http.impl.conn.DefaultHttpClientConnectionOperator - Connecting to /127.0.0.1:7055
DEBUG: org.apache.http.impl.conn.DefaultHttpClientConnectionOperator - Connection established 127.0.0.1:60746<->127.0.0.1:7055
DEBUG: org.apache.http.impl.conn.DefaultManagedHttpClientConnection - http-outgoing-88: set socket timeout to 10800000
DEBUG: org.apache.http.impl.execchain.MainClientExec - Executing request POST /hub/session/ef37bd3e-2017-2940-a760-71d500ce28c2/element HTTP/1.1
DEBUG: org.apache.http.impl.execchain.MainClientExec - Target auth state: UNCHALLENGED
DEBUG: org.apache.http.impl.execchain.MainClientExec - Proxy auth state: UNCHALLENGED
DEBUG: org.apache.http.headers - http-outgoing-88 >> POST /hub/session/ef37bd3e-2017-2940-a760-71d500ce28c2/element HTTP/1.1
DEBUG: org.apache.http.headers - http-outgoing-88 >> Content-Type: application/json; charset=utf-8
DEBUG: org.apache.http.headers - http-outgoing-88 >> Content-Length: 37
DEBUG: org.apache.http.headers - http-outgoing-88 >> Host: 127.0.0.1:7055
DEBUG: org.apache.http.headers - http-outgoing-88 >> Connection: Keep-Alive
DEBUG: org.apache.http.headers - http-outgoing-88 >> User-Agent: Apache-HttpClient/4.5.2 (Java/1.7.0_79)
DEBUG: org.apache.http.headers - http-outgoing-88 >> Accept-Encoding: gzip,deflate
DEBUG: org.apache.http.wire - http-outgoing-88 >> "POST /hub/session/ef37bd3e-2017-2940-a760-71d500ce28c2/element HTTP/1.1[\r][\n]"
DEBUG: org.apache.http.wire - http-outgoing-88 >> "Content-Type: application/json; charset=utf-8[\r][\n]"
DEBUG: org.apache.http.wire - http-outgoing-88 >> "Content-Length: 37[\r][\n]"
DEBUG: org.apache.http.wire - http-outgoing-88 >> "Host: 127.0.0.1:7055[\r][\n]"
DEBUG: org.apache.http.wire - http-outgoing-88 >> "Connection: Keep-Alive[\r][\n]"
DEBUG: org.apache.http.wire - http-outgoing-88 >> "User-Agent: Apache-HttpClient/4.5.2 (Java/1.7.0_79)[\r][\n]"
DEBUG: org.apache.http.wire - http-outgoing-88 >> "Accept-Encoding: gzip,deflate[\r][\n]"
DEBUG: org.apache.http.wire - http-outgoing-88 >> "[\r][\n]"
DEBUG: org.apache.http.wire - http-outgoing-88 >> "{"using":"name","value":"j_username"}"
DEBUG: org.apache.http.wire - http-outgoing-88 << "HTTP/1.1 200 OK[\r][\n]"
DEBUG: org.apache.http.wire - http-outgoing-88 << "content-type: application/json; charset=UTF-8[\r][\n]"
DEBUG: org.apache.http.wire - http-outgoing-88 << "connection: close[\r][\n]"
DEBUG: org.apache.http.wire - http-outgoing-88 << "content-length: 224[\r][\n]"
DEBUG: org.apache.http.wire - http-outgoing-88 << "server: httpd.js[\r][\n]"
DEBUG: org.apache.http.wire - http-outgoing-88 << "date: Fri, 26 Aug 2016 09:42:50 GMT[\r][\n]"
DEBUG: org.apache.http.wire - http-outgoing-88 << "[\r][\n]"
DEBUG: org.apache.http.headers - http-outgoing-88 << HTTP/1.1 200 OK
DEBUG: org.apache.http.headers - http-outgoing-88 << content-type: application/json; charset=UTF-8
DEBUG: org.apache.http.headers - http-outgoing-88 << connection: close
DEBUG: org.apache.http.headers - http-outgoing-88 << content-length: 224
DEBUG: org.apache.http.headers - http-outgoing-88 << server: httpd.js
DEBUG: org.apache.http.headers - http-outgoing-88 << date: Fri, 26 Aug 2016 09:42:50 GMT
DEBUG: org.apache.http.wire - http-outgoing-88 << "{"name":"findElement","sessionId":"ef37bd3e-2017-2940-a760-71d500ce28c2","status":0,"value":{"ELEMENT":"{63b08f53-101c-6448-bad1-3bf817352870}","element-6066-11e4-a52e-4f735466cecf":"{63b08f53-101c-6448-bad1-3bf817352870}"}}"
DEBUG: org.apache.http.impl.conn.DefaultManagedHttpClientConnection - http-outgoing-88: Close connection
DEBUG: org.apache.http.impl.execchain.MainClientExec - Connection discarded
DEBUG: org.apache.http.impl.conn.PoolingHttpClientConnectionManager - Connection released: [id: 88][route: {}->http://127.0.0.1:7055][total kept alive: 0; route allocated: 0 of 2000; total allocated: 0 of 2000]
DEBUG: org.apache.http.client.protocol.RequestAddCookies - CookieSpec selected: default
DEBUG: org.apache.http.client.protocol.RequestAuthCache - Auth cache not set in the context
DEBUG: org.apache.http.impl.conn.PoolingHttpClientConnectionManager - Connection request: [route: {}->http://127.0.0.1:7055][total kept alive: 0; route allocated: 0 of 2000; total allocated: 0 of 2000]
DEBUG: org.apache.http.impl.conn.PoolingHttpClientConnectionManager - Connection leased: [id: 89][route: {}->http://127.0.0.1:7055][total kept alive: 0; route allocated: 1 of 2000; total allocated: 1 of 2000]
DEBUG: org.apache.http.impl.execchain.MainClientExec - Opening connection {}->http://127.0.0.1:7055
DEBUG: org.apache.http.impl.conn.DefaultHttpClientConnectionOperator - Connecting to /127.0.0.1:7055
DEBUG: org.apache.http.impl.conn.DefaultHttpClientConnectionOperator - Connection established 127.0.0.1:60747<->127.0.0.1:7055
DEBUG: org.apache.http.impl.conn.DefaultManagedHttpClientConnection - http-outgoing-89: set socket timeout to 10800000
DEBUG: org.apache.http.impl.execchain.MainClientExec - Executing request POST /hub/session/ef37bd3e-2017-2940-a760-71d500ce28c2/element/%7B63b08f53-101c-6448-bad1-3bf817352870%7D/value HTTP/1.1
DEBUG: org.apache.http.impl.execchain.MainClientExec - Target auth state: UNCHALLENGED
DEBUG: org.apache.http.impl.execchain.MainClientExec - Proxy auth state: UNCHALLENGED
DEBUG: org.apache.http.headers - http-outgoing-89 >> POST /hub/session/ef37bd3e-2017-2940-a760-71d500ce28c2/element/%7B63b08f53-101c-6448-bad1-3bf817352870%7D/value HTTP/1.1
DEBUG: org.apache.http.headers - http-outgoing-89 >> Content-Type: application/json; charset=utf-8
DEBUG: org.apache.http.headers - http-outgoing-89 >> Content-Length: 70
DEBUG: org.apache.http.headers - http-outgoing-89 >> Host: 127.0.0.1:7055
DEBUG: org.apache.http.headers - http-outgoing-89 >> Connection: Keep-Alive
DEBUG: org.apache.http.headers - http-outgoing-89 >> User-Agent: Apache-HttpClient/4.5.2 (Java/1.7.0_79)
DEBUG: org.apache.http.headers - http-outgoing-89 >> Accept-Encoding: gzip,deflate
DEBUG: org.apache.http.wire - http-outgoing-89 >> "POST /hub/session/ef37bd3e-2017-2940-a760-71d500ce28c2/element/%7B63b08f53-101c-6448-bad1-3bf817352870%7D/value HTTP/1.1[\r][\n]"
DEBUG: org.apache.http.wire - http-outgoing-89 >> "Content-Type: application/json; charset=utf-8[\r][\n]"
DEBUG: org.apache.http.wire - http-outgoing-89 >> "Content-Length: 70[\r][\n]"
DEBUG: org.apache.http.wire - http-outgoing-89 >> "Host: 127.0.0.1:7055[\r][\n]"
DEBUG: org.apache.http.wire - http-outgoing-89 >> "Connection: Keep-Alive[\r][\n]"
DEBUG: org.apache.http.wire - http-outgoing-89 >> "User-Agent: Apache-HttpClient/4.5.2 (Java/1.7.0_79)[\r][\n]"
DEBUG: org.apache.http.wire - http-outgoing-89 >> "Accept-Encoding: gzip,deflate[\r][\n]"
DEBUG: org.apache.http.wire - http-outgoing-89 >> "[\r][\n]"
DEBUG: org.apache.http.wire - http-outgoing-89 >> "{"id":"{63b08f53-101c-6448-bad1-3bf817352870}","value":["Hugo Huser"]}"
DEBUG: org.apache.http.wire - http-outgoing-89 << "HTTP/1.1 200 OK[\r][\n]"
DEBUG: org.apache.http.wire - http-outgoing-89 << "content-type: application/json; charset=UTF-8[\r][\n]"
DEBUG: org.apache.http.wire - http-outgoing-89 << "connection: close[\r][\n]"
DEBUG: org.apache.http.wire - http-outgoing-89 << "content-length: 101[\r][\n]"
DEBUG: org.apache.http.wire - http-outgoing-89 << "server: httpd.js[\r][\n]"
DEBUG: org.apache.http.wire - http-outgoing-89 << "date: Fri, 26 Aug 2016 09:42:50 GMT[\r][\n]"
DEBUG: org.apache.http.wire - http-outgoing-89 << "[\r][\n]"
DEBUG: org.apache.http.headers - http-outgoing-89 << HTTP/1.1 200 OK
DEBUG: org.apache.http.headers - http-outgoing-89 << content-type: application/json; charset=UTF-8
DEBUG: org.apache.http.headers - http-outgoing-89 << connection: close
DEBUG: org.apache.http.headers - http-outgoing-89 << content-length: 101
DEBUG: org.apache.http.headers - http-outgoing-89 << server: httpd.js
DEBUG: org.apache.http.headers - http-outgoing-89 << date: Fri, 26 Aug 2016 09:42:50 GMT
DEBUG: org.apache.http.wire - http-outgoing-89 << "{"name":"sendKeysToElement","sessionId":"ef37bd3e-2017-2940-a760-71d500ce28c2","status":0,"value":""}"
DEBUG: org.apache.http.impl.conn.DefaultManagedHttpClientConnection - http-outgoing-89: Close connection
DEBUG: org.apache.http.impl.execchain.MainClientExec - Connection discarded
DEBUG: org.apache.http.impl.conn.PoolingHttpClientConnectionManager - Connection released: [id: 89][route: {}->http://127.0.0.1:7055][total kept alive: 0; route allocated: 0 of 2000; total allocated: 0 of 2000]
DEBUG: org.apache.http.client.protocol.RequestAddCookies - CookieSpec selected: default
DEBUG: org.apache.http.client.protocol.RequestAuthCache - Auth cache not set in the context
DEBUG: org.apache.http.impl.conn.PoolingHttpClientConnectionManager - Connection request: [route: {}->http://127.0.0.1:7055][total kept alive: 0; route allocated: 0 of 2000; total allocated: 0 of 2000]
DEBUG: org.apache.http.impl.conn.PoolingHttpClientConnectionManager - Connection leased: [id: 90][route: {}->http://127.0.0.1:7055][total kept alive: 0; route allocated: 1 of 2000; total allocated: 1 of 2000]
DEBUG: org.apache.http.impl.execchain.MainClientExec - Opening connection {}->http://127.0.0.1:7055
DEBUG: org.apache.http.impl.conn.DefaultHttpClientConnectionOperator - Connecting to /127.0.0.1:7055
DEBUG: org.apache.http.impl.conn.DefaultHttpClientConnectionOperator - Connection established 127.0.0.1:60748<->127.0.0.1:7055
DEBUG: org.apache.http.impl.conn.DefaultManagedHttpClientConnection - http-outgoing-90: set socket timeout to 10800000
DEBUG: org.apache.http.impl.execchain.MainClientExec - Executing request POST /hub/session/ef37bd3e-2017-2940-a760-71d500ce28c2/element HTTP/1.1
DEBUG: org.apache.http.impl.execchain.MainClientExec - Target auth state: UNCHALLENGED
DEBUG: org.apache.http.impl.execchain.MainClientExec - Proxy auth state: UNCHALLENGED
DEBUG: org.apache.http.headers - http-outgoing-90 >> POST /hub/session/ef37bd3e-2017-2940-a760-71d500ce28c2/element HTTP/1.1
DEBUG: org.apache.http.headers - http-outgoing-90 >> Content-Type: application/json; charset=utf-8
DEBUG: org.apache.http.headers - http-outgoing-90 >> Content-Length: 37
DEBUG: org.apache.http.headers - http-outgoing-90 >> Host: 127.0.0.1:7055
DEBUG: org.apache.http.headers - http-outgoing-90 >> Connection: Keep-Alive
DEBUG: org.apache.http.headers - http-outgoing-90 >> User-Agent: Apache-HttpClient/4.5.2 (Java/1.7.0_79)
DEBUG: org.apache.http.headers - http-outgoing-90 >> Accept-Encoding: gzip,deflate
DEBUG: org.apache.http.wire - http-outgoing-90 >> "POST /hub/session/ef37bd3e-2017-2940-a760-71d500ce28c2/element HTTP/1.1[\r][\n]"
DEBUG: org.apache.http.wire - http-outgoing-90 >> "Content-Type: application/json; charset=utf-8[\r][\n]"
DEBUG: org.apache.http.wire - http-outgoing-90 >> "Content-Length: 37[\r][\n]"
DEBUG: org.apache.http.wire - http-outgoing-90 >> "Host: 127.0.0.1:7055[\r][\n]"
DEBUG: org.apache.http.wire - http-outgoing-90 >> "Connection: Keep-Alive[\r][\n]"
DEBUG: org.apache.http.wire - http-outgoing-90 >> "User-Agent: Apache-HttpClient/4.5.2 (Java/1.7.0_79)[\r][\n]"
DEBUG: org.apache.http.wire - http-outgoing-90 >> "Accept-Encoding: gzip,deflate[\r][\n]"
DEBUG: org.apache.http.wire - http-outgoing-90 >> "[\r][\n]"
DEBUG: org.apache.http.wire - http-outgoing-90 >> "{"using":"name","value":"j_password"}"
DEBUG: org.apache.http.wire - http-outgoing-90 << "HTTP/1.1 200 OK[\r][\n]"
DEBUG: org.apache.http.wire - http-outgoing-90 << "content-type: application/json; charset=UTF-8[\r][\n]"
DEBUG: org.apache.http.wire - http-outgoing-90 << "connection: close[\r][\n]"
DEBUG: org.apache.http.wire - http-outgoing-90 << "content-length: 224[\r][\n]"
DEBUG: org.apache.http.wire - http-outgoing-90 << "server: httpd.js[\r][\n]"
DEBUG: org.apache.http.wire - http-outgoing-90 << "date: Fri, 26 Aug 2016 09:42:50 GMT[\r][\n]"
DEBUG: org.apache.http.wire - http-outgoing-90 << "[\r][\n]"
DEBUG: org.apache.http.headers - http-outgoing-90 << HTTP/1.1 200 OK
DEBUG: org.apache.http.headers - http-outgoing-90 << content-type: application/json; charset=UTF-8
DEBUG: org.apache.http.headers - http-outgoing-90 << connection: close
DEBUG: org.apache.http.headers - http-outgoing-90 << content-length: 224
DEBUG: org.apache.http.headers - http-outgoing-90 << server: httpd.js
DEBUG: org.apache.http.headers - http-outgoing-90 << date: Fri, 26 Aug 2016 09:42:50 GMT
DEBUG: org.apache.http.wire - http-outgoing-90 << "{"name":"findElement","sessionId":"ef37bd3e-2017-2940-a760-71d500ce28c2","status":0,"value":{"ELEMENT":"{d06ebfe3-6675-dc40-a3a2-f20be6c5c778}","element-6066-11e4-a52e-4f735466cecf":"{d06ebfe3-6675-dc40-a3a2-f20be6c5c778}"}}"
DEBUG: org.apache.http.impl.conn.DefaultManagedHttpClientConnection - http-outgoing-90: Close connection
DEBUG: org.apache.http.impl.execchain.MainClientExec - Connection discarded
DEBUG: org.apache.http.impl.conn.PoolingHttpClientConnectionManager - Connection released: [id: 90][route: {}->http://127.0.0.1:7055][total kept alive: 0; route allocated: 0 of 2000; total allocated: 0 of 2000]
DEBUG: org.apache.http.client.protocol.RequestAddCookies - CookieSpec selected: default
DEBUG: org.apache.http.client.protocol.RequestAuthCache - Auth cache not set in the context
DEBUG: org.apache.http.impl.conn.PoolingHttpClientConnectionManager - Connection request: [route: {}->http://127.0.0.1:7055][total kept alive: 0; route allocated: 0 of 2000; total allocated: 0 of 2000]
DEBUG: org.apache.http.impl.conn.PoolingHttpClientConnectionManager - Connection leased: [id: 91][route: {}->http://127.0.0.1:7055][total kept alive: 0; route allocated: 1 of 2000; total allocated: 1 of 2000]
DEBUG: org.apache.http.impl.execchain.MainClientExec - Opening connection {}->http://127.0.0.1:7055
DEBUG: org.apache.http.impl.conn.DefaultHttpClientConnectionOperator - Connecting to /127.0.0.1:7055
DEBUG: org.apache.http.impl.conn.DefaultHttpClientConnectionOperator - Connection established 127.0.0.1:60749<->127.0.0.1:7055
DEBUG: org.apache.http.impl.conn.DefaultManagedHttpClientConnection - http-outgoing-91: set socket timeout to 10800000
DEBUG: org.apache.http.impl.execchain.MainClientExec - Executing request POST /hub/session/ef37bd3e-2017-2940-a760-71d500ce28c2/element/%7Bd06ebfe3-6675-dc40-a3a2-f20be6c5c778%7D/value HTTP/1.1
DEBUG: org.apache.http.impl.execchain.MainClientExec - Target auth state: UNCHALLENGED
DEBUG: org.apache.http.impl.execchain.MainClientExec - Proxy auth state: UNCHALLENGED
DEBUG: org.apache.http.headers - http-outgoing-91 >> POST /hub/session/ef37bd3e-2017-2940-a760-71d500ce28c2/element/%7Bd06ebfe3-6675-dc40-a3a2-f20be6c5c778%7D/value HTTP/1.1
DEBUG: org.apache.http.headers - http-outgoing-91 >> Content-Type: application/json; charset=utf-8
DEBUG: org.apache.http.headers - http-outgoing-91 >> Content-Length: 66
DEBUG: org.apache.http.headers - http-outgoing-91 >> Host: 127.0.0.1:7055
DEBUG: org.apache.http.headers - http-outgoing-91 >> Connection: Keep-Alive
DEBUG: org.apache.http.headers - http-outgoing-91 >> User-Agent: Apache-HttpClient/4.5.2 (Java/1.7.0_79)
DEBUG: org.apache.http.headers - http-outgoing-91 >> Accept-Encoding: gzip,deflate
DEBUG: org.apache.http.wire - http-outgoing-91 >> "POST /hub/session/ef37bd3e-2017-2940-a760-71d500ce28c2/element/%7Bd06ebfe3-6675-dc40-a3a2-f20be6c5c778%7D/value HTTP/1.1[\r][\n]"
DEBUG: org.apache.http.wire - http-outgoing-91 >> "Content-Type: application/json; charset=utf-8[\r][\n]"
DEBUG: org.apache.http.wire - http-outgoing-91 >> "Content-Length: 66[\r][\n]"
DEBUG: org.apache.http.wire - http-outgoing-91 >> "Host: 127.0.0.1:7055[\r][\n]"
DEBUG: org.apache.http.wire - http-outgoing-91 >> "Connection: Keep-Alive[\r][\n]"
DEBUG: org.apache.http.wire - http-outgoing-91 >> "User-Agent: Apache-HttpClient/4.5.2 (Java/1.7.0_79)[\r][\n]"
DEBUG: org.apache.http.wire - http-outgoing-91 >> "Accept-Encoding: gzip,deflate[\r][\n]"
DEBUG: org.apache.http.wire - http-outgoing-91 >> "[\r][\n]"
DEBUG: org.apache.http.wire - http-outgoing-91 >> "{"id":"{d06ebfe3-6675-dc40-a3a2-f20be6c5c778}","value":["secret"]}"
DEBUG: org.apache.http.wire - http-outgoing-91 << "HTTP/1.1 200 OK[\r][\n]"
DEBUG: org.apache.http.wire - http-outgoing-91 << "content-type: application/json; charset=UTF-8[\r][\n]"
DEBUG: org.apache.http.wire - http-outgoing-91 << "connection: close[\r][\n]"
DEBUG: org.apache.http.wire - http-outgoing-91 << "content-length: 101[\r][\n]"
DEBUG: org.apache.http.wire - http-outgoing-91 << "server: httpd.js[\r][\n]"
DEBUG: org.apache.http.wire - http-outgoing-91 << "date: Fri, 26 Aug 2016 09:42:50 GMT[\r][\n]"
DEBUG: org.apache.http.wire - http-outgoing-91 << "[\r][\n]"
DEBUG: org.apache.http.headers - http-outgoing-91 << HTTP/1.1 200 OK
DEBUG: org.apache.http.headers - http-outgoing-91 << content-type: application/json; charset=UTF-8
DEBUG: org.apache.http.headers - http-outgoing-91 << connection: close
DEBUG: org.apache.http.headers - http-outgoing-91 << content-length: 101
DEBUG: org.apache.http.headers - http-outgoing-91 << server: httpd.js
DEBUG: org.apache.http.headers - http-outgoing-91 << date: Fri, 26 Aug 2016 09:42:50 GMT
DEBUG: org.apache.http.wire - http-outgoing-91 << "{"name":"sendKeysToElement","sessionId":"ef37bd3e-2017-2940-a760-71d500ce28c2","status":0,"value":""}"
DEBUG: org.apache.http.impl.conn.DefaultManagedHttpClientConnection - http-outgoing-91: Close connection
DEBUG: org.apache.http.impl.execchain.MainClientExec - Connection discarded
DEBUG: org.apache.http.impl.conn.PoolingHttpClientConnectionManager - Connection released: [id: 91][route: {}->http://127.0.0.1:7055][total kept alive: 0; route allocated: 0 of 2000; total allocated: 0 of 2000]
DEBUG: org.apache.http.client.protocol.RequestAddCookies - CookieSpec selected: default
DEBUG: org.apache.http.client.protocol.RequestAuthCache - Auth cache not set in the context
DEBUG: org.apache.http.impl.conn.PoolingHttpClientConnectionManager - Connection request: [route: {}->http://127.0.0.1:7055][total kept alive: 0; route allocated: 0 of 2000; total allocated: 0 of 2000]
DEBUG: org.apache.http.impl.conn.PoolingHttpClientConnectionManager - Connection leased: [id: 92][route: {}->http://127.0.0.1:7055][total kept alive: 0; route allocated: 1 of 2000; total allocated: 1 of 2000]
DEBUG: org.apache.http.impl.execchain.MainClientExec - Opening connection {}->http://127.0.0.1:7055
DEBUG: org.apache.http.impl.conn.DefaultHttpClientConnectionOperator - Connecting to /127.0.0.1:7055
DEBUG: org.apache.http.impl.conn.DefaultHttpClientConnectionOperator - Connection established 127.0.0.1:60750<->127.0.0.1:7055
DEBUG: org.apache.http.impl.conn.DefaultManagedHttpClientConnection - http-outgoing-92: set socket timeout to 10800000
DEBUG: org.apache.http.impl.execchain.MainClientExec - Executing request POST /hub/session/ef37bd3e-2017-2940-a760-71d500ce28c2/element HTTP/1.1
DEBUG: org.apache.http.impl.execchain.MainClientExec - Target auth state: UNCHALLENGED
DEBUG: org.apache.http.impl.execchain.MainClientExec - Proxy auth state: UNCHALLENGED
DEBUG: org.apache.http.headers - http-outgoing-92 >> POST /hub/session/ef37bd3e-2017-2940-a760-71d500ce28c2/element HTTP/1.1
DEBUG: org.apache.http.headers - http-outgoing-92 >> Content-Type: application/json; charset=utf-8
DEBUG: org.apache.http.headers - http-outgoing-92 >> Content-Length: 33
DEBUG: org.apache.http.headers - http-outgoing-92 >> Host: 127.0.0.1:7055
DEBUG: org.apache.http.headers - http-outgoing-92 >> Connection: Keep-Alive
DEBUG: org.apache.http.headers - http-outgoing-92 >> User-Agent: Apache-HttpClient/4.5.2 (Java/1.7.0_79)
DEBUG: org.apache.http.headers - http-outgoing-92 >> Accept-Encoding: gzip,deflate
DEBUG: org.apache.http.wire - http-outgoing-92 >> "POST /hub/session/ef37bd3e-2017-2940-a760-71d500ce28c2/element HTTP/1.1[\r][\n]"
DEBUG: org.apache.http.wire - http-outgoing-92 >> "Content-Type: application/json; charset=utf-8[\r][\n]"
DEBUG: org.apache.http.wire - http-outgoing-92 >> "Content-Length: 33[\r][\n]"
DEBUG: org.apache.http.wire - http-outgoing-92 >> "Host: 127.0.0.1:7055[\r][\n]"
DEBUG: org.apache.http.wire - http-outgoing-92 >> "Connection: Keep-Alive[\r][\n]"
DEBUG: org.apache.http.wire - http-outgoing-92 >> "User-Agent: Apache-HttpClient/4.5.2 (Java/1.7.0_79)[\r][\n]"
DEBUG: org.apache.http.wire - http-outgoing-92 >> "Accept-Encoding: gzip,deflate[\r][\n]"
DEBUG: org.apache.http.wire - http-outgoing-92 >> "[\r][\n]"
DEBUG: org.apache.http.wire - http-outgoing-92 >> "{"using":"name","value":"submit"}"
DEBUG: org.apache.http.wire - http-outgoing-92 << "HTTP/1.1 200 OK[\r][\n]"
DEBUG: org.apache.http.wire - http-outgoing-92 << "content-type: application/json; charset=UTF-8[\r][\n]"
DEBUG: org.apache.http.wire - http-outgoing-92 << "connection: close[\r][\n]"
DEBUG: org.apache.http.wire - http-outgoing-92 << "content-length: 224[\r][\n]"
DEBUG: org.apache.http.wire - http-outgoing-92 << "server: httpd.js[\r][\n]"
DEBUG: org.apache.http.wire - http-outgoing-92 << "date: Fri, 26 Aug 2016 09:42:50 GMT[\r][\n]"
DEBUG: org.apache.http.wire - http-outgoing-92 << "[\r][\n]"
DEBUG: org.apache.http.headers - http-outgoing-92 << HTTP/1.1 200 OK
DEBUG: org.apache.http.headers - http-outgoing-92 << content-type: application/json; charset=UTF-8
DEBUG: org.apache.http.headers - http-outgoing-92 << connection: close
DEBUG: org.apache.http.headers - http-outgoing-92 << content-length: 224
DEBUG: org.apache.http.headers - http-outgoing-92 << server: httpd.js
DEBUG: org.apache.http.headers - http-outgoing-92 << date: Fri, 26 Aug 2016 09:42:50 GMT
DEBUG: org.apache.http.wire - http-outgoing-92 << "{"name":"findElement","sessionId":"ef37bd3e-2017-2940-a760-71d500ce28c2","status":0,"value":{"ELEMENT":"{500d8d9d-9e42-9e4e-a5b4-f6e3233ed34f}","element-6066-11e4-a52e-4f735466cecf":"{500d8d9d-9e42-9e4e-a5b4-f6e3233ed34f}"}}"
DEBUG: org.apache.http.impl.conn.DefaultManagedHttpClientConnection - http-outgoing-92: Close connection
DEBUG: org.apache.http.impl.execchain.MainClientExec - Connection discarded
DEBUG: org.apache.http.impl.conn.PoolingHttpClientConnectionManager - Connection released: [id: 92][route: {}->http://127.0.0.1:7055][total kept alive: 0; route allocated: 0 of 2000; total allocated: 0 of 2000]
DEBUG: org.apache.http.client.protocol.RequestAddCookies - CookieSpec selected: default
DEBUG: org.apache.http.client.protocol.RequestAuthCache - Auth cache not set in the context
DEBUG: org.apache.http.impl.conn.PoolingHttpClientConnectionManager - Connection request: [route: {}->http://127.0.0.1:7055][total kept alive: 0; route allocated: 0 of 2000; total allocated: 0 of 2000]
DEBUG: org.apache.http.impl.conn.PoolingHttpClientConnectionManager - Connection leased: [id: 93][route: {}->http://127.0.0.1:7055][total kept alive: 0; route allocated: 1 of 2000; total allocated: 1 of 2000]
DEBUG: org.apache.http.impl.execchain.MainClientExec - Opening connection {}->http://127.0.0.1:7055
DEBUG: org.apache.http.impl.conn.DefaultHttpClientConnectionOperator - Connecting to /127.0.0.1:7055
DEBUG: org.apache.http.impl.conn.DefaultHttpClientConnectionOperator - Connection established 127.0.0.1:60751<->127.0.0.1:7055
DEBUG: org.apache.http.impl.conn.DefaultManagedHttpClientConnection - http-outgoing-93: set socket timeout to 10800000
DEBUG: org.apache.http.impl.execchain.MainClientExec - Executing request POST /hub/session/ef37bd3e-2017-2940-a760-71d500ce28c2/element/%7B500d8d9d-9e42-9e4e-a5b4-f6e3233ed34f%7D/click HTTP/1.1
DEBUG: org.apache.http.impl.execchain.MainClientExec - Target auth state: UNCHALLENGED
DEBUG: org.apache.http.impl.execchain.MainClientExec - Proxy auth state: UNCHALLENGED
DEBUG: org.apache.http.headers - http-outgoing-93 >> POST /hub/session/ef37bd3e-2017-2940-a760-71d500ce28c2/element/%7B500d8d9d-9e42-9e4e-a5b4-f6e3233ed34f%7D/click HTTP/1.1
DEBUG: org.apache.http.headers - http-outgoing-93 >> Content-Type: application/json; charset=utf-8
DEBUG: org.apache.http.headers - http-outgoing-93 >> Content-Length: 47
DEBUG: org.apache.http.headers - http-outgoing-93 >> Host: 127.0.0.1:7055
DEBUG: org.apache.http.headers - http-outgoing-93 >> Connection: Keep-Alive
DEBUG: org.apache.http.headers - http-outgoing-93 >> User-Agent: Apache-HttpClient/4.5.2 (Java/1.7.0_79)
DEBUG: org.apache.http.headers - http-outgoing-93 >> Accept-Encoding: gzip,deflate
DEBUG: org.apache.http.wire - http-outgoing-93 >> "POST /hub/session/ef37bd3e-2017-2940-a760-71d500ce28c2/element/%7B500d8d9d-9e42-9e4e-a5b4-f6e3233ed34f%7D/click HTTP/1.1[\r][\n]"
DEBUG: org.apache.http.wire - http-outgoing-93 >> "Content-Type: application/json; charset=utf-8[\r][\n]"
DEBUG: org.apache.http.wire - http-outgoing-93 >> "Content-Length: 47[\r][\n]"
DEBUG: org.apache.http.wire - http-outgoing-93 >> "Host: 127.0.0.1:7055[\r][\n]"
DEBUG: org.apache.http.wire - http-outgoing-93 >> "Connection: Keep-Alive[\r][\n]"
DEBUG: org.apache.http.wire - http-outgoing-93 >> "User-Agent: Apache-HttpClient/4.5.2 (Java/1.7.0_79)[\r][\n]"
DEBUG: org.apache.http.wire - http-outgoing-93 >> "Accept-Encoding: gzip,deflate[\r][\n]"
DEBUG: org.apache.http.wire - http-outgoing-93 >> "[\r][\n]"
DEBUG: org.apache.http.wire - http-outgoing-93 >> "{"id":"{500d8d9d-9e42-9e4e-a5b4-f6e3233ed34f}"}"
DEBUG: org.apache.http.wire - http-outgoing-93 << "HTTP/1.1 200 OK[\r][\n]"
DEBUG: org.apache.http.wire - http-outgoing-93 << "content-type: application/json; charset=UTF-8[\r][\n]"
DEBUG: org.apache.http.wire - http-outgoing-93 << "connection: close[\r][\n]"
DEBUG: org.apache.http.wire - http-outgoing-93 << "content-length: 98[\r][\n]"
DEBUG: org.apache.http.wire - http-outgoing-93 << "server: httpd.js[\r][\n]"
DEBUG: org.apache.http.wire - http-outgoing-93 << "date: Fri, 26 Aug 2016 09:42:50 GMT[\r][\n]"
DEBUG: org.apache.http.wire - http-outgoing-93 << "[\r][\n]"
DEBUG: org.apache.http.headers - http-outgoing-93 << HTTP/1.1 200 OK
DEBUG: org.apache.http.headers - http-outgoing-93 << content-type: application/json; charset=UTF-8
DEBUG: org.apache.http.headers - http-outgoing-93 << connection: close
DEBUG: org.apache.http.headers - http-outgoing-93 << content-length: 98
DEBUG: org.apache.http.headers - http-outgoing-93 << server: httpd.js
DEBUG: org.apache.http.headers - http-outgoing-93 << date: Fri, 26 Aug 2016 09:42:50 GMT
DEBUG: org.apache.http.wire - http-outgoing-93 << "{"name":"clickElement","sessionId":"ef37bd3e-2017-2940-a760-71d500ce28c2","status":0,"value":"ok"}"
DEBUG: org.apache.http.impl.conn.DefaultManagedHttpClientConnection - http-outgoing-93: Close connection
DEBUG: org.apache.http.impl.execchain.MainClientExec - Connection discarded
DEBUG: org.apache.http.impl.conn.PoolingHttpClientConnectionManager - Connection released: [id: 93][route: {}->http://127.0.0.1:7055][total kept alive: 0; route allocated: 0 of 2000; total allocated: 0 of 2000]
DEBUG: org.apache.http.client.protocol.RequestAddCookies - CookieSpec selected: default
DEBUG: org.apache.http.client.protocol.RequestAuthCache - Auth cache not set in the context
DEBUG: org.apache.http.impl.conn.PoolingHttpClientConnectionManager - Connection request: [route: {}->http://127.0.0.1:7055][total kept alive: 0; route allocated: 0 of 2000; total allocated: 0 of 2000]
DEBUG: org.apache.http.impl.conn.PoolingHttpClientConnectionManager - Connection leased: [id: 94][route: {}->http://127.0.0.1:7055][total kept alive: 0; route allocated: 1 of 2000; total allocated: 1 of 2000]
DEBUG: org.apache.http.impl.execchain.MainClientExec - Opening connection {}->http://127.0.0.1:7055
DEBUG: org.apache.http.impl.conn.DefaultHttpClientConnectionOperator - Connecting to /127.0.0.1:7055
DEBUG: org.apache.http.impl.conn.DefaultHttpClientConnectionOperator - Connection established 127.0.0.1:60754<->127.0.0.1:7055
DEBUG: org.apache.http.impl.conn.DefaultManagedHttpClientConnection - http-outgoing-94: set socket timeout to 10800000
DEBUG: org.apache.http.impl.execchain.MainClientExec - Executing request POST /hub/session/ef37bd3e-2017-2940-a760-71d500ce28c2/element HTTP/1.1
DEBUG: org.apache.http.impl.execchain.MainClientExec - Target auth state: UNCHALLENGED
DEBUG: org.apache.http.impl.execchain.MainClientExec - Proxy auth state: UNCHALLENGED
DEBUG: org.apache.http.headers - http-outgoing-94 >> POST /hub/session/ef37bd3e-2017-2940-a760-71d500ce28c2/element HTTP/1.1
DEBUG: org.apache.http.headers - http-outgoing-94 >> Content-Type: application/json; charset=utf-8
DEBUG: org.apache.http.headers - http-outgoing-94 >> Content-Length: 44
DEBUG: org.apache.http.headers - http-outgoing-94 >> Host: 127.0.0.1:7055
DEBUG: org.apache.http.headers - http-outgoing-94 >> Connection: Keep-Alive
DEBUG: org.apache.http.headers - http-outgoing-94 >> User-Agent: Apache-HttpClient/4.5.2 (Java/1.7.0_79)
DEBUG: org.apache.http.headers - http-outgoing-94 >> Accept-Encoding: gzip,deflate
DEBUG: org.apache.http.wire - http-outgoing-94 >> "POST /hub/session/ef37bd3e-2017-2940-a760-71d500ce28c2/element HTTP/1.1[\r][\n]"
DEBUG: org.apache.http.wire - http-outgoing-94 >> "Content-Type: application/json; charset=utf-8[\r][\n]"
DEBUG: org.apache.http.wire - http-outgoing-94 >> "Content-Length: 44[\r][\n]"
DEBUG: org.apache.http.wire - http-outgoing-94 >> "Host: 127.0.0.1:7055[\r][\n]"
DEBUG: org.apache.http.wire - http-outgoing-94 >> "Connection: Keep-Alive[\r][\n]"
DEBUG: org.apache.http.wire - http-outgoing-94 >> "User-Agent: Apache-HttpClient/4.5.2 (Java/1.7.0_79)[\r][\n]"
DEBUG: org.apache.http.wire - http-outgoing-94 >> "Accept-Encoding: gzip,deflate[\r][\n]"
DEBUG: org.apache.http.wire - http-outgoing-94 >> "[\r][\n]"
DEBUG: org.apache.http.wire - http-outgoing-94 >> "{"using":"link text","value":"User Profile"}"
DEBUG: org.apache.http.wire - http-outgoing-94 << "HTTP/1.1 200 OK[\r][\n]"
DEBUG: org.apache.http.wire - http-outgoing-94 << "content-type: application/json; charset=UTF-8[\r][\n]"
DEBUG: org.apache.http.wire - http-outgoing-94 << "connection: close[\r][\n]"
DEBUG: org.apache.http.wire - http-outgoing-94 << "content-length: 224[\r][\n]"
DEBUG: org.apache.http.wire - http-outgoing-94 << "server: httpd.js[\r][\n]"
DEBUG: org.apache.http.wire - http-outgoing-94 << "date: Fri, 26 Aug 2016 09:42:50 GMT[\r][\n]"
DEBUG: org.apache.http.wire - http-outgoing-94 << "[\r][\n]"
DEBUG: org.apache.http.headers - http-outgoing-94 << HTTP/1.1 200 OK
DEBUG: org.apache.http.headers - http-outgoing-94 << content-type: application/json; charset=UTF-8
DEBUG: org.apache.http.headers - http-outgoing-94 << connection: close
DEBUG: org.apache.http.headers - http-outgoing-94 << content-length: 224
DEBUG: org.apache.http.headers - http-outgoing-94 << server: httpd.js
DEBUG: org.apache.http.headers - http-outgoing-94 << date: Fri, 26 Aug 2016 09:42:50 GMT
DEBUG: org.apache.http.wire - http-outgoing-94 << "{"name":"findElement","sessionId":"ef37bd3e-2017-2940-a760-71d500ce28c2","status":0,"value":{"ELEMENT":"{a318757c-4be9-d44b-93b3-2b202d5a3ac5}","element-6066-11e4-a52e-4f735466cecf":"{a318757c-4be9-d44b-93b3-2b202d5a3ac5}"}}"
DEBUG: org.apache.http.impl.conn.DefaultManagedHttpClientConnection - http-outgoing-94: Close connection
DEBUG: org.apache.http.impl.execchain.MainClientExec - Connection discarded
DEBUG: org.apache.http.impl.conn.PoolingHttpClientConnectionManager - Connection released: [id: 94][route: {}->http://127.0.0.1:7055][total kept alive: 0; route allocated: 0 of 2000; total allocated: 0 of 2000]
DEBUG: org.apache.http.client.protocol.RequestAddCookies - CookieSpec selected: default
DEBUG: org.apache.http.client.protocol.RequestAuthCache - Auth cache not set in the context
DEBUG: org.apache.http.impl.conn.PoolingHttpClientConnectionManager - Connection request: [route: {}->http://127.0.0.1:7055][total kept alive: 0; route allocated: 0 of 2000; total allocated: 0 of 2000]
DEBUG: org.apache.http.impl.conn.PoolingHttpClientConnectionManager - Connection leased: [id: 95][route: {}->http://127.0.0.1:7055][total kept alive: 0; route allocated: 1 of 2000; total allocated: 1 of 2000]
DEBUG: org.apache.http.impl.execchain.MainClientExec - Opening connection {}->http://127.0.0.1:7055
DEBUG: org.apache.http.impl.conn.DefaultHttpClientConnectionOperator - Connecting to /127.0.0.1:7055
DEBUG: org.apache.http.impl.conn.DefaultHttpClientConnectionOperator - Connection established 127.0.0.1:60755<->127.0.0.1:7055
DEBUG: org.apache.http.impl.conn.DefaultManagedHttpClientConnection - http-outgoing-95: set socket timeout to 10800000
DEBUG: org.apache.http.impl.execchain.MainClientExec - Executing request POST /hub/session/ef37bd3e-2017-2940-a760-71d500ce28c2/element/%7Ba318757c-4be9-d44b-93b3-2b202d5a3ac5%7D/click HTTP/1.1
DEBUG: org.apache.http.impl.execchain.MainClientExec - Target auth state: UNCHALLENGED
DEBUG: org.apache.http.impl.execchain.MainClientExec - Proxy auth state: UNCHALLENGED
DEBUG: org.apache.http.headers - http-outgoing-95 >> POST /hub/session/ef37bd3e-2017-2940-a760-71d500ce28c2/element/%7Ba318757c-4be9-d44b-93b3-2b202d5a3ac5%7D/click HTTP/1.1
DEBUG: org.apache.http.headers - http-outgoing-95 >> Content-Type: application/json; charset=utf-8
DEBUG: org.apache.http.headers - http-outgoing-95 >> Content-Length: 47
DEBUG: org.apache.http.headers - http-outgoing-95 >> Host: 127.0.0.1:7055
DEBUG: org.apache.http.headers - http-outgoing-95 >> Connection: Keep-Alive
DEBUG: org.apache.http.headers - http-outgoing-95 >> User-Agent: Apache-HttpClient/4.5.2 (Java/1.7.0_79)
DEBUG: org.apache.http.headers - http-outgoing-95 >> Accept-Encoding: gzip,deflate
DEBUG: org.apache.http.wire - http-outgoing-95 >> "POST /hub/session/ef37bd3e-2017-2940-a760-71d500ce28c2/element/%7Ba318757c-4be9-d44b-93b3-2b202d5a3ac5%7D/click HTTP/1.1[\r][\n]"
DEBUG: org.apache.http.wire - http-outgoing-95 >> "Content-Type: application/json; charset=utf-8[\r][\n]"
DEBUG: org.apache.http.wire - http-outgoing-95 >> "Content-Length: 47[\r][\n]"
DEBUG: org.apache.http.wire - http-outgoing-95 >> "Host: 127.0.0.1:7055[\r][\n]"
DEBUG: org.apache.http.wire - http-outgoing-95 >> "Connection: Keep-Alive[\r][\n]"
DEBUG: org.apache.http.wire - http-outgoing-95 >> "User-Agent: Apache-HttpClient/4.5.2 (Java/1.7.0_79)[\r][\n]"
DEBUG: org.apache.http.wire - http-outgoing-95 >> "Accept-Encoding: gzip,deflate[\r][\n]"
DEBUG: org.apache.http.wire - http-outgoing-95 >> "[\r][\n]"
DEBUG: org.apache.http.wire - http-outgoing-95 >> "{"id":"{a318757c-4be9-d44b-93b3-2b202d5a3ac5}"}"
DEBUG: org.apache.http.wire - http-outgoing-95 << "HTTP/1.1 200 OK[\r][\n]"
DEBUG: org.apache.http.wire - http-outgoing-95 << "content-type: application/json; charset=UTF-8[\r][\n]"
DEBUG: org.apache.http.wire - http-outgoing-95 << "connection: close[\r][\n]"
DEBUG: org.apache.http.wire - http-outgoing-95 << "content-length: 98[\r][\n]"
DEBUG: org.apache.http.wire - http-outgoing-95 << "server: httpd.js[\r][\n]"
DEBUG: org.apache.http.wire - http-outgoing-95 << "date: Fri, 26 Aug 2016 09:42:50 GMT[\r][\n]"
DEBUG: org.apache.http.wire - http-outgoing-95 << "[\r][\n]"
DEBUG: org.apache.http.headers - http-outgoing-95 << HTTP/1.1 200 OK
DEBUG: org.apache.http.headers - http-outgoing-95 << content-type: application/json; charset=UTF-8
DEBUG: org.apache.http.headers - http-outgoing-95 << connection: close
DEBUG: org.apache.http.headers - http-outgoing-95 << content-length: 98
DEBUG: org.apache.http.headers - http-outgoing-95 << server: httpd.js
DEBUG: org.apache.http.headers - http-outgoing-95 << date: Fri, 26 Aug 2016 09:42:50 GMT
DEBUG: org.apache.http.wire - http-outgoing-95 << "{"name":"clickElement","sessionId":"ef37bd3e-2017-2940-a760-71d500ce28c2","status":0,"value":"ok"}"
DEBUG: org.apache.http.impl.conn.DefaultManagedHttpClientConnection - http-outgoing-95: Close connection
DEBUG: org.apache.http.impl.execchain.MainClientExec - Connection discarded
DEBUG: org.apache.http.impl.conn.PoolingHttpClientConnectionManager - Connection released: [id: 95][route: {}->http://127.0.0.1:7055][total kept alive: 0; route allocated: 0 of 2000; total allocated: 0 of 2000]
DEBUG: org.apache.http.client.protocol.RequestAddCookies - CookieSpec selected: default
DEBUG: org.apache.http.client.protocol.RequestAuthCache - Auth cache not set in the context
DEBUG: org.apache.http.impl.conn.PoolingHttpClientConnectionManager - Connection request: [route: {}->http://127.0.0.1:7055][total kept alive: 0; route allocated: 0 of 2000; total allocated: 0 of 2000]
DEBUG: org.apache.http.impl.conn.PoolingHttpClientConnectionManager - Connection leased: [id: 96][route: {}->http://127.0.0.1:7055][total kept alive: 0; route allocated: 1 of 2000; total allocated: 1 of 2000]
DEBUG: org.apache.http.impl.execchain.MainClientExec - Opening connection {}->http://127.0.0.1:7055
DEBUG: org.apache.http.impl.conn.DefaultHttpClientConnectionOperator - Connecting to /127.0.0.1:7055
DEBUG: org.apache.http.impl.conn.DefaultHttpClientConnectionOperator - Connection established 127.0.0.1:60756<->127.0.0.1:7055
DEBUG: org.apache.http.impl.conn.DefaultManagedHttpClientConnection - http-outgoing-96: set socket timeout to 10800000
DEBUG: org.apache.http.impl.execchain.MainClientExec - Executing request POST /hub/session/ef37bd3e-2017-2940-a760-71d500ce28c2/element HTTP/1.1
DEBUG: org.apache.http.impl.execchain.MainClientExec - Target auth state: UNCHALLENGED
DEBUG: org.apache.http.impl.execchain.MainClientExec - Proxy auth state: UNCHALLENGED
DEBUG: org.apache.http.headers - http-outgoing-96 >> POST /hub/session/ef37bd3e-2017-2940-a760-71d500ce28c2/element HTTP/1.1
DEBUG: org.apache.http.headers - http-outgoing-96 >> Content-Type: application/json; charset=utf-8
DEBUG: org.apache.http.headers - http-outgoing-96 >> Content-Length: 37
DEBUG: org.apache.http.headers - http-outgoing-96 >> Host: 127.0.0.1:7055
DEBUG: org.apache.http.headers - http-outgoing-96 >> Connection: Keep-Alive
DEBUG: org.apache.http.headers - http-outgoing-96 >> User-Agent: Apache-HttpClient/4.5.2 (Java/1.7.0_79)
DEBUG: org.apache.http.headers - http-outgoing-96 >> Accept-Encoding: gzip,deflate
DEBUG: org.apache.http.wire - http-outgoing-96 >> "POST /hub/session/ef37bd3e-2017-2940-a760-71d500ce28c2/element HTTP/1.1[\r][\n]"
DEBUG: org.apache.http.wire - http-outgoing-96 >> "Content-Type: application/json; charset=utf-8[\r][\n]"
DEBUG: org.apache.http.wire - http-outgoing-96 >> "Content-Length: 37[\r][\n]"
DEBUG: org.apache.http.wire - http-outgoing-96 >> "Host: 127.0.0.1:7055[\r][\n]"
DEBUG: org.apache.http.wire - http-outgoing-96 >> "Connection: Keep-Alive[\r][\n]"
DEBUG: org.apache.http.wire - http-outgoing-96 >> "User-Agent: Apache-HttpClient/4.5.2 (Java/1.7.0_79)[\r][\n]"
DEBUG: org.apache.http.wire - http-outgoing-96 >> "Accept-Encoding: gzip,deflate[\r][\n]"
DEBUG: org.apache.http.wire - http-outgoing-96 >> "[\r][\n]"
DEBUG: org.apache.http.wire - http-outgoing-96 >> "{"using":"id","value":"user-details"}"
DEBUG: org.apache.http.wire - http-outgoing-96 << "HTTP/1.1 200 OK[\r][\n]"
DEBUG: org.apache.http.wire - http-outgoing-96 << "content-type: application/json; charset=UTF-8[\r][\n]"
DEBUG: org.apache.http.wire - http-outgoing-96 << "connection: close[\r][\n]"
DEBUG: org.apache.http.wire - http-outgoing-96 << "content-length: 224[\r][\n]"
DEBUG: org.apache.http.wire - http-outgoing-96 << "server: httpd.js[\r][\n]"
DEBUG: org.apache.http.wire - http-outgoing-96 << "date: Fri, 26 Aug 2016 09:42:51 GMT[\r][\n]"
DEBUG: org.apache.http.wire - http-outgoing-96 << "[\r][\n]"
DEBUG: org.apache.http.headers - http-outgoing-96 << HTTP/1.1 200 OK
DEBUG: org.apache.http.headers - http-outgoing-96 << content-type: application/json; charset=UTF-8
DEBUG: org.apache.http.headers - http-outgoing-96 << connection: close
DEBUG: org.apache.http.headers - http-outgoing-96 << content-length: 224
DEBUG: org.apache.http.headers - http-outgoing-96 << server: httpd.js
DEBUG: org.apache.http.headers - http-outgoing-96 << date: Fri, 26 Aug 2016 09:42:51 GMT
DEBUG: org.apache.http.wire - http-outgoing-96 << "{"name":"findElement","sessionId":"ef37bd3e-2017-2940-a760-71d500ce28c2","status":0,"value":{"ELEMENT":"{2b542e1b-d77f-3849-8617-337c4ec4e0bc}","element-6066-11e4-a52e-4f735466cecf":"{2b542e1b-d77f-3849-8617-337c4ec4e0bc}"}}"
DEBUG: org.apache.http.impl.conn.DefaultManagedHttpClientConnection - http-outgoing-96: Close connection
DEBUG: org.apache.http.impl.execchain.MainClientExec - Connection discarded
DEBUG: org.apache.http.impl.conn.PoolingHttpClientConnectionManager - Connection released: [id: 96][route: {}->http://127.0.0.1:7055][total kept alive: 0; route allocated: 0 of 2000; total allocated: 0 of 2000]
DEBUG: org.apache.http.client.protocol.RequestAddCookies - CookieSpec selected: default
DEBUG: org.apache.http.client.protocol.RequestAuthCache - Auth cache not set in the context
DEBUG: org.apache.http.impl.conn.PoolingHttpClientConnectionManager - Connection request: [route: {}->http://127.0.0.1:7055][total kept alive: 0; route allocated: 0 of 2000; total allocated: 0 of 2000]
DEBUG: org.apache.http.impl.conn.PoolingHttpClientConnectionManager - Connection leased: [id: 97][route: {}->http://127.0.0.1:7055][total kept alive: 0; route allocated: 1 of 2000; total allocated: 1 of 2000]
DEBUG: org.apache.http.impl.execchain.MainClientExec - Opening connection {}->http://127.0.0.1:7055
DEBUG: org.apache.http.impl.conn.DefaultHttpClientConnectionOperator - Connecting to /127.0.0.1:7055
DEBUG: org.apache.http.impl.conn.DefaultHttpClientConnectionOperator - Connection established 127.0.0.1:60757<->127.0.0.1:7055
DEBUG: org.apache.http.impl.conn.DefaultManagedHttpClientConnection - http-outgoing-97: set socket timeout to 10800000
DEBUG: org.apache.http.impl.execchain.MainClientExec - Executing request GET /hub/session/ef37bd3e-2017-2940-a760-71d500ce28c2/element/%7B2b542e1b-d77f-3849-8617-337c4ec4e0bc%7D/text HTTP/1.1
DEBUG: org.apache.http.impl.execchain.MainClientExec - Target auth state: UNCHALLENGED
DEBUG: org.apache.http.impl.execchain.MainClientExec - Proxy auth state: UNCHALLENGED
DEBUG: org.apache.http.headers - http-outgoing-97 >> GET /hub/session/ef37bd3e-2017-2940-a760-71d500ce28c2/element/%7B2b542e1b-d77f-3849-8617-337c4ec4e0bc%7D/text HTTP/1.1
DEBUG: org.apache.http.headers - http-outgoing-97 >> Cache-Control: no-cache
DEBUG: org.apache.http.headers - http-outgoing-97 >> Host: 127.0.0.1:7055
DEBUG: org.apache.http.headers - http-outgoing-97 >> Connection: Keep-Alive
DEBUG: org.apache.http.headers - http-outgoing-97 >> User-Agent: Apache-HttpClient/4.5.2 (Java/1.7.0_79)
DEBUG: org.apache.http.headers - http-outgoing-97 >> Accept-Encoding: gzip,deflate
DEBUG: org.apache.http.wire - http-outgoing-97 >> "GET /hub/session/ef37bd3e-2017-2940-a760-71d500ce28c2/element/%7B2b542e1b-d77f-3849-8617-337c4ec4e0bc%7D/text HTTP/1.1[\r][\n]"
DEBUG: org.apache.http.wire - http-outgoing-97 >> "Cache-Control: no-cache[\r][\n]"
DEBUG: org.apache.http.wire - http-outgoing-97 >> "Host: 127.0.0.1:7055[\r][\n]"
DEBUG: org.apache.http.wire - http-outgoing-97 >> "Connection: Keep-Alive[\r][\n]"
DEBUG: org.apache.http.wire - http-outgoing-97 >> "User-Agent: Apache-HttpClient/4.5.2 (Java/1.7.0_79)[\r][\n]"
DEBUG: org.apache.http.wire - http-outgoing-97 >> "Accept-Encoding: gzip,deflate[\r][\n]"
DEBUG: org.apache.http.wire - http-outgoing-97 >> "[\r][\n]"
DEBUG: org.apache.http.wire - http-outgoing-97 << "HTTP/1.1 200 OK[\r][\n]"
DEBUG: org.apache.http.wire - http-outgoing-97 << "content-type: application/json; charset=UTF-8[\r][\n]"
DEBUG: org.apache.http.wire - http-outgoing-97 << "connection: close[\r][\n]"
DEBUG: org.apache.http.wire - http-outgoing-97 << "content-length: 138[\r][\n]"
DEBUG: org.apache.http.wire - http-outgoing-97 << "server: httpd.js[\r][\n]"
DEBUG: org.apache.http.wire - http-outgoing-97 << "date: Fri, 26 Aug 2016 09:42:51 GMT[\r][\n]"
DEBUG: org.apache.http.wire - http-outgoing-97 << "[\r][\n]"
DEBUG: org.apache.http.headers - http-outgoing-97 << HTTP/1.1 200 OK
DEBUG: org.apache.http.headers - http-outgoing-97 << content-type: application/json; charset=UTF-8
DEBUG: org.apache.http.headers - http-outgoing-97 << connection: close
DEBUG: org.apache.http.headers - http-outgoing-97 << content-length: 138
DEBUG: org.apache.http.headers - http-outgoing-97 << server: httpd.js
DEBUG: org.apache.http.headers - http-outgoing-97 << date: Fri, 26 Aug 2016 09:42:51 GMT
DEBUG: org.apache.http.wire - http-outgoing-97 << "{"name":"getElementText","sessionId":"ef37bd3e-2017-2940-a760-71d500ce28c2","status":0,"value":"Hugo Huser - Hugo-Huser@random-email.com"}"
DEBUG: org.apache.http.impl.conn.DefaultManagedHttpClientConnection - http-outgoing-97: Close connection
DEBUG: org.apache.http.impl.execchain.MainClientExec - Connection discarded
DEBUG: org.apache.http.impl.conn.PoolingHttpClientConnectionManager - Connection released: [id: 97][route: {}->http://127.0.0.1:7055][total kept alive: 0; route allocated: 0 of 2000; total allocated: 0 of 2000]
DEBUG: org.apache.http.client.protocol.RequestAddCookies - CookieSpec selected: default
DEBUG: org.apache.http.client.protocol.RequestAuthCache - Auth cache not set in the context
DEBUG: org.apache.http.impl.conn.PoolingHttpClientConnectionManager - Connection request: [route: {}->http://127.0.0.1:7055][total kept alive: 0; route allocated: 0 of 2000; total allocated: 0 of 2000]
DEBUG: org.apache.http.impl.conn.PoolingHttpClientConnectionManager - Connection leased: [id: 98][route: {}->http://127.0.0.1:7055][total kept alive: 0; route allocated: 1 of 2000; total allocated: 1 of 2000]
DEBUG: org.apache.http.impl.execchain.MainClientExec - Opening connection {}->http://127.0.0.1:7055
DEBUG: org.apache.http.impl.conn.DefaultHttpClientConnectionOperator - Connecting to /127.0.0.1:7055
DEBUG: org.apache.http.impl.conn.DefaultHttpClientConnectionOperator - Connection established 127.0.0.1:60758<->127.0.0.1:7055
DEBUG: org.apache.http.impl.conn.DefaultManagedHttpClientConnection - http-outgoing-98: set socket timeout to 10800000
DEBUG: org.apache.http.impl.execchain.MainClientExec - Executing request POST /hub/session/ef37bd3e-2017-2940-a760-71d500ce28c2/element HTTP/1.1
DEBUG: org.apache.http.impl.execchain.MainClientExec - Target auth state: UNCHALLENGED
DEBUG: org.apache.http.impl.execchain.MainClientExec - Proxy auth state: UNCHALLENGED
DEBUG: org.apache.http.headers - http-outgoing-98 >> POST /hub/session/ef37bd3e-2017-2940-a760-71d500ce28c2/element HTTP/1.1
DEBUG: org.apache.http.headers - http-outgoing-98 >> Content-Type: application/json; charset=utf-8
DEBUG: org.apache.http.headers - http-outgoing-98 >> Content-Length: 45
DEBUG: org.apache.http.headers - http-outgoing-98 >> Host: 127.0.0.1:7055
DEBUG: org.apache.http.headers - http-outgoing-98 >> Connection: Keep-Alive
DEBUG: org.apache.http.headers - http-outgoing-98 >> User-Agent: Apache-HttpClient/4.5.2 (Java/1.7.0_79)
DEBUG: org.apache.http.headers - http-outgoing-98 >> Accept-Encoding: gzip,deflate
DEBUG: org.apache.http.wire - http-outgoing-98 >> "POST /hub/session/ef37bd3e-2017-2940-a760-71d500ce28c2/element HTTP/1.1[\r][\n]"
DEBUG: org.apache.http.wire - http-outgoing-98 >> "Content-Type: application/json; charset=utf-8[\r][\n]"
DEBUG: org.apache.http.wire - http-outgoing-98 >> "Content-Length: 45[\r][\n]"
DEBUG: org.apache.http.wire - http-outgoing-98 >> "Host: 127.0.0.1:7055[\r][\n]"
DEBUG: org.apache.http.wire - http-outgoing-98 >> "Connection: Keep-Alive[\r][\n]"
DEBUG: org.apache.http.wire - http-outgoing-98 >> "User-Agent: Apache-HttpClient/4.5.2 (Java/1.7.0_79)[\r][\n]"
DEBUG: org.apache.http.wire - http-outgoing-98 >> "Accept-Encoding: gzip,deflate[\r][\n]"
DEBUG: org.apache.http.wire - http-outgoing-98 >> "[\r][\n]"
DEBUG: org.apache.http.wire - http-outgoing-98 >> "{"using":"link text","value":"Admin Profile"}"
DEBUG: org.apache.http.wire - http-outgoing-98 << "HTTP/1.1 200 OK[\r][\n]"
DEBUG: org.apache.http.wire - http-outgoing-98 << "content-type: application/json; charset=UTF-8[\r][\n]"
DEBUG: org.apache.http.wire - http-outgoing-98 << "connection: close[\r][\n]"
DEBUG: org.apache.http.wire - http-outgoing-98 << "content-length: 224[\r][\n]"
DEBUG: org.apache.http.wire - http-outgoing-98 << "server: httpd.js[\r][\n]"
DEBUG: org.apache.http.wire - http-outgoing-98 << "date: Fri, 26 Aug 2016 09:42:51 GMT[\r][\n]"
DEBUG: org.apache.http.wire - http-outgoing-98 << "[\r][\n]"
DEBUG: org.apache.http.headers - http-outgoing-98 << HTTP/1.1 200 OK
DEBUG: org.apache.http.headers - http-outgoing-98 << content-type: application/json; charset=UTF-8
DEBUG: org.apache.http.headers - http-outgoing-98 << connection: close
DEBUG: org.apache.http.headers - http-outgoing-98 << content-length: 224
DEBUG: org.apache.http.headers - http-outgoing-98 << server: httpd.js
DEBUG: org.apache.http.headers - http-outgoing-98 << date: Fri, 26 Aug 2016 09:42:51 GMT
DEBUG: org.apache.http.wire - http-outgoing-98 << "{"name":"findElement","sessionId":"ef37bd3e-2017-2940-a760-71d500ce28c2","status":0,"value":{"ELEMENT":"{d54ebe46-d007-ab41-9c45-85f786689783}","element-6066-11e4-a52e-4f735466cecf":"{d54ebe46-d007-ab41-9c45-85f786689783}"}}"
DEBUG: org.apache.http.impl.conn.DefaultManagedHttpClientConnection - http-outgoing-98: Close connection
DEBUG: org.apache.http.impl.execchain.MainClientExec - Connection discarded
DEBUG: org.apache.http.impl.conn.PoolingHttpClientConnectionManager - Connection released: [id: 98][route: {}->http://127.0.0.1:7055][total kept alive: 0; route allocated: 0 of 2000; total allocated: 0 of 2000]
DEBUG: org.apache.http.client.protocol.RequestAddCookies - CookieSpec selected: default
DEBUG: org.apache.http.client.protocol.RequestAuthCache - Auth cache not set in the context
DEBUG: org.apache.http.impl.conn.PoolingHttpClientConnectionManager - Connection request: [route: {}->http://127.0.0.1:7055][total kept alive: 0; route allocated: 0 of 2000; total allocated: 0 of 2000]
DEBUG: org.apache.http.impl.conn.PoolingHttpClientConnectionManager - Connection leased: [id: 99][route: {}->http://127.0.0.1:7055][total kept alive: 0; route allocated: 1 of 2000; total allocated: 1 of 2000]
DEBUG: org.apache.http.impl.execchain.MainClientExec - Opening connection {}->http://127.0.0.1:7055
DEBUG: org.apache.http.impl.conn.DefaultHttpClientConnectionOperator - Connecting to /127.0.0.1:7055
DEBUG: org.apache.http.impl.conn.DefaultHttpClientConnectionOperator - Connection established 127.0.0.1:60759<->127.0.0.1:7055
DEBUG: org.apache.http.impl.conn.DefaultManagedHttpClientConnection - http-outgoing-99: set socket timeout to 10800000
DEBUG: org.apache.http.impl.execchain.MainClientExec - Executing request POST /hub/session/ef37bd3e-2017-2940-a760-71d500ce28c2/element/%7Bd54ebe46-d007-ab41-9c45-85f786689783%7D/click HTTP/1.1
DEBUG: org.apache.http.impl.execchain.MainClientExec - Target auth state: UNCHALLENGED
DEBUG: org.apache.http.impl.execchain.MainClientExec - Proxy auth state: UNCHALLENGED
DEBUG: org.apache.http.headers - http-outgoing-99 >> POST /hub/session/ef37bd3e-2017-2940-a760-71d500ce28c2/element/%7Bd54ebe46-d007-ab41-9c45-85f786689783%7D/click HTTP/1.1
DEBUG: org.apache.http.headers - http-outgoing-99 >> Content-Type: application/json; charset=utf-8
DEBUG: org.apache.http.headers - http-outgoing-99 >> Content-Length: 47
DEBUG: org.apache.http.headers - http-outgoing-99 >> Host: 127.0.0.1:7055
DEBUG: org.apache.http.headers - http-outgoing-99 >> Connection: Keep-Alive
DEBUG: org.apache.http.headers - http-outgoing-99 >> User-Agent: Apache-HttpClient/4.5.2 (Java/1.7.0_79)
DEBUG: org.apache.http.headers - http-outgoing-99 >> Accept-Encoding: gzip,deflate
DEBUG: org.apache.http.wire - http-outgoing-99 >> "POST /hub/session/ef37bd3e-2017-2940-a760-71d500ce28c2/element/%7Bd54ebe46-d007-ab41-9c45-85f786689783%7D/click HTTP/1.1[\r][\n]"
DEBUG: org.apache.http.wire - http-outgoing-99 >> "Content-Type: application/json; charset=utf-8[\r][\n]"
DEBUG: org.apache.http.wire - http-outgoing-99 >> "Content-Length: 47[\r][\n]"
DEBUG: org.apache.http.wire - http-outgoing-99 >> "Host: 127.0.0.1:7055[\r][\n]"
DEBUG: org.apache.http.wire - http-outgoing-99 >> "Connection: Keep-Alive[\r][\n]"
DEBUG: org.apache.http.wire - http-outgoing-99 >> "User-Agent: Apache-HttpClient/4.5.2 (Java/1.7.0_79)[\r][\n]"
DEBUG: org.apache.http.wire - http-outgoing-99 >> "Accept-Encoding: gzip,deflate[\r][\n]"
DEBUG: org.apache.http.wire - http-outgoing-99 >> "[\r][\n]"
DEBUG: org.apache.http.wire - http-outgoing-99 >> "{"id":"{d54ebe46-d007-ab41-9c45-85f786689783}"}"
DEBUG: org.apache.http.wire - http-outgoing-99 << "HTTP/1.1 200 OK[\r][\n]"
DEBUG: org.apache.http.wire - http-outgoing-99 << "content-type: application/json; charset=UTF-8[\r][\n]"
DEBUG: org.apache.http.wire - http-outgoing-99 << "connection: close[\r][\n]"
DEBUG: org.apache.http.wire - http-outgoing-99 << "content-length: 98[\r][\n]"
DEBUG: org.apache.http.wire - http-outgoing-99 << "server: httpd.js[\r][\n]"
DEBUG: org.apache.http.wire - http-outgoing-99 << "date: Fri, 26 Aug 2016 09:42:51 GMT[\r][\n]"
DEBUG: org.apache.http.wire - http-outgoing-99 << "[\r][\n]"
DEBUG: org.apache.http.headers - http-outgoing-99 << HTTP/1.1 200 OK
DEBUG: org.apache.http.headers - http-outgoing-99 << content-type: application/json; charset=UTF-8
DEBUG: org.apache.http.headers - http-outgoing-99 << connection: close
DEBUG: org.apache.http.headers - http-outgoing-99 << content-length: 98
DEBUG: org.apache.http.headers - http-outgoing-99 << server: httpd.js
DEBUG: org.apache.http.headers - http-outgoing-99 << date: Fri, 26 Aug 2016 09:42:51 GMT
DEBUG: org.apache.http.wire - http-outgoing-99 << "{"name":"clickElement","sessionId":"ef37bd3e-2017-2940-a760-71d500ce28c2","status":0,"value":"ok"}"
DEBUG: org.apache.http.impl.conn.DefaultManagedHttpClientConnection - http-outgoing-99: Close connection
DEBUG: org.apache.http.impl.execchain.MainClientExec - Connection discarded
DEBUG: org.apache.http.impl.conn.PoolingHttpClientConnectionManager - Connection released: [id: 99][route: {}->http://127.0.0.1:7055][total kept alive: 0; route allocated: 0 of 2000; total allocated: 0 of 2000]
DEBUG: org.apache.http.client.protocol.RequestAddCookies - CookieSpec selected: default
DEBUG: org.apache.http.client.protocol.RequestAuthCache - Auth cache not set in the context
DEBUG: org.apache.http.impl.conn.PoolingHttpClientConnectionManager - Connection request: [route: {}->http://127.0.0.1:7055][total kept alive: 0; route allocated: 0 of 2000; total allocated: 0 of 2000]
DEBUG: org.apache.http.impl.conn.PoolingHttpClientConnectionManager - Connection leased: [id: 100][route: {}->http://127.0.0.1:7055][total kept alive: 0; route allocated: 1 of 2000; total allocated: 1 of 2000]
DEBUG: org.apache.http.impl.execchain.MainClientExec - Opening connection {}->http://127.0.0.1:7055
DEBUG: org.apache.http.impl.conn.DefaultHttpClientConnectionOperator - Connecting to /127.0.0.1:7055
DEBUG: org.apache.http.impl.conn.DefaultHttpClientConnectionOperator - Connection established 127.0.0.1:60760<->127.0.0.1:7055
DEBUG: org.apache.http.impl.conn.DefaultManagedHttpClientConnection - http-outgoing-100: set socket timeout to 10800000
DEBUG: org.apache.http.impl.execchain.MainClientExec - Executing request POST /hub/session/ef37bd3e-2017-2940-a760-71d500ce28c2/element HTTP/1.1
DEBUG: org.apache.http.impl.execchain.MainClientExec - Target auth state: UNCHALLENGED
DEBUG: org.apache.http.impl.execchain.MainClientExec - Proxy auth state: UNCHALLENGED
DEBUG: org.apache.http.headers - http-outgoing-100 >> POST /hub/session/ef37bd3e-2017-2940-a760-71d500ce28c2/element HTTP/1.1
DEBUG: org.apache.http.headers - http-outgoing-100 >> Content-Type: application/json; charset=utf-8
DEBUG: org.apache.http.headers - http-outgoing-100 >> Content-Length: 38
DEBUG: org.apache.http.headers - http-outgoing-100 >> Host: 127.0.0.1:7055
DEBUG: org.apache.http.headers - http-outgoing-100 >> Connection: Keep-Alive
DEBUG: org.apache.http.headers - http-outgoing-100 >> User-Agent: Apache-HttpClient/4.5.2 (Java/1.7.0_79)
DEBUG: org.apache.http.headers - http-outgoing-100 >> Accept-Encoding: gzip,deflate
DEBUG: org.apache.http.wire - http-outgoing-100 >> "POST /hub/session/ef37bd3e-2017-2940-a760-71d500ce28c2/element HTTP/1.1[\r][\n]"
DEBUG: org.apache.http.wire - http-outgoing-100 >> "Content-Type: application/json; charset=utf-8[\r][\n]"
DEBUG: org.apache.http.wire - http-outgoing-100 >> "Content-Length: 38[\r][\n]"
DEBUG: org.apache.http.wire - http-outgoing-100 >> "Host: 127.0.0.1:7055[\r][\n]"
DEBUG: org.apache.http.wire - http-outgoing-100 >> "Connection: Keep-Alive[\r][\n]"
DEBUG: org.apache.http.wire - http-outgoing-100 >> "User-Agent: Apache-HttpClient/4.5.2 (Java/1.7.0_79)[\r][\n]"
DEBUG: org.apache.http.wire - http-outgoing-100 >> "Accept-Encoding: gzip,deflate[\r][\n]"
DEBUG: org.apache.http.wire - http-outgoing-100 >> "[\r][\n]"
DEBUG: org.apache.http.wire - http-outgoing-100 >> "{"using":"class name","value":"error"}"
DEBUG: org.apache.http.wire - http-outgoing-100 << "HTTP/1.1 200 OK[\r][\n]"
DEBUG: org.apache.http.wire - http-outgoing-100 << "content-type: application/json; charset=UTF-8[\r][\n]"
DEBUG: org.apache.http.wire - http-outgoing-100 << "connection: close[\r][\n]"
DEBUG: org.apache.http.wire - http-outgoing-100 << "content-length: 224[\r][\n]"
DEBUG: org.apache.http.wire - http-outgoing-100 << "server: httpd.js[\r][\n]"
DEBUG: org.apache.http.wire - http-outgoing-100 << "date: Fri, 26 Aug 2016 09:42:51 GMT[\r][\n]"
DEBUG: org.apache.http.wire - http-outgoing-100 << "[\r][\n]"
DEBUG: org.apache.http.headers - http-outgoing-100 << HTTP/1.1 200 OK
DEBUG: org.apache.http.headers - http-outgoing-100 << content-type: application/json; charset=UTF-8
DEBUG: org.apache.http.headers - http-outgoing-100 << connection: close
DEBUG: org.apache.http.headers - http-outgoing-100 << content-length: 224
DEBUG: org.apache.http.headers - http-outgoing-100 << server: httpd.js
DEBUG: org.apache.http.headers - http-outgoing-100 << date: Fri, 26 Aug 2016 09:42:51 GMT
DEBUG: org.apache.http.wire - http-outgoing-100 << "{"name":"findElement","sessionId":"ef37bd3e-2017-2940-a760-71d500ce28c2","status":0,"value":{"ELEMENT":"{d4c788c6-0f91-7b49-9ff0-f8d20876fbb9}","element-6066-11e4-a52e-4f735466cecf":"{d4c788c6-0f91-7b49-9ff0-f8d20876fbb9}"}}"
DEBUG: org.apache.http.impl.conn.DefaultManagedHttpClientConnection - http-outgoing-100: Close connection
DEBUG: org.apache.http.impl.execchain.MainClientExec - Connection discarded
DEBUG: org.apache.http.impl.conn.PoolingHttpClientConnectionManager - Connection released: [id: 100][route: {}->http://127.0.0.1:7055][total kept alive: 0; route allocated: 0 of 2000; total allocated: 0 of 2000]
DEBUG: org.apache.http.client.protocol.RequestAddCookies - CookieSpec selected: default
DEBUG: org.apache.http.client.protocol.RequestAuthCache - Auth cache not set in the context
DEBUG: org.apache.http.impl.conn.PoolingHttpClientConnectionManager - Connection request: [route: {}->http://127.0.0.1:7055][total kept alive: 0; route allocated: 0 of 2000; total allocated: 0 of 2000]
DEBUG: org.apache.http.impl.conn.PoolingHttpClientConnectionManager - Connection leased: [id: 101][route: {}->http://127.0.0.1:7055][total kept alive: 0; route allocated: 1 of 2000; total allocated: 1 of 2000]
DEBUG: org.apache.http.impl.execchain.MainClientExec - Opening connection {}->http://127.0.0.1:7055
DEBUG: org.apache.http.impl.conn.DefaultHttpClientConnectionOperator - Connecting to /127.0.0.1:7055
DEBUG: org.apache.http.impl.conn.DefaultHttpClientConnectionOperator - Connection established 127.0.0.1:60761<->127.0.0.1:7055
DEBUG: org.apache.http.impl.conn.DefaultManagedHttpClientConnection - http-outgoing-101: set socket timeout to 10800000
DEBUG: org.apache.http.impl.execchain.MainClientExec - Executing request GET /hub/session/ef37bd3e-2017-2940-a760-71d500ce28c2/element/%7Bd4c788c6-0f91-7b49-9ff0-f8d20876fbb9%7D/text HTTP/1.1
DEBUG: org.apache.http.impl.execchain.MainClientExec - Target auth state: UNCHALLENGED
DEBUG: org.apache.http.impl.execchain.MainClientExec - Proxy auth state: UNCHALLENGED
DEBUG: org.apache.http.headers - http-outgoing-101 >> GET /hub/session/ef37bd3e-2017-2940-a760-71d500ce28c2/element/%7Bd4c788c6-0f91-7b49-9ff0-f8d20876fbb9%7D/text HTTP/1.1
DEBUG: org.apache.http.headers - http-outgoing-101 >> Cache-Control: no-cache
DEBUG: org.apache.http.headers - http-outgoing-101 >> Host: 127.0.0.1:7055
DEBUG: org.apache.http.headers - http-outgoing-101 >> Connection: Keep-Alive
DEBUG: org.apache.http.headers - http-outgoing-101 >> User-Agent: Apache-HttpClient/4.5.2 (Java/1.7.0_79)
DEBUG: org.apache.http.headers - http-outgoing-101 >> Accept-Encoding: gzip,deflate
DEBUG: org.apache.http.wire - http-outgoing-101 >> "GET /hub/session/ef37bd3e-2017-2940-a760-71d500ce28c2/element/%7Bd4c788c6-0f91-7b49-9ff0-f8d20876fbb9%7D/text HTTP/1.1[\r][\n]"
DEBUG: org.apache.http.wire - http-outgoing-101 >> "Cache-Control: no-cache[\r][\n]"
DEBUG: org.apache.http.wire - http-outgoing-101 >> "Host: 127.0.0.1:7055[\r][\n]"
DEBUG: org.apache.http.wire - http-outgoing-101 >> "Connection: Keep-Alive[\r][\n]"
DEBUG: org.apache.http.wire - http-outgoing-101 >> "User-Agent: Apache-HttpClient/4.5.2 (Java/1.7.0_79)[\r][\n]"
DEBUG: org.apache.http.wire - http-outgoing-101 >> "Accept-Encoding: gzip,deflate[\r][\n]"
DEBUG: org.apache.http.wire - http-outgoing-101 >> "[\r][\n]"
DEBUG: org.apache.http.wire - http-outgoing-101 << "HTTP/1.1 200 OK[\r][\n]"
DEBUG: org.apache.http.wire - http-outgoing-101 << "content-type: application/json; charset=UTF-8[\r][\n]"
DEBUG: org.apache.http.wire - http-outgoing-101 << "connection: close[\r][\n]"
DEBUG: org.apache.http.wire - http-outgoing-101 << "content-length: 123[\r][\n]"
DEBUG: org.apache.http.wire - http-outgoing-101 << "server: httpd.js[\r][\n]"
DEBUG: org.apache.http.wire - http-outgoing-101 << "date: Fri, 26 Aug 2016 09:42:51 GMT[\r][\n]"
DEBUG: org.apache.http.wire - http-outgoing-101 << "[\r][\n]"
DEBUG: org.apache.http.headers - http-outgoing-101 << HTTP/1.1 200 OK
DEBUG: org.apache.http.headers - http-outgoing-101 << content-type: application/json; charset=UTF-8
DEBUG: org.apache.http.headers - http-outgoing-101 << connection: close
DEBUG: org.apache.http.headers - http-outgoing-101 << content-length: 123
DEBUG: org.apache.http.headers - http-outgoing-101 << server: httpd.js
DEBUG: org.apache.http.headers - http-outgoing-101 << date: Fri, 26 Aug 2016 09:42:51 GMT
DEBUG: org.apache.http.wire - http-outgoing-101 << "{"name":"getElementText","sessionId":"ef37bd3e-2017-2940-a760-71d500ce28c2","status":0,"value":"403 Your access is denied"}"
DEBUG: org.apache.http.impl.conn.DefaultManagedHttpClientConnection - http-outgoing-101: Close connection
DEBUG: org.apache.http.impl.execchain.MainClientExec - Connection discarded
DEBUG: org.apache.http.impl.conn.PoolingHttpClientConnectionManager - Connection released: [id: 101][route: {}->http://127.0.0.1:7055][total kept alive: 0; route allocated: 0 of 2000; total allocated: 0 of 2000]
DEBUG: org.apache.http.client.protocol.RequestAddCookies - CookieSpec selected: default
DEBUG: org.apache.http.client.protocol.RequestAuthCache - Auth cache not set in the context
DEBUG: org.apache.http.impl.conn.PoolingHttpClientConnectionManager - Connection request: [route: {}->http://127.0.0.1:7055][total kept alive: 0; route allocated: 0 of 2000; total allocated: 0 of 2000]
DEBUG: org.apache.http.impl.conn.PoolingHttpClientConnectionManager - Connection leased: [id: 102][route: {}->http://127.0.0.1:7055][total kept alive: 0; route allocated: 1 of 2000; total allocated: 1 of 2000]
DEBUG: org.apache.http.impl.execchain.MainClientExec - Opening connection {}->http://127.0.0.1:7055
DEBUG: org.apache.http.impl.conn.DefaultHttpClientConnectionOperator - Connecting to /127.0.0.1:7055
DEBUG: org.apache.http.impl.conn.DefaultHttpClientConnectionOperator - Connection established 127.0.0.1:60762<->127.0.0.1:7055
DEBUG: org.apache.http.impl.conn.DefaultManagedHttpClientConnection - http-outgoing-102: set socket timeout to 10800000
DEBUG: org.apache.http.impl.execchain.MainClientExec - Executing request POST /hub/session/ef37bd3e-2017-2940-a760-71d500ce28c2/url HTTP/1.1
DEBUG: org.apache.http.impl.execchain.MainClientExec - Target auth state: UNCHALLENGED
DEBUG: org.apache.http.impl.execchain.MainClientExec - Proxy auth state: UNCHALLENGED
DEBUG: org.apache.http.headers - http-outgoing-102 >> POST /hub/session/ef37bd3e-2017-2940-a760-71d500ce28c2/url HTTP/1.1
DEBUG: org.apache.http.headers - http-outgoing-102 >> Content-Type: application/json; charset=utf-8
DEBUG: org.apache.http.headers - http-outgoing-102 >> Content-Length: 37
DEBUG: org.apache.http.headers - http-outgoing-102 >> Host: 127.0.0.1:7055
DEBUG: org.apache.http.headers - http-outgoing-102 >> Connection: Keep-Alive
DEBUG: org.apache.http.headers - http-outgoing-102 >> User-Agent: Apache-HttpClient/4.5.2 (Java/1.7.0_79)
DEBUG: org.apache.http.headers - http-outgoing-102 >> Accept-Encoding: gzip,deflate
DEBUG: org.apache.http.wire - http-outgoing-102 >> "POST /hub/session/ef37bd3e-2017-2940-a760-71d500ce28c2/url HTTP/1.1[\r][\n]"
DEBUG: org.apache.http.wire - http-outgoing-102 >> "Content-Type: application/json; charset=utf-8[\r][\n]"
DEBUG: org.apache.http.wire - http-outgoing-102 >> "Content-Length: 37[\r][\n]"
DEBUG: org.apache.http.wire - http-outgoing-102 >> "Host: 127.0.0.1:7055[\r][\n]"
DEBUG: org.apache.http.wire - http-outgoing-102 >> "Connection: Keep-Alive[\r][\n]"
DEBUG: org.apache.http.wire - http-outgoing-102 >> "User-Agent: Apache-HttpClient/4.5.2 (Java/1.7.0_79)[\r][\n]"
DEBUG: org.apache.http.wire - http-outgoing-102 >> "Accept-Encoding: gzip,deflate[\r][\n]"
DEBUG: org.apache.http.wire - http-outgoing-102 >> "[\r][\n]"
DEBUG: org.apache.http.wire - http-outgoing-102 >> "{"url":"http://localhost:8080/login"}"
DEBUG: org.apache.http.wire - http-outgoing-102 << "HTTP/1.1 200 OK[\r][\n]"
DEBUG: org.apache.http.wire - http-outgoing-102 << "content-type: application/json; charset=UTF-8[\r][\n]"
DEBUG: org.apache.http.wire - http-outgoing-102 << "connection: close[\r][\n]"
DEBUG: org.apache.http.wire - http-outgoing-102 << "content-length: 87[\r][\n]"
DEBUG: org.apache.http.wire - http-outgoing-102 << "server: httpd.js[\r][\n]"
DEBUG: org.apache.http.wire - http-outgoing-102 << "date: Fri, 26 Aug 2016 09:42:51 GMT[\r][\n]"
DEBUG: org.apache.http.wire - http-outgoing-102 << "[\r][\n]"
DEBUG: org.apache.http.headers - http-outgoing-102 << HTTP/1.1 200 OK
DEBUG: org.apache.http.headers - http-outgoing-102 << content-type: application/json; charset=UTF-8
DEBUG: org.apache.http.headers - http-outgoing-102 << connection: close
DEBUG: org.apache.http.headers - http-outgoing-102 << content-length: 87
DEBUG: org.apache.http.headers - http-outgoing-102 << server: httpd.js
DEBUG: org.apache.http.headers - http-outgoing-102 << date: Fri, 26 Aug 2016 09:42:51 GMT
DEBUG: org.apache.http.wire - http-outgoing-102 << "{"name":"get","sessionId":"ef37bd3e-2017-2940-a760-71d500ce28c2","status":0,"value":""}"
DEBUG: org.apache.http.impl.conn.DefaultManagedHttpClientConnection - http-outgoing-102: Close connection
DEBUG: org.apache.http.impl.execchain.MainClientExec - Connection discarded
DEBUG: org.apache.http.impl.conn.PoolingHttpClientConnectionManager - Connection released: [id: 102][route: {}->http://127.0.0.1:7055][total kept alive: 0; route allocated: 0 of 2000; total allocated: 0 of 2000]
DEBUG: org.apache.http.client.protocol.RequestAddCookies - CookieSpec selected: default
DEBUG: org.apache.http.client.protocol.RequestAuthCache - Auth cache not set in the context
DEBUG: org.apache.http.impl.conn.PoolingHttpClientConnectionManager - Connection request: [route: {}->http://127.0.0.1:7055][total kept alive: 0; route allocated: 0 of 2000; total allocated: 0 of 2000]
DEBUG: org.apache.http.impl.conn.PoolingHttpClientConnectionManager - Connection leased: [id: 103][route: {}->http://127.0.0.1:7055][total kept alive: 0; route allocated: 1 of 2000; total allocated: 1 of 2000]
DEBUG: org.apache.http.impl.execchain.MainClientExec - Opening connection {}->http://127.0.0.1:7055
DEBUG: org.apache.http.impl.conn.DefaultHttpClientConnectionOperator - Connecting to /127.0.0.1:7055
DEBUG: org.apache.http.impl.conn.DefaultHttpClientConnectionOperator - Connection established 127.0.0.1:60763<->127.0.0.1:7055
DEBUG: org.apache.http.impl.conn.DefaultManagedHttpClientConnection - http-outgoing-103: set socket timeout to 10800000
DEBUG: org.apache.http.impl.execchain.MainClientExec - Executing request POST /hub/session/ef37bd3e-2017-2940-a760-71d500ce28c2/element HTTP/1.1
DEBUG: org.apache.http.impl.execchain.MainClientExec - Target auth state: UNCHALLENGED
DEBUG: org.apache.http.impl.execchain.MainClientExec - Proxy auth state: UNCHALLENGED
DEBUG: org.apache.http.headers - http-outgoing-103 >> POST /hub/session/ef37bd3e-2017-2940-a760-71d500ce28c2/element HTTP/1.1
DEBUG: org.apache.http.headers - http-outgoing-103 >> Content-Type: application/json; charset=utf-8
DEBUG: org.apache.http.headers - http-outgoing-103 >> Content-Length: 37
DEBUG: org.apache.http.headers - http-outgoing-103 >> Host: 127.0.0.1:7055
DEBUG: org.apache.http.headers - http-outgoing-103 >> Connection: Keep-Alive
DEBUG: org.apache.http.headers - http-outgoing-103 >> User-Agent: Apache-HttpClient/4.5.2 (Java/1.7.0_79)
DEBUG: org.apache.http.headers - http-outgoing-103 >> Accept-Encoding: gzip,deflate
DEBUG: org.apache.http.wire - http-outgoing-103 >> "POST /hub/session/ef37bd3e-2017-2940-a760-71d500ce28c2/element HTTP/1.1[\r][\n]"
DEBUG: org.apache.http.wire - http-outgoing-103 >> "Content-Type: application/json; charset=utf-8[\r][\n]"
DEBUG: org.apache.http.wire - http-outgoing-103 >> "Content-Length: 37[\r][\n]"
DEBUG: org.apache.http.wire - http-outgoing-103 >> "Host: 127.0.0.1:7055[\r][\n]"
DEBUG: org.apache.http.wire - http-outgoing-103 >> "Connection: Keep-Alive[\r][\n]"
DEBUG: org.apache.http.wire - http-outgoing-103 >> "User-Agent: Apache-HttpClient/4.5.2 (Java/1.7.0_79)[\r][\n]"
DEBUG: org.apache.http.wire - http-outgoing-103 >> "Accept-Encoding: gzip,deflate[\r][\n]"
DEBUG: org.apache.http.wire - http-outgoing-103 >> "[\r][\n]"
DEBUG: org.apache.http.wire - http-outgoing-103 >> "{"using":"name","value":"j_username"}"
DEBUG: org.apache.http.wire - http-outgoing-103 << "HTTP/1.1 200 OK[\r][\n]"
DEBUG: org.apache.http.wire - http-outgoing-103 << "content-type: application/json; charset=UTF-8[\r][\n]"
DEBUG: org.apache.http.wire - http-outgoing-103 << "connection: close[\r][\n]"
DEBUG: org.apache.http.wire - http-outgoing-103 << "content-length: 224[\r][\n]"
DEBUG: org.apache.http.wire - http-outgoing-103 << "server: httpd.js[\r][\n]"
DEBUG: org.apache.http.wire - http-outgoing-103 << "date: Fri, 26 Aug 2016 09:42:51 GMT[\r][\n]"
DEBUG: org.apache.http.wire - http-outgoing-103 << "[\r][\n]"
DEBUG: org.apache.http.headers - http-outgoing-103 << HTTP/1.1 200 OK
DEBUG: org.apache.http.headers - http-outgoing-103 << content-type: application/json; charset=UTF-8
DEBUG: org.apache.http.headers - http-outgoing-103 << connection: close
DEBUG: org.apache.http.headers - http-outgoing-103 << content-length: 224
DEBUG: org.apache.http.headers - http-outgoing-103 << server: httpd.js
DEBUG: org.apache.http.headers - http-outgoing-103 << date: Fri, 26 Aug 2016 09:42:51 GMT
DEBUG: org.apache.http.wire - http-outgoing-103 << "{"name":"findElement","sessionId":"ef37bd3e-2017-2940-a760-71d500ce28c2","status":0,"value":{"ELEMENT":"{a6552bef-183a-b648-af20-f6be9d9d7a0a}","element-6066-11e4-a52e-4f735466cecf":"{a6552bef-183a-b648-af20-f6be9d9d7a0a}"}}"
DEBUG: org.apache.http.impl.conn.DefaultManagedHttpClientConnection - http-outgoing-103: Close connection
DEBUG: org.apache.http.impl.execchain.MainClientExec - Connection discarded
DEBUG: org.apache.http.impl.conn.PoolingHttpClientConnectionManager - Connection released: [id: 103][route: {}->http://127.0.0.1:7055][total kept alive: 0; route allocated: 0 of 2000; total allocated: 0 of 2000]
DEBUG: org.apache.http.client.protocol.RequestAddCookies - CookieSpec selected: default
DEBUG: org.apache.http.client.protocol.RequestAuthCache - Auth cache not set in the context
DEBUG: org.apache.http.impl.conn.PoolingHttpClientConnectionManager - Connection request: [route: {}->http://127.0.0.1:7055][total kept alive: 0; route allocated: 0 of 2000; total allocated: 0 of 2000]
DEBUG: org.apache.http.impl.conn.PoolingHttpClientConnectionManager - Connection leased: [id: 104][route: {}->http://127.0.0.1:7055][total kept alive: 0; route allocated: 1 of 2000; total allocated: 1 of 2000]
DEBUG: org.apache.http.impl.execchain.MainClientExec - Opening connection {}->http://127.0.0.1:7055
DEBUG: org.apache.http.impl.conn.DefaultHttpClientConnectionOperator - Connecting to /127.0.0.1:7055
DEBUG: org.apache.http.impl.conn.DefaultHttpClientConnectionOperator - Connection established 127.0.0.1:60764<->127.0.0.1:7055
DEBUG: org.apache.http.impl.conn.DefaultManagedHttpClientConnection - http-outgoing-104: set socket timeout to 10800000
DEBUG: org.apache.http.impl.execchain.MainClientExec - Executing request POST /hub/session/ef37bd3e-2017-2940-a760-71d500ce28c2/element HTTP/1.1
DEBUG: org.apache.http.impl.execchain.MainClientExec - Target auth state: UNCHALLENGED
DEBUG: org.apache.http.impl.execchain.MainClientExec - Proxy auth state: UNCHALLENGED
DEBUG: org.apache.http.headers - http-outgoing-104 >> POST /hub/session/ef37bd3e-2017-2940-a760-71d500ce28c2/element HTTP/1.1
DEBUG: org.apache.http.headers - http-outgoing-104 >> Content-Type: application/json; charset=utf-8
DEBUG: org.apache.http.headers - http-outgoing-104 >> Content-Length: 37
DEBUG: org.apache.http.headers - http-outgoing-104 >> Host: 127.0.0.1:7055
DEBUG: org.apache.http.headers - http-outgoing-104 >> Connection: Keep-Alive
DEBUG: org.apache.http.headers - http-outgoing-104 >> User-Agent: Apache-HttpClient/4.5.2 (Java/1.7.0_79)
DEBUG: org.apache.http.headers - http-outgoing-104 >> Accept-Encoding: gzip,deflate
DEBUG: org.apache.http.wire - http-outgoing-104 >> "POST /hub/session/ef37bd3e-2017-2940-a760-71d500ce28c2/element HTTP/1.1[\r][\n]"
DEBUG: org.apache.http.wire - http-outgoing-104 >> "Content-Type: application/json; charset=utf-8[\r][\n]"
DEBUG: org.apache.http.wire - http-outgoing-104 >> "Content-Length: 37[\r][\n]"
DEBUG: org.apache.http.wire - http-outgoing-104 >> "Host: 127.0.0.1:7055[\r][\n]"
DEBUG: org.apache.http.wire - http-outgoing-104 >> "Connection: Keep-Alive[\r][\n]"
DEBUG: org.apache.http.wire - http-outgoing-104 >> "User-Agent: Apache-HttpClient/4.5.2 (Java/1.7.0_79)[\r][\n]"
DEBUG: org.apache.http.wire - http-outgoing-104 >> "Accept-Encoding: gzip,deflate[\r][\n]"
DEBUG: org.apache.http.wire - http-outgoing-104 >> "[\r][\n]"
DEBUG: org.apache.http.wire - http-outgoing-104 >> "{"using":"name","value":"j_username"}"
DEBUG: org.apache.http.wire - http-outgoing-104 << "HTTP/1.1 200 OK[\r][\n]"
DEBUG: org.apache.http.wire - http-outgoing-104 << "content-type: application/json; charset=UTF-8[\r][\n]"
DEBUG: org.apache.http.wire - http-outgoing-104 << "connection: close[\r][\n]"
DEBUG: org.apache.http.wire - http-outgoing-104 << "content-length: 224[\r][\n]"
DEBUG: org.apache.http.wire - http-outgoing-104 << "server: httpd.js[\r][\n]"
DEBUG: org.apache.http.wire - http-outgoing-104 << "date: Fri, 26 Aug 2016 09:42:51 GMT[\r][\n]"
DEBUG: org.apache.http.wire - http-outgoing-104 << "[\r][\n]"
DEBUG: org.apache.http.headers - http-outgoing-104 << HTTP/1.1 200 OK
DEBUG: org.apache.http.headers - http-outgoing-104 << content-type: application/json; charset=UTF-8
DEBUG: org.apache.http.headers - http-outgoing-104 << connection: close
DEBUG: org.apache.http.headers - http-outgoing-104 << content-length: 224
DEBUG: org.apache.http.headers - http-outgoing-104 << server: httpd.js
DEBUG: org.apache.http.headers - http-outgoing-104 << date: Fri, 26 Aug 2016 09:42:51 GMT
DEBUG: org.apache.http.wire - http-outgoing-104 << "{"name":"findElement","sessionId":"ef37bd3e-2017-2940-a760-71d500ce28c2","status":0,"value":{"ELEMENT":"{a6552bef-183a-b648-af20-f6be9d9d7a0a}","element-6066-11e4-a52e-4f735466cecf":"{a6552bef-183a-b648-af20-f6be9d9d7a0a}"}}"
DEBUG: org.apache.http.impl.conn.DefaultManagedHttpClientConnection - http-outgoing-104: Close connection
DEBUG: org.apache.http.impl.execchain.MainClientExec - Connection discarded
DEBUG: org.apache.http.impl.conn.PoolingHttpClientConnectionManager - Connection released: [id: 104][route: {}->http://127.0.0.1:7055][total kept alive: 0; route allocated: 0 of 2000; total allocated: 0 of 2000]
DEBUG: org.apache.http.client.protocol.RequestAddCookies - CookieSpec selected: default
DEBUG: org.apache.http.client.protocol.RequestAuthCache - Auth cache not set in the context
DEBUG: org.apache.http.impl.conn.PoolingHttpClientConnectionManager - Connection request: [route: {}->http://127.0.0.1:7055][total kept alive: 0; route allocated: 0 of 2000; total allocated: 0 of 2000]
DEBUG: org.apache.http.impl.conn.PoolingHttpClientConnectionManager - Connection leased: [id: 105][route: {}->http://127.0.0.1:7055][total kept alive: 0; route allocated: 1 of 2000; total allocated: 1 of 2000]
DEBUG: org.apache.http.impl.execchain.MainClientExec - Opening connection {}->http://127.0.0.1:7055
DEBUG: org.apache.http.impl.conn.DefaultHttpClientConnectionOperator - Connecting to /127.0.0.1:7055
DEBUG: org.apache.http.impl.conn.DefaultHttpClientConnectionOperator - Connection established 127.0.0.1:60765<->127.0.0.1:7055
DEBUG: org.apache.http.impl.conn.DefaultManagedHttpClientConnection - http-outgoing-105: set socket timeout to 10800000
DEBUG: org.apache.http.impl.execchain.MainClientExec - Executing request POST /hub/session/ef37bd3e-2017-2940-a760-71d500ce28c2/element/%7Ba6552bef-183a-b648-af20-f6be9d9d7a0a%7D/value HTTP/1.1
DEBUG: org.apache.http.impl.execchain.MainClientExec - Target auth state: UNCHALLENGED
DEBUG: org.apache.http.impl.execchain.MainClientExec - Proxy auth state: UNCHALLENGED
DEBUG: org.apache.http.headers - http-outgoing-105 >> POST /hub/session/ef37bd3e-2017-2940-a760-71d500ce28c2/element/%7Ba6552bef-183a-b648-af20-f6be9d9d7a0a%7D/value HTTP/1.1
DEBUG: org.apache.http.headers - http-outgoing-105 >> Content-Type: application/json; charset=utf-8
DEBUG: org.apache.http.headers - http-outgoing-105 >> Content-Length: 70
DEBUG: org.apache.http.headers - http-outgoing-105 >> Host: 127.0.0.1:7055
DEBUG: org.apache.http.headers - http-outgoing-105 >> Connection: Keep-Alive
DEBUG: org.apache.http.headers - http-outgoing-105 >> User-Agent: Apache-HttpClient/4.5.2 (Java/1.7.0_79)
DEBUG: org.apache.http.headers - http-outgoing-105 >> Accept-Encoding: gzip,deflate
DEBUG: org.apache.http.wire - http-outgoing-105 >> "POST /hub/session/ef37bd3e-2017-2940-a760-71d500ce28c2/element/%7Ba6552bef-183a-b648-af20-f6be9d9d7a0a%7D/value HTTP/1.1[\r][\n]"
DEBUG: org.apache.http.wire - http-outgoing-105 >> "Content-Type: application/json; charset=utf-8[\r][\n]"
DEBUG: org.apache.http.wire - http-outgoing-105 >> "Content-Length: 70[\r][\n]"
DEBUG: org.apache.http.wire - http-outgoing-105 >> "Host: 127.0.0.1:7055[\r][\n]"
DEBUG: org.apache.http.wire - http-outgoing-105 >> "Connection: Keep-Alive[\r][\n]"
DEBUG: org.apache.http.wire - http-outgoing-105 >> "User-Agent: Apache-HttpClient/4.5.2 (Java/1.7.0_79)[\r][\n]"
DEBUG: org.apache.http.wire - http-outgoing-105 >> "Accept-Encoding: gzip,deflate[\r][\n]"
DEBUG: org.apache.http.wire - http-outgoing-105 >> "[\r][\n]"
DEBUG: org.apache.http.wire - http-outgoing-105 >> "{"id":"{a6552bef-183a-b648-af20-f6be9d9d7a0a}","value":["Arno Admin"]}"
DEBUG: org.apache.http.wire - http-outgoing-105 << "HTTP/1.1 200 OK[\r][\n]"
DEBUG: org.apache.http.wire - http-outgoing-105 << "content-type: application/json; charset=UTF-8[\r][\n]"
DEBUG: org.apache.http.wire - http-outgoing-105 << "connection: close[\r][\n]"
DEBUG: org.apache.http.wire - http-outgoing-105 << "content-length: 101[\r][\n]"
DEBUG: org.apache.http.wire - http-outgoing-105 << "server: httpd.js[\r][\n]"
DEBUG: org.apache.http.wire - http-outgoing-105 << "date: Fri, 26 Aug 2016 09:42:51 GMT[\r][\n]"
DEBUG: org.apache.http.wire - http-outgoing-105 << "[\r][\n]"
DEBUG: org.apache.http.headers - http-outgoing-105 << HTTP/1.1 200 OK
DEBUG: org.apache.http.headers - http-outgoing-105 << content-type: application/json; charset=UTF-8
DEBUG: org.apache.http.headers - http-outgoing-105 << connection: close
DEBUG: org.apache.http.headers - http-outgoing-105 << content-length: 101
DEBUG: org.apache.http.headers - http-outgoing-105 << server: httpd.js
DEBUG: org.apache.http.headers - http-outgoing-105 << date: Fri, 26 Aug 2016 09:42:51 GMT
DEBUG: org.apache.http.wire - http-outgoing-105 << "{"name":"sendKeysToElement","sessionId":"ef37bd3e-2017-2940-a760-71d500ce28c2","status":0,"value":""}"
DEBUG: org.apache.http.impl.conn.DefaultManagedHttpClientConnection - http-outgoing-105: Close connection
DEBUG: org.apache.http.impl.execchain.MainClientExec - Connection discarded
DEBUG: org.apache.http.impl.conn.PoolingHttpClientConnectionManager - Connection released: [id: 105][route: {}->http://127.0.0.1:7055][total kept alive: 0; route allocated: 0 of 2000; total allocated: 0 of 2000]
DEBUG: org.apache.http.client.protocol.RequestAddCookies - CookieSpec selected: default
DEBUG: org.apache.http.client.protocol.RequestAuthCache - Auth cache not set in the context
DEBUG: org.apache.http.impl.conn.PoolingHttpClientConnectionManager - Connection request: [route: {}->http://127.0.0.1:7055][total kept alive: 0; route allocated: 0 of 2000; total allocated: 0 of 2000]
DEBUG: org.apache.http.impl.conn.PoolingHttpClientConnectionManager - Connection leased: [id: 106][route: {}->http://127.0.0.1:7055][total kept alive: 0; route allocated: 1 of 2000; total allocated: 1 of 2000]
DEBUG: org.apache.http.impl.execchain.MainClientExec - Opening connection {}->http://127.0.0.1:7055
DEBUG: org.apache.http.impl.conn.DefaultHttpClientConnectionOperator - Connecting to /127.0.0.1:7055
DEBUG: org.apache.http.impl.conn.DefaultHttpClientConnectionOperator - Connection established 127.0.0.1:60766<->127.0.0.1:7055
DEBUG: org.apache.http.impl.conn.DefaultManagedHttpClientConnection - http-outgoing-106: set socket timeout to 10800000
DEBUG: org.apache.http.impl.execchain.MainClientExec - Executing request POST /hub/session/ef37bd3e-2017-2940-a760-71d500ce28c2/element HTTP/1.1
DEBUG: org.apache.http.impl.execchain.MainClientExec - Target auth state: UNCHALLENGED
DEBUG: org.apache.http.impl.execchain.MainClientExec - Proxy auth state: UNCHALLENGED
DEBUG: org.apache.http.headers - http-outgoing-106 >> POST /hub/session/ef37bd3e-2017-2940-a760-71d500ce28c2/element HTTP/1.1
DEBUG: org.apache.http.headers - http-outgoing-106 >> Content-Type: application/json; charset=utf-8
DEBUG: org.apache.http.headers - http-outgoing-106 >> Content-Length: 37
DEBUG: org.apache.http.headers - http-outgoing-106 >> Host: 127.0.0.1:7055
DEBUG: org.apache.http.headers - http-outgoing-106 >> Connection: Keep-Alive
DEBUG: org.apache.http.headers - http-outgoing-106 >> User-Agent: Apache-HttpClient/4.5.2 (Java/1.7.0_79)
DEBUG: org.apache.http.headers - http-outgoing-106 >> Accept-Encoding: gzip,deflate
DEBUG: org.apache.http.wire - http-outgoing-106 >> "POST /hub/session/ef37bd3e-2017-2940-a760-71d500ce28c2/element HTTP/1.1[\r][\n]"
DEBUG: org.apache.http.wire - http-outgoing-106 >> "Content-Type: application/json; charset=utf-8[\r][\n]"
DEBUG: org.apache.http.wire - http-outgoing-106 >> "Content-Length: 37[\r][\n]"
DEBUG: org.apache.http.wire - http-outgoing-106 >> "Host: 127.0.0.1:7055[\r][\n]"
DEBUG: org.apache.http.wire - http-outgoing-106 >> "Connection: Keep-Alive[\r][\n]"
DEBUG: org.apache.http.wire - http-outgoing-106 >> "User-Agent: Apache-HttpClient/4.5.2 (Java/1.7.0_79)[\r][\n]"
DEBUG: org.apache.http.wire - http-outgoing-106 >> "Accept-Encoding: gzip,deflate[\r][\n]"
DEBUG: org.apache.http.wire - http-outgoing-106 >> "[\r][\n]"
DEBUG: org.apache.http.wire - http-outgoing-106 >> "{"using":"name","value":"j_password"}"
DEBUG: org.apache.http.wire - http-outgoing-106 << "HTTP/1.1 200 OK[\r][\n]"
DEBUG: org.apache.http.wire - http-outgoing-106 << "content-type: application/json; charset=UTF-8[\r][\n]"
DEBUG: org.apache.http.wire - http-outgoing-106 << "connection: close[\r][\n]"
DEBUG: org.apache.http.wire - http-outgoing-106 << "content-length: 224[\r][\n]"
DEBUG: org.apache.http.wire - http-outgoing-106 << "server: httpd.js[\r][\n]"
DEBUG: org.apache.http.wire - http-outgoing-106 << "date: Fri, 26 Aug 2016 09:42:51 GMT[\r][\n]"
DEBUG: org.apache.http.wire - http-outgoing-106 << "[\r][\n]"
DEBUG: org.apache.http.headers - http-outgoing-106 << HTTP/1.1 200 OK
DEBUG: org.apache.http.headers - http-outgoing-106 << content-type: application/json; charset=UTF-8
DEBUG: org.apache.http.headers - http-outgoing-106 << connection: close
DEBUG: org.apache.http.headers - http-outgoing-106 << content-length: 224
DEBUG: org.apache.http.headers - http-outgoing-106 << server: httpd.js
DEBUG: org.apache.http.headers - http-outgoing-106 << date: Fri, 26 Aug 2016 09:42:51 GMT
DEBUG: org.apache.http.wire - http-outgoing-106 << "{"name":"findElement","sessionId":"ef37bd3e-2017-2940-a760-71d500ce28c2","status":0,"value":{"ELEMENT":"{97974c6c-d0b5-c246-96fb-d0edca117dcf}","element-6066-11e4-a52e-4f735466cecf":"{97974c6c-d0b5-c246-96fb-d0edca117dcf}"}}"
DEBUG: org.apache.http.impl.conn.DefaultManagedHttpClientConnection - http-outgoing-106: Close connection
DEBUG: org.apache.http.impl.execchain.MainClientExec - Connection discarded
DEBUG: org.apache.http.impl.conn.PoolingHttpClientConnectionManager - Connection released: [id: 106][route: {}->http://127.0.0.1:7055][total kept alive: 0; route allocated: 0 of 2000; total allocated: 0 of 2000]
DEBUG: org.apache.http.client.protocol.RequestAddCookies - CookieSpec selected: default
DEBUG: org.apache.http.client.protocol.RequestAuthCache - Auth cache not set in the context
DEBUG: org.apache.http.impl.conn.PoolingHttpClientConnectionManager - Connection request: [route: {}->http://127.0.0.1:7055][total kept alive: 0; route allocated: 0 of 2000; total allocated: 0 of 2000]
DEBUG: org.apache.http.impl.conn.PoolingHttpClientConnectionManager - Connection leased: [id: 107][route: {}->http://127.0.0.1:7055][total kept alive: 0; route allocated: 1 of 2000; total allocated: 1 of 2000]
DEBUG: org.apache.http.impl.execchain.MainClientExec - Opening connection {}->http://127.0.0.1:7055
DEBUG: org.apache.http.impl.conn.DefaultHttpClientConnectionOperator - Connecting to /127.0.0.1:7055
DEBUG: org.apache.http.impl.conn.DefaultHttpClientConnectionOperator - Connection established 127.0.0.1:60767<->127.0.0.1:7055
DEBUG: org.apache.http.impl.conn.DefaultManagedHttpClientConnection - http-outgoing-107: set socket timeout to 10800000
DEBUG: org.apache.http.impl.execchain.MainClientExec - Executing request POST /hub/session/ef37bd3e-2017-2940-a760-71d500ce28c2/element/%7B97974c6c-d0b5-c246-96fb-d0edca117dcf%7D/value HTTP/1.1
DEBUG: org.apache.http.impl.execchain.MainClientExec - Target auth state: UNCHALLENGED
DEBUG: org.apache.http.impl.execchain.MainClientExec - Proxy auth state: UNCHALLENGED
DEBUG: org.apache.http.headers - http-outgoing-107 >> POST /hub/session/ef37bd3e-2017-2940-a760-71d500ce28c2/element/%7B97974c6c-d0b5-c246-96fb-d0edca117dcf%7D/value HTTP/1.1
DEBUG: org.apache.http.headers - http-outgoing-107 >> Content-Type: application/json; charset=utf-8
DEBUG: org.apache.http.headers - http-outgoing-107 >> Content-Length: 66
DEBUG: org.apache.http.headers - http-outgoing-107 >> Host: 127.0.0.1:7055
DEBUG: org.apache.http.headers - http-outgoing-107 >> Connection: Keep-Alive
DEBUG: org.apache.http.headers - http-outgoing-107 >> User-Agent: Apache-HttpClient/4.5.2 (Java/1.7.0_79)
DEBUG: org.apache.http.headers - http-outgoing-107 >> Accept-Encoding: gzip,deflate
DEBUG: org.apache.http.wire - http-outgoing-107 >> "POST /hub/session/ef37bd3e-2017-2940-a760-71d500ce28c2/element/%7B97974c6c-d0b5-c246-96fb-d0edca117dcf%7D/value HTTP/1.1[\r][\n]"
DEBUG: org.apache.http.wire - http-outgoing-107 >> "Content-Type: application/json; charset=utf-8[\r][\n]"
DEBUG: org.apache.http.wire - http-outgoing-107 >> "Content-Length: 66[\r][\n]"
DEBUG: org.apache.http.wire - http-outgoing-107 >> "Host: 127.0.0.1:7055[\r][\n]"
DEBUG: org.apache.http.wire - http-outgoing-107 >> "Connection: Keep-Alive[\r][\n]"
DEBUG: org.apache.http.wire - http-outgoing-107 >> "User-Agent: Apache-HttpClient/4.5.2 (Java/1.7.0_79)[\r][\n]"
DEBUG: org.apache.http.wire - http-outgoing-107 >> "Accept-Encoding: gzip,deflate[\r][\n]"
DEBUG: org.apache.http.wire - http-outgoing-107 >> "[\r][\n]"
DEBUG: org.apache.http.wire - http-outgoing-107 >> "{"id":"{97974c6c-d0b5-c246-96fb-d0edca117dcf}","value":["secret"]}"
DEBUG: org.apache.http.wire - http-outgoing-107 << "HTTP/1.1 200 OK[\r][\n]"
DEBUG: org.apache.http.wire - http-outgoing-107 << "content-type: application/json; charset=UTF-8[\r][\n]"
DEBUG: org.apache.http.wire - http-outgoing-107 << "connection: close[\r][\n]"
DEBUG: org.apache.http.wire - http-outgoing-107 << "content-length: 101[\r][\n]"
DEBUG: org.apache.http.wire - http-outgoing-107 << "server: httpd.js[\r][\n]"
DEBUG: org.apache.http.wire - http-outgoing-107 << "date: Fri, 26 Aug 2016 09:42:51 GMT[\r][\n]"
DEBUG: org.apache.http.wire - http-outgoing-107 << "[\r][\n]"
DEBUG: org.apache.http.headers - http-outgoing-107 << HTTP/1.1 200 OK
DEBUG: org.apache.http.headers - http-outgoing-107 << content-type: application/json; charset=UTF-8
DEBUG: org.apache.http.headers - http-outgoing-107 << connection: close
DEBUG: org.apache.http.headers - http-outgoing-107 << content-length: 101
DEBUG: org.apache.http.headers - http-outgoing-107 << server: httpd.js
DEBUG: org.apache.http.headers - http-outgoing-107 << date: Fri, 26 Aug 2016 09:42:51 GMT
DEBUG: org.apache.http.wire - http-outgoing-107 << "{"name":"sendKeysToElement","sessionId":"ef37bd3e-2017-2940-a760-71d500ce28c2","status":0,"value":""}"
DEBUG: org.apache.http.impl.conn.DefaultManagedHttpClientConnection - http-outgoing-107: Close connection
DEBUG: org.apache.http.impl.execchain.MainClientExec - Connection discarded
DEBUG: org.apache.http.impl.conn.PoolingHttpClientConnectionManager - Connection released: [id: 107][route: {}->http://127.0.0.1:7055][total kept alive: 0; route allocated: 0 of 2000; total allocated: 0 of 2000]
DEBUG: org.apache.http.client.protocol.RequestAddCookies - CookieSpec selected: default
DEBUG: org.apache.http.client.protocol.RequestAuthCache - Auth cache not set in the context
DEBUG: org.apache.http.impl.conn.PoolingHttpClientConnectionManager - Connection request: [route: {}->http://127.0.0.1:7055][total kept alive: 0; route allocated: 0 of 2000; total allocated: 0 of 2000]
DEBUG: org.apache.http.impl.conn.PoolingHttpClientConnectionManager - Connection leased: [id: 108][route: {}->http://127.0.0.1:7055][total kept alive: 0; route allocated: 1 of 2000; total allocated: 1 of 2000]
DEBUG: org.apache.http.impl.execchain.MainClientExec - Opening connection {}->http://127.0.0.1:7055
DEBUG: org.apache.http.impl.conn.DefaultHttpClientConnectionOperator - Connecting to /127.0.0.1:7055
DEBUG: org.apache.http.impl.conn.DefaultHttpClientConnectionOperator - Connection established 127.0.0.1:60768<->127.0.0.1:7055
DEBUG: org.apache.http.impl.conn.DefaultManagedHttpClientConnection - http-outgoing-108: set socket timeout to 10800000
DEBUG: org.apache.http.impl.execchain.MainClientExec - Executing request POST /hub/session/ef37bd3e-2017-2940-a760-71d500ce28c2/element HTTP/1.1
DEBUG: org.apache.http.impl.execchain.MainClientExec - Target auth state: UNCHALLENGED
DEBUG: org.apache.http.impl.execchain.MainClientExec - Proxy auth state: UNCHALLENGED
DEBUG: org.apache.http.headers - http-outgoing-108 >> POST /hub/session/ef37bd3e-2017-2940-a760-71d500ce28c2/element HTTP/1.1
DEBUG: org.apache.http.headers - http-outgoing-108 >> Content-Type: application/json; charset=utf-8
DEBUG: org.apache.http.headers - http-outgoing-108 >> Content-Length: 33
DEBUG: org.apache.http.headers - http-outgoing-108 >> Host: 127.0.0.1:7055
DEBUG: org.apache.http.headers - http-outgoing-108 >> Connection: Keep-Alive
DEBUG: org.apache.http.headers - http-outgoing-108 >> User-Agent: Apache-HttpClient/4.5.2 (Java/1.7.0_79)
DEBUG: org.apache.http.headers - http-outgoing-108 >> Accept-Encoding: gzip,deflate
DEBUG: org.apache.http.wire - http-outgoing-108 >> "POST /hub/session/ef37bd3e-2017-2940-a760-71d500ce28c2/element HTTP/1.1[\r][\n]"
DEBUG: org.apache.http.wire - http-outgoing-108 >> "Content-Type: application/json; charset=utf-8[\r][\n]"
DEBUG: org.apache.http.wire - http-outgoing-108 >> "Content-Length: 33[\r][\n]"
DEBUG: org.apache.http.wire - http-outgoing-108 >> "Host: 127.0.0.1:7055[\r][\n]"
DEBUG: org.apache.http.wire - http-outgoing-108 >> "Connection: Keep-Alive[\r][\n]"
DEBUG: org.apache.http.wire - http-outgoing-108 >> "User-Agent: Apache-HttpClient/4.5.2 (Java/1.7.0_79)[\r][\n]"
DEBUG: org.apache.http.wire - http-outgoing-108 >> "Accept-Encoding: gzip,deflate[\r][\n]"
DEBUG: org.apache.http.wire - http-outgoing-108 >> "[\r][\n]"
DEBUG: org.apache.http.wire - http-outgoing-108 >> "{"using":"name","value":"submit"}"
DEBUG: org.apache.http.wire - http-outgoing-108 << "HTTP/1.1 200 OK[\r][\n]"
DEBUG: org.apache.http.wire - http-outgoing-108 << "content-type: application/json; charset=UTF-8[\r][\n]"
DEBUG: org.apache.http.wire - http-outgoing-108 << "connection: close[\r][\n]"
DEBUG: org.apache.http.wire - http-outgoing-108 << "content-length: 224[\r][\n]"
DEBUG: org.apache.http.wire - http-outgoing-108 << "server: httpd.js[\r][\n]"
DEBUG: org.apache.http.wire - http-outgoing-108 << "date: Fri, 26 Aug 2016 09:42:51 GMT[\r][\n]"
DEBUG: org.apache.http.wire - http-outgoing-108 << "[\r][\n]"
DEBUG: org.apache.http.headers - http-outgoing-108 << HTTP/1.1 200 OK
DEBUG: org.apache.http.headers - http-outgoing-108 << content-type: application/json; charset=UTF-8
DEBUG: org.apache.http.headers - http-outgoing-108 << connection: close
DEBUG: org.apache.http.headers - http-outgoing-108 << content-length: 224
DEBUG: org.apache.http.headers - http-outgoing-108 << server: httpd.js
DEBUG: org.apache.http.headers - http-outgoing-108 << date: Fri, 26 Aug 2016 09:42:51 GMT
DEBUG: org.apache.http.wire - http-outgoing-108 << "{"name":"findElement","sessionId":"ef37bd3e-2017-2940-a760-71d500ce28c2","status":0,"value":{"ELEMENT":"{347d5eab-a1d9-6249-96ea-51fa95323b52}","element-6066-11e4-a52e-4f735466cecf":"{347d5eab-a1d9-6249-96ea-51fa95323b52}"}}"
DEBUG: org.apache.http.impl.conn.DefaultManagedHttpClientConnection - http-outgoing-108: Close connection
DEBUG: org.apache.http.impl.execchain.MainClientExec - Connection discarded
DEBUG: org.apache.http.impl.conn.PoolingHttpClientConnectionManager - Connection released: [id: 108][route: {}->http://127.0.0.1:7055][total kept alive: 0; route allocated: 0 of 2000; total allocated: 0 of 2000]
DEBUG: org.apache.http.client.protocol.RequestAddCookies - CookieSpec selected: default
DEBUG: org.apache.http.client.protocol.RequestAuthCache - Auth cache not set in the context
DEBUG: org.apache.http.impl.conn.PoolingHttpClientConnectionManager - Connection request: [route: {}->http://127.0.0.1:7055][total kept alive: 0; route allocated: 0 of 2000; total allocated: 0 of 2000]
DEBUG: org.apache.http.impl.conn.PoolingHttpClientConnectionManager - Connection leased: [id: 109][route: {}->http://127.0.0.1:7055][total kept alive: 0; route allocated: 1 of 2000; total allocated: 1 of 2000]
DEBUG: org.apache.http.impl.execchain.MainClientExec - Opening connection {}->http://127.0.0.1:7055
DEBUG: org.apache.http.impl.conn.DefaultHttpClientConnectionOperator - Connecting to /127.0.0.1:7055
DEBUG: org.apache.http.impl.conn.DefaultHttpClientConnectionOperator - Connection established 127.0.0.1:60769<->127.0.0.1:7055
DEBUG: org.apache.http.impl.conn.DefaultManagedHttpClientConnection - http-outgoing-109: set socket timeout to 10800000
DEBUG: org.apache.http.impl.execchain.MainClientExec - Executing request POST /hub/session/ef37bd3e-2017-2940-a760-71d500ce28c2/element/%7B347d5eab-a1d9-6249-96ea-51fa95323b52%7D/click HTTP/1.1
DEBUG: org.apache.http.impl.execchain.MainClientExec - Target auth state: UNCHALLENGED
DEBUG: org.apache.http.impl.execchain.MainClientExec - Proxy auth state: UNCHALLENGED
DEBUG: org.apache.http.headers - http-outgoing-109 >> POST /hub/session/ef37bd3e-2017-2940-a760-71d500ce28c2/element/%7B347d5eab-a1d9-6249-96ea-51fa95323b52%7D/click HTTP/1.1
DEBUG: org.apache.http.headers - http-outgoing-109 >> Content-Type: application/json; charset=utf-8
DEBUG: org.apache.http.headers - http-outgoing-109 >> Content-Length: 47
DEBUG: org.apache.http.headers - http-outgoing-109 >> Host: 127.0.0.1:7055
DEBUG: org.apache.http.headers - http-outgoing-109 >> Connection: Keep-Alive
DEBUG: org.apache.http.headers - http-outgoing-109 >> User-Agent: Apache-HttpClient/4.5.2 (Java/1.7.0_79)
DEBUG: org.apache.http.headers - http-outgoing-109 >> Accept-Encoding: gzip,deflate
DEBUG: org.apache.http.wire - http-outgoing-109 >> "POST /hub/session/ef37bd3e-2017-2940-a760-71d500ce28c2/element/%7B347d5eab-a1d9-6249-96ea-51fa95323b52%7D/click HTTP/1.1[\r][\n]"
DEBUG: org.apache.http.wire - http-outgoing-109 >> "Content-Type: application/json; charset=utf-8[\r][\n]"
DEBUG: org.apache.http.wire - http-outgoing-109 >> "Content-Length: 47[\r][\n]"
DEBUG: org.apache.http.wire - http-outgoing-109 >> "Host: 127.0.0.1:7055[\r][\n]"
DEBUG: org.apache.http.wire - http-outgoing-109 >> "Connection: Keep-Alive[\r][\n]"
DEBUG: org.apache.http.wire - http-outgoing-109 >> "User-Agent: Apache-HttpClient/4.5.2 (Java/1.7.0_79)[\r][\n]"
DEBUG: org.apache.http.wire - http-outgoing-109 >> "Accept-Encoding: gzip,deflate[\r][\n]"
DEBUG: org.apache.http.wire - http-outgoing-109 >> "[\r][\n]"
DEBUG: org.apache.http.wire - http-outgoing-109 >> "{"id":"{347d5eab-a1d9-6249-96ea-51fa95323b52}"}"
DEBUG: org.apache.http.wire - http-outgoing-109 << "HTTP/1.1 200 OK[\r][\n]"
DEBUG: org.apache.http.wire - http-outgoing-109 << "content-type: application/json; charset=UTF-8[\r][\n]"
DEBUG: org.apache.http.wire - http-outgoing-109 << "connection: close[\r][\n]"
DEBUG: org.apache.http.wire - http-outgoing-109 << "content-length: 98[\r][\n]"
DEBUG: org.apache.http.wire - http-outgoing-109 << "server: httpd.js[\r][\n]"
DEBUG: org.apache.http.wire - http-outgoing-109 << "date: Fri, 26 Aug 2016 09:42:51 GMT[\r][\n]"
DEBUG: org.apache.http.wire - http-outgoing-109 << "[\r][\n]"
DEBUG: org.apache.http.headers - http-outgoing-109 << HTTP/1.1 200 OK
DEBUG: org.apache.http.headers - http-outgoing-109 << content-type: application/json; charset=UTF-8
DEBUG: org.apache.http.headers - http-outgoing-109 << connection: close
DEBUG: org.apache.http.headers - http-outgoing-109 << content-length: 98
DEBUG: org.apache.http.headers - http-outgoing-109 << server: httpd.js
DEBUG: org.apache.http.headers - http-outgoing-109 << date: Fri, 26 Aug 2016 09:42:51 GMT
DEBUG: org.apache.http.wire - http-outgoing-109 << "{"name":"clickElement","sessionId":"ef37bd3e-2017-2940-a760-71d500ce28c2","status":0,"value":"ok"}"
DEBUG: org.apache.http.impl.conn.DefaultManagedHttpClientConnection - http-outgoing-109: Close connection
DEBUG: org.apache.http.impl.execchain.MainClientExec - Connection discarded
DEBUG: org.apache.http.impl.conn.PoolingHttpClientConnectionManager - Connection released: [id: 109][route: {}->http://127.0.0.1:7055][total kept alive: 0; route allocated: 0 of 2000; total allocated: 0 of 2000]
DEBUG: org.apache.http.client.protocol.RequestAddCookies - CookieSpec selected: default
DEBUG: org.apache.http.client.protocol.RequestAuthCache - Auth cache not set in the context
DEBUG: org.apache.http.impl.conn.PoolingHttpClientConnectionManager - Connection request: [route: {}->http://127.0.0.1:7055][total kept alive: 0; route allocated: 0 of 2000; total allocated: 0 of 2000]
DEBUG: org.apache.http.impl.conn.PoolingHttpClientConnectionManager - Connection leased: [id: 110][route: {}->http://127.0.0.1:7055][total kept alive: 0; route allocated: 1 of 2000; total allocated: 1 of 2000]
DEBUG: org.apache.http.impl.execchain.MainClientExec - Opening connection {}->http://127.0.0.1:7055
DEBUG: org.apache.http.impl.conn.DefaultHttpClientConnectionOperator - Connecting to /127.0.0.1:7055
DEBUG: org.apache.http.impl.conn.DefaultHttpClientConnectionOperator - Connection established 127.0.0.1:60772<->127.0.0.1:7055
DEBUG: org.apache.http.impl.conn.DefaultManagedHttpClientConnection - http-outgoing-110: set socket timeout to 10800000
DEBUG: org.apache.http.impl.execchain.MainClientExec - Executing request POST /hub/session/ef37bd3e-2017-2940-a760-71d500ce28c2/element HTTP/1.1
DEBUG: org.apache.http.impl.execchain.MainClientExec - Target auth state: UNCHALLENGED
DEBUG: org.apache.http.impl.execchain.MainClientExec - Proxy auth state: UNCHALLENGED
DEBUG: org.apache.http.headers - http-outgoing-110 >> POST /hub/session/ef37bd3e-2017-2940-a760-71d500ce28c2/element HTTP/1.1
DEBUG: org.apache.http.headers - http-outgoing-110 >> Content-Type: application/json; charset=utf-8
DEBUG: org.apache.http.headers - http-outgoing-110 >> Content-Length: 45
DEBUG: org.apache.http.headers - http-outgoing-110 >> Host: 127.0.0.1:7055
DEBUG: org.apache.http.headers - http-outgoing-110 >> Connection: Keep-Alive
DEBUG: org.apache.http.headers - http-outgoing-110 >> User-Agent: Apache-HttpClient/4.5.2 (Java/1.7.0_79)
DEBUG: org.apache.http.headers - http-outgoing-110 >> Accept-Encoding: gzip,deflate
DEBUG: org.apache.http.wire - http-outgoing-110 >> "POST /hub/session/ef37bd3e-2017-2940-a760-71d500ce28c2/element HTTP/1.1[\r][\n]"
DEBUG: org.apache.http.wire - http-outgoing-110 >> "Content-Type: application/json; charset=utf-8[\r][\n]"
DEBUG: org.apache.http.wire - http-outgoing-110 >> "Content-Length: 45[\r][\n]"
DEBUG: org.apache.http.wire - http-outgoing-110 >> "Host: 127.0.0.1:7055[\r][\n]"
DEBUG: org.apache.http.wire - http-outgoing-110 >> "Connection: Keep-Alive[\r][\n]"
DEBUG: org.apache.http.wire - http-outgoing-110 >> "User-Agent: Apache-HttpClient/4.5.2 (Java/1.7.0_79)[\r][\n]"
DEBUG: org.apache.http.wire - http-outgoing-110 >> "Accept-Encoding: gzip,deflate[\r][\n]"
DEBUG: org.apache.http.wire - http-outgoing-110 >> "[\r][\n]"
DEBUG: org.apache.http.wire - http-outgoing-110 >> "{"using":"link text","value":"Admin Profile"}"
DEBUG: org.apache.http.wire - http-outgoing-110 << "HTTP/1.1 200 OK[\r][\n]"
DEBUG: org.apache.http.wire - http-outgoing-110 << "content-type: application/json; charset=UTF-8[\r][\n]"
DEBUG: org.apache.http.wire - http-outgoing-110 << "connection: close[\r][\n]"
DEBUG: org.apache.http.wire - http-outgoing-110 << "content-length: 224[\r][\n]"
DEBUG: org.apache.http.wire - http-outgoing-110 << "server: httpd.js[\r][\n]"
DEBUG: org.apache.http.wire - http-outgoing-110 << "date: Fri, 26 Aug 2016 09:42:51 GMT[\r][\n]"
DEBUG: org.apache.http.wire - http-outgoing-110 << "[\r][\n]"
DEBUG: org.apache.http.headers - http-outgoing-110 << HTTP/1.1 200 OK
DEBUG: org.apache.http.headers - http-outgoing-110 << content-type: application/json; charset=UTF-8
DEBUG: org.apache.http.headers - http-outgoing-110 << connection: close
DEBUG: org.apache.http.headers - http-outgoing-110 << content-length: 224
DEBUG: org.apache.http.headers - http-outgoing-110 << server: httpd.js
DEBUG: org.apache.http.headers - http-outgoing-110 << date: Fri, 26 Aug 2016 09:42:51 GMT
DEBUG: org.apache.http.wire - http-outgoing-110 << "{"name":"findElement","sessionId":"ef37bd3e-2017-2940-a760-71d500ce28c2","status":0,"value":{"ELEMENT":"{3deb8a7f-da14-a747-a167-2b742d14e167}","element-6066-11e4-a52e-4f735466cecf":"{3deb8a7f-da14-a747-a167-2b742d14e167}"}}"
DEBUG: org.apache.http.impl.conn.DefaultManagedHttpClientConnection - http-outgoing-110: Close connection
DEBUG: org.apache.http.impl.execchain.MainClientExec - Connection discarded
DEBUG: org.apache.http.impl.conn.PoolingHttpClientConnectionManager - Connection released: [id: 110][route: {}->http://127.0.0.1:7055][total kept alive: 0; route allocated: 0 of 2000; total allocated: 0 of 2000]
DEBUG: org.apache.http.client.protocol.RequestAddCookies - CookieSpec selected: default
DEBUG: org.apache.http.client.protocol.RequestAuthCache - Auth cache not set in the context
DEBUG: org.apache.http.impl.conn.PoolingHttpClientConnectionManager - Connection request: [route: {}->http://127.0.0.1:7055][total kept alive: 0; route allocated: 0 of 2000; total allocated: 0 of 2000]
DEBUG: org.apache.http.impl.conn.PoolingHttpClientConnectionManager - Connection leased: [id: 111][route: {}->http://127.0.0.1:7055][total kept alive: 0; route allocated: 1 of 2000; total allocated: 1 of 2000]
DEBUG: org.apache.http.impl.execchain.MainClientExec - Opening connection {}->http://127.0.0.1:7055
DEBUG: org.apache.http.impl.conn.DefaultHttpClientConnectionOperator - Connecting to /127.0.0.1:7055
DEBUG: org.apache.http.impl.conn.DefaultHttpClientConnectionOperator - Connection established 127.0.0.1:60773<->127.0.0.1:7055
DEBUG: org.apache.http.impl.conn.DefaultManagedHttpClientConnection - http-outgoing-111: set socket timeout to 10800000
DEBUG: org.apache.http.impl.execchain.MainClientExec - Executing request POST /hub/session/ef37bd3e-2017-2940-a760-71d500ce28c2/element/%7B3deb8a7f-da14-a747-a167-2b742d14e167%7D/click HTTP/1.1
DEBUG: org.apache.http.impl.execchain.MainClientExec - Target auth state: UNCHALLENGED
DEBUG: org.apache.http.impl.execchain.MainClientExec - Proxy auth state: UNCHALLENGED
DEBUG: org.apache.http.headers - http-outgoing-111 >> POST /hub/session/ef37bd3e-2017-2940-a760-71d500ce28c2/element/%7B3deb8a7f-da14-a747-a167-2b742d14e167%7D/click HTTP/1.1
DEBUG: org.apache.http.headers - http-outgoing-111 >> Content-Type: application/json; charset=utf-8
DEBUG: org.apache.http.headers - http-outgoing-111 >> Content-Length: 47
DEBUG: org.apache.http.headers - http-outgoing-111 >> Host: 127.0.0.1:7055
DEBUG: org.apache.http.headers - http-outgoing-111 >> Connection: Keep-Alive
DEBUG: org.apache.http.headers - http-outgoing-111 >> User-Agent: Apache-HttpClient/4.5.2 (Java/1.7.0_79)
DEBUG: org.apache.http.headers - http-outgoing-111 >> Accept-Encoding: gzip,deflate
DEBUG: org.apache.http.wire - http-outgoing-111 >> "POST /hub/session/ef37bd3e-2017-2940-a760-71d500ce28c2/element/%7B3deb8a7f-da14-a747-a167-2b742d14e167%7D/click HTTP/1.1[\r][\n]"
DEBUG: org.apache.http.wire - http-outgoing-111 >> "Content-Type: application/json; charset=utf-8[\r][\n]"
DEBUG: org.apache.http.wire - http-outgoing-111 >> "Content-Length: 47[\r][\n]"
DEBUG: org.apache.http.wire - http-outgoing-111 >> "Host: 127.0.0.1:7055[\r][\n]"
DEBUG: org.apache.http.wire - http-outgoing-111 >> "Connection: Keep-Alive[\r][\n]"
DEBUG: org.apache.http.wire - http-outgoing-111 >> "User-Agent: Apache-HttpClient/4.5.2 (Java/1.7.0_79)[\r][\n]"
DEBUG: org.apache.http.wire - http-outgoing-111 >> "Accept-Encoding: gzip,deflate[\r][\n]"
DEBUG: org.apache.http.wire - http-outgoing-111 >> "[\r][\n]"
DEBUG: org.apache.http.wire - http-outgoing-111 >> "{"id":"{3deb8a7f-da14-a747-a167-2b742d14e167}"}"
DEBUG: org.apache.http.wire - http-outgoing-111 << "HTTP/1.1 200 OK[\r][\n]"
DEBUG: org.apache.http.wire - http-outgoing-111 << "content-type: application/json; charset=UTF-8[\r][\n]"
DEBUG: org.apache.http.wire - http-outgoing-111 << "connection: close[\r][\n]"
DEBUG: org.apache.http.wire - http-outgoing-111 << "content-length: 98[\r][\n]"
DEBUG: org.apache.http.wire - http-outgoing-111 << "server: httpd.js[\r][\n]"
DEBUG: org.apache.http.wire - http-outgoing-111 << "date: Fri, 26 Aug 2016 09:42:52 GMT[\r][\n]"
DEBUG: org.apache.http.wire - http-outgoing-111 << "[\r][\n]"
DEBUG: org.apache.http.headers - http-outgoing-111 << HTTP/1.1 200 OK
DEBUG: org.apache.http.headers - http-outgoing-111 << content-type: application/json; charset=UTF-8
DEBUG: org.apache.http.headers - http-outgoing-111 << connection: close
DEBUG: org.apache.http.headers - http-outgoing-111 << content-length: 98
DEBUG: org.apache.http.headers - http-outgoing-111 << server: httpd.js
DEBUG: org.apache.http.headers - http-outgoing-111 << date: Fri, 26 Aug 2016 09:42:52 GMT
DEBUG: org.apache.http.wire - http-outgoing-111 << "{"name":"clickElement","sessionId":"ef37bd3e-2017-2940-a760-71d500ce28c2","status":0,"value":"ok"}"
DEBUG: org.apache.http.impl.conn.DefaultManagedHttpClientConnection - http-outgoing-111: Close connection
DEBUG: org.apache.http.impl.execchain.MainClientExec - Connection discarded
DEBUG: org.apache.http.impl.conn.PoolingHttpClientConnectionManager - Connection released: [id: 111][route: {}->http://127.0.0.1:7055][total kept alive: 0; route allocated: 0 of 2000; total allocated: 0 of 2000]
DEBUG: org.apache.http.client.protocol.RequestAddCookies - CookieSpec selected: default
DEBUG: org.apache.http.client.protocol.RequestAuthCache - Auth cache not set in the context
DEBUG: org.apache.http.impl.conn.PoolingHttpClientConnectionManager - Connection request: [route: {}->http://127.0.0.1:7055][total kept alive: 0; route allocated: 0 of 2000; total allocated: 0 of 2000]
DEBUG: org.apache.http.impl.conn.PoolingHttpClientConnectionManager - Connection leased: [id: 112][route: {}->http://127.0.0.1:7055][total kept alive: 0; route allocated: 1 of 2000; total allocated: 1 of 2000]
DEBUG: org.apache.http.impl.execchain.MainClientExec - Opening connection {}->http://127.0.0.1:7055
DEBUG: org.apache.http.impl.conn.DefaultHttpClientConnectionOperator - Connecting to /127.0.0.1:7055
DEBUG: org.apache.http.impl.conn.DefaultHttpClientConnectionOperator - Connection established 127.0.0.1:60775<->127.0.0.1:7055
DEBUG: org.apache.http.impl.conn.DefaultManagedHttpClientConnection - http-outgoing-112: set socket timeout to 10800000
DEBUG: org.apache.http.impl.execchain.MainClientExec - Executing request GET /hub/session/ef37bd3e-2017-2940-a760-71d500ce28c2/url HTTP/1.1
DEBUG: org.apache.http.impl.execchain.MainClientExec - Target auth state: UNCHALLENGED
DEBUG: org.apache.http.impl.execchain.MainClientExec - Proxy auth state: UNCHALLENGED
DEBUG: org.apache.http.headers - http-outgoing-112 >> GET /hub/session/ef37bd3e-2017-2940-a760-71d500ce28c2/url HTTP/1.1
DEBUG: org.apache.http.headers - http-outgoing-112 >> Cache-Control: no-cache
DEBUG: org.apache.http.headers - http-outgoing-112 >> Host: 127.0.0.1:7055
DEBUG: org.apache.http.headers - http-outgoing-112 >> Connection: Keep-Alive
DEBUG: org.apache.http.headers - http-outgoing-112 >> User-Agent: Apache-HttpClient/4.5.2 (Java/1.7.0_79)
DEBUG: org.apache.http.headers - http-outgoing-112 >> Accept-Encoding: gzip,deflate
DEBUG: org.apache.http.wire - http-outgoing-112 >> "GET /hub/session/ef37bd3e-2017-2940-a760-71d500ce28c2/url HTTP/1.1[\r][\n]"
DEBUG: org.apache.http.wire - http-outgoing-112 >> "Cache-Control: no-cache[\r][\n]"
DEBUG: org.apache.http.wire - http-outgoing-112 >> "Host: 127.0.0.1:7055[\r][\n]"
DEBUG: org.apache.http.wire - http-outgoing-112 >> "Connection: Keep-Alive[\r][\n]"
DEBUG: org.apache.http.wire - http-outgoing-112 >> "User-Agent: Apache-HttpClient/4.5.2 (Java/1.7.0_79)[\r][\n]"
DEBUG: org.apache.http.wire - http-outgoing-112 >> "Accept-Encoding: gzip,deflate[\r][\n]"
DEBUG: org.apache.http.wire - http-outgoing-112 >> "[\r][\n]"
DEBUG: org.apache.http.wire - http-outgoing-112 << "HTTP/1.1 200 OK[\r][\n]"
DEBUG: org.apache.http.wire - http-outgoing-112 << "content-type: application/json; charset=UTF-8[\r][\n]"
DEBUG: org.apache.http.wire - http-outgoing-112 << "connection: close[\r][\n]"
DEBUG: org.apache.http.wire - http-outgoing-112 << "content-length: 124[\r][\n]"
DEBUG: org.apache.http.wire - http-outgoing-112 << "server: httpd.js[\r][\n]"
DEBUG: org.apache.http.wire - http-outgoing-112 << "date: Fri, 26 Aug 2016 09:42:52 GMT[\r][\n]"
DEBUG: org.apache.http.wire - http-outgoing-112 << "[\r][\n]"
DEBUG: org.apache.http.headers - http-outgoing-112 << HTTP/1.1 200 OK
DEBUG: org.apache.http.headers - http-outgoing-112 << content-type: application/json; charset=UTF-8
DEBUG: org.apache.http.headers - http-outgoing-112 << connection: close
DEBUG: org.apache.http.headers - http-outgoing-112 << content-length: 124
DEBUG: org.apache.http.headers - http-outgoing-112 << server: httpd.js
DEBUG: org.apache.http.headers - http-outgoing-112 << date: Fri, 26 Aug 2016 09:42:52 GMT
DEBUG: org.apache.http.wire - http-outgoing-112 << "{"name":"getCurrentUrl","sessionId":"ef37bd3e-2017-2940-a760-71d500ce28c2","status":0,"value":"http://localhost:8080/admin"}"
DEBUG: org.apache.http.impl.conn.DefaultManagedHttpClientConnection - http-outgoing-112: Close connection
DEBUG: org.apache.http.impl.execchain.MainClientExec - Connection discarded
DEBUG: org.apache.http.impl.conn.PoolingHttpClientConnectionManager - Connection released: [id: 112][route: {}->http://127.0.0.1:7055][total kept alive: 0; route allocated: 0 of 2000; total allocated: 0 of 2000]
DEBUG: org.apache.http.client.protocol.RequestAddCookies - CookieSpec selected: default
DEBUG: org.apache.http.client.protocol.RequestAuthCache - Auth cache not set in the context
DEBUG: org.apache.http.impl.conn.PoolingHttpClientConnectionManager - Connection request: [route: {}->http://127.0.0.1:7055][total kept alive: 0; route allocated: 0 of 2000; total allocated: 0 of 2000]
DEBUG: org.apache.http.impl.conn.PoolingHttpClientConnectionManager - Connection leased: [id: 113][route: {}->http://127.0.0.1:7055][total kept alive: 0; route allocated: 1 of 2000; total allocated: 1 of 2000]
DEBUG: org.apache.http.impl.execchain.MainClientExec - Opening connection {}->http://127.0.0.1:7055
DEBUG: org.apache.http.impl.conn.DefaultHttpClientConnectionOperator - Connecting to /127.0.0.1:7055
DEBUG: org.apache.http.impl.conn.DefaultHttpClientConnectionOperator - Connection established 127.0.0.1:60776<->127.0.0.1:7055
DEBUG: org.apache.http.impl.conn.DefaultManagedHttpClientConnection - http-outgoing-113: set socket timeout to 10800000
DEBUG: org.apache.http.impl.execchain.MainClientExec - Executing request POST /hub/session/ef37bd3e-2017-2940-a760-71d500ce28c2/url HTTP/1.1
DEBUG: org.apache.http.impl.execchain.MainClientExec - Target auth state: UNCHALLENGED
DEBUG: org.apache.http.impl.execchain.MainClientExec - Proxy auth state: UNCHALLENGED
DEBUG: org.apache.http.headers - http-outgoing-113 >> POST /hub/session/ef37bd3e-2017-2940-a760-71d500ce28c2/url HTTP/1.1
DEBUG: org.apache.http.headers - http-outgoing-113 >> Content-Type: application/json; charset=utf-8
DEBUG: org.apache.http.headers - http-outgoing-113 >> Content-Length: 54
DEBUG: org.apache.http.headers - http-outgoing-113 >> Host: 127.0.0.1:7055
DEBUG: org.apache.http.headers - http-outgoing-113 >> Connection: Keep-Alive
DEBUG: org.apache.http.headers - http-outgoing-113 >> User-Agent: Apache-HttpClient/4.5.2 (Java/1.7.0_79)
DEBUG: org.apache.http.headers - http-outgoing-113 >> Accept-Encoding: gzip,deflate
DEBUG: org.apache.http.wire - http-outgoing-113 >> "POST /hub/session/ef37bd3e-2017-2940-a760-71d500ce28c2/url HTTP/1.1[\r][\n]"
DEBUG: org.apache.http.wire - http-outgoing-113 >> "Content-Type: application/json; charset=utf-8[\r][\n]"
DEBUG: org.apache.http.wire - http-outgoing-113 >> "Content-Length: 54[\r][\n]"
DEBUG: org.apache.http.wire - http-outgoing-113 >> "Host: 127.0.0.1:7055[\r][\n]"
DEBUG: org.apache.http.wire - http-outgoing-113 >> "Connection: Keep-Alive[\r][\n]"
DEBUG: org.apache.http.wire - http-outgoing-113 >> "User-Agent: Apache-HttpClient/4.5.2 (Java/1.7.0_79)[\r][\n]"
DEBUG: org.apache.http.wire - http-outgoing-113 >> "Accept-Encoding: gzip,deflate[\r][\n]"
DEBUG: org.apache.http.wire - http-outgoing-113 >> "[\r][\n]"
DEBUG: org.apache.http.wire - http-outgoing-113 >> "{"url":"http://localhost:8080/userProfile/Hugo+Huser"}"
DEBUG: org.apache.http.wire - http-outgoing-113 << "HTTP/1.1 200 OK[\r][\n]"
DEBUG: org.apache.http.wire - http-outgoing-113 << "content-type: application/json; charset=UTF-8[\r][\n]"
DEBUG: org.apache.http.wire - http-outgoing-113 << "connection: close[\r][\n]"
DEBUG: org.apache.http.wire - http-outgoing-113 << "content-length: 87[\r][\n]"
DEBUG: org.apache.http.wire - http-outgoing-113 << "server: httpd.js[\r][\n]"
DEBUG: org.apache.http.wire - http-outgoing-113 << "date: Fri, 26 Aug 2016 09:42:52 GMT[\r][\n]"
DEBUG: org.apache.http.wire - http-outgoing-113 << "[\r][\n]"
DEBUG: org.apache.http.headers - http-outgoing-113 << HTTP/1.1 200 OK
DEBUG: org.apache.http.headers - http-outgoing-113 << content-type: application/json; charset=UTF-8
DEBUG: org.apache.http.headers - http-outgoing-113 << connection: close
DEBUG: org.apache.http.headers - http-outgoing-113 << content-length: 87
DEBUG: org.apache.http.headers - http-outgoing-113 << server: httpd.js
DEBUG: org.apache.http.headers - http-outgoing-113 << date: Fri, 26 Aug 2016 09:42:52 GMT
DEBUG: org.apache.http.wire - http-outgoing-113 << "{"name":"get","sessionId":"ef37bd3e-2017-2940-a760-71d500ce28c2","status":0,"value":""}"
DEBUG: org.apache.http.impl.conn.DefaultManagedHttpClientConnection - http-outgoing-113: Close connection
DEBUG: org.apache.http.impl.execchain.MainClientExec - Connection discarded
DEBUG: org.apache.http.impl.conn.PoolingHttpClientConnectionManager - Connection released: [id: 113][route: {}->http://127.0.0.1:7055][total kept alive: 0; route allocated: 0 of 2000; total allocated: 0 of 2000]
DEBUG: org.apache.http.client.protocol.RequestAddCookies - CookieSpec selected: default
DEBUG: org.apache.http.client.protocol.RequestAuthCache - Auth cache not set in the context
DEBUG: org.apache.http.impl.conn.PoolingHttpClientConnectionManager - Connection request: [route: {}->http://127.0.0.1:7055][total kept alive: 0; route allocated: 0 of 2000; total allocated: 0 of 2000]
DEBUG: org.apache.http.impl.conn.PoolingHttpClientConnectionManager - Connection leased: [id: 114][route: {}->http://127.0.0.1:7055][total kept alive: 0; route allocated: 1 of 2000; total allocated: 1 of 2000]
DEBUG: org.apache.http.impl.execchain.MainClientExec - Opening connection {}->http://127.0.0.1:7055
DEBUG: org.apache.http.impl.conn.DefaultHttpClientConnectionOperator - Connecting to /127.0.0.1:7055
DEBUG: org.apache.http.impl.conn.DefaultHttpClientConnectionOperator - Connection established 127.0.0.1:60777<->127.0.0.1:7055
DEBUG: org.apache.http.impl.conn.DefaultManagedHttpClientConnection - http-outgoing-114: set socket timeout to 10800000
DEBUG: org.apache.http.impl.execchain.MainClientExec - Executing request POST /hub/session/ef37bd3e-2017-2940-a760-71d500ce28c2/element HTTP/1.1
DEBUG: org.apache.http.impl.execchain.MainClientExec - Target auth state: UNCHALLENGED
DEBUG: org.apache.http.impl.execchain.MainClientExec - Proxy auth state: UNCHALLENGED
DEBUG: org.apache.http.headers - http-outgoing-114 >> POST /hub/session/ef37bd3e-2017-2940-a760-71d500ce28c2/element HTTP/1.1
DEBUG: org.apache.http.headers - http-outgoing-114 >> Content-Type: application/json; charset=utf-8
DEBUG: org.apache.http.headers - http-outgoing-114 >> Content-Length: 37
DEBUG: org.apache.http.headers - http-outgoing-114 >> Host: 127.0.0.1:7055
DEBUG: org.apache.http.headers - http-outgoing-114 >> Connection: Keep-Alive
DEBUG: org.apache.http.headers - http-outgoing-114 >> User-Agent: Apache-HttpClient/4.5.2 (Java/1.7.0_79)
DEBUG: org.apache.http.headers - http-outgoing-114 >> Accept-Encoding: gzip,deflate
DEBUG: org.apache.http.wire - http-outgoing-114 >> "POST /hub/session/ef37bd3e-2017-2940-a760-71d500ce28c2/element HTTP/1.1[\r][\n]"
DEBUG: org.apache.http.wire - http-outgoing-114 >> "Content-Type: application/json; charset=utf-8[\r][\n]"
DEBUG: org.apache.http.wire - http-outgoing-114 >> "Content-Length: 37[\r][\n]"
DEBUG: org.apache.http.wire - http-outgoing-114 >> "Host: 127.0.0.1:7055[\r][\n]"
DEBUG: org.apache.http.wire - http-outgoing-114 >> "Connection: Keep-Alive[\r][\n]"
DEBUG: org.apache.http.wire - http-outgoing-114 >> "User-Agent: Apache-HttpClient/4.5.2 (Java/1.7.0_79)[\r][\n]"
DEBUG: org.apache.http.wire - http-outgoing-114 >> "Accept-Encoding: gzip,deflate[\r][\n]"
DEBUG: org.apache.http.wire - http-outgoing-114 >> "[\r][\n]"
DEBUG: org.apache.http.wire - http-outgoing-114 >> "{"using":"id","value":"user-details"}"
DEBUG: org.apache.http.wire - http-outgoing-114 << "HTTP/1.1 200 OK[\r][\n]"
DEBUG: org.apache.http.wire - http-outgoing-114 << "content-type: application/json; charset=UTF-8[\r][\n]"
DEBUG: org.apache.http.wire - http-outgoing-114 << "connection: close[\r][\n]"
DEBUG: org.apache.http.wire - http-outgoing-114 << "content-length: 224[\r][\n]"
DEBUG: org.apache.http.wire - http-outgoing-114 << "server: httpd.js[\r][\n]"
DEBUG: org.apache.http.wire - http-outgoing-114 << "date: Fri, 26 Aug 2016 09:42:52 GMT[\r][\n]"
DEBUG: org.apache.http.wire - http-outgoing-114 << "[\r][\n]"
DEBUG: org.apache.http.headers - http-outgoing-114 << HTTP/1.1 200 OK
DEBUG: org.apache.http.headers - http-outgoing-114 << content-type: application/json; charset=UTF-8
DEBUG: org.apache.http.headers - http-outgoing-114 << connection: close
DEBUG: org.apache.http.headers - http-outgoing-114 << content-length: 224
DEBUG: org.apache.http.headers - http-outgoing-114 << server: httpd.js
DEBUG: org.apache.http.headers - http-outgoing-114 << date: Fri, 26 Aug 2016 09:42:52 GMT
DEBUG: org.apache.http.wire - http-outgoing-114 << "{"name":"findElement","sessionId":"ef37bd3e-2017-2940-a760-71d500ce28c2","status":0,"value":{"ELEMENT":"{69f47412-2b48-154b-9bcf-1f3e0b11c203}","element-6066-11e4-a52e-4f735466cecf":"{69f47412-2b48-154b-9bcf-1f3e0b11c203}"}}"
DEBUG: org.apache.http.impl.conn.DefaultManagedHttpClientConnection - http-outgoing-114: Close connection
DEBUG: org.apache.http.impl.execchain.MainClientExec - Connection discarded
DEBUG: org.apache.http.impl.conn.PoolingHttpClientConnectionManager - Connection released: [id: 114][route: {}->http://127.0.0.1:7055][total kept alive: 0; route allocated: 0 of 2000; total allocated: 0 of 2000]
DEBUG: org.apache.http.client.protocol.RequestAddCookies - CookieSpec selected: default
DEBUG: org.apache.http.client.protocol.RequestAuthCache - Auth cache not set in the context
DEBUG: org.apache.http.impl.conn.PoolingHttpClientConnectionManager - Connection request: [route: {}->http://127.0.0.1:7055][total kept alive: 0; route allocated: 0 of 2000; total allocated: 0 of 2000]
DEBUG: org.apache.http.impl.conn.PoolingHttpClientConnectionManager - Connection leased: [id: 115][route: {}->http://127.0.0.1:7055][total kept alive: 0; route allocated: 1 of 2000; total allocated: 1 of 2000]
DEBUG: org.apache.http.impl.execchain.MainClientExec - Opening connection {}->http://127.0.0.1:7055
DEBUG: org.apache.http.impl.conn.DefaultHttpClientConnectionOperator - Connecting to /127.0.0.1:7055
DEBUG: org.apache.http.impl.conn.DefaultHttpClientConnectionOperator - Connection established 127.0.0.1:60778<->127.0.0.1:7055
DEBUG: org.apache.http.impl.conn.DefaultManagedHttpClientConnection - http-outgoing-115: set socket timeout to 10800000
DEBUG: org.apache.http.impl.execchain.MainClientExec - Executing request GET /hub/session/ef37bd3e-2017-2940-a760-71d500ce28c2/element/%7B69f47412-2b48-154b-9bcf-1f3e0b11c203%7D/text HTTP/1.1
DEBUG: org.apache.http.impl.execchain.MainClientExec - Target auth state: UNCHALLENGED
DEBUG: org.apache.http.impl.execchain.MainClientExec - Proxy auth state: UNCHALLENGED
DEBUG: org.apache.http.headers - http-outgoing-115 >> GET /hub/session/ef37bd3e-2017-2940-a760-71d500ce28c2/element/%7B69f47412-2b48-154b-9bcf-1f3e0b11c203%7D/text HTTP/1.1
DEBUG: org.apache.http.headers - http-outgoing-115 >> Cache-Control: no-cache
DEBUG: org.apache.http.headers - http-outgoing-115 >> Host: 127.0.0.1:7055
DEBUG: org.apache.http.headers - http-outgoing-115 >> Connection: Keep-Alive
DEBUG: org.apache.http.headers - http-outgoing-115 >> User-Agent: Apache-HttpClient/4.5.2 (Java/1.7.0_79)
DEBUG: org.apache.http.headers - http-outgoing-115 >> Accept-Encoding: gzip,deflate
DEBUG: org.apache.http.wire - http-outgoing-115 >> "GET /hub/session/ef37bd3e-2017-2940-a760-71d500ce28c2/element/%7B69f47412-2b48-154b-9bcf-1f3e0b11c203%7D/text HTTP/1.1[\r][\n]"
DEBUG: org.apache.http.wire - http-outgoing-115 >> "Cache-Control: no-cache[\r][\n]"
DEBUG: org.apache.http.wire - http-outgoing-115 >> "Host: 127.0.0.1:7055[\r][\n]"
DEBUG: org.apache.http.wire - http-outgoing-115 >> "Connection: Keep-Alive[\r][\n]"
DEBUG: org.apache.http.wire - http-outgoing-115 >> "User-Agent: Apache-HttpClient/4.5.2 (Java/1.7.0_79)[\r][\n]"
DEBUG: org.apache.http.wire - http-outgoing-115 >> "Accept-Encoding: gzip,deflate[\r][\n]"
DEBUG: org.apache.http.wire - http-outgoing-115 >> "[\r][\n]"
DEBUG: org.apache.http.wire - http-outgoing-115 << "HTTP/1.1 200 OK[\r][\n]"
DEBUG: org.apache.http.wire - http-outgoing-115 << "content-type: application/json; charset=UTF-8[\r][\n]"
DEBUG: org.apache.http.wire - http-outgoing-115 << "connection: close[\r][\n]"
DEBUG: org.apache.http.wire - http-outgoing-115 << "content-length: 138[\r][\n]"
DEBUG: org.apache.http.wire - http-outgoing-115 << "server: httpd.js[\r][\n]"
DEBUG: org.apache.http.wire - http-outgoing-115 << "date: Fri, 26 Aug 2016 09:42:52 GMT[\r][\n]"
DEBUG: org.apache.http.wire - http-outgoing-115 << "[\r][\n]"
DEBUG: org.apache.http.headers - http-outgoing-115 << HTTP/1.1 200 OK
DEBUG: org.apache.http.headers - http-outgoing-115 << content-type: application/json; charset=UTF-8
DEBUG: org.apache.http.headers - http-outgoing-115 << connection: close
DEBUG: org.apache.http.headers - http-outgoing-115 << content-length: 138
DEBUG: org.apache.http.headers - http-outgoing-115 << server: httpd.js
DEBUG: org.apache.http.headers - http-outgoing-115 << date: Fri, 26 Aug 2016 09:42:52 GMT
DEBUG: org.apache.http.wire - http-outgoing-115 << "{"name":"getElementText","sessionId":"ef37bd3e-2017-2940-a760-71d500ce28c2","status":0,"value":"Hugo Huser - Hugo-Huser@random-email.com"}"
DEBUG: org.apache.http.impl.conn.DefaultManagedHttpClientConnection - http-outgoing-115: Close connection
DEBUG: org.apache.http.impl.execchain.MainClientExec - Connection discarded
DEBUG: org.apache.http.impl.conn.PoolingHttpClientConnectionManager - Connection released: [id: 115][route: {}->http://127.0.0.1:7055][total kept alive: 0; route allocated: 0 of 2000; total allocated: 0 of 2000]
DEBUG: org.apache.http.client.protocol.RequestAddCookies - CookieSpec selected: default
DEBUG: org.apache.http.client.protocol.RequestAuthCache - Auth cache not set in the context
DEBUG: org.apache.http.impl.conn.PoolingHttpClientConnectionManager - Connection request: [route: {}->http://127.0.0.1:7055][total kept alive: 0; route allocated: 0 of 2000; total allocated: 0 of 2000]
DEBUG: org.apache.http.impl.conn.PoolingHttpClientConnectionManager - Connection leased: [id: 116][route: {}->http://127.0.0.1:7055][total kept alive: 0; route allocated: 1 of 2000; total allocated: 1 of 2000]
DEBUG: org.apache.http.impl.execchain.MainClientExec - Opening connection {}->http://127.0.0.1:7055
DEBUG: org.apache.http.impl.conn.DefaultHttpClientConnectionOperator - Connecting to /127.0.0.1:7055
DEBUG: org.apache.http.impl.conn.DefaultHttpClientConnectionOperator - Connection established 127.0.0.1:60779<->127.0.0.1:7055
DEBUG: org.apache.http.impl.conn.DefaultManagedHttpClientConnection - http-outgoing-116: set socket timeout to 10800000
DEBUG: org.apache.http.impl.execchain.MainClientExec - Executing request DELETE /hub/session/ef37bd3e-2017-2940-a760-71d500ce28c2/window HTTP/1.1
DEBUG: org.apache.http.impl.execchain.MainClientExec - Target auth state: UNCHALLENGED
DEBUG: org.apache.http.impl.execchain.MainClientExec - Proxy auth state: UNCHALLENGED
DEBUG: org.apache.http.headers - http-outgoing-116 >> DELETE /hub/session/ef37bd3e-2017-2940-a760-71d500ce28c2/window HTTP/1.1
DEBUG: org.apache.http.headers - http-outgoing-116 >> Host: 127.0.0.1:7055
DEBUG: org.apache.http.headers - http-outgoing-116 >> Connection: Keep-Alive
DEBUG: org.apache.http.headers - http-outgoing-116 >> User-Agent: Apache-HttpClient/4.5.2 (Java/1.7.0_79)
DEBUG: org.apache.http.headers - http-outgoing-116 >> Accept-Encoding: gzip,deflate
DEBUG: org.apache.http.wire - http-outgoing-116 >> "DELETE /hub/session/ef37bd3e-2017-2940-a760-71d500ce28c2/window HTTP/1.1[\r][\n]"
DEBUG: org.apache.http.wire - http-outgoing-116 >> "Host: 127.0.0.1:7055[\r][\n]"
DEBUG: org.apache.http.wire - http-outgoing-116 >> "Connection: Keep-Alive[\r][\n]"
DEBUG: org.apache.http.wire - http-outgoing-116 >> "User-Agent: Apache-HttpClient/4.5.2 (Java/1.7.0_79)[\r][\n]"
DEBUG: org.apache.http.wire - http-outgoing-116 >> "Accept-Encoding: gzip,deflate[\r][\n]"
DEBUG: org.apache.http.wire - http-outgoing-116 >> "[\r][\n]"
DEBUG: org.apache.http.wire - http-outgoing-116 << "HTTP/1.1 200 OK[\r][\n]"
DEBUG: org.apache.http.wire - http-outgoing-116 << "content-type: application/json; charset=UTF-8[\r][\n]"
DEBUG: org.apache.http.wire - http-outgoing-116 << "connection: close[\r][\n]"
DEBUG: org.apache.http.wire - http-outgoing-116 << "content-length: 89[\r][\n]"
DEBUG: org.apache.http.wire - http-outgoing-116 << "server: httpd.js[\r][\n]"
DEBUG: org.apache.http.wire - http-outgoing-116 << "date: Fri, 26 Aug 2016 09:42:52 GMT[\r][\n]"
DEBUG: org.apache.http.wire - http-outgoing-116 << "[\r][\n]"
DEBUG: org.apache.http.headers - http-outgoing-116 << HTTP/1.1 200 OK
DEBUG: org.apache.http.headers - http-outgoing-116 << content-type: application/json; charset=UTF-8
DEBUG: org.apache.http.headers - http-outgoing-116 << connection: close
DEBUG: org.apache.http.headers - http-outgoing-116 << content-length: 89
DEBUG: org.apache.http.headers - http-outgoing-116 << server: httpd.js
DEBUG: org.apache.http.headers - http-outgoing-116 << date: Fri, 26 Aug 2016 09:42:52 GMT
DEBUG: org.apache.http.wire - http-outgoing-116 << "{"name":"close","sessionId":"ef37bd3e-2017-2940-a760-71d500ce28c2","status":0,"value":""}"
DEBUG: org.apache.http.impl.conn.DefaultManagedHttpClientConnection - http-outgoing-116: Close connection
DEBUG: org.apache.http.impl.execchain.MainClientExec - Connection discarded
DEBUG: org.apache.http.impl.conn.PoolingHttpClientConnectionManager - Connection released: [id: 116][route: {}->http://127.0.0.1:7055][total kept alive: 0; route allocated: 0 of 2000; total allocated: 0 of 2000]
]]></system-out>
  <system-err><![CDATA[SLF4J: Failed to load class "org.slf4j.impl.StaticLoggerBinder".
SLF4J: Defaulting to no-operation (NOP) logger implementation
SLF4J: See http://www.slf4j.org/codes.html#StaticLoggerBinder for further details.
]]></system-err>
</testsuite>
