<?xml version="1.0" encoding="UTF-8"?>
<testsuite name="com.trailblazers.freewheelers.service.impl.ItemServiceImplTest" tests="2" skipped="0" failures="0" errors="0" timestamp="2016-08-26T09:42:32" hostname="CNcwzeng.local" time="0.01">
  <properties/>
  <testcase name="shouldGetItemByNameFromMapper" classname="com.trailblazers.freewheelers.service.impl.ItemServiceImplTest" time="0.008"/>
  <testcase name="shouldCreateItemWhenThereAreNoValidationErrors" classname="com.trailblazers.freewheelers.service.impl.ItemServiceImplTest" time="0.001"/>
  <system-out><![CDATA[]]></system-out>
  <system-err><![CDATA[]]></system-err>
</testsuite>
