<?xml version="1.0" encoding="UTF-8"?>
<testsuite name="com.trailblazers.freewheelers.persistence.persistence.ItemMapperTest" tests="7" skipped="0" failures="0" errors="0" timestamp="2016-08-26T09:42:38" hostname="CNcwzeng.local" time="0.063">
  <properties/>
  <testcase name="shouldFetchAnItemByName" classname="com.trailblazers.freewheelers.persistence.persistence.ItemMapperTest" time="0.012"/>
  <testcase name="shouldShouldFindAllAvailableItems" classname="com.trailblazers.freewheelers.persistence.persistence.ItemMapperTest" time="0.013"/>
  <testcase name="shouldFindAllItems" classname="com.trailblazers.freewheelers.persistence.persistence.ItemMapperTest" time="0.008"/>
  <testcase name="shouldDeleteItem" classname="com.trailblazers.freewheelers.persistence.persistence.ItemMapperTest" time="0.007"/>
  <testcase name="shouldUpdateAnItem" classname="com.trailblazers.freewheelers.persistence.persistence.ItemMapperTest" time="0.008"/>
  <testcase name="shouldFetchAnItemById" classname="com.trailblazers.freewheelers.persistence.persistence.ItemMapperTest" time="0.006"/>
  <testcase name="shouldInsertANewItem" classname="com.trailblazers.freewheelers.persistence.persistence.ItemMapperTest" time="0.006"/>
  <system-out><![CDATA[]]></system-out>
  <system-err><![CDATA[]]></system-err>
</testsuite>
