<?xml version="1.0" encoding="UTF-8"?>
<testsuite name="com.trailblazers.freewheelers.ApplicationConfigurationTest" tests="1" skipped="0" failures="0" errors="0" timestamp="2016-08-26T09:42:36" hostname="CNcwzeng.local" time="1.359">
  <properties/>
  <testcase name="shouldAddLetsEncryptCertificate" classname="com.trailblazers.freewheelers.ApplicationConfigurationTest" time="1.359"/>
  <system-out><![CDATA[]]></system-out>
  <system-err><![CDATA[]]></system-err>
</testsuite>
