<?xml version="1.0" encoding="UTF-8"?>
<testsuite name="com.trailblazers.freewheelers.ManageItemsTest" tests="1" skipped="0" failures="0" errors="0" timestamp="2016-08-26T09:42:57" hostname="CNcwzeng.local" time="3.095">
  <properties/>
  <testcase name="shouldCreateAndUpdateItems" classname="com.trailblazers.freewheelers.ManageItemsTest" time="3.095"/>
  <system-out><![CDATA[DEBUG: org.apache.http.client.protocol.RequestAddCookies - CookieSpec selected: default
DEBUG: org.apache.http.client.protocol.RequestAuthCache - Auth cache not set in the context
DEBUG: org.apache.http.impl.conn.PoolingHttpClientConnectionManager - Connection request: [route: {}->http://127.0.0.1:7057][total kept alive: 0; route allocated: 0 of 2000; total allocated: 0 of 2000]
DEBUG: org.apache.http.impl.conn.PoolingHttpClientConnectionManager - Connection leased: [id: 122][route: {}->http://127.0.0.1:7057][total kept alive: 0; route allocated: 1 of 2000; total allocated: 1 of 2000]
DEBUG: org.apache.http.impl.execchain.MainClientExec - Opening connection {}->http://127.0.0.1:7057
DEBUG: org.apache.http.impl.conn.DefaultHttpClientConnectionOperator - Connecting to /127.0.0.1:7057
DEBUG: org.apache.http.impl.conn.DefaultHttpClientConnectionOperator - Connection established 127.0.0.1:60838<->127.0.0.1:7057
DEBUG: org.apache.http.impl.conn.DefaultManagedHttpClientConnection - http-outgoing-122: set socket timeout to 10800000
DEBUG: org.apache.http.impl.execchain.MainClientExec - Executing request POST /hub/session HTTP/1.1
DEBUG: org.apache.http.impl.execchain.MainClientExec - Target auth state: UNCHALLENGED
DEBUG: org.apache.http.impl.execchain.MainClientExec - Proxy auth state: UNCHALLENGED
DEBUG: org.apache.http.headers - http-outgoing-122 >> POST /hub/session HTTP/1.1
DEBUG: org.apache.http.headers - http-outgoing-122 >> Content-Type: application/json; charset=utf-8
DEBUG: org.apache.http.headers - http-outgoing-122 >> Content-Length: 105
DEBUG: org.apache.http.headers - http-outgoing-122 >> Host: 127.0.0.1:7057
DEBUG: org.apache.http.headers - http-outgoing-122 >> Connection: Keep-Alive
DEBUG: org.apache.http.headers - http-outgoing-122 >> User-Agent: Apache-HttpClient/4.5.2 (Java/1.7.0_79)
DEBUG: org.apache.http.headers - http-outgoing-122 >> Accept-Encoding: gzip,deflate
DEBUG: org.apache.http.wire - http-outgoing-122 >> "POST /hub/session HTTP/1.1[\r][\n]"
DEBUG: org.apache.http.wire - http-outgoing-122 >> "Content-Type: application/json; charset=utf-8[\r][\n]"
DEBUG: org.apache.http.wire - http-outgoing-122 >> "Content-Length: 105[\r][\n]"
DEBUG: org.apache.http.wire - http-outgoing-122 >> "Host: 127.0.0.1:7057[\r][\n]"
DEBUG: org.apache.http.wire - http-outgoing-122 >> "Connection: Keep-Alive[\r][\n]"
DEBUG: org.apache.http.wire - http-outgoing-122 >> "User-Agent: Apache-HttpClient/4.5.2 (Java/1.7.0_79)[\r][\n]"
DEBUG: org.apache.http.wire - http-outgoing-122 >> "Accept-Encoding: gzip,deflate[\r][\n]"
DEBUG: org.apache.http.wire - http-outgoing-122 >> "[\r][\n]"
DEBUG: org.apache.http.wire - http-outgoing-122 >> "{"desiredCapabilities":{"platform":"ANY","browserName":"firefox","version":""},"requiredCapabilities":{}}"
DEBUG: org.apache.http.wire - http-outgoing-122 << "HTTP/1.1 200 OK[\r][\n]"
DEBUG: org.apache.http.wire - http-outgoing-122 << "content-type: application/json; charset=UTF-8[\r][\n]"
DEBUG: org.apache.http.wire - http-outgoing-122 << "connection: close[\r][\n]"
DEBUG: org.apache.http.wire - http-outgoing-122 << "content-length: 422[\r][\n]"
DEBUG: org.apache.http.wire - http-outgoing-122 << "server: httpd.js[\r][\n]"
DEBUG: org.apache.http.wire - http-outgoing-122 << "date: Fri, 26 Aug 2016 09:42:57 GMT[\r][\n]"
DEBUG: org.apache.http.wire - http-outgoing-122 << "[\r][\n]"
DEBUG: org.apache.http.headers - http-outgoing-122 << HTTP/1.1 200 OK
DEBUG: org.apache.http.headers - http-outgoing-122 << content-type: application/json; charset=UTF-8
DEBUG: org.apache.http.headers - http-outgoing-122 << connection: close
DEBUG: org.apache.http.headers - http-outgoing-122 << content-length: 422
DEBUG: org.apache.http.headers - http-outgoing-122 << server: httpd.js
DEBUG: org.apache.http.headers - http-outgoing-122 << date: Fri, 26 Aug 2016 09:42:57 GMT
DEBUG: org.apache.http.wire - http-outgoing-122 << "{"name":"newSession","sessionId":"2ee26769-3d37-b245-8426-d47429148238","status":0,"value":{"cssSelectorsEnabled":true,"browserName":"firefox","handlesAlerts":true,"javascriptEnabled":true,"nativeEvents":false,"platform":"Darwin","rotatable":false,"takesScreenshot":true,"version":"47.0.1","webStorageEnabled":true,"applicationCacheEnabled":true,"databaseEnabled":true,"locationContextEnabled":true,"acceptSslCerts":true}}"
DEBUG: org.apache.http.impl.conn.DefaultManagedHttpClientConnection - http-outgoing-122: Close connection
DEBUG: org.apache.http.impl.execchain.MainClientExec - Connection discarded
DEBUG: org.apache.http.impl.conn.PoolingHttpClientConnectionManager - Connection released: [id: 122][route: {}->http://127.0.0.1:7057][total kept alive: 0; route allocated: 0 of 2000; total allocated: 0 of 2000]
DEBUG: org.apache.http.client.protocol.RequestAddCookies - CookieSpec selected: default
DEBUG: org.apache.http.client.protocol.RequestAuthCache - Auth cache not set in the context
DEBUG: org.apache.http.impl.conn.PoolingHttpClientConnectionManager - Connection request: [route: {}->http://127.0.0.1:7057][total kept alive: 0; route allocated: 0 of 2000; total allocated: 0 of 2000]
DEBUG: org.apache.http.impl.conn.PoolingHttpClientConnectionManager - Connection leased: [id: 123][route: {}->http://127.0.0.1:7057][total kept alive: 0; route allocated: 1 of 2000; total allocated: 1 of 2000]
DEBUG: org.apache.http.impl.execchain.MainClientExec - Opening connection {}->http://127.0.0.1:7057
DEBUG: org.apache.http.impl.conn.DefaultHttpClientConnectionOperator - Connecting to /127.0.0.1:7057
DEBUG: org.apache.http.impl.conn.DefaultHttpClientConnectionOperator - Connection established 127.0.0.1:60841<->127.0.0.1:7057
DEBUG: org.apache.http.impl.conn.DefaultManagedHttpClientConnection - http-outgoing-123: set socket timeout to 10800000
DEBUG: org.apache.http.impl.execchain.MainClientExec - Executing request GET /hub/session/2ee26769-3d37-b245-8426-d47429148238/window_handle HTTP/1.1
DEBUG: org.apache.http.impl.execchain.MainClientExec - Target auth state: UNCHALLENGED
DEBUG: org.apache.http.impl.execchain.MainClientExec - Proxy auth state: UNCHALLENGED
DEBUG: org.apache.http.headers - http-outgoing-123 >> GET /hub/session/2ee26769-3d37-b245-8426-d47429148238/window_handle HTTP/1.1
DEBUG: org.apache.http.headers - http-outgoing-123 >> Cache-Control: no-cache
DEBUG: org.apache.http.headers - http-outgoing-123 >> Host: 127.0.0.1:7057
DEBUG: org.apache.http.headers - http-outgoing-123 >> Connection: Keep-Alive
DEBUG: org.apache.http.headers - http-outgoing-123 >> User-Agent: Apache-HttpClient/4.5.2 (Java/1.7.0_79)
DEBUG: org.apache.http.headers - http-outgoing-123 >> Accept-Encoding: gzip,deflate
DEBUG: org.apache.http.wire - http-outgoing-123 >> "GET /hub/session/2ee26769-3d37-b245-8426-d47429148238/window_handle HTTP/1.1[\r][\n]"
DEBUG: org.apache.http.wire - http-outgoing-123 >> "Cache-Control: no-cache[\r][\n]"
DEBUG: org.apache.http.wire - http-outgoing-123 >> "Host: 127.0.0.1:7057[\r][\n]"
DEBUG: org.apache.http.wire - http-outgoing-123 >> "Connection: Keep-Alive[\r][\n]"
DEBUG: org.apache.http.wire - http-outgoing-123 >> "User-Agent: Apache-HttpClient/4.5.2 (Java/1.7.0_79)[\r][\n]"
DEBUG: org.apache.http.wire - http-outgoing-123 >> "Accept-Encoding: gzip,deflate[\r][\n]"
DEBUG: org.apache.http.wire - http-outgoing-123 >> "[\r][\n]"
DEBUG: org.apache.http.wire - http-outgoing-123 << "HTTP/1.1 200 OK[\r][\n]"
DEBUG: org.apache.http.wire - http-outgoing-123 << "content-type: application/json; charset=UTF-8[\r][\n]"
DEBUG: org.apache.http.wire - http-outgoing-123 << "connection: close[\r][\n]"
DEBUG: org.apache.http.wire - http-outgoing-123 << "content-length: 144[\r][\n]"
DEBUG: org.apache.http.wire - http-outgoing-123 << "server: httpd.js[\r][\n]"
DEBUG: org.apache.http.wire - http-outgoing-123 << "date: Fri, 26 Aug 2016 09:42:57 GMT[\r][\n]"
DEBUG: org.apache.http.wire - http-outgoing-123 << "[\r][\n]"
DEBUG: org.apache.http.headers - http-outgoing-123 << HTTP/1.1 200 OK
DEBUG: org.apache.http.headers - http-outgoing-123 << content-type: application/json; charset=UTF-8
DEBUG: org.apache.http.headers - http-outgoing-123 << connection: close
DEBUG: org.apache.http.headers - http-outgoing-123 << content-length: 144
DEBUG: org.apache.http.headers - http-outgoing-123 << server: httpd.js
DEBUG: org.apache.http.headers - http-outgoing-123 << date: Fri, 26 Aug 2016 09:42:57 GMT
DEBUG: org.apache.http.wire - http-outgoing-123 << "{"name":"getCurrentWindowHandle","sessionId":"2ee26769-3d37-b245-8426-d47429148238","status":0,"value":"{d3e40084-ab8b-2b46-990f-6aefdf8fac60}"}"
DEBUG: org.apache.http.impl.conn.DefaultManagedHttpClientConnection - http-outgoing-123: Close connection
DEBUG: org.apache.http.impl.execchain.MainClientExec - Connection discarded
DEBUG: org.apache.http.impl.conn.PoolingHttpClientConnectionManager - Connection released: [id: 123][route: {}->http://127.0.0.1:7057][total kept alive: 0; route allocated: 0 of 2000; total allocated: 0 of 2000]
DEBUG: org.apache.http.client.protocol.RequestAddCookies - CookieSpec selected: default
DEBUG: org.apache.http.client.protocol.RequestAuthCache - Auth cache not set in the context
DEBUG: org.apache.http.impl.conn.PoolingHttpClientConnectionManager - Connection request: [route: {}->http://127.0.0.1:7057][total kept alive: 0; route allocated: 0 of 2000; total allocated: 0 of 2000]
DEBUG: org.apache.http.impl.conn.PoolingHttpClientConnectionManager - Connection leased: [id: 124][route: {}->http://127.0.0.1:7057][total kept alive: 0; route allocated: 1 of 2000; total allocated: 1 of 2000]
DEBUG: org.apache.http.impl.execchain.MainClientExec - Opening connection {}->http://127.0.0.1:7057
DEBUG: org.apache.http.impl.conn.DefaultHttpClientConnectionOperator - Connecting to /127.0.0.1:7057
DEBUG: org.apache.http.impl.conn.DefaultHttpClientConnectionOperator - Connection established 127.0.0.1:60842<->127.0.0.1:7057
DEBUG: org.apache.http.impl.conn.DefaultManagedHttpClientConnection - http-outgoing-124: set socket timeout to 10800000
DEBUG: org.apache.http.impl.execchain.MainClientExec - Executing request GET /hub/session/2ee26769-3d37-b245-8426-d47429148238/window_handle HTTP/1.1
DEBUG: org.apache.http.impl.execchain.MainClientExec - Target auth state: UNCHALLENGED
DEBUG: org.apache.http.impl.execchain.MainClientExec - Proxy auth state: UNCHALLENGED
DEBUG: org.apache.http.headers - http-outgoing-124 >> GET /hub/session/2ee26769-3d37-b245-8426-d47429148238/window_handle HTTP/1.1
DEBUG: org.apache.http.headers - http-outgoing-124 >> Cache-Control: no-cache
DEBUG: org.apache.http.headers - http-outgoing-124 >> Host: 127.0.0.1:7057
DEBUG: org.apache.http.headers - http-outgoing-124 >> Connection: Keep-Alive
DEBUG: org.apache.http.headers - http-outgoing-124 >> User-Agent: Apache-HttpClient/4.5.2 (Java/1.7.0_79)
DEBUG: org.apache.http.headers - http-outgoing-124 >> Accept-Encoding: gzip,deflate
DEBUG: org.apache.http.wire - http-outgoing-124 >> "GET /hub/session/2ee26769-3d37-b245-8426-d47429148238/window_handle HTTP/1.1[\r][\n]"
DEBUG: org.apache.http.wire - http-outgoing-124 >> "Cache-Control: no-cache[\r][\n]"
DEBUG: org.apache.http.wire - http-outgoing-124 >> "Host: 127.0.0.1:7057[\r][\n]"
DEBUG: org.apache.http.wire - http-outgoing-124 >> "Connection: Keep-Alive[\r][\n]"
DEBUG: org.apache.http.wire - http-outgoing-124 >> "User-Agent: Apache-HttpClient/4.5.2 (Java/1.7.0_79)[\r][\n]"
DEBUG: org.apache.http.wire - http-outgoing-124 >> "Accept-Encoding: gzip,deflate[\r][\n]"
DEBUG: org.apache.http.wire - http-outgoing-124 >> "[\r][\n]"
DEBUG: org.apache.http.wire - http-outgoing-124 << "HTTP/1.1 200 OK[\r][\n]"
DEBUG: org.apache.http.wire - http-outgoing-124 << "content-type: application/json; charset=UTF-8[\r][\n]"
DEBUG: org.apache.http.wire - http-outgoing-124 << "connection: close[\r][\n]"
DEBUG: org.apache.http.wire - http-outgoing-124 << "content-length: 144[\r][\n]"
DEBUG: org.apache.http.wire - http-outgoing-124 << "server: httpd.js[\r][\n]"
DEBUG: org.apache.http.wire - http-outgoing-124 << "date: Fri, 26 Aug 2016 09:42:57 GMT[\r][\n]"
DEBUG: org.apache.http.wire - http-outgoing-124 << "[\r][\n]"
DEBUG: org.apache.http.headers - http-outgoing-124 << HTTP/1.1 200 OK
DEBUG: org.apache.http.headers - http-outgoing-124 << content-type: application/json; charset=UTF-8
DEBUG: org.apache.http.headers - http-outgoing-124 << connection: close
DEBUG: org.apache.http.headers - http-outgoing-124 << content-length: 144
DEBUG: org.apache.http.headers - http-outgoing-124 << server: httpd.js
DEBUG: org.apache.http.headers - http-outgoing-124 << date: Fri, 26 Aug 2016 09:42:57 GMT
DEBUG: org.apache.http.wire - http-outgoing-124 << "{"name":"getCurrentWindowHandle","sessionId":"2ee26769-3d37-b245-8426-d47429148238","status":0,"value":"{d3e40084-ab8b-2b46-990f-6aefdf8fac60}"}"
DEBUG: org.apache.http.impl.conn.DefaultManagedHttpClientConnection - http-outgoing-124: Close connection
DEBUG: org.apache.http.impl.execchain.MainClientExec - Connection discarded
DEBUG: org.apache.http.impl.conn.PoolingHttpClientConnectionManager - Connection released: [id: 124][route: {}->http://127.0.0.1:7057][total kept alive: 0; route allocated: 0 of 2000; total allocated: 0 of 2000]
DEBUG: org.apache.http.client.protocol.RequestAddCookies - CookieSpec selected: default
DEBUG: org.apache.http.client.protocol.RequestAuthCache - Auth cache not set in the context
DEBUG: org.apache.http.impl.conn.PoolingHttpClientConnectionManager - Connection request: [route: {}->http://127.0.0.1:7057][total kept alive: 0; route allocated: 0 of 2000; total allocated: 0 of 2000]
DEBUG: org.apache.http.impl.conn.PoolingHttpClientConnectionManager - Connection leased: [id: 125][route: {}->http://127.0.0.1:7057][total kept alive: 0; route allocated: 1 of 2000; total allocated: 1 of 2000]
DEBUG: org.apache.http.impl.execchain.MainClientExec - Opening connection {}->http://127.0.0.1:7057
DEBUG: org.apache.http.impl.conn.DefaultHttpClientConnectionOperator - Connecting to /127.0.0.1:7057
DEBUG: org.apache.http.impl.conn.DefaultHttpClientConnectionOperator - Connection established 127.0.0.1:60843<->127.0.0.1:7057
DEBUG: org.apache.http.impl.conn.DefaultManagedHttpClientConnection - http-outgoing-125: set socket timeout to 10800000
DEBUG: org.apache.http.impl.execchain.MainClientExec - Executing request GET /hub/session/2ee26769-3d37-b245-8426-d47429148238/window_handle HTTP/1.1
DEBUG: org.apache.http.impl.execchain.MainClientExec - Target auth state: UNCHALLENGED
DEBUG: org.apache.http.impl.execchain.MainClientExec - Proxy auth state: UNCHALLENGED
DEBUG: org.apache.http.headers - http-outgoing-125 >> GET /hub/session/2ee26769-3d37-b245-8426-d47429148238/window_handle HTTP/1.1
DEBUG: org.apache.http.headers - http-outgoing-125 >> Cache-Control: no-cache
DEBUG: org.apache.http.headers - http-outgoing-125 >> Host: 127.0.0.1:7057
DEBUG: org.apache.http.headers - http-outgoing-125 >> Connection: Keep-Alive
DEBUG: org.apache.http.headers - http-outgoing-125 >> User-Agent: Apache-HttpClient/4.5.2 (Java/1.7.0_79)
DEBUG: org.apache.http.headers - http-outgoing-125 >> Accept-Encoding: gzip,deflate
DEBUG: org.apache.http.wire - http-outgoing-125 >> "GET /hub/session/2ee26769-3d37-b245-8426-d47429148238/window_handle HTTP/1.1[\r][\n]"
DEBUG: org.apache.http.wire - http-outgoing-125 >> "Cache-Control: no-cache[\r][\n]"
DEBUG: org.apache.http.wire - http-outgoing-125 >> "Host: 127.0.0.1:7057[\r][\n]"
DEBUG: org.apache.http.wire - http-outgoing-125 >> "Connection: Keep-Alive[\r][\n]"
DEBUG: org.apache.http.wire - http-outgoing-125 >> "User-Agent: Apache-HttpClient/4.5.2 (Java/1.7.0_79)[\r][\n]"
DEBUG: org.apache.http.wire - http-outgoing-125 >> "Accept-Encoding: gzip,deflate[\r][\n]"
DEBUG: org.apache.http.wire - http-outgoing-125 >> "[\r][\n]"
DEBUG: org.apache.http.wire - http-outgoing-125 << "HTTP/1.1 200 OK[\r][\n]"
DEBUG: org.apache.http.wire - http-outgoing-125 << "content-type: application/json; charset=UTF-8[\r][\n]"
DEBUG: org.apache.http.wire - http-outgoing-125 << "connection: close[\r][\n]"
DEBUG: org.apache.http.wire - http-outgoing-125 << "content-length: 144[\r][\n]"
DEBUG: org.apache.http.wire - http-outgoing-125 << "server: httpd.js[\r][\n]"
DEBUG: org.apache.http.wire - http-outgoing-125 << "date: Fri, 26 Aug 2016 09:42:57 GMT[\r][\n]"
DEBUG: org.apache.http.wire - http-outgoing-125 << "[\r][\n]"
DEBUG: org.apache.http.headers - http-outgoing-125 << HTTP/1.1 200 OK
DEBUG: org.apache.http.headers - http-outgoing-125 << content-type: application/json; charset=UTF-8
DEBUG: org.apache.http.headers - http-outgoing-125 << connection: close
DEBUG: org.apache.http.headers - http-outgoing-125 << content-length: 144
DEBUG: org.apache.http.headers - http-outgoing-125 << server: httpd.js
DEBUG: org.apache.http.headers - http-outgoing-125 << date: Fri, 26 Aug 2016 09:42:57 GMT
DEBUG: org.apache.http.wire - http-outgoing-125 << "{"name":"getCurrentWindowHandle","sessionId":"2ee26769-3d37-b245-8426-d47429148238","status":0,"value":"{d3e40084-ab8b-2b46-990f-6aefdf8fac60}"}"
DEBUG: org.apache.http.impl.conn.DefaultManagedHttpClientConnection - http-outgoing-125: Close connection
DEBUG: org.apache.http.impl.execchain.MainClientExec - Connection discarded
DEBUG: org.apache.http.impl.conn.PoolingHttpClientConnectionManager - Connection released: [id: 125][route: {}->http://127.0.0.1:7057][total kept alive: 0; route allocated: 0 of 2000; total allocated: 0 of 2000]
DEBUG: org.apache.http.client.protocol.RequestAddCookies - CookieSpec selected: default
DEBUG: org.apache.http.client.protocol.RequestAuthCache - Auth cache not set in the context
DEBUG: org.apache.http.impl.conn.PoolingHttpClientConnectionManager - Connection request: [route: {}->http://127.0.0.1:7057][total kept alive: 0; route allocated: 0 of 2000; total allocated: 0 of 2000]
DEBUG: org.apache.http.impl.conn.PoolingHttpClientConnectionManager - Connection leased: [id: 126][route: {}->http://127.0.0.1:7057][total kept alive: 0; route allocated: 1 of 2000; total allocated: 1 of 2000]
DEBUG: org.apache.http.impl.execchain.MainClientExec - Opening connection {}->http://127.0.0.1:7057
DEBUG: org.apache.http.impl.conn.DefaultHttpClientConnectionOperator - Connecting to /127.0.0.1:7057
DEBUG: org.apache.http.impl.conn.DefaultHttpClientConnectionOperator - Connection established 127.0.0.1:60846<->127.0.0.1:7057
DEBUG: org.apache.http.impl.conn.DefaultManagedHttpClientConnection - http-outgoing-126: set socket timeout to 10800000
DEBUG: org.apache.http.impl.execchain.MainClientExec - Executing request POST /hub/session/2ee26769-3d37-b245-8426-d47429148238/url HTTP/1.1
DEBUG: org.apache.http.impl.execchain.MainClientExec - Target auth state: UNCHALLENGED
DEBUG: org.apache.http.impl.execchain.MainClientExec - Proxy auth state: UNCHALLENGED
DEBUG: org.apache.http.headers - http-outgoing-126 >> POST /hub/session/2ee26769-3d37-b245-8426-d47429148238/url HTTP/1.1
DEBUG: org.apache.http.headers - http-outgoing-126 >> Content-Type: application/json; charset=utf-8
DEBUG: org.apache.http.headers - http-outgoing-126 >> Content-Length: 37
DEBUG: org.apache.http.headers - http-outgoing-126 >> Host: 127.0.0.1:7057
DEBUG: org.apache.http.headers - http-outgoing-126 >> Connection: Keep-Alive
DEBUG: org.apache.http.headers - http-outgoing-126 >> User-Agent: Apache-HttpClient/4.5.2 (Java/1.7.0_79)
DEBUG: org.apache.http.headers - http-outgoing-126 >> Accept-Encoding: gzip,deflate
DEBUG: org.apache.http.wire - http-outgoing-126 >> "POST /hub/session/2ee26769-3d37-b245-8426-d47429148238/url HTTP/1.1[\r][\n]"
DEBUG: org.apache.http.wire - http-outgoing-126 >> "Content-Type: application/json; charset=utf-8[\r][\n]"
DEBUG: org.apache.http.wire - http-outgoing-126 >> "Content-Length: 37[\r][\n]"
DEBUG: org.apache.http.wire - http-outgoing-126 >> "Host: 127.0.0.1:7057[\r][\n]"
DEBUG: org.apache.http.wire - http-outgoing-126 >> "Connection: Keep-Alive[\r][\n]"
DEBUG: org.apache.http.wire - http-outgoing-126 >> "User-Agent: Apache-HttpClient/4.5.2 (Java/1.7.0_79)[\r][\n]"
DEBUG: org.apache.http.wire - http-outgoing-126 >> "Accept-Encoding: gzip,deflate[\r][\n]"
DEBUG: org.apache.http.wire - http-outgoing-126 >> "[\r][\n]"
DEBUG: org.apache.http.wire - http-outgoing-126 >> "{"url":"http://localhost:8080/login"}"
DEBUG: org.apache.http.wire - http-outgoing-126 << "HTTP/1.1 200 OK[\r][\n]"
DEBUG: org.apache.http.wire - http-outgoing-126 << "content-type: application/json; charset=UTF-8[\r][\n]"
DEBUG: org.apache.http.wire - http-outgoing-126 << "connection: close[\r][\n]"
DEBUG: org.apache.http.wire - http-outgoing-126 << "content-length: 87[\r][\n]"
DEBUG: org.apache.http.wire - http-outgoing-126 << "server: httpd.js[\r][\n]"
DEBUG: org.apache.http.wire - http-outgoing-126 << "date: Fri, 26 Aug 2016 09:42:58 GMT[\r][\n]"
DEBUG: org.apache.http.wire - http-outgoing-126 << "[\r][\n]"
DEBUG: org.apache.http.headers - http-outgoing-126 << HTTP/1.1 200 OK
DEBUG: org.apache.http.headers - http-outgoing-126 << content-type: application/json; charset=UTF-8
DEBUG: org.apache.http.headers - http-outgoing-126 << connection: close
DEBUG: org.apache.http.headers - http-outgoing-126 << content-length: 87
DEBUG: org.apache.http.headers - http-outgoing-126 << server: httpd.js
DEBUG: org.apache.http.headers - http-outgoing-126 << date: Fri, 26 Aug 2016 09:42:58 GMT
DEBUG: org.apache.http.wire - http-outgoing-126 << "{"name":"get","sessionId":"2ee26769-3d37-b245-8426-d47429148238","status":0,"value":""}"
DEBUG: org.apache.http.impl.conn.DefaultManagedHttpClientConnection - http-outgoing-126: Close connection
DEBUG: org.apache.http.impl.execchain.MainClientExec - Connection discarded
DEBUG: org.apache.http.impl.conn.PoolingHttpClientConnectionManager - Connection released: [id: 126][route: {}->http://127.0.0.1:7057][total kept alive: 0; route allocated: 0 of 2000; total allocated: 0 of 2000]
DEBUG: org.apache.http.client.protocol.RequestAddCookies - CookieSpec selected: default
DEBUG: org.apache.http.client.protocol.RequestAuthCache - Auth cache not set in the context
DEBUG: org.apache.http.impl.conn.PoolingHttpClientConnectionManager - Connection request: [route: {}->http://127.0.0.1:7057][total kept alive: 0; route allocated: 0 of 2000; total allocated: 0 of 2000]
DEBUG: org.apache.http.impl.conn.PoolingHttpClientConnectionManager - Connection leased: [id: 127][route: {}->http://127.0.0.1:7057][total kept alive: 0; route allocated: 1 of 2000; total allocated: 1 of 2000]
DEBUG: org.apache.http.impl.execchain.MainClientExec - Opening connection {}->http://127.0.0.1:7057
DEBUG: org.apache.http.impl.conn.DefaultHttpClientConnectionOperator - Connecting to /127.0.0.1:7057
DEBUG: org.apache.http.impl.conn.DefaultHttpClientConnectionOperator - Connection established 127.0.0.1:60852<->127.0.0.1:7057
DEBUG: org.apache.http.impl.conn.DefaultManagedHttpClientConnection - http-outgoing-127: set socket timeout to 10800000
DEBUG: org.apache.http.impl.execchain.MainClientExec - Executing request POST /hub/session/2ee26769-3d37-b245-8426-d47429148238/element HTTP/1.1
DEBUG: org.apache.http.impl.execchain.MainClientExec - Target auth state: UNCHALLENGED
DEBUG: org.apache.http.impl.execchain.MainClientExec - Proxy auth state: UNCHALLENGED
DEBUG: org.apache.http.headers - http-outgoing-127 >> POST /hub/session/2ee26769-3d37-b245-8426-d47429148238/element HTTP/1.1
DEBUG: org.apache.http.headers - http-outgoing-127 >> Content-Type: application/json; charset=utf-8
DEBUG: org.apache.http.headers - http-outgoing-127 >> Content-Length: 37
DEBUG: org.apache.http.headers - http-outgoing-127 >> Host: 127.0.0.1:7057
DEBUG: org.apache.http.headers - http-outgoing-127 >> Connection: Keep-Alive
DEBUG: org.apache.http.headers - http-outgoing-127 >> User-Agent: Apache-HttpClient/4.5.2 (Java/1.7.0_79)
DEBUG: org.apache.http.headers - http-outgoing-127 >> Accept-Encoding: gzip,deflate
DEBUG: org.apache.http.wire - http-outgoing-127 >> "POST /hub/session/2ee26769-3d37-b245-8426-d47429148238/element HTTP/1.1[\r][\n]"
DEBUG: org.apache.http.wire - http-outgoing-127 >> "Content-Type: application/json; charset=utf-8[\r][\n]"
DEBUG: org.apache.http.wire - http-outgoing-127 >> "Content-Length: 37[\r][\n]"
DEBUG: org.apache.http.wire - http-outgoing-127 >> "Host: 127.0.0.1:7057[\r][\n]"
DEBUG: org.apache.http.wire - http-outgoing-127 >> "Connection: Keep-Alive[\r][\n]"
DEBUG: org.apache.http.wire - http-outgoing-127 >> "User-Agent: Apache-HttpClient/4.5.2 (Java/1.7.0_79)[\r][\n]"
DEBUG: org.apache.http.wire - http-outgoing-127 >> "Accept-Encoding: gzip,deflate[\r][\n]"
DEBUG: org.apache.http.wire - http-outgoing-127 >> "[\r][\n]"
DEBUG: org.apache.http.wire - http-outgoing-127 >> "{"using":"name","value":"j_username"}"
DEBUG: org.apache.http.wire - http-outgoing-127 << "HTTP/1.1 200 OK[\r][\n]"
DEBUG: org.apache.http.wire - http-outgoing-127 << "content-type: application/json; charset=UTF-8[\r][\n]"
DEBUG: org.apache.http.wire - http-outgoing-127 << "connection: close[\r][\n]"
DEBUG: org.apache.http.wire - http-outgoing-127 << "content-length: 224[\r][\n]"
DEBUG: org.apache.http.wire - http-outgoing-127 << "server: httpd.js[\r][\n]"
DEBUG: org.apache.http.wire - http-outgoing-127 << "date: Fri, 26 Aug 2016 09:42:58 GMT[\r][\n]"
DEBUG: org.apache.http.wire - http-outgoing-127 << "[\r][\n]"
DEBUG: org.apache.http.headers - http-outgoing-127 << HTTP/1.1 200 OK
DEBUG: org.apache.http.headers - http-outgoing-127 << content-type: application/json; charset=UTF-8
DEBUG: org.apache.http.headers - http-outgoing-127 << connection: close
DEBUG: org.apache.http.headers - http-outgoing-127 << content-length: 224
DEBUG: org.apache.http.headers - http-outgoing-127 << server: httpd.js
DEBUG: org.apache.http.headers - http-outgoing-127 << date: Fri, 26 Aug 2016 09:42:58 GMT
DEBUG: org.apache.http.wire - http-outgoing-127 << "{"name":"findElement","sessionId":"2ee26769-3d37-b245-8426-d47429148238","status":0,"value":{"ELEMENT":"{411e27da-16d9-8546-b392-65cf90c9ea09}","element-6066-11e4-a52e-4f735466cecf":"{411e27da-16d9-8546-b392-65cf90c9ea09}"}}"
DEBUG: org.apache.http.impl.conn.DefaultManagedHttpClientConnection - http-outgoing-127: Close connection
DEBUG: org.apache.http.impl.execchain.MainClientExec - Connection discarded
DEBUG: org.apache.http.impl.conn.PoolingHttpClientConnectionManager - Connection released: [id: 127][route: {}->http://127.0.0.1:7057][total kept alive: 0; route allocated: 0 of 2000; total allocated: 0 of 2000]
DEBUG: org.apache.http.client.protocol.RequestAddCookies - CookieSpec selected: default
DEBUG: org.apache.http.client.protocol.RequestAuthCache - Auth cache not set in the context
DEBUG: org.apache.http.impl.conn.PoolingHttpClientConnectionManager - Connection request: [route: {}->http://127.0.0.1:7057][total kept alive: 0; route allocated: 0 of 2000; total allocated: 0 of 2000]
DEBUG: org.apache.http.impl.conn.PoolingHttpClientConnectionManager - Connection leased: [id: 128][route: {}->http://127.0.0.1:7057][total kept alive: 0; route allocated: 1 of 2000; total allocated: 1 of 2000]
DEBUG: org.apache.http.impl.execchain.MainClientExec - Opening connection {}->http://127.0.0.1:7057
DEBUG: org.apache.http.impl.conn.DefaultHttpClientConnectionOperator - Connecting to /127.0.0.1:7057
DEBUG: org.apache.http.impl.conn.DefaultHttpClientConnectionOperator - Connection established 127.0.0.1:60853<->127.0.0.1:7057
DEBUG: org.apache.http.impl.conn.DefaultManagedHttpClientConnection - http-outgoing-128: set socket timeout to 10800000
DEBUG: org.apache.http.impl.execchain.MainClientExec - Executing request POST /hub/session/2ee26769-3d37-b245-8426-d47429148238/element HTTP/1.1
DEBUG: org.apache.http.impl.execchain.MainClientExec - Target auth state: UNCHALLENGED
DEBUG: org.apache.http.impl.execchain.MainClientExec - Proxy auth state: UNCHALLENGED
DEBUG: org.apache.http.headers - http-outgoing-128 >> POST /hub/session/2ee26769-3d37-b245-8426-d47429148238/element HTTP/1.1
DEBUG: org.apache.http.headers - http-outgoing-128 >> Content-Type: application/json; charset=utf-8
DEBUG: org.apache.http.headers - http-outgoing-128 >> Content-Length: 37
DEBUG: org.apache.http.headers - http-outgoing-128 >> Host: 127.0.0.1:7057
DEBUG: org.apache.http.headers - http-outgoing-128 >> Connection: Keep-Alive
DEBUG: org.apache.http.headers - http-outgoing-128 >> User-Agent: Apache-HttpClient/4.5.2 (Java/1.7.0_79)
DEBUG: org.apache.http.headers - http-outgoing-128 >> Accept-Encoding: gzip,deflate
DEBUG: org.apache.http.wire - http-outgoing-128 >> "POST /hub/session/2ee26769-3d37-b245-8426-d47429148238/element HTTP/1.1[\r][\n]"
DEBUG: org.apache.http.wire - http-outgoing-128 >> "Content-Type: application/json; charset=utf-8[\r][\n]"
DEBUG: org.apache.http.wire - http-outgoing-128 >> "Content-Length: 37[\r][\n]"
DEBUG: org.apache.http.wire - http-outgoing-128 >> "Host: 127.0.0.1:7057[\r][\n]"
DEBUG: org.apache.http.wire - http-outgoing-128 >> "Connection: Keep-Alive[\r][\n]"
DEBUG: org.apache.http.wire - http-outgoing-128 >> "User-Agent: Apache-HttpClient/4.5.2 (Java/1.7.0_79)[\r][\n]"
DEBUG: org.apache.http.wire - http-outgoing-128 >> "Accept-Encoding: gzip,deflate[\r][\n]"
DEBUG: org.apache.http.wire - http-outgoing-128 >> "[\r][\n]"
DEBUG: org.apache.http.wire - http-outgoing-128 >> "{"using":"name","value":"j_username"}"
DEBUG: org.apache.http.wire - http-outgoing-128 << "HTTP/1.1 200 OK[\r][\n]"
DEBUG: org.apache.http.wire - http-outgoing-128 << "content-type: application/json; charset=UTF-8[\r][\n]"
DEBUG: org.apache.http.wire - http-outgoing-128 << "connection: close[\r][\n]"
DEBUG: org.apache.http.wire - http-outgoing-128 << "content-length: 224[\r][\n]"
DEBUG: org.apache.http.wire - http-outgoing-128 << "server: httpd.js[\r][\n]"
DEBUG: org.apache.http.wire - http-outgoing-128 << "date: Fri, 26 Aug 2016 09:42:58 GMT[\r][\n]"
DEBUG: org.apache.http.wire - http-outgoing-128 << "[\r][\n]"
DEBUG: org.apache.http.headers - http-outgoing-128 << HTTP/1.1 200 OK
DEBUG: org.apache.http.headers - http-outgoing-128 << content-type: application/json; charset=UTF-8
DEBUG: org.apache.http.headers - http-outgoing-128 << connection: close
DEBUG: org.apache.http.headers - http-outgoing-128 << content-length: 224
DEBUG: org.apache.http.headers - http-outgoing-128 << server: httpd.js
DEBUG: org.apache.http.headers - http-outgoing-128 << date: Fri, 26 Aug 2016 09:42:58 GMT
DEBUG: org.apache.http.wire - http-outgoing-128 << "{"name":"findElement","sessionId":"2ee26769-3d37-b245-8426-d47429148238","status":0,"value":{"ELEMENT":"{411e27da-16d9-8546-b392-65cf90c9ea09}","element-6066-11e4-a52e-4f735466cecf":"{411e27da-16d9-8546-b392-65cf90c9ea09}"}}"
DEBUG: org.apache.http.impl.conn.DefaultManagedHttpClientConnection - http-outgoing-128: Close connection
DEBUG: org.apache.http.impl.execchain.MainClientExec - Connection discarded
DEBUG: org.apache.http.impl.conn.PoolingHttpClientConnectionManager - Connection released: [id: 128][route: {}->http://127.0.0.1:7057][total kept alive: 0; route allocated: 0 of 2000; total allocated: 0 of 2000]
DEBUG: org.apache.http.client.protocol.RequestAddCookies - CookieSpec selected: default
DEBUG: org.apache.http.client.protocol.RequestAuthCache - Auth cache not set in the context
DEBUG: org.apache.http.impl.conn.PoolingHttpClientConnectionManager - Connection request: [route: {}->http://127.0.0.1:7057][total kept alive: 0; route allocated: 0 of 2000; total allocated: 0 of 2000]
DEBUG: org.apache.http.impl.conn.PoolingHttpClientConnectionManager - Connection leased: [id: 129][route: {}->http://127.0.0.1:7057][total kept alive: 0; route allocated: 1 of 2000; total allocated: 1 of 2000]
DEBUG: org.apache.http.impl.execchain.MainClientExec - Opening connection {}->http://127.0.0.1:7057
DEBUG: org.apache.http.impl.conn.DefaultHttpClientConnectionOperator - Connecting to /127.0.0.1:7057
DEBUG: org.apache.http.impl.conn.DefaultHttpClientConnectionOperator - Connection established 127.0.0.1:60854<->127.0.0.1:7057
DEBUG: org.apache.http.impl.conn.DefaultManagedHttpClientConnection - http-outgoing-129: set socket timeout to 10800000
DEBUG: org.apache.http.impl.execchain.MainClientExec - Executing request POST /hub/session/2ee26769-3d37-b245-8426-d47429148238/element/%7B411e27da-16d9-8546-b392-65cf90c9ea09%7D/value HTTP/1.1
DEBUG: org.apache.http.impl.execchain.MainClientExec - Target auth state: UNCHALLENGED
DEBUG: org.apache.http.impl.execchain.MainClientExec - Proxy auth state: UNCHALLENGED
DEBUG: org.apache.http.headers - http-outgoing-129 >> POST /hub/session/2ee26769-3d37-b245-8426-d47429148238/element/%7B411e27da-16d9-8546-b392-65cf90c9ea09%7D/value HTTP/1.1
DEBUG: org.apache.http.headers - http-outgoing-129 >> Content-Type: application/json; charset=utf-8
DEBUG: org.apache.http.headers - http-outgoing-129 >> Content-Length: 70
DEBUG: org.apache.http.headers - http-outgoing-129 >> Host: 127.0.0.1:7057
DEBUG: org.apache.http.headers - http-outgoing-129 >> Connection: Keep-Alive
DEBUG: org.apache.http.headers - http-outgoing-129 >> User-Agent: Apache-HttpClient/4.5.2 (Java/1.7.0_79)
DEBUG: org.apache.http.headers - http-outgoing-129 >> Accept-Encoding: gzip,deflate
DEBUG: org.apache.http.wire - http-outgoing-129 >> "POST /hub/session/2ee26769-3d37-b245-8426-d47429148238/element/%7B411e27da-16d9-8546-b392-65cf90c9ea09%7D/value HTTP/1.1[\r][\n]"
DEBUG: org.apache.http.wire - http-outgoing-129 >> "Content-Type: application/json; charset=utf-8[\r][\n]"
DEBUG: org.apache.http.wire - http-outgoing-129 >> "Content-Length: 70[\r][\n]"
DEBUG: org.apache.http.wire - http-outgoing-129 >> "Host: 127.0.0.1:7057[\r][\n]"
DEBUG: org.apache.http.wire - http-outgoing-129 >> "Connection: Keep-Alive[\r][\n]"
DEBUG: org.apache.http.wire - http-outgoing-129 >> "User-Agent: Apache-HttpClient/4.5.2 (Java/1.7.0_79)[\r][\n]"
DEBUG: org.apache.http.wire - http-outgoing-129 >> "Accept-Encoding: gzip,deflate[\r][\n]"
DEBUG: org.apache.http.wire - http-outgoing-129 >> "[\r][\n]"
DEBUG: org.apache.http.wire - http-outgoing-129 >> "{"id":"{411e27da-16d9-8546-b392-65cf90c9ea09}","value":["Arno Admin"]}"
DEBUG: org.apache.http.wire - http-outgoing-129 << "HTTP/1.1 200 OK[\r][\n]"
DEBUG: org.apache.http.wire - http-outgoing-129 << "content-type: application/json; charset=UTF-8[\r][\n]"
DEBUG: org.apache.http.wire - http-outgoing-129 << "connection: close[\r][\n]"
DEBUG: org.apache.http.wire - http-outgoing-129 << "content-length: 101[\r][\n]"
DEBUG: org.apache.http.wire - http-outgoing-129 << "server: httpd.js[\r][\n]"
DEBUG: org.apache.http.wire - http-outgoing-129 << "date: Fri, 26 Aug 2016 09:42:58 GMT[\r][\n]"
DEBUG: org.apache.http.wire - http-outgoing-129 << "[\r][\n]"
DEBUG: org.apache.http.headers - http-outgoing-129 << HTTP/1.1 200 OK
DEBUG: org.apache.http.headers - http-outgoing-129 << content-type: application/json; charset=UTF-8
DEBUG: org.apache.http.headers - http-outgoing-129 << connection: close
DEBUG: org.apache.http.headers - http-outgoing-129 << content-length: 101
DEBUG: org.apache.http.headers - http-outgoing-129 << server: httpd.js
DEBUG: org.apache.http.headers - http-outgoing-129 << date: Fri, 26 Aug 2016 09:42:58 GMT
DEBUG: org.apache.http.wire - http-outgoing-129 << "{"name":"sendKeysToElement","sessionId":"2ee26769-3d37-b245-8426-d47429148238","status":0,"value":""}"
DEBUG: org.apache.http.impl.conn.DefaultManagedHttpClientConnection - http-outgoing-129: Close connection
DEBUG: org.apache.http.impl.execchain.MainClientExec - Connection discarded
DEBUG: org.apache.http.impl.conn.PoolingHttpClientConnectionManager - Connection released: [id: 129][route: {}->http://127.0.0.1:7057][total kept alive: 0; route allocated: 0 of 2000; total allocated: 0 of 2000]
DEBUG: org.apache.http.client.protocol.RequestAddCookies - CookieSpec selected: default
DEBUG: org.apache.http.client.protocol.RequestAuthCache - Auth cache not set in the context
DEBUG: org.apache.http.impl.conn.PoolingHttpClientConnectionManager - Connection request: [route: {}->http://127.0.0.1:7057][total kept alive: 0; route allocated: 0 of 2000; total allocated: 0 of 2000]
DEBUG: org.apache.http.impl.conn.PoolingHttpClientConnectionManager - Connection leased: [id: 130][route: {}->http://127.0.0.1:7057][total kept alive: 0; route allocated: 1 of 2000; total allocated: 1 of 2000]
DEBUG: org.apache.http.impl.execchain.MainClientExec - Opening connection {}->http://127.0.0.1:7057
DEBUG: org.apache.http.impl.conn.DefaultHttpClientConnectionOperator - Connecting to /127.0.0.1:7057
DEBUG: org.apache.http.impl.conn.DefaultHttpClientConnectionOperator - Connection established 127.0.0.1:60856<->127.0.0.1:7057
DEBUG: org.apache.http.impl.conn.DefaultManagedHttpClientConnection - http-outgoing-130: set socket timeout to 10800000
DEBUG: org.apache.http.impl.execchain.MainClientExec - Executing request POST /hub/session/2ee26769-3d37-b245-8426-d47429148238/element HTTP/1.1
DEBUG: org.apache.http.impl.execchain.MainClientExec - Target auth state: UNCHALLENGED
DEBUG: org.apache.http.impl.execchain.MainClientExec - Proxy auth state: UNCHALLENGED
DEBUG: org.apache.http.headers - http-outgoing-130 >> POST /hub/session/2ee26769-3d37-b245-8426-d47429148238/element HTTP/1.1
DEBUG: org.apache.http.headers - http-outgoing-130 >> Content-Type: application/json; charset=utf-8
DEBUG: org.apache.http.headers - http-outgoing-130 >> Content-Length: 37
DEBUG: org.apache.http.headers - http-outgoing-130 >> Host: 127.0.0.1:7057
DEBUG: org.apache.http.headers - http-outgoing-130 >> Connection: Keep-Alive
DEBUG: org.apache.http.headers - http-outgoing-130 >> User-Agent: Apache-HttpClient/4.5.2 (Java/1.7.0_79)
DEBUG: org.apache.http.headers - http-outgoing-130 >> Accept-Encoding: gzip,deflate
DEBUG: org.apache.http.wire - http-outgoing-130 >> "POST /hub/session/2ee26769-3d37-b245-8426-d47429148238/element HTTP/1.1[\r][\n]"
DEBUG: org.apache.http.wire - http-outgoing-130 >> "Content-Type: application/json; charset=utf-8[\r][\n]"
DEBUG: org.apache.http.wire - http-outgoing-130 >> "Content-Length: 37[\r][\n]"
DEBUG: org.apache.http.wire - http-outgoing-130 >> "Host: 127.0.0.1:7057[\r][\n]"
DEBUG: org.apache.http.wire - http-outgoing-130 >> "Connection: Keep-Alive[\r][\n]"
DEBUG: org.apache.http.wire - http-outgoing-130 >> "User-Agent: Apache-HttpClient/4.5.2 (Java/1.7.0_79)[\r][\n]"
DEBUG: org.apache.http.wire - http-outgoing-130 >> "Accept-Encoding: gzip,deflate[\r][\n]"
DEBUG: org.apache.http.wire - http-outgoing-130 >> "[\r][\n]"
DEBUG: org.apache.http.wire - http-outgoing-130 >> "{"using":"name","value":"j_password"}"
DEBUG: org.apache.http.wire - http-outgoing-130 << "HTTP/1.1 200 OK[\r][\n]"
DEBUG: org.apache.http.wire - http-outgoing-130 << "content-type: application/json; charset=UTF-8[\r][\n]"
DEBUG: org.apache.http.wire - http-outgoing-130 << "connection: close[\r][\n]"
DEBUG: org.apache.http.wire - http-outgoing-130 << "content-length: 224[\r][\n]"
DEBUG: org.apache.http.wire - http-outgoing-130 << "server: httpd.js[\r][\n]"
DEBUG: org.apache.http.wire - http-outgoing-130 << "date: Fri, 26 Aug 2016 09:42:58 GMT[\r][\n]"
DEBUG: org.apache.http.wire - http-outgoing-130 << "[\r][\n]"
DEBUG: org.apache.http.headers - http-outgoing-130 << HTTP/1.1 200 OK
DEBUG: org.apache.http.headers - http-outgoing-130 << content-type: application/json; charset=UTF-8
DEBUG: org.apache.http.headers - http-outgoing-130 << connection: close
DEBUG: org.apache.http.headers - http-outgoing-130 << content-length: 224
DEBUG: org.apache.http.headers - http-outgoing-130 << server: httpd.js
DEBUG: org.apache.http.headers - http-outgoing-130 << date: Fri, 26 Aug 2016 09:42:58 GMT
DEBUG: org.apache.http.wire - http-outgoing-130 << "{"name":"findElement","sessionId":"2ee26769-3d37-b245-8426-d47429148238","status":0,"value":{"ELEMENT":"{0cb899fc-2386-014a-8c5b-6611b5a4d877}","element-6066-11e4-a52e-4f735466cecf":"{0cb899fc-2386-014a-8c5b-6611b5a4d877}"}}"
DEBUG: org.apache.http.impl.conn.DefaultManagedHttpClientConnection - http-outgoing-130: Close connection
DEBUG: org.apache.http.impl.execchain.MainClientExec - Connection discarded
DEBUG: org.apache.http.impl.conn.PoolingHttpClientConnectionManager - Connection released: [id: 130][route: {}->http://127.0.0.1:7057][total kept alive: 0; route allocated: 0 of 2000; total allocated: 0 of 2000]
DEBUG: org.apache.http.client.protocol.RequestAddCookies - CookieSpec selected: default
DEBUG: org.apache.http.client.protocol.RequestAuthCache - Auth cache not set in the context
DEBUG: org.apache.http.impl.conn.PoolingHttpClientConnectionManager - Connection request: [route: {}->http://127.0.0.1:7057][total kept alive: 0; route allocated: 0 of 2000; total allocated: 0 of 2000]
DEBUG: org.apache.http.impl.conn.PoolingHttpClientConnectionManager - Connection leased: [id: 131][route: {}->http://127.0.0.1:7057][total kept alive: 0; route allocated: 1 of 2000; total allocated: 1 of 2000]
DEBUG: org.apache.http.impl.execchain.MainClientExec - Opening connection {}->http://127.0.0.1:7057
DEBUG: org.apache.http.impl.conn.DefaultHttpClientConnectionOperator - Connecting to /127.0.0.1:7057
DEBUG: org.apache.http.impl.conn.DefaultHttpClientConnectionOperator - Connection established 127.0.0.1:60857<->127.0.0.1:7057
DEBUG: org.apache.http.impl.conn.DefaultManagedHttpClientConnection - http-outgoing-131: set socket timeout to 10800000
DEBUG: org.apache.http.impl.execchain.MainClientExec - Executing request POST /hub/session/2ee26769-3d37-b245-8426-d47429148238/element/%7B0cb899fc-2386-014a-8c5b-6611b5a4d877%7D/value HTTP/1.1
DEBUG: org.apache.http.impl.execchain.MainClientExec - Target auth state: UNCHALLENGED
DEBUG: org.apache.http.impl.execchain.MainClientExec - Proxy auth state: UNCHALLENGED
DEBUG: org.apache.http.headers - http-outgoing-131 >> POST /hub/session/2ee26769-3d37-b245-8426-d47429148238/element/%7B0cb899fc-2386-014a-8c5b-6611b5a4d877%7D/value HTTP/1.1
DEBUG: org.apache.http.headers - http-outgoing-131 >> Content-Type: application/json; charset=utf-8
DEBUG: org.apache.http.headers - http-outgoing-131 >> Content-Length: 66
DEBUG: org.apache.http.headers - http-outgoing-131 >> Host: 127.0.0.1:7057
DEBUG: org.apache.http.headers - http-outgoing-131 >> Connection: Keep-Alive
DEBUG: org.apache.http.headers - http-outgoing-131 >> User-Agent: Apache-HttpClient/4.5.2 (Java/1.7.0_79)
DEBUG: org.apache.http.headers - http-outgoing-131 >> Accept-Encoding: gzip,deflate
DEBUG: org.apache.http.wire - http-outgoing-131 >> "POST /hub/session/2ee26769-3d37-b245-8426-d47429148238/element/%7B0cb899fc-2386-014a-8c5b-6611b5a4d877%7D/value HTTP/1.1[\r][\n]"
DEBUG: org.apache.http.wire - http-outgoing-131 >> "Content-Type: application/json; charset=utf-8[\r][\n]"
DEBUG: org.apache.http.wire - http-outgoing-131 >> "Content-Length: 66[\r][\n]"
DEBUG: org.apache.http.wire - http-outgoing-131 >> "Host: 127.0.0.1:7057[\r][\n]"
DEBUG: org.apache.http.wire - http-outgoing-131 >> "Connection: Keep-Alive[\r][\n]"
DEBUG: org.apache.http.wire - http-outgoing-131 >> "User-Agent: Apache-HttpClient/4.5.2 (Java/1.7.0_79)[\r][\n]"
DEBUG: org.apache.http.wire - http-outgoing-131 >> "Accept-Encoding: gzip,deflate[\r][\n]"
DEBUG: org.apache.http.wire - http-outgoing-131 >> "[\r][\n]"
DEBUG: org.apache.http.wire - http-outgoing-131 >> "{"id":"{0cb899fc-2386-014a-8c5b-6611b5a4d877}","value":["secret"]}"
DEBUG: org.apache.http.wire - http-outgoing-131 << "HTTP/1.1 200 OK[\r][\n]"
DEBUG: org.apache.http.wire - http-outgoing-131 << "content-type: application/json; charset=UTF-8[\r][\n]"
DEBUG: org.apache.http.wire - http-outgoing-131 << "connection: close[\r][\n]"
DEBUG: org.apache.http.wire - http-outgoing-131 << "content-length: 101[\r][\n]"
DEBUG: org.apache.http.wire - http-outgoing-131 << "server: httpd.js[\r][\n]"
DEBUG: org.apache.http.wire - http-outgoing-131 << "date: Fri, 26 Aug 2016 09:42:58 GMT[\r][\n]"
DEBUG: org.apache.http.wire - http-outgoing-131 << "[\r][\n]"
DEBUG: org.apache.http.headers - http-outgoing-131 << HTTP/1.1 200 OK
DEBUG: org.apache.http.headers - http-outgoing-131 << content-type: application/json; charset=UTF-8
DEBUG: org.apache.http.headers - http-outgoing-131 << connection: close
DEBUG: org.apache.http.headers - http-outgoing-131 << content-length: 101
DEBUG: org.apache.http.headers - http-outgoing-131 << server: httpd.js
DEBUG: org.apache.http.headers - http-outgoing-131 << date: Fri, 26 Aug 2016 09:42:58 GMT
DEBUG: org.apache.http.wire - http-outgoing-131 << "{"name":"sendKeysToElement","sessionId":"2ee26769-3d37-b245-8426-d47429148238","status":0,"value":""}"
DEBUG: org.apache.http.impl.conn.DefaultManagedHttpClientConnection - http-outgoing-131: Close connection
DEBUG: org.apache.http.impl.execchain.MainClientExec - Connection discarded
DEBUG: org.apache.http.impl.conn.PoolingHttpClientConnectionManager - Connection released: [id: 131][route: {}->http://127.0.0.1:7057][total kept alive: 0; route allocated: 0 of 2000; total allocated: 0 of 2000]
DEBUG: org.apache.http.client.protocol.RequestAddCookies - CookieSpec selected: default
DEBUG: org.apache.http.client.protocol.RequestAuthCache - Auth cache not set in the context
DEBUG: org.apache.http.impl.conn.PoolingHttpClientConnectionManager - Connection request: [route: {}->http://127.0.0.1:7057][total kept alive: 0; route allocated: 0 of 2000; total allocated: 0 of 2000]
DEBUG: org.apache.http.impl.conn.PoolingHttpClientConnectionManager - Connection leased: [id: 132][route: {}->http://127.0.0.1:7057][total kept alive: 0; route allocated: 1 of 2000; total allocated: 1 of 2000]
DEBUG: org.apache.http.impl.execchain.MainClientExec - Opening connection {}->http://127.0.0.1:7057
DEBUG: org.apache.http.impl.conn.DefaultHttpClientConnectionOperator - Connecting to /127.0.0.1:7057
DEBUG: org.apache.http.impl.conn.DefaultHttpClientConnectionOperator - Connection established 127.0.0.1:60858<->127.0.0.1:7057
DEBUG: org.apache.http.impl.conn.DefaultManagedHttpClientConnection - http-outgoing-132: set socket timeout to 10800000
DEBUG: org.apache.http.impl.execchain.MainClientExec - Executing request POST /hub/session/2ee26769-3d37-b245-8426-d47429148238/element HTTP/1.1
DEBUG: org.apache.http.impl.execchain.MainClientExec - Target auth state: UNCHALLENGED
DEBUG: org.apache.http.impl.execchain.MainClientExec - Proxy auth state: UNCHALLENGED
DEBUG: org.apache.http.headers - http-outgoing-132 >> POST /hub/session/2ee26769-3d37-b245-8426-d47429148238/element HTTP/1.1
DEBUG: org.apache.http.headers - http-outgoing-132 >> Content-Type: application/json; charset=utf-8
DEBUG: org.apache.http.headers - http-outgoing-132 >> Content-Length: 33
DEBUG: org.apache.http.headers - http-outgoing-132 >> Host: 127.0.0.1:7057
DEBUG: org.apache.http.headers - http-outgoing-132 >> Connection: Keep-Alive
DEBUG: org.apache.http.headers - http-outgoing-132 >> User-Agent: Apache-HttpClient/4.5.2 (Java/1.7.0_79)
DEBUG: org.apache.http.headers - http-outgoing-132 >> Accept-Encoding: gzip,deflate
DEBUG: org.apache.http.wire - http-outgoing-132 >> "POST /hub/session/2ee26769-3d37-b245-8426-d47429148238/element HTTP/1.1[\r][\n]"
DEBUG: org.apache.http.wire - http-outgoing-132 >> "Content-Type: application/json; charset=utf-8[\r][\n]"
DEBUG: org.apache.http.wire - http-outgoing-132 >> "Content-Length: 33[\r][\n]"
DEBUG: org.apache.http.wire - http-outgoing-132 >> "Host: 127.0.0.1:7057[\r][\n]"
DEBUG: org.apache.http.wire - http-outgoing-132 >> "Connection: Keep-Alive[\r][\n]"
DEBUG: org.apache.http.wire - http-outgoing-132 >> "User-Agent: Apache-HttpClient/4.5.2 (Java/1.7.0_79)[\r][\n]"
DEBUG: org.apache.http.wire - http-outgoing-132 >> "Accept-Encoding: gzip,deflate[\r][\n]"
DEBUG: org.apache.http.wire - http-outgoing-132 >> "[\r][\n]"
DEBUG: org.apache.http.wire - http-outgoing-132 >> "{"using":"name","value":"submit"}"
DEBUG: org.apache.http.wire - http-outgoing-132 << "HTTP/1.1 200 OK[\r][\n]"
DEBUG: org.apache.http.wire - http-outgoing-132 << "content-type: application/json; charset=UTF-8[\r][\n]"
DEBUG: org.apache.http.wire - http-outgoing-132 << "connection: close[\r][\n]"
DEBUG: org.apache.http.wire - http-outgoing-132 << "content-length: 224[\r][\n]"
DEBUG: org.apache.http.wire - http-outgoing-132 << "server: httpd.js[\r][\n]"
DEBUG: org.apache.http.wire - http-outgoing-132 << "date: Fri, 26 Aug 2016 09:42:58 GMT[\r][\n]"
DEBUG: org.apache.http.wire - http-outgoing-132 << "[\r][\n]"
DEBUG: org.apache.http.headers - http-outgoing-132 << HTTP/1.1 200 OK
DEBUG: org.apache.http.headers - http-outgoing-132 << content-type: application/json; charset=UTF-8
DEBUG: org.apache.http.headers - http-outgoing-132 << connection: close
DEBUG: org.apache.http.headers - http-outgoing-132 << content-length: 224
DEBUG: org.apache.http.headers - http-outgoing-132 << server: httpd.js
DEBUG: org.apache.http.headers - http-outgoing-132 << date: Fri, 26 Aug 2016 09:42:58 GMT
DEBUG: org.apache.http.wire - http-outgoing-132 << "{"name":"findElement","sessionId":"2ee26769-3d37-b245-8426-d47429148238","status":0,"value":{"ELEMENT":"{8ab6b179-f89a-734b-86b8-bda23cac5c99}","element-6066-11e4-a52e-4f735466cecf":"{8ab6b179-f89a-734b-86b8-bda23cac5c99}"}}"
DEBUG: org.apache.http.impl.conn.DefaultManagedHttpClientConnection - http-outgoing-132: Close connection
DEBUG: org.apache.http.impl.execchain.MainClientExec - Connection discarded
DEBUG: org.apache.http.impl.conn.PoolingHttpClientConnectionManager - Connection released: [id: 132][route: {}->http://127.0.0.1:7057][total kept alive: 0; route allocated: 0 of 2000; total allocated: 0 of 2000]
DEBUG: org.apache.http.client.protocol.RequestAddCookies - CookieSpec selected: default
DEBUG: org.apache.http.client.protocol.RequestAuthCache - Auth cache not set in the context
DEBUG: org.apache.http.impl.conn.PoolingHttpClientConnectionManager - Connection request: [route: {}->http://127.0.0.1:7057][total kept alive: 0; route allocated: 0 of 2000; total allocated: 0 of 2000]
DEBUG: org.apache.http.impl.conn.PoolingHttpClientConnectionManager - Connection leased: [id: 133][route: {}->http://127.0.0.1:7057][total kept alive: 0; route allocated: 1 of 2000; total allocated: 1 of 2000]
DEBUG: org.apache.http.impl.execchain.MainClientExec - Opening connection {}->http://127.0.0.1:7057
DEBUG: org.apache.http.impl.conn.DefaultHttpClientConnectionOperator - Connecting to /127.0.0.1:7057
DEBUG: org.apache.http.impl.conn.DefaultHttpClientConnectionOperator - Connection established 127.0.0.1:60859<->127.0.0.1:7057
DEBUG: org.apache.http.impl.conn.DefaultManagedHttpClientConnection - http-outgoing-133: set socket timeout to 10800000
DEBUG: org.apache.http.impl.execchain.MainClientExec - Executing request POST /hub/session/2ee26769-3d37-b245-8426-d47429148238/element/%7B8ab6b179-f89a-734b-86b8-bda23cac5c99%7D/click HTTP/1.1
DEBUG: org.apache.http.impl.execchain.MainClientExec - Target auth state: UNCHALLENGED
DEBUG: org.apache.http.impl.execchain.MainClientExec - Proxy auth state: UNCHALLENGED
DEBUG: org.apache.http.headers - http-outgoing-133 >> POST /hub/session/2ee26769-3d37-b245-8426-d47429148238/element/%7B8ab6b179-f89a-734b-86b8-bda23cac5c99%7D/click HTTP/1.1
DEBUG: org.apache.http.headers - http-outgoing-133 >> Content-Type: application/json; charset=utf-8
DEBUG: org.apache.http.headers - http-outgoing-133 >> Content-Length: 47
DEBUG: org.apache.http.headers - http-outgoing-133 >> Host: 127.0.0.1:7057
DEBUG: org.apache.http.headers - http-outgoing-133 >> Connection: Keep-Alive
DEBUG: org.apache.http.headers - http-outgoing-133 >> User-Agent: Apache-HttpClient/4.5.2 (Java/1.7.0_79)
DEBUG: org.apache.http.headers - http-outgoing-133 >> Accept-Encoding: gzip,deflate
DEBUG: org.apache.http.wire - http-outgoing-133 >> "POST /hub/session/2ee26769-3d37-b245-8426-d47429148238/element/%7B8ab6b179-f89a-734b-86b8-bda23cac5c99%7D/click HTTP/1.1[\r][\n]"
DEBUG: org.apache.http.wire - http-outgoing-133 >> "Content-Type: application/json; charset=utf-8[\r][\n]"
DEBUG: org.apache.http.wire - http-outgoing-133 >> "Content-Length: 47[\r][\n]"
DEBUG: org.apache.http.wire - http-outgoing-133 >> "Host: 127.0.0.1:7057[\r][\n]"
DEBUG: org.apache.http.wire - http-outgoing-133 >> "Connection: Keep-Alive[\r][\n]"
DEBUG: org.apache.http.wire - http-outgoing-133 >> "User-Agent: Apache-HttpClient/4.5.2 (Java/1.7.0_79)[\r][\n]"
DEBUG: org.apache.http.wire - http-outgoing-133 >> "Accept-Encoding: gzip,deflate[\r][\n]"
DEBUG: org.apache.http.wire - http-outgoing-133 >> "[\r][\n]"
DEBUG: org.apache.http.wire - http-outgoing-133 >> "{"id":"{8ab6b179-f89a-734b-86b8-bda23cac5c99}"}"
DEBUG: org.apache.http.wire - http-outgoing-133 << "HTTP/1.1 200 OK[\r][\n]"
DEBUG: org.apache.http.wire - http-outgoing-133 << "content-type: application/json; charset=UTF-8[\r][\n]"
DEBUG: org.apache.http.wire - http-outgoing-133 << "connection: close[\r][\n]"
DEBUG: org.apache.http.wire - http-outgoing-133 << "content-length: 98[\r][\n]"
DEBUG: org.apache.http.wire - http-outgoing-133 << "server: httpd.js[\r][\n]"
DEBUG: org.apache.http.wire - http-outgoing-133 << "date: Fri, 26 Aug 2016 09:42:58 GMT[\r][\n]"
DEBUG: org.apache.http.wire - http-outgoing-133 << "[\r][\n]"
DEBUG: org.apache.http.headers - http-outgoing-133 << HTTP/1.1 200 OK
DEBUG: org.apache.http.headers - http-outgoing-133 << content-type: application/json; charset=UTF-8
DEBUG: org.apache.http.headers - http-outgoing-133 << connection: close
DEBUG: org.apache.http.headers - http-outgoing-133 << content-length: 98
DEBUG: org.apache.http.headers - http-outgoing-133 << server: httpd.js
DEBUG: org.apache.http.headers - http-outgoing-133 << date: Fri, 26 Aug 2016 09:42:58 GMT
DEBUG: org.apache.http.wire - http-outgoing-133 << "{"name":"clickElement","sessionId":"2ee26769-3d37-b245-8426-d47429148238","status":0,"value":"ok"}"
DEBUG: org.apache.http.impl.conn.DefaultManagedHttpClientConnection - http-outgoing-133: Close connection
DEBUG: org.apache.http.impl.execchain.MainClientExec - Connection discarded
DEBUG: org.apache.http.impl.conn.PoolingHttpClientConnectionManager - Connection released: [id: 133][route: {}->http://127.0.0.1:7057][total kept alive: 0; route allocated: 0 of 2000; total allocated: 0 of 2000]
DEBUG: org.apache.http.client.protocol.RequestAddCookies - CookieSpec selected: default
DEBUG: org.apache.http.client.protocol.RequestAuthCache - Auth cache not set in the context
DEBUG: org.apache.http.impl.conn.PoolingHttpClientConnectionManager - Connection request: [route: {}->http://127.0.0.1:7057][total kept alive: 0; route allocated: 0 of 2000; total allocated: 0 of 2000]
DEBUG: org.apache.http.impl.conn.PoolingHttpClientConnectionManager - Connection leased: [id: 134][route: {}->http://127.0.0.1:7057][total kept alive: 0; route allocated: 1 of 2000; total allocated: 1 of 2000]
DEBUG: org.apache.http.impl.execchain.MainClientExec - Opening connection {}->http://127.0.0.1:7057
DEBUG: org.apache.http.impl.conn.DefaultHttpClientConnectionOperator - Connecting to /127.0.0.1:7057
DEBUG: org.apache.http.impl.conn.DefaultHttpClientConnectionOperator - Connection established 127.0.0.1:60863<->127.0.0.1:7057
DEBUG: org.apache.http.impl.conn.DefaultManagedHttpClientConnection - http-outgoing-134: set socket timeout to 10800000
DEBUG: org.apache.http.impl.execchain.MainClientExec - Executing request POST /hub/session/2ee26769-3d37-b245-8426-d47429148238/url HTTP/1.1
DEBUG: org.apache.http.impl.execchain.MainClientExec - Target auth state: UNCHALLENGED
DEBUG: org.apache.http.impl.execchain.MainClientExec - Proxy auth state: UNCHALLENGED
DEBUG: org.apache.http.headers - http-outgoing-134 >> POST /hub/session/2ee26769-3d37-b245-8426-d47429148238/url HTTP/1.1
DEBUG: org.apache.http.headers - http-outgoing-134 >> Content-Type: application/json; charset=utf-8
DEBUG: org.apache.http.headers - http-outgoing-134 >> Content-Length: 37
DEBUG: org.apache.http.headers - http-outgoing-134 >> Host: 127.0.0.1:7057
DEBUG: org.apache.http.headers - http-outgoing-134 >> Connection: Keep-Alive
DEBUG: org.apache.http.headers - http-outgoing-134 >> User-Agent: Apache-HttpClient/4.5.2 (Java/1.7.0_79)
DEBUG: org.apache.http.headers - http-outgoing-134 >> Accept-Encoding: gzip,deflate
DEBUG: org.apache.http.wire - http-outgoing-134 >> "POST /hub/session/2ee26769-3d37-b245-8426-d47429148238/url HTTP/1.1[\r][\n]"
DEBUG: org.apache.http.wire - http-outgoing-134 >> "Content-Type: application/json; charset=utf-8[\r][\n]"
DEBUG: org.apache.http.wire - http-outgoing-134 >> "Content-Length: 37[\r][\n]"
DEBUG: org.apache.http.wire - http-outgoing-134 >> "Host: 127.0.0.1:7057[\r][\n]"
DEBUG: org.apache.http.wire - http-outgoing-134 >> "Connection: Keep-Alive[\r][\n]"
DEBUG: org.apache.http.wire - http-outgoing-134 >> "User-Agent: Apache-HttpClient/4.5.2 (Java/1.7.0_79)[\r][\n]"
DEBUG: org.apache.http.wire - http-outgoing-134 >> "Accept-Encoding: gzip,deflate[\r][\n]"
DEBUG: org.apache.http.wire - http-outgoing-134 >> "[\r][\n]"
DEBUG: org.apache.http.wire - http-outgoing-134 >> "{"url":"http://localhost:8080/admin"}"
DEBUG: org.apache.http.wire - http-outgoing-134 << "HTTP/1.1 200 OK[\r][\n]"
DEBUG: org.apache.http.wire - http-outgoing-134 << "content-type: application/json; charset=UTF-8[\r][\n]"
DEBUG: org.apache.http.wire - http-outgoing-134 << "connection: close[\r][\n]"
DEBUG: org.apache.http.wire - http-outgoing-134 << "content-length: 87[\r][\n]"
DEBUG: org.apache.http.wire - http-outgoing-134 << "server: httpd.js[\r][\n]"
DEBUG: org.apache.http.wire - http-outgoing-134 << "date: Fri, 26 Aug 2016 09:42:58 GMT[\r][\n]"
DEBUG: org.apache.http.wire - http-outgoing-134 << "[\r][\n]"
DEBUG: org.apache.http.headers - http-outgoing-134 << HTTP/1.1 200 OK
DEBUG: org.apache.http.headers - http-outgoing-134 << content-type: application/json; charset=UTF-8
DEBUG: org.apache.http.headers - http-outgoing-134 << connection: close
DEBUG: org.apache.http.headers - http-outgoing-134 << content-length: 87
DEBUG: org.apache.http.headers - http-outgoing-134 << server: httpd.js
DEBUG: org.apache.http.headers - http-outgoing-134 << date: Fri, 26 Aug 2016 09:42:58 GMT
DEBUG: org.apache.http.wire - http-outgoing-134 << "{"name":"get","sessionId":"2ee26769-3d37-b245-8426-d47429148238","status":0,"value":""}"
DEBUG: org.apache.http.impl.conn.DefaultManagedHttpClientConnection - http-outgoing-134: Close connection
DEBUG: org.apache.http.impl.execchain.MainClientExec - Connection discarded
DEBUG: org.apache.http.impl.conn.PoolingHttpClientConnectionManager - Connection released: [id: 134][route: {}->http://127.0.0.1:7057][total kept alive: 0; route allocated: 0 of 2000; total allocated: 0 of 2000]
DEBUG: org.apache.http.client.protocol.RequestAddCookies - CookieSpec selected: default
DEBUG: org.apache.http.client.protocol.RequestAuthCache - Auth cache not set in the context
DEBUG: org.apache.http.impl.conn.PoolingHttpClientConnectionManager - Connection request: [route: {}->http://127.0.0.1:7057][total kept alive: 0; route allocated: 0 of 2000; total allocated: 0 of 2000]
DEBUG: org.apache.http.impl.conn.PoolingHttpClientConnectionManager - Connection leased: [id: 135][route: {}->http://127.0.0.1:7057][total kept alive: 0; route allocated: 1 of 2000; total allocated: 1 of 2000]
DEBUG: org.apache.http.impl.execchain.MainClientExec - Opening connection {}->http://127.0.0.1:7057
DEBUG: org.apache.http.impl.conn.DefaultHttpClientConnectionOperator - Connecting to /127.0.0.1:7057
DEBUG: org.apache.http.impl.conn.DefaultHttpClientConnectionOperator - Connection established 127.0.0.1:60864<->127.0.0.1:7057
DEBUG: org.apache.http.impl.conn.DefaultManagedHttpClientConnection - http-outgoing-135: set socket timeout to 10800000
DEBUG: org.apache.http.impl.execchain.MainClientExec - Executing request POST /hub/session/2ee26769-3d37-b245-8426-d47429148238/element HTTP/1.1
DEBUG: org.apache.http.impl.execchain.MainClientExec - Target auth state: UNCHALLENGED
DEBUG: org.apache.http.impl.execchain.MainClientExec - Proxy auth state: UNCHALLENGED
DEBUG: org.apache.http.headers - http-outgoing-135 >> POST /hub/session/2ee26769-3d37-b245-8426-d47429148238/element HTTP/1.1
DEBUG: org.apache.http.headers - http-outgoing-135 >> Content-Type: application/json; charset=utf-8
DEBUG: org.apache.http.headers - http-outgoing-135 >> Content-Length: 36
DEBUG: org.apache.http.headers - http-outgoing-135 >> Host: 127.0.0.1:7057
DEBUG: org.apache.http.headers - http-outgoing-135 >> Connection: Keep-Alive
DEBUG: org.apache.http.headers - http-outgoing-135 >> User-Agent: Apache-HttpClient/4.5.2 (Java/1.7.0_79)
DEBUG: org.apache.http.headers - http-outgoing-135 >> Accept-Encoding: gzip,deflate
DEBUG: org.apache.http.wire - http-outgoing-135 >> "POST /hub/session/2ee26769-3d37-b245-8426-d47429148238/element HTTP/1.1[\r][\n]"
DEBUG: org.apache.http.wire - http-outgoing-135 >> "Content-Type: application/json; charset=utf-8[\r][\n]"
DEBUG: org.apache.http.wire - http-outgoing-135 >> "Content-Length: 36[\r][\n]"
DEBUG: org.apache.http.wire - http-outgoing-135 >> "Host: 127.0.0.1:7057[\r][\n]"
DEBUG: org.apache.http.wire - http-outgoing-135 >> "Connection: Keep-Alive[\r][\n]"
DEBUG: org.apache.http.wire - http-outgoing-135 >> "User-Agent: Apache-HttpClient/4.5.2 (Java/1.7.0_79)[\r][\n]"
DEBUG: org.apache.http.wire - http-outgoing-135 >> "Accept-Encoding: gzip,deflate[\r][\n]"
DEBUG: org.apache.http.wire - http-outgoing-135 >> "[\r][\n]"
DEBUG: org.apache.http.wire - http-outgoing-135 >> "{"using":"id","value":"manageItems"}"
DEBUG: org.apache.http.wire - http-outgoing-135 << "HTTP/1.1 200 OK[\r][\n]"
DEBUG: org.apache.http.wire - http-outgoing-135 << "content-type: application/json; charset=UTF-8[\r][\n]"
DEBUG: org.apache.http.wire - http-outgoing-135 << "connection: close[\r][\n]"
DEBUG: org.apache.http.wire - http-outgoing-135 << "content-length: 224[\r][\n]"
DEBUG: org.apache.http.wire - http-outgoing-135 << "server: httpd.js[\r][\n]"
DEBUG: org.apache.http.wire - http-outgoing-135 << "date: Fri, 26 Aug 2016 09:42:58 GMT[\r][\n]"
DEBUG: org.apache.http.wire - http-outgoing-135 << "[\r][\n]"
DEBUG: org.apache.http.headers - http-outgoing-135 << HTTP/1.1 200 OK
DEBUG: org.apache.http.headers - http-outgoing-135 << content-type: application/json; charset=UTF-8
DEBUG: org.apache.http.headers - http-outgoing-135 << connection: close
DEBUG: org.apache.http.headers - http-outgoing-135 << content-length: 224
DEBUG: org.apache.http.headers - http-outgoing-135 << server: httpd.js
DEBUG: org.apache.http.headers - http-outgoing-135 << date: Fri, 26 Aug 2016 09:42:58 GMT
DEBUG: org.apache.http.wire - http-outgoing-135 << "{"name":"findElement","sessionId":"2ee26769-3d37-b245-8426-d47429148238","status":0,"value":{"ELEMENT":"{9287bff5-5d75-b246-9782-4b06e2fea643}","element-6066-11e4-a52e-4f735466cecf":"{9287bff5-5d75-b246-9782-4b06e2fea643}"}}"
DEBUG: org.apache.http.impl.conn.DefaultManagedHttpClientConnection - http-outgoing-135: Close connection
DEBUG: org.apache.http.impl.execchain.MainClientExec - Connection discarded
DEBUG: org.apache.http.impl.conn.PoolingHttpClientConnectionManager - Connection released: [id: 135][route: {}->http://127.0.0.1:7057][total kept alive: 0; route allocated: 0 of 2000; total allocated: 0 of 2000]
DEBUG: org.apache.http.client.protocol.RequestAddCookies - CookieSpec selected: default
DEBUG: org.apache.http.client.protocol.RequestAuthCache - Auth cache not set in the context
DEBUG: org.apache.http.impl.conn.PoolingHttpClientConnectionManager - Connection request: [route: {}->http://127.0.0.1:7057][total kept alive: 0; route allocated: 0 of 2000; total allocated: 0 of 2000]
DEBUG: org.apache.http.impl.conn.PoolingHttpClientConnectionManager - Connection leased: [id: 136][route: {}->http://127.0.0.1:7057][total kept alive: 0; route allocated: 1 of 2000; total allocated: 1 of 2000]
DEBUG: org.apache.http.impl.execchain.MainClientExec - Opening connection {}->http://127.0.0.1:7057
DEBUG: org.apache.http.impl.conn.DefaultHttpClientConnectionOperator - Connecting to /127.0.0.1:7057
DEBUG: org.apache.http.impl.conn.DefaultHttpClientConnectionOperator - Connection established 127.0.0.1:60865<->127.0.0.1:7057
DEBUG: org.apache.http.impl.conn.DefaultManagedHttpClientConnection - http-outgoing-136: set socket timeout to 10800000
DEBUG: org.apache.http.impl.execchain.MainClientExec - Executing request POST /hub/session/2ee26769-3d37-b245-8426-d47429148238/element/%7B9287bff5-5d75-b246-9782-4b06e2fea643%7D/click HTTP/1.1
DEBUG: org.apache.http.impl.execchain.MainClientExec - Target auth state: UNCHALLENGED
DEBUG: org.apache.http.impl.execchain.MainClientExec - Proxy auth state: UNCHALLENGED
DEBUG: org.apache.http.headers - http-outgoing-136 >> POST /hub/session/2ee26769-3d37-b245-8426-d47429148238/element/%7B9287bff5-5d75-b246-9782-4b06e2fea643%7D/click HTTP/1.1
DEBUG: org.apache.http.headers - http-outgoing-136 >> Content-Type: application/json; charset=utf-8
DEBUG: org.apache.http.headers - http-outgoing-136 >> Content-Length: 47
DEBUG: org.apache.http.headers - http-outgoing-136 >> Host: 127.0.0.1:7057
DEBUG: org.apache.http.headers - http-outgoing-136 >> Connection: Keep-Alive
DEBUG: org.apache.http.headers - http-outgoing-136 >> User-Agent: Apache-HttpClient/4.5.2 (Java/1.7.0_79)
DEBUG: org.apache.http.headers - http-outgoing-136 >> Accept-Encoding: gzip,deflate
DEBUG: org.apache.http.wire - http-outgoing-136 >> "POST /hub/session/2ee26769-3d37-b245-8426-d47429148238/element/%7B9287bff5-5d75-b246-9782-4b06e2fea643%7D/click HTTP/1.1[\r][\n]"
DEBUG: org.apache.http.wire - http-outgoing-136 >> "Content-Type: application/json; charset=utf-8[\r][\n]"
DEBUG: org.apache.http.wire - http-outgoing-136 >> "Content-Length: 47[\r][\n]"
DEBUG: org.apache.http.wire - http-outgoing-136 >> "Host: 127.0.0.1:7057[\r][\n]"
DEBUG: org.apache.http.wire - http-outgoing-136 >> "Connection: Keep-Alive[\r][\n]"
DEBUG: org.apache.http.wire - http-outgoing-136 >> "User-Agent: Apache-HttpClient/4.5.2 (Java/1.7.0_79)[\r][\n]"
DEBUG: org.apache.http.wire - http-outgoing-136 >> "Accept-Encoding: gzip,deflate[\r][\n]"
DEBUG: org.apache.http.wire - http-outgoing-136 >> "[\r][\n]"
DEBUG: org.apache.http.wire - http-outgoing-136 >> "{"id":"{9287bff5-5d75-b246-9782-4b06e2fea643}"}"
DEBUG: org.apache.http.wire - http-outgoing-136 << "HTTP/1.1 200 OK[\r][\n]"
DEBUG: org.apache.http.wire - http-outgoing-136 << "content-type: application/json; charset=UTF-8[\r][\n]"
DEBUG: org.apache.http.wire - http-outgoing-136 << "connection: close[\r][\n]"
DEBUG: org.apache.http.wire - http-outgoing-136 << "content-length: 98[\r][\n]"
DEBUG: org.apache.http.wire - http-outgoing-136 << "server: httpd.js[\r][\n]"
DEBUG: org.apache.http.wire - http-outgoing-136 << "date: Fri, 26 Aug 2016 09:42:58 GMT[\r][\n]"
DEBUG: org.apache.http.wire - http-outgoing-136 << "[\r][\n]"
DEBUG: org.apache.http.headers - http-outgoing-136 << HTTP/1.1 200 OK
DEBUG: org.apache.http.headers - http-outgoing-136 << content-type: application/json; charset=UTF-8
DEBUG: org.apache.http.headers - http-outgoing-136 << connection: close
DEBUG: org.apache.http.headers - http-outgoing-136 << content-length: 98
DEBUG: org.apache.http.headers - http-outgoing-136 << server: httpd.js
DEBUG: org.apache.http.headers - http-outgoing-136 << date: Fri, 26 Aug 2016 09:42:58 GMT
DEBUG: org.apache.http.wire - http-outgoing-136 << "{"name":"clickElement","sessionId":"2ee26769-3d37-b245-8426-d47429148238","status":0,"value":"ok"}"
DEBUG: org.apache.http.impl.conn.DefaultManagedHttpClientConnection - http-outgoing-136: Close connection
DEBUG: org.apache.http.impl.execchain.MainClientExec - Connection discarded
DEBUG: org.apache.http.impl.conn.PoolingHttpClientConnectionManager - Connection released: [id: 136][route: {}->http://127.0.0.1:7057][total kept alive: 0; route allocated: 0 of 2000; total allocated: 0 of 2000]
DEBUG: org.apache.http.client.protocol.RequestAddCookies - CookieSpec selected: default
DEBUG: org.apache.http.client.protocol.RequestAuthCache - Auth cache not set in the context
DEBUG: org.apache.http.impl.conn.PoolingHttpClientConnectionManager - Connection request: [route: {}->http://127.0.0.1:7057][total kept alive: 0; route allocated: 0 of 2000; total allocated: 0 of 2000]
DEBUG: org.apache.http.impl.conn.PoolingHttpClientConnectionManager - Connection leased: [id: 137][route: {}->http://127.0.0.1:7057][total kept alive: 0; route allocated: 1 of 2000; total allocated: 1 of 2000]
DEBUG: org.apache.http.impl.execchain.MainClientExec - Opening connection {}->http://127.0.0.1:7057
DEBUG: org.apache.http.impl.conn.DefaultHttpClientConnectionOperator - Connecting to /127.0.0.1:7057
DEBUG: org.apache.http.impl.conn.DefaultHttpClientConnectionOperator - Connection established 127.0.0.1:60868<->127.0.0.1:7057
DEBUG: org.apache.http.impl.conn.DefaultManagedHttpClientConnection - http-outgoing-137: set socket timeout to 10800000
DEBUG: org.apache.http.impl.execchain.MainClientExec - Executing request POST /hub/session/2ee26769-3d37-b245-8426-d47429148238/element HTTP/1.1
DEBUG: org.apache.http.impl.execchain.MainClientExec - Target auth state: UNCHALLENGED
DEBUG: org.apache.http.impl.execchain.MainClientExec - Proxy auth state: UNCHALLENGED
DEBUG: org.apache.http.headers - http-outgoing-137 >> POST /hub/session/2ee26769-3d37-b245-8426-d47429148238/element HTTP/1.1
DEBUG: org.apache.http.headers - http-outgoing-137 >> Content-Type: application/json; charset=utf-8
DEBUG: org.apache.http.headers - http-outgoing-137 >> Content-Length: 29
DEBUG: org.apache.http.headers - http-outgoing-137 >> Host: 127.0.0.1:7057
DEBUG: org.apache.http.headers - http-outgoing-137 >> Connection: Keep-Alive
DEBUG: org.apache.http.headers - http-outgoing-137 >> User-Agent: Apache-HttpClient/4.5.2 (Java/1.7.0_79)
DEBUG: org.apache.http.headers - http-outgoing-137 >> Accept-Encoding: gzip,deflate
DEBUG: org.apache.http.wire - http-outgoing-137 >> "POST /hub/session/2ee26769-3d37-b245-8426-d47429148238/element HTTP/1.1[\r][\n]"
DEBUG: org.apache.http.wire - http-outgoing-137 >> "Content-Type: application/json; charset=utf-8[\r][\n]"
DEBUG: org.apache.http.wire - http-outgoing-137 >> "Content-Length: 29[\r][\n]"
DEBUG: org.apache.http.wire - http-outgoing-137 >> "Host: 127.0.0.1:7057[\r][\n]"
DEBUG: org.apache.http.wire - http-outgoing-137 >> "Connection: Keep-Alive[\r][\n]"
DEBUG: org.apache.http.wire - http-outgoing-137 >> "User-Agent: Apache-HttpClient/4.5.2 (Java/1.7.0_79)[\r][\n]"
DEBUG: org.apache.http.wire - http-outgoing-137 >> "Accept-Encoding: gzip,deflate[\r][\n]"
DEBUG: org.apache.http.wire - http-outgoing-137 >> "[\r][\n]"
DEBUG: org.apache.http.wire - http-outgoing-137 >> "{"using":"id","value":"name"}"
DEBUG: org.apache.http.wire - http-outgoing-137 << "HTTP/1.1 200 OK[\r][\n]"
DEBUG: org.apache.http.wire - http-outgoing-137 << "content-type: application/json; charset=UTF-8[\r][\n]"
DEBUG: org.apache.http.wire - http-outgoing-137 << "connection: close[\r][\n]"
DEBUG: org.apache.http.wire - http-outgoing-137 << "content-length: 224[\r][\n]"
DEBUG: org.apache.http.wire - http-outgoing-137 << "server: httpd.js[\r][\n]"
DEBUG: org.apache.http.wire - http-outgoing-137 << "date: Fri, 26 Aug 2016 09:42:58 GMT[\r][\n]"
DEBUG: org.apache.http.wire - http-outgoing-137 << "[\r][\n]"
DEBUG: org.apache.http.headers - http-outgoing-137 << HTTP/1.1 200 OK
DEBUG: org.apache.http.headers - http-outgoing-137 << content-type: application/json; charset=UTF-8
DEBUG: org.apache.http.headers - http-outgoing-137 << connection: close
DEBUG: org.apache.http.headers - http-outgoing-137 << content-length: 224
DEBUG: org.apache.http.headers - http-outgoing-137 << server: httpd.js
DEBUG: org.apache.http.headers - http-outgoing-137 << date: Fri, 26 Aug 2016 09:42:58 GMT
DEBUG: org.apache.http.wire - http-outgoing-137 << "{"name":"findElement","sessionId":"2ee26769-3d37-b245-8426-d47429148238","status":0,"value":{"ELEMENT":"{23139b93-b10c-734a-8437-4becbb8c49fb}","element-6066-11e4-a52e-4f735466cecf":"{23139b93-b10c-734a-8437-4becbb8c49fb}"}}"
DEBUG: org.apache.http.impl.conn.DefaultManagedHttpClientConnection - http-outgoing-137: Close connection
DEBUG: org.apache.http.impl.execchain.MainClientExec - Connection discarded
DEBUG: org.apache.http.impl.conn.PoolingHttpClientConnectionManager - Connection released: [id: 137][route: {}->http://127.0.0.1:7057][total kept alive: 0; route allocated: 0 of 2000; total allocated: 0 of 2000]
DEBUG: org.apache.http.client.protocol.RequestAddCookies - CookieSpec selected: default
DEBUG: org.apache.http.client.protocol.RequestAuthCache - Auth cache not set in the context
DEBUG: org.apache.http.impl.conn.PoolingHttpClientConnectionManager - Connection request: [route: {}->http://127.0.0.1:7057][total kept alive: 0; route allocated: 0 of 2000; total allocated: 0 of 2000]
DEBUG: org.apache.http.impl.conn.PoolingHttpClientConnectionManager - Connection leased: [id: 138][route: {}->http://127.0.0.1:7057][total kept alive: 0; route allocated: 1 of 2000; total allocated: 1 of 2000]
DEBUG: org.apache.http.impl.execchain.MainClientExec - Opening connection {}->http://127.0.0.1:7057
DEBUG: org.apache.http.impl.conn.DefaultHttpClientConnectionOperator - Connecting to /127.0.0.1:7057
DEBUG: org.apache.http.impl.conn.DefaultHttpClientConnectionOperator - Connection established 127.0.0.1:60869<->127.0.0.1:7057
DEBUG: org.apache.http.impl.conn.DefaultManagedHttpClientConnection - http-outgoing-138: set socket timeout to 10800000
DEBUG: org.apache.http.impl.execchain.MainClientExec - Executing request POST /hub/session/2ee26769-3d37-b245-8426-d47429148238/element/%7B23139b93-b10c-734a-8437-4becbb8c49fb%7D/clear HTTP/1.1
DEBUG: org.apache.http.impl.execchain.MainClientExec - Target auth state: UNCHALLENGED
DEBUG: org.apache.http.impl.execchain.MainClientExec - Proxy auth state: UNCHALLENGED
DEBUG: org.apache.http.headers - http-outgoing-138 >> POST /hub/session/2ee26769-3d37-b245-8426-d47429148238/element/%7B23139b93-b10c-734a-8437-4becbb8c49fb%7D/clear HTTP/1.1
DEBUG: org.apache.http.headers - http-outgoing-138 >> Content-Type: application/json; charset=utf-8
DEBUG: org.apache.http.headers - http-outgoing-138 >> Content-Length: 47
DEBUG: org.apache.http.headers - http-outgoing-138 >> Host: 127.0.0.1:7057
DEBUG: org.apache.http.headers - http-outgoing-138 >> Connection: Keep-Alive
DEBUG: org.apache.http.headers - http-outgoing-138 >> User-Agent: Apache-HttpClient/4.5.2 (Java/1.7.0_79)
DEBUG: org.apache.http.headers - http-outgoing-138 >> Accept-Encoding: gzip,deflate
DEBUG: org.apache.http.wire - http-outgoing-138 >> "POST /hub/session/2ee26769-3d37-b245-8426-d47429148238/element/%7B23139b93-b10c-734a-8437-4becbb8c49fb%7D/clear HTTP/1.1[\r][\n]"
DEBUG: org.apache.http.wire - http-outgoing-138 >> "Content-Type: application/json; charset=utf-8[\r][\n]"
DEBUG: org.apache.http.wire - http-outgoing-138 >> "Content-Length: 47[\r][\n]"
DEBUG: org.apache.http.wire - http-outgoing-138 >> "Host: 127.0.0.1:7057[\r][\n]"
DEBUG: org.apache.http.wire - http-outgoing-138 >> "Connection: Keep-Alive[\r][\n]"
DEBUG: org.apache.http.wire - http-outgoing-138 >> "User-Agent: Apache-HttpClient/4.5.2 (Java/1.7.0_79)[\r][\n]"
DEBUG: org.apache.http.wire - http-outgoing-138 >> "Accept-Encoding: gzip,deflate[\r][\n]"
DEBUG: org.apache.http.wire - http-outgoing-138 >> "[\r][\n]"
DEBUG: org.apache.http.wire - http-outgoing-138 >> "{"id":"{23139b93-b10c-734a-8437-4becbb8c49fb}"}"
DEBUG: org.apache.http.wire - http-outgoing-138 << "HTTP/1.1 200 OK[\r][\n]"
DEBUG: org.apache.http.wire - http-outgoing-138 << "content-type: application/json; charset=UTF-8[\r][\n]"
DEBUG: org.apache.http.wire - http-outgoing-138 << "connection: close[\r][\n]"
DEBUG: org.apache.http.wire - http-outgoing-138 << "content-length: 96[\r][\n]"
DEBUG: org.apache.http.wire - http-outgoing-138 << "server: httpd.js[\r][\n]"
DEBUG: org.apache.http.wire - http-outgoing-138 << "date: Fri, 26 Aug 2016 09:42:58 GMT[\r][\n]"
DEBUG: org.apache.http.wire - http-outgoing-138 << "[\r][\n]"
DEBUG: org.apache.http.headers - http-outgoing-138 << HTTP/1.1 200 OK
DEBUG: org.apache.http.headers - http-outgoing-138 << content-type: application/json; charset=UTF-8
DEBUG: org.apache.http.headers - http-outgoing-138 << connection: close
DEBUG: org.apache.http.headers - http-outgoing-138 << content-length: 96
DEBUG: org.apache.http.headers - http-outgoing-138 << server: httpd.js
DEBUG: org.apache.http.headers - http-outgoing-138 << date: Fri, 26 Aug 2016 09:42:58 GMT
DEBUG: org.apache.http.wire - http-outgoing-138 << "{"name":"clearElement","sessionId":"2ee26769-3d37-b245-8426-d47429148238","status":0,"value":""}"
DEBUG: org.apache.http.impl.conn.DefaultManagedHttpClientConnection - http-outgoing-138: Close connection
DEBUG: org.apache.http.impl.execchain.MainClientExec - Connection discarded
DEBUG: org.apache.http.impl.conn.PoolingHttpClientConnectionManager - Connection released: [id: 138][route: {}->http://127.0.0.1:7057][total kept alive: 0; route allocated: 0 of 2000; total allocated: 0 of 2000]
DEBUG: org.apache.http.client.protocol.RequestAddCookies - CookieSpec selected: default
DEBUG: org.apache.http.client.protocol.RequestAuthCache - Auth cache not set in the context
DEBUG: org.apache.http.impl.conn.PoolingHttpClientConnectionManager - Connection request: [route: {}->http://127.0.0.1:7057][total kept alive: 0; route allocated: 0 of 2000; total allocated: 0 of 2000]
DEBUG: org.apache.http.impl.conn.PoolingHttpClientConnectionManager - Connection leased: [id: 139][route: {}->http://127.0.0.1:7057][total kept alive: 0; route allocated: 1 of 2000; total allocated: 1 of 2000]
DEBUG: org.apache.http.impl.execchain.MainClientExec - Opening connection {}->http://127.0.0.1:7057
DEBUG: org.apache.http.impl.conn.DefaultHttpClientConnectionOperator - Connecting to /127.0.0.1:7057
DEBUG: org.apache.http.impl.conn.DefaultHttpClientConnectionOperator - Connection established 127.0.0.1:60870<->127.0.0.1:7057
DEBUG: org.apache.http.impl.conn.DefaultManagedHttpClientConnection - http-outgoing-139: set socket timeout to 10800000
DEBUG: org.apache.http.impl.execchain.MainClientExec - Executing request POST /hub/session/2ee26769-3d37-b245-8426-d47429148238/element/%7B23139b93-b10c-734a-8437-4becbb8c49fb%7D/value HTTP/1.1
DEBUG: org.apache.http.impl.execchain.MainClientExec - Target auth state: UNCHALLENGED
DEBUG: org.apache.http.impl.execchain.MainClientExec - Proxy auth state: UNCHALLENGED
DEBUG: org.apache.http.headers - http-outgoing-139 >> POST /hub/session/2ee26769-3d37-b245-8426-d47429148238/element/%7B23139b93-b10c-734a-8437-4becbb8c49fb%7D/value HTTP/1.1
DEBUG: org.apache.http.headers - http-outgoing-139 >> Content-Type: application/json; charset=utf-8
DEBUG: org.apache.http.headers - http-outgoing-139 >> Content-Length: 80
DEBUG: org.apache.http.headers - http-outgoing-139 >> Host: 127.0.0.1:7057
DEBUG: org.apache.http.headers - http-outgoing-139 >> Connection: Keep-Alive
DEBUG: org.apache.http.headers - http-outgoing-139 >> User-Agent: Apache-HttpClient/4.5.2 (Java/1.7.0_79)
DEBUG: org.apache.http.headers - http-outgoing-139 >> Accept-Encoding: gzip,deflate
DEBUG: org.apache.http.wire - http-outgoing-139 >> "POST /hub/session/2ee26769-3d37-b245-8426-d47429148238/element/%7B23139b93-b10c-734a-8437-4becbb8c49fb%7D/value HTTP/1.1[\r][\n]"
DEBUG: org.apache.http.wire - http-outgoing-139 >> "Content-Type: application/json; charset=utf-8[\r][\n]"
DEBUG: org.apache.http.wire - http-outgoing-139 >> "Content-Length: 80[\r][\n]"
DEBUG: org.apache.http.wire - http-outgoing-139 >> "Host: 127.0.0.1:7057[\r][\n]"
DEBUG: org.apache.http.wire - http-outgoing-139 >> "Connection: Keep-Alive[\r][\n]"
DEBUG: org.apache.http.wire - http-outgoing-139 >> "User-Agent: Apache-HttpClient/4.5.2 (Java/1.7.0_79)[\r][\n]"
DEBUG: org.apache.http.wire - http-outgoing-139 >> "Accept-Encoding: gzip,deflate[\r][\n]"
DEBUG: org.apache.http.wire - http-outgoing-139 >> "[\r][\n]"
DEBUG: org.apache.http.wire - http-outgoing-139 >> "{"id":"{23139b93-b10c-734a-8437-4becbb8c49fb}","value":["Simplon Pavo 3 Ultra"]}"
DEBUG: org.apache.http.wire - http-outgoing-139 << "HTTP/1.1 200 OK[\r][\n]"
DEBUG: org.apache.http.wire - http-outgoing-139 << "content-type: application/json; charset=UTF-8[\r][\n]"
DEBUG: org.apache.http.wire - http-outgoing-139 << "connection: close[\r][\n]"
DEBUG: org.apache.http.wire - http-outgoing-139 << "content-length: 101[\r][\n]"
DEBUG: org.apache.http.wire - http-outgoing-139 << "server: httpd.js[\r][\n]"
DEBUG: org.apache.http.wire - http-outgoing-139 << "date: Fri, 26 Aug 2016 09:42:58 GMT[\r][\n]"
DEBUG: org.apache.http.wire - http-outgoing-139 << "[\r][\n]"
DEBUG: org.apache.http.headers - http-outgoing-139 << HTTP/1.1 200 OK
DEBUG: org.apache.http.headers - http-outgoing-139 << content-type: application/json; charset=UTF-8
DEBUG: org.apache.http.headers - http-outgoing-139 << connection: close
DEBUG: org.apache.http.headers - http-outgoing-139 << content-length: 101
DEBUG: org.apache.http.headers - http-outgoing-139 << server: httpd.js
DEBUG: org.apache.http.headers - http-outgoing-139 << date: Fri, 26 Aug 2016 09:42:58 GMT
DEBUG: org.apache.http.wire - http-outgoing-139 << "{"name":"sendKeysToElement","sessionId":"2ee26769-3d37-b245-8426-d47429148238","status":0,"value":""}"
DEBUG: org.apache.http.impl.conn.DefaultManagedHttpClientConnection - http-outgoing-139: Close connection
DEBUG: org.apache.http.impl.execchain.MainClientExec - Connection discarded
DEBUG: org.apache.http.impl.conn.PoolingHttpClientConnectionManager - Connection released: [id: 139][route: {}->http://127.0.0.1:7057][total kept alive: 0; route allocated: 0 of 2000; total allocated: 0 of 2000]
DEBUG: org.apache.http.client.protocol.RequestAddCookies - CookieSpec selected: default
DEBUG: org.apache.http.client.protocol.RequestAuthCache - Auth cache not set in the context
DEBUG: org.apache.http.impl.conn.PoolingHttpClientConnectionManager - Connection request: [route: {}->http://127.0.0.1:7057][total kept alive: 0; route allocated: 0 of 2000; total allocated: 0 of 2000]
DEBUG: org.apache.http.impl.conn.PoolingHttpClientConnectionManager - Connection leased: [id: 140][route: {}->http://127.0.0.1:7057][total kept alive: 0; route allocated: 1 of 2000; total allocated: 1 of 2000]
DEBUG: org.apache.http.impl.execchain.MainClientExec - Opening connection {}->http://127.0.0.1:7057
DEBUG: org.apache.http.impl.conn.DefaultHttpClientConnectionOperator - Connecting to /127.0.0.1:7057
DEBUG: org.apache.http.impl.conn.DefaultHttpClientConnectionOperator - Connection established 127.0.0.1:60871<->127.0.0.1:7057
DEBUG: org.apache.http.impl.conn.DefaultManagedHttpClientConnection - http-outgoing-140: set socket timeout to 10800000
DEBUG: org.apache.http.impl.execchain.MainClientExec - Executing request POST /hub/session/2ee26769-3d37-b245-8426-d47429148238/element HTTP/1.1
DEBUG: org.apache.http.impl.execchain.MainClientExec - Target auth state: UNCHALLENGED
DEBUG: org.apache.http.impl.execchain.MainClientExec - Proxy auth state: UNCHALLENGED
DEBUG: org.apache.http.headers - http-outgoing-140 >> POST /hub/session/2ee26769-3d37-b245-8426-d47429148238/element HTTP/1.1
DEBUG: org.apache.http.headers - http-outgoing-140 >> Content-Type: application/json; charset=utf-8
DEBUG: org.apache.http.headers - http-outgoing-140 >> Content-Length: 30
DEBUG: org.apache.http.headers - http-outgoing-140 >> Host: 127.0.0.1:7057
DEBUG: org.apache.http.headers - http-outgoing-140 >> Connection: Keep-Alive
DEBUG: org.apache.http.headers - http-outgoing-140 >> User-Agent: Apache-HttpClient/4.5.2 (Java/1.7.0_79)
DEBUG: org.apache.http.headers - http-outgoing-140 >> Accept-Encoding: gzip,deflate
DEBUG: org.apache.http.wire - http-outgoing-140 >> "POST /hub/session/2ee26769-3d37-b245-8426-d47429148238/element HTTP/1.1[\r][\n]"
DEBUG: org.apache.http.wire - http-outgoing-140 >> "Content-Type: application/json; charset=utf-8[\r][\n]"
DEBUG: org.apache.http.wire - http-outgoing-140 >> "Content-Length: 30[\r][\n]"
DEBUG: org.apache.http.wire - http-outgoing-140 >> "Host: 127.0.0.1:7057[\r][\n]"
DEBUG: org.apache.http.wire - http-outgoing-140 >> "Connection: Keep-Alive[\r][\n]"
DEBUG: org.apache.http.wire - http-outgoing-140 >> "User-Agent: Apache-HttpClient/4.5.2 (Java/1.7.0_79)[\r][\n]"
DEBUG: org.apache.http.wire - http-outgoing-140 >> "Accept-Encoding: gzip,deflate[\r][\n]"
DEBUG: org.apache.http.wire - http-outgoing-140 >> "[\r][\n]"
DEBUG: org.apache.http.wire - http-outgoing-140 >> "{"using":"id","value":"price"}"
DEBUG: org.apache.http.wire - http-outgoing-140 << "HTTP/1.1 200 OK[\r][\n]"
DEBUG: org.apache.http.wire - http-outgoing-140 << "content-type: application/json; charset=UTF-8[\r][\n]"
DEBUG: org.apache.http.wire - http-outgoing-140 << "connection: close[\r][\n]"
DEBUG: org.apache.http.wire - http-outgoing-140 << "content-length: 224[\r][\n]"
DEBUG: org.apache.http.wire - http-outgoing-140 << "server: httpd.js[\r][\n]"
DEBUG: org.apache.http.wire - http-outgoing-140 << "date: Fri, 26 Aug 2016 09:42:58 GMT[\r][\n]"
DEBUG: org.apache.http.wire - http-outgoing-140 << "[\r][\n]"
DEBUG: org.apache.http.headers - http-outgoing-140 << HTTP/1.1 200 OK
DEBUG: org.apache.http.headers - http-outgoing-140 << content-type: application/json; charset=UTF-8
DEBUG: org.apache.http.headers - http-outgoing-140 << connection: close
DEBUG: org.apache.http.headers - http-outgoing-140 << content-length: 224
DEBUG: org.apache.http.headers - http-outgoing-140 << server: httpd.js
DEBUG: org.apache.http.headers - http-outgoing-140 << date: Fri, 26 Aug 2016 09:42:58 GMT
DEBUG: org.apache.http.wire - http-outgoing-140 << "{"name":"findElement","sessionId":"2ee26769-3d37-b245-8426-d47429148238","status":0,"value":{"ELEMENT":"{3fa648ed-4933-0f4b-839f-52e97b921457}","element-6066-11e4-a52e-4f735466cecf":"{3fa648ed-4933-0f4b-839f-52e97b921457}"}}"
DEBUG: org.apache.http.impl.conn.DefaultManagedHttpClientConnection - http-outgoing-140: Close connection
DEBUG: org.apache.http.impl.execchain.MainClientExec - Connection discarded
DEBUG: org.apache.http.impl.conn.PoolingHttpClientConnectionManager - Connection released: [id: 140][route: {}->http://127.0.0.1:7057][total kept alive: 0; route allocated: 0 of 2000; total allocated: 0 of 2000]
DEBUG: org.apache.http.client.protocol.RequestAddCookies - CookieSpec selected: default
DEBUG: org.apache.http.client.protocol.RequestAuthCache - Auth cache not set in the context
DEBUG: org.apache.http.impl.conn.PoolingHttpClientConnectionManager - Connection request: [route: {}->http://127.0.0.1:7057][total kept alive: 0; route allocated: 0 of 2000; total allocated: 0 of 2000]
DEBUG: org.apache.http.impl.conn.PoolingHttpClientConnectionManager - Connection leased: [id: 141][route: {}->http://127.0.0.1:7057][total kept alive: 0; route allocated: 1 of 2000; total allocated: 1 of 2000]
DEBUG: org.apache.http.impl.execchain.MainClientExec - Opening connection {}->http://127.0.0.1:7057
DEBUG: org.apache.http.impl.conn.DefaultHttpClientConnectionOperator - Connecting to /127.0.0.1:7057
DEBUG: org.apache.http.impl.conn.DefaultHttpClientConnectionOperator - Connection established 127.0.0.1:60872<->127.0.0.1:7057
DEBUG: org.apache.http.impl.conn.DefaultManagedHttpClientConnection - http-outgoing-141: set socket timeout to 10800000
DEBUG: org.apache.http.impl.execchain.MainClientExec - Executing request POST /hub/session/2ee26769-3d37-b245-8426-d47429148238/element/%7B3fa648ed-4933-0f4b-839f-52e97b921457%7D/clear HTTP/1.1
DEBUG: org.apache.http.impl.execchain.MainClientExec - Target auth state: UNCHALLENGED
DEBUG: org.apache.http.impl.execchain.MainClientExec - Proxy auth state: UNCHALLENGED
DEBUG: org.apache.http.headers - http-outgoing-141 >> POST /hub/session/2ee26769-3d37-b245-8426-d47429148238/element/%7B3fa648ed-4933-0f4b-839f-52e97b921457%7D/clear HTTP/1.1
DEBUG: org.apache.http.headers - http-outgoing-141 >> Content-Type: application/json; charset=utf-8
DEBUG: org.apache.http.headers - http-outgoing-141 >> Content-Length: 47
DEBUG: org.apache.http.headers - http-outgoing-141 >> Host: 127.0.0.1:7057
DEBUG: org.apache.http.headers - http-outgoing-141 >> Connection: Keep-Alive
DEBUG: org.apache.http.headers - http-outgoing-141 >> User-Agent: Apache-HttpClient/4.5.2 (Java/1.7.0_79)
DEBUG: org.apache.http.headers - http-outgoing-141 >> Accept-Encoding: gzip,deflate
DEBUG: org.apache.http.wire - http-outgoing-141 >> "POST /hub/session/2ee26769-3d37-b245-8426-d47429148238/element/%7B3fa648ed-4933-0f4b-839f-52e97b921457%7D/clear HTTP/1.1[\r][\n]"
DEBUG: org.apache.http.wire - http-outgoing-141 >> "Content-Type: application/json; charset=utf-8[\r][\n]"
DEBUG: org.apache.http.wire - http-outgoing-141 >> "Content-Length: 47[\r][\n]"
DEBUG: org.apache.http.wire - http-outgoing-141 >> "Host: 127.0.0.1:7057[\r][\n]"
DEBUG: org.apache.http.wire - http-outgoing-141 >> "Connection: Keep-Alive[\r][\n]"
DEBUG: org.apache.http.wire - http-outgoing-141 >> "User-Agent: Apache-HttpClient/4.5.2 (Java/1.7.0_79)[\r][\n]"
DEBUG: org.apache.http.wire - http-outgoing-141 >> "Accept-Encoding: gzip,deflate[\r][\n]"
DEBUG: org.apache.http.wire - http-outgoing-141 >> "[\r][\n]"
DEBUG: org.apache.http.wire - http-outgoing-141 >> "{"id":"{3fa648ed-4933-0f4b-839f-52e97b921457}"}"
DEBUG: org.apache.http.wire - http-outgoing-141 << "HTTP/1.1 200 OK[\r][\n]"
DEBUG: org.apache.http.wire - http-outgoing-141 << "content-type: application/json; charset=UTF-8[\r][\n]"
DEBUG: org.apache.http.wire - http-outgoing-141 << "connection: close[\r][\n]"
DEBUG: org.apache.http.wire - http-outgoing-141 << "content-length: 96[\r][\n]"
DEBUG: org.apache.http.wire - http-outgoing-141 << "server: httpd.js[\r][\n]"
DEBUG: org.apache.http.wire - http-outgoing-141 << "date: Fri, 26 Aug 2016 09:42:58 GMT[\r][\n]"
DEBUG: org.apache.http.wire - http-outgoing-141 << "[\r][\n]"
DEBUG: org.apache.http.headers - http-outgoing-141 << HTTP/1.1 200 OK
DEBUG: org.apache.http.headers - http-outgoing-141 << content-type: application/json; charset=UTF-8
DEBUG: org.apache.http.headers - http-outgoing-141 << connection: close
DEBUG: org.apache.http.headers - http-outgoing-141 << content-length: 96
DEBUG: org.apache.http.headers - http-outgoing-141 << server: httpd.js
DEBUG: org.apache.http.headers - http-outgoing-141 << date: Fri, 26 Aug 2016 09:42:58 GMT
DEBUG: org.apache.http.wire - http-outgoing-141 << "{"name":"clearElement","sessionId":"2ee26769-3d37-b245-8426-d47429148238","status":0,"value":""}"
DEBUG: org.apache.http.impl.conn.DefaultManagedHttpClientConnection - http-outgoing-141: Close connection
DEBUG: org.apache.http.impl.execchain.MainClientExec - Connection discarded
DEBUG: org.apache.http.impl.conn.PoolingHttpClientConnectionManager - Connection released: [id: 141][route: {}->http://127.0.0.1:7057][total kept alive: 0; route allocated: 0 of 2000; total allocated: 0 of 2000]
DEBUG: org.apache.http.client.protocol.RequestAddCookies - CookieSpec selected: default
DEBUG: org.apache.http.client.protocol.RequestAuthCache - Auth cache not set in the context
DEBUG: org.apache.http.impl.conn.PoolingHttpClientConnectionManager - Connection request: [route: {}->http://127.0.0.1:7057][total kept alive: 0; route allocated: 0 of 2000; total allocated: 0 of 2000]
DEBUG: org.apache.http.impl.conn.PoolingHttpClientConnectionManager - Connection leased: [id: 142][route: {}->http://127.0.0.1:7057][total kept alive: 0; route allocated: 1 of 2000; total allocated: 1 of 2000]
DEBUG: org.apache.http.impl.execchain.MainClientExec - Opening connection {}->http://127.0.0.1:7057
DEBUG: org.apache.http.impl.conn.DefaultHttpClientConnectionOperator - Connecting to /127.0.0.1:7057
DEBUG: org.apache.http.impl.conn.DefaultHttpClientConnectionOperator - Connection established 127.0.0.1:60873<->127.0.0.1:7057
DEBUG: org.apache.http.impl.conn.DefaultManagedHttpClientConnection - http-outgoing-142: set socket timeout to 10800000
DEBUG: org.apache.http.impl.execchain.MainClientExec - Executing request POST /hub/session/2ee26769-3d37-b245-8426-d47429148238/element/%7B3fa648ed-4933-0f4b-839f-52e97b921457%7D/value HTTP/1.1
DEBUG: org.apache.http.impl.execchain.MainClientExec - Target auth state: UNCHALLENGED
DEBUG: org.apache.http.impl.execchain.MainClientExec - Proxy auth state: UNCHALLENGED
DEBUG: org.apache.http.headers - http-outgoing-142 >> POST /hub/session/2ee26769-3d37-b245-8426-d47429148238/element/%7B3fa648ed-4933-0f4b-839f-52e97b921457%7D/value HTTP/1.1
DEBUG: org.apache.http.headers - http-outgoing-142 >> Content-Type: application/json; charset=utf-8
DEBUG: org.apache.http.headers - http-outgoing-142 >> Content-Length: 67
DEBUG: org.apache.http.headers - http-outgoing-142 >> Host: 127.0.0.1:7057
DEBUG: org.apache.http.headers - http-outgoing-142 >> Connection: Keep-Alive
DEBUG: org.apache.http.headers - http-outgoing-142 >> User-Agent: Apache-HttpClient/4.5.2 (Java/1.7.0_79)
DEBUG: org.apache.http.headers - http-outgoing-142 >> Accept-Encoding: gzip,deflate
DEBUG: org.apache.http.wire - http-outgoing-142 >> "POST /hub/session/2ee26769-3d37-b245-8426-d47429148238/element/%7B3fa648ed-4933-0f4b-839f-52e97b921457%7D/value HTTP/1.1[\r][\n]"
DEBUG: org.apache.http.wire - http-outgoing-142 >> "Content-Type: application/json; charset=utf-8[\r][\n]"
DEBUG: org.apache.http.wire - http-outgoing-142 >> "Content-Length: 67[\r][\n]"
DEBUG: org.apache.http.wire - http-outgoing-142 >> "Host: 127.0.0.1:7057[\r][\n]"
DEBUG: org.apache.http.wire - http-outgoing-142 >> "Connection: Keep-Alive[\r][\n]"
DEBUG: org.apache.http.wire - http-outgoing-142 >> "User-Agent: Apache-HttpClient/4.5.2 (Java/1.7.0_79)[\r][\n]"
DEBUG: org.apache.http.wire - http-outgoing-142 >> "Accept-Encoding: gzip,deflate[\r][\n]"
DEBUG: org.apache.http.wire - http-outgoing-142 >> "[\r][\n]"
DEBUG: org.apache.http.wire - http-outgoing-142 >> "{"id":"{3fa648ed-4933-0f4b-839f-52e97b921457}","value":["2899.00"]}"
DEBUG: org.apache.http.wire - http-outgoing-142 << "HTTP/1.1 200 OK[\r][\n]"
DEBUG: org.apache.http.wire - http-outgoing-142 << "content-type: application/json; charset=UTF-8[\r][\n]"
DEBUG: org.apache.http.wire - http-outgoing-142 << "connection: close[\r][\n]"
DEBUG: org.apache.http.wire - http-outgoing-142 << "content-length: 101[\r][\n]"
DEBUG: org.apache.http.wire - http-outgoing-142 << "server: httpd.js[\r][\n]"
DEBUG: org.apache.http.wire - http-outgoing-142 << "date: Fri, 26 Aug 2016 09:42:58 GMT[\r][\n]"
DEBUG: org.apache.http.wire - http-outgoing-142 << "[\r][\n]"
DEBUG: org.apache.http.headers - http-outgoing-142 << HTTP/1.1 200 OK
DEBUG: org.apache.http.headers - http-outgoing-142 << content-type: application/json; charset=UTF-8
DEBUG: org.apache.http.headers - http-outgoing-142 << connection: close
DEBUG: org.apache.http.headers - http-outgoing-142 << content-length: 101
DEBUG: org.apache.http.headers - http-outgoing-142 << server: httpd.js
DEBUG: org.apache.http.headers - http-outgoing-142 << date: Fri, 26 Aug 2016 09:42:58 GMT
DEBUG: org.apache.http.wire - http-outgoing-142 << "{"name":"sendKeysToElement","sessionId":"2ee26769-3d37-b245-8426-d47429148238","status":0,"value":""}"
DEBUG: org.apache.http.impl.conn.DefaultManagedHttpClientConnection - http-outgoing-142: Close connection
DEBUG: org.apache.http.impl.execchain.MainClientExec - Connection discarded
DEBUG: org.apache.http.impl.conn.PoolingHttpClientConnectionManager - Connection released: [id: 142][route: {}->http://127.0.0.1:7057][total kept alive: 0; route allocated: 0 of 2000; total allocated: 0 of 2000]
DEBUG: org.apache.http.client.protocol.RequestAddCookies - CookieSpec selected: default
DEBUG: org.apache.http.client.protocol.RequestAuthCache - Auth cache not set in the context
DEBUG: org.apache.http.impl.conn.PoolingHttpClientConnectionManager - Connection request: [route: {}->http://127.0.0.1:7057][total kept alive: 0; route allocated: 0 of 2000; total allocated: 0 of 2000]
DEBUG: org.apache.http.impl.conn.PoolingHttpClientConnectionManager - Connection leased: [id: 143][route: {}->http://127.0.0.1:7057][total kept alive: 0; route allocated: 1 of 2000; total allocated: 1 of 2000]
DEBUG: org.apache.http.impl.execchain.MainClientExec - Opening connection {}->http://127.0.0.1:7057
DEBUG: org.apache.http.impl.conn.DefaultHttpClientConnectionOperator - Connecting to /127.0.0.1:7057
DEBUG: org.apache.http.impl.conn.DefaultHttpClientConnectionOperator - Connection established 127.0.0.1:60874<->127.0.0.1:7057
DEBUG: org.apache.http.impl.conn.DefaultManagedHttpClientConnection - http-outgoing-143: set socket timeout to 10800000
DEBUG: org.apache.http.impl.execchain.MainClientExec - Executing request POST /hub/session/2ee26769-3d37-b245-8426-d47429148238/element HTTP/1.1
DEBUG: org.apache.http.impl.execchain.MainClientExec - Target auth state: UNCHALLENGED
DEBUG: org.apache.http.impl.execchain.MainClientExec - Proxy auth state: UNCHALLENGED
DEBUG: org.apache.http.headers - http-outgoing-143 >> POST /hub/session/2ee26769-3d37-b245-8426-d47429148238/element HTTP/1.1
DEBUG: org.apache.http.headers - http-outgoing-143 >> Content-Type: application/json; charset=utf-8
DEBUG: org.apache.http.headers - http-outgoing-143 >> Content-Length: 29
DEBUG: org.apache.http.headers - http-outgoing-143 >> Host: 127.0.0.1:7057
DEBUG: org.apache.http.headers - http-outgoing-143 >> Connection: Keep-Alive
DEBUG: org.apache.http.headers - http-outgoing-143 >> User-Agent: Apache-HttpClient/4.5.2 (Java/1.7.0_79)
DEBUG: org.apache.http.headers - http-outgoing-143 >> Accept-Encoding: gzip,deflate
DEBUG: org.apache.http.wire - http-outgoing-143 >> "POST /hub/session/2ee26769-3d37-b245-8426-d47429148238/element HTTP/1.1[\r][\n]"
DEBUG: org.apache.http.wire - http-outgoing-143 >> "Content-Type: application/json; charset=utf-8[\r][\n]"
DEBUG: org.apache.http.wire - http-outgoing-143 >> "Content-Length: 29[\r][\n]"
DEBUG: org.apache.http.wire - http-outgoing-143 >> "Host: 127.0.0.1:7057[\r][\n]"
DEBUG: org.apache.http.wire - http-outgoing-143 >> "Connection: Keep-Alive[\r][\n]"
DEBUG: org.apache.http.wire - http-outgoing-143 >> "User-Agent: Apache-HttpClient/4.5.2 (Java/1.7.0_79)[\r][\n]"
DEBUG: org.apache.http.wire - http-outgoing-143 >> "Accept-Encoding: gzip,deflate[\r][\n]"
DEBUG: org.apache.http.wire - http-outgoing-143 >> "[\r][\n]"
DEBUG: org.apache.http.wire - http-outgoing-143 >> "{"using":"id","value":"type"}"
DEBUG: org.apache.http.wire - http-outgoing-143 << "HTTP/1.1 200 OK[\r][\n]"
DEBUG: org.apache.http.wire - http-outgoing-143 << "content-type: application/json; charset=UTF-8[\r][\n]"
DEBUG: org.apache.http.wire - http-outgoing-143 << "connection: close[\r][\n]"
DEBUG: org.apache.http.wire - http-outgoing-143 << "content-length: 224[\r][\n]"
DEBUG: org.apache.http.wire - http-outgoing-143 << "server: httpd.js[\r][\n]"
DEBUG: org.apache.http.wire - http-outgoing-143 << "date: Fri, 26 Aug 2016 09:42:58 GMT[\r][\n]"
DEBUG: org.apache.http.wire - http-outgoing-143 << "[\r][\n]"
DEBUG: org.apache.http.headers - http-outgoing-143 << HTTP/1.1 200 OK
DEBUG: org.apache.http.headers - http-outgoing-143 << content-type: application/json; charset=UTF-8
DEBUG: org.apache.http.headers - http-outgoing-143 << connection: close
DEBUG: org.apache.http.headers - http-outgoing-143 << content-length: 224
DEBUG: org.apache.http.headers - http-outgoing-143 << server: httpd.js
DEBUG: org.apache.http.headers - http-outgoing-143 << date: Fri, 26 Aug 2016 09:42:58 GMT
DEBUG: org.apache.http.wire - http-outgoing-143 << "{"name":"findElement","sessionId":"2ee26769-3d37-b245-8426-d47429148238","status":0,"value":{"ELEMENT":"{32b0abe7-75c2-4c49-bb2a-65e84f057aaa}","element-6066-11e4-a52e-4f735466cecf":"{32b0abe7-75c2-4c49-bb2a-65e84f057aaa}"}}"
DEBUG: org.apache.http.impl.conn.DefaultManagedHttpClientConnection - http-outgoing-143: Close connection
DEBUG: org.apache.http.impl.execchain.MainClientExec - Connection discarded
DEBUG: org.apache.http.impl.conn.PoolingHttpClientConnectionManager - Connection released: [id: 143][route: {}->http://127.0.0.1:7057][total kept alive: 0; route allocated: 0 of 2000; total allocated: 0 of 2000]
DEBUG: org.apache.http.client.protocol.RequestAddCookies - CookieSpec selected: default
DEBUG: org.apache.http.client.protocol.RequestAuthCache - Auth cache not set in the context
DEBUG: org.apache.http.impl.conn.PoolingHttpClientConnectionManager - Connection request: [route: {}->http://127.0.0.1:7057][total kept alive: 0; route allocated: 0 of 2000; total allocated: 0 of 2000]
DEBUG: org.apache.http.impl.conn.PoolingHttpClientConnectionManager - Connection leased: [id: 144][route: {}->http://127.0.0.1:7057][total kept alive: 0; route allocated: 1 of 2000; total allocated: 1 of 2000]
DEBUG: org.apache.http.impl.execchain.MainClientExec - Opening connection {}->http://127.0.0.1:7057
DEBUG: org.apache.http.impl.conn.DefaultHttpClientConnectionOperator - Connecting to /127.0.0.1:7057
DEBUG: org.apache.http.impl.conn.DefaultHttpClientConnectionOperator - Connection established 127.0.0.1:60875<->127.0.0.1:7057
DEBUG: org.apache.http.impl.conn.DefaultManagedHttpClientConnection - http-outgoing-144: set socket timeout to 10800000
DEBUG: org.apache.http.impl.execchain.MainClientExec - Executing request GET /hub/session/2ee26769-3d37-b245-8426-d47429148238/element/%7B32b0abe7-75c2-4c49-bb2a-65e84f057aaa%7D/name HTTP/1.1
DEBUG: org.apache.http.impl.execchain.MainClientExec - Target auth state: UNCHALLENGED
DEBUG: org.apache.http.impl.execchain.MainClientExec - Proxy auth state: UNCHALLENGED
DEBUG: org.apache.http.headers - http-outgoing-144 >> GET /hub/session/2ee26769-3d37-b245-8426-d47429148238/element/%7B32b0abe7-75c2-4c49-bb2a-65e84f057aaa%7D/name HTTP/1.1
DEBUG: org.apache.http.headers - http-outgoing-144 >> Cache-Control: no-cache
DEBUG: org.apache.http.headers - http-outgoing-144 >> Host: 127.0.0.1:7057
DEBUG: org.apache.http.headers - http-outgoing-144 >> Connection: Keep-Alive
DEBUG: org.apache.http.headers - http-outgoing-144 >> User-Agent: Apache-HttpClient/4.5.2 (Java/1.7.0_79)
DEBUG: org.apache.http.headers - http-outgoing-144 >> Accept-Encoding: gzip,deflate
DEBUG: org.apache.http.wire - http-outgoing-144 >> "GET /hub/session/2ee26769-3d37-b245-8426-d47429148238/element/%7B32b0abe7-75c2-4c49-bb2a-65e84f057aaa%7D/name HTTP/1.1[\r][\n]"
DEBUG: org.apache.http.wire - http-outgoing-144 >> "Cache-Control: no-cache[\r][\n]"
DEBUG: org.apache.http.wire - http-outgoing-144 >> "Host: 127.0.0.1:7057[\r][\n]"
DEBUG: org.apache.http.wire - http-outgoing-144 >> "Connection: Keep-Alive[\r][\n]"
DEBUG: org.apache.http.wire - http-outgoing-144 >> "User-Agent: Apache-HttpClient/4.5.2 (Java/1.7.0_79)[\r][\n]"
DEBUG: org.apache.http.wire - http-outgoing-144 >> "Accept-Encoding: gzip,deflate[\r][\n]"
DEBUG: org.apache.http.wire - http-outgoing-144 >> "[\r][\n]"
DEBUG: org.apache.http.wire - http-outgoing-144 << "HTTP/1.1 200 OK[\r][\n]"
DEBUG: org.apache.http.wire - http-outgoing-144 << "content-type: application/json; charset=UTF-8[\r][\n]"
DEBUG: org.apache.http.wire - http-outgoing-144 << "connection: close[\r][\n]"
DEBUG: org.apache.http.wire - http-outgoing-144 << "content-length: 107[\r][\n]"
DEBUG: org.apache.http.wire - http-outgoing-144 << "server: httpd.js[\r][\n]"
DEBUG: org.apache.http.wire - http-outgoing-144 << "date: Fri, 26 Aug 2016 09:42:59 GMT[\r][\n]"
DEBUG: org.apache.http.wire - http-outgoing-144 << "[\r][\n]"
DEBUG: org.apache.http.headers - http-outgoing-144 << HTTP/1.1 200 OK
DEBUG: org.apache.http.headers - http-outgoing-144 << content-type: application/json; charset=UTF-8
DEBUG: org.apache.http.headers - http-outgoing-144 << connection: close
DEBUG: org.apache.http.headers - http-outgoing-144 << content-length: 107
DEBUG: org.apache.http.headers - http-outgoing-144 << server: httpd.js
DEBUG: org.apache.http.headers - http-outgoing-144 << date: Fri, 26 Aug 2016 09:42:59 GMT
DEBUG: org.apache.http.wire - http-outgoing-144 << "{"name":"getElementTagName","sessionId":"2ee26769-3d37-b245-8426-d47429148238","status":0,"value":"select"}"
DEBUG: org.apache.http.impl.conn.DefaultManagedHttpClientConnection - http-outgoing-144: Close connection
DEBUG: org.apache.http.impl.execchain.MainClientExec - Connection discarded
DEBUG: org.apache.http.impl.conn.PoolingHttpClientConnectionManager - Connection released: [id: 144][route: {}->http://127.0.0.1:7057][total kept alive: 0; route allocated: 0 of 2000; total allocated: 0 of 2000]
DEBUG: org.apache.http.client.protocol.RequestAddCookies - CookieSpec selected: default
DEBUG: org.apache.http.client.protocol.RequestAuthCache - Auth cache not set in the context
DEBUG: org.apache.http.impl.conn.PoolingHttpClientConnectionManager - Connection request: [route: {}->http://127.0.0.1:7057][total kept alive: 0; route allocated: 0 of 2000; total allocated: 0 of 2000]
DEBUG: org.apache.http.impl.conn.PoolingHttpClientConnectionManager - Connection leased: [id: 145][route: {}->http://127.0.0.1:7057][total kept alive: 0; route allocated: 1 of 2000; total allocated: 1 of 2000]
DEBUG: org.apache.http.impl.execchain.MainClientExec - Opening connection {}->http://127.0.0.1:7057
DEBUG: org.apache.http.impl.conn.DefaultHttpClientConnectionOperator - Connecting to /127.0.0.1:7057
DEBUG: org.apache.http.impl.conn.DefaultHttpClientConnectionOperator - Connection established 127.0.0.1:60876<->127.0.0.1:7057
DEBUG: org.apache.http.impl.conn.DefaultManagedHttpClientConnection - http-outgoing-145: set socket timeout to 10800000
DEBUG: org.apache.http.impl.execchain.MainClientExec - Executing request GET /hub/session/2ee26769-3d37-b245-8426-d47429148238/element/%7B32b0abe7-75c2-4c49-bb2a-65e84f057aaa%7D/attribute/multiple HTTP/1.1
DEBUG: org.apache.http.impl.execchain.MainClientExec - Target auth state: UNCHALLENGED
DEBUG: org.apache.http.impl.execchain.MainClientExec - Proxy auth state: UNCHALLENGED
DEBUG: org.apache.http.headers - http-outgoing-145 >> GET /hub/session/2ee26769-3d37-b245-8426-d47429148238/element/%7B32b0abe7-75c2-4c49-bb2a-65e84f057aaa%7D/attribute/multiple HTTP/1.1
DEBUG: org.apache.http.headers - http-outgoing-145 >> Cache-Control: no-cache
DEBUG: org.apache.http.headers - http-outgoing-145 >> Host: 127.0.0.1:7057
DEBUG: org.apache.http.headers - http-outgoing-145 >> Connection: Keep-Alive
DEBUG: org.apache.http.headers - http-outgoing-145 >> User-Agent: Apache-HttpClient/4.5.2 (Java/1.7.0_79)
DEBUG: org.apache.http.headers - http-outgoing-145 >> Accept-Encoding: gzip,deflate
DEBUG: org.apache.http.wire - http-outgoing-145 >> "GET /hub/session/2ee26769-3d37-b245-8426-d47429148238/element/%7B32b0abe7-75c2-4c49-bb2a-65e84f057aaa%7D/attribute/multiple HTTP/1.1[\r][\n]"
DEBUG: org.apache.http.wire - http-outgoing-145 >> "Cache-Control: no-cache[\r][\n]"
DEBUG: org.apache.http.wire - http-outgoing-145 >> "Host: 127.0.0.1:7057[\r][\n]"
DEBUG: org.apache.http.wire - http-outgoing-145 >> "Connection: Keep-Alive[\r][\n]"
DEBUG: org.apache.http.wire - http-outgoing-145 >> "User-Agent: Apache-HttpClient/4.5.2 (Java/1.7.0_79)[\r][\n]"
DEBUG: org.apache.http.wire - http-outgoing-145 >> "Accept-Encoding: gzip,deflate[\r][\n]"
DEBUG: org.apache.http.wire - http-outgoing-145 >> "[\r][\n]"
DEBUG: org.apache.http.wire - http-outgoing-145 << "HTTP/1.1 200 OK[\r][\n]"
DEBUG: org.apache.http.wire - http-outgoing-145 << "content-type: application/json; charset=UTF-8[\r][\n]"
DEBUG: org.apache.http.wire - http-outgoing-145 << "connection: close[\r][\n]"
DEBUG: org.apache.http.wire - http-outgoing-145 << "content-length: 105[\r][\n]"
DEBUG: org.apache.http.wire - http-outgoing-145 << "server: httpd.js[\r][\n]"
DEBUG: org.apache.http.wire - http-outgoing-145 << "date: Fri, 26 Aug 2016 09:42:59 GMT[\r][\n]"
DEBUG: org.apache.http.wire - http-outgoing-145 << "[\r][\n]"
DEBUG: org.apache.http.headers - http-outgoing-145 << HTTP/1.1 200 OK
DEBUG: org.apache.http.headers - http-outgoing-145 << content-type: application/json; charset=UTF-8
DEBUG: org.apache.http.headers - http-outgoing-145 << connection: close
DEBUG: org.apache.http.headers - http-outgoing-145 << content-length: 105
DEBUG: org.apache.http.headers - http-outgoing-145 << server: httpd.js
DEBUG: org.apache.http.headers - http-outgoing-145 << date: Fri, 26 Aug 2016 09:42:59 GMT
DEBUG: org.apache.http.wire - http-outgoing-145 << "{"name":"getElementAttribute","sessionId":"2ee26769-3d37-b245-8426-d47429148238","status":0,"value":null}"
DEBUG: org.apache.http.impl.conn.DefaultManagedHttpClientConnection - http-outgoing-145: Close connection
DEBUG: org.apache.http.impl.execchain.MainClientExec - Connection discarded
DEBUG: org.apache.http.impl.conn.PoolingHttpClientConnectionManager - Connection released: [id: 145][route: {}->http://127.0.0.1:7057][total kept alive: 0; route allocated: 0 of 2000; total allocated: 0 of 2000]
DEBUG: org.apache.http.client.protocol.RequestAddCookies - CookieSpec selected: default
DEBUG: org.apache.http.client.protocol.RequestAuthCache - Auth cache not set in the context
DEBUG: org.apache.http.impl.conn.PoolingHttpClientConnectionManager - Connection request: [route: {}->http://127.0.0.1:7057][total kept alive: 0; route allocated: 0 of 2000; total allocated: 0 of 2000]
DEBUG: org.apache.http.impl.conn.PoolingHttpClientConnectionManager - Connection leased: [id: 146][route: {}->http://127.0.0.1:7057][total kept alive: 0; route allocated: 1 of 2000; total allocated: 1 of 2000]
DEBUG: org.apache.http.impl.execchain.MainClientExec - Opening connection {}->http://127.0.0.1:7057
DEBUG: org.apache.http.impl.conn.DefaultHttpClientConnectionOperator - Connecting to /127.0.0.1:7057
DEBUG: org.apache.http.impl.conn.DefaultHttpClientConnectionOperator - Connection established 127.0.0.1:60877<->127.0.0.1:7057
DEBUG: org.apache.http.impl.conn.DefaultManagedHttpClientConnection - http-outgoing-146: set socket timeout to 10800000
DEBUG: org.apache.http.impl.execchain.MainClientExec - Executing request POST /hub/session/2ee26769-3d37-b245-8426-d47429148238/element/%7B32b0abe7-75c2-4c49-bb2a-65e84f057aaa%7D/elements HTTP/1.1
DEBUG: org.apache.http.impl.execchain.MainClientExec - Target auth state: UNCHALLENGED
DEBUG: org.apache.http.impl.execchain.MainClientExec - Proxy auth state: UNCHALLENGED
DEBUG: org.apache.http.headers - http-outgoing-146 >> POST /hub/session/2ee26769-3d37-b245-8426-d47429148238/element/%7B32b0abe7-75c2-4c49-bb2a-65e84f057aaa%7D/elements HTTP/1.1
DEBUG: org.apache.http.headers - http-outgoing-146 >> Content-Type: application/json; charset=utf-8
DEBUG: org.apache.http.headers - http-outgoing-146 >> Content-Length: 115
DEBUG: org.apache.http.headers - http-outgoing-146 >> Host: 127.0.0.1:7057
DEBUG: org.apache.http.headers - http-outgoing-146 >> Connection: Keep-Alive
DEBUG: org.apache.http.headers - http-outgoing-146 >> User-Agent: Apache-HttpClient/4.5.2 (Java/1.7.0_79)
DEBUG: org.apache.http.headers - http-outgoing-146 >> Accept-Encoding: gzip,deflate
DEBUG: org.apache.http.wire - http-outgoing-146 >> "POST /hub/session/2ee26769-3d37-b245-8426-d47429148238/element/%7B32b0abe7-75c2-4c49-bb2a-65e84f057aaa%7D/elements HTTP/1.1[\r][\n]"
DEBUG: org.apache.http.wire - http-outgoing-146 >> "Content-Type: application/json; charset=utf-8[\r][\n]"
DEBUG: org.apache.http.wire - http-outgoing-146 >> "Content-Length: 115[\r][\n]"
DEBUG: org.apache.http.wire - http-outgoing-146 >> "Host: 127.0.0.1:7057[\r][\n]"
DEBUG: org.apache.http.wire - http-outgoing-146 >> "Connection: Keep-Alive[\r][\n]"
DEBUG: org.apache.http.wire - http-outgoing-146 >> "User-Agent: Apache-HttpClient/4.5.2 (Java/1.7.0_79)[\r][\n]"
DEBUG: org.apache.http.wire - http-outgoing-146 >> "Accept-Encoding: gzip,deflate[\r][\n]"
DEBUG: org.apache.http.wire - http-outgoing-146 >> "[\r][\n]"
DEBUG: org.apache.http.wire - http-outgoing-146 >> "{"id":"{32b0abe7-75c2-4c49-bb2a-65e84f057aaa}","using":"xpath","value":".//option[normalize-space(.) = \"FRAME\"]"}"
DEBUG: org.apache.http.wire - http-outgoing-146 << "HTTP/1.1 200 OK[\r][\n]"
DEBUG: org.apache.http.wire - http-outgoing-146 << "content-type: application/json; charset=UTF-8[\r][\n]"
DEBUG: org.apache.http.wire - http-outgoing-146 << "connection: close[\r][\n]"
DEBUG: org.apache.http.wire - http-outgoing-146 << "content-length: 232[\r][\n]"
DEBUG: org.apache.http.wire - http-outgoing-146 << "server: httpd.js[\r][\n]"
DEBUG: org.apache.http.wire - http-outgoing-146 << "date: Fri, 26 Aug 2016 09:42:59 GMT[\r][\n]"
DEBUG: org.apache.http.wire - http-outgoing-146 << "[\r][\n]"
DEBUG: org.apache.http.headers - http-outgoing-146 << HTTP/1.1 200 OK
DEBUG: org.apache.http.headers - http-outgoing-146 << content-type: application/json; charset=UTF-8
DEBUG: org.apache.http.headers - http-outgoing-146 << connection: close
DEBUG: org.apache.http.headers - http-outgoing-146 << content-length: 232
DEBUG: org.apache.http.headers - http-outgoing-146 << server: httpd.js
DEBUG: org.apache.http.headers - http-outgoing-146 << date: Fri, 26 Aug 2016 09:42:59 GMT
DEBUG: org.apache.http.wire - http-outgoing-146 << "{"name":"findChildElements","sessionId":"2ee26769-3d37-b245-8426-d47429148238","status":0,"value":[{"ELEMENT":"{6220d962-52bf-ca47-8711-e23262d612d5}","element-6066-11e4-a52e-4f735466cecf":"{6220d962-52bf-ca47-8711-e23262d612d5}"}]}"
DEBUG: org.apache.http.impl.conn.DefaultManagedHttpClientConnection - http-outgoing-146: Close connection
DEBUG: org.apache.http.impl.execchain.MainClientExec - Connection discarded
DEBUG: org.apache.http.impl.conn.PoolingHttpClientConnectionManager - Connection released: [id: 146][route: {}->http://127.0.0.1:7057][total kept alive: 0; route allocated: 0 of 2000; total allocated: 0 of 2000]
DEBUG: org.apache.http.client.protocol.RequestAddCookies - CookieSpec selected: default
DEBUG: org.apache.http.client.protocol.RequestAuthCache - Auth cache not set in the context
DEBUG: org.apache.http.impl.conn.PoolingHttpClientConnectionManager - Connection request: [route: {}->http://127.0.0.1:7057][total kept alive: 0; route allocated: 0 of 2000; total allocated: 0 of 2000]
DEBUG: org.apache.http.impl.conn.PoolingHttpClientConnectionManager - Connection leased: [id: 147][route: {}->http://127.0.0.1:7057][total kept alive: 0; route allocated: 1 of 2000; total allocated: 1 of 2000]
DEBUG: org.apache.http.impl.execchain.MainClientExec - Opening connection {}->http://127.0.0.1:7057
DEBUG: org.apache.http.impl.conn.DefaultHttpClientConnectionOperator - Connecting to /127.0.0.1:7057
DEBUG: org.apache.http.impl.conn.DefaultHttpClientConnectionOperator - Connection established 127.0.0.1:60878<->127.0.0.1:7057
DEBUG: org.apache.http.impl.conn.DefaultManagedHttpClientConnection - http-outgoing-147: set socket timeout to 10800000
DEBUG: org.apache.http.impl.execchain.MainClientExec - Executing request GET /hub/session/2ee26769-3d37-b245-8426-d47429148238/element/%7B6220d962-52bf-ca47-8711-e23262d612d5%7D/selected HTTP/1.1
DEBUG: org.apache.http.impl.execchain.MainClientExec - Target auth state: UNCHALLENGED
DEBUG: org.apache.http.impl.execchain.MainClientExec - Proxy auth state: UNCHALLENGED
DEBUG: org.apache.http.headers - http-outgoing-147 >> GET /hub/session/2ee26769-3d37-b245-8426-d47429148238/element/%7B6220d962-52bf-ca47-8711-e23262d612d5%7D/selected HTTP/1.1
DEBUG: org.apache.http.headers - http-outgoing-147 >> Cache-Control: no-cache
DEBUG: org.apache.http.headers - http-outgoing-147 >> Host: 127.0.0.1:7057
DEBUG: org.apache.http.headers - http-outgoing-147 >> Connection: Keep-Alive
DEBUG: org.apache.http.headers - http-outgoing-147 >> User-Agent: Apache-HttpClient/4.5.2 (Java/1.7.0_79)
DEBUG: org.apache.http.headers - http-outgoing-147 >> Accept-Encoding: gzip,deflate
DEBUG: org.apache.http.wire - http-outgoing-147 >> "GET /hub/session/2ee26769-3d37-b245-8426-d47429148238/element/%7B6220d962-52bf-ca47-8711-e23262d612d5%7D/selected HTTP/1.1[\r][\n]"
DEBUG: org.apache.http.wire - http-outgoing-147 >> "Cache-Control: no-cache[\r][\n]"
DEBUG: org.apache.http.wire - http-outgoing-147 >> "Host: 127.0.0.1:7057[\r][\n]"
DEBUG: org.apache.http.wire - http-outgoing-147 >> "Connection: Keep-Alive[\r][\n]"
DEBUG: org.apache.http.wire - http-outgoing-147 >> "User-Agent: Apache-HttpClient/4.5.2 (Java/1.7.0_79)[\r][\n]"
DEBUG: org.apache.http.wire - http-outgoing-147 >> "Accept-Encoding: gzip,deflate[\r][\n]"
DEBUG: org.apache.http.wire - http-outgoing-147 >> "[\r][\n]"
DEBUG: org.apache.http.wire - http-outgoing-147 << "HTTP/1.1 200 OK[\r][\n]"
DEBUG: org.apache.http.wire - http-outgoing-147 << "content-type: application/json; charset=UTF-8[\r][\n]"
DEBUG: org.apache.http.wire - http-outgoing-147 << "connection: close[\r][\n]"
DEBUG: org.apache.http.wire - http-outgoing-147 << "content-length: 104[\r][\n]"
DEBUG: org.apache.http.wire - http-outgoing-147 << "server: httpd.js[\r][\n]"
DEBUG: org.apache.http.wire - http-outgoing-147 << "date: Fri, 26 Aug 2016 09:42:59 GMT[\r][\n]"
DEBUG: org.apache.http.wire - http-outgoing-147 << "[\r][\n]"
DEBUG: org.apache.http.headers - http-outgoing-147 << HTTP/1.1 200 OK
DEBUG: org.apache.http.headers - http-outgoing-147 << content-type: application/json; charset=UTF-8
DEBUG: org.apache.http.headers - http-outgoing-147 << connection: close
DEBUG: org.apache.http.headers - http-outgoing-147 << content-length: 104
DEBUG: org.apache.http.headers - http-outgoing-147 << server: httpd.js
DEBUG: org.apache.http.headers - http-outgoing-147 << date: Fri, 26 Aug 2016 09:42:59 GMT
DEBUG: org.apache.http.wire - http-outgoing-147 << "{"name":"isElementSelected","sessionId":"2ee26769-3d37-b245-8426-d47429148238","status":0,"value":false}"
DEBUG: org.apache.http.impl.conn.DefaultManagedHttpClientConnection - http-outgoing-147: Close connection
DEBUG: org.apache.http.impl.execchain.MainClientExec - Connection discarded
DEBUG: org.apache.http.impl.conn.PoolingHttpClientConnectionManager - Connection released: [id: 147][route: {}->http://127.0.0.1:7057][total kept alive: 0; route allocated: 0 of 2000; total allocated: 0 of 2000]
DEBUG: org.apache.http.client.protocol.RequestAddCookies - CookieSpec selected: default
DEBUG: org.apache.http.client.protocol.RequestAuthCache - Auth cache not set in the context
DEBUG: org.apache.http.impl.conn.PoolingHttpClientConnectionManager - Connection request: [route: {}->http://127.0.0.1:7057][total kept alive: 0; route allocated: 0 of 2000; total allocated: 0 of 2000]
DEBUG: org.apache.http.impl.conn.PoolingHttpClientConnectionManager - Connection leased: [id: 148][route: {}->http://127.0.0.1:7057][total kept alive: 0; route allocated: 1 of 2000; total allocated: 1 of 2000]
DEBUG: org.apache.http.impl.execchain.MainClientExec - Opening connection {}->http://127.0.0.1:7057
DEBUG: org.apache.http.impl.conn.DefaultHttpClientConnectionOperator - Connecting to /127.0.0.1:7057
DEBUG: org.apache.http.impl.conn.DefaultHttpClientConnectionOperator - Connection established 127.0.0.1:60879<->127.0.0.1:7057
DEBUG: org.apache.http.impl.conn.DefaultManagedHttpClientConnection - http-outgoing-148: set socket timeout to 10800000
DEBUG: org.apache.http.impl.execchain.MainClientExec - Executing request POST /hub/session/2ee26769-3d37-b245-8426-d47429148238/element/%7B6220d962-52bf-ca47-8711-e23262d612d5%7D/click HTTP/1.1
DEBUG: org.apache.http.impl.execchain.MainClientExec - Target auth state: UNCHALLENGED
DEBUG: org.apache.http.impl.execchain.MainClientExec - Proxy auth state: UNCHALLENGED
DEBUG: org.apache.http.headers - http-outgoing-148 >> POST /hub/session/2ee26769-3d37-b245-8426-d47429148238/element/%7B6220d962-52bf-ca47-8711-e23262d612d5%7D/click HTTP/1.1
DEBUG: org.apache.http.headers - http-outgoing-148 >> Content-Type: application/json; charset=utf-8
DEBUG: org.apache.http.headers - http-outgoing-148 >> Content-Length: 47
DEBUG: org.apache.http.headers - http-outgoing-148 >> Host: 127.0.0.1:7057
DEBUG: org.apache.http.headers - http-outgoing-148 >> Connection: Keep-Alive
DEBUG: org.apache.http.headers - http-outgoing-148 >> User-Agent: Apache-HttpClient/4.5.2 (Java/1.7.0_79)
DEBUG: org.apache.http.headers - http-outgoing-148 >> Accept-Encoding: gzip,deflate
DEBUG: org.apache.http.wire - http-outgoing-148 >> "POST /hub/session/2ee26769-3d37-b245-8426-d47429148238/element/%7B6220d962-52bf-ca47-8711-e23262d612d5%7D/click HTTP/1.1[\r][\n]"
DEBUG: org.apache.http.wire - http-outgoing-148 >> "Content-Type: application/json; charset=utf-8[\r][\n]"
DEBUG: org.apache.http.wire - http-outgoing-148 >> "Content-Length: 47[\r][\n]"
DEBUG: org.apache.http.wire - http-outgoing-148 >> "Host: 127.0.0.1:7057[\r][\n]"
DEBUG: org.apache.http.wire - http-outgoing-148 >> "Connection: Keep-Alive[\r][\n]"
DEBUG: org.apache.http.wire - http-outgoing-148 >> "User-Agent: Apache-HttpClient/4.5.2 (Java/1.7.0_79)[\r][\n]"
DEBUG: org.apache.http.wire - http-outgoing-148 >> "Accept-Encoding: gzip,deflate[\r][\n]"
DEBUG: org.apache.http.wire - http-outgoing-148 >> "[\r][\n]"
DEBUG: org.apache.http.wire - http-outgoing-148 >> "{"id":"{6220d962-52bf-ca47-8711-e23262d612d5}"}"
DEBUG: org.apache.http.wire - http-outgoing-148 << "HTTP/1.1 200 OK[\r][\n]"
DEBUG: org.apache.http.wire - http-outgoing-148 << "content-type: application/json; charset=UTF-8[\r][\n]"
DEBUG: org.apache.http.wire - http-outgoing-148 << "connection: close[\r][\n]"
DEBUG: org.apache.http.wire - http-outgoing-148 << "content-length: 98[\r][\n]"
DEBUG: org.apache.http.wire - http-outgoing-148 << "server: httpd.js[\r][\n]"
DEBUG: org.apache.http.wire - http-outgoing-148 << "date: Fri, 26 Aug 2016 09:42:59 GMT[\r][\n]"
DEBUG: org.apache.http.wire - http-outgoing-148 << "[\r][\n]"
DEBUG: org.apache.http.headers - http-outgoing-148 << HTTP/1.1 200 OK
DEBUG: org.apache.http.headers - http-outgoing-148 << content-type: application/json; charset=UTF-8
DEBUG: org.apache.http.headers - http-outgoing-148 << connection: close
DEBUG: org.apache.http.headers - http-outgoing-148 << content-length: 98
DEBUG: org.apache.http.headers - http-outgoing-148 << server: httpd.js
DEBUG: org.apache.http.headers - http-outgoing-148 << date: Fri, 26 Aug 2016 09:42:59 GMT
DEBUG: org.apache.http.wire - http-outgoing-148 << "{"name":"clickElement","sessionId":"2ee26769-3d37-b245-8426-d47429148238","status":0,"value":"ok"}"
DEBUG: org.apache.http.impl.conn.DefaultManagedHttpClientConnection - http-outgoing-148: Close connection
DEBUG: org.apache.http.impl.execchain.MainClientExec - Connection discarded
DEBUG: org.apache.http.impl.conn.PoolingHttpClientConnectionManager - Connection released: [id: 148][route: {}->http://127.0.0.1:7057][total kept alive: 0; route allocated: 0 of 2000; total allocated: 0 of 2000]
DEBUG: org.apache.http.client.protocol.RequestAddCookies - CookieSpec selected: default
DEBUG: org.apache.http.client.protocol.RequestAuthCache - Auth cache not set in the context
DEBUG: org.apache.http.impl.conn.PoolingHttpClientConnectionManager - Connection request: [route: {}->http://127.0.0.1:7057][total kept alive: 0; route allocated: 0 of 2000; total allocated: 0 of 2000]
DEBUG: org.apache.http.impl.conn.PoolingHttpClientConnectionManager - Connection leased: [id: 149][route: {}->http://127.0.0.1:7057][total kept alive: 0; route allocated: 1 of 2000; total allocated: 1 of 2000]
DEBUG: org.apache.http.impl.execchain.MainClientExec - Opening connection {}->http://127.0.0.1:7057
DEBUG: org.apache.http.impl.conn.DefaultHttpClientConnectionOperator - Connecting to /127.0.0.1:7057
DEBUG: org.apache.http.impl.conn.DefaultHttpClientConnectionOperator - Connection established 127.0.0.1:60880<->127.0.0.1:7057
DEBUG: org.apache.http.impl.conn.DefaultManagedHttpClientConnection - http-outgoing-149: set socket timeout to 10800000
DEBUG: org.apache.http.impl.execchain.MainClientExec - Executing request POST /hub/session/2ee26769-3d37-b245-8426-d47429148238/element HTTP/1.1
DEBUG: org.apache.http.impl.execchain.MainClientExec - Target auth state: UNCHALLENGED
DEBUG: org.apache.http.impl.execchain.MainClientExec - Proxy auth state: UNCHALLENGED
DEBUG: org.apache.http.headers - http-outgoing-149 >> POST /hub/session/2ee26769-3d37-b245-8426-d47429148238/element HTTP/1.1
DEBUG: org.apache.http.headers - http-outgoing-149 >> Content-Type: application/json; charset=utf-8
DEBUG: org.apache.http.headers - http-outgoing-149 >> Content-Length: 36
DEBUG: org.apache.http.headers - http-outgoing-149 >> Host: 127.0.0.1:7057
DEBUG: org.apache.http.headers - http-outgoing-149 >> Connection: Keep-Alive
DEBUG: org.apache.http.headers - http-outgoing-149 >> User-Agent: Apache-HttpClient/4.5.2 (Java/1.7.0_79)
DEBUG: org.apache.http.headers - http-outgoing-149 >> Accept-Encoding: gzip,deflate
DEBUG: org.apache.http.wire - http-outgoing-149 >> "POST /hub/session/2ee26769-3d37-b245-8426-d47429148238/element HTTP/1.1[\r][\n]"
DEBUG: org.apache.http.wire - http-outgoing-149 >> "Content-Type: application/json; charset=utf-8[\r][\n]"
DEBUG: org.apache.http.wire - http-outgoing-149 >> "Content-Length: 36[\r][\n]"
DEBUG: org.apache.http.wire - http-outgoing-149 >> "Host: 127.0.0.1:7057[\r][\n]"
DEBUG: org.apache.http.wire - http-outgoing-149 >> "Connection: Keep-Alive[\r][\n]"
DEBUG: org.apache.http.wire - http-outgoing-149 >> "User-Agent: Apache-HttpClient/4.5.2 (Java/1.7.0_79)[\r][\n]"
DEBUG: org.apache.http.wire - http-outgoing-149 >> "Accept-Encoding: gzip,deflate[\r][\n]"
DEBUG: org.apache.http.wire - http-outgoing-149 >> "[\r][\n]"
DEBUG: org.apache.http.wire - http-outgoing-149 >> "{"using":"id","value":"description"}"
DEBUG: org.apache.http.wire - http-outgoing-149 << "HTTP/1.1 200 OK[\r][\n]"
DEBUG: org.apache.http.wire - http-outgoing-149 << "content-type: application/json; charset=UTF-8[\r][\n]"
DEBUG: org.apache.http.wire - http-outgoing-149 << "connection: close[\r][\n]"
DEBUG: org.apache.http.wire - http-outgoing-149 << "content-length: 224[\r][\n]"
DEBUG: org.apache.http.wire - http-outgoing-149 << "server: httpd.js[\r][\n]"
DEBUG: org.apache.http.wire - http-outgoing-149 << "date: Fri, 26 Aug 2016 09:42:59 GMT[\r][\n]"
DEBUG: org.apache.http.wire - http-outgoing-149 << "[\r][\n]"
DEBUG: org.apache.http.headers - http-outgoing-149 << HTTP/1.1 200 OK
DEBUG: org.apache.http.headers - http-outgoing-149 << content-type: application/json; charset=UTF-8
DEBUG: org.apache.http.headers - http-outgoing-149 << connection: close
DEBUG: org.apache.http.headers - http-outgoing-149 << content-length: 224
DEBUG: org.apache.http.headers - http-outgoing-149 << server: httpd.js
DEBUG: org.apache.http.headers - http-outgoing-149 << date: Fri, 26 Aug 2016 09:42:59 GMT
DEBUG: org.apache.http.wire - http-outgoing-149 << "{"name":"findElement","sessionId":"2ee26769-3d37-b245-8426-d47429148238","status":0,"value":{"ELEMENT":"{67f1bacd-d854-2549-8d43-a7658bbbaf54}","element-6066-11e4-a52e-4f735466cecf":"{67f1bacd-d854-2549-8d43-a7658bbbaf54}"}}"
DEBUG: org.apache.http.impl.conn.DefaultManagedHttpClientConnection - http-outgoing-149: Close connection
DEBUG: org.apache.http.impl.execchain.MainClientExec - Connection discarded
DEBUG: org.apache.http.impl.conn.PoolingHttpClientConnectionManager - Connection released: [id: 149][route: {}->http://127.0.0.1:7057][total kept alive: 0; route allocated: 0 of 2000; total allocated: 0 of 2000]
DEBUG: org.apache.http.client.protocol.RequestAddCookies - CookieSpec selected: default
DEBUG: org.apache.http.client.protocol.RequestAuthCache - Auth cache not set in the context
DEBUG: org.apache.http.impl.conn.PoolingHttpClientConnectionManager - Connection request: [route: {}->http://127.0.0.1:7057][total kept alive: 0; route allocated: 0 of 2000; total allocated: 0 of 2000]
DEBUG: org.apache.http.impl.conn.PoolingHttpClientConnectionManager - Connection leased: [id: 150][route: {}->http://127.0.0.1:7057][total kept alive: 0; route allocated: 1 of 2000; total allocated: 1 of 2000]
DEBUG: org.apache.http.impl.execchain.MainClientExec - Opening connection {}->http://127.0.0.1:7057
DEBUG: org.apache.http.impl.conn.DefaultHttpClientConnectionOperator - Connecting to /127.0.0.1:7057
DEBUG: org.apache.http.impl.conn.DefaultHttpClientConnectionOperator - Connection established 127.0.0.1:60881<->127.0.0.1:7057
DEBUG: org.apache.http.impl.conn.DefaultManagedHttpClientConnection - http-outgoing-150: set socket timeout to 10800000
DEBUG: org.apache.http.impl.execchain.MainClientExec - Executing request POST /hub/session/2ee26769-3d37-b245-8426-d47429148238/element/%7B67f1bacd-d854-2549-8d43-a7658bbbaf54%7D/clear HTTP/1.1
DEBUG: org.apache.http.impl.execchain.MainClientExec - Target auth state: UNCHALLENGED
DEBUG: org.apache.http.impl.execchain.MainClientExec - Proxy auth state: UNCHALLENGED
DEBUG: org.apache.http.headers - http-outgoing-150 >> POST /hub/session/2ee26769-3d37-b245-8426-d47429148238/element/%7B67f1bacd-d854-2549-8d43-a7658bbbaf54%7D/clear HTTP/1.1
DEBUG: org.apache.http.headers - http-outgoing-150 >> Content-Type: application/json; charset=utf-8
DEBUG: org.apache.http.headers - http-outgoing-150 >> Content-Length: 47
DEBUG: org.apache.http.headers - http-outgoing-150 >> Host: 127.0.0.1:7057
DEBUG: org.apache.http.headers - http-outgoing-150 >> Connection: Keep-Alive
DEBUG: org.apache.http.headers - http-outgoing-150 >> User-Agent: Apache-HttpClient/4.5.2 (Java/1.7.0_79)
DEBUG: org.apache.http.headers - http-outgoing-150 >> Accept-Encoding: gzip,deflate
DEBUG: org.apache.http.wire - http-outgoing-150 >> "POST /hub/session/2ee26769-3d37-b245-8426-d47429148238/element/%7B67f1bacd-d854-2549-8d43-a7658bbbaf54%7D/clear HTTP/1.1[\r][\n]"
DEBUG: org.apache.http.wire - http-outgoing-150 >> "Content-Type: application/json; charset=utf-8[\r][\n]"
DEBUG: org.apache.http.wire - http-outgoing-150 >> "Content-Length: 47[\r][\n]"
DEBUG: org.apache.http.wire - http-outgoing-150 >> "Host: 127.0.0.1:7057[\r][\n]"
DEBUG: org.apache.http.wire - http-outgoing-150 >> "Connection: Keep-Alive[\r][\n]"
DEBUG: org.apache.http.wire - http-outgoing-150 >> "User-Agent: Apache-HttpClient/4.5.2 (Java/1.7.0_79)[\r][\n]"
DEBUG: org.apache.http.wire - http-outgoing-150 >> "Accept-Encoding: gzip,deflate[\r][\n]"
DEBUG: org.apache.http.wire - http-outgoing-150 >> "[\r][\n]"
DEBUG: org.apache.http.wire - http-outgoing-150 >> "{"id":"{67f1bacd-d854-2549-8d43-a7658bbbaf54}"}"
DEBUG: org.apache.http.wire - http-outgoing-150 << "HTTP/1.1 200 OK[\r][\n]"
DEBUG: org.apache.http.wire - http-outgoing-150 << "content-type: application/json; charset=UTF-8[\r][\n]"
DEBUG: org.apache.http.wire - http-outgoing-150 << "connection: close[\r][\n]"
DEBUG: org.apache.http.wire - http-outgoing-150 << "content-length: 96[\r][\n]"
DEBUG: org.apache.http.wire - http-outgoing-150 << "server: httpd.js[\r][\n]"
DEBUG: org.apache.http.wire - http-outgoing-150 << "date: Fri, 26 Aug 2016 09:42:59 GMT[\r][\n]"
DEBUG: org.apache.http.wire - http-outgoing-150 << "[\r][\n]"
DEBUG: org.apache.http.headers - http-outgoing-150 << HTTP/1.1 200 OK
DEBUG: org.apache.http.headers - http-outgoing-150 << content-type: application/json; charset=UTF-8
DEBUG: org.apache.http.headers - http-outgoing-150 << connection: close
DEBUG: org.apache.http.headers - http-outgoing-150 << content-length: 96
DEBUG: org.apache.http.headers - http-outgoing-150 << server: httpd.js
DEBUG: org.apache.http.headers - http-outgoing-150 << date: Fri, 26 Aug 2016 09:42:59 GMT
DEBUG: org.apache.http.wire - http-outgoing-150 << "{"name":"clearElement","sessionId":"2ee26769-3d37-b245-8426-d47429148238","status":0,"value":""}"
DEBUG: org.apache.http.impl.conn.DefaultManagedHttpClientConnection - http-outgoing-150: Close connection
DEBUG: org.apache.http.impl.execchain.MainClientExec - Connection discarded
DEBUG: org.apache.http.impl.conn.PoolingHttpClientConnectionManager - Connection released: [id: 150][route: {}->http://127.0.0.1:7057][total kept alive: 0; route allocated: 0 of 2000; total allocated: 0 of 2000]
DEBUG: org.apache.http.client.protocol.RequestAddCookies - CookieSpec selected: default
DEBUG: org.apache.http.client.protocol.RequestAuthCache - Auth cache not set in the context
DEBUG: org.apache.http.impl.conn.PoolingHttpClientConnectionManager - Connection request: [route: {}->http://127.0.0.1:7057][total kept alive: 0; route allocated: 0 of 2000; total allocated: 0 of 2000]
DEBUG: org.apache.http.impl.conn.PoolingHttpClientConnectionManager - Connection leased: [id: 151][route: {}->http://127.0.0.1:7057][total kept alive: 0; route allocated: 1 of 2000; total allocated: 1 of 2000]
DEBUG: org.apache.http.impl.execchain.MainClientExec - Opening connection {}->http://127.0.0.1:7057
DEBUG: org.apache.http.impl.conn.DefaultHttpClientConnectionOperator - Connecting to /127.0.0.1:7057
DEBUG: org.apache.http.impl.conn.DefaultHttpClientConnectionOperator - Connection established 127.0.0.1:60882<->127.0.0.1:7057
DEBUG: org.apache.http.impl.conn.DefaultManagedHttpClientConnection - http-outgoing-151: set socket timeout to 10800000
DEBUG: org.apache.http.impl.execchain.MainClientExec - Executing request POST /hub/session/2ee26769-3d37-b245-8426-d47429148238/element/%7B67f1bacd-d854-2549-8d43-a7658bbbaf54%7D/value HTTP/1.1
DEBUG: org.apache.http.impl.execchain.MainClientExec - Target auth state: UNCHALLENGED
DEBUG: org.apache.http.impl.execchain.MainClientExec - Proxy auth state: UNCHALLENGED
DEBUG: org.apache.http.headers - http-outgoing-151 >> POST /hub/session/2ee26769-3d37-b245-8426-d47429148238/element/%7B67f1bacd-d854-2549-8d43-a7658bbbaf54%7D/value HTTP/1.1
DEBUG: org.apache.http.headers - http-outgoing-151 >> Content-Type: application/json; charset=utf-8
DEBUG: org.apache.http.headers - http-outgoing-151 >> Content-Length: 104
DEBUG: org.apache.http.headers - http-outgoing-151 >> Host: 127.0.0.1:7057
DEBUG: org.apache.http.headers - http-outgoing-151 >> Connection: Keep-Alive
DEBUG: org.apache.http.headers - http-outgoing-151 >> User-Agent: Apache-HttpClient/4.5.2 (Java/1.7.0_79)
DEBUG: org.apache.http.headers - http-outgoing-151 >> Accept-Encoding: gzip,deflate
DEBUG: org.apache.http.wire - http-outgoing-151 >> "POST /hub/session/2ee26769-3d37-b245-8426-d47429148238/element/%7B67f1bacd-d854-2549-8d43-a7658bbbaf54%7D/value HTTP/1.1[\r][\n]"
DEBUG: org.apache.http.wire - http-outgoing-151 >> "Content-Type: application/json; charset=utf-8[\r][\n]"
DEBUG: org.apache.http.wire - http-outgoing-151 >> "Content-Length: 104[\r][\n]"
DEBUG: org.apache.http.wire - http-outgoing-151 >> "Host: 127.0.0.1:7057[\r][\n]"
DEBUG: org.apache.http.wire - http-outgoing-151 >> "Connection: Keep-Alive[\r][\n]"
DEBUG: org.apache.http.wire - http-outgoing-151 >> "User-Agent: Apache-HttpClient/4.5.2 (Java/1.7.0_79)[\r][\n]"
DEBUG: org.apache.http.wire - http-outgoing-151 >> "Accept-Encoding: gzip,deflate[\r][\n]"
DEBUG: org.apache.http.wire - http-outgoing-151 >> "[\r][\n]"
DEBUG: org.apache.http.wire - http-outgoing-151 >> "{"id":"{67f1bacd-d854-2549-8d43-a7658bbbaf54}","value":["4 x red, curved Arrow shape, screw fastening"]}"
DEBUG: org.apache.http.wire - http-outgoing-151 << "HTTP/1.1 200 OK[\r][\n]"
DEBUG: org.apache.http.wire - http-outgoing-151 << "content-type: application/json; charset=UTF-8[\r][\n]"
DEBUG: org.apache.http.wire - http-outgoing-151 << "connection: close[\r][\n]"
DEBUG: org.apache.http.wire - http-outgoing-151 << "content-length: 101[\r][\n]"
DEBUG: org.apache.http.wire - http-outgoing-151 << "server: httpd.js[\r][\n]"
DEBUG: org.apache.http.wire - http-outgoing-151 << "date: Fri, 26 Aug 2016 09:42:59 GMT[\r][\n]"
DEBUG: org.apache.http.wire - http-outgoing-151 << "[\r][\n]"
DEBUG: org.apache.http.headers - http-outgoing-151 << HTTP/1.1 200 OK
DEBUG: org.apache.http.headers - http-outgoing-151 << content-type: application/json; charset=UTF-8
DEBUG: org.apache.http.headers - http-outgoing-151 << connection: close
DEBUG: org.apache.http.headers - http-outgoing-151 << content-length: 101
DEBUG: org.apache.http.headers - http-outgoing-151 << server: httpd.js
DEBUG: org.apache.http.headers - http-outgoing-151 << date: Fri, 26 Aug 2016 09:42:59 GMT
DEBUG: org.apache.http.wire - http-outgoing-151 << "{"name":"sendKeysToElement","sessionId":"2ee26769-3d37-b245-8426-d47429148238","status":0,"value":""}"
DEBUG: org.apache.http.impl.conn.DefaultManagedHttpClientConnection - http-outgoing-151: Close connection
DEBUG: org.apache.http.impl.execchain.MainClientExec - Connection discarded
DEBUG: org.apache.http.impl.conn.PoolingHttpClientConnectionManager - Connection released: [id: 151][route: {}->http://127.0.0.1:7057][total kept alive: 0; route allocated: 0 of 2000; total allocated: 0 of 2000]
DEBUG: org.apache.http.client.protocol.RequestAddCookies - CookieSpec selected: default
DEBUG: org.apache.http.client.protocol.RequestAuthCache - Auth cache not set in the context
DEBUG: org.apache.http.impl.conn.PoolingHttpClientConnectionManager - Connection request: [route: {}->http://127.0.0.1:7057][total kept alive: 0; route allocated: 0 of 2000; total allocated: 0 of 2000]
DEBUG: org.apache.http.impl.conn.PoolingHttpClientConnectionManager - Connection leased: [id: 152][route: {}->http://127.0.0.1:7057][total kept alive: 0; route allocated: 1 of 2000; total allocated: 1 of 2000]
DEBUG: org.apache.http.impl.execchain.MainClientExec - Opening connection {}->http://127.0.0.1:7057
DEBUG: org.apache.http.impl.conn.DefaultHttpClientConnectionOperator - Connecting to /127.0.0.1:7057
DEBUG: org.apache.http.impl.conn.DefaultHttpClientConnectionOperator - Connection established 127.0.0.1:60883<->127.0.0.1:7057
DEBUG: org.apache.http.impl.conn.DefaultManagedHttpClientConnection - http-outgoing-152: set socket timeout to 10800000
DEBUG: org.apache.http.impl.execchain.MainClientExec - Executing request POST /hub/session/2ee26769-3d37-b245-8426-d47429148238/element HTTP/1.1
DEBUG: org.apache.http.impl.execchain.MainClientExec - Target auth state: UNCHALLENGED
DEBUG: org.apache.http.impl.execchain.MainClientExec - Proxy auth state: UNCHALLENGED
DEBUG: org.apache.http.headers - http-outgoing-152 >> POST /hub/session/2ee26769-3d37-b245-8426-d47429148238/element HTTP/1.1
DEBUG: org.apache.http.headers - http-outgoing-152 >> Content-Type: application/json; charset=utf-8
DEBUG: org.apache.http.headers - http-outgoing-152 >> Content-Length: 33
DEBUG: org.apache.http.headers - http-outgoing-152 >> Host: 127.0.0.1:7057
DEBUG: org.apache.http.headers - http-outgoing-152 >> Connection: Keep-Alive
DEBUG: org.apache.http.headers - http-outgoing-152 >> User-Agent: Apache-HttpClient/4.5.2 (Java/1.7.0_79)
DEBUG: org.apache.http.headers - http-outgoing-152 >> Accept-Encoding: gzip,deflate
DEBUG: org.apache.http.wire - http-outgoing-152 >> "POST /hub/session/2ee26769-3d37-b245-8426-d47429148238/element HTTP/1.1[\r][\n]"
DEBUG: org.apache.http.wire - http-outgoing-152 >> "Content-Type: application/json; charset=utf-8[\r][\n]"
DEBUG: org.apache.http.wire - http-outgoing-152 >> "Content-Length: 33[\r][\n]"
DEBUG: org.apache.http.wire - http-outgoing-152 >> "Host: 127.0.0.1:7057[\r][\n]"
DEBUG: org.apache.http.wire - http-outgoing-152 >> "Connection: Keep-Alive[\r][\n]"
DEBUG: org.apache.http.wire - http-outgoing-152 >> "User-Agent: Apache-HttpClient/4.5.2 (Java/1.7.0_79)[\r][\n]"
DEBUG: org.apache.http.wire - http-outgoing-152 >> "Accept-Encoding: gzip,deflate[\r][\n]"
DEBUG: org.apache.http.wire - http-outgoing-152 >> "[\r][\n]"
DEBUG: org.apache.http.wire - http-outgoing-152 >> "{"using":"id","value":"quantity"}"
DEBUG: org.apache.http.wire - http-outgoing-152 << "HTTP/1.1 200 OK[\r][\n]"
DEBUG: org.apache.http.wire - http-outgoing-152 << "content-type: application/json; charset=UTF-8[\r][\n]"
DEBUG: org.apache.http.wire - http-outgoing-152 << "connection: close[\r][\n]"
DEBUG: org.apache.http.wire - http-outgoing-152 << "content-length: 224[\r][\n]"
DEBUG: org.apache.http.wire - http-outgoing-152 << "server: httpd.js[\r][\n]"
DEBUG: org.apache.http.wire - http-outgoing-152 << "date: Fri, 26 Aug 2016 09:42:59 GMT[\r][\n]"
DEBUG: org.apache.http.wire - http-outgoing-152 << "[\r][\n]"
DEBUG: org.apache.http.headers - http-outgoing-152 << HTTP/1.1 200 OK
DEBUG: org.apache.http.headers - http-outgoing-152 << content-type: application/json; charset=UTF-8
DEBUG: org.apache.http.headers - http-outgoing-152 << connection: close
DEBUG: org.apache.http.headers - http-outgoing-152 << content-length: 224
DEBUG: org.apache.http.headers - http-outgoing-152 << server: httpd.js
DEBUG: org.apache.http.headers - http-outgoing-152 << date: Fri, 26 Aug 2016 09:42:59 GMT
DEBUG: org.apache.http.wire - http-outgoing-152 << "{"name":"findElement","sessionId":"2ee26769-3d37-b245-8426-d47429148238","status":0,"value":{"ELEMENT":"{69e04f90-4f49-e148-ab21-7ee8ac7822f2}","element-6066-11e4-a52e-4f735466cecf":"{69e04f90-4f49-e148-ab21-7ee8ac7822f2}"}}"
DEBUG: org.apache.http.impl.conn.DefaultManagedHttpClientConnection - http-outgoing-152: Close connection
DEBUG: org.apache.http.impl.execchain.MainClientExec - Connection discarded
DEBUG: org.apache.http.impl.conn.PoolingHttpClientConnectionManager - Connection released: [id: 152][route: {}->http://127.0.0.1:7057][total kept alive: 0; route allocated: 0 of 2000; total allocated: 0 of 2000]
DEBUG: org.apache.http.client.protocol.RequestAddCookies - CookieSpec selected: default
DEBUG: org.apache.http.client.protocol.RequestAuthCache - Auth cache not set in the context
DEBUG: org.apache.http.impl.conn.PoolingHttpClientConnectionManager - Connection request: [route: {}->http://127.0.0.1:7057][total kept alive: 0; route allocated: 0 of 2000; total allocated: 0 of 2000]
DEBUG: org.apache.http.impl.conn.PoolingHttpClientConnectionManager - Connection leased: [id: 153][route: {}->http://127.0.0.1:7057][total kept alive: 0; route allocated: 1 of 2000; total allocated: 1 of 2000]
DEBUG: org.apache.http.impl.execchain.MainClientExec - Opening connection {}->http://127.0.0.1:7057
DEBUG: org.apache.http.impl.conn.DefaultHttpClientConnectionOperator - Connecting to /127.0.0.1:7057
DEBUG: org.apache.http.impl.conn.DefaultHttpClientConnectionOperator - Connection established 127.0.0.1:60884<->127.0.0.1:7057
DEBUG: org.apache.http.impl.conn.DefaultManagedHttpClientConnection - http-outgoing-153: set socket timeout to 10800000
DEBUG: org.apache.http.impl.execchain.MainClientExec - Executing request POST /hub/session/2ee26769-3d37-b245-8426-d47429148238/element/%7B69e04f90-4f49-e148-ab21-7ee8ac7822f2%7D/clear HTTP/1.1
DEBUG: org.apache.http.impl.execchain.MainClientExec - Target auth state: UNCHALLENGED
DEBUG: org.apache.http.impl.execchain.MainClientExec - Proxy auth state: UNCHALLENGED
DEBUG: org.apache.http.headers - http-outgoing-153 >> POST /hub/session/2ee26769-3d37-b245-8426-d47429148238/element/%7B69e04f90-4f49-e148-ab21-7ee8ac7822f2%7D/clear HTTP/1.1
DEBUG: org.apache.http.headers - http-outgoing-153 >> Content-Type: application/json; charset=utf-8
DEBUG: org.apache.http.headers - http-outgoing-153 >> Content-Length: 47
DEBUG: org.apache.http.headers - http-outgoing-153 >> Host: 127.0.0.1:7057
DEBUG: org.apache.http.headers - http-outgoing-153 >> Connection: Keep-Alive
DEBUG: org.apache.http.headers - http-outgoing-153 >> User-Agent: Apache-HttpClient/4.5.2 (Java/1.7.0_79)
DEBUG: org.apache.http.headers - http-outgoing-153 >> Accept-Encoding: gzip,deflate
DEBUG: org.apache.http.wire - http-outgoing-153 >> "POST /hub/session/2ee26769-3d37-b245-8426-d47429148238/element/%7B69e04f90-4f49-e148-ab21-7ee8ac7822f2%7D/clear HTTP/1.1[\r][\n]"
DEBUG: org.apache.http.wire - http-outgoing-153 >> "Content-Type: application/json; charset=utf-8[\r][\n]"
DEBUG: org.apache.http.wire - http-outgoing-153 >> "Content-Length: 47[\r][\n]"
DEBUG: org.apache.http.wire - http-outgoing-153 >> "Host: 127.0.0.1:7057[\r][\n]"
DEBUG: org.apache.http.wire - http-outgoing-153 >> "Connection: Keep-Alive[\r][\n]"
DEBUG: org.apache.http.wire - http-outgoing-153 >> "User-Agent: Apache-HttpClient/4.5.2 (Java/1.7.0_79)[\r][\n]"
DEBUG: org.apache.http.wire - http-outgoing-153 >> "Accept-Encoding: gzip,deflate[\r][\n]"
DEBUG: org.apache.http.wire - http-outgoing-153 >> "[\r][\n]"
DEBUG: org.apache.http.wire - http-outgoing-153 >> "{"id":"{69e04f90-4f49-e148-ab21-7ee8ac7822f2}"}"
DEBUG: org.apache.http.wire - http-outgoing-153 << "HTTP/1.1 200 OK[\r][\n]"
DEBUG: org.apache.http.wire - http-outgoing-153 << "content-type: application/json; charset=UTF-8[\r][\n]"
DEBUG: org.apache.http.wire - http-outgoing-153 << "connection: close[\r][\n]"
DEBUG: org.apache.http.wire - http-outgoing-153 << "content-length: 96[\r][\n]"
DEBUG: org.apache.http.wire - http-outgoing-153 << "server: httpd.js[\r][\n]"
DEBUG: org.apache.http.wire - http-outgoing-153 << "date: Fri, 26 Aug 2016 09:42:59 GMT[\r][\n]"
DEBUG: org.apache.http.wire - http-outgoing-153 << "[\r][\n]"
DEBUG: org.apache.http.headers - http-outgoing-153 << HTTP/1.1 200 OK
DEBUG: org.apache.http.headers - http-outgoing-153 << content-type: application/json; charset=UTF-8
DEBUG: org.apache.http.headers - http-outgoing-153 << connection: close
DEBUG: org.apache.http.headers - http-outgoing-153 << content-length: 96
DEBUG: org.apache.http.headers - http-outgoing-153 << server: httpd.js
DEBUG: org.apache.http.headers - http-outgoing-153 << date: Fri, 26 Aug 2016 09:42:59 GMT
DEBUG: org.apache.http.wire - http-outgoing-153 << "{"name":"clearElement","sessionId":"2ee26769-3d37-b245-8426-d47429148238","status":0,"value":""}"
DEBUG: org.apache.http.impl.conn.DefaultManagedHttpClientConnection - http-outgoing-153: Close connection
DEBUG: org.apache.http.impl.execchain.MainClientExec - Connection discarded
DEBUG: org.apache.http.impl.conn.PoolingHttpClientConnectionManager - Connection released: [id: 153][route: {}->http://127.0.0.1:7057][total kept alive: 0; route allocated: 0 of 2000; total allocated: 0 of 2000]
DEBUG: org.apache.http.client.protocol.RequestAddCookies - CookieSpec selected: default
DEBUG: org.apache.http.client.protocol.RequestAuthCache - Auth cache not set in the context
DEBUG: org.apache.http.impl.conn.PoolingHttpClientConnectionManager - Connection request: [route: {}->http://127.0.0.1:7057][total kept alive: 0; route allocated: 0 of 2000; total allocated: 0 of 2000]
DEBUG: org.apache.http.impl.conn.PoolingHttpClientConnectionManager - Connection leased: [id: 154][route: {}->http://127.0.0.1:7057][total kept alive: 0; route allocated: 1 of 2000; total allocated: 1 of 2000]
DEBUG: org.apache.http.impl.execchain.MainClientExec - Opening connection {}->http://127.0.0.1:7057
DEBUG: org.apache.http.impl.conn.DefaultHttpClientConnectionOperator - Connecting to /127.0.0.1:7057
DEBUG: org.apache.http.impl.conn.DefaultHttpClientConnectionOperator - Connection established 127.0.0.1:60885<->127.0.0.1:7057
DEBUG: org.apache.http.impl.conn.DefaultManagedHttpClientConnection - http-outgoing-154: set socket timeout to 10800000
DEBUG: org.apache.http.impl.execchain.MainClientExec - Executing request POST /hub/session/2ee26769-3d37-b245-8426-d47429148238/element/%7B69e04f90-4f49-e148-ab21-7ee8ac7822f2%7D/value HTTP/1.1
DEBUG: org.apache.http.impl.execchain.MainClientExec - Target auth state: UNCHALLENGED
DEBUG: org.apache.http.impl.execchain.MainClientExec - Proxy auth state: UNCHALLENGED
DEBUG: org.apache.http.headers - http-outgoing-154 >> POST /hub/session/2ee26769-3d37-b245-8426-d47429148238/element/%7B69e04f90-4f49-e148-ab21-7ee8ac7822f2%7D/value HTTP/1.1
DEBUG: org.apache.http.headers - http-outgoing-154 >> Content-Type: application/json; charset=utf-8
DEBUG: org.apache.http.headers - http-outgoing-154 >> Content-Length: 60
DEBUG: org.apache.http.headers - http-outgoing-154 >> Host: 127.0.0.1:7057
DEBUG: org.apache.http.headers - http-outgoing-154 >> Connection: Keep-Alive
DEBUG: org.apache.http.headers - http-outgoing-154 >> User-Agent: Apache-HttpClient/4.5.2 (Java/1.7.0_79)
DEBUG: org.apache.http.headers - http-outgoing-154 >> Accept-Encoding: gzip,deflate
DEBUG: org.apache.http.wire - http-outgoing-154 >> "POST /hub/session/2ee26769-3d37-b245-8426-d47429148238/element/%7B69e04f90-4f49-e148-ab21-7ee8ac7822f2%7D/value HTTP/1.1[\r][\n]"
DEBUG: org.apache.http.wire - http-outgoing-154 >> "Content-Type: application/json; charset=utf-8[\r][\n]"
DEBUG: org.apache.http.wire - http-outgoing-154 >> "Content-Length: 60[\r][\n]"
DEBUG: org.apache.http.wire - http-outgoing-154 >> "Host: 127.0.0.1:7057[\r][\n]"
DEBUG: org.apache.http.wire - http-outgoing-154 >> "Connection: Keep-Alive[\r][\n]"
DEBUG: org.apache.http.wire - http-outgoing-154 >> "User-Agent: Apache-HttpClient/4.5.2 (Java/1.7.0_79)[\r][\n]"
DEBUG: org.apache.http.wire - http-outgoing-154 >> "Accept-Encoding: gzip,deflate[\r][\n]"
DEBUG: org.apache.http.wire - http-outgoing-154 >> "[\r][\n]"
DEBUG: org.apache.http.wire - http-outgoing-154 >> "{"id":"{69e04f90-4f49-e148-ab21-7ee8ac7822f2}","value":[""]}"
DEBUG: org.apache.http.wire - http-outgoing-154 << "HTTP/1.1 200 OK[\r][\n]"
DEBUG: org.apache.http.wire - http-outgoing-154 << "content-type: application/json; charset=UTF-8[\r][\n]"
DEBUG: org.apache.http.wire - http-outgoing-154 << "connection: close[\r][\n]"
DEBUG: org.apache.http.wire - http-outgoing-154 << "content-length: 101[\r][\n]"
DEBUG: org.apache.http.wire - http-outgoing-154 << "server: httpd.js[\r][\n]"
DEBUG: org.apache.http.wire - http-outgoing-154 << "date: Fri, 26 Aug 2016 09:42:59 GMT[\r][\n]"
DEBUG: org.apache.http.wire - http-outgoing-154 << "[\r][\n]"
DEBUG: org.apache.http.headers - http-outgoing-154 << HTTP/1.1 200 OK
DEBUG: org.apache.http.headers - http-outgoing-154 << content-type: application/json; charset=UTF-8
DEBUG: org.apache.http.headers - http-outgoing-154 << connection: close
DEBUG: org.apache.http.headers - http-outgoing-154 << content-length: 101
DEBUG: org.apache.http.headers - http-outgoing-154 << server: httpd.js
DEBUG: org.apache.http.headers - http-outgoing-154 << date: Fri, 26 Aug 2016 09:42:59 GMT
DEBUG: org.apache.http.wire - http-outgoing-154 << "{"name":"sendKeysToElement","sessionId":"2ee26769-3d37-b245-8426-d47429148238","status":0,"value":""}"
DEBUG: org.apache.http.impl.conn.DefaultManagedHttpClientConnection - http-outgoing-154: Close connection
DEBUG: org.apache.http.impl.execchain.MainClientExec - Connection discarded
DEBUG: org.apache.http.impl.conn.PoolingHttpClientConnectionManager - Connection released: [id: 154][route: {}->http://127.0.0.1:7057][total kept alive: 0; route allocated: 0 of 2000; total allocated: 0 of 2000]
DEBUG: org.apache.http.client.protocol.RequestAddCookies - CookieSpec selected: default
DEBUG: org.apache.http.client.protocol.RequestAuthCache - Auth cache not set in the context
DEBUG: org.apache.http.impl.conn.PoolingHttpClientConnectionManager - Connection request: [route: {}->http://127.0.0.1:7057][total kept alive: 0; route allocated: 0 of 2000; total allocated: 0 of 2000]
DEBUG: org.apache.http.impl.conn.PoolingHttpClientConnectionManager - Connection leased: [id: 155][route: {}->http://127.0.0.1:7057][total kept alive: 0; route allocated: 1 of 2000; total allocated: 1 of 2000]
DEBUG: org.apache.http.impl.execchain.MainClientExec - Opening connection {}->http://127.0.0.1:7057
DEBUG: org.apache.http.impl.conn.DefaultHttpClientConnectionOperator - Connecting to /127.0.0.1:7057
DEBUG: org.apache.http.impl.conn.DefaultHttpClientConnectionOperator - Connection established 127.0.0.1:60886<->127.0.0.1:7057
DEBUG: org.apache.http.impl.conn.DefaultManagedHttpClientConnection - http-outgoing-155: set socket timeout to 10800000
DEBUG: org.apache.http.impl.execchain.MainClientExec - Executing request POST /hub/session/2ee26769-3d37-b245-8426-d47429148238/element HTTP/1.1
DEBUG: org.apache.http.impl.execchain.MainClientExec - Target auth state: UNCHALLENGED
DEBUG: org.apache.http.impl.execchain.MainClientExec - Proxy auth state: UNCHALLENGED
DEBUG: org.apache.http.headers - http-outgoing-155 >> POST /hub/session/2ee26769-3d37-b245-8426-d47429148238/element HTTP/1.1
DEBUG: org.apache.http.headers - http-outgoing-155 >> Content-Type: application/json; charset=utf-8
DEBUG: org.apache.http.headers - http-outgoing-155 >> Content-Length: 35
DEBUG: org.apache.http.headers - http-outgoing-155 >> Host: 127.0.0.1:7057
DEBUG: org.apache.http.headers - http-outgoing-155 >> Connection: Keep-Alive
DEBUG: org.apache.http.headers - http-outgoing-155 >> User-Agent: Apache-HttpClient/4.5.2 (Java/1.7.0_79)
DEBUG: org.apache.http.headers - http-outgoing-155 >> Accept-Encoding: gzip,deflate
DEBUG: org.apache.http.wire - http-outgoing-155 >> "POST /hub/session/2ee26769-3d37-b245-8426-d47429148238/element HTTP/1.1[\r][\n]"
DEBUG: org.apache.http.wire - http-outgoing-155 >> "Content-Type: application/json; charset=utf-8[\r][\n]"
DEBUG: org.apache.http.wire - http-outgoing-155 >> "Content-Length: 35[\r][\n]"
DEBUG: org.apache.http.wire - http-outgoing-155 >> "Host: 127.0.0.1:7057[\r][\n]"
DEBUG: org.apache.http.wire - http-outgoing-155 >> "Connection: Keep-Alive[\r][\n]"
DEBUG: org.apache.http.wire - http-outgoing-155 >> "User-Agent: Apache-HttpClient/4.5.2 (Java/1.7.0_79)[\r][\n]"
DEBUG: org.apache.http.wire - http-outgoing-155 >> "Accept-Encoding: gzip,deflate[\r][\n]"
DEBUG: org.apache.http.wire - http-outgoing-155 >> "[\r][\n]"
DEBUG: org.apache.http.wire - http-outgoing-155 >> "{"using":"id","value":"createItem"}"
DEBUG: org.apache.http.wire - http-outgoing-155 << "HTTP/1.1 200 OK[\r][\n]"
DEBUG: org.apache.http.wire - http-outgoing-155 << "content-type: application/json; charset=UTF-8[\r][\n]"
DEBUG: org.apache.http.wire - http-outgoing-155 << "connection: close[\r][\n]"
DEBUG: org.apache.http.wire - http-outgoing-155 << "content-length: 224[\r][\n]"
DEBUG: org.apache.http.wire - http-outgoing-155 << "server: httpd.js[\r][\n]"
DEBUG: org.apache.http.wire - http-outgoing-155 << "date: Fri, 26 Aug 2016 09:42:59 GMT[\r][\n]"
DEBUG: org.apache.http.wire - http-outgoing-155 << "[\r][\n]"
DEBUG: org.apache.http.headers - http-outgoing-155 << HTTP/1.1 200 OK
DEBUG: org.apache.http.headers - http-outgoing-155 << content-type: application/json; charset=UTF-8
DEBUG: org.apache.http.headers - http-outgoing-155 << connection: close
DEBUG: org.apache.http.headers - http-outgoing-155 << content-length: 224
DEBUG: org.apache.http.headers - http-outgoing-155 << server: httpd.js
DEBUG: org.apache.http.headers - http-outgoing-155 << date: Fri, 26 Aug 2016 09:42:59 GMT
DEBUG: org.apache.http.wire - http-outgoing-155 << "{"name":"findElement","sessionId":"2ee26769-3d37-b245-8426-d47429148238","status":0,"value":{"ELEMENT":"{1e8461cf-bcbc-ff44-b5ba-7cf8bd30ae83}","element-6066-11e4-a52e-4f735466cecf":"{1e8461cf-bcbc-ff44-b5ba-7cf8bd30ae83}"}}"
DEBUG: org.apache.http.impl.conn.DefaultManagedHttpClientConnection - http-outgoing-155: Close connection
DEBUG: org.apache.http.impl.execchain.MainClientExec - Connection discarded
DEBUG: org.apache.http.impl.conn.PoolingHttpClientConnectionManager - Connection released: [id: 155][route: {}->http://127.0.0.1:7057][total kept alive: 0; route allocated: 0 of 2000; total allocated: 0 of 2000]
DEBUG: org.apache.http.client.protocol.RequestAddCookies - CookieSpec selected: default
DEBUG: org.apache.http.client.protocol.RequestAuthCache - Auth cache not set in the context
DEBUG: org.apache.http.impl.conn.PoolingHttpClientConnectionManager - Connection request: [route: {}->http://127.0.0.1:7057][total kept alive: 0; route allocated: 0 of 2000; total allocated: 0 of 2000]
DEBUG: org.apache.http.impl.conn.PoolingHttpClientConnectionManager - Connection leased: [id: 156][route: {}->http://127.0.0.1:7057][total kept alive: 0; route allocated: 1 of 2000; total allocated: 1 of 2000]
DEBUG: org.apache.http.impl.execchain.MainClientExec - Opening connection {}->http://127.0.0.1:7057
DEBUG: org.apache.http.impl.conn.DefaultHttpClientConnectionOperator - Connecting to /127.0.0.1:7057
DEBUG: org.apache.http.impl.conn.DefaultHttpClientConnectionOperator - Connection established 127.0.0.1:60887<->127.0.0.1:7057
DEBUG: org.apache.http.impl.conn.DefaultManagedHttpClientConnection - http-outgoing-156: set socket timeout to 10800000
DEBUG: org.apache.http.impl.execchain.MainClientExec - Executing request POST /hub/session/2ee26769-3d37-b245-8426-d47429148238/element/%7B1e8461cf-bcbc-ff44-b5ba-7cf8bd30ae83%7D/click HTTP/1.1
DEBUG: org.apache.http.impl.execchain.MainClientExec - Target auth state: UNCHALLENGED
DEBUG: org.apache.http.impl.execchain.MainClientExec - Proxy auth state: UNCHALLENGED
DEBUG: org.apache.http.headers - http-outgoing-156 >> POST /hub/session/2ee26769-3d37-b245-8426-d47429148238/element/%7B1e8461cf-bcbc-ff44-b5ba-7cf8bd30ae83%7D/click HTTP/1.1
DEBUG: org.apache.http.headers - http-outgoing-156 >> Content-Type: application/json; charset=utf-8
DEBUG: org.apache.http.headers - http-outgoing-156 >> Content-Length: 47
DEBUG: org.apache.http.headers - http-outgoing-156 >> Host: 127.0.0.1:7057
DEBUG: org.apache.http.headers - http-outgoing-156 >> Connection: Keep-Alive
DEBUG: org.apache.http.headers - http-outgoing-156 >> User-Agent: Apache-HttpClient/4.5.2 (Java/1.7.0_79)
DEBUG: org.apache.http.headers - http-outgoing-156 >> Accept-Encoding: gzip,deflate
DEBUG: org.apache.http.wire - http-outgoing-156 >> "POST /hub/session/2ee26769-3d37-b245-8426-d47429148238/element/%7B1e8461cf-bcbc-ff44-b5ba-7cf8bd30ae83%7D/click HTTP/1.1[\r][\n]"
DEBUG: org.apache.http.wire - http-outgoing-156 >> "Content-Type: application/json; charset=utf-8[\r][\n]"
DEBUG: org.apache.http.wire - http-outgoing-156 >> "Content-Length: 47[\r][\n]"
DEBUG: org.apache.http.wire - http-outgoing-156 >> "Host: 127.0.0.1:7057[\r][\n]"
DEBUG: org.apache.http.wire - http-outgoing-156 >> "Connection: Keep-Alive[\r][\n]"
DEBUG: org.apache.http.wire - http-outgoing-156 >> "User-Agent: Apache-HttpClient/4.5.2 (Java/1.7.0_79)[\r][\n]"
DEBUG: org.apache.http.wire - http-outgoing-156 >> "Accept-Encoding: gzip,deflate[\r][\n]"
DEBUG: org.apache.http.wire - http-outgoing-156 >> "[\r][\n]"
DEBUG: org.apache.http.wire - http-outgoing-156 >> "{"id":"{1e8461cf-bcbc-ff44-b5ba-7cf8bd30ae83}"}"
DEBUG: org.apache.http.wire - http-outgoing-156 << "HTTP/1.1 200 OK[\r][\n]"
DEBUG: org.apache.http.wire - http-outgoing-156 << "content-type: application/json; charset=UTF-8[\r][\n]"
DEBUG: org.apache.http.wire - http-outgoing-156 << "connection: close[\r][\n]"
DEBUG: org.apache.http.wire - http-outgoing-156 << "content-length: 98[\r][\n]"
DEBUG: org.apache.http.wire - http-outgoing-156 << "server: httpd.js[\r][\n]"
DEBUG: org.apache.http.wire - http-outgoing-156 << "date: Fri, 26 Aug 2016 09:42:59 GMT[\r][\n]"
DEBUG: org.apache.http.wire - http-outgoing-156 << "[\r][\n]"
DEBUG: org.apache.http.headers - http-outgoing-156 << HTTP/1.1 200 OK
DEBUG: org.apache.http.headers - http-outgoing-156 << content-type: application/json; charset=UTF-8
DEBUG: org.apache.http.headers - http-outgoing-156 << connection: close
DEBUG: org.apache.http.headers - http-outgoing-156 << content-length: 98
DEBUG: org.apache.http.headers - http-outgoing-156 << server: httpd.js
DEBUG: org.apache.http.headers - http-outgoing-156 << date: Fri, 26 Aug 2016 09:42:59 GMT
DEBUG: org.apache.http.wire - http-outgoing-156 << "{"name":"clickElement","sessionId":"2ee26769-3d37-b245-8426-d47429148238","status":0,"value":"ok"}"
DEBUG: org.apache.http.impl.conn.DefaultManagedHttpClientConnection - http-outgoing-156: Close connection
DEBUG: org.apache.http.impl.execchain.MainClientExec - Connection discarded
DEBUG: org.apache.http.impl.conn.PoolingHttpClientConnectionManager - Connection released: [id: 156][route: {}->http://127.0.0.1:7057][total kept alive: 0; route allocated: 0 of 2000; total allocated: 0 of 2000]
DEBUG: org.apache.http.client.protocol.RequestAddCookies - CookieSpec selected: default
DEBUG: org.apache.http.client.protocol.RequestAuthCache - Auth cache not set in the context
DEBUG: org.apache.http.impl.conn.PoolingHttpClientConnectionManager - Connection request: [route: {}->http://127.0.0.1:7057][total kept alive: 0; route allocated: 0 of 2000; total allocated: 0 of 2000]
DEBUG: org.apache.http.impl.conn.PoolingHttpClientConnectionManager - Connection leased: [id: 157][route: {}->http://127.0.0.1:7057][total kept alive: 0; route allocated: 1 of 2000; total allocated: 1 of 2000]
DEBUG: org.apache.http.impl.execchain.MainClientExec - Opening connection {}->http://127.0.0.1:7057
DEBUG: org.apache.http.impl.conn.DefaultHttpClientConnectionOperator - Connecting to /127.0.0.1:7057
DEBUG: org.apache.http.impl.conn.DefaultHttpClientConnectionOperator - Connection established 127.0.0.1:60888<->127.0.0.1:7057
DEBUG: org.apache.http.impl.conn.DefaultManagedHttpClientConnection - http-outgoing-157: set socket timeout to 10800000
DEBUG: org.apache.http.impl.execchain.MainClientExec - Executing request POST /hub/session/2ee26769-3d37-b245-8426-d47429148238/element HTTP/1.1
DEBUG: org.apache.http.impl.execchain.MainClientExec - Target auth state: UNCHALLENGED
DEBUG: org.apache.http.impl.execchain.MainClientExec - Proxy auth state: UNCHALLENGED
DEBUG: org.apache.http.headers - http-outgoing-157 >> POST /hub/session/2ee26769-3d37-b245-8426-d47429148238/element HTTP/1.1
DEBUG: org.apache.http.headers - http-outgoing-157 >> Content-Type: application/json; charset=utf-8
DEBUG: org.apache.http.headers - http-outgoing-157 >> Content-Length: 62
DEBUG: org.apache.http.headers - http-outgoing-157 >> Host: 127.0.0.1:7057
DEBUG: org.apache.http.headers - http-outgoing-157 >> Connection: Keep-Alive
DEBUG: org.apache.http.headers - http-outgoing-157 >> User-Agent: Apache-HttpClient/4.5.2 (Java/1.7.0_79)
DEBUG: org.apache.http.headers - http-outgoing-157 >> Accept-Encoding: gzip,deflate
DEBUG: org.apache.http.wire - http-outgoing-157 >> "POST /hub/session/2ee26769-3d37-b245-8426-d47429148238/element HTTP/1.1[\r][\n]"
DEBUG: org.apache.http.wire - http-outgoing-157 >> "Content-Type: application/json; charset=utf-8[\r][\n]"
DEBUG: org.apache.http.wire - http-outgoing-157 >> "Content-Length: 62[\r][\n]"
DEBUG: org.apache.http.wire - http-outgoing-157 >> "Host: 127.0.0.1:7057[\r][\n]"
DEBUG: org.apache.http.wire - http-outgoing-157 >> "Connection: Keep-Alive[\r][\n]"
DEBUG: org.apache.http.wire - http-outgoing-157 >> "User-Agent: Apache-HttpClient/4.5.2 (Java/1.7.0_79)[\r][\n]"
DEBUG: org.apache.http.wire - http-outgoing-157 >> "Accept-Encoding: gzip,deflate[\r][\n]"
DEBUG: org.apache.http.wire - http-outgoing-157 >> "[\r][\n]"
DEBUG: org.apache.http.wire - http-outgoing-157 >> "{"using":"css selector","value":"#quantity_field .text-error"}"
DEBUG: org.apache.http.wire - http-outgoing-157 << "HTTP/1.1 200 OK[\r][\n]"
DEBUG: org.apache.http.wire - http-outgoing-157 << "content-type: application/json; charset=UTF-8[\r][\n]"
DEBUG: org.apache.http.wire - http-outgoing-157 << "connection: close[\r][\n]"
DEBUG: org.apache.http.wire - http-outgoing-157 << "content-length: 224[\r][\n]"
DEBUG: org.apache.http.wire - http-outgoing-157 << "server: httpd.js[\r][\n]"
DEBUG: org.apache.http.wire - http-outgoing-157 << "date: Fri, 26 Aug 2016 09:42:59 GMT[\r][\n]"
DEBUG: org.apache.http.wire - http-outgoing-157 << "[\r][\n]"
DEBUG: org.apache.http.headers - http-outgoing-157 << HTTP/1.1 200 OK
DEBUG: org.apache.http.headers - http-outgoing-157 << content-type: application/json; charset=UTF-8
DEBUG: org.apache.http.headers - http-outgoing-157 << connection: close
DEBUG: org.apache.http.headers - http-outgoing-157 << content-length: 224
DEBUG: org.apache.http.headers - http-outgoing-157 << server: httpd.js
DEBUG: org.apache.http.headers - http-outgoing-157 << date: Fri, 26 Aug 2016 09:42:59 GMT
DEBUG: org.apache.http.wire - http-outgoing-157 << "{"name":"findElement","sessionId":"2ee26769-3d37-b245-8426-d47429148238","status":0,"value":{"ELEMENT":"{89dd363c-e9cc-2245-b752-bb0bcd990adc}","element-6066-11e4-a52e-4f735466cecf":"{89dd363c-e9cc-2245-b752-bb0bcd990adc}"}}"
DEBUG: org.apache.http.impl.conn.DefaultManagedHttpClientConnection - http-outgoing-157: Close connection
DEBUG: org.apache.http.impl.execchain.MainClientExec - Connection discarded
DEBUG: org.apache.http.impl.conn.PoolingHttpClientConnectionManager - Connection released: [id: 157][route: {}->http://127.0.0.1:7057][total kept alive: 0; route allocated: 0 of 2000; total allocated: 0 of 2000]
DEBUG: org.apache.http.client.protocol.RequestAddCookies - CookieSpec selected: default
DEBUG: org.apache.http.client.protocol.RequestAuthCache - Auth cache not set in the context
DEBUG: org.apache.http.impl.conn.PoolingHttpClientConnectionManager - Connection request: [route: {}->http://127.0.0.1:7057][total kept alive: 0; route allocated: 0 of 2000; total allocated: 0 of 2000]
DEBUG: org.apache.http.impl.conn.PoolingHttpClientConnectionManager - Connection leased: [id: 158][route: {}->http://127.0.0.1:7057][total kept alive: 0; route allocated: 1 of 2000; total allocated: 1 of 2000]
DEBUG: org.apache.http.impl.execchain.MainClientExec - Opening connection {}->http://127.0.0.1:7057
DEBUG: org.apache.http.impl.conn.DefaultHttpClientConnectionOperator - Connecting to /127.0.0.1:7057
DEBUG: org.apache.http.impl.conn.DefaultHttpClientConnectionOperator - Connection established 127.0.0.1:60889<->127.0.0.1:7057
DEBUG: org.apache.http.impl.conn.DefaultManagedHttpClientConnection - http-outgoing-158: set socket timeout to 10800000
DEBUG: org.apache.http.impl.execchain.MainClientExec - Executing request GET /hub/session/2ee26769-3d37-b245-8426-d47429148238/element/%7B89dd363c-e9cc-2245-b752-bb0bcd990adc%7D/text HTTP/1.1
DEBUG: org.apache.http.impl.execchain.MainClientExec - Target auth state: UNCHALLENGED
DEBUG: org.apache.http.impl.execchain.MainClientExec - Proxy auth state: UNCHALLENGED
DEBUG: org.apache.http.headers - http-outgoing-158 >> GET /hub/session/2ee26769-3d37-b245-8426-d47429148238/element/%7B89dd363c-e9cc-2245-b752-bb0bcd990adc%7D/text HTTP/1.1
DEBUG: org.apache.http.headers - http-outgoing-158 >> Cache-Control: no-cache
DEBUG: org.apache.http.headers - http-outgoing-158 >> Host: 127.0.0.1:7057
DEBUG: org.apache.http.headers - http-outgoing-158 >> Connection: Keep-Alive
DEBUG: org.apache.http.headers - http-outgoing-158 >> User-Agent: Apache-HttpClient/4.5.2 (Java/1.7.0_79)
DEBUG: org.apache.http.headers - http-outgoing-158 >> Accept-Encoding: gzip,deflate
DEBUG: org.apache.http.wire - http-outgoing-158 >> "GET /hub/session/2ee26769-3d37-b245-8426-d47429148238/element/%7B89dd363c-e9cc-2245-b752-bb0bcd990adc%7D/text HTTP/1.1[\r][\n]"
DEBUG: org.apache.http.wire - http-outgoing-158 >> "Cache-Control: no-cache[\r][\n]"
DEBUG: org.apache.http.wire - http-outgoing-158 >> "Host: 127.0.0.1:7057[\r][\n]"
DEBUG: org.apache.http.wire - http-outgoing-158 >> "Connection: Keep-Alive[\r][\n]"
DEBUG: org.apache.http.wire - http-outgoing-158 >> "User-Agent: Apache-HttpClient/4.5.2 (Java/1.7.0_79)[\r][\n]"
DEBUG: org.apache.http.wire - http-outgoing-158 >> "Accept-Encoding: gzip,deflate[\r][\n]"
DEBUG: org.apache.http.wire - http-outgoing-158 >> "[\r][\n]"
DEBUG: org.apache.http.wire - http-outgoing-158 << "HTTP/1.1 200 OK[\r][\n]"
DEBUG: org.apache.http.wire - http-outgoing-158 << "content-type: application/json; charset=UTF-8[\r][\n]"
DEBUG: org.apache.http.wire - http-outgoing-158 << "connection: close[\r][\n]"
DEBUG: org.apache.http.wire - http-outgoing-158 << "content-length: 124[\r][\n]"
DEBUG: org.apache.http.wire - http-outgoing-158 << "server: httpd.js[\r][\n]"
DEBUG: org.apache.http.wire - http-outgoing-158 << "date: Fri, 26 Aug 2016 09:42:59 GMT[\r][\n]"
DEBUG: org.apache.http.wire - http-outgoing-158 << "[\r][\n]"
DEBUG: org.apache.http.headers - http-outgoing-158 << HTTP/1.1 200 OK
DEBUG: org.apache.http.headers - http-outgoing-158 << content-type: application/json; charset=UTF-8
DEBUG: org.apache.http.headers - http-outgoing-158 << connection: close
DEBUG: org.apache.http.headers - http-outgoing-158 << content-length: 124
DEBUG: org.apache.http.headers - http-outgoing-158 << server: httpd.js
DEBUG: org.apache.http.headers - http-outgoing-158 << date: Fri, 26 Aug 2016 09:42:59 GMT
DEBUG: org.apache.http.wire - http-outgoing-158 << "{"name":"getElementText","sessionId":"2ee26769-3d37-b245-8426-d47429148238","status":0,"value":"Please enter Item Quantity"}"
DEBUG: org.apache.http.impl.conn.DefaultManagedHttpClientConnection - http-outgoing-158: Close connection
DEBUG: org.apache.http.impl.execchain.MainClientExec - Connection discarded
DEBUG: org.apache.http.impl.conn.PoolingHttpClientConnectionManager - Connection released: [id: 158][route: {}->http://127.0.0.1:7057][total kept alive: 0; route allocated: 0 of 2000; total allocated: 0 of 2000]
DEBUG: org.apache.http.client.protocol.RequestAddCookies - CookieSpec selected: default
DEBUG: org.apache.http.client.protocol.RequestAuthCache - Auth cache not set in the context
DEBUG: org.apache.http.impl.conn.PoolingHttpClientConnectionManager - Connection request: [route: {}->http://127.0.0.1:7057][total kept alive: 0; route allocated: 0 of 2000; total allocated: 0 of 2000]
DEBUG: org.apache.http.impl.conn.PoolingHttpClientConnectionManager - Connection leased: [id: 159][route: {}->http://127.0.0.1:7057][total kept alive: 0; route allocated: 1 of 2000; total allocated: 1 of 2000]
DEBUG: org.apache.http.impl.execchain.MainClientExec - Opening connection {}->http://127.0.0.1:7057
DEBUG: org.apache.http.impl.conn.DefaultHttpClientConnectionOperator - Connecting to /127.0.0.1:7057
DEBUG: org.apache.http.impl.conn.DefaultHttpClientConnectionOperator - Connection established 127.0.0.1:60890<->127.0.0.1:7057
DEBUG: org.apache.http.impl.conn.DefaultManagedHttpClientConnection - http-outgoing-159: set socket timeout to 10800000
DEBUG: org.apache.http.impl.execchain.MainClientExec - Executing request POST /hub/session/2ee26769-3d37-b245-8426-d47429148238/element HTTP/1.1
DEBUG: org.apache.http.impl.execchain.MainClientExec - Target auth state: UNCHALLENGED
DEBUG: org.apache.http.impl.execchain.MainClientExec - Proxy auth state: UNCHALLENGED
DEBUG: org.apache.http.headers - http-outgoing-159 >> POST /hub/session/2ee26769-3d37-b245-8426-d47429148238/element HTTP/1.1
DEBUG: org.apache.http.headers - http-outgoing-159 >> Content-Type: application/json; charset=utf-8
DEBUG: org.apache.http.headers - http-outgoing-159 >> Content-Length: 29
DEBUG: org.apache.http.headers - http-outgoing-159 >> Host: 127.0.0.1:7057
DEBUG: org.apache.http.headers - http-outgoing-159 >> Connection: Keep-Alive
DEBUG: org.apache.http.headers - http-outgoing-159 >> User-Agent: Apache-HttpClient/4.5.2 (Java/1.7.0_79)
DEBUG: org.apache.http.headers - http-outgoing-159 >> Accept-Encoding: gzip,deflate
DEBUG: org.apache.http.wire - http-outgoing-159 >> "POST /hub/session/2ee26769-3d37-b245-8426-d47429148238/element HTTP/1.1[\r][\n]"
DEBUG: org.apache.http.wire - http-outgoing-159 >> "Content-Type: application/json; charset=utf-8[\r][\n]"
DEBUG: org.apache.http.wire - http-outgoing-159 >> "Content-Length: 29[\r][\n]"
DEBUG: org.apache.http.wire - http-outgoing-159 >> "Host: 127.0.0.1:7057[\r][\n]"
DEBUG: org.apache.http.wire - http-outgoing-159 >> "Connection: Keep-Alive[\r][\n]"
DEBUG: org.apache.http.wire - http-outgoing-159 >> "User-Agent: Apache-HttpClient/4.5.2 (Java/1.7.0_79)[\r][\n]"
DEBUG: org.apache.http.wire - http-outgoing-159 >> "Accept-Encoding: gzip,deflate[\r][\n]"
DEBUG: org.apache.http.wire - http-outgoing-159 >> "[\r][\n]"
DEBUG: org.apache.http.wire - http-outgoing-159 >> "{"using":"id","value":"name"}"
DEBUG: org.apache.http.wire - http-outgoing-159 << "HTTP/1.1 200 OK[\r][\n]"
DEBUG: org.apache.http.wire - http-outgoing-159 << "content-type: application/json; charset=UTF-8[\r][\n]"
DEBUG: org.apache.http.wire - http-outgoing-159 << "connection: close[\r][\n]"
DEBUG: org.apache.http.wire - http-outgoing-159 << "content-length: 224[\r][\n]"
DEBUG: org.apache.http.wire - http-outgoing-159 << "server: httpd.js[\r][\n]"
DEBUG: org.apache.http.wire - http-outgoing-159 << "date: Fri, 26 Aug 2016 09:42:59 GMT[\r][\n]"
DEBUG: org.apache.http.wire - http-outgoing-159 << "[\r][\n]"
DEBUG: org.apache.http.headers - http-outgoing-159 << HTTP/1.1 200 OK
DEBUG: org.apache.http.headers - http-outgoing-159 << content-type: application/json; charset=UTF-8
DEBUG: org.apache.http.headers - http-outgoing-159 << connection: close
DEBUG: org.apache.http.headers - http-outgoing-159 << content-length: 224
DEBUG: org.apache.http.headers - http-outgoing-159 << server: httpd.js
DEBUG: org.apache.http.headers - http-outgoing-159 << date: Fri, 26 Aug 2016 09:42:59 GMT
DEBUG: org.apache.http.wire - http-outgoing-159 << "{"name":"findElement","sessionId":"2ee26769-3d37-b245-8426-d47429148238","status":0,"value":{"ELEMENT":"{23139b93-b10c-734a-8437-4becbb8c49fb}","element-6066-11e4-a52e-4f735466cecf":"{23139b93-b10c-734a-8437-4becbb8c49fb}"}}"
DEBUG: org.apache.http.impl.conn.DefaultManagedHttpClientConnection - http-outgoing-159: Close connection
DEBUG: org.apache.http.impl.execchain.MainClientExec - Connection discarded
DEBUG: org.apache.http.impl.conn.PoolingHttpClientConnectionManager - Connection released: [id: 159][route: {}->http://127.0.0.1:7057][total kept alive: 0; route allocated: 0 of 2000; total allocated: 0 of 2000]
DEBUG: org.apache.http.client.protocol.RequestAddCookies - CookieSpec selected: default
DEBUG: org.apache.http.client.protocol.RequestAuthCache - Auth cache not set in the context
DEBUG: org.apache.http.impl.conn.PoolingHttpClientConnectionManager - Connection request: [route: {}->http://127.0.0.1:7057][total kept alive: 0; route allocated: 0 of 2000; total allocated: 0 of 2000]
DEBUG: org.apache.http.impl.conn.PoolingHttpClientConnectionManager - Connection leased: [id: 160][route: {}->http://127.0.0.1:7057][total kept alive: 0; route allocated: 1 of 2000; total allocated: 1 of 2000]
DEBUG: org.apache.http.impl.execchain.MainClientExec - Opening connection {}->http://127.0.0.1:7057
DEBUG: org.apache.http.impl.conn.DefaultHttpClientConnectionOperator - Connecting to /127.0.0.1:7057
DEBUG: org.apache.http.impl.conn.DefaultHttpClientConnectionOperator - Connection established 127.0.0.1:60891<->127.0.0.1:7057
DEBUG: org.apache.http.impl.conn.DefaultManagedHttpClientConnection - http-outgoing-160: set socket timeout to 10800000
DEBUG: org.apache.http.impl.execchain.MainClientExec - Executing request POST /hub/session/2ee26769-3d37-b245-8426-d47429148238/element/%7B23139b93-b10c-734a-8437-4becbb8c49fb%7D/clear HTTP/1.1
DEBUG: org.apache.http.impl.execchain.MainClientExec - Target auth state: UNCHALLENGED
DEBUG: org.apache.http.impl.execchain.MainClientExec - Proxy auth state: UNCHALLENGED
DEBUG: org.apache.http.headers - http-outgoing-160 >> POST /hub/session/2ee26769-3d37-b245-8426-d47429148238/element/%7B23139b93-b10c-734a-8437-4becbb8c49fb%7D/clear HTTP/1.1
DEBUG: org.apache.http.headers - http-outgoing-160 >> Content-Type: application/json; charset=utf-8
DEBUG: org.apache.http.headers - http-outgoing-160 >> Content-Length: 47
DEBUG: org.apache.http.headers - http-outgoing-160 >> Host: 127.0.0.1:7057
DEBUG: org.apache.http.headers - http-outgoing-160 >> Connection: Keep-Alive
DEBUG: org.apache.http.headers - http-outgoing-160 >> User-Agent: Apache-HttpClient/4.5.2 (Java/1.7.0_79)
DEBUG: org.apache.http.headers - http-outgoing-160 >> Accept-Encoding: gzip,deflate
DEBUG: org.apache.http.wire - http-outgoing-160 >> "POST /hub/session/2ee26769-3d37-b245-8426-d47429148238/element/%7B23139b93-b10c-734a-8437-4becbb8c49fb%7D/clear HTTP/1.1[\r][\n]"
DEBUG: org.apache.http.wire - http-outgoing-160 >> "Content-Type: application/json; charset=utf-8[\r][\n]"
DEBUG: org.apache.http.wire - http-outgoing-160 >> "Content-Length: 47[\r][\n]"
DEBUG: org.apache.http.wire - http-outgoing-160 >> "Host: 127.0.0.1:7057[\r][\n]"
DEBUG: org.apache.http.wire - http-outgoing-160 >> "Connection: Keep-Alive[\r][\n]"
DEBUG: org.apache.http.wire - http-outgoing-160 >> "User-Agent: Apache-HttpClient/4.5.2 (Java/1.7.0_79)[\r][\n]"
DEBUG: org.apache.http.wire - http-outgoing-160 >> "Accept-Encoding: gzip,deflate[\r][\n]"
DEBUG: org.apache.http.wire - http-outgoing-160 >> "[\r][\n]"
DEBUG: org.apache.http.wire - http-outgoing-160 >> "{"id":"{23139b93-b10c-734a-8437-4becbb8c49fb}"}"
DEBUG: org.apache.http.wire - http-outgoing-160 << "HTTP/1.1 200 OK[\r][\n]"
DEBUG: org.apache.http.wire - http-outgoing-160 << "content-type: application/json; charset=UTF-8[\r][\n]"
DEBUG: org.apache.http.wire - http-outgoing-160 << "connection: close[\r][\n]"
DEBUG: org.apache.http.wire - http-outgoing-160 << "content-length: 96[\r][\n]"
DEBUG: org.apache.http.wire - http-outgoing-160 << "server: httpd.js[\r][\n]"
DEBUG: org.apache.http.wire - http-outgoing-160 << "date: Fri, 26 Aug 2016 09:42:59 GMT[\r][\n]"
DEBUG: org.apache.http.wire - http-outgoing-160 << "[\r][\n]"
DEBUG: org.apache.http.headers - http-outgoing-160 << HTTP/1.1 200 OK
DEBUG: org.apache.http.headers - http-outgoing-160 << content-type: application/json; charset=UTF-8
DEBUG: org.apache.http.headers - http-outgoing-160 << connection: close
DEBUG: org.apache.http.headers - http-outgoing-160 << content-length: 96
DEBUG: org.apache.http.headers - http-outgoing-160 << server: httpd.js
DEBUG: org.apache.http.headers - http-outgoing-160 << date: Fri, 26 Aug 2016 09:42:59 GMT
DEBUG: org.apache.http.wire - http-outgoing-160 << "{"name":"clearElement","sessionId":"2ee26769-3d37-b245-8426-d47429148238","status":0,"value":""}"
DEBUG: org.apache.http.impl.conn.DefaultManagedHttpClientConnection - http-outgoing-160: Close connection
DEBUG: org.apache.http.impl.execchain.MainClientExec - Connection discarded
DEBUG: org.apache.http.impl.conn.PoolingHttpClientConnectionManager - Connection released: [id: 160][route: {}->http://127.0.0.1:7057][total kept alive: 0; route allocated: 0 of 2000; total allocated: 0 of 2000]
DEBUG: org.apache.http.client.protocol.RequestAddCookies - CookieSpec selected: default
DEBUG: org.apache.http.client.protocol.RequestAuthCache - Auth cache not set in the context
DEBUG: org.apache.http.impl.conn.PoolingHttpClientConnectionManager - Connection request: [route: {}->http://127.0.0.1:7057][total kept alive: 0; route allocated: 0 of 2000; total allocated: 0 of 2000]
DEBUG: org.apache.http.impl.conn.PoolingHttpClientConnectionManager - Connection leased: [id: 161][route: {}->http://127.0.0.1:7057][total kept alive: 0; route allocated: 1 of 2000; total allocated: 1 of 2000]
DEBUG: org.apache.http.impl.execchain.MainClientExec - Opening connection {}->http://127.0.0.1:7057
DEBUG: org.apache.http.impl.conn.DefaultHttpClientConnectionOperator - Connecting to /127.0.0.1:7057
DEBUG: org.apache.http.impl.conn.DefaultHttpClientConnectionOperator - Connection established 127.0.0.1:60892<->127.0.0.1:7057
DEBUG: org.apache.http.impl.conn.DefaultManagedHttpClientConnection - http-outgoing-161: set socket timeout to 10800000
DEBUG: org.apache.http.impl.execchain.MainClientExec - Executing request POST /hub/session/2ee26769-3d37-b245-8426-d47429148238/element/%7B23139b93-b10c-734a-8437-4becbb8c49fb%7D/value HTTP/1.1
DEBUG: org.apache.http.impl.execchain.MainClientExec - Target auth state: UNCHALLENGED
DEBUG: org.apache.http.impl.execchain.MainClientExec - Proxy auth state: UNCHALLENGED
DEBUG: org.apache.http.headers - http-outgoing-161 >> POST /hub/session/2ee26769-3d37-b245-8426-d47429148238/element/%7B23139b93-b10c-734a-8437-4becbb8c49fb%7D/value HTTP/1.1
DEBUG: org.apache.http.headers - http-outgoing-161 >> Content-Type: application/json; charset=utf-8
DEBUG: org.apache.http.headers - http-outgoing-161 >> Content-Length: 80
DEBUG: org.apache.http.headers - http-outgoing-161 >> Host: 127.0.0.1:7057
DEBUG: org.apache.http.headers - http-outgoing-161 >> Connection: Keep-Alive
DEBUG: org.apache.http.headers - http-outgoing-161 >> User-Agent: Apache-HttpClient/4.5.2 (Java/1.7.0_79)
DEBUG: org.apache.http.headers - http-outgoing-161 >> Accept-Encoding: gzip,deflate
DEBUG: org.apache.http.wire - http-outgoing-161 >> "POST /hub/session/2ee26769-3d37-b245-8426-d47429148238/element/%7B23139b93-b10c-734a-8437-4becbb8c49fb%7D/value HTTP/1.1[\r][\n]"
DEBUG: org.apache.http.wire - http-outgoing-161 >> "Content-Type: application/json; charset=utf-8[\r][\n]"
DEBUG: org.apache.http.wire - http-outgoing-161 >> "Content-Length: 80[\r][\n]"
DEBUG: org.apache.http.wire - http-outgoing-161 >> "Host: 127.0.0.1:7057[\r][\n]"
DEBUG: org.apache.http.wire - http-outgoing-161 >> "Connection: Keep-Alive[\r][\n]"
DEBUG: org.apache.http.wire - http-outgoing-161 >> "User-Agent: Apache-HttpClient/4.5.2 (Java/1.7.0_79)[\r][\n]"
DEBUG: org.apache.http.wire - http-outgoing-161 >> "Accept-Encoding: gzip,deflate[\r][\n]"
DEBUG: org.apache.http.wire - http-outgoing-161 >> "[\r][\n]"
DEBUG: org.apache.http.wire - http-outgoing-161 >> "{"id":"{23139b93-b10c-734a-8437-4becbb8c49fb}","value":["Simplon Pavo 3 Ultra"]}"
DEBUG: org.apache.http.wire - http-outgoing-161 << "HTTP/1.1 200 OK[\r][\n]"
DEBUG: org.apache.http.wire - http-outgoing-161 << "content-type: application/json; charset=UTF-8[\r][\n]"
DEBUG: org.apache.http.wire - http-outgoing-161 << "connection: close[\r][\n]"
DEBUG: org.apache.http.wire - http-outgoing-161 << "content-length: 101[\r][\n]"
DEBUG: org.apache.http.wire - http-outgoing-161 << "server: httpd.js[\r][\n]"
DEBUG: org.apache.http.wire - http-outgoing-161 << "date: Fri, 26 Aug 2016 09:42:59 GMT[\r][\n]"
DEBUG: org.apache.http.wire - http-outgoing-161 << "[\r][\n]"
DEBUG: org.apache.http.headers - http-outgoing-161 << HTTP/1.1 200 OK
DEBUG: org.apache.http.headers - http-outgoing-161 << content-type: application/json; charset=UTF-8
DEBUG: org.apache.http.headers - http-outgoing-161 << connection: close
DEBUG: org.apache.http.headers - http-outgoing-161 << content-length: 101
DEBUG: org.apache.http.headers - http-outgoing-161 << server: httpd.js
DEBUG: org.apache.http.headers - http-outgoing-161 << date: Fri, 26 Aug 2016 09:42:59 GMT
DEBUG: org.apache.http.wire - http-outgoing-161 << "{"name":"sendKeysToElement","sessionId":"2ee26769-3d37-b245-8426-d47429148238","status":0,"value":""}"
DEBUG: org.apache.http.impl.conn.DefaultManagedHttpClientConnection - http-outgoing-161: Close connection
DEBUG: org.apache.http.impl.execchain.MainClientExec - Connection discarded
DEBUG: org.apache.http.impl.conn.PoolingHttpClientConnectionManager - Connection released: [id: 161][route: {}->http://127.0.0.1:7057][total kept alive: 0; route allocated: 0 of 2000; total allocated: 0 of 2000]
DEBUG: org.apache.http.client.protocol.RequestAddCookies - CookieSpec selected: default
DEBUG: org.apache.http.client.protocol.RequestAuthCache - Auth cache not set in the context
DEBUG: org.apache.http.impl.conn.PoolingHttpClientConnectionManager - Connection request: [route: {}->http://127.0.0.1:7057][total kept alive: 0; route allocated: 0 of 2000; total allocated: 0 of 2000]
DEBUG: org.apache.http.impl.conn.PoolingHttpClientConnectionManager - Connection leased: [id: 162][route: {}->http://127.0.0.1:7057][total kept alive: 0; route allocated: 1 of 2000; total allocated: 1 of 2000]
DEBUG: org.apache.http.impl.execchain.MainClientExec - Opening connection {}->http://127.0.0.1:7057
DEBUG: org.apache.http.impl.conn.DefaultHttpClientConnectionOperator - Connecting to /127.0.0.1:7057
DEBUG: org.apache.http.impl.conn.DefaultHttpClientConnectionOperator - Connection established 127.0.0.1:60893<->127.0.0.1:7057
DEBUG: org.apache.http.impl.conn.DefaultManagedHttpClientConnection - http-outgoing-162: set socket timeout to 10800000
DEBUG: org.apache.http.impl.execchain.MainClientExec - Executing request POST /hub/session/2ee26769-3d37-b245-8426-d47429148238/element HTTP/1.1
DEBUG: org.apache.http.impl.execchain.MainClientExec - Target auth state: UNCHALLENGED
DEBUG: org.apache.http.impl.execchain.MainClientExec - Proxy auth state: UNCHALLENGED
DEBUG: org.apache.http.headers - http-outgoing-162 >> POST /hub/session/2ee26769-3d37-b245-8426-d47429148238/element HTTP/1.1
DEBUG: org.apache.http.headers - http-outgoing-162 >> Content-Type: application/json; charset=utf-8
DEBUG: org.apache.http.headers - http-outgoing-162 >> Content-Length: 30
DEBUG: org.apache.http.headers - http-outgoing-162 >> Host: 127.0.0.1:7057
DEBUG: org.apache.http.headers - http-outgoing-162 >> Connection: Keep-Alive
DEBUG: org.apache.http.headers - http-outgoing-162 >> User-Agent: Apache-HttpClient/4.5.2 (Java/1.7.0_79)
DEBUG: org.apache.http.headers - http-outgoing-162 >> Accept-Encoding: gzip,deflate
DEBUG: org.apache.http.wire - http-outgoing-162 >> "POST /hub/session/2ee26769-3d37-b245-8426-d47429148238/element HTTP/1.1[\r][\n]"
DEBUG: org.apache.http.wire - http-outgoing-162 >> "Content-Type: application/json; charset=utf-8[\r][\n]"
DEBUG: org.apache.http.wire - http-outgoing-162 >> "Content-Length: 30[\r][\n]"
DEBUG: org.apache.http.wire - http-outgoing-162 >> "Host: 127.0.0.1:7057[\r][\n]"
DEBUG: org.apache.http.wire - http-outgoing-162 >> "Connection: Keep-Alive[\r][\n]"
DEBUG: org.apache.http.wire - http-outgoing-162 >> "User-Agent: Apache-HttpClient/4.5.2 (Java/1.7.0_79)[\r][\n]"
DEBUG: org.apache.http.wire - http-outgoing-162 >> "Accept-Encoding: gzip,deflate[\r][\n]"
DEBUG: org.apache.http.wire - http-outgoing-162 >> "[\r][\n]"
DEBUG: org.apache.http.wire - http-outgoing-162 >> "{"using":"id","value":"price"}"
DEBUG: org.apache.http.wire - http-outgoing-162 << "HTTP/1.1 200 OK[\r][\n]"
DEBUG: org.apache.http.wire - http-outgoing-162 << "content-type: application/json; charset=UTF-8[\r][\n]"
DEBUG: org.apache.http.wire - http-outgoing-162 << "connection: close[\r][\n]"
DEBUG: org.apache.http.wire - http-outgoing-162 << "content-length: 224[\r][\n]"
DEBUG: org.apache.http.wire - http-outgoing-162 << "server: httpd.js[\r][\n]"
DEBUG: org.apache.http.wire - http-outgoing-162 << "date: Fri, 26 Aug 2016 09:42:59 GMT[\r][\n]"
DEBUG: org.apache.http.wire - http-outgoing-162 << "[\r][\n]"
DEBUG: org.apache.http.headers - http-outgoing-162 << HTTP/1.1 200 OK
DEBUG: org.apache.http.headers - http-outgoing-162 << content-type: application/json; charset=UTF-8
DEBUG: org.apache.http.headers - http-outgoing-162 << connection: close
DEBUG: org.apache.http.headers - http-outgoing-162 << content-length: 224
DEBUG: org.apache.http.headers - http-outgoing-162 << server: httpd.js
DEBUG: org.apache.http.headers - http-outgoing-162 << date: Fri, 26 Aug 2016 09:42:59 GMT
DEBUG: org.apache.http.wire - http-outgoing-162 << "{"name":"findElement","sessionId":"2ee26769-3d37-b245-8426-d47429148238","status":0,"value":{"ELEMENT":"{3fa648ed-4933-0f4b-839f-52e97b921457}","element-6066-11e4-a52e-4f735466cecf":"{3fa648ed-4933-0f4b-839f-52e97b921457}"}}"
DEBUG: org.apache.http.impl.conn.DefaultManagedHttpClientConnection - http-outgoing-162: Close connection
DEBUG: org.apache.http.impl.execchain.MainClientExec - Connection discarded
DEBUG: org.apache.http.impl.conn.PoolingHttpClientConnectionManager - Connection released: [id: 162][route: {}->http://127.0.0.1:7057][total kept alive: 0; route allocated: 0 of 2000; total allocated: 0 of 2000]
DEBUG: org.apache.http.client.protocol.RequestAddCookies - CookieSpec selected: default
DEBUG: org.apache.http.client.protocol.RequestAuthCache - Auth cache not set in the context
DEBUG: org.apache.http.impl.conn.PoolingHttpClientConnectionManager - Connection request: [route: {}->http://127.0.0.1:7057][total kept alive: 0; route allocated: 0 of 2000; total allocated: 0 of 2000]
DEBUG: org.apache.http.impl.conn.PoolingHttpClientConnectionManager - Connection leased: [id: 163][route: {}->http://127.0.0.1:7057][total kept alive: 0; route allocated: 1 of 2000; total allocated: 1 of 2000]
DEBUG: org.apache.http.impl.execchain.MainClientExec - Opening connection {}->http://127.0.0.1:7057
DEBUG: org.apache.http.impl.conn.DefaultHttpClientConnectionOperator - Connecting to /127.0.0.1:7057
DEBUG: org.apache.http.impl.conn.DefaultHttpClientConnectionOperator - Connection established 127.0.0.1:60894<->127.0.0.1:7057
DEBUG: org.apache.http.impl.conn.DefaultManagedHttpClientConnection - http-outgoing-163: set socket timeout to 10800000
DEBUG: org.apache.http.impl.execchain.MainClientExec - Executing request POST /hub/session/2ee26769-3d37-b245-8426-d47429148238/element/%7B3fa648ed-4933-0f4b-839f-52e97b921457%7D/clear HTTP/1.1
DEBUG: org.apache.http.impl.execchain.MainClientExec - Target auth state: UNCHALLENGED
DEBUG: org.apache.http.impl.execchain.MainClientExec - Proxy auth state: UNCHALLENGED
DEBUG: org.apache.http.headers - http-outgoing-163 >> POST /hub/session/2ee26769-3d37-b245-8426-d47429148238/element/%7B3fa648ed-4933-0f4b-839f-52e97b921457%7D/clear HTTP/1.1
DEBUG: org.apache.http.headers - http-outgoing-163 >> Content-Type: application/json; charset=utf-8
DEBUG: org.apache.http.headers - http-outgoing-163 >> Content-Length: 47
DEBUG: org.apache.http.headers - http-outgoing-163 >> Host: 127.0.0.1:7057
DEBUG: org.apache.http.headers - http-outgoing-163 >> Connection: Keep-Alive
DEBUG: org.apache.http.headers - http-outgoing-163 >> User-Agent: Apache-HttpClient/4.5.2 (Java/1.7.0_79)
DEBUG: org.apache.http.headers - http-outgoing-163 >> Accept-Encoding: gzip,deflate
DEBUG: org.apache.http.wire - http-outgoing-163 >> "POST /hub/session/2ee26769-3d37-b245-8426-d47429148238/element/%7B3fa648ed-4933-0f4b-839f-52e97b921457%7D/clear HTTP/1.1[\r][\n]"
DEBUG: org.apache.http.wire - http-outgoing-163 >> "Content-Type: application/json; charset=utf-8[\r][\n]"
DEBUG: org.apache.http.wire - http-outgoing-163 >> "Content-Length: 47[\r][\n]"
DEBUG: org.apache.http.wire - http-outgoing-163 >> "Host: 127.0.0.1:7057[\r][\n]"
DEBUG: org.apache.http.wire - http-outgoing-163 >> "Connection: Keep-Alive[\r][\n]"
DEBUG: org.apache.http.wire - http-outgoing-163 >> "User-Agent: Apache-HttpClient/4.5.2 (Java/1.7.0_79)[\r][\n]"
DEBUG: org.apache.http.wire - http-outgoing-163 >> "Accept-Encoding: gzip,deflate[\r][\n]"
DEBUG: org.apache.http.wire - http-outgoing-163 >> "[\r][\n]"
DEBUG: org.apache.http.wire - http-outgoing-163 >> "{"id":"{3fa648ed-4933-0f4b-839f-52e97b921457}"}"
DEBUG: org.apache.http.wire - http-outgoing-163 << "HTTP/1.1 200 OK[\r][\n]"
DEBUG: org.apache.http.wire - http-outgoing-163 << "content-type: application/json; charset=UTF-8[\r][\n]"
DEBUG: org.apache.http.wire - http-outgoing-163 << "connection: close[\r][\n]"
DEBUG: org.apache.http.wire - http-outgoing-163 << "content-length: 96[\r][\n]"
DEBUG: org.apache.http.wire - http-outgoing-163 << "server: httpd.js[\r][\n]"
DEBUG: org.apache.http.wire - http-outgoing-163 << "date: Fri, 26 Aug 2016 09:42:59 GMT[\r][\n]"
DEBUG: org.apache.http.wire - http-outgoing-163 << "[\r][\n]"
DEBUG: org.apache.http.headers - http-outgoing-163 << HTTP/1.1 200 OK
DEBUG: org.apache.http.headers - http-outgoing-163 << content-type: application/json; charset=UTF-8
DEBUG: org.apache.http.headers - http-outgoing-163 << connection: close
DEBUG: org.apache.http.headers - http-outgoing-163 << content-length: 96
DEBUG: org.apache.http.headers - http-outgoing-163 << server: httpd.js
DEBUG: org.apache.http.headers - http-outgoing-163 << date: Fri, 26 Aug 2016 09:42:59 GMT
DEBUG: org.apache.http.wire - http-outgoing-163 << "{"name":"clearElement","sessionId":"2ee26769-3d37-b245-8426-d47429148238","status":0,"value":""}"
DEBUG: org.apache.http.impl.conn.DefaultManagedHttpClientConnection - http-outgoing-163: Close connection
DEBUG: org.apache.http.impl.execchain.MainClientExec - Connection discarded
DEBUG: org.apache.http.impl.conn.PoolingHttpClientConnectionManager - Connection released: [id: 163][route: {}->http://127.0.0.1:7057][total kept alive: 0; route allocated: 0 of 2000; total allocated: 0 of 2000]
DEBUG: org.apache.http.client.protocol.RequestAddCookies - CookieSpec selected: default
DEBUG: org.apache.http.client.protocol.RequestAuthCache - Auth cache not set in the context
DEBUG: org.apache.http.impl.conn.PoolingHttpClientConnectionManager - Connection request: [route: {}->http://127.0.0.1:7057][total kept alive: 0; route allocated: 0 of 2000; total allocated: 0 of 2000]
DEBUG: org.apache.http.impl.conn.PoolingHttpClientConnectionManager - Connection leased: [id: 164][route: {}->http://127.0.0.1:7057][total kept alive: 0; route allocated: 1 of 2000; total allocated: 1 of 2000]
DEBUG: org.apache.http.impl.execchain.MainClientExec - Opening connection {}->http://127.0.0.1:7057
DEBUG: org.apache.http.impl.conn.DefaultHttpClientConnectionOperator - Connecting to /127.0.0.1:7057
DEBUG: org.apache.http.impl.conn.DefaultHttpClientConnectionOperator - Connection established 127.0.0.1:60895<->127.0.0.1:7057
DEBUG: org.apache.http.impl.conn.DefaultManagedHttpClientConnection - http-outgoing-164: set socket timeout to 10800000
DEBUG: org.apache.http.impl.execchain.MainClientExec - Executing request POST /hub/session/2ee26769-3d37-b245-8426-d47429148238/element/%7B3fa648ed-4933-0f4b-839f-52e97b921457%7D/value HTTP/1.1
DEBUG: org.apache.http.impl.execchain.MainClientExec - Target auth state: UNCHALLENGED
DEBUG: org.apache.http.impl.execchain.MainClientExec - Proxy auth state: UNCHALLENGED
DEBUG: org.apache.http.headers - http-outgoing-164 >> POST /hub/session/2ee26769-3d37-b245-8426-d47429148238/element/%7B3fa648ed-4933-0f4b-839f-52e97b921457%7D/value HTTP/1.1
DEBUG: org.apache.http.headers - http-outgoing-164 >> Content-Type: application/json; charset=utf-8
DEBUG: org.apache.http.headers - http-outgoing-164 >> Content-Length: 67
DEBUG: org.apache.http.headers - http-outgoing-164 >> Host: 127.0.0.1:7057
DEBUG: org.apache.http.headers - http-outgoing-164 >> Connection: Keep-Alive
DEBUG: org.apache.http.headers - http-outgoing-164 >> User-Agent: Apache-HttpClient/4.5.2 (Java/1.7.0_79)
DEBUG: org.apache.http.headers - http-outgoing-164 >> Accept-Encoding: gzip,deflate
DEBUG: org.apache.http.wire - http-outgoing-164 >> "POST /hub/session/2ee26769-3d37-b245-8426-d47429148238/element/%7B3fa648ed-4933-0f4b-839f-52e97b921457%7D/value HTTP/1.1[\r][\n]"
DEBUG: org.apache.http.wire - http-outgoing-164 >> "Content-Type: application/json; charset=utf-8[\r][\n]"
DEBUG: org.apache.http.wire - http-outgoing-164 >> "Content-Length: 67[\r][\n]"
DEBUG: org.apache.http.wire - http-outgoing-164 >> "Host: 127.0.0.1:7057[\r][\n]"
DEBUG: org.apache.http.wire - http-outgoing-164 >> "Connection: Keep-Alive[\r][\n]"
DEBUG: org.apache.http.wire - http-outgoing-164 >> "User-Agent: Apache-HttpClient/4.5.2 (Java/1.7.0_79)[\r][\n]"
DEBUG: org.apache.http.wire - http-outgoing-164 >> "Accept-Encoding: gzip,deflate[\r][\n]"
DEBUG: org.apache.http.wire - http-outgoing-164 >> "[\r][\n]"
DEBUG: org.apache.http.wire - http-outgoing-164 >> "{"id":"{3fa648ed-4933-0f4b-839f-52e97b921457}","value":["2899.00"]}"
DEBUG: org.apache.http.wire - http-outgoing-164 << "HTTP/1.1 200 OK[\r][\n]"
DEBUG: org.apache.http.wire - http-outgoing-164 << "content-type: application/json; charset=UTF-8[\r][\n]"
DEBUG: org.apache.http.wire - http-outgoing-164 << "connection: close[\r][\n]"
DEBUG: org.apache.http.wire - http-outgoing-164 << "content-length: 101[\r][\n]"
DEBUG: org.apache.http.wire - http-outgoing-164 << "server: httpd.js[\r][\n]"
DEBUG: org.apache.http.wire - http-outgoing-164 << "date: Fri, 26 Aug 2016 09:42:59 GMT[\r][\n]"
DEBUG: org.apache.http.wire - http-outgoing-164 << "[\r][\n]"
DEBUG: org.apache.http.headers - http-outgoing-164 << HTTP/1.1 200 OK
DEBUG: org.apache.http.headers - http-outgoing-164 << content-type: application/json; charset=UTF-8
DEBUG: org.apache.http.headers - http-outgoing-164 << connection: close
DEBUG: org.apache.http.headers - http-outgoing-164 << content-length: 101
DEBUG: org.apache.http.headers - http-outgoing-164 << server: httpd.js
DEBUG: org.apache.http.headers - http-outgoing-164 << date: Fri, 26 Aug 2016 09:42:59 GMT
DEBUG: org.apache.http.wire - http-outgoing-164 << "{"name":"sendKeysToElement","sessionId":"2ee26769-3d37-b245-8426-d47429148238","status":0,"value":""}"
DEBUG: org.apache.http.impl.conn.DefaultManagedHttpClientConnection - http-outgoing-164: Close connection
DEBUG: org.apache.http.impl.execchain.MainClientExec - Connection discarded
DEBUG: org.apache.http.impl.conn.PoolingHttpClientConnectionManager - Connection released: [id: 164][route: {}->http://127.0.0.1:7057][total kept alive: 0; route allocated: 0 of 2000; total allocated: 0 of 2000]
DEBUG: org.apache.http.client.protocol.RequestAddCookies - CookieSpec selected: default
DEBUG: org.apache.http.client.protocol.RequestAuthCache - Auth cache not set in the context
DEBUG: org.apache.http.impl.conn.PoolingHttpClientConnectionManager - Connection request: [route: {}->http://127.0.0.1:7057][total kept alive: 0; route allocated: 0 of 2000; total allocated: 0 of 2000]
DEBUG: org.apache.http.impl.conn.PoolingHttpClientConnectionManager - Connection leased: [id: 165][route: {}->http://127.0.0.1:7057][total kept alive: 0; route allocated: 1 of 2000; total allocated: 1 of 2000]
DEBUG: org.apache.http.impl.execchain.MainClientExec - Opening connection {}->http://127.0.0.1:7057
DEBUG: org.apache.http.impl.conn.DefaultHttpClientConnectionOperator - Connecting to /127.0.0.1:7057
DEBUG: org.apache.http.impl.conn.DefaultHttpClientConnectionOperator - Connection established 127.0.0.1:60896<->127.0.0.1:7057
DEBUG: org.apache.http.impl.conn.DefaultManagedHttpClientConnection - http-outgoing-165: set socket timeout to 10800000
DEBUG: org.apache.http.impl.execchain.MainClientExec - Executing request POST /hub/session/2ee26769-3d37-b245-8426-d47429148238/element HTTP/1.1
DEBUG: org.apache.http.impl.execchain.MainClientExec - Target auth state: UNCHALLENGED
DEBUG: org.apache.http.impl.execchain.MainClientExec - Proxy auth state: UNCHALLENGED
DEBUG: org.apache.http.headers - http-outgoing-165 >> POST /hub/session/2ee26769-3d37-b245-8426-d47429148238/element HTTP/1.1
DEBUG: org.apache.http.headers - http-outgoing-165 >> Content-Type: application/json; charset=utf-8
DEBUG: org.apache.http.headers - http-outgoing-165 >> Content-Length: 29
DEBUG: org.apache.http.headers - http-outgoing-165 >> Host: 127.0.0.1:7057
DEBUG: org.apache.http.headers - http-outgoing-165 >> Connection: Keep-Alive
DEBUG: org.apache.http.headers - http-outgoing-165 >> User-Agent: Apache-HttpClient/4.5.2 (Java/1.7.0_79)
DEBUG: org.apache.http.headers - http-outgoing-165 >> Accept-Encoding: gzip,deflate
DEBUG: org.apache.http.wire - http-outgoing-165 >> "POST /hub/session/2ee26769-3d37-b245-8426-d47429148238/element HTTP/1.1[\r][\n]"
DEBUG: org.apache.http.wire - http-outgoing-165 >> "Content-Type: application/json; charset=utf-8[\r][\n]"
DEBUG: org.apache.http.wire - http-outgoing-165 >> "Content-Length: 29[\r][\n]"
DEBUG: org.apache.http.wire - http-outgoing-165 >> "Host: 127.0.0.1:7057[\r][\n]"
DEBUG: org.apache.http.wire - http-outgoing-165 >> "Connection: Keep-Alive[\r][\n]"
DEBUG: org.apache.http.wire - http-outgoing-165 >> "User-Agent: Apache-HttpClient/4.5.2 (Java/1.7.0_79)[\r][\n]"
DEBUG: org.apache.http.wire - http-outgoing-165 >> "Accept-Encoding: gzip,deflate[\r][\n]"
DEBUG: org.apache.http.wire - http-outgoing-165 >> "[\r][\n]"
DEBUG: org.apache.http.wire - http-outgoing-165 >> "{"using":"id","value":"type"}"
DEBUG: org.apache.http.wire - http-outgoing-165 << "HTTP/1.1 200 OK[\r][\n]"
DEBUG: org.apache.http.wire - http-outgoing-165 << "content-type: application/json; charset=UTF-8[\r][\n]"
DEBUG: org.apache.http.wire - http-outgoing-165 << "connection: close[\r][\n]"
DEBUG: org.apache.http.wire - http-outgoing-165 << "content-length: 224[\r][\n]"
DEBUG: org.apache.http.wire - http-outgoing-165 << "server: httpd.js[\r][\n]"
DEBUG: org.apache.http.wire - http-outgoing-165 << "date: Fri, 26 Aug 2016 09:42:59 GMT[\r][\n]"
DEBUG: org.apache.http.wire - http-outgoing-165 << "[\r][\n]"
DEBUG: org.apache.http.headers - http-outgoing-165 << HTTP/1.1 200 OK
DEBUG: org.apache.http.headers - http-outgoing-165 << content-type: application/json; charset=UTF-8
DEBUG: org.apache.http.headers - http-outgoing-165 << connection: close
DEBUG: org.apache.http.headers - http-outgoing-165 << content-length: 224
DEBUG: org.apache.http.headers - http-outgoing-165 << server: httpd.js
DEBUG: org.apache.http.headers - http-outgoing-165 << date: Fri, 26 Aug 2016 09:42:59 GMT
DEBUG: org.apache.http.wire - http-outgoing-165 << "{"name":"findElement","sessionId":"2ee26769-3d37-b245-8426-d47429148238","status":0,"value":{"ELEMENT":"{32b0abe7-75c2-4c49-bb2a-65e84f057aaa}","element-6066-11e4-a52e-4f735466cecf":"{32b0abe7-75c2-4c49-bb2a-65e84f057aaa}"}}"
DEBUG: org.apache.http.impl.conn.DefaultManagedHttpClientConnection - http-outgoing-165: Close connection
DEBUG: org.apache.http.impl.execchain.MainClientExec - Connection discarded
DEBUG: org.apache.http.impl.conn.PoolingHttpClientConnectionManager - Connection released: [id: 165][route: {}->http://127.0.0.1:7057][total kept alive: 0; route allocated: 0 of 2000; total allocated: 0 of 2000]
DEBUG: org.apache.http.client.protocol.RequestAddCookies - CookieSpec selected: default
DEBUG: org.apache.http.client.protocol.RequestAuthCache - Auth cache not set in the context
DEBUG: org.apache.http.impl.conn.PoolingHttpClientConnectionManager - Connection request: [route: {}->http://127.0.0.1:7057][total kept alive: 0; route allocated: 0 of 2000; total allocated: 0 of 2000]
DEBUG: org.apache.http.impl.conn.PoolingHttpClientConnectionManager - Connection leased: [id: 166][route: {}->http://127.0.0.1:7057][total kept alive: 0; route allocated: 1 of 2000; total allocated: 1 of 2000]
DEBUG: org.apache.http.impl.execchain.MainClientExec - Opening connection {}->http://127.0.0.1:7057
DEBUG: org.apache.http.impl.conn.DefaultHttpClientConnectionOperator - Connecting to /127.0.0.1:7057
DEBUG: org.apache.http.impl.conn.DefaultHttpClientConnectionOperator - Connection established 127.0.0.1:60897<->127.0.0.1:7057
DEBUG: org.apache.http.impl.conn.DefaultManagedHttpClientConnection - http-outgoing-166: set socket timeout to 10800000
DEBUG: org.apache.http.impl.execchain.MainClientExec - Executing request GET /hub/session/2ee26769-3d37-b245-8426-d47429148238/element/%7B32b0abe7-75c2-4c49-bb2a-65e84f057aaa%7D/name HTTP/1.1
DEBUG: org.apache.http.impl.execchain.MainClientExec - Target auth state: UNCHALLENGED
DEBUG: org.apache.http.impl.execchain.MainClientExec - Proxy auth state: UNCHALLENGED
DEBUG: org.apache.http.headers - http-outgoing-166 >> GET /hub/session/2ee26769-3d37-b245-8426-d47429148238/element/%7B32b0abe7-75c2-4c49-bb2a-65e84f057aaa%7D/name HTTP/1.1
DEBUG: org.apache.http.headers - http-outgoing-166 >> Cache-Control: no-cache
DEBUG: org.apache.http.headers - http-outgoing-166 >> Host: 127.0.0.1:7057
DEBUG: org.apache.http.headers - http-outgoing-166 >> Connection: Keep-Alive
DEBUG: org.apache.http.headers - http-outgoing-166 >> User-Agent: Apache-HttpClient/4.5.2 (Java/1.7.0_79)
DEBUG: org.apache.http.headers - http-outgoing-166 >> Accept-Encoding: gzip,deflate
DEBUG: org.apache.http.wire - http-outgoing-166 >> "GET /hub/session/2ee26769-3d37-b245-8426-d47429148238/element/%7B32b0abe7-75c2-4c49-bb2a-65e84f057aaa%7D/name HTTP/1.1[\r][\n]"
DEBUG: org.apache.http.wire - http-outgoing-166 >> "Cache-Control: no-cache[\r][\n]"
DEBUG: org.apache.http.wire - http-outgoing-166 >> "Host: 127.0.0.1:7057[\r][\n]"
DEBUG: org.apache.http.wire - http-outgoing-166 >> "Connection: Keep-Alive[\r][\n]"
DEBUG: org.apache.http.wire - http-outgoing-166 >> "User-Agent: Apache-HttpClient/4.5.2 (Java/1.7.0_79)[\r][\n]"
DEBUG: org.apache.http.wire - http-outgoing-166 >> "Accept-Encoding: gzip,deflate[\r][\n]"
DEBUG: org.apache.http.wire - http-outgoing-166 >> "[\r][\n]"
DEBUG: org.apache.http.wire - http-outgoing-166 << "HTTP/1.1 200 OK[\r][\n]"
DEBUG: org.apache.http.wire - http-outgoing-166 << "content-type: application/json; charset=UTF-8[\r][\n]"
DEBUG: org.apache.http.wire - http-outgoing-166 << "connection: close[\r][\n]"
DEBUG: org.apache.http.wire - http-outgoing-166 << "content-length: 107[\r][\n]"
DEBUG: org.apache.http.wire - http-outgoing-166 << "server: httpd.js[\r][\n]"
DEBUG: org.apache.http.wire - http-outgoing-166 << "date: Fri, 26 Aug 2016 09:42:59 GMT[\r][\n]"
DEBUG: org.apache.http.wire - http-outgoing-166 << "[\r][\n]"
DEBUG: org.apache.http.headers - http-outgoing-166 << HTTP/1.1 200 OK
DEBUG: org.apache.http.headers - http-outgoing-166 << content-type: application/json; charset=UTF-8
DEBUG: org.apache.http.headers - http-outgoing-166 << connection: close
DEBUG: org.apache.http.headers - http-outgoing-166 << content-length: 107
DEBUG: org.apache.http.headers - http-outgoing-166 << server: httpd.js
DEBUG: org.apache.http.headers - http-outgoing-166 << date: Fri, 26 Aug 2016 09:42:59 GMT
DEBUG: org.apache.http.wire - http-outgoing-166 << "{"name":"getElementTagName","sessionId":"2ee26769-3d37-b245-8426-d47429148238","status":0,"value":"select"}"
DEBUG: org.apache.http.impl.conn.DefaultManagedHttpClientConnection - http-outgoing-166: Close connection
DEBUG: org.apache.http.impl.execchain.MainClientExec - Connection discarded
DEBUG: org.apache.http.impl.conn.PoolingHttpClientConnectionManager - Connection released: [id: 166][route: {}->http://127.0.0.1:7057][total kept alive: 0; route allocated: 0 of 2000; total allocated: 0 of 2000]
DEBUG: org.apache.http.client.protocol.RequestAddCookies - CookieSpec selected: default
DEBUG: org.apache.http.client.protocol.RequestAuthCache - Auth cache not set in the context
DEBUG: org.apache.http.impl.conn.PoolingHttpClientConnectionManager - Connection request: [route: {}->http://127.0.0.1:7057][total kept alive: 0; route allocated: 0 of 2000; total allocated: 0 of 2000]
DEBUG: org.apache.http.impl.conn.PoolingHttpClientConnectionManager - Connection leased: [id: 167][route: {}->http://127.0.0.1:7057][total kept alive: 0; route allocated: 1 of 2000; total allocated: 1 of 2000]
DEBUG: org.apache.http.impl.execchain.MainClientExec - Opening connection {}->http://127.0.0.1:7057
DEBUG: org.apache.http.impl.conn.DefaultHttpClientConnectionOperator - Connecting to /127.0.0.1:7057
DEBUG: org.apache.http.impl.conn.DefaultHttpClientConnectionOperator - Connection established 127.0.0.1:60898<->127.0.0.1:7057
DEBUG: org.apache.http.impl.conn.DefaultManagedHttpClientConnection - http-outgoing-167: set socket timeout to 10800000
DEBUG: org.apache.http.impl.execchain.MainClientExec - Executing request GET /hub/session/2ee26769-3d37-b245-8426-d47429148238/element/%7B32b0abe7-75c2-4c49-bb2a-65e84f057aaa%7D/attribute/multiple HTTP/1.1
DEBUG: org.apache.http.impl.execchain.MainClientExec - Target auth state: UNCHALLENGED
DEBUG: org.apache.http.impl.execchain.MainClientExec - Proxy auth state: UNCHALLENGED
DEBUG: org.apache.http.headers - http-outgoing-167 >> GET /hub/session/2ee26769-3d37-b245-8426-d47429148238/element/%7B32b0abe7-75c2-4c49-bb2a-65e84f057aaa%7D/attribute/multiple HTTP/1.1
DEBUG: org.apache.http.headers - http-outgoing-167 >> Cache-Control: no-cache
DEBUG: org.apache.http.headers - http-outgoing-167 >> Host: 127.0.0.1:7057
DEBUG: org.apache.http.headers - http-outgoing-167 >> Connection: Keep-Alive
DEBUG: org.apache.http.headers - http-outgoing-167 >> User-Agent: Apache-HttpClient/4.5.2 (Java/1.7.0_79)
DEBUG: org.apache.http.headers - http-outgoing-167 >> Accept-Encoding: gzip,deflate
DEBUG: org.apache.http.wire - http-outgoing-167 >> "GET /hub/session/2ee26769-3d37-b245-8426-d47429148238/element/%7B32b0abe7-75c2-4c49-bb2a-65e84f057aaa%7D/attribute/multiple HTTP/1.1[\r][\n]"
DEBUG: org.apache.http.wire - http-outgoing-167 >> "Cache-Control: no-cache[\r][\n]"
DEBUG: org.apache.http.wire - http-outgoing-167 >> "Host: 127.0.0.1:7057[\r][\n]"
DEBUG: org.apache.http.wire - http-outgoing-167 >> "Connection: Keep-Alive[\r][\n]"
DEBUG: org.apache.http.wire - http-outgoing-167 >> "User-Agent: Apache-HttpClient/4.5.2 (Java/1.7.0_79)[\r][\n]"
DEBUG: org.apache.http.wire - http-outgoing-167 >> "Accept-Encoding: gzip,deflate[\r][\n]"
DEBUG: org.apache.http.wire - http-outgoing-167 >> "[\r][\n]"
DEBUG: org.apache.http.wire - http-outgoing-167 << "HTTP/1.1 200 OK[\r][\n]"
DEBUG: org.apache.http.wire - http-outgoing-167 << "content-type: application/json; charset=UTF-8[\r][\n]"
DEBUG: org.apache.http.wire - http-outgoing-167 << "connection: close[\r][\n]"
DEBUG: org.apache.http.wire - http-outgoing-167 << "content-length: 105[\r][\n]"
DEBUG: org.apache.http.wire - http-outgoing-167 << "server: httpd.js[\r][\n]"
DEBUG: org.apache.http.wire - http-outgoing-167 << "date: Fri, 26 Aug 2016 09:42:59 GMT[\r][\n]"
DEBUG: org.apache.http.wire - http-outgoing-167 << "[\r][\n]"
DEBUG: org.apache.http.headers - http-outgoing-167 << HTTP/1.1 200 OK
DEBUG: org.apache.http.headers - http-outgoing-167 << content-type: application/json; charset=UTF-8
DEBUG: org.apache.http.headers - http-outgoing-167 << connection: close
DEBUG: org.apache.http.headers - http-outgoing-167 << content-length: 105
DEBUG: org.apache.http.headers - http-outgoing-167 << server: httpd.js
DEBUG: org.apache.http.headers - http-outgoing-167 << date: Fri, 26 Aug 2016 09:42:59 GMT
DEBUG: org.apache.http.wire - http-outgoing-167 << "{"name":"getElementAttribute","sessionId":"2ee26769-3d37-b245-8426-d47429148238","status":0,"value":null}"
DEBUG: org.apache.http.impl.conn.DefaultManagedHttpClientConnection - http-outgoing-167: Close connection
DEBUG: org.apache.http.impl.execchain.MainClientExec - Connection discarded
DEBUG: org.apache.http.impl.conn.PoolingHttpClientConnectionManager - Connection released: [id: 167][route: {}->http://127.0.0.1:7057][total kept alive: 0; route allocated: 0 of 2000; total allocated: 0 of 2000]
DEBUG: org.apache.http.client.protocol.RequestAddCookies - CookieSpec selected: default
DEBUG: org.apache.http.client.protocol.RequestAuthCache - Auth cache not set in the context
DEBUG: org.apache.http.impl.conn.PoolingHttpClientConnectionManager - Connection request: [route: {}->http://127.0.0.1:7057][total kept alive: 0; route allocated: 0 of 2000; total allocated: 0 of 2000]
DEBUG: org.apache.http.impl.conn.PoolingHttpClientConnectionManager - Connection leased: [id: 168][route: {}->http://127.0.0.1:7057][total kept alive: 0; route allocated: 1 of 2000; total allocated: 1 of 2000]
DEBUG: org.apache.http.impl.execchain.MainClientExec - Opening connection {}->http://127.0.0.1:7057
DEBUG: org.apache.http.impl.conn.DefaultHttpClientConnectionOperator - Connecting to /127.0.0.1:7057
DEBUG: org.apache.http.impl.conn.DefaultHttpClientConnectionOperator - Connection established 127.0.0.1:60899<->127.0.0.1:7057
DEBUG: org.apache.http.impl.conn.DefaultManagedHttpClientConnection - http-outgoing-168: set socket timeout to 10800000
DEBUG: org.apache.http.impl.execchain.MainClientExec - Executing request POST /hub/session/2ee26769-3d37-b245-8426-d47429148238/element/%7B32b0abe7-75c2-4c49-bb2a-65e84f057aaa%7D/elements HTTP/1.1
DEBUG: org.apache.http.impl.execchain.MainClientExec - Target auth state: UNCHALLENGED
DEBUG: org.apache.http.impl.execchain.MainClientExec - Proxy auth state: UNCHALLENGED
DEBUG: org.apache.http.headers - http-outgoing-168 >> POST /hub/session/2ee26769-3d37-b245-8426-d47429148238/element/%7B32b0abe7-75c2-4c49-bb2a-65e84f057aaa%7D/elements HTTP/1.1
DEBUG: org.apache.http.headers - http-outgoing-168 >> Content-Type: application/json; charset=utf-8
DEBUG: org.apache.http.headers - http-outgoing-168 >> Content-Length: 115
DEBUG: org.apache.http.headers - http-outgoing-168 >> Host: 127.0.0.1:7057
DEBUG: org.apache.http.headers - http-outgoing-168 >> Connection: Keep-Alive
DEBUG: org.apache.http.headers - http-outgoing-168 >> User-Agent: Apache-HttpClient/4.5.2 (Java/1.7.0_79)
DEBUG: org.apache.http.headers - http-outgoing-168 >> Accept-Encoding: gzip,deflate
DEBUG: org.apache.http.wire - http-outgoing-168 >> "POST /hub/session/2ee26769-3d37-b245-8426-d47429148238/element/%7B32b0abe7-75c2-4c49-bb2a-65e84f057aaa%7D/elements HTTP/1.1[\r][\n]"
DEBUG: org.apache.http.wire - http-outgoing-168 >> "Content-Type: application/json; charset=utf-8[\r][\n]"
DEBUG: org.apache.http.wire - http-outgoing-168 >> "Content-Length: 115[\r][\n]"
DEBUG: org.apache.http.wire - http-outgoing-168 >> "Host: 127.0.0.1:7057[\r][\n]"
DEBUG: org.apache.http.wire - http-outgoing-168 >> "Connection: Keep-Alive[\r][\n]"
DEBUG: org.apache.http.wire - http-outgoing-168 >> "User-Agent: Apache-HttpClient/4.5.2 (Java/1.7.0_79)[\r][\n]"
DEBUG: org.apache.http.wire - http-outgoing-168 >> "Accept-Encoding: gzip,deflate[\r][\n]"
DEBUG: org.apache.http.wire - http-outgoing-168 >> "[\r][\n]"
DEBUG: org.apache.http.wire - http-outgoing-168 >> "{"id":"{32b0abe7-75c2-4c49-bb2a-65e84f057aaa}","using":"xpath","value":".//option[normalize-space(.) = \"FRAME\"]"}"
DEBUG: org.apache.http.wire - http-outgoing-168 << "HTTP/1.1 200 OK[\r][\n]"
DEBUG: org.apache.http.wire - http-outgoing-168 << "content-type: application/json; charset=UTF-8[\r][\n]"
DEBUG: org.apache.http.wire - http-outgoing-168 << "connection: close[\r][\n]"
DEBUG: org.apache.http.wire - http-outgoing-168 << "content-length: 232[\r][\n]"
DEBUG: org.apache.http.wire - http-outgoing-168 << "server: httpd.js[\r][\n]"
DEBUG: org.apache.http.wire - http-outgoing-168 << "date: Fri, 26 Aug 2016 09:42:59 GMT[\r][\n]"
DEBUG: org.apache.http.wire - http-outgoing-168 << "[\r][\n]"
DEBUG: org.apache.http.headers - http-outgoing-168 << HTTP/1.1 200 OK
DEBUG: org.apache.http.headers - http-outgoing-168 << content-type: application/json; charset=UTF-8
DEBUG: org.apache.http.headers - http-outgoing-168 << connection: close
DEBUG: org.apache.http.headers - http-outgoing-168 << content-length: 232
DEBUG: org.apache.http.headers - http-outgoing-168 << server: httpd.js
DEBUG: org.apache.http.headers - http-outgoing-168 << date: Fri, 26 Aug 2016 09:42:59 GMT
DEBUG: org.apache.http.wire - http-outgoing-168 << "{"name":"findChildElements","sessionId":"2ee26769-3d37-b245-8426-d47429148238","status":0,"value":[{"ELEMENT":"{6220d962-52bf-ca47-8711-e23262d612d5}","element-6066-11e4-a52e-4f735466cecf":"{6220d962-52bf-ca47-8711-e23262d612d5}"}]}"
DEBUG: org.apache.http.impl.conn.DefaultManagedHttpClientConnection - http-outgoing-168: Close connection
DEBUG: org.apache.http.impl.execchain.MainClientExec - Connection discarded
DEBUG: org.apache.http.impl.conn.PoolingHttpClientConnectionManager - Connection released: [id: 168][route: {}->http://127.0.0.1:7057][total kept alive: 0; route allocated: 0 of 2000; total allocated: 0 of 2000]
DEBUG: org.apache.http.client.protocol.RequestAddCookies - CookieSpec selected: default
DEBUG: org.apache.http.client.protocol.RequestAuthCache - Auth cache not set in the context
DEBUG: org.apache.http.impl.conn.PoolingHttpClientConnectionManager - Connection request: [route: {}->http://127.0.0.1:7057][total kept alive: 0; route allocated: 0 of 2000; total allocated: 0 of 2000]
DEBUG: org.apache.http.impl.conn.PoolingHttpClientConnectionManager - Connection leased: [id: 169][route: {}->http://127.0.0.1:7057][total kept alive: 0; route allocated: 1 of 2000; total allocated: 1 of 2000]
DEBUG: org.apache.http.impl.execchain.MainClientExec - Opening connection {}->http://127.0.0.1:7057
DEBUG: org.apache.http.impl.conn.DefaultHttpClientConnectionOperator - Connecting to /127.0.0.1:7057
DEBUG: org.apache.http.impl.conn.DefaultHttpClientConnectionOperator - Connection established 127.0.0.1:60900<->127.0.0.1:7057
DEBUG: org.apache.http.impl.conn.DefaultManagedHttpClientConnection - http-outgoing-169: set socket timeout to 10800000
DEBUG: org.apache.http.impl.execchain.MainClientExec - Executing request GET /hub/session/2ee26769-3d37-b245-8426-d47429148238/element/%7B6220d962-52bf-ca47-8711-e23262d612d5%7D/selected HTTP/1.1
DEBUG: org.apache.http.impl.execchain.MainClientExec - Target auth state: UNCHALLENGED
DEBUG: org.apache.http.impl.execchain.MainClientExec - Proxy auth state: UNCHALLENGED
DEBUG: org.apache.http.headers - http-outgoing-169 >> GET /hub/session/2ee26769-3d37-b245-8426-d47429148238/element/%7B6220d962-52bf-ca47-8711-e23262d612d5%7D/selected HTTP/1.1
DEBUG: org.apache.http.headers - http-outgoing-169 >> Cache-Control: no-cache
DEBUG: org.apache.http.headers - http-outgoing-169 >> Host: 127.0.0.1:7057
DEBUG: org.apache.http.headers - http-outgoing-169 >> Connection: Keep-Alive
DEBUG: org.apache.http.headers - http-outgoing-169 >> User-Agent: Apache-HttpClient/4.5.2 (Java/1.7.0_79)
DEBUG: org.apache.http.headers - http-outgoing-169 >> Accept-Encoding: gzip,deflate
DEBUG: org.apache.http.wire - http-outgoing-169 >> "GET /hub/session/2ee26769-3d37-b245-8426-d47429148238/element/%7B6220d962-52bf-ca47-8711-e23262d612d5%7D/selected HTTP/1.1[\r][\n]"
DEBUG: org.apache.http.wire - http-outgoing-169 >> "Cache-Control: no-cache[\r][\n]"
DEBUG: org.apache.http.wire - http-outgoing-169 >> "Host: 127.0.0.1:7057[\r][\n]"
DEBUG: org.apache.http.wire - http-outgoing-169 >> "Connection: Keep-Alive[\r][\n]"
DEBUG: org.apache.http.wire - http-outgoing-169 >> "User-Agent: Apache-HttpClient/4.5.2 (Java/1.7.0_79)[\r][\n]"
DEBUG: org.apache.http.wire - http-outgoing-169 >> "Accept-Encoding: gzip,deflate[\r][\n]"
DEBUG: org.apache.http.wire - http-outgoing-169 >> "[\r][\n]"
DEBUG: org.apache.http.wire - http-outgoing-169 << "HTTP/1.1 200 OK[\r][\n]"
DEBUG: org.apache.http.wire - http-outgoing-169 << "content-type: application/json; charset=UTF-8[\r][\n]"
DEBUG: org.apache.http.wire - http-outgoing-169 << "connection: close[\r][\n]"
DEBUG: org.apache.http.wire - http-outgoing-169 << "content-length: 103[\r][\n]"
DEBUG: org.apache.http.wire - http-outgoing-169 << "server: httpd.js[\r][\n]"
DEBUG: org.apache.http.wire - http-outgoing-169 << "date: Fri, 26 Aug 2016 09:42:59 GMT[\r][\n]"
DEBUG: org.apache.http.wire - http-outgoing-169 << "[\r][\n]"
DEBUG: org.apache.http.headers - http-outgoing-169 << HTTP/1.1 200 OK
DEBUG: org.apache.http.headers - http-outgoing-169 << content-type: application/json; charset=UTF-8
DEBUG: org.apache.http.headers - http-outgoing-169 << connection: close
DEBUG: org.apache.http.headers - http-outgoing-169 << content-length: 103
DEBUG: org.apache.http.headers - http-outgoing-169 << server: httpd.js
DEBUG: org.apache.http.headers - http-outgoing-169 << date: Fri, 26 Aug 2016 09:42:59 GMT
DEBUG: org.apache.http.wire - http-outgoing-169 << "{"name":"isElementSelected","sessionId":"2ee26769-3d37-b245-8426-d47429148238","status":0,"value":true}"
DEBUG: org.apache.http.impl.conn.DefaultManagedHttpClientConnection - http-outgoing-169: Close connection
DEBUG: org.apache.http.impl.execchain.MainClientExec - Connection discarded
DEBUG: org.apache.http.impl.conn.PoolingHttpClientConnectionManager - Connection released: [id: 169][route: {}->http://127.0.0.1:7057][total kept alive: 0; route allocated: 0 of 2000; total allocated: 0 of 2000]
DEBUG: org.apache.http.client.protocol.RequestAddCookies - CookieSpec selected: default
DEBUG: org.apache.http.client.protocol.RequestAuthCache - Auth cache not set in the context
DEBUG: org.apache.http.impl.conn.PoolingHttpClientConnectionManager - Connection request: [route: {}->http://127.0.0.1:7057][total kept alive: 0; route allocated: 0 of 2000; total allocated: 0 of 2000]
DEBUG: org.apache.http.impl.conn.PoolingHttpClientConnectionManager - Connection leased: [id: 170][route: {}->http://127.0.0.1:7057][total kept alive: 0; route allocated: 1 of 2000; total allocated: 1 of 2000]
DEBUG: org.apache.http.impl.execchain.MainClientExec - Opening connection {}->http://127.0.0.1:7057
DEBUG: org.apache.http.impl.conn.DefaultHttpClientConnectionOperator - Connecting to /127.0.0.1:7057
DEBUG: org.apache.http.impl.conn.DefaultHttpClientConnectionOperator - Connection established 127.0.0.1:60901<->127.0.0.1:7057
DEBUG: org.apache.http.impl.conn.DefaultManagedHttpClientConnection - http-outgoing-170: set socket timeout to 10800000
DEBUG: org.apache.http.impl.execchain.MainClientExec - Executing request POST /hub/session/2ee26769-3d37-b245-8426-d47429148238/element HTTP/1.1
DEBUG: org.apache.http.impl.execchain.MainClientExec - Target auth state: UNCHALLENGED
DEBUG: org.apache.http.impl.execchain.MainClientExec - Proxy auth state: UNCHALLENGED
DEBUG: org.apache.http.headers - http-outgoing-170 >> POST /hub/session/2ee26769-3d37-b245-8426-d47429148238/element HTTP/1.1
DEBUG: org.apache.http.headers - http-outgoing-170 >> Content-Type: application/json; charset=utf-8
DEBUG: org.apache.http.headers - http-outgoing-170 >> Content-Length: 36
DEBUG: org.apache.http.headers - http-outgoing-170 >> Host: 127.0.0.1:7057
DEBUG: org.apache.http.headers - http-outgoing-170 >> Connection: Keep-Alive
DEBUG: org.apache.http.headers - http-outgoing-170 >> User-Agent: Apache-HttpClient/4.5.2 (Java/1.7.0_79)
DEBUG: org.apache.http.headers - http-outgoing-170 >> Accept-Encoding: gzip,deflate
DEBUG: org.apache.http.wire - http-outgoing-170 >> "POST /hub/session/2ee26769-3d37-b245-8426-d47429148238/element HTTP/1.1[\r][\n]"
DEBUG: org.apache.http.wire - http-outgoing-170 >> "Content-Type: application/json; charset=utf-8[\r][\n]"
DEBUG: org.apache.http.wire - http-outgoing-170 >> "Content-Length: 36[\r][\n]"
DEBUG: org.apache.http.wire - http-outgoing-170 >> "Host: 127.0.0.1:7057[\r][\n]"
DEBUG: org.apache.http.wire - http-outgoing-170 >> "Connection: Keep-Alive[\r][\n]"
DEBUG: org.apache.http.wire - http-outgoing-170 >> "User-Agent: Apache-HttpClient/4.5.2 (Java/1.7.0_79)[\r][\n]"
DEBUG: org.apache.http.wire - http-outgoing-170 >> "Accept-Encoding: gzip,deflate[\r][\n]"
DEBUG: org.apache.http.wire - http-outgoing-170 >> "[\r][\n]"
DEBUG: org.apache.http.wire - http-outgoing-170 >> "{"using":"id","value":"description"}"
DEBUG: org.apache.http.wire - http-outgoing-170 << "HTTP/1.1 200 OK[\r][\n]"
DEBUG: org.apache.http.wire - http-outgoing-170 << "content-type: application/json; charset=UTF-8[\r][\n]"
DEBUG: org.apache.http.wire - http-outgoing-170 << "connection: close[\r][\n]"
DEBUG: org.apache.http.wire - http-outgoing-170 << "content-length: 224[\r][\n]"
DEBUG: org.apache.http.wire - http-outgoing-170 << "server: httpd.js[\r][\n]"
DEBUG: org.apache.http.wire - http-outgoing-170 << "date: Fri, 26 Aug 2016 09:42:59 GMT[\r][\n]"
DEBUG: org.apache.http.wire - http-outgoing-170 << "[\r][\n]"
DEBUG: org.apache.http.headers - http-outgoing-170 << HTTP/1.1 200 OK
DEBUG: org.apache.http.headers - http-outgoing-170 << content-type: application/json; charset=UTF-8
DEBUG: org.apache.http.headers - http-outgoing-170 << connection: close
DEBUG: org.apache.http.headers - http-outgoing-170 << content-length: 224
DEBUG: org.apache.http.headers - http-outgoing-170 << server: httpd.js
DEBUG: org.apache.http.headers - http-outgoing-170 << date: Fri, 26 Aug 2016 09:42:59 GMT
DEBUG: org.apache.http.wire - http-outgoing-170 << "{"name":"findElement","sessionId":"2ee26769-3d37-b245-8426-d47429148238","status":0,"value":{"ELEMENT":"{67f1bacd-d854-2549-8d43-a7658bbbaf54}","element-6066-11e4-a52e-4f735466cecf":"{67f1bacd-d854-2549-8d43-a7658bbbaf54}"}}"
DEBUG: org.apache.http.impl.conn.DefaultManagedHttpClientConnection - http-outgoing-170: Close connection
DEBUG: org.apache.http.impl.execchain.MainClientExec - Connection discarded
DEBUG: org.apache.http.impl.conn.PoolingHttpClientConnectionManager - Connection released: [id: 170][route: {}->http://127.0.0.1:7057][total kept alive: 0; route allocated: 0 of 2000; total allocated: 0 of 2000]
DEBUG: org.apache.http.client.protocol.RequestAddCookies - CookieSpec selected: default
DEBUG: org.apache.http.client.protocol.RequestAuthCache - Auth cache not set in the context
DEBUG: org.apache.http.impl.conn.PoolingHttpClientConnectionManager - Connection request: [route: {}->http://127.0.0.1:7057][total kept alive: 0; route allocated: 0 of 2000; total allocated: 0 of 2000]
DEBUG: org.apache.http.impl.conn.PoolingHttpClientConnectionManager - Connection leased: [id: 171][route: {}->http://127.0.0.1:7057][total kept alive: 0; route allocated: 1 of 2000; total allocated: 1 of 2000]
DEBUG: org.apache.http.impl.execchain.MainClientExec - Opening connection {}->http://127.0.0.1:7057
DEBUG: org.apache.http.impl.conn.DefaultHttpClientConnectionOperator - Connecting to /127.0.0.1:7057
DEBUG: org.apache.http.impl.conn.DefaultHttpClientConnectionOperator - Connection established 127.0.0.1:60902<->127.0.0.1:7057
DEBUG: org.apache.http.impl.conn.DefaultManagedHttpClientConnection - http-outgoing-171: set socket timeout to 10800000
DEBUG: org.apache.http.impl.execchain.MainClientExec - Executing request POST /hub/session/2ee26769-3d37-b245-8426-d47429148238/element/%7B67f1bacd-d854-2549-8d43-a7658bbbaf54%7D/clear HTTP/1.1
DEBUG: org.apache.http.impl.execchain.MainClientExec - Target auth state: UNCHALLENGED
DEBUG: org.apache.http.impl.execchain.MainClientExec - Proxy auth state: UNCHALLENGED
DEBUG: org.apache.http.headers - http-outgoing-171 >> POST /hub/session/2ee26769-3d37-b245-8426-d47429148238/element/%7B67f1bacd-d854-2549-8d43-a7658bbbaf54%7D/clear HTTP/1.1
DEBUG: org.apache.http.headers - http-outgoing-171 >> Content-Type: application/json; charset=utf-8
DEBUG: org.apache.http.headers - http-outgoing-171 >> Content-Length: 47
DEBUG: org.apache.http.headers - http-outgoing-171 >> Host: 127.0.0.1:7057
DEBUG: org.apache.http.headers - http-outgoing-171 >> Connection: Keep-Alive
DEBUG: org.apache.http.headers - http-outgoing-171 >> User-Agent: Apache-HttpClient/4.5.2 (Java/1.7.0_79)
DEBUG: org.apache.http.headers - http-outgoing-171 >> Accept-Encoding: gzip,deflate
DEBUG: org.apache.http.wire - http-outgoing-171 >> "POST /hub/session/2ee26769-3d37-b245-8426-d47429148238/element/%7B67f1bacd-d854-2549-8d43-a7658bbbaf54%7D/clear HTTP/1.1[\r][\n]"
DEBUG: org.apache.http.wire - http-outgoing-171 >> "Content-Type: application/json; charset=utf-8[\r][\n]"
DEBUG: org.apache.http.wire - http-outgoing-171 >> "Content-Length: 47[\r][\n]"
DEBUG: org.apache.http.wire - http-outgoing-171 >> "Host: 127.0.0.1:7057[\r][\n]"
DEBUG: org.apache.http.wire - http-outgoing-171 >> "Connection: Keep-Alive[\r][\n]"
DEBUG: org.apache.http.wire - http-outgoing-171 >> "User-Agent: Apache-HttpClient/4.5.2 (Java/1.7.0_79)[\r][\n]"
DEBUG: org.apache.http.wire - http-outgoing-171 >> "Accept-Encoding: gzip,deflate[\r][\n]"
DEBUG: org.apache.http.wire - http-outgoing-171 >> "[\r][\n]"
DEBUG: org.apache.http.wire - http-outgoing-171 >> "{"id":"{67f1bacd-d854-2549-8d43-a7658bbbaf54}"}"
DEBUG: org.apache.http.wire - http-outgoing-171 << "HTTP/1.1 200 OK[\r][\n]"
DEBUG: org.apache.http.wire - http-outgoing-171 << "content-type: application/json; charset=UTF-8[\r][\n]"
DEBUG: org.apache.http.wire - http-outgoing-171 << "connection: close[\r][\n]"
DEBUG: org.apache.http.wire - http-outgoing-171 << "content-length: 96[\r][\n]"
DEBUG: org.apache.http.wire - http-outgoing-171 << "server: httpd.js[\r][\n]"
DEBUG: org.apache.http.wire - http-outgoing-171 << "date: Fri, 26 Aug 2016 09:42:59 GMT[\r][\n]"
DEBUG: org.apache.http.wire - http-outgoing-171 << "[\r][\n]"
DEBUG: org.apache.http.headers - http-outgoing-171 << HTTP/1.1 200 OK
DEBUG: org.apache.http.headers - http-outgoing-171 << content-type: application/json; charset=UTF-8
DEBUG: org.apache.http.headers - http-outgoing-171 << connection: close
DEBUG: org.apache.http.headers - http-outgoing-171 << content-length: 96
DEBUG: org.apache.http.headers - http-outgoing-171 << server: httpd.js
DEBUG: org.apache.http.headers - http-outgoing-171 << date: Fri, 26 Aug 2016 09:42:59 GMT
DEBUG: org.apache.http.wire - http-outgoing-171 << "{"name":"clearElement","sessionId":"2ee26769-3d37-b245-8426-d47429148238","status":0,"value":""}"
DEBUG: org.apache.http.impl.conn.DefaultManagedHttpClientConnection - http-outgoing-171: Close connection
DEBUG: org.apache.http.impl.execchain.MainClientExec - Connection discarded
DEBUG: org.apache.http.impl.conn.PoolingHttpClientConnectionManager - Connection released: [id: 171][route: {}->http://127.0.0.1:7057][total kept alive: 0; route allocated: 0 of 2000; total allocated: 0 of 2000]
DEBUG: org.apache.http.client.protocol.RequestAddCookies - CookieSpec selected: default
DEBUG: org.apache.http.client.protocol.RequestAuthCache - Auth cache not set in the context
DEBUG: org.apache.http.impl.conn.PoolingHttpClientConnectionManager - Connection request: [route: {}->http://127.0.0.1:7057][total kept alive: 0; route allocated: 0 of 2000; total allocated: 0 of 2000]
DEBUG: org.apache.http.impl.conn.PoolingHttpClientConnectionManager - Connection leased: [id: 172][route: {}->http://127.0.0.1:7057][total kept alive: 0; route allocated: 1 of 2000; total allocated: 1 of 2000]
DEBUG: org.apache.http.impl.execchain.MainClientExec - Opening connection {}->http://127.0.0.1:7057
DEBUG: org.apache.http.impl.conn.DefaultHttpClientConnectionOperator - Connecting to /127.0.0.1:7057
DEBUG: org.apache.http.impl.conn.DefaultHttpClientConnectionOperator - Connection established 127.0.0.1:60903<->127.0.0.1:7057
DEBUG: org.apache.http.impl.conn.DefaultManagedHttpClientConnection - http-outgoing-172: set socket timeout to 10800000
DEBUG: org.apache.http.impl.execchain.MainClientExec - Executing request POST /hub/session/2ee26769-3d37-b245-8426-d47429148238/element/%7B67f1bacd-d854-2549-8d43-a7658bbbaf54%7D/value HTTP/1.1
DEBUG: org.apache.http.impl.execchain.MainClientExec - Target auth state: UNCHALLENGED
DEBUG: org.apache.http.impl.execchain.MainClientExec - Proxy auth state: UNCHALLENGED
DEBUG: org.apache.http.headers - http-outgoing-172 >> POST /hub/session/2ee26769-3d37-b245-8426-d47429148238/element/%7B67f1bacd-d854-2549-8d43-a7658bbbaf54%7D/value HTTP/1.1
DEBUG: org.apache.http.headers - http-outgoing-172 >> Content-Type: application/json; charset=utf-8
DEBUG: org.apache.http.headers - http-outgoing-172 >> Content-Length: 104
DEBUG: org.apache.http.headers - http-outgoing-172 >> Host: 127.0.0.1:7057
DEBUG: org.apache.http.headers - http-outgoing-172 >> Connection: Keep-Alive
DEBUG: org.apache.http.headers - http-outgoing-172 >> User-Agent: Apache-HttpClient/4.5.2 (Java/1.7.0_79)
DEBUG: org.apache.http.headers - http-outgoing-172 >> Accept-Encoding: gzip,deflate
DEBUG: org.apache.http.wire - http-outgoing-172 >> "POST /hub/session/2ee26769-3d37-b245-8426-d47429148238/element/%7B67f1bacd-d854-2549-8d43-a7658bbbaf54%7D/value HTTP/1.1[\r][\n]"
DEBUG: org.apache.http.wire - http-outgoing-172 >> "Content-Type: application/json; charset=utf-8[\r][\n]"
DEBUG: org.apache.http.wire - http-outgoing-172 >> "Content-Length: 104[\r][\n]"
DEBUG: org.apache.http.wire - http-outgoing-172 >> "Host: 127.0.0.1:7057[\r][\n]"
DEBUG: org.apache.http.wire - http-outgoing-172 >> "Connection: Keep-Alive[\r][\n]"
DEBUG: org.apache.http.wire - http-outgoing-172 >> "User-Agent: Apache-HttpClient/4.5.2 (Java/1.7.0_79)[\r][\n]"
DEBUG: org.apache.http.wire - http-outgoing-172 >> "Accept-Encoding: gzip,deflate[\r][\n]"
DEBUG: org.apache.http.wire - http-outgoing-172 >> "[\r][\n]"
DEBUG: org.apache.http.wire - http-outgoing-172 >> "{"id":"{67f1bacd-d854-2549-8d43-a7658bbbaf54}","value":["4 x red, curved Arrow shape, screw fastening"]}"
DEBUG: org.apache.http.wire - http-outgoing-172 << "HTTP/1.1 200 OK[\r][\n]"
DEBUG: org.apache.http.wire - http-outgoing-172 << "content-type: application/json; charset=UTF-8[\r][\n]"
DEBUG: org.apache.http.wire - http-outgoing-172 << "connection: close[\r][\n]"
DEBUG: org.apache.http.wire - http-outgoing-172 << "content-length: 101[\r][\n]"
DEBUG: org.apache.http.wire - http-outgoing-172 << "server: httpd.js[\r][\n]"
DEBUG: org.apache.http.wire - http-outgoing-172 << "date: Fri, 26 Aug 2016 09:42:59 GMT[\r][\n]"
DEBUG: org.apache.http.wire - http-outgoing-172 << "[\r][\n]"
DEBUG: org.apache.http.headers - http-outgoing-172 << HTTP/1.1 200 OK
DEBUG: org.apache.http.headers - http-outgoing-172 << content-type: application/json; charset=UTF-8
DEBUG: org.apache.http.headers - http-outgoing-172 << connection: close
DEBUG: org.apache.http.headers - http-outgoing-172 << content-length: 101
DEBUG: org.apache.http.headers - http-outgoing-172 << server: httpd.js
DEBUG: org.apache.http.headers - http-outgoing-172 << date: Fri, 26 Aug 2016 09:42:59 GMT
DEBUG: org.apache.http.wire - http-outgoing-172 << "{"name":"sendKeysToElement","sessionId":"2ee26769-3d37-b245-8426-d47429148238","status":0,"value":""}"
DEBUG: org.apache.http.impl.conn.DefaultManagedHttpClientConnection - http-outgoing-172: Close connection
DEBUG: org.apache.http.impl.execchain.MainClientExec - Connection discarded
DEBUG: org.apache.http.impl.conn.PoolingHttpClientConnectionManager - Connection released: [id: 172][route: {}->http://127.0.0.1:7057][total kept alive: 0; route allocated: 0 of 2000; total allocated: 0 of 2000]
DEBUG: org.apache.http.client.protocol.RequestAddCookies - CookieSpec selected: default
DEBUG: org.apache.http.client.protocol.RequestAuthCache - Auth cache not set in the context
DEBUG: org.apache.http.impl.conn.PoolingHttpClientConnectionManager - Connection request: [route: {}->http://127.0.0.1:7057][total kept alive: 0; route allocated: 0 of 2000; total allocated: 0 of 2000]
DEBUG: org.apache.http.impl.conn.PoolingHttpClientConnectionManager - Connection leased: [id: 173][route: {}->http://127.0.0.1:7057][total kept alive: 0; route allocated: 1 of 2000; total allocated: 1 of 2000]
DEBUG: org.apache.http.impl.execchain.MainClientExec - Opening connection {}->http://127.0.0.1:7057
DEBUG: org.apache.http.impl.conn.DefaultHttpClientConnectionOperator - Connecting to /127.0.0.1:7057
DEBUG: org.apache.http.impl.conn.DefaultHttpClientConnectionOperator - Connection established 127.0.0.1:60904<->127.0.0.1:7057
DEBUG: org.apache.http.impl.conn.DefaultManagedHttpClientConnection - http-outgoing-173: set socket timeout to 10800000
DEBUG: org.apache.http.impl.execchain.MainClientExec - Executing request POST /hub/session/2ee26769-3d37-b245-8426-d47429148238/element HTTP/1.1
DEBUG: org.apache.http.impl.execchain.MainClientExec - Target auth state: UNCHALLENGED
DEBUG: org.apache.http.impl.execchain.MainClientExec - Proxy auth state: UNCHALLENGED
DEBUG: org.apache.http.headers - http-outgoing-173 >> POST /hub/session/2ee26769-3d37-b245-8426-d47429148238/element HTTP/1.1
DEBUG: org.apache.http.headers - http-outgoing-173 >> Content-Type: application/json; charset=utf-8
DEBUG: org.apache.http.headers - http-outgoing-173 >> Content-Length: 33
DEBUG: org.apache.http.headers - http-outgoing-173 >> Host: 127.0.0.1:7057
DEBUG: org.apache.http.headers - http-outgoing-173 >> Connection: Keep-Alive
DEBUG: org.apache.http.headers - http-outgoing-173 >> User-Agent: Apache-HttpClient/4.5.2 (Java/1.7.0_79)
DEBUG: org.apache.http.headers - http-outgoing-173 >> Accept-Encoding: gzip,deflate
DEBUG: org.apache.http.wire - http-outgoing-173 >> "POST /hub/session/2ee26769-3d37-b245-8426-d47429148238/element HTTP/1.1[\r][\n]"
DEBUG: org.apache.http.wire - http-outgoing-173 >> "Content-Type: application/json; charset=utf-8[\r][\n]"
DEBUG: org.apache.http.wire - http-outgoing-173 >> "Content-Length: 33[\r][\n]"
DEBUG: org.apache.http.wire - http-outgoing-173 >> "Host: 127.0.0.1:7057[\r][\n]"
DEBUG: org.apache.http.wire - http-outgoing-173 >> "Connection: Keep-Alive[\r][\n]"
DEBUG: org.apache.http.wire - http-outgoing-173 >> "User-Agent: Apache-HttpClient/4.5.2 (Java/1.7.0_79)[\r][\n]"
DEBUG: org.apache.http.wire - http-outgoing-173 >> "Accept-Encoding: gzip,deflate[\r][\n]"
DEBUG: org.apache.http.wire - http-outgoing-173 >> "[\r][\n]"
DEBUG: org.apache.http.wire - http-outgoing-173 >> "{"using":"id","value":"quantity"}"
DEBUG: org.apache.http.wire - http-outgoing-173 << "HTTP/1.1 200 OK[\r][\n]"
DEBUG: org.apache.http.wire - http-outgoing-173 << "content-type: application/json; charset=UTF-8[\r][\n]"
DEBUG: org.apache.http.wire - http-outgoing-173 << "connection: close[\r][\n]"
DEBUG: org.apache.http.wire - http-outgoing-173 << "content-length: 224[\r][\n]"
DEBUG: org.apache.http.wire - http-outgoing-173 << "server: httpd.js[\r][\n]"
DEBUG: org.apache.http.wire - http-outgoing-173 << "date: Fri, 26 Aug 2016 09:42:59 GMT[\r][\n]"
DEBUG: org.apache.http.wire - http-outgoing-173 << "[\r][\n]"
DEBUG: org.apache.http.headers - http-outgoing-173 << HTTP/1.1 200 OK
DEBUG: org.apache.http.headers - http-outgoing-173 << content-type: application/json; charset=UTF-8
DEBUG: org.apache.http.headers - http-outgoing-173 << connection: close
DEBUG: org.apache.http.headers - http-outgoing-173 << content-length: 224
DEBUG: org.apache.http.headers - http-outgoing-173 << server: httpd.js
DEBUG: org.apache.http.headers - http-outgoing-173 << date: Fri, 26 Aug 2016 09:42:59 GMT
DEBUG: org.apache.http.wire - http-outgoing-173 << "{"name":"findElement","sessionId":"2ee26769-3d37-b245-8426-d47429148238","status":0,"value":{"ELEMENT":"{69e04f90-4f49-e148-ab21-7ee8ac7822f2}","element-6066-11e4-a52e-4f735466cecf":"{69e04f90-4f49-e148-ab21-7ee8ac7822f2}"}}"
DEBUG: org.apache.http.impl.conn.DefaultManagedHttpClientConnection - http-outgoing-173: Close connection
DEBUG: org.apache.http.impl.execchain.MainClientExec - Connection discarded
DEBUG: org.apache.http.impl.conn.PoolingHttpClientConnectionManager - Connection released: [id: 173][route: {}->http://127.0.0.1:7057][total kept alive: 0; route allocated: 0 of 2000; total allocated: 0 of 2000]
DEBUG: org.apache.http.client.protocol.RequestAddCookies - CookieSpec selected: default
DEBUG: org.apache.http.client.protocol.RequestAuthCache - Auth cache not set in the context
DEBUG: org.apache.http.impl.conn.PoolingHttpClientConnectionManager - Connection request: [route: {}->http://127.0.0.1:7057][total kept alive: 0; route allocated: 0 of 2000; total allocated: 0 of 2000]
DEBUG: org.apache.http.impl.conn.PoolingHttpClientConnectionManager - Connection leased: [id: 174][route: {}->http://127.0.0.1:7057][total kept alive: 0; route allocated: 1 of 2000; total allocated: 1 of 2000]
DEBUG: org.apache.http.impl.execchain.MainClientExec - Opening connection {}->http://127.0.0.1:7057
DEBUG: org.apache.http.impl.conn.DefaultHttpClientConnectionOperator - Connecting to /127.0.0.1:7057
DEBUG: org.apache.http.impl.conn.DefaultHttpClientConnectionOperator - Connection established 127.0.0.1:60905<->127.0.0.1:7057
DEBUG: org.apache.http.impl.conn.DefaultManagedHttpClientConnection - http-outgoing-174: set socket timeout to 10800000
DEBUG: org.apache.http.impl.execchain.MainClientExec - Executing request POST /hub/session/2ee26769-3d37-b245-8426-d47429148238/element/%7B69e04f90-4f49-e148-ab21-7ee8ac7822f2%7D/clear HTTP/1.1
DEBUG: org.apache.http.impl.execchain.MainClientExec - Target auth state: UNCHALLENGED
DEBUG: org.apache.http.impl.execchain.MainClientExec - Proxy auth state: UNCHALLENGED
DEBUG: org.apache.http.headers - http-outgoing-174 >> POST /hub/session/2ee26769-3d37-b245-8426-d47429148238/element/%7B69e04f90-4f49-e148-ab21-7ee8ac7822f2%7D/clear HTTP/1.1
DEBUG: org.apache.http.headers - http-outgoing-174 >> Content-Type: application/json; charset=utf-8
DEBUG: org.apache.http.headers - http-outgoing-174 >> Content-Length: 47
DEBUG: org.apache.http.headers - http-outgoing-174 >> Host: 127.0.0.1:7057
DEBUG: org.apache.http.headers - http-outgoing-174 >> Connection: Keep-Alive
DEBUG: org.apache.http.headers - http-outgoing-174 >> User-Agent: Apache-HttpClient/4.5.2 (Java/1.7.0_79)
DEBUG: org.apache.http.headers - http-outgoing-174 >> Accept-Encoding: gzip,deflate
DEBUG: org.apache.http.wire - http-outgoing-174 >> "POST /hub/session/2ee26769-3d37-b245-8426-d47429148238/element/%7B69e04f90-4f49-e148-ab21-7ee8ac7822f2%7D/clear HTTP/1.1[\r][\n]"
DEBUG: org.apache.http.wire - http-outgoing-174 >> "Content-Type: application/json; charset=utf-8[\r][\n]"
DEBUG: org.apache.http.wire - http-outgoing-174 >> "Content-Length: 47[\r][\n]"
DEBUG: org.apache.http.wire - http-outgoing-174 >> "Host: 127.0.0.1:7057[\r][\n]"
DEBUG: org.apache.http.wire - http-outgoing-174 >> "Connection: Keep-Alive[\r][\n]"
DEBUG: org.apache.http.wire - http-outgoing-174 >> "User-Agent: Apache-HttpClient/4.5.2 (Java/1.7.0_79)[\r][\n]"
DEBUG: org.apache.http.wire - http-outgoing-174 >> "Accept-Encoding: gzip,deflate[\r][\n]"
DEBUG: org.apache.http.wire - http-outgoing-174 >> "[\r][\n]"
DEBUG: org.apache.http.wire - http-outgoing-174 >> "{"id":"{69e04f90-4f49-e148-ab21-7ee8ac7822f2}"}"
DEBUG: org.apache.http.wire - http-outgoing-174 << "HTTP/1.1 200 OK[\r][\n]"
DEBUG: org.apache.http.wire - http-outgoing-174 << "content-type: application/json; charset=UTF-8[\r][\n]"
DEBUG: org.apache.http.wire - http-outgoing-174 << "connection: close[\r][\n]"
DEBUG: org.apache.http.wire - http-outgoing-174 << "content-length: 96[\r][\n]"
DEBUG: org.apache.http.wire - http-outgoing-174 << "server: httpd.js[\r][\n]"
DEBUG: org.apache.http.wire - http-outgoing-174 << "date: Fri, 26 Aug 2016 09:42:59 GMT[\r][\n]"
DEBUG: org.apache.http.wire - http-outgoing-174 << "[\r][\n]"
DEBUG: org.apache.http.headers - http-outgoing-174 << HTTP/1.1 200 OK
DEBUG: org.apache.http.headers - http-outgoing-174 << content-type: application/json; charset=UTF-8
DEBUG: org.apache.http.headers - http-outgoing-174 << connection: close
DEBUG: org.apache.http.headers - http-outgoing-174 << content-length: 96
DEBUG: org.apache.http.headers - http-outgoing-174 << server: httpd.js
DEBUG: org.apache.http.headers - http-outgoing-174 << date: Fri, 26 Aug 2016 09:42:59 GMT
DEBUG: org.apache.http.wire - http-outgoing-174 << "{"name":"clearElement","sessionId":"2ee26769-3d37-b245-8426-d47429148238","status":0,"value":""}"
DEBUG: org.apache.http.impl.conn.DefaultManagedHttpClientConnection - http-outgoing-174: Close connection
DEBUG: org.apache.http.impl.execchain.MainClientExec - Connection discarded
DEBUG: org.apache.http.impl.conn.PoolingHttpClientConnectionManager - Connection released: [id: 174][route: {}->http://127.0.0.1:7057][total kept alive: 0; route allocated: 0 of 2000; total allocated: 0 of 2000]
DEBUG: org.apache.http.client.protocol.RequestAddCookies - CookieSpec selected: default
DEBUG: org.apache.http.client.protocol.RequestAuthCache - Auth cache not set in the context
DEBUG: org.apache.http.impl.conn.PoolingHttpClientConnectionManager - Connection request: [route: {}->http://127.0.0.1:7057][total kept alive: 0; route allocated: 0 of 2000; total allocated: 0 of 2000]
DEBUG: org.apache.http.impl.conn.PoolingHttpClientConnectionManager - Connection leased: [id: 175][route: {}->http://127.0.0.1:7057][total kept alive: 0; route allocated: 1 of 2000; total allocated: 1 of 2000]
DEBUG: org.apache.http.impl.execchain.MainClientExec - Opening connection {}->http://127.0.0.1:7057
DEBUG: org.apache.http.impl.conn.DefaultHttpClientConnectionOperator - Connecting to /127.0.0.1:7057
DEBUG: org.apache.http.impl.conn.DefaultHttpClientConnectionOperator - Connection established 127.0.0.1:60906<->127.0.0.1:7057
DEBUG: org.apache.http.impl.conn.DefaultManagedHttpClientConnection - http-outgoing-175: set socket timeout to 10800000
DEBUG: org.apache.http.impl.execchain.MainClientExec - Executing request POST /hub/session/2ee26769-3d37-b245-8426-d47429148238/element/%7B69e04f90-4f49-e148-ab21-7ee8ac7822f2%7D/value HTTP/1.1
DEBUG: org.apache.http.impl.execchain.MainClientExec - Target auth state: UNCHALLENGED
DEBUG: org.apache.http.impl.execchain.MainClientExec - Proxy auth state: UNCHALLENGED
DEBUG: org.apache.http.headers - http-outgoing-175 >> POST /hub/session/2ee26769-3d37-b245-8426-d47429148238/element/%7B69e04f90-4f49-e148-ab21-7ee8ac7822f2%7D/value HTTP/1.1
DEBUG: org.apache.http.headers - http-outgoing-175 >> Content-Type: application/json; charset=utf-8
DEBUG: org.apache.http.headers - http-outgoing-175 >> Content-Length: 64
DEBUG: org.apache.http.headers - http-outgoing-175 >> Host: 127.0.0.1:7057
DEBUG: org.apache.http.headers - http-outgoing-175 >> Connection: Keep-Alive
DEBUG: org.apache.http.headers - http-outgoing-175 >> User-Agent: Apache-HttpClient/4.5.2 (Java/1.7.0_79)
DEBUG: org.apache.http.headers - http-outgoing-175 >> Accept-Encoding: gzip,deflate
DEBUG: org.apache.http.wire - http-outgoing-175 >> "POST /hub/session/2ee26769-3d37-b245-8426-d47429148238/element/%7B69e04f90-4f49-e148-ab21-7ee8ac7822f2%7D/value HTTP/1.1[\r][\n]"
DEBUG: org.apache.http.wire - http-outgoing-175 >> "Content-Type: application/json; charset=utf-8[\r][\n]"
DEBUG: org.apache.http.wire - http-outgoing-175 >> "Content-Length: 64[\r][\n]"
DEBUG: org.apache.http.wire - http-outgoing-175 >> "Host: 127.0.0.1:7057[\r][\n]"
DEBUG: org.apache.http.wire - http-outgoing-175 >> "Connection: Keep-Alive[\r][\n]"
DEBUG: org.apache.http.wire - http-outgoing-175 >> "User-Agent: Apache-HttpClient/4.5.2 (Java/1.7.0_79)[\r][\n]"
DEBUG: org.apache.http.wire - http-outgoing-175 >> "Accept-Encoding: gzip,deflate[\r][\n]"
DEBUG: org.apache.http.wire - http-outgoing-175 >> "[\r][\n]"
DEBUG: org.apache.http.wire - http-outgoing-175 >> "{"id":"{69e04f90-4f49-e148-ab21-7ee8ac7822f2}","value":["1000"]}"
DEBUG: org.apache.http.wire - http-outgoing-175 << "HTTP/1.1 200 OK[\r][\n]"
DEBUG: org.apache.http.wire - http-outgoing-175 << "content-type: application/json; charset=UTF-8[\r][\n]"
DEBUG: org.apache.http.wire - http-outgoing-175 << "connection: close[\r][\n]"
DEBUG: org.apache.http.wire - http-outgoing-175 << "content-length: 101[\r][\n]"
DEBUG: org.apache.http.wire - http-outgoing-175 << "server: httpd.js[\r][\n]"
DEBUG: org.apache.http.wire - http-outgoing-175 << "date: Fri, 26 Aug 2016 09:42:59 GMT[\r][\n]"
DEBUG: org.apache.http.wire - http-outgoing-175 << "[\r][\n]"
DEBUG: org.apache.http.headers - http-outgoing-175 << HTTP/1.1 200 OK
DEBUG: org.apache.http.headers - http-outgoing-175 << content-type: application/json; charset=UTF-8
DEBUG: org.apache.http.headers - http-outgoing-175 << connection: close
DEBUG: org.apache.http.headers - http-outgoing-175 << content-length: 101
DEBUG: org.apache.http.headers - http-outgoing-175 << server: httpd.js
DEBUG: org.apache.http.headers - http-outgoing-175 << date: Fri, 26 Aug 2016 09:42:59 GMT
DEBUG: org.apache.http.wire - http-outgoing-175 << "{"name":"sendKeysToElement","sessionId":"2ee26769-3d37-b245-8426-d47429148238","status":0,"value":""}"
DEBUG: org.apache.http.impl.conn.DefaultManagedHttpClientConnection - http-outgoing-175: Close connection
DEBUG: org.apache.http.impl.execchain.MainClientExec - Connection discarded
DEBUG: org.apache.http.impl.conn.PoolingHttpClientConnectionManager - Connection released: [id: 175][route: {}->http://127.0.0.1:7057][total kept alive: 0; route allocated: 0 of 2000; total allocated: 0 of 2000]
DEBUG: org.apache.http.client.protocol.RequestAddCookies - CookieSpec selected: default
DEBUG: org.apache.http.client.protocol.RequestAuthCache - Auth cache not set in the context
DEBUG: org.apache.http.impl.conn.PoolingHttpClientConnectionManager - Connection request: [route: {}->http://127.0.0.1:7057][total kept alive: 0; route allocated: 0 of 2000; total allocated: 0 of 2000]
DEBUG: org.apache.http.impl.conn.PoolingHttpClientConnectionManager - Connection leased: [id: 176][route: {}->http://127.0.0.1:7057][total kept alive: 0; route allocated: 1 of 2000; total allocated: 1 of 2000]
DEBUG: org.apache.http.impl.execchain.MainClientExec - Opening connection {}->http://127.0.0.1:7057
DEBUG: org.apache.http.impl.conn.DefaultHttpClientConnectionOperator - Connecting to /127.0.0.1:7057
DEBUG: org.apache.http.impl.conn.DefaultHttpClientConnectionOperator - Connection established 127.0.0.1:60907<->127.0.0.1:7057
DEBUG: org.apache.http.impl.conn.DefaultManagedHttpClientConnection - http-outgoing-176: set socket timeout to 10800000
DEBUG: org.apache.http.impl.execchain.MainClientExec - Executing request POST /hub/session/2ee26769-3d37-b245-8426-d47429148238/element HTTP/1.1
DEBUG: org.apache.http.impl.execchain.MainClientExec - Target auth state: UNCHALLENGED
DEBUG: org.apache.http.impl.execchain.MainClientExec - Proxy auth state: UNCHALLENGED
DEBUG: org.apache.http.headers - http-outgoing-176 >> POST /hub/session/2ee26769-3d37-b245-8426-d47429148238/element HTTP/1.1
DEBUG: org.apache.http.headers - http-outgoing-176 >> Content-Type: application/json; charset=utf-8
DEBUG: org.apache.http.headers - http-outgoing-176 >> Content-Length: 35
DEBUG: org.apache.http.headers - http-outgoing-176 >> Host: 127.0.0.1:7057
DEBUG: org.apache.http.headers - http-outgoing-176 >> Connection: Keep-Alive
DEBUG: org.apache.http.headers - http-outgoing-176 >> User-Agent: Apache-HttpClient/4.5.2 (Java/1.7.0_79)
DEBUG: org.apache.http.headers - http-outgoing-176 >> Accept-Encoding: gzip,deflate
DEBUG: org.apache.http.wire - http-outgoing-176 >> "POST /hub/session/2ee26769-3d37-b245-8426-d47429148238/element HTTP/1.1[\r][\n]"
DEBUG: org.apache.http.wire - http-outgoing-176 >> "Content-Type: application/json; charset=utf-8[\r][\n]"
DEBUG: org.apache.http.wire - http-outgoing-176 >> "Content-Length: 35[\r][\n]"
DEBUG: org.apache.http.wire - http-outgoing-176 >> "Host: 127.0.0.1:7057[\r][\n]"
DEBUG: org.apache.http.wire - http-outgoing-176 >> "Connection: Keep-Alive[\r][\n]"
DEBUG: org.apache.http.wire - http-outgoing-176 >> "User-Agent: Apache-HttpClient/4.5.2 (Java/1.7.0_79)[\r][\n]"
DEBUG: org.apache.http.wire - http-outgoing-176 >> "Accept-Encoding: gzip,deflate[\r][\n]"
DEBUG: org.apache.http.wire - http-outgoing-176 >> "[\r][\n]"
DEBUG: org.apache.http.wire - http-outgoing-176 >> "{"using":"id","value":"createItem"}"
DEBUG: org.apache.http.wire - http-outgoing-176 << "HTTP/1.1 200 OK[\r][\n]"
DEBUG: org.apache.http.wire - http-outgoing-176 << "content-type: application/json; charset=UTF-8[\r][\n]"
DEBUG: org.apache.http.wire - http-outgoing-176 << "connection: close[\r][\n]"
DEBUG: org.apache.http.wire - http-outgoing-176 << "content-length: 224[\r][\n]"
DEBUG: org.apache.http.wire - http-outgoing-176 << "server: httpd.js[\r][\n]"
DEBUG: org.apache.http.wire - http-outgoing-176 << "date: Fri, 26 Aug 2016 09:42:59 GMT[\r][\n]"
DEBUG: org.apache.http.wire - http-outgoing-176 << "[\r][\n]"
DEBUG: org.apache.http.headers - http-outgoing-176 << HTTP/1.1 200 OK
DEBUG: org.apache.http.headers - http-outgoing-176 << content-type: application/json; charset=UTF-8
DEBUG: org.apache.http.headers - http-outgoing-176 << connection: close
DEBUG: org.apache.http.headers - http-outgoing-176 << content-length: 224
DEBUG: org.apache.http.headers - http-outgoing-176 << server: httpd.js
DEBUG: org.apache.http.headers - http-outgoing-176 << date: Fri, 26 Aug 2016 09:42:59 GMT
DEBUG: org.apache.http.wire - http-outgoing-176 << "{"name":"findElement","sessionId":"2ee26769-3d37-b245-8426-d47429148238","status":0,"value":{"ELEMENT":"{1e8461cf-bcbc-ff44-b5ba-7cf8bd30ae83}","element-6066-11e4-a52e-4f735466cecf":"{1e8461cf-bcbc-ff44-b5ba-7cf8bd30ae83}"}}"
DEBUG: org.apache.http.impl.conn.DefaultManagedHttpClientConnection - http-outgoing-176: Close connection
DEBUG: org.apache.http.impl.execchain.MainClientExec - Connection discarded
DEBUG: org.apache.http.impl.conn.PoolingHttpClientConnectionManager - Connection released: [id: 176][route: {}->http://127.0.0.1:7057][total kept alive: 0; route allocated: 0 of 2000; total allocated: 0 of 2000]
DEBUG: org.apache.http.client.protocol.RequestAddCookies - CookieSpec selected: default
DEBUG: org.apache.http.client.protocol.RequestAuthCache - Auth cache not set in the context
DEBUG: org.apache.http.impl.conn.PoolingHttpClientConnectionManager - Connection request: [route: {}->http://127.0.0.1:7057][total kept alive: 0; route allocated: 0 of 2000; total allocated: 0 of 2000]
DEBUG: org.apache.http.impl.conn.PoolingHttpClientConnectionManager - Connection leased: [id: 177][route: {}->http://127.0.0.1:7057][total kept alive: 0; route allocated: 1 of 2000; total allocated: 1 of 2000]
DEBUG: org.apache.http.impl.execchain.MainClientExec - Opening connection {}->http://127.0.0.1:7057
DEBUG: org.apache.http.impl.conn.DefaultHttpClientConnectionOperator - Connecting to /127.0.0.1:7057
DEBUG: org.apache.http.impl.conn.DefaultHttpClientConnectionOperator - Connection established 127.0.0.1:60908<->127.0.0.1:7057
DEBUG: org.apache.http.impl.conn.DefaultManagedHttpClientConnection - http-outgoing-177: set socket timeout to 10800000
DEBUG: org.apache.http.impl.execchain.MainClientExec - Executing request POST /hub/session/2ee26769-3d37-b245-8426-d47429148238/element/%7B1e8461cf-bcbc-ff44-b5ba-7cf8bd30ae83%7D/click HTTP/1.1
DEBUG: org.apache.http.impl.execchain.MainClientExec - Target auth state: UNCHALLENGED
DEBUG: org.apache.http.impl.execchain.MainClientExec - Proxy auth state: UNCHALLENGED
DEBUG: org.apache.http.headers - http-outgoing-177 >> POST /hub/session/2ee26769-3d37-b245-8426-d47429148238/element/%7B1e8461cf-bcbc-ff44-b5ba-7cf8bd30ae83%7D/click HTTP/1.1
DEBUG: org.apache.http.headers - http-outgoing-177 >> Content-Type: application/json; charset=utf-8
DEBUG: org.apache.http.headers - http-outgoing-177 >> Content-Length: 47
DEBUG: org.apache.http.headers - http-outgoing-177 >> Host: 127.0.0.1:7057
DEBUG: org.apache.http.headers - http-outgoing-177 >> Connection: Keep-Alive
DEBUG: org.apache.http.headers - http-outgoing-177 >> User-Agent: Apache-HttpClient/4.5.2 (Java/1.7.0_79)
DEBUG: org.apache.http.headers - http-outgoing-177 >> Accept-Encoding: gzip,deflate
DEBUG: org.apache.http.wire - http-outgoing-177 >> "POST /hub/session/2ee26769-3d37-b245-8426-d47429148238/element/%7B1e8461cf-bcbc-ff44-b5ba-7cf8bd30ae83%7D/click HTTP/1.1[\r][\n]"
DEBUG: org.apache.http.wire - http-outgoing-177 >> "Content-Type: application/json; charset=utf-8[\r][\n]"
DEBUG: org.apache.http.wire - http-outgoing-177 >> "Content-Length: 47[\r][\n]"
DEBUG: org.apache.http.wire - http-outgoing-177 >> "Host: 127.0.0.1:7057[\r][\n]"
DEBUG: org.apache.http.wire - http-outgoing-177 >> "Connection: Keep-Alive[\r][\n]"
DEBUG: org.apache.http.wire - http-outgoing-177 >> "User-Agent: Apache-HttpClient/4.5.2 (Java/1.7.0_79)[\r][\n]"
DEBUG: org.apache.http.wire - http-outgoing-177 >> "Accept-Encoding: gzip,deflate[\r][\n]"
DEBUG: org.apache.http.wire - http-outgoing-177 >> "[\r][\n]"
DEBUG: org.apache.http.wire - http-outgoing-177 >> "{"id":"{1e8461cf-bcbc-ff44-b5ba-7cf8bd30ae83}"}"
DEBUG: org.apache.http.wire - http-outgoing-177 << "HTTP/1.1 200 OK[\r][\n]"
DEBUG: org.apache.http.wire - http-outgoing-177 << "content-type: application/json; charset=UTF-8[\r][\n]"
DEBUG: org.apache.http.wire - http-outgoing-177 << "connection: close[\r][\n]"
DEBUG: org.apache.http.wire - http-outgoing-177 << "content-length: 98[\r][\n]"
DEBUG: org.apache.http.wire - http-outgoing-177 << "server: httpd.js[\r][\n]"
DEBUG: org.apache.http.wire - http-outgoing-177 << "date: Fri, 26 Aug 2016 09:42:59 GMT[\r][\n]"
DEBUG: org.apache.http.wire - http-outgoing-177 << "[\r][\n]"
DEBUG: org.apache.http.headers - http-outgoing-177 << HTTP/1.1 200 OK
DEBUG: org.apache.http.headers - http-outgoing-177 << content-type: application/json; charset=UTF-8
DEBUG: org.apache.http.headers - http-outgoing-177 << connection: close
DEBUG: org.apache.http.headers - http-outgoing-177 << content-length: 98
DEBUG: org.apache.http.headers - http-outgoing-177 << server: httpd.js
DEBUG: org.apache.http.headers - http-outgoing-177 << date: Fri, 26 Aug 2016 09:42:59 GMT
DEBUG: org.apache.http.wire - http-outgoing-177 << "{"name":"clickElement","sessionId":"2ee26769-3d37-b245-8426-d47429148238","status":0,"value":"ok"}"
DEBUG: org.apache.http.impl.conn.DefaultManagedHttpClientConnection - http-outgoing-177: Close connection
DEBUG: org.apache.http.impl.execchain.MainClientExec - Connection discarded
DEBUG: org.apache.http.impl.conn.PoolingHttpClientConnectionManager - Connection released: [id: 177][route: {}->http://127.0.0.1:7057][total kept alive: 0; route allocated: 0 of 2000; total allocated: 0 of 2000]
DEBUG: org.apache.http.client.protocol.RequestAddCookies - CookieSpec selected: default
DEBUG: org.apache.http.client.protocol.RequestAuthCache - Auth cache not set in the context
DEBUG: org.apache.http.impl.conn.PoolingHttpClientConnectionManager - Connection request: [route: {}->http://127.0.0.1:7057][total kept alive: 0; route allocated: 0 of 2000; total allocated: 0 of 2000]
DEBUG: org.apache.http.impl.conn.PoolingHttpClientConnectionManager - Connection leased: [id: 178][route: {}->http://127.0.0.1:7057][total kept alive: 0; route allocated: 1 of 2000; total allocated: 1 of 2000]
DEBUG: org.apache.http.impl.execchain.MainClientExec - Opening connection {}->http://127.0.0.1:7057
DEBUG: org.apache.http.impl.conn.DefaultHttpClientConnectionOperator - Connecting to /127.0.0.1:7057
DEBUG: org.apache.http.impl.conn.DefaultHttpClientConnectionOperator - Connection established 127.0.0.1:60915<->127.0.0.1:7057
DEBUG: org.apache.http.impl.conn.DefaultManagedHttpClientConnection - http-outgoing-178: set socket timeout to 10800000
DEBUG: org.apache.http.impl.execchain.MainClientExec - Executing request POST /hub/session/2ee26769-3d37-b245-8426-d47429148238/elements HTTP/1.1
DEBUG: org.apache.http.impl.execchain.MainClientExec - Target auth state: UNCHALLENGED
DEBUG: org.apache.http.impl.execchain.MainClientExec - Proxy auth state: UNCHALLENGED
DEBUG: org.apache.http.headers - http-outgoing-178 >> POST /hub/session/2ee26769-3d37-b245-8426-d47429148238/elements HTTP/1.1
DEBUG: org.apache.http.headers - http-outgoing-178 >> Content-Type: application/json; charset=utf-8
DEBUG: org.apache.http.headers - http-outgoing-178 >> Content-Length: 81
DEBUG: org.apache.http.headers - http-outgoing-178 >> Host: 127.0.0.1:7057
DEBUG: org.apache.http.headers - http-outgoing-178 >> Connection: Keep-Alive
DEBUG: org.apache.http.headers - http-outgoing-178 >> User-Agent: Apache-HttpClient/4.5.2 (Java/1.7.0_79)
DEBUG: org.apache.http.headers - http-outgoing-178 >> Accept-Encoding: gzip,deflate
DEBUG: org.apache.http.wire - http-outgoing-178 >> "POST /hub/session/2ee26769-3d37-b245-8426-d47429148238/elements HTTP/1.1[\r][\n]"
DEBUG: org.apache.http.wire - http-outgoing-178 >> "Content-Type: application/json; charset=utf-8[\r][\n]"
DEBUG: org.apache.http.wire - http-outgoing-178 >> "Content-Length: 81[\r][\n]"
DEBUG: org.apache.http.wire - http-outgoing-178 >> "Host: 127.0.0.1:7057[\r][\n]"
DEBUG: org.apache.http.wire - http-outgoing-178 >> "Connection: Keep-Alive[\r][\n]"
DEBUG: org.apache.http.wire - http-outgoing-178 >> "User-Agent: Apache-HttpClient/4.5.2 (Java/1.7.0_79)[\r][\n]"
DEBUG: org.apache.http.wire - http-outgoing-178 >> "Accept-Encoding: gzip,deflate[\r][\n]"
DEBUG: org.apache.http.wire - http-outgoing-178 >> "[\r][\n]"
DEBUG: org.apache.http.wire - http-outgoing-178 >> "{"using":"xpath","value":"//tbody/tr/td[2]/input[@value='Simplon Pavo 3 Ultra']"}"
DEBUG: org.apache.http.wire - http-outgoing-178 << "HTTP/1.1 200 OK[\r][\n]"
DEBUG: org.apache.http.wire - http-outgoing-178 << "content-type: application/json; charset=UTF-8[\r][\n]"
DEBUG: org.apache.http.wire - http-outgoing-178 << "connection: close[\r][\n]"
DEBUG: org.apache.http.wire - http-outgoing-178 << "content-length: 227[\r][\n]"
DEBUG: org.apache.http.wire - http-outgoing-178 << "server: httpd.js[\r][\n]"
DEBUG: org.apache.http.wire - http-outgoing-178 << "date: Fri, 26 Aug 2016 09:42:59 GMT[\r][\n]"
DEBUG: org.apache.http.wire - http-outgoing-178 << "[\r][\n]"
DEBUG: org.apache.http.headers - http-outgoing-178 << HTTP/1.1 200 OK
DEBUG: org.apache.http.headers - http-outgoing-178 << content-type: application/json; charset=UTF-8
DEBUG: org.apache.http.headers - http-outgoing-178 << connection: close
DEBUG: org.apache.http.headers - http-outgoing-178 << content-length: 227
DEBUG: org.apache.http.headers - http-outgoing-178 << server: httpd.js
DEBUG: org.apache.http.headers - http-outgoing-178 << date: Fri, 26 Aug 2016 09:42:59 GMT
DEBUG: org.apache.http.wire - http-outgoing-178 << "{"name":"findElements","sessionId":"2ee26769-3d37-b245-8426-d47429148238","status":0,"value":[{"ELEMENT":"{4d59d12c-2b65-0e48-823b-f8a384967c8a}","element-6066-11e4-a52e-4f735466cecf":"{4d59d12c-2b65-0e48-823b-f8a384967c8a}"}]}"
DEBUG: org.apache.http.impl.conn.DefaultManagedHttpClientConnection - http-outgoing-178: Close connection
DEBUG: org.apache.http.impl.execchain.MainClientExec - Connection discarded
DEBUG: org.apache.http.impl.conn.PoolingHttpClientConnectionManager - Connection released: [id: 178][route: {}->http://127.0.0.1:7057][total kept alive: 0; route allocated: 0 of 2000; total allocated: 0 of 2000]
DEBUG: org.apache.http.client.protocol.RequestAddCookies - CookieSpec selected: default
DEBUG: org.apache.http.client.protocol.RequestAuthCache - Auth cache not set in the context
DEBUG: org.apache.http.impl.conn.PoolingHttpClientConnectionManager - Connection request: [route: {}->http://127.0.0.1:7057][total kept alive: 0; route allocated: 0 of 2000; total allocated: 0 of 2000]
DEBUG: org.apache.http.impl.conn.PoolingHttpClientConnectionManager - Connection leased: [id: 179][route: {}->http://127.0.0.1:7057][total kept alive: 0; route allocated: 1 of 2000; total allocated: 1 of 2000]
DEBUG: org.apache.http.impl.execchain.MainClientExec - Opening connection {}->http://127.0.0.1:7057
DEBUG: org.apache.http.impl.conn.DefaultHttpClientConnectionOperator - Connecting to /127.0.0.1:7057
DEBUG: org.apache.http.impl.conn.DefaultHttpClientConnectionOperator - Connection established 127.0.0.1:60916<->127.0.0.1:7057
DEBUG: org.apache.http.impl.conn.DefaultManagedHttpClientConnection - http-outgoing-179: set socket timeout to 10800000
DEBUG: org.apache.http.impl.execchain.MainClientExec - Executing request POST /hub/session/2ee26769-3d37-b245-8426-d47429148238/element HTTP/1.1
DEBUG: org.apache.http.impl.execchain.MainClientExec - Target auth state: UNCHALLENGED
DEBUG: org.apache.http.impl.execchain.MainClientExec - Proxy auth state: UNCHALLENGED
DEBUG: org.apache.http.headers - http-outgoing-179 >> POST /hub/session/2ee26769-3d37-b245-8426-d47429148238/element HTTP/1.1
DEBUG: org.apache.http.headers - http-outgoing-179 >> Content-Type: application/json; charset=utf-8
DEBUG: org.apache.http.headers - http-outgoing-179 >> Content-Length: 29
DEBUG: org.apache.http.headers - http-outgoing-179 >> Host: 127.0.0.1:7057
DEBUG: org.apache.http.headers - http-outgoing-179 >> Connection: Keep-Alive
DEBUG: org.apache.http.headers - http-outgoing-179 >> User-Agent: Apache-HttpClient/4.5.2 (Java/1.7.0_79)
DEBUG: org.apache.http.headers - http-outgoing-179 >> Accept-Encoding: gzip,deflate
DEBUG: org.apache.http.wire - http-outgoing-179 >> "POST /hub/session/2ee26769-3d37-b245-8426-d47429148238/element HTTP/1.1[\r][\n]"
DEBUG: org.apache.http.wire - http-outgoing-179 >> "Content-Type: application/json; charset=utf-8[\r][\n]"
DEBUG: org.apache.http.wire - http-outgoing-179 >> "Content-Length: 29[\r][\n]"
DEBUG: org.apache.http.wire - http-outgoing-179 >> "Host: 127.0.0.1:7057[\r][\n]"
DEBUG: org.apache.http.wire - http-outgoing-179 >> "Connection: Keep-Alive[\r][\n]"
DEBUG: org.apache.http.wire - http-outgoing-179 >> "User-Agent: Apache-HttpClient/4.5.2 (Java/1.7.0_79)[\r][\n]"
DEBUG: org.apache.http.wire - http-outgoing-179 >> "Accept-Encoding: gzip,deflate[\r][\n]"
DEBUG: org.apache.http.wire - http-outgoing-179 >> "[\r][\n]"
DEBUG: org.apache.http.wire - http-outgoing-179 >> "{"using":"id","value":"name"}"
DEBUG: org.apache.http.wire - http-outgoing-179 << "HTTP/1.1 200 OK[\r][\n]"
DEBUG: org.apache.http.wire - http-outgoing-179 << "content-type: application/json; charset=UTF-8[\r][\n]"
DEBUG: org.apache.http.wire - http-outgoing-179 << "connection: close[\r][\n]"
DEBUG: org.apache.http.wire - http-outgoing-179 << "content-length: 224[\r][\n]"
DEBUG: org.apache.http.wire - http-outgoing-179 << "server: httpd.js[\r][\n]"
DEBUG: org.apache.http.wire - http-outgoing-179 << "date: Fri, 26 Aug 2016 09:42:59 GMT[\r][\n]"
DEBUG: org.apache.http.wire - http-outgoing-179 << "[\r][\n]"
DEBUG: org.apache.http.headers - http-outgoing-179 << HTTP/1.1 200 OK
DEBUG: org.apache.http.headers - http-outgoing-179 << content-type: application/json; charset=UTF-8
DEBUG: org.apache.http.headers - http-outgoing-179 << connection: close
DEBUG: org.apache.http.headers - http-outgoing-179 << content-length: 224
DEBUG: org.apache.http.headers - http-outgoing-179 << server: httpd.js
DEBUG: org.apache.http.headers - http-outgoing-179 << date: Fri, 26 Aug 2016 09:42:59 GMT
DEBUG: org.apache.http.wire - http-outgoing-179 << "{"name":"findElement","sessionId":"2ee26769-3d37-b245-8426-d47429148238","status":0,"value":{"ELEMENT":"{590c1acd-a707-2545-b228-ff85f3346bdb}","element-6066-11e4-a52e-4f735466cecf":"{590c1acd-a707-2545-b228-ff85f3346bdb}"}}"
DEBUG: org.apache.http.impl.conn.DefaultManagedHttpClientConnection - http-outgoing-179: Close connection
DEBUG: org.apache.http.impl.execchain.MainClientExec - Connection discarded
DEBUG: org.apache.http.impl.conn.PoolingHttpClientConnectionManager - Connection released: [id: 179][route: {}->http://127.0.0.1:7057][total kept alive: 0; route allocated: 0 of 2000; total allocated: 0 of 2000]
DEBUG: org.apache.http.client.protocol.RequestAddCookies - CookieSpec selected: default
DEBUG: org.apache.http.client.protocol.RequestAuthCache - Auth cache not set in the context
DEBUG: org.apache.http.impl.conn.PoolingHttpClientConnectionManager - Connection request: [route: {}->http://127.0.0.1:7057][total kept alive: 0; route allocated: 0 of 2000; total allocated: 0 of 2000]
DEBUG: org.apache.http.impl.conn.PoolingHttpClientConnectionManager - Connection leased: [id: 180][route: {}->http://127.0.0.1:7057][total kept alive: 0; route allocated: 1 of 2000; total allocated: 1 of 2000]
DEBUG: org.apache.http.impl.execchain.MainClientExec - Opening connection {}->http://127.0.0.1:7057
DEBUG: org.apache.http.impl.conn.DefaultHttpClientConnectionOperator - Connecting to /127.0.0.1:7057
DEBUG: org.apache.http.impl.conn.DefaultHttpClientConnectionOperator - Connection established 127.0.0.1:60917<->127.0.0.1:7057
DEBUG: org.apache.http.impl.conn.DefaultManagedHttpClientConnection - http-outgoing-180: set socket timeout to 10800000
DEBUG: org.apache.http.impl.execchain.MainClientExec - Executing request POST /hub/session/2ee26769-3d37-b245-8426-d47429148238/element/%7B590c1acd-a707-2545-b228-ff85f3346bdb%7D/clear HTTP/1.1
DEBUG: org.apache.http.impl.execchain.MainClientExec - Target auth state: UNCHALLENGED
DEBUG: org.apache.http.impl.execchain.MainClientExec - Proxy auth state: UNCHALLENGED
DEBUG: org.apache.http.headers - http-outgoing-180 >> POST /hub/session/2ee26769-3d37-b245-8426-d47429148238/element/%7B590c1acd-a707-2545-b228-ff85f3346bdb%7D/clear HTTP/1.1
DEBUG: org.apache.http.headers - http-outgoing-180 >> Content-Type: application/json; charset=utf-8
DEBUG: org.apache.http.headers - http-outgoing-180 >> Content-Length: 47
DEBUG: org.apache.http.headers - http-outgoing-180 >> Host: 127.0.0.1:7057
DEBUG: org.apache.http.headers - http-outgoing-180 >> Connection: Keep-Alive
DEBUG: org.apache.http.headers - http-outgoing-180 >> User-Agent: Apache-HttpClient/4.5.2 (Java/1.7.0_79)
DEBUG: org.apache.http.headers - http-outgoing-180 >> Accept-Encoding: gzip,deflate
DEBUG: org.apache.http.wire - http-outgoing-180 >> "POST /hub/session/2ee26769-3d37-b245-8426-d47429148238/element/%7B590c1acd-a707-2545-b228-ff85f3346bdb%7D/clear HTTP/1.1[\r][\n]"
DEBUG: org.apache.http.wire - http-outgoing-180 >> "Content-Type: application/json; charset=utf-8[\r][\n]"
DEBUG: org.apache.http.wire - http-outgoing-180 >> "Content-Length: 47[\r][\n]"
DEBUG: org.apache.http.wire - http-outgoing-180 >> "Host: 127.0.0.1:7057[\r][\n]"
DEBUG: org.apache.http.wire - http-outgoing-180 >> "Connection: Keep-Alive[\r][\n]"
DEBUG: org.apache.http.wire - http-outgoing-180 >> "User-Agent: Apache-HttpClient/4.5.2 (Java/1.7.0_79)[\r][\n]"
DEBUG: org.apache.http.wire - http-outgoing-180 >> "Accept-Encoding: gzip,deflate[\r][\n]"
DEBUG: org.apache.http.wire - http-outgoing-180 >> "[\r][\n]"
DEBUG: org.apache.http.wire - http-outgoing-180 >> "{"id":"{590c1acd-a707-2545-b228-ff85f3346bdb}"}"
DEBUG: org.apache.http.wire - http-outgoing-180 << "HTTP/1.1 200 OK[\r][\n]"
DEBUG: org.apache.http.wire - http-outgoing-180 << "content-type: application/json; charset=UTF-8[\r][\n]"
DEBUG: org.apache.http.wire - http-outgoing-180 << "connection: close[\r][\n]"
DEBUG: org.apache.http.wire - http-outgoing-180 << "content-length: 96[\r][\n]"
DEBUG: org.apache.http.wire - http-outgoing-180 << "server: httpd.js[\r][\n]"
DEBUG: org.apache.http.wire - http-outgoing-180 << "date: Fri, 26 Aug 2016 09:42:59 GMT[\r][\n]"
DEBUG: org.apache.http.wire - http-outgoing-180 << "[\r][\n]"
DEBUG: org.apache.http.headers - http-outgoing-180 << HTTP/1.1 200 OK
DEBUG: org.apache.http.headers - http-outgoing-180 << content-type: application/json; charset=UTF-8
DEBUG: org.apache.http.headers - http-outgoing-180 << connection: close
DEBUG: org.apache.http.headers - http-outgoing-180 << content-length: 96
DEBUG: org.apache.http.headers - http-outgoing-180 << server: httpd.js
DEBUG: org.apache.http.headers - http-outgoing-180 << date: Fri, 26 Aug 2016 09:42:59 GMT
DEBUG: org.apache.http.wire - http-outgoing-180 << "{"name":"clearElement","sessionId":"2ee26769-3d37-b245-8426-d47429148238","status":0,"value":""}"
DEBUG: org.apache.http.impl.conn.DefaultManagedHttpClientConnection - http-outgoing-180: Close connection
DEBUG: org.apache.http.impl.execchain.MainClientExec - Connection discarded
DEBUG: org.apache.http.impl.conn.PoolingHttpClientConnectionManager - Connection released: [id: 180][route: {}->http://127.0.0.1:7057][total kept alive: 0; route allocated: 0 of 2000; total allocated: 0 of 2000]
DEBUG: org.apache.http.client.protocol.RequestAddCookies - CookieSpec selected: default
DEBUG: org.apache.http.client.protocol.RequestAuthCache - Auth cache not set in the context
DEBUG: org.apache.http.impl.conn.PoolingHttpClientConnectionManager - Connection request: [route: {}->http://127.0.0.1:7057][total kept alive: 0; route allocated: 0 of 2000; total allocated: 0 of 2000]
DEBUG: org.apache.http.impl.conn.PoolingHttpClientConnectionManager - Connection leased: [id: 181][route: {}->http://127.0.0.1:7057][total kept alive: 0; route allocated: 1 of 2000; total allocated: 1 of 2000]
DEBUG: org.apache.http.impl.execchain.MainClientExec - Opening connection {}->http://127.0.0.1:7057
DEBUG: org.apache.http.impl.conn.DefaultHttpClientConnectionOperator - Connecting to /127.0.0.1:7057
DEBUG: org.apache.http.impl.conn.DefaultHttpClientConnectionOperator - Connection established 127.0.0.1:60918<->127.0.0.1:7057
DEBUG: org.apache.http.impl.conn.DefaultManagedHttpClientConnection - http-outgoing-181: set socket timeout to 10800000
DEBUG: org.apache.http.impl.execchain.MainClientExec - Executing request POST /hub/session/2ee26769-3d37-b245-8426-d47429148238/element/%7B590c1acd-a707-2545-b228-ff85f3346bdb%7D/value HTTP/1.1
DEBUG: org.apache.http.impl.execchain.MainClientExec - Target auth state: UNCHALLENGED
DEBUG: org.apache.http.impl.execchain.MainClientExec - Proxy auth state: UNCHALLENGED
DEBUG: org.apache.http.headers - http-outgoing-181 >> POST /hub/session/2ee26769-3d37-b245-8426-d47429148238/element/%7B590c1acd-a707-2545-b228-ff85f3346bdb%7D/value HTTP/1.1
DEBUG: org.apache.http.headers - http-outgoing-181 >> Content-Type: application/json; charset=utf-8
DEBUG: org.apache.http.headers - http-outgoing-181 >> Content-Length: 88
DEBUG: org.apache.http.headers - http-outgoing-181 >> Host: 127.0.0.1:7057
DEBUG: org.apache.http.headers - http-outgoing-181 >> Connection: Keep-Alive
DEBUG: org.apache.http.headers - http-outgoing-181 >> User-Agent: Apache-HttpClient/4.5.2 (Java/1.7.0_79)
DEBUG: org.apache.http.headers - http-outgoing-181 >> Accept-Encoding: gzip,deflate
DEBUG: org.apache.http.wire - http-outgoing-181 >> "POST /hub/session/2ee26769-3d37-b245-8426-d47429148238/element/%7B590c1acd-a707-2545-b228-ff85f3346bdb%7D/value HTTP/1.1[\r][\n]"
DEBUG: org.apache.http.wire - http-outgoing-181 >> "Content-Type: application/json; charset=utf-8[\r][\n]"
DEBUG: org.apache.http.wire - http-outgoing-181 >> "Content-Length: 88[\r][\n]"
DEBUG: org.apache.http.wire - http-outgoing-181 >> "Host: 127.0.0.1:7057[\r][\n]"
DEBUG: org.apache.http.wire - http-outgoing-181 >> "Connection: Keep-Alive[\r][\n]"
DEBUG: org.apache.http.wire - http-outgoing-181 >> "User-Agent: Apache-HttpClient/4.5.2 (Java/1.7.0_79)[\r][\n]"
DEBUG: org.apache.http.wire - http-outgoing-181 >> "Accept-Encoding: gzip,deflate[\r][\n]"
DEBUG: org.apache.http.wire - http-outgoing-181 >> "[\r][\n]"
DEBUG: org.apache.http.wire - http-outgoing-181 >> "{"id":"{590c1acd-a707-2545-b228-ff85f3346bdb}","value":["Spoke - Reflectors Arrow red"]}"
DEBUG: org.apache.http.wire - http-outgoing-181 << "HTTP/1.1 200 OK[\r][\n]"
DEBUG: org.apache.http.wire - http-outgoing-181 << "content-type: application/json; charset=UTF-8[\r][\n]"
DEBUG: org.apache.http.wire - http-outgoing-181 << "connection: close[\r][\n]"
DEBUG: org.apache.http.wire - http-outgoing-181 << "content-length: 101[\r][\n]"
DEBUG: org.apache.http.wire - http-outgoing-181 << "server: httpd.js[\r][\n]"
DEBUG: org.apache.http.wire - http-outgoing-181 << "date: Fri, 26 Aug 2016 09:42:59 GMT[\r][\n]"
DEBUG: org.apache.http.wire - http-outgoing-181 << "[\r][\n]"
DEBUG: org.apache.http.headers - http-outgoing-181 << HTTP/1.1 200 OK
DEBUG: org.apache.http.headers - http-outgoing-181 << content-type: application/json; charset=UTF-8
DEBUG: org.apache.http.headers - http-outgoing-181 << connection: close
DEBUG: org.apache.http.headers - http-outgoing-181 << content-length: 101
DEBUG: org.apache.http.headers - http-outgoing-181 << server: httpd.js
DEBUG: org.apache.http.headers - http-outgoing-181 << date: Fri, 26 Aug 2016 09:42:59 GMT
DEBUG: org.apache.http.wire - http-outgoing-181 << "{"name":"sendKeysToElement","sessionId":"2ee26769-3d37-b245-8426-d47429148238","status":0,"value":""}"
DEBUG: org.apache.http.impl.conn.DefaultManagedHttpClientConnection - http-outgoing-181: Close connection
DEBUG: org.apache.http.impl.execchain.MainClientExec - Connection discarded
DEBUG: org.apache.http.impl.conn.PoolingHttpClientConnectionManager - Connection released: [id: 181][route: {}->http://127.0.0.1:7057][total kept alive: 0; route allocated: 0 of 2000; total allocated: 0 of 2000]
DEBUG: org.apache.http.client.protocol.RequestAddCookies - CookieSpec selected: default
DEBUG: org.apache.http.client.protocol.RequestAuthCache - Auth cache not set in the context
DEBUG: org.apache.http.impl.conn.PoolingHttpClientConnectionManager - Connection request: [route: {}->http://127.0.0.1:7057][total kept alive: 0; route allocated: 0 of 2000; total allocated: 0 of 2000]
DEBUG: org.apache.http.impl.conn.PoolingHttpClientConnectionManager - Connection leased: [id: 182][route: {}->http://127.0.0.1:7057][total kept alive: 0; route allocated: 1 of 2000; total allocated: 1 of 2000]
DEBUG: org.apache.http.impl.execchain.MainClientExec - Opening connection {}->http://127.0.0.1:7057
DEBUG: org.apache.http.impl.conn.DefaultHttpClientConnectionOperator - Connecting to /127.0.0.1:7057
DEBUG: org.apache.http.impl.conn.DefaultHttpClientConnectionOperator - Connection established 127.0.0.1:60920<->127.0.0.1:7057
DEBUG: org.apache.http.impl.conn.DefaultManagedHttpClientConnection - http-outgoing-182: set socket timeout to 10800000
DEBUG: org.apache.http.impl.execchain.MainClientExec - Executing request POST /hub/session/2ee26769-3d37-b245-8426-d47429148238/element HTTP/1.1
DEBUG: org.apache.http.impl.execchain.MainClientExec - Target auth state: UNCHALLENGED
DEBUG: org.apache.http.impl.execchain.MainClientExec - Proxy auth state: UNCHALLENGED
DEBUG: org.apache.http.headers - http-outgoing-182 >> POST /hub/session/2ee26769-3d37-b245-8426-d47429148238/element HTTP/1.1
DEBUG: org.apache.http.headers - http-outgoing-182 >> Content-Type: application/json; charset=utf-8
DEBUG: org.apache.http.headers - http-outgoing-182 >> Content-Length: 30
DEBUG: org.apache.http.headers - http-outgoing-182 >> Host: 127.0.0.1:7057
DEBUG: org.apache.http.headers - http-outgoing-182 >> Connection: Keep-Alive
DEBUG: org.apache.http.headers - http-outgoing-182 >> User-Agent: Apache-HttpClient/4.5.2 (Java/1.7.0_79)
DEBUG: org.apache.http.headers - http-outgoing-182 >> Accept-Encoding: gzip,deflate
DEBUG: org.apache.http.wire - http-outgoing-182 >> "POST /hub/session/2ee26769-3d37-b245-8426-d47429148238/element HTTP/1.1[\r][\n]"
DEBUG: org.apache.http.wire - http-outgoing-182 >> "Content-Type: application/json; charset=utf-8[\r][\n]"
DEBUG: org.apache.http.wire - http-outgoing-182 >> "Content-Length: 30[\r][\n]"
DEBUG: org.apache.http.wire - http-outgoing-182 >> "Host: 127.0.0.1:7057[\r][\n]"
DEBUG: org.apache.http.wire - http-outgoing-182 >> "Connection: Keep-Alive[\r][\n]"
DEBUG: org.apache.http.wire - http-outgoing-182 >> "User-Agent: Apache-HttpClient/4.5.2 (Java/1.7.0_79)[\r][\n]"
DEBUG: org.apache.http.wire - http-outgoing-182 >> "Accept-Encoding: gzip,deflate[\r][\n]"
DEBUG: org.apache.http.wire - http-outgoing-182 >> "[\r][\n]"
DEBUG: org.apache.http.wire - http-outgoing-182 >> "{"using":"id","value":"price"}"
DEBUG: org.apache.http.wire - http-outgoing-182 << "HTTP/1.1 200 OK[\r][\n]"
DEBUG: org.apache.http.wire - http-outgoing-182 << "content-type: application/json; charset=UTF-8[\r][\n]"
DEBUG: org.apache.http.wire - http-outgoing-182 << "connection: close[\r][\n]"
DEBUG: org.apache.http.wire - http-outgoing-182 << "content-length: 224[\r][\n]"
DEBUG: org.apache.http.wire - http-outgoing-182 << "server: httpd.js[\r][\n]"
DEBUG: org.apache.http.wire - http-outgoing-182 << "date: Fri, 26 Aug 2016 09:42:59 GMT[\r][\n]"
DEBUG: org.apache.http.wire - http-outgoing-182 << "[\r][\n]"
DEBUG: org.apache.http.headers - http-outgoing-182 << HTTP/1.1 200 OK
DEBUG: org.apache.http.headers - http-outgoing-182 << content-type: application/json; charset=UTF-8
DEBUG: org.apache.http.headers - http-outgoing-182 << connection: close
DEBUG: org.apache.http.headers - http-outgoing-182 << content-length: 224
DEBUG: org.apache.http.headers - http-outgoing-182 << server: httpd.js
DEBUG: org.apache.http.headers - http-outgoing-182 << date: Fri, 26 Aug 2016 09:42:59 GMT
DEBUG: org.apache.http.wire - http-outgoing-182 << "{"name":"findElement","sessionId":"2ee26769-3d37-b245-8426-d47429148238","status":0,"value":{"ELEMENT":"{a064294c-a286-9643-bf26-7a7fa7235290}","element-6066-11e4-a52e-4f735466cecf":"{a064294c-a286-9643-bf26-7a7fa7235290}"}}"
DEBUG: org.apache.http.impl.conn.DefaultManagedHttpClientConnection - http-outgoing-182: Close connection
DEBUG: org.apache.http.impl.execchain.MainClientExec - Connection discarded
DEBUG: org.apache.http.impl.conn.PoolingHttpClientConnectionManager - Connection released: [id: 182][route: {}->http://127.0.0.1:7057][total kept alive: 0; route allocated: 0 of 2000; total allocated: 0 of 2000]
DEBUG: org.apache.http.client.protocol.RequestAddCookies - CookieSpec selected: default
DEBUG: org.apache.http.client.protocol.RequestAuthCache - Auth cache not set in the context
DEBUG: org.apache.http.impl.conn.PoolingHttpClientConnectionManager - Connection request: [route: {}->http://127.0.0.1:7057][total kept alive: 0; route allocated: 0 of 2000; total allocated: 0 of 2000]
DEBUG: org.apache.http.impl.conn.PoolingHttpClientConnectionManager - Connection leased: [id: 183][route: {}->http://127.0.0.1:7057][total kept alive: 0; route allocated: 1 of 2000; total allocated: 1 of 2000]
DEBUG: org.apache.http.impl.execchain.MainClientExec - Opening connection {}->http://127.0.0.1:7057
DEBUG: org.apache.http.impl.conn.DefaultHttpClientConnectionOperator - Connecting to /127.0.0.1:7057
DEBUG: org.apache.http.impl.conn.DefaultHttpClientConnectionOperator - Connection established 127.0.0.1:60921<->127.0.0.1:7057
DEBUG: org.apache.http.impl.conn.DefaultManagedHttpClientConnection - http-outgoing-183: set socket timeout to 10800000
DEBUG: org.apache.http.impl.execchain.MainClientExec - Executing request POST /hub/session/2ee26769-3d37-b245-8426-d47429148238/element/%7Ba064294c-a286-9643-bf26-7a7fa7235290%7D/clear HTTP/1.1
DEBUG: org.apache.http.impl.execchain.MainClientExec - Target auth state: UNCHALLENGED
DEBUG: org.apache.http.impl.execchain.MainClientExec - Proxy auth state: UNCHALLENGED
DEBUG: org.apache.http.headers - http-outgoing-183 >> POST /hub/session/2ee26769-3d37-b245-8426-d47429148238/element/%7Ba064294c-a286-9643-bf26-7a7fa7235290%7D/clear HTTP/1.1
DEBUG: org.apache.http.headers - http-outgoing-183 >> Content-Type: application/json; charset=utf-8
DEBUG: org.apache.http.headers - http-outgoing-183 >> Content-Length: 47
DEBUG: org.apache.http.headers - http-outgoing-183 >> Host: 127.0.0.1:7057
DEBUG: org.apache.http.headers - http-outgoing-183 >> Connection: Keep-Alive
DEBUG: org.apache.http.headers - http-outgoing-183 >> User-Agent: Apache-HttpClient/4.5.2 (Java/1.7.0_79)
DEBUG: org.apache.http.headers - http-outgoing-183 >> Accept-Encoding: gzip,deflate
DEBUG: org.apache.http.wire - http-outgoing-183 >> "POST /hub/session/2ee26769-3d37-b245-8426-d47429148238/element/%7Ba064294c-a286-9643-bf26-7a7fa7235290%7D/clear HTTP/1.1[\r][\n]"
DEBUG: org.apache.http.wire - http-outgoing-183 >> "Content-Type: application/json; charset=utf-8[\r][\n]"
DEBUG: org.apache.http.wire - http-outgoing-183 >> "Content-Length: 47[\r][\n]"
DEBUG: org.apache.http.wire - http-outgoing-183 >> "Host: 127.0.0.1:7057[\r][\n]"
DEBUG: org.apache.http.wire - http-outgoing-183 >> "Connection: Keep-Alive[\r][\n]"
DEBUG: org.apache.http.wire - http-outgoing-183 >> "User-Agent: Apache-HttpClient/4.5.2 (Java/1.7.0_79)[\r][\n]"
DEBUG: org.apache.http.wire - http-outgoing-183 >> "Accept-Encoding: gzip,deflate[\r][\n]"
DEBUG: org.apache.http.wire - http-outgoing-183 >> "[\r][\n]"
DEBUG: org.apache.http.wire - http-outgoing-183 >> "{"id":"{a064294c-a286-9643-bf26-7a7fa7235290}"}"
DEBUG: org.apache.http.wire - http-outgoing-183 << "HTTP/1.1 200 OK[\r][\n]"
DEBUG: org.apache.http.wire - http-outgoing-183 << "content-type: application/json; charset=UTF-8[\r][\n]"
DEBUG: org.apache.http.wire - http-outgoing-183 << "connection: close[\r][\n]"
DEBUG: org.apache.http.wire - http-outgoing-183 << "content-length: 96[\r][\n]"
DEBUG: org.apache.http.wire - http-outgoing-183 << "server: httpd.js[\r][\n]"
DEBUG: org.apache.http.wire - http-outgoing-183 << "date: Fri, 26 Aug 2016 09:42:59 GMT[\r][\n]"
DEBUG: org.apache.http.wire - http-outgoing-183 << "[\r][\n]"
DEBUG: org.apache.http.headers - http-outgoing-183 << HTTP/1.1 200 OK
DEBUG: org.apache.http.headers - http-outgoing-183 << content-type: application/json; charset=UTF-8
DEBUG: org.apache.http.headers - http-outgoing-183 << connection: close
DEBUG: org.apache.http.headers - http-outgoing-183 << content-length: 96
DEBUG: org.apache.http.headers - http-outgoing-183 << server: httpd.js
DEBUG: org.apache.http.headers - http-outgoing-183 << date: Fri, 26 Aug 2016 09:42:59 GMT
DEBUG: org.apache.http.wire - http-outgoing-183 << "{"name":"clearElement","sessionId":"2ee26769-3d37-b245-8426-d47429148238","status":0,"value":""}"
DEBUG: org.apache.http.impl.conn.DefaultManagedHttpClientConnection - http-outgoing-183: Close connection
DEBUG: org.apache.http.impl.execchain.MainClientExec - Connection discarded
DEBUG: org.apache.http.impl.conn.PoolingHttpClientConnectionManager - Connection released: [id: 183][route: {}->http://127.0.0.1:7057][total kept alive: 0; route allocated: 0 of 2000; total allocated: 0 of 2000]
DEBUG: org.apache.http.client.protocol.RequestAddCookies - CookieSpec selected: default
DEBUG: org.apache.http.client.protocol.RequestAuthCache - Auth cache not set in the context
DEBUG: org.apache.http.impl.conn.PoolingHttpClientConnectionManager - Connection request: [route: {}->http://127.0.0.1:7057][total kept alive: 0; route allocated: 0 of 2000; total allocated: 0 of 2000]
DEBUG: org.apache.http.impl.conn.PoolingHttpClientConnectionManager - Connection leased: [id: 184][route: {}->http://127.0.0.1:7057][total kept alive: 0; route allocated: 1 of 2000; total allocated: 1 of 2000]
DEBUG: org.apache.http.impl.execchain.MainClientExec - Opening connection {}->http://127.0.0.1:7057
DEBUG: org.apache.http.impl.conn.DefaultHttpClientConnectionOperator - Connecting to /127.0.0.1:7057
DEBUG: org.apache.http.impl.conn.DefaultHttpClientConnectionOperator - Connection established 127.0.0.1:60922<->127.0.0.1:7057
DEBUG: org.apache.http.impl.conn.DefaultManagedHttpClientConnection - http-outgoing-184: set socket timeout to 10800000
DEBUG: org.apache.http.impl.execchain.MainClientExec - Executing request POST /hub/session/2ee26769-3d37-b245-8426-d47429148238/element/%7Ba064294c-a286-9643-bf26-7a7fa7235290%7D/value HTTP/1.1
DEBUG: org.apache.http.impl.execchain.MainClientExec - Target auth state: UNCHALLENGED
DEBUG: org.apache.http.impl.execchain.MainClientExec - Proxy auth state: UNCHALLENGED
DEBUG: org.apache.http.headers - http-outgoing-184 >> POST /hub/session/2ee26769-3d37-b245-8426-d47429148238/element/%7Ba064294c-a286-9643-bf26-7a7fa7235290%7D/value HTTP/1.1
DEBUG: org.apache.http.headers - http-outgoing-184 >> Content-Type: application/json; charset=utf-8
DEBUG: org.apache.http.headers - http-outgoing-184 >> Content-Length: 67
DEBUG: org.apache.http.headers - http-outgoing-184 >> Host: 127.0.0.1:7057
DEBUG: org.apache.http.headers - http-outgoing-184 >> Connection: Keep-Alive
DEBUG: org.apache.http.headers - http-outgoing-184 >> User-Agent: Apache-HttpClient/4.5.2 (Java/1.7.0_79)
DEBUG: org.apache.http.headers - http-outgoing-184 >> Accept-Encoding: gzip,deflate
DEBUG: org.apache.http.wire - http-outgoing-184 >> "POST /hub/session/2ee26769-3d37-b245-8426-d47429148238/element/%7Ba064294c-a286-9643-bf26-7a7fa7235290%7D/value HTTP/1.1[\r][\n]"
DEBUG: org.apache.http.wire - http-outgoing-184 >> "Content-Type: application/json; charset=utf-8[\r][\n]"
DEBUG: org.apache.http.wire - http-outgoing-184 >> "Content-Length: 67[\r][\n]"
DEBUG: org.apache.http.wire - http-outgoing-184 >> "Host: 127.0.0.1:7057[\r][\n]"
DEBUG: org.apache.http.wire - http-outgoing-184 >> "Connection: Keep-Alive[\r][\n]"
DEBUG: org.apache.http.wire - http-outgoing-184 >> "User-Agent: Apache-HttpClient/4.5.2 (Java/1.7.0_79)[\r][\n]"
DEBUG: org.apache.http.wire - http-outgoing-184 >> "Accept-Encoding: gzip,deflate[\r][\n]"
DEBUG: org.apache.http.wire - http-outgoing-184 >> "[\r][\n]"
DEBUG: org.apache.http.wire - http-outgoing-184 >> "{"id":"{a064294c-a286-9643-bf26-7a7fa7235290}","value":["2899.00"]}"
DEBUG: org.apache.http.wire - http-outgoing-184 << "HTTP/1.1 200 OK[\r][\n]"
DEBUG: org.apache.http.wire - http-outgoing-184 << "content-type: application/json; charset=UTF-8[\r][\n]"
DEBUG: org.apache.http.wire - http-outgoing-184 << "connection: close[\r][\n]"
DEBUG: org.apache.http.wire - http-outgoing-184 << "content-length: 101[\r][\n]"
DEBUG: org.apache.http.wire - http-outgoing-184 << "server: httpd.js[\r][\n]"
DEBUG: org.apache.http.wire - http-outgoing-184 << "date: Fri, 26 Aug 2016 09:42:59 GMT[\r][\n]"
DEBUG: org.apache.http.wire - http-outgoing-184 << "[\r][\n]"
DEBUG: org.apache.http.headers - http-outgoing-184 << HTTP/1.1 200 OK
DEBUG: org.apache.http.headers - http-outgoing-184 << content-type: application/json; charset=UTF-8
DEBUG: org.apache.http.headers - http-outgoing-184 << connection: close
DEBUG: org.apache.http.headers - http-outgoing-184 << content-length: 101
DEBUG: org.apache.http.headers - http-outgoing-184 << server: httpd.js
DEBUG: org.apache.http.headers - http-outgoing-184 << date: Fri, 26 Aug 2016 09:42:59 GMT
DEBUG: org.apache.http.wire - http-outgoing-184 << "{"name":"sendKeysToElement","sessionId":"2ee26769-3d37-b245-8426-d47429148238","status":0,"value":""}"
DEBUG: org.apache.http.impl.conn.DefaultManagedHttpClientConnection - http-outgoing-184: Close connection
DEBUG: org.apache.http.impl.execchain.MainClientExec - Connection discarded
DEBUG: org.apache.http.impl.conn.PoolingHttpClientConnectionManager - Connection released: [id: 184][route: {}->http://127.0.0.1:7057][total kept alive: 0; route allocated: 0 of 2000; total allocated: 0 of 2000]
DEBUG: org.apache.http.client.protocol.RequestAddCookies - CookieSpec selected: default
DEBUG: org.apache.http.client.protocol.RequestAuthCache - Auth cache not set in the context
DEBUG: org.apache.http.impl.conn.PoolingHttpClientConnectionManager - Connection request: [route: {}->http://127.0.0.1:7057][total kept alive: 0; route allocated: 0 of 2000; total allocated: 0 of 2000]
DEBUG: org.apache.http.impl.conn.PoolingHttpClientConnectionManager - Connection leased: [id: 185][route: {}->http://127.0.0.1:7057][total kept alive: 0; route allocated: 1 of 2000; total allocated: 1 of 2000]
DEBUG: org.apache.http.impl.execchain.MainClientExec - Opening connection {}->http://127.0.0.1:7057
DEBUG: org.apache.http.impl.conn.DefaultHttpClientConnectionOperator - Connecting to /127.0.0.1:7057
DEBUG: org.apache.http.impl.conn.DefaultHttpClientConnectionOperator - Connection established 127.0.0.1:60923<->127.0.0.1:7057
DEBUG: org.apache.http.impl.conn.DefaultManagedHttpClientConnection - http-outgoing-185: set socket timeout to 10800000
DEBUG: org.apache.http.impl.execchain.MainClientExec - Executing request POST /hub/session/2ee26769-3d37-b245-8426-d47429148238/element HTTP/1.1
DEBUG: org.apache.http.impl.execchain.MainClientExec - Target auth state: UNCHALLENGED
DEBUG: org.apache.http.impl.execchain.MainClientExec - Proxy auth state: UNCHALLENGED
DEBUG: org.apache.http.headers - http-outgoing-185 >> POST /hub/session/2ee26769-3d37-b245-8426-d47429148238/element HTTP/1.1
DEBUG: org.apache.http.headers - http-outgoing-185 >> Content-Type: application/json; charset=utf-8
DEBUG: org.apache.http.headers - http-outgoing-185 >> Content-Length: 29
DEBUG: org.apache.http.headers - http-outgoing-185 >> Host: 127.0.0.1:7057
DEBUG: org.apache.http.headers - http-outgoing-185 >> Connection: Keep-Alive
DEBUG: org.apache.http.headers - http-outgoing-185 >> User-Agent: Apache-HttpClient/4.5.2 (Java/1.7.0_79)
DEBUG: org.apache.http.headers - http-outgoing-185 >> Accept-Encoding: gzip,deflate
DEBUG: org.apache.http.wire - http-outgoing-185 >> "POST /hub/session/2ee26769-3d37-b245-8426-d47429148238/element HTTP/1.1[\r][\n]"
DEBUG: org.apache.http.wire - http-outgoing-185 >> "Content-Type: application/json; charset=utf-8[\r][\n]"
DEBUG: org.apache.http.wire - http-outgoing-185 >> "Content-Length: 29[\r][\n]"
DEBUG: org.apache.http.wire - http-outgoing-185 >> "Host: 127.0.0.1:7057[\r][\n]"
DEBUG: org.apache.http.wire - http-outgoing-185 >> "Connection: Keep-Alive[\r][\n]"
DEBUG: org.apache.http.wire - http-outgoing-185 >> "User-Agent: Apache-HttpClient/4.5.2 (Java/1.7.0_79)[\r][\n]"
DEBUG: org.apache.http.wire - http-outgoing-185 >> "Accept-Encoding: gzip,deflate[\r][\n]"
DEBUG: org.apache.http.wire - http-outgoing-185 >> "[\r][\n]"
DEBUG: org.apache.http.wire - http-outgoing-185 >> "{"using":"id","value":"type"}"
DEBUG: org.apache.http.wire - http-outgoing-185 << "HTTP/1.1 200 OK[\r][\n]"
DEBUG: org.apache.http.wire - http-outgoing-185 << "content-type: application/json; charset=UTF-8[\r][\n]"
DEBUG: org.apache.http.wire - http-outgoing-185 << "connection: close[\r][\n]"
DEBUG: org.apache.http.wire - http-outgoing-185 << "content-length: 224[\r][\n]"
DEBUG: org.apache.http.wire - http-outgoing-185 << "server: httpd.js[\r][\n]"
DEBUG: org.apache.http.wire - http-outgoing-185 << "date: Fri, 26 Aug 2016 09:42:59 GMT[\r][\n]"
DEBUG: org.apache.http.wire - http-outgoing-185 << "[\r][\n]"
DEBUG: org.apache.http.headers - http-outgoing-185 << HTTP/1.1 200 OK
DEBUG: org.apache.http.headers - http-outgoing-185 << content-type: application/json; charset=UTF-8
DEBUG: org.apache.http.headers - http-outgoing-185 << connection: close
DEBUG: org.apache.http.headers - http-outgoing-185 << content-length: 224
DEBUG: org.apache.http.headers - http-outgoing-185 << server: httpd.js
DEBUG: org.apache.http.headers - http-outgoing-185 << date: Fri, 26 Aug 2016 09:42:59 GMT
DEBUG: org.apache.http.wire - http-outgoing-185 << "{"name":"findElement","sessionId":"2ee26769-3d37-b245-8426-d47429148238","status":0,"value":{"ELEMENT":"{1884586f-6009-5e47-bf15-db780ffcb546}","element-6066-11e4-a52e-4f735466cecf":"{1884586f-6009-5e47-bf15-db780ffcb546}"}}"
DEBUG: org.apache.http.impl.conn.DefaultManagedHttpClientConnection - http-outgoing-185: Close connection
DEBUG: org.apache.http.impl.execchain.MainClientExec - Connection discarded
DEBUG: org.apache.http.impl.conn.PoolingHttpClientConnectionManager - Connection released: [id: 185][route: {}->http://127.0.0.1:7057][total kept alive: 0; route allocated: 0 of 2000; total allocated: 0 of 2000]
DEBUG: org.apache.http.client.protocol.RequestAddCookies - CookieSpec selected: default
DEBUG: org.apache.http.client.protocol.RequestAuthCache - Auth cache not set in the context
DEBUG: org.apache.http.impl.conn.PoolingHttpClientConnectionManager - Connection request: [route: {}->http://127.0.0.1:7057][total kept alive: 0; route allocated: 0 of 2000; total allocated: 0 of 2000]
DEBUG: org.apache.http.impl.conn.PoolingHttpClientConnectionManager - Connection leased: [id: 186][route: {}->http://127.0.0.1:7057][total kept alive: 0; route allocated: 1 of 2000; total allocated: 1 of 2000]
DEBUG: org.apache.http.impl.execchain.MainClientExec - Opening connection {}->http://127.0.0.1:7057
DEBUG: org.apache.http.impl.conn.DefaultHttpClientConnectionOperator - Connecting to /127.0.0.1:7057
DEBUG: org.apache.http.impl.conn.DefaultHttpClientConnectionOperator - Connection established 127.0.0.1:60924<->127.0.0.1:7057
DEBUG: org.apache.http.impl.conn.DefaultManagedHttpClientConnection - http-outgoing-186: set socket timeout to 10800000
DEBUG: org.apache.http.impl.execchain.MainClientExec - Executing request GET /hub/session/2ee26769-3d37-b245-8426-d47429148238/element/%7B1884586f-6009-5e47-bf15-db780ffcb546%7D/name HTTP/1.1
DEBUG: org.apache.http.impl.execchain.MainClientExec - Target auth state: UNCHALLENGED
DEBUG: org.apache.http.impl.execchain.MainClientExec - Proxy auth state: UNCHALLENGED
DEBUG: org.apache.http.headers - http-outgoing-186 >> GET /hub/session/2ee26769-3d37-b245-8426-d47429148238/element/%7B1884586f-6009-5e47-bf15-db780ffcb546%7D/name HTTP/1.1
DEBUG: org.apache.http.headers - http-outgoing-186 >> Cache-Control: no-cache
DEBUG: org.apache.http.headers - http-outgoing-186 >> Host: 127.0.0.1:7057
DEBUG: org.apache.http.headers - http-outgoing-186 >> Connection: Keep-Alive
DEBUG: org.apache.http.headers - http-outgoing-186 >> User-Agent: Apache-HttpClient/4.5.2 (Java/1.7.0_79)
DEBUG: org.apache.http.headers - http-outgoing-186 >> Accept-Encoding: gzip,deflate
DEBUG: org.apache.http.wire - http-outgoing-186 >> "GET /hub/session/2ee26769-3d37-b245-8426-d47429148238/element/%7B1884586f-6009-5e47-bf15-db780ffcb546%7D/name HTTP/1.1[\r][\n]"
DEBUG: org.apache.http.wire - http-outgoing-186 >> "Cache-Control: no-cache[\r][\n]"
DEBUG: org.apache.http.wire - http-outgoing-186 >> "Host: 127.0.0.1:7057[\r][\n]"
DEBUG: org.apache.http.wire - http-outgoing-186 >> "Connection: Keep-Alive[\r][\n]"
DEBUG: org.apache.http.wire - http-outgoing-186 >> "User-Agent: Apache-HttpClient/4.5.2 (Java/1.7.0_79)[\r][\n]"
DEBUG: org.apache.http.wire - http-outgoing-186 >> "Accept-Encoding: gzip,deflate[\r][\n]"
DEBUG: org.apache.http.wire - http-outgoing-186 >> "[\r][\n]"
DEBUG: org.apache.http.wire - http-outgoing-186 << "HTTP/1.1 200 OK[\r][\n]"
DEBUG: org.apache.http.wire - http-outgoing-186 << "content-type: application/json; charset=UTF-8[\r][\n]"
DEBUG: org.apache.http.wire - http-outgoing-186 << "connection: close[\r][\n]"
DEBUG: org.apache.http.wire - http-outgoing-186 << "content-length: 107[\r][\n]"
DEBUG: org.apache.http.wire - http-outgoing-186 << "server: httpd.js[\r][\n]"
DEBUG: org.apache.http.wire - http-outgoing-186 << "date: Fri, 26 Aug 2016 09:42:59 GMT[\r][\n]"
DEBUG: org.apache.http.wire - http-outgoing-186 << "[\r][\n]"
DEBUG: org.apache.http.headers - http-outgoing-186 << HTTP/1.1 200 OK
DEBUG: org.apache.http.headers - http-outgoing-186 << content-type: application/json; charset=UTF-8
DEBUG: org.apache.http.headers - http-outgoing-186 << connection: close
DEBUG: org.apache.http.headers - http-outgoing-186 << content-length: 107
DEBUG: org.apache.http.headers - http-outgoing-186 << server: httpd.js
DEBUG: org.apache.http.headers - http-outgoing-186 << date: Fri, 26 Aug 2016 09:42:59 GMT
DEBUG: org.apache.http.wire - http-outgoing-186 << "{"name":"getElementTagName","sessionId":"2ee26769-3d37-b245-8426-d47429148238","status":0,"value":"select"}"
DEBUG: org.apache.http.impl.conn.DefaultManagedHttpClientConnection - http-outgoing-186: Close connection
DEBUG: org.apache.http.impl.execchain.MainClientExec - Connection discarded
DEBUG: org.apache.http.impl.conn.PoolingHttpClientConnectionManager - Connection released: [id: 186][route: {}->http://127.0.0.1:7057][total kept alive: 0; route allocated: 0 of 2000; total allocated: 0 of 2000]
DEBUG: org.apache.http.client.protocol.RequestAddCookies - CookieSpec selected: default
DEBUG: org.apache.http.client.protocol.RequestAuthCache - Auth cache not set in the context
DEBUG: org.apache.http.impl.conn.PoolingHttpClientConnectionManager - Connection request: [route: {}->http://127.0.0.1:7057][total kept alive: 0; route allocated: 0 of 2000; total allocated: 0 of 2000]
DEBUG: org.apache.http.impl.conn.PoolingHttpClientConnectionManager - Connection leased: [id: 187][route: {}->http://127.0.0.1:7057][total kept alive: 0; route allocated: 1 of 2000; total allocated: 1 of 2000]
DEBUG: org.apache.http.impl.execchain.MainClientExec - Opening connection {}->http://127.0.0.1:7057
DEBUG: org.apache.http.impl.conn.DefaultHttpClientConnectionOperator - Connecting to /127.0.0.1:7057
DEBUG: org.apache.http.impl.conn.DefaultHttpClientConnectionOperator - Connection established 127.0.0.1:60925<->127.0.0.1:7057
DEBUG: org.apache.http.impl.conn.DefaultManagedHttpClientConnection - http-outgoing-187: set socket timeout to 10800000
DEBUG: org.apache.http.impl.execchain.MainClientExec - Executing request GET /hub/session/2ee26769-3d37-b245-8426-d47429148238/element/%7B1884586f-6009-5e47-bf15-db780ffcb546%7D/attribute/multiple HTTP/1.1
DEBUG: org.apache.http.impl.execchain.MainClientExec - Target auth state: UNCHALLENGED
DEBUG: org.apache.http.impl.execchain.MainClientExec - Proxy auth state: UNCHALLENGED
DEBUG: org.apache.http.headers - http-outgoing-187 >> GET /hub/session/2ee26769-3d37-b245-8426-d47429148238/element/%7B1884586f-6009-5e47-bf15-db780ffcb546%7D/attribute/multiple HTTP/1.1
DEBUG: org.apache.http.headers - http-outgoing-187 >> Cache-Control: no-cache
DEBUG: org.apache.http.headers - http-outgoing-187 >> Host: 127.0.0.1:7057
DEBUG: org.apache.http.headers - http-outgoing-187 >> Connection: Keep-Alive
DEBUG: org.apache.http.headers - http-outgoing-187 >> User-Agent: Apache-HttpClient/4.5.2 (Java/1.7.0_79)
DEBUG: org.apache.http.headers - http-outgoing-187 >> Accept-Encoding: gzip,deflate
DEBUG: org.apache.http.wire - http-outgoing-187 >> "GET /hub/session/2ee26769-3d37-b245-8426-d47429148238/element/%7B1884586f-6009-5e47-bf15-db780ffcb546%7D/attribute/multiple HTTP/1.1[\r][\n]"
DEBUG: org.apache.http.wire - http-outgoing-187 >> "Cache-Control: no-cache[\r][\n]"
DEBUG: org.apache.http.wire - http-outgoing-187 >> "Host: 127.0.0.1:7057[\r][\n]"
DEBUG: org.apache.http.wire - http-outgoing-187 >> "Connection: Keep-Alive[\r][\n]"
DEBUG: org.apache.http.wire - http-outgoing-187 >> "User-Agent: Apache-HttpClient/4.5.2 (Java/1.7.0_79)[\r][\n]"
DEBUG: org.apache.http.wire - http-outgoing-187 >> "Accept-Encoding: gzip,deflate[\r][\n]"
DEBUG: org.apache.http.wire - http-outgoing-187 >> "[\r][\n]"
DEBUG: org.apache.http.wire - http-outgoing-187 << "HTTP/1.1 200 OK[\r][\n]"
DEBUG: org.apache.http.wire - http-outgoing-187 << "content-type: application/json; charset=UTF-8[\r][\n]"
DEBUG: org.apache.http.wire - http-outgoing-187 << "connection: close[\r][\n]"
DEBUG: org.apache.http.wire - http-outgoing-187 << "content-length: 105[\r][\n]"
DEBUG: org.apache.http.wire - http-outgoing-187 << "server: httpd.js[\r][\n]"
DEBUG: org.apache.http.wire - http-outgoing-187 << "date: Fri, 26 Aug 2016 09:42:59 GMT[\r][\n]"
DEBUG: org.apache.http.wire - http-outgoing-187 << "[\r][\n]"
DEBUG: org.apache.http.headers - http-outgoing-187 << HTTP/1.1 200 OK
DEBUG: org.apache.http.headers - http-outgoing-187 << content-type: application/json; charset=UTF-8
DEBUG: org.apache.http.headers - http-outgoing-187 << connection: close
DEBUG: org.apache.http.headers - http-outgoing-187 << content-length: 105
DEBUG: org.apache.http.headers - http-outgoing-187 << server: httpd.js
DEBUG: org.apache.http.headers - http-outgoing-187 << date: Fri, 26 Aug 2016 09:42:59 GMT
DEBUG: org.apache.http.wire - http-outgoing-187 << "{"name":"getElementAttribute","sessionId":"2ee26769-3d37-b245-8426-d47429148238","status":0,"value":null}"
DEBUG: org.apache.http.impl.conn.DefaultManagedHttpClientConnection - http-outgoing-187: Close connection
DEBUG: org.apache.http.impl.execchain.MainClientExec - Connection discarded
DEBUG: org.apache.http.impl.conn.PoolingHttpClientConnectionManager - Connection released: [id: 187][route: {}->http://127.0.0.1:7057][total kept alive: 0; route allocated: 0 of 2000; total allocated: 0 of 2000]
DEBUG: org.apache.http.client.protocol.RequestAddCookies - CookieSpec selected: default
DEBUG: org.apache.http.client.protocol.RequestAuthCache - Auth cache not set in the context
DEBUG: org.apache.http.impl.conn.PoolingHttpClientConnectionManager - Connection request: [route: {}->http://127.0.0.1:7057][total kept alive: 0; route allocated: 0 of 2000; total allocated: 0 of 2000]
DEBUG: org.apache.http.impl.conn.PoolingHttpClientConnectionManager - Connection leased: [id: 188][route: {}->http://127.0.0.1:7057][total kept alive: 0; route allocated: 1 of 2000; total allocated: 1 of 2000]
DEBUG: org.apache.http.impl.execchain.MainClientExec - Opening connection {}->http://127.0.0.1:7057
DEBUG: org.apache.http.impl.conn.DefaultHttpClientConnectionOperator - Connecting to /127.0.0.1:7057
DEBUG: org.apache.http.impl.conn.DefaultHttpClientConnectionOperator - Connection established 127.0.0.1:60926<->127.0.0.1:7057
DEBUG: org.apache.http.impl.conn.DefaultManagedHttpClientConnection - http-outgoing-188: set socket timeout to 10800000
DEBUG: org.apache.http.impl.execchain.MainClientExec - Executing request POST /hub/session/2ee26769-3d37-b245-8426-d47429148238/element/%7B1884586f-6009-5e47-bf15-db780ffcb546%7D/elements HTTP/1.1
DEBUG: org.apache.http.impl.execchain.MainClientExec - Target auth state: UNCHALLENGED
DEBUG: org.apache.http.impl.execchain.MainClientExec - Proxy auth state: UNCHALLENGED
DEBUG: org.apache.http.headers - http-outgoing-188 >> POST /hub/session/2ee26769-3d37-b245-8426-d47429148238/element/%7B1884586f-6009-5e47-bf15-db780ffcb546%7D/elements HTTP/1.1
DEBUG: org.apache.http.headers - http-outgoing-188 >> Content-Type: application/json; charset=utf-8
DEBUG: org.apache.http.headers - http-outgoing-188 >> Content-Length: 121
DEBUG: org.apache.http.headers - http-outgoing-188 >> Host: 127.0.0.1:7057
DEBUG: org.apache.http.headers - http-outgoing-188 >> Connection: Keep-Alive
DEBUG: org.apache.http.headers - http-outgoing-188 >> User-Agent: Apache-HttpClient/4.5.2 (Java/1.7.0_79)
DEBUG: org.apache.http.headers - http-outgoing-188 >> Accept-Encoding: gzip,deflate
DEBUG: org.apache.http.wire - http-outgoing-188 >> "POST /hub/session/2ee26769-3d37-b245-8426-d47429148238/element/%7B1884586f-6009-5e47-bf15-db780ffcb546%7D/elements HTTP/1.1[\r][\n]"
DEBUG: org.apache.http.wire - http-outgoing-188 >> "Content-Type: application/json; charset=utf-8[\r][\n]"
DEBUG: org.apache.http.wire - http-outgoing-188 >> "Content-Length: 121[\r][\n]"
DEBUG: org.apache.http.wire - http-outgoing-188 >> "Host: 127.0.0.1:7057[\r][\n]"
DEBUG: org.apache.http.wire - http-outgoing-188 >> "Connection: Keep-Alive[\r][\n]"
DEBUG: org.apache.http.wire - http-outgoing-188 >> "User-Agent: Apache-HttpClient/4.5.2 (Java/1.7.0_79)[\r][\n]"
DEBUG: org.apache.http.wire - http-outgoing-188 >> "Accept-Encoding: gzip,deflate[\r][\n]"
DEBUG: org.apache.http.wire - http-outgoing-188 >> "[\r][\n]"
DEBUG: org.apache.http.wire - http-outgoing-188 >> "{"id":"{1884586f-6009-5e47-bf15-db780ffcb546}","using":"xpath","value":".//option[normalize-space(.) = \"ACCESSORIES\"]"}"
DEBUG: org.apache.http.wire - http-outgoing-188 << "HTTP/1.1 200 OK[\r][\n]"
DEBUG: org.apache.http.wire - http-outgoing-188 << "content-type: application/json; charset=UTF-8[\r][\n]"
DEBUG: org.apache.http.wire - http-outgoing-188 << "connection: close[\r][\n]"
DEBUG: org.apache.http.wire - http-outgoing-188 << "content-length: 232[\r][\n]"
DEBUG: org.apache.http.wire - http-outgoing-188 << "server: httpd.js[\r][\n]"
DEBUG: org.apache.http.wire - http-outgoing-188 << "date: Fri, 26 Aug 2016 09:42:59 GMT[\r][\n]"
DEBUG: org.apache.http.wire - http-outgoing-188 << "[\r][\n]"
DEBUG: org.apache.http.headers - http-outgoing-188 << HTTP/1.1 200 OK
DEBUG: org.apache.http.headers - http-outgoing-188 << content-type: application/json; charset=UTF-8
DEBUG: org.apache.http.headers - http-outgoing-188 << connection: close
DEBUG: org.apache.http.headers - http-outgoing-188 << content-length: 232
DEBUG: org.apache.http.headers - http-outgoing-188 << server: httpd.js
DEBUG: org.apache.http.headers - http-outgoing-188 << date: Fri, 26 Aug 2016 09:42:59 GMT
DEBUG: org.apache.http.wire - http-outgoing-188 << "{"name":"findChildElements","sessionId":"2ee26769-3d37-b245-8426-d47429148238","status":0,"value":[{"ELEMENT":"{f93bfe9c-88bc-0d4c-853c-c47872e250cd}","element-6066-11e4-a52e-4f735466cecf":"{f93bfe9c-88bc-0d4c-853c-c47872e250cd}"}]}"
DEBUG: org.apache.http.impl.conn.DefaultManagedHttpClientConnection - http-outgoing-188: Close connection
DEBUG: org.apache.http.impl.execchain.MainClientExec - Connection discarded
DEBUG: org.apache.http.impl.conn.PoolingHttpClientConnectionManager - Connection released: [id: 188][route: {}->http://127.0.0.1:7057][total kept alive: 0; route allocated: 0 of 2000; total allocated: 0 of 2000]
DEBUG: org.apache.http.client.protocol.RequestAddCookies - CookieSpec selected: default
DEBUG: org.apache.http.client.protocol.RequestAuthCache - Auth cache not set in the context
DEBUG: org.apache.http.impl.conn.PoolingHttpClientConnectionManager - Connection request: [route: {}->http://127.0.0.1:7057][total kept alive: 0; route allocated: 0 of 2000; total allocated: 0 of 2000]
DEBUG: org.apache.http.impl.conn.PoolingHttpClientConnectionManager - Connection leased: [id: 189][route: {}->http://127.0.0.1:7057][total kept alive: 0; route allocated: 1 of 2000; total allocated: 1 of 2000]
DEBUG: org.apache.http.impl.execchain.MainClientExec - Opening connection {}->http://127.0.0.1:7057
DEBUG: org.apache.http.impl.conn.DefaultHttpClientConnectionOperator - Connecting to /127.0.0.1:7057
DEBUG: org.apache.http.impl.conn.DefaultHttpClientConnectionOperator - Connection established 127.0.0.1:60927<->127.0.0.1:7057
DEBUG: org.apache.http.impl.conn.DefaultManagedHttpClientConnection - http-outgoing-189: set socket timeout to 10800000
DEBUG: org.apache.http.impl.execchain.MainClientExec - Executing request GET /hub/session/2ee26769-3d37-b245-8426-d47429148238/element/%7Bf93bfe9c-88bc-0d4c-853c-c47872e250cd%7D/selected HTTP/1.1
DEBUG: org.apache.http.impl.execchain.MainClientExec - Target auth state: UNCHALLENGED
DEBUG: org.apache.http.impl.execchain.MainClientExec - Proxy auth state: UNCHALLENGED
DEBUG: org.apache.http.headers - http-outgoing-189 >> GET /hub/session/2ee26769-3d37-b245-8426-d47429148238/element/%7Bf93bfe9c-88bc-0d4c-853c-c47872e250cd%7D/selected HTTP/1.1
DEBUG: org.apache.http.headers - http-outgoing-189 >> Cache-Control: no-cache
DEBUG: org.apache.http.headers - http-outgoing-189 >> Host: 127.0.0.1:7057
DEBUG: org.apache.http.headers - http-outgoing-189 >> Connection: Keep-Alive
DEBUG: org.apache.http.headers - http-outgoing-189 >> User-Agent: Apache-HttpClient/4.5.2 (Java/1.7.0_79)
DEBUG: org.apache.http.headers - http-outgoing-189 >> Accept-Encoding: gzip,deflate
DEBUG: org.apache.http.wire - http-outgoing-189 >> "GET /hub/session/2ee26769-3d37-b245-8426-d47429148238/element/%7Bf93bfe9c-88bc-0d4c-853c-c47872e250cd%7D/selected HTTP/1.1[\r][\n]"
DEBUG: org.apache.http.wire - http-outgoing-189 >> "Cache-Control: no-cache[\r][\n]"
DEBUG: org.apache.http.wire - http-outgoing-189 >> "Host: 127.0.0.1:7057[\r][\n]"
DEBUG: org.apache.http.wire - http-outgoing-189 >> "Connection: Keep-Alive[\r][\n]"
DEBUG: org.apache.http.wire - http-outgoing-189 >> "User-Agent: Apache-HttpClient/4.5.2 (Java/1.7.0_79)[\r][\n]"
DEBUG: org.apache.http.wire - http-outgoing-189 >> "Accept-Encoding: gzip,deflate[\r][\n]"
DEBUG: org.apache.http.wire - http-outgoing-189 >> "[\r][\n]"
DEBUG: org.apache.http.wire - http-outgoing-189 << "HTTP/1.1 200 OK[\r][\n]"
DEBUG: org.apache.http.wire - http-outgoing-189 << "content-type: application/json; charset=UTF-8[\r][\n]"
DEBUG: org.apache.http.wire - http-outgoing-189 << "connection: close[\r][\n]"
DEBUG: org.apache.http.wire - http-outgoing-189 << "content-length: 104[\r][\n]"
DEBUG: org.apache.http.wire - http-outgoing-189 << "server: httpd.js[\r][\n]"
DEBUG: org.apache.http.wire - http-outgoing-189 << "date: Fri, 26 Aug 2016 09:42:59 GMT[\r][\n]"
DEBUG: org.apache.http.wire - http-outgoing-189 << "[\r][\n]"
DEBUG: org.apache.http.headers - http-outgoing-189 << HTTP/1.1 200 OK
DEBUG: org.apache.http.headers - http-outgoing-189 << content-type: application/json; charset=UTF-8
DEBUG: org.apache.http.headers - http-outgoing-189 << connection: close
DEBUG: org.apache.http.headers - http-outgoing-189 << content-length: 104
DEBUG: org.apache.http.headers - http-outgoing-189 << server: httpd.js
DEBUG: org.apache.http.headers - http-outgoing-189 << date: Fri, 26 Aug 2016 09:42:59 GMT
DEBUG: org.apache.http.wire - http-outgoing-189 << "{"name":"isElementSelected","sessionId":"2ee26769-3d37-b245-8426-d47429148238","status":0,"value":false}"
DEBUG: org.apache.http.impl.conn.DefaultManagedHttpClientConnection - http-outgoing-189: Close connection
DEBUG: org.apache.http.impl.execchain.MainClientExec - Connection discarded
DEBUG: org.apache.http.impl.conn.PoolingHttpClientConnectionManager - Connection released: [id: 189][route: {}->http://127.0.0.1:7057][total kept alive: 0; route allocated: 0 of 2000; total allocated: 0 of 2000]
DEBUG: org.apache.http.client.protocol.RequestAddCookies - CookieSpec selected: default
DEBUG: org.apache.http.client.protocol.RequestAuthCache - Auth cache not set in the context
DEBUG: org.apache.http.impl.conn.PoolingHttpClientConnectionManager - Connection request: [route: {}->http://127.0.0.1:7057][total kept alive: 0; route allocated: 0 of 2000; total allocated: 0 of 2000]
DEBUG: org.apache.http.impl.conn.PoolingHttpClientConnectionManager - Connection leased: [id: 190][route: {}->http://127.0.0.1:7057][total kept alive: 0; route allocated: 1 of 2000; total allocated: 1 of 2000]
DEBUG: org.apache.http.impl.execchain.MainClientExec - Opening connection {}->http://127.0.0.1:7057
DEBUG: org.apache.http.impl.conn.DefaultHttpClientConnectionOperator - Connecting to /127.0.0.1:7057
DEBUG: org.apache.http.impl.conn.DefaultHttpClientConnectionOperator - Connection established 127.0.0.1:60928<->127.0.0.1:7057
DEBUG: org.apache.http.impl.conn.DefaultManagedHttpClientConnection - http-outgoing-190: set socket timeout to 10800000
DEBUG: org.apache.http.impl.execchain.MainClientExec - Executing request POST /hub/session/2ee26769-3d37-b245-8426-d47429148238/element/%7Bf93bfe9c-88bc-0d4c-853c-c47872e250cd%7D/click HTTP/1.1
DEBUG: org.apache.http.impl.execchain.MainClientExec - Target auth state: UNCHALLENGED
DEBUG: org.apache.http.impl.execchain.MainClientExec - Proxy auth state: UNCHALLENGED
DEBUG: org.apache.http.headers - http-outgoing-190 >> POST /hub/session/2ee26769-3d37-b245-8426-d47429148238/element/%7Bf93bfe9c-88bc-0d4c-853c-c47872e250cd%7D/click HTTP/1.1
DEBUG: org.apache.http.headers - http-outgoing-190 >> Content-Type: application/json; charset=utf-8
DEBUG: org.apache.http.headers - http-outgoing-190 >> Content-Length: 47
DEBUG: org.apache.http.headers - http-outgoing-190 >> Host: 127.0.0.1:7057
DEBUG: org.apache.http.headers - http-outgoing-190 >> Connection: Keep-Alive
DEBUG: org.apache.http.headers - http-outgoing-190 >> User-Agent: Apache-HttpClient/4.5.2 (Java/1.7.0_79)
DEBUG: org.apache.http.headers - http-outgoing-190 >> Accept-Encoding: gzip,deflate
DEBUG: org.apache.http.wire - http-outgoing-190 >> "POST /hub/session/2ee26769-3d37-b245-8426-d47429148238/element/%7Bf93bfe9c-88bc-0d4c-853c-c47872e250cd%7D/click HTTP/1.1[\r][\n]"
DEBUG: org.apache.http.wire - http-outgoing-190 >> "Content-Type: application/json; charset=utf-8[\r][\n]"
DEBUG: org.apache.http.wire - http-outgoing-190 >> "Content-Length: 47[\r][\n]"
DEBUG: org.apache.http.wire - http-outgoing-190 >> "Host: 127.0.0.1:7057[\r][\n]"
DEBUG: org.apache.http.wire - http-outgoing-190 >> "Connection: Keep-Alive[\r][\n]"
DEBUG: org.apache.http.wire - http-outgoing-190 >> "User-Agent: Apache-HttpClient/4.5.2 (Java/1.7.0_79)[\r][\n]"
DEBUG: org.apache.http.wire - http-outgoing-190 >> "Accept-Encoding: gzip,deflate[\r][\n]"
DEBUG: org.apache.http.wire - http-outgoing-190 >> "[\r][\n]"
DEBUG: org.apache.http.wire - http-outgoing-190 >> "{"id":"{f93bfe9c-88bc-0d4c-853c-c47872e250cd}"}"
DEBUG: org.apache.http.wire - http-outgoing-190 << "HTTP/1.1 200 OK[\r][\n]"
DEBUG: org.apache.http.wire - http-outgoing-190 << "content-type: application/json; charset=UTF-8[\r][\n]"
DEBUG: org.apache.http.wire - http-outgoing-190 << "connection: close[\r][\n]"
DEBUG: org.apache.http.wire - http-outgoing-190 << "content-length: 98[\r][\n]"
DEBUG: org.apache.http.wire - http-outgoing-190 << "server: httpd.js[\r][\n]"
DEBUG: org.apache.http.wire - http-outgoing-190 << "date: Fri, 26 Aug 2016 09:43:00 GMT[\r][\n]"
DEBUG: org.apache.http.wire - http-outgoing-190 << "[\r][\n]"
DEBUG: org.apache.http.headers - http-outgoing-190 << HTTP/1.1 200 OK
DEBUG: org.apache.http.headers - http-outgoing-190 << content-type: application/json; charset=UTF-8
DEBUG: org.apache.http.headers - http-outgoing-190 << connection: close
DEBUG: org.apache.http.headers - http-outgoing-190 << content-length: 98
DEBUG: org.apache.http.headers - http-outgoing-190 << server: httpd.js
DEBUG: org.apache.http.headers - http-outgoing-190 << date: Fri, 26 Aug 2016 09:43:00 GMT
DEBUG: org.apache.http.wire - http-outgoing-190 << "{"name":"clickElement","sessionId":"2ee26769-3d37-b245-8426-d47429148238","status":0,"value":"ok"}"
DEBUG: org.apache.http.impl.conn.DefaultManagedHttpClientConnection - http-outgoing-190: Close connection
DEBUG: org.apache.http.impl.execchain.MainClientExec - Connection discarded
DEBUG: org.apache.http.impl.conn.PoolingHttpClientConnectionManager - Connection released: [id: 190][route: {}->http://127.0.0.1:7057][total kept alive: 0; route allocated: 0 of 2000; total allocated: 0 of 2000]
DEBUG: org.apache.http.client.protocol.RequestAddCookies - CookieSpec selected: default
DEBUG: org.apache.http.client.protocol.RequestAuthCache - Auth cache not set in the context
DEBUG: org.apache.http.impl.conn.PoolingHttpClientConnectionManager - Connection request: [route: {}->http://127.0.0.1:7057][total kept alive: 0; route allocated: 0 of 2000; total allocated: 0 of 2000]
DEBUG: org.apache.http.impl.conn.PoolingHttpClientConnectionManager - Connection leased: [id: 191][route: {}->http://127.0.0.1:7057][total kept alive: 0; route allocated: 1 of 2000; total allocated: 1 of 2000]
DEBUG: org.apache.http.impl.execchain.MainClientExec - Opening connection {}->http://127.0.0.1:7057
DEBUG: org.apache.http.impl.conn.DefaultHttpClientConnectionOperator - Connecting to /127.0.0.1:7057
DEBUG: org.apache.http.impl.conn.DefaultHttpClientConnectionOperator - Connection established 127.0.0.1:60929<->127.0.0.1:7057
DEBUG: org.apache.http.impl.conn.DefaultManagedHttpClientConnection - http-outgoing-191: set socket timeout to 10800000
DEBUG: org.apache.http.impl.execchain.MainClientExec - Executing request POST /hub/session/2ee26769-3d37-b245-8426-d47429148238/element HTTP/1.1
DEBUG: org.apache.http.impl.execchain.MainClientExec - Target auth state: UNCHALLENGED
DEBUG: org.apache.http.impl.execchain.MainClientExec - Proxy auth state: UNCHALLENGED
DEBUG: org.apache.http.headers - http-outgoing-191 >> POST /hub/session/2ee26769-3d37-b245-8426-d47429148238/element HTTP/1.1
DEBUG: org.apache.http.headers - http-outgoing-191 >> Content-Type: application/json; charset=utf-8
DEBUG: org.apache.http.headers - http-outgoing-191 >> Content-Length: 36
DEBUG: org.apache.http.headers - http-outgoing-191 >> Host: 127.0.0.1:7057
DEBUG: org.apache.http.headers - http-outgoing-191 >> Connection: Keep-Alive
DEBUG: org.apache.http.headers - http-outgoing-191 >> User-Agent: Apache-HttpClient/4.5.2 (Java/1.7.0_79)
DEBUG: org.apache.http.headers - http-outgoing-191 >> Accept-Encoding: gzip,deflate
DEBUG: org.apache.http.wire - http-outgoing-191 >> "POST /hub/session/2ee26769-3d37-b245-8426-d47429148238/element HTTP/1.1[\r][\n]"
DEBUG: org.apache.http.wire - http-outgoing-191 >> "Content-Type: application/json; charset=utf-8[\r][\n]"
DEBUG: org.apache.http.wire - http-outgoing-191 >> "Content-Length: 36[\r][\n]"
DEBUG: org.apache.http.wire - http-outgoing-191 >> "Host: 127.0.0.1:7057[\r][\n]"
DEBUG: org.apache.http.wire - http-outgoing-191 >> "Connection: Keep-Alive[\r][\n]"
DEBUG: org.apache.http.wire - http-outgoing-191 >> "User-Agent: Apache-HttpClient/4.5.2 (Java/1.7.0_79)[\r][\n]"
DEBUG: org.apache.http.wire - http-outgoing-191 >> "Accept-Encoding: gzip,deflate[\r][\n]"
DEBUG: org.apache.http.wire - http-outgoing-191 >> "[\r][\n]"
DEBUG: org.apache.http.wire - http-outgoing-191 >> "{"using":"id","value":"description"}"
DEBUG: org.apache.http.wire - http-outgoing-191 << "HTTP/1.1 200 OK[\r][\n]"
DEBUG: org.apache.http.wire - http-outgoing-191 << "content-type: application/json; charset=UTF-8[\r][\n]"
DEBUG: org.apache.http.wire - http-outgoing-191 << "connection: close[\r][\n]"
DEBUG: org.apache.http.wire - http-outgoing-191 << "content-length: 224[\r][\n]"
DEBUG: org.apache.http.wire - http-outgoing-191 << "server: httpd.js[\r][\n]"
DEBUG: org.apache.http.wire - http-outgoing-191 << "date: Fri, 26 Aug 2016 09:43:00 GMT[\r][\n]"
DEBUG: org.apache.http.wire - http-outgoing-191 << "[\r][\n]"
DEBUG: org.apache.http.headers - http-outgoing-191 << HTTP/1.1 200 OK
DEBUG: org.apache.http.headers - http-outgoing-191 << content-type: application/json; charset=UTF-8
DEBUG: org.apache.http.headers - http-outgoing-191 << connection: close
DEBUG: org.apache.http.headers - http-outgoing-191 << content-length: 224
DEBUG: org.apache.http.headers - http-outgoing-191 << server: httpd.js
DEBUG: org.apache.http.headers - http-outgoing-191 << date: Fri, 26 Aug 2016 09:43:00 GMT
DEBUG: org.apache.http.wire - http-outgoing-191 << "{"name":"findElement","sessionId":"2ee26769-3d37-b245-8426-d47429148238","status":0,"value":{"ELEMENT":"{6b2ccd4b-e7bb-4b4b-804d-70fdf55a5017}","element-6066-11e4-a52e-4f735466cecf":"{6b2ccd4b-e7bb-4b4b-804d-70fdf55a5017}"}}"
DEBUG: org.apache.http.impl.conn.DefaultManagedHttpClientConnection - http-outgoing-191: Close connection
DEBUG: org.apache.http.impl.execchain.MainClientExec - Connection discarded
DEBUG: org.apache.http.impl.conn.PoolingHttpClientConnectionManager - Connection released: [id: 191][route: {}->http://127.0.0.1:7057][total kept alive: 0; route allocated: 0 of 2000; total allocated: 0 of 2000]
DEBUG: org.apache.http.client.protocol.RequestAddCookies - CookieSpec selected: default
DEBUG: org.apache.http.client.protocol.RequestAuthCache - Auth cache not set in the context
DEBUG: org.apache.http.impl.conn.PoolingHttpClientConnectionManager - Connection request: [route: {}->http://127.0.0.1:7057][total kept alive: 0; route allocated: 0 of 2000; total allocated: 0 of 2000]
DEBUG: org.apache.http.impl.conn.PoolingHttpClientConnectionManager - Connection leased: [id: 192][route: {}->http://127.0.0.1:7057][total kept alive: 0; route allocated: 1 of 2000; total allocated: 1 of 2000]
DEBUG: org.apache.http.impl.execchain.MainClientExec - Opening connection {}->http://127.0.0.1:7057
DEBUG: org.apache.http.impl.conn.DefaultHttpClientConnectionOperator - Connecting to /127.0.0.1:7057
DEBUG: org.apache.http.impl.conn.DefaultHttpClientConnectionOperator - Connection established 127.0.0.1:60930<->127.0.0.1:7057
DEBUG: org.apache.http.impl.conn.DefaultManagedHttpClientConnection - http-outgoing-192: set socket timeout to 10800000
DEBUG: org.apache.http.impl.execchain.MainClientExec - Executing request POST /hub/session/2ee26769-3d37-b245-8426-d47429148238/element/%7B6b2ccd4b-e7bb-4b4b-804d-70fdf55a5017%7D/clear HTTP/1.1
DEBUG: org.apache.http.impl.execchain.MainClientExec - Target auth state: UNCHALLENGED
DEBUG: org.apache.http.impl.execchain.MainClientExec - Proxy auth state: UNCHALLENGED
DEBUG: org.apache.http.headers - http-outgoing-192 >> POST /hub/session/2ee26769-3d37-b245-8426-d47429148238/element/%7B6b2ccd4b-e7bb-4b4b-804d-70fdf55a5017%7D/clear HTTP/1.1
DEBUG: org.apache.http.headers - http-outgoing-192 >> Content-Type: application/json; charset=utf-8
DEBUG: org.apache.http.headers - http-outgoing-192 >> Content-Length: 47
DEBUG: org.apache.http.headers - http-outgoing-192 >> Host: 127.0.0.1:7057
DEBUG: org.apache.http.headers - http-outgoing-192 >> Connection: Keep-Alive
DEBUG: org.apache.http.headers - http-outgoing-192 >> User-Agent: Apache-HttpClient/4.5.2 (Java/1.7.0_79)
DEBUG: org.apache.http.headers - http-outgoing-192 >> Accept-Encoding: gzip,deflate
DEBUG: org.apache.http.wire - http-outgoing-192 >> "POST /hub/session/2ee26769-3d37-b245-8426-d47429148238/element/%7B6b2ccd4b-e7bb-4b4b-804d-70fdf55a5017%7D/clear HTTP/1.1[\r][\n]"
DEBUG: org.apache.http.wire - http-outgoing-192 >> "Content-Type: application/json; charset=utf-8[\r][\n]"
DEBUG: org.apache.http.wire - http-outgoing-192 >> "Content-Length: 47[\r][\n]"
DEBUG: org.apache.http.wire - http-outgoing-192 >> "Host: 127.0.0.1:7057[\r][\n]"
DEBUG: org.apache.http.wire - http-outgoing-192 >> "Connection: Keep-Alive[\r][\n]"
DEBUG: org.apache.http.wire - http-outgoing-192 >> "User-Agent: Apache-HttpClient/4.5.2 (Java/1.7.0_79)[\r][\n]"
DEBUG: org.apache.http.wire - http-outgoing-192 >> "Accept-Encoding: gzip,deflate[\r][\n]"
DEBUG: org.apache.http.wire - http-outgoing-192 >> "[\r][\n]"
DEBUG: org.apache.http.wire - http-outgoing-192 >> "{"id":"{6b2ccd4b-e7bb-4b4b-804d-70fdf55a5017}"}"
DEBUG: org.apache.http.wire - http-outgoing-192 << "HTTP/1.1 200 OK[\r][\n]"
DEBUG: org.apache.http.wire - http-outgoing-192 << "content-type: application/json; charset=UTF-8[\r][\n]"
DEBUG: org.apache.http.wire - http-outgoing-192 << "connection: close[\r][\n]"
DEBUG: org.apache.http.wire - http-outgoing-192 << "content-length: 96[\r][\n]"
DEBUG: org.apache.http.wire - http-outgoing-192 << "server: httpd.js[\r][\n]"
DEBUG: org.apache.http.wire - http-outgoing-192 << "date: Fri, 26 Aug 2016 09:43:00 GMT[\r][\n]"
DEBUG: org.apache.http.wire - http-outgoing-192 << "[\r][\n]"
DEBUG: org.apache.http.headers - http-outgoing-192 << HTTP/1.1 200 OK
DEBUG: org.apache.http.headers - http-outgoing-192 << content-type: application/json; charset=UTF-8
DEBUG: org.apache.http.headers - http-outgoing-192 << connection: close
DEBUG: org.apache.http.headers - http-outgoing-192 << content-length: 96
DEBUG: org.apache.http.headers - http-outgoing-192 << server: httpd.js
DEBUG: org.apache.http.headers - http-outgoing-192 << date: Fri, 26 Aug 2016 09:43:00 GMT
DEBUG: org.apache.http.wire - http-outgoing-192 << "{"name":"clearElement","sessionId":"2ee26769-3d37-b245-8426-d47429148238","status":0,"value":""}"
DEBUG: org.apache.http.impl.conn.DefaultManagedHttpClientConnection - http-outgoing-192: Close connection
DEBUG: org.apache.http.impl.execchain.MainClientExec - Connection discarded
DEBUG: org.apache.http.impl.conn.PoolingHttpClientConnectionManager - Connection released: [id: 192][route: {}->http://127.0.0.1:7057][total kept alive: 0; route allocated: 0 of 2000; total allocated: 0 of 2000]
DEBUG: org.apache.http.client.protocol.RequestAddCookies - CookieSpec selected: default
DEBUG: org.apache.http.client.protocol.RequestAuthCache - Auth cache not set in the context
DEBUG: org.apache.http.impl.conn.PoolingHttpClientConnectionManager - Connection request: [route: {}->http://127.0.0.1:7057][total kept alive: 0; route allocated: 0 of 2000; total allocated: 0 of 2000]
DEBUG: org.apache.http.impl.conn.PoolingHttpClientConnectionManager - Connection leased: [id: 193][route: {}->http://127.0.0.1:7057][total kept alive: 0; route allocated: 1 of 2000; total allocated: 1 of 2000]
DEBUG: org.apache.http.impl.execchain.MainClientExec - Opening connection {}->http://127.0.0.1:7057
DEBUG: org.apache.http.impl.conn.DefaultHttpClientConnectionOperator - Connecting to /127.0.0.1:7057
DEBUG: org.apache.http.impl.conn.DefaultHttpClientConnectionOperator - Connection established 127.0.0.1:60931<->127.0.0.1:7057
DEBUG: org.apache.http.impl.conn.DefaultManagedHttpClientConnection - http-outgoing-193: set socket timeout to 10800000
DEBUG: org.apache.http.impl.execchain.MainClientExec - Executing request POST /hub/session/2ee26769-3d37-b245-8426-d47429148238/element/%7B6b2ccd4b-e7bb-4b4b-804d-70fdf55a5017%7D/value HTTP/1.1
DEBUG: org.apache.http.impl.execchain.MainClientExec - Target auth state: UNCHALLENGED
DEBUG: org.apache.http.impl.execchain.MainClientExec - Proxy auth state: UNCHALLENGED
DEBUG: org.apache.http.headers - http-outgoing-193 >> POST /hub/session/2ee26769-3d37-b245-8426-d47429148238/element/%7B6b2ccd4b-e7bb-4b4b-804d-70fdf55a5017%7D/value HTTP/1.1
DEBUG: org.apache.http.headers - http-outgoing-193 >> Content-Type: application/json; charset=utf-8
DEBUG: org.apache.http.headers - http-outgoing-193 >> Content-Length: 104
DEBUG: org.apache.http.headers - http-outgoing-193 >> Host: 127.0.0.1:7057
DEBUG: org.apache.http.headers - http-outgoing-193 >> Connection: Keep-Alive
DEBUG: org.apache.http.headers - http-outgoing-193 >> User-Agent: Apache-HttpClient/4.5.2 (Java/1.7.0_79)
DEBUG: org.apache.http.headers - http-outgoing-193 >> Accept-Encoding: gzip,deflate
DEBUG: org.apache.http.wire - http-outgoing-193 >> "POST /hub/session/2ee26769-3d37-b245-8426-d47429148238/element/%7B6b2ccd4b-e7bb-4b4b-804d-70fdf55a5017%7D/value HTTP/1.1[\r][\n]"
DEBUG: org.apache.http.wire - http-outgoing-193 >> "Content-Type: application/json; charset=utf-8[\r][\n]"
DEBUG: org.apache.http.wire - http-outgoing-193 >> "Content-Length: 104[\r][\n]"
DEBUG: org.apache.http.wire - http-outgoing-193 >> "Host: 127.0.0.1:7057[\r][\n]"
DEBUG: org.apache.http.wire - http-outgoing-193 >> "Connection: Keep-Alive[\r][\n]"
DEBUG: org.apache.http.wire - http-outgoing-193 >> "User-Agent: Apache-HttpClient/4.5.2 (Java/1.7.0_79)[\r][\n]"
DEBUG: org.apache.http.wire - http-outgoing-193 >> "Accept-Encoding: gzip,deflate[\r][\n]"
DEBUG: org.apache.http.wire - http-outgoing-193 >> "[\r][\n]"
DEBUG: org.apache.http.wire - http-outgoing-193 >> "{"id":"{6b2ccd4b-e7bb-4b4b-804d-70fdf55a5017}","value":["4 x red, curved Arrow shape, screw fastening"]}"
DEBUG: org.apache.http.wire - http-outgoing-193 << "HTTP/1.1 200 OK[\r][\n]"
DEBUG: org.apache.http.wire - http-outgoing-193 << "content-type: application/json; charset=UTF-8[\r][\n]"
DEBUG: org.apache.http.wire - http-outgoing-193 << "connection: close[\r][\n]"
DEBUG: org.apache.http.wire - http-outgoing-193 << "content-length: 101[\r][\n]"
DEBUG: org.apache.http.wire - http-outgoing-193 << "server: httpd.js[\r][\n]"
DEBUG: org.apache.http.wire - http-outgoing-193 << "date: Fri, 26 Aug 2016 09:43:00 GMT[\r][\n]"
DEBUG: org.apache.http.wire - http-outgoing-193 << "[\r][\n]"
DEBUG: org.apache.http.headers - http-outgoing-193 << HTTP/1.1 200 OK
DEBUG: org.apache.http.headers - http-outgoing-193 << content-type: application/json; charset=UTF-8
DEBUG: org.apache.http.headers - http-outgoing-193 << connection: close
DEBUG: org.apache.http.headers - http-outgoing-193 << content-length: 101
DEBUG: org.apache.http.headers - http-outgoing-193 << server: httpd.js
DEBUG: org.apache.http.headers - http-outgoing-193 << date: Fri, 26 Aug 2016 09:43:00 GMT
DEBUG: org.apache.http.wire - http-outgoing-193 << "{"name":"sendKeysToElement","sessionId":"2ee26769-3d37-b245-8426-d47429148238","status":0,"value":""}"
DEBUG: org.apache.http.impl.conn.DefaultManagedHttpClientConnection - http-outgoing-193: Close connection
DEBUG: org.apache.http.impl.execchain.MainClientExec - Connection discarded
DEBUG: org.apache.http.impl.conn.PoolingHttpClientConnectionManager - Connection released: [id: 193][route: {}->http://127.0.0.1:7057][total kept alive: 0; route allocated: 0 of 2000; total allocated: 0 of 2000]
DEBUG: org.apache.http.client.protocol.RequestAddCookies - CookieSpec selected: default
DEBUG: org.apache.http.client.protocol.RequestAuthCache - Auth cache not set in the context
DEBUG: org.apache.http.impl.conn.PoolingHttpClientConnectionManager - Connection request: [route: {}->http://127.0.0.1:7057][total kept alive: 0; route allocated: 0 of 2000; total allocated: 0 of 2000]
DEBUG: org.apache.http.impl.conn.PoolingHttpClientConnectionManager - Connection leased: [id: 194][route: {}->http://127.0.0.1:7057][total kept alive: 0; route allocated: 1 of 2000; total allocated: 1 of 2000]
DEBUG: org.apache.http.impl.execchain.MainClientExec - Opening connection {}->http://127.0.0.1:7057
DEBUG: org.apache.http.impl.conn.DefaultHttpClientConnectionOperator - Connecting to /127.0.0.1:7057
DEBUG: org.apache.http.impl.conn.DefaultHttpClientConnectionOperator - Connection established 127.0.0.1:60933<->127.0.0.1:7057
DEBUG: org.apache.http.impl.conn.DefaultManagedHttpClientConnection - http-outgoing-194: set socket timeout to 10800000
DEBUG: org.apache.http.impl.execchain.MainClientExec - Executing request POST /hub/session/2ee26769-3d37-b245-8426-d47429148238/element HTTP/1.1
DEBUG: org.apache.http.impl.execchain.MainClientExec - Target auth state: UNCHALLENGED
DEBUG: org.apache.http.impl.execchain.MainClientExec - Proxy auth state: UNCHALLENGED
DEBUG: org.apache.http.headers - http-outgoing-194 >> POST /hub/session/2ee26769-3d37-b245-8426-d47429148238/element HTTP/1.1
DEBUG: org.apache.http.headers - http-outgoing-194 >> Content-Type: application/json; charset=utf-8
DEBUG: org.apache.http.headers - http-outgoing-194 >> Content-Length: 33
DEBUG: org.apache.http.headers - http-outgoing-194 >> Host: 127.0.0.1:7057
DEBUG: org.apache.http.headers - http-outgoing-194 >> Connection: Keep-Alive
DEBUG: org.apache.http.headers - http-outgoing-194 >> User-Agent: Apache-HttpClient/4.5.2 (Java/1.7.0_79)
DEBUG: org.apache.http.headers - http-outgoing-194 >> Accept-Encoding: gzip,deflate
DEBUG: org.apache.http.wire - http-outgoing-194 >> "POST /hub/session/2ee26769-3d37-b245-8426-d47429148238/element HTTP/1.1[\r][\n]"
DEBUG: org.apache.http.wire - http-outgoing-194 >> "Content-Type: application/json; charset=utf-8[\r][\n]"
DEBUG: org.apache.http.wire - http-outgoing-194 >> "Content-Length: 33[\r][\n]"
DEBUG: org.apache.http.wire - http-outgoing-194 >> "Host: 127.0.0.1:7057[\r][\n]"
DEBUG: org.apache.http.wire - http-outgoing-194 >> "Connection: Keep-Alive[\r][\n]"
DEBUG: org.apache.http.wire - http-outgoing-194 >> "User-Agent: Apache-HttpClient/4.5.2 (Java/1.7.0_79)[\r][\n]"
DEBUG: org.apache.http.wire - http-outgoing-194 >> "Accept-Encoding: gzip,deflate[\r][\n]"
DEBUG: org.apache.http.wire - http-outgoing-194 >> "[\r][\n]"
DEBUG: org.apache.http.wire - http-outgoing-194 >> "{"using":"id","value":"quantity"}"
DEBUG: org.apache.http.wire - http-outgoing-194 << "HTTP/1.1 200 OK[\r][\n]"
DEBUG: org.apache.http.wire - http-outgoing-194 << "content-type: application/json; charset=UTF-8[\r][\n]"
DEBUG: org.apache.http.wire - http-outgoing-194 << "connection: close[\r][\n]"
DEBUG: org.apache.http.wire - http-outgoing-194 << "content-length: 224[\r][\n]"
DEBUG: org.apache.http.wire - http-outgoing-194 << "server: httpd.js[\r][\n]"
DEBUG: org.apache.http.wire - http-outgoing-194 << "date: Fri, 26 Aug 2016 09:43:00 GMT[\r][\n]"
DEBUG: org.apache.http.wire - http-outgoing-194 << "[\r][\n]"
DEBUG: org.apache.http.headers - http-outgoing-194 << HTTP/1.1 200 OK
DEBUG: org.apache.http.headers - http-outgoing-194 << content-type: application/json; charset=UTF-8
DEBUG: org.apache.http.headers - http-outgoing-194 << connection: close
DEBUG: org.apache.http.headers - http-outgoing-194 << content-length: 224
DEBUG: org.apache.http.headers - http-outgoing-194 << server: httpd.js
DEBUG: org.apache.http.headers - http-outgoing-194 << date: Fri, 26 Aug 2016 09:43:00 GMT
DEBUG: org.apache.http.wire - http-outgoing-194 << "{"name":"findElement","sessionId":"2ee26769-3d37-b245-8426-d47429148238","status":0,"value":{"ELEMENT":"{3a9b52dc-7f7d-174a-80f9-3efda7f8d840}","element-6066-11e4-a52e-4f735466cecf":"{3a9b52dc-7f7d-174a-80f9-3efda7f8d840}"}}"
DEBUG: org.apache.http.impl.conn.DefaultManagedHttpClientConnection - http-outgoing-194: Close connection
DEBUG: org.apache.http.impl.execchain.MainClientExec - Connection discarded
DEBUG: org.apache.http.impl.conn.PoolingHttpClientConnectionManager - Connection released: [id: 194][route: {}->http://127.0.0.1:7057][total kept alive: 0; route allocated: 0 of 2000; total allocated: 0 of 2000]
DEBUG: org.apache.http.client.protocol.RequestAddCookies - CookieSpec selected: default
DEBUG: org.apache.http.client.protocol.RequestAuthCache - Auth cache not set in the context
DEBUG: org.apache.http.impl.conn.PoolingHttpClientConnectionManager - Connection request: [route: {}->http://127.0.0.1:7057][total kept alive: 0; route allocated: 0 of 2000; total allocated: 0 of 2000]
DEBUG: org.apache.http.impl.conn.PoolingHttpClientConnectionManager - Connection leased: [id: 195][route: {}->http://127.0.0.1:7057][total kept alive: 0; route allocated: 1 of 2000; total allocated: 1 of 2000]
DEBUG: org.apache.http.impl.execchain.MainClientExec - Opening connection {}->http://127.0.0.1:7057
DEBUG: org.apache.http.impl.conn.DefaultHttpClientConnectionOperator - Connecting to /127.0.0.1:7057
DEBUG: org.apache.http.impl.conn.DefaultHttpClientConnectionOperator - Connection established 127.0.0.1:60934<->127.0.0.1:7057
DEBUG: org.apache.http.impl.conn.DefaultManagedHttpClientConnection - http-outgoing-195: set socket timeout to 10800000
DEBUG: org.apache.http.impl.execchain.MainClientExec - Executing request POST /hub/session/2ee26769-3d37-b245-8426-d47429148238/element/%7B3a9b52dc-7f7d-174a-80f9-3efda7f8d840%7D/clear HTTP/1.1
DEBUG: org.apache.http.impl.execchain.MainClientExec - Target auth state: UNCHALLENGED
DEBUG: org.apache.http.impl.execchain.MainClientExec - Proxy auth state: UNCHALLENGED
DEBUG: org.apache.http.headers - http-outgoing-195 >> POST /hub/session/2ee26769-3d37-b245-8426-d47429148238/element/%7B3a9b52dc-7f7d-174a-80f9-3efda7f8d840%7D/clear HTTP/1.1
DEBUG: org.apache.http.headers - http-outgoing-195 >> Content-Type: application/json; charset=utf-8
DEBUG: org.apache.http.headers - http-outgoing-195 >> Content-Length: 47
DEBUG: org.apache.http.headers - http-outgoing-195 >> Host: 127.0.0.1:7057
DEBUG: org.apache.http.headers - http-outgoing-195 >> Connection: Keep-Alive
DEBUG: org.apache.http.headers - http-outgoing-195 >> User-Agent: Apache-HttpClient/4.5.2 (Java/1.7.0_79)
DEBUG: org.apache.http.headers - http-outgoing-195 >> Accept-Encoding: gzip,deflate
DEBUG: org.apache.http.wire - http-outgoing-195 >> "POST /hub/session/2ee26769-3d37-b245-8426-d47429148238/element/%7B3a9b52dc-7f7d-174a-80f9-3efda7f8d840%7D/clear HTTP/1.1[\r][\n]"
DEBUG: org.apache.http.wire - http-outgoing-195 >> "Content-Type: application/json; charset=utf-8[\r][\n]"
DEBUG: org.apache.http.wire - http-outgoing-195 >> "Content-Length: 47[\r][\n]"
DEBUG: org.apache.http.wire - http-outgoing-195 >> "Host: 127.0.0.1:7057[\r][\n]"
DEBUG: org.apache.http.wire - http-outgoing-195 >> "Connection: Keep-Alive[\r][\n]"
DEBUG: org.apache.http.wire - http-outgoing-195 >> "User-Agent: Apache-HttpClient/4.5.2 (Java/1.7.0_79)[\r][\n]"
DEBUG: org.apache.http.wire - http-outgoing-195 >> "Accept-Encoding: gzip,deflate[\r][\n]"
DEBUG: org.apache.http.wire - http-outgoing-195 >> "[\r][\n]"
DEBUG: org.apache.http.wire - http-outgoing-195 >> "{"id":"{3a9b52dc-7f7d-174a-80f9-3efda7f8d840}"}"
DEBUG: org.apache.http.wire - http-outgoing-195 << "HTTP/1.1 200 OK[\r][\n]"
DEBUG: org.apache.http.wire - http-outgoing-195 << "content-type: application/json; charset=UTF-8[\r][\n]"
DEBUG: org.apache.http.wire - http-outgoing-195 << "connection: close[\r][\n]"
DEBUG: org.apache.http.wire - http-outgoing-195 << "content-length: 96[\r][\n]"
DEBUG: org.apache.http.wire - http-outgoing-195 << "server: httpd.js[\r][\n]"
DEBUG: org.apache.http.wire - http-outgoing-195 << "date: Fri, 26 Aug 2016 09:43:00 GMT[\r][\n]"
DEBUG: org.apache.http.wire - http-outgoing-195 << "[\r][\n]"
DEBUG: org.apache.http.headers - http-outgoing-195 << HTTP/1.1 200 OK
DEBUG: org.apache.http.headers - http-outgoing-195 << content-type: application/json; charset=UTF-8
DEBUG: org.apache.http.headers - http-outgoing-195 << connection: close
DEBUG: org.apache.http.headers - http-outgoing-195 << content-length: 96
DEBUG: org.apache.http.headers - http-outgoing-195 << server: httpd.js
DEBUG: org.apache.http.headers - http-outgoing-195 << date: Fri, 26 Aug 2016 09:43:00 GMT
DEBUG: org.apache.http.wire - http-outgoing-195 << "{"name":"clearElement","sessionId":"2ee26769-3d37-b245-8426-d47429148238","status":0,"value":""}"
DEBUG: org.apache.http.impl.conn.DefaultManagedHttpClientConnection - http-outgoing-195: Close connection
DEBUG: org.apache.http.impl.execchain.MainClientExec - Connection discarded
DEBUG: org.apache.http.impl.conn.PoolingHttpClientConnectionManager - Connection released: [id: 195][route: {}->http://127.0.0.1:7057][total kept alive: 0; route allocated: 0 of 2000; total allocated: 0 of 2000]
DEBUG: org.apache.http.client.protocol.RequestAddCookies - CookieSpec selected: default
DEBUG: org.apache.http.client.protocol.RequestAuthCache - Auth cache not set in the context
DEBUG: org.apache.http.impl.conn.PoolingHttpClientConnectionManager - Connection request: [route: {}->http://127.0.0.1:7057][total kept alive: 0; route allocated: 0 of 2000; total allocated: 0 of 2000]
DEBUG: org.apache.http.impl.conn.PoolingHttpClientConnectionManager - Connection leased: [id: 196][route: {}->http://127.0.0.1:7057][total kept alive: 0; route allocated: 1 of 2000; total allocated: 1 of 2000]
DEBUG: org.apache.http.impl.execchain.MainClientExec - Opening connection {}->http://127.0.0.1:7057
DEBUG: org.apache.http.impl.conn.DefaultHttpClientConnectionOperator - Connecting to /127.0.0.1:7057
DEBUG: org.apache.http.impl.conn.DefaultHttpClientConnectionOperator - Connection established 127.0.0.1:60935<->127.0.0.1:7057
DEBUG: org.apache.http.impl.conn.DefaultManagedHttpClientConnection - http-outgoing-196: set socket timeout to 10800000
DEBUG: org.apache.http.impl.execchain.MainClientExec - Executing request POST /hub/session/2ee26769-3d37-b245-8426-d47429148238/element/%7B3a9b52dc-7f7d-174a-80f9-3efda7f8d840%7D/value HTTP/1.1
DEBUG: org.apache.http.impl.execchain.MainClientExec - Target auth state: UNCHALLENGED
DEBUG: org.apache.http.impl.execchain.MainClientExec - Proxy auth state: UNCHALLENGED
DEBUG: org.apache.http.headers - http-outgoing-196 >> POST /hub/session/2ee26769-3d37-b245-8426-d47429148238/element/%7B3a9b52dc-7f7d-174a-80f9-3efda7f8d840%7D/value HTTP/1.1
DEBUG: org.apache.http.headers - http-outgoing-196 >> Content-Type: application/json; charset=utf-8
DEBUG: org.apache.http.headers - http-outgoing-196 >> Content-Length: 64
DEBUG: org.apache.http.headers - http-outgoing-196 >> Host: 127.0.0.1:7057
DEBUG: org.apache.http.headers - http-outgoing-196 >> Connection: Keep-Alive
DEBUG: org.apache.http.headers - http-outgoing-196 >> User-Agent: Apache-HttpClient/4.5.2 (Java/1.7.0_79)
DEBUG: org.apache.http.headers - http-outgoing-196 >> Accept-Encoding: gzip,deflate
DEBUG: org.apache.http.wire - http-outgoing-196 >> "POST /hub/session/2ee26769-3d37-b245-8426-d47429148238/element/%7B3a9b52dc-7f7d-174a-80f9-3efda7f8d840%7D/value HTTP/1.1[\r][\n]"
DEBUG: org.apache.http.wire - http-outgoing-196 >> "Content-Type: application/json; charset=utf-8[\r][\n]"
DEBUG: org.apache.http.wire - http-outgoing-196 >> "Content-Length: 64[\r][\n]"
DEBUG: org.apache.http.wire - http-outgoing-196 >> "Host: 127.0.0.1:7057[\r][\n]"
DEBUG: org.apache.http.wire - http-outgoing-196 >> "Connection: Keep-Alive[\r][\n]"
DEBUG: org.apache.http.wire - http-outgoing-196 >> "User-Agent: Apache-HttpClient/4.5.2 (Java/1.7.0_79)[\r][\n]"
DEBUG: org.apache.http.wire - http-outgoing-196 >> "Accept-Encoding: gzip,deflate[\r][\n]"
DEBUG: org.apache.http.wire - http-outgoing-196 >> "[\r][\n]"
DEBUG: org.apache.http.wire - http-outgoing-196 >> "{"id":"{3a9b52dc-7f7d-174a-80f9-3efda7f8d840}","value":["1000"]}"
DEBUG: org.apache.http.wire - http-outgoing-196 << "HTTP/1.1 200 OK[\r][\n]"
DEBUG: org.apache.http.wire - http-outgoing-196 << "content-type: application/json; charset=UTF-8[\r][\n]"
DEBUG: org.apache.http.wire - http-outgoing-196 << "connection: close[\r][\n]"
DEBUG: org.apache.http.wire - http-outgoing-196 << "content-length: 101[\r][\n]"
DEBUG: org.apache.http.wire - http-outgoing-196 << "server: httpd.js[\r][\n]"
DEBUG: org.apache.http.wire - http-outgoing-196 << "date: Fri, 26 Aug 2016 09:43:00 GMT[\r][\n]"
DEBUG: org.apache.http.wire - http-outgoing-196 << "[\r][\n]"
DEBUG: org.apache.http.headers - http-outgoing-196 << HTTP/1.1 200 OK
DEBUG: org.apache.http.headers - http-outgoing-196 << content-type: application/json; charset=UTF-8
DEBUG: org.apache.http.headers - http-outgoing-196 << connection: close
DEBUG: org.apache.http.headers - http-outgoing-196 << content-length: 101
DEBUG: org.apache.http.headers - http-outgoing-196 << server: httpd.js
DEBUG: org.apache.http.headers - http-outgoing-196 << date: Fri, 26 Aug 2016 09:43:00 GMT
DEBUG: org.apache.http.wire - http-outgoing-196 << "{"name":"sendKeysToElement","sessionId":"2ee26769-3d37-b245-8426-d47429148238","status":0,"value":""}"
DEBUG: org.apache.http.impl.conn.DefaultManagedHttpClientConnection - http-outgoing-196: Close connection
DEBUG: org.apache.http.impl.execchain.MainClientExec - Connection discarded
DEBUG: org.apache.http.impl.conn.PoolingHttpClientConnectionManager - Connection released: [id: 196][route: {}->http://127.0.0.1:7057][total kept alive: 0; route allocated: 0 of 2000; total allocated: 0 of 2000]
DEBUG: org.apache.http.client.protocol.RequestAddCookies - CookieSpec selected: default
DEBUG: org.apache.http.client.protocol.RequestAuthCache - Auth cache not set in the context
DEBUG: org.apache.http.impl.conn.PoolingHttpClientConnectionManager - Connection request: [route: {}->http://127.0.0.1:7057][total kept alive: 0; route allocated: 0 of 2000; total allocated: 0 of 2000]
DEBUG: org.apache.http.impl.conn.PoolingHttpClientConnectionManager - Connection leased: [id: 197][route: {}->http://127.0.0.1:7057][total kept alive: 0; route allocated: 1 of 2000; total allocated: 1 of 2000]
DEBUG: org.apache.http.impl.execchain.MainClientExec - Opening connection {}->http://127.0.0.1:7057
DEBUG: org.apache.http.impl.conn.DefaultHttpClientConnectionOperator - Connecting to /127.0.0.1:7057
DEBUG: org.apache.http.impl.conn.DefaultHttpClientConnectionOperator - Connection established 127.0.0.1:60936<->127.0.0.1:7057
DEBUG: org.apache.http.impl.conn.DefaultManagedHttpClientConnection - http-outgoing-197: set socket timeout to 10800000
DEBUG: org.apache.http.impl.execchain.MainClientExec - Executing request POST /hub/session/2ee26769-3d37-b245-8426-d47429148238/element HTTP/1.1
DEBUG: org.apache.http.impl.execchain.MainClientExec - Target auth state: UNCHALLENGED
DEBUG: org.apache.http.impl.execchain.MainClientExec - Proxy auth state: UNCHALLENGED
DEBUG: org.apache.http.headers - http-outgoing-197 >> POST /hub/session/2ee26769-3d37-b245-8426-d47429148238/element HTTP/1.1
DEBUG: org.apache.http.headers - http-outgoing-197 >> Content-Type: application/json; charset=utf-8
DEBUG: org.apache.http.headers - http-outgoing-197 >> Content-Length: 35
DEBUG: org.apache.http.headers - http-outgoing-197 >> Host: 127.0.0.1:7057
DEBUG: org.apache.http.headers - http-outgoing-197 >> Connection: Keep-Alive
DEBUG: org.apache.http.headers - http-outgoing-197 >> User-Agent: Apache-HttpClient/4.5.2 (Java/1.7.0_79)
DEBUG: org.apache.http.headers - http-outgoing-197 >> Accept-Encoding: gzip,deflate
DEBUG: org.apache.http.wire - http-outgoing-197 >> "POST /hub/session/2ee26769-3d37-b245-8426-d47429148238/element HTTP/1.1[\r][\n]"
DEBUG: org.apache.http.wire - http-outgoing-197 >> "Content-Type: application/json; charset=utf-8[\r][\n]"
DEBUG: org.apache.http.wire - http-outgoing-197 >> "Content-Length: 35[\r][\n]"
DEBUG: org.apache.http.wire - http-outgoing-197 >> "Host: 127.0.0.1:7057[\r][\n]"
DEBUG: org.apache.http.wire - http-outgoing-197 >> "Connection: Keep-Alive[\r][\n]"
DEBUG: org.apache.http.wire - http-outgoing-197 >> "User-Agent: Apache-HttpClient/4.5.2 (Java/1.7.0_79)[\r][\n]"
DEBUG: org.apache.http.wire - http-outgoing-197 >> "Accept-Encoding: gzip,deflate[\r][\n]"
DEBUG: org.apache.http.wire - http-outgoing-197 >> "[\r][\n]"
DEBUG: org.apache.http.wire - http-outgoing-197 >> "{"using":"id","value":"createItem"}"
DEBUG: org.apache.http.wire - http-outgoing-197 << "HTTP/1.1 200 OK[\r][\n]"
DEBUG: org.apache.http.wire - http-outgoing-197 << "content-type: application/json; charset=UTF-8[\r][\n]"
DEBUG: org.apache.http.wire - http-outgoing-197 << "connection: close[\r][\n]"
DEBUG: org.apache.http.wire - http-outgoing-197 << "content-length: 224[\r][\n]"
DEBUG: org.apache.http.wire - http-outgoing-197 << "server: httpd.js[\r][\n]"
DEBUG: org.apache.http.wire - http-outgoing-197 << "date: Fri, 26 Aug 2016 09:43:00 GMT[\r][\n]"
DEBUG: org.apache.http.wire - http-outgoing-197 << "[\r][\n]"
DEBUG: org.apache.http.headers - http-outgoing-197 << HTTP/1.1 200 OK
DEBUG: org.apache.http.headers - http-outgoing-197 << content-type: application/json; charset=UTF-8
DEBUG: org.apache.http.headers - http-outgoing-197 << connection: close
DEBUG: org.apache.http.headers - http-outgoing-197 << content-length: 224
DEBUG: org.apache.http.headers - http-outgoing-197 << server: httpd.js
DEBUG: org.apache.http.headers - http-outgoing-197 << date: Fri, 26 Aug 2016 09:43:00 GMT
DEBUG: org.apache.http.wire - http-outgoing-197 << "{"name":"findElement","sessionId":"2ee26769-3d37-b245-8426-d47429148238","status":0,"value":{"ELEMENT":"{8c50d2f6-08c6-ec4d-b1c7-7f4ae19d0130}","element-6066-11e4-a52e-4f735466cecf":"{8c50d2f6-08c6-ec4d-b1c7-7f4ae19d0130}"}}"
DEBUG: org.apache.http.impl.conn.DefaultManagedHttpClientConnection - http-outgoing-197: Close connection
DEBUG: org.apache.http.impl.execchain.MainClientExec - Connection discarded
DEBUG: org.apache.http.impl.conn.PoolingHttpClientConnectionManager - Connection released: [id: 197][route: {}->http://127.0.0.1:7057][total kept alive: 0; route allocated: 0 of 2000; total allocated: 0 of 2000]
DEBUG: org.apache.http.client.protocol.RequestAddCookies - CookieSpec selected: default
DEBUG: org.apache.http.client.protocol.RequestAuthCache - Auth cache not set in the context
DEBUG: org.apache.http.impl.conn.PoolingHttpClientConnectionManager - Connection request: [route: {}->http://127.0.0.1:7057][total kept alive: 0; route allocated: 0 of 2000; total allocated: 0 of 2000]
DEBUG: org.apache.http.impl.conn.PoolingHttpClientConnectionManager - Connection leased: [id: 198][route: {}->http://127.0.0.1:7057][total kept alive: 0; route allocated: 1 of 2000; total allocated: 1 of 2000]
DEBUG: org.apache.http.impl.execchain.MainClientExec - Opening connection {}->http://127.0.0.1:7057
DEBUG: org.apache.http.impl.conn.DefaultHttpClientConnectionOperator - Connecting to /127.0.0.1:7057
DEBUG: org.apache.http.impl.conn.DefaultHttpClientConnectionOperator - Connection established 127.0.0.1:60937<->127.0.0.1:7057
DEBUG: org.apache.http.impl.conn.DefaultManagedHttpClientConnection - http-outgoing-198: set socket timeout to 10800000
DEBUG: org.apache.http.impl.execchain.MainClientExec - Executing request POST /hub/session/2ee26769-3d37-b245-8426-d47429148238/element/%7B8c50d2f6-08c6-ec4d-b1c7-7f4ae19d0130%7D/click HTTP/1.1
DEBUG: org.apache.http.impl.execchain.MainClientExec - Target auth state: UNCHALLENGED
DEBUG: org.apache.http.impl.execchain.MainClientExec - Proxy auth state: UNCHALLENGED
DEBUG: org.apache.http.headers - http-outgoing-198 >> POST /hub/session/2ee26769-3d37-b245-8426-d47429148238/element/%7B8c50d2f6-08c6-ec4d-b1c7-7f4ae19d0130%7D/click HTTP/1.1
DEBUG: org.apache.http.headers - http-outgoing-198 >> Content-Type: application/json; charset=utf-8
DEBUG: org.apache.http.headers - http-outgoing-198 >> Content-Length: 47
DEBUG: org.apache.http.headers - http-outgoing-198 >> Host: 127.0.0.1:7057
DEBUG: org.apache.http.headers - http-outgoing-198 >> Connection: Keep-Alive
DEBUG: org.apache.http.headers - http-outgoing-198 >> User-Agent: Apache-HttpClient/4.5.2 (Java/1.7.0_79)
DEBUG: org.apache.http.headers - http-outgoing-198 >> Accept-Encoding: gzip,deflate
DEBUG: org.apache.http.wire - http-outgoing-198 >> "POST /hub/session/2ee26769-3d37-b245-8426-d47429148238/element/%7B8c50d2f6-08c6-ec4d-b1c7-7f4ae19d0130%7D/click HTTP/1.1[\r][\n]"
DEBUG: org.apache.http.wire - http-outgoing-198 >> "Content-Type: application/json; charset=utf-8[\r][\n]"
DEBUG: org.apache.http.wire - http-outgoing-198 >> "Content-Length: 47[\r][\n]"
DEBUG: org.apache.http.wire - http-outgoing-198 >> "Host: 127.0.0.1:7057[\r][\n]"
DEBUG: org.apache.http.wire - http-outgoing-198 >> "Connection: Keep-Alive[\r][\n]"
DEBUG: org.apache.http.wire - http-outgoing-198 >> "User-Agent: Apache-HttpClient/4.5.2 (Java/1.7.0_79)[\r][\n]"
DEBUG: org.apache.http.wire - http-outgoing-198 >> "Accept-Encoding: gzip,deflate[\r][\n]"
DEBUG: org.apache.http.wire - http-outgoing-198 >> "[\r][\n]"
DEBUG: org.apache.http.wire - http-outgoing-198 >> "{"id":"{8c50d2f6-08c6-ec4d-b1c7-7f4ae19d0130}"}"
DEBUG: org.apache.http.wire - http-outgoing-198 << "HTTP/1.1 200 OK[\r][\n]"
DEBUG: org.apache.http.wire - http-outgoing-198 << "content-type: application/json; charset=UTF-8[\r][\n]"
DEBUG: org.apache.http.wire - http-outgoing-198 << "connection: close[\r][\n]"
DEBUG: org.apache.http.wire - http-outgoing-198 << "content-length: 98[\r][\n]"
DEBUG: org.apache.http.wire - http-outgoing-198 << "server: httpd.js[\r][\n]"
DEBUG: org.apache.http.wire - http-outgoing-198 << "date: Fri, 26 Aug 2016 09:43:00 GMT[\r][\n]"
DEBUG: org.apache.http.wire - http-outgoing-198 << "[\r][\n]"
DEBUG: org.apache.http.headers - http-outgoing-198 << HTTP/1.1 200 OK
DEBUG: org.apache.http.headers - http-outgoing-198 << content-type: application/json; charset=UTF-8
DEBUG: org.apache.http.headers - http-outgoing-198 << connection: close
DEBUG: org.apache.http.headers - http-outgoing-198 << content-length: 98
DEBUG: org.apache.http.headers - http-outgoing-198 << server: httpd.js
DEBUG: org.apache.http.headers - http-outgoing-198 << date: Fri, 26 Aug 2016 09:43:00 GMT
DEBUG: org.apache.http.wire - http-outgoing-198 << "{"name":"clickElement","sessionId":"2ee26769-3d37-b245-8426-d47429148238","status":0,"value":"ok"}"
DEBUG: org.apache.http.impl.conn.DefaultManagedHttpClientConnection - http-outgoing-198: Close connection
DEBUG: org.apache.http.impl.execchain.MainClientExec - Connection discarded
DEBUG: org.apache.http.impl.conn.PoolingHttpClientConnectionManager - Connection released: [id: 198][route: {}->http://127.0.0.1:7057][total kept alive: 0; route allocated: 0 of 2000; total allocated: 0 of 2000]
DEBUG: org.apache.http.client.protocol.RequestAddCookies - CookieSpec selected: default
DEBUG: org.apache.http.client.protocol.RequestAuthCache - Auth cache not set in the context
DEBUG: org.apache.http.impl.conn.PoolingHttpClientConnectionManager - Connection request: [route: {}->http://127.0.0.1:7057][total kept alive: 0; route allocated: 0 of 2000; total allocated: 0 of 2000]
DEBUG: org.apache.http.impl.conn.PoolingHttpClientConnectionManager - Connection leased: [id: 199][route: {}->http://127.0.0.1:7057][total kept alive: 0; route allocated: 1 of 2000; total allocated: 1 of 2000]
DEBUG: org.apache.http.impl.execchain.MainClientExec - Opening connection {}->http://127.0.0.1:7057
DEBUG: org.apache.http.impl.conn.DefaultHttpClientConnectionOperator - Connecting to /127.0.0.1:7057
DEBUG: org.apache.http.impl.conn.DefaultHttpClientConnectionOperator - Connection established 127.0.0.1:60938<->127.0.0.1:7057
DEBUG: org.apache.http.impl.conn.DefaultManagedHttpClientConnection - http-outgoing-199: set socket timeout to 10800000
DEBUG: org.apache.http.impl.execchain.MainClientExec - Executing request POST /hub/session/2ee26769-3d37-b245-8426-d47429148238/elements HTTP/1.1
DEBUG: org.apache.http.impl.execchain.MainClientExec - Target auth state: UNCHALLENGED
DEBUG: org.apache.http.impl.execchain.MainClientExec - Proxy auth state: UNCHALLENGED
DEBUG: org.apache.http.headers - http-outgoing-199 >> POST /hub/session/2ee26769-3d37-b245-8426-d47429148238/elements HTTP/1.1
DEBUG: org.apache.http.headers - http-outgoing-199 >> Content-Type: application/json; charset=utf-8
DEBUG: org.apache.http.headers - http-outgoing-199 >> Content-Length: 81
DEBUG: org.apache.http.headers - http-outgoing-199 >> Host: 127.0.0.1:7057
DEBUG: org.apache.http.headers - http-outgoing-199 >> Connection: Keep-Alive
DEBUG: org.apache.http.headers - http-outgoing-199 >> User-Agent: Apache-HttpClient/4.5.2 (Java/1.7.0_79)
DEBUG: org.apache.http.headers - http-outgoing-199 >> Accept-Encoding: gzip,deflate
DEBUG: org.apache.http.wire - http-outgoing-199 >> "POST /hub/session/2ee26769-3d37-b245-8426-d47429148238/elements HTTP/1.1[\r][\n]"
DEBUG: org.apache.http.wire - http-outgoing-199 >> "Content-Type: application/json; charset=utf-8[\r][\n]"
DEBUG: org.apache.http.wire - http-outgoing-199 >> "Content-Length: 81[\r][\n]"
DEBUG: org.apache.http.wire - http-outgoing-199 >> "Host: 127.0.0.1:7057[\r][\n]"
DEBUG: org.apache.http.wire - http-outgoing-199 >> "Connection: Keep-Alive[\r][\n]"
DEBUG: org.apache.http.wire - http-outgoing-199 >> "User-Agent: Apache-HttpClient/4.5.2 (Java/1.7.0_79)[\r][\n]"
DEBUG: org.apache.http.wire - http-outgoing-199 >> "Accept-Encoding: gzip,deflate[\r][\n]"
DEBUG: org.apache.http.wire - http-outgoing-199 >> "[\r][\n]"
DEBUG: org.apache.http.wire - http-outgoing-199 >> "{"using":"xpath","value":"//tbody/tr/td[2]/input[@value='Simplon Pavo 3 Ultra']"}"
DEBUG: org.apache.http.wire - http-outgoing-199 << "HTTP/1.1 200 OK[\r][\n]"
DEBUG: org.apache.http.wire - http-outgoing-199 << "content-type: application/json; charset=UTF-8[\r][\n]"
DEBUG: org.apache.http.wire - http-outgoing-199 << "connection: close[\r][\n]"
DEBUG: org.apache.http.wire - http-outgoing-199 << "content-length: 227[\r][\n]"
DEBUG: org.apache.http.wire - http-outgoing-199 << "server: httpd.js[\r][\n]"
DEBUG: org.apache.http.wire - http-outgoing-199 << "date: Fri, 26 Aug 2016 09:43:00 GMT[\r][\n]"
DEBUG: org.apache.http.wire - http-outgoing-199 << "[\r][\n]"
DEBUG: org.apache.http.headers - http-outgoing-199 << HTTP/1.1 200 OK
DEBUG: org.apache.http.headers - http-outgoing-199 << content-type: application/json; charset=UTF-8
DEBUG: org.apache.http.headers - http-outgoing-199 << connection: close
DEBUG: org.apache.http.headers - http-outgoing-199 << content-length: 227
DEBUG: org.apache.http.headers - http-outgoing-199 << server: httpd.js
DEBUG: org.apache.http.headers - http-outgoing-199 << date: Fri, 26 Aug 2016 09:43:00 GMT
DEBUG: org.apache.http.wire - http-outgoing-199 << "{"name":"findElements","sessionId":"2ee26769-3d37-b245-8426-d47429148238","status":0,"value":[{"ELEMENT":"{7e273ed0-580f-3148-8072-7a5fa84b8e9d}","element-6066-11e4-a52e-4f735466cecf":"{7e273ed0-580f-3148-8072-7a5fa84b8e9d}"}]}"
DEBUG: org.apache.http.impl.conn.DefaultManagedHttpClientConnection - http-outgoing-199: Close connection
DEBUG: org.apache.http.impl.execchain.MainClientExec - Connection discarded
DEBUG: org.apache.http.impl.conn.PoolingHttpClientConnectionManager - Connection released: [id: 199][route: {}->http://127.0.0.1:7057][total kept alive: 0; route allocated: 0 of 2000; total allocated: 0 of 2000]
DEBUG: org.apache.http.client.protocol.RequestAddCookies - CookieSpec selected: default
DEBUG: org.apache.http.client.protocol.RequestAuthCache - Auth cache not set in the context
DEBUG: org.apache.http.impl.conn.PoolingHttpClientConnectionManager - Connection request: [route: {}->http://127.0.0.1:7057][total kept alive: 0; route allocated: 0 of 2000; total allocated: 0 of 2000]
DEBUG: org.apache.http.impl.conn.PoolingHttpClientConnectionManager - Connection leased: [id: 200][route: {}->http://127.0.0.1:7057][total kept alive: 0; route allocated: 1 of 2000; total allocated: 1 of 2000]
DEBUG: org.apache.http.impl.execchain.MainClientExec - Opening connection {}->http://127.0.0.1:7057
DEBUG: org.apache.http.impl.conn.DefaultHttpClientConnectionOperator - Connecting to /127.0.0.1:7057
DEBUG: org.apache.http.impl.conn.DefaultHttpClientConnectionOperator - Connection established 127.0.0.1:60939<->127.0.0.1:7057
DEBUG: org.apache.http.impl.conn.DefaultManagedHttpClientConnection - http-outgoing-200: set socket timeout to 10800000
DEBUG: org.apache.http.impl.execchain.MainClientExec - Executing request POST /hub/session/2ee26769-3d37-b245-8426-d47429148238/elements HTTP/1.1
DEBUG: org.apache.http.impl.execchain.MainClientExec - Target auth state: UNCHALLENGED
DEBUG: org.apache.http.impl.execchain.MainClientExec - Proxy auth state: UNCHALLENGED
DEBUG: org.apache.http.headers - http-outgoing-200 >> POST /hub/session/2ee26769-3d37-b245-8426-d47429148238/elements HTTP/1.1
DEBUG: org.apache.http.headers - http-outgoing-200 >> Content-Type: application/json; charset=utf-8
DEBUG: org.apache.http.headers - http-outgoing-200 >> Content-Length: 89
DEBUG: org.apache.http.headers - http-outgoing-200 >> Host: 127.0.0.1:7057
DEBUG: org.apache.http.headers - http-outgoing-200 >> Connection: Keep-Alive
DEBUG: org.apache.http.headers - http-outgoing-200 >> User-Agent: Apache-HttpClient/4.5.2 (Java/1.7.0_79)
DEBUG: org.apache.http.headers - http-outgoing-200 >> Accept-Encoding: gzip,deflate
DEBUG: org.apache.http.wire - http-outgoing-200 >> "POST /hub/session/2ee26769-3d37-b245-8426-d47429148238/elements HTTP/1.1[\r][\n]"
DEBUG: org.apache.http.wire - http-outgoing-200 >> "Content-Type: application/json; charset=utf-8[\r][\n]"
DEBUG: org.apache.http.wire - http-outgoing-200 >> "Content-Length: 89[\r][\n]"
DEBUG: org.apache.http.wire - http-outgoing-200 >> "Host: 127.0.0.1:7057[\r][\n]"
DEBUG: org.apache.http.wire - http-outgoing-200 >> "Connection: Keep-Alive[\r][\n]"
DEBUG: org.apache.http.wire - http-outgoing-200 >> "User-Agent: Apache-HttpClient/4.5.2 (Java/1.7.0_79)[\r][\n]"
DEBUG: org.apache.http.wire - http-outgoing-200 >> "Accept-Encoding: gzip,deflate[\r][\n]"
DEBUG: org.apache.http.wire - http-outgoing-200 >> "[\r][\n]"
DEBUG: org.apache.http.wire - http-outgoing-200 >> "{"using":"xpath","value":"//tbody/tr/td[2]/input[@value='Spoke - Reflectors Arrow red']"}"
DEBUG: org.apache.http.wire - http-outgoing-200 << "HTTP/1.1 200 OK[\r][\n]"
DEBUG: org.apache.http.wire - http-outgoing-200 << "content-type: application/json; charset=UTF-8[\r][\n]"
DEBUG: org.apache.http.wire - http-outgoing-200 << "connection: close[\r][\n]"
DEBUG: org.apache.http.wire - http-outgoing-200 << "content-length: 227[\r][\n]"
DEBUG: org.apache.http.wire - http-outgoing-200 << "server: httpd.js[\r][\n]"
DEBUG: org.apache.http.wire - http-outgoing-200 << "date: Fri, 26 Aug 2016 09:43:00 GMT[\r][\n]"
DEBUG: org.apache.http.wire - http-outgoing-200 << "[\r][\n]"
DEBUG: org.apache.http.headers - http-outgoing-200 << HTTP/1.1 200 OK
DEBUG: org.apache.http.headers - http-outgoing-200 << content-type: application/json; charset=UTF-8
DEBUG: org.apache.http.headers - http-outgoing-200 << connection: close
DEBUG: org.apache.http.headers - http-outgoing-200 << content-length: 227
DEBUG: org.apache.http.headers - http-outgoing-200 << server: httpd.js
DEBUG: org.apache.http.headers - http-outgoing-200 << date: Fri, 26 Aug 2016 09:43:00 GMT
DEBUG: org.apache.http.wire - http-outgoing-200 << "{"name":"findElements","sessionId":"2ee26769-3d37-b245-8426-d47429148238","status":0,"value":[{"ELEMENT":"{134fe0f3-4246-0f4b-a00b-97092f4e91d5}","element-6066-11e4-a52e-4f735466cecf":"{134fe0f3-4246-0f4b-a00b-97092f4e91d5}"}]}"
DEBUG: org.apache.http.impl.conn.DefaultManagedHttpClientConnection - http-outgoing-200: Close connection
DEBUG: org.apache.http.impl.execchain.MainClientExec - Connection discarded
DEBUG: org.apache.http.impl.conn.PoolingHttpClientConnectionManager - Connection released: [id: 200][route: {}->http://127.0.0.1:7057][total kept alive: 0; route allocated: 0 of 2000; total allocated: 0 of 2000]
DEBUG: org.apache.http.client.protocol.RequestAddCookies - CookieSpec selected: default
DEBUG: org.apache.http.client.protocol.RequestAuthCache - Auth cache not set in the context
DEBUG: org.apache.http.impl.conn.PoolingHttpClientConnectionManager - Connection request: [route: {}->http://127.0.0.1:7057][total kept alive: 0; route allocated: 0 of 2000; total allocated: 0 of 2000]
DEBUG: org.apache.http.impl.conn.PoolingHttpClientConnectionManager - Connection leased: [id: 201][route: {}->http://127.0.0.1:7057][total kept alive: 0; route allocated: 1 of 2000; total allocated: 1 of 2000]
DEBUG: org.apache.http.impl.execchain.MainClientExec - Opening connection {}->http://127.0.0.1:7057
DEBUG: org.apache.http.impl.conn.DefaultHttpClientConnectionOperator - Connecting to /127.0.0.1:7057
DEBUG: org.apache.http.impl.conn.DefaultHttpClientConnectionOperator - Connection established 127.0.0.1:60940<->127.0.0.1:7057
DEBUG: org.apache.http.impl.conn.DefaultManagedHttpClientConnection - http-outgoing-201: set socket timeout to 10800000
DEBUG: org.apache.http.impl.execchain.MainClientExec - Executing request POST /hub/session/2ee26769-3d37-b245-8426-d47429148238/element HTTP/1.1
DEBUG: org.apache.http.impl.execchain.MainClientExec - Target auth state: UNCHALLENGED
DEBUG: org.apache.http.impl.execchain.MainClientExec - Proxy auth state: UNCHALLENGED
DEBUG: org.apache.http.headers - http-outgoing-201 >> POST /hub/session/2ee26769-3d37-b245-8426-d47429148238/element HTTP/1.1
DEBUG: org.apache.http.headers - http-outgoing-201 >> Content-Type: application/json; charset=utf-8
DEBUG: org.apache.http.headers - http-outgoing-201 >> Content-Length: 42
DEBUG: org.apache.http.headers - http-outgoing-201 >> Host: 127.0.0.1:7057
DEBUG: org.apache.http.headers - http-outgoing-201 >> Connection: Keep-Alive
DEBUG: org.apache.http.headers - http-outgoing-201 >> User-Agent: Apache-HttpClient/4.5.2 (Java/1.7.0_79)
DEBUG: org.apache.http.headers - http-outgoing-201 >> Accept-Encoding: gzip,deflate
DEBUG: org.apache.http.wire - http-outgoing-201 >> "POST /hub/session/2ee26769-3d37-b245-8426-d47429148238/element HTTP/1.1[\r][\n]"
DEBUG: org.apache.http.wire - http-outgoing-201 >> "Content-Type: application/json; charset=utf-8[\r][\n]"
DEBUG: org.apache.http.wire - http-outgoing-201 >> "Content-Length: 42[\r][\n]"
DEBUG: org.apache.http.wire - http-outgoing-201 >> "Host: 127.0.0.1:7057[\r][\n]"
DEBUG: org.apache.http.wire - http-outgoing-201 >> "Connection: Keep-Alive[\r][\n]"
DEBUG: org.apache.http.wire - http-outgoing-201 >> "User-Agent: Apache-HttpClient/4.5.2 (Java/1.7.0_79)[\r][\n]"
DEBUG: org.apache.http.wire - http-outgoing-201 >> "Accept-Encoding: gzip,deflate[\r][\n]"
DEBUG: org.apache.http.wire - http-outgoing-201 >> "[\r][\n]"
DEBUG: org.apache.http.wire - http-outgoing-201 >> "{"using":"class name","value":"toggleAll"}"
DEBUG: org.apache.http.wire - http-outgoing-201 << "HTTP/1.1 200 OK[\r][\n]"
DEBUG: org.apache.http.wire - http-outgoing-201 << "content-type: application/json; charset=UTF-8[\r][\n]"
DEBUG: org.apache.http.wire - http-outgoing-201 << "connection: close[\r][\n]"
DEBUG: org.apache.http.wire - http-outgoing-201 << "content-length: 224[\r][\n]"
DEBUG: org.apache.http.wire - http-outgoing-201 << "server: httpd.js[\r][\n]"
DEBUG: org.apache.http.wire - http-outgoing-201 << "date: Fri, 26 Aug 2016 09:43:00 GMT[\r][\n]"
DEBUG: org.apache.http.wire - http-outgoing-201 << "[\r][\n]"
DEBUG: org.apache.http.headers - http-outgoing-201 << HTTP/1.1 200 OK
DEBUG: org.apache.http.headers - http-outgoing-201 << content-type: application/json; charset=UTF-8
DEBUG: org.apache.http.headers - http-outgoing-201 << connection: close
DEBUG: org.apache.http.headers - http-outgoing-201 << content-length: 224
DEBUG: org.apache.http.headers - http-outgoing-201 << server: httpd.js
DEBUG: org.apache.http.headers - http-outgoing-201 << date: Fri, 26 Aug 2016 09:43:00 GMT
DEBUG: org.apache.http.wire - http-outgoing-201 << "{"name":"findElement","sessionId":"2ee26769-3d37-b245-8426-d47429148238","status":0,"value":{"ELEMENT":"{d4b6ff34-d0ba-c641-bc2d-6569500be21e}","element-6066-11e4-a52e-4f735466cecf":"{d4b6ff34-d0ba-c641-bc2d-6569500be21e}"}}"
DEBUG: org.apache.http.impl.conn.DefaultManagedHttpClientConnection - http-outgoing-201: Close connection
DEBUG: org.apache.http.impl.execchain.MainClientExec - Connection discarded
DEBUG: org.apache.http.impl.conn.PoolingHttpClientConnectionManager - Connection released: [id: 201][route: {}->http://127.0.0.1:7057][total kept alive: 0; route allocated: 0 of 2000; total allocated: 0 of 2000]
DEBUG: org.apache.http.client.protocol.RequestAddCookies - CookieSpec selected: default
DEBUG: org.apache.http.client.protocol.RequestAuthCache - Auth cache not set in the context
DEBUG: org.apache.http.impl.conn.PoolingHttpClientConnectionManager - Connection request: [route: {}->http://127.0.0.1:7057][total kept alive: 0; route allocated: 0 of 2000; total allocated: 0 of 2000]
DEBUG: org.apache.http.impl.conn.PoolingHttpClientConnectionManager - Connection leased: [id: 202][route: {}->http://127.0.0.1:7057][total kept alive: 0; route allocated: 1 of 2000; total allocated: 1 of 2000]
DEBUG: org.apache.http.impl.execchain.MainClientExec - Opening connection {}->http://127.0.0.1:7057
DEBUG: org.apache.http.impl.conn.DefaultHttpClientConnectionOperator - Connecting to /127.0.0.1:7057
DEBUG: org.apache.http.impl.conn.DefaultHttpClientConnectionOperator - Connection established 127.0.0.1:60941<->127.0.0.1:7057
DEBUG: org.apache.http.impl.conn.DefaultManagedHttpClientConnection - http-outgoing-202: set socket timeout to 10800000
DEBUG: org.apache.http.impl.execchain.MainClientExec - Executing request GET /hub/session/2ee26769-3d37-b245-8426-d47429148238/element/%7Bd4b6ff34-d0ba-c641-bc2d-6569500be21e%7D/selected HTTP/1.1
DEBUG: org.apache.http.impl.execchain.MainClientExec - Target auth state: UNCHALLENGED
DEBUG: org.apache.http.impl.execchain.MainClientExec - Proxy auth state: UNCHALLENGED
DEBUG: org.apache.http.headers - http-outgoing-202 >> GET /hub/session/2ee26769-3d37-b245-8426-d47429148238/element/%7Bd4b6ff34-d0ba-c641-bc2d-6569500be21e%7D/selected HTTP/1.1
DEBUG: org.apache.http.headers - http-outgoing-202 >> Cache-Control: no-cache
DEBUG: org.apache.http.headers - http-outgoing-202 >> Host: 127.0.0.1:7057
DEBUG: org.apache.http.headers - http-outgoing-202 >> Connection: Keep-Alive
DEBUG: org.apache.http.headers - http-outgoing-202 >> User-Agent: Apache-HttpClient/4.5.2 (Java/1.7.0_79)
DEBUG: org.apache.http.headers - http-outgoing-202 >> Accept-Encoding: gzip,deflate
DEBUG: org.apache.http.wire - http-outgoing-202 >> "GET /hub/session/2ee26769-3d37-b245-8426-d47429148238/element/%7Bd4b6ff34-d0ba-c641-bc2d-6569500be21e%7D/selected HTTP/1.1[\r][\n]"
DEBUG: org.apache.http.wire - http-outgoing-202 >> "Cache-Control: no-cache[\r][\n]"
DEBUG: org.apache.http.wire - http-outgoing-202 >> "Host: 127.0.0.1:7057[\r][\n]"
DEBUG: org.apache.http.wire - http-outgoing-202 >> "Connection: Keep-Alive[\r][\n]"
DEBUG: org.apache.http.wire - http-outgoing-202 >> "User-Agent: Apache-HttpClient/4.5.2 (Java/1.7.0_79)[\r][\n]"
DEBUG: org.apache.http.wire - http-outgoing-202 >> "Accept-Encoding: gzip,deflate[\r][\n]"
DEBUG: org.apache.http.wire - http-outgoing-202 >> "[\r][\n]"
DEBUG: org.apache.http.wire - http-outgoing-202 << "HTTP/1.1 200 OK[\r][\n]"
DEBUG: org.apache.http.wire - http-outgoing-202 << "content-type: application/json; charset=UTF-8[\r][\n]"
DEBUG: org.apache.http.wire - http-outgoing-202 << "connection: close[\r][\n]"
DEBUG: org.apache.http.wire - http-outgoing-202 << "content-length: 104[\r][\n]"
DEBUG: org.apache.http.wire - http-outgoing-202 << "server: httpd.js[\r][\n]"
DEBUG: org.apache.http.wire - http-outgoing-202 << "date: Fri, 26 Aug 2016 09:43:00 GMT[\r][\n]"
DEBUG: org.apache.http.wire - http-outgoing-202 << "[\r][\n]"
DEBUG: org.apache.http.headers - http-outgoing-202 << HTTP/1.1 200 OK
DEBUG: org.apache.http.headers - http-outgoing-202 << content-type: application/json; charset=UTF-8
DEBUG: org.apache.http.headers - http-outgoing-202 << connection: close
DEBUG: org.apache.http.headers - http-outgoing-202 << content-length: 104
DEBUG: org.apache.http.headers - http-outgoing-202 << server: httpd.js
DEBUG: org.apache.http.headers - http-outgoing-202 << date: Fri, 26 Aug 2016 09:43:00 GMT
DEBUG: org.apache.http.wire - http-outgoing-202 << "{"name":"isElementSelected","sessionId":"2ee26769-3d37-b245-8426-d47429148238","status":0,"value":false}"
DEBUG: org.apache.http.impl.conn.DefaultManagedHttpClientConnection - http-outgoing-202: Close connection
DEBUG: org.apache.http.impl.execchain.MainClientExec - Connection discarded
DEBUG: org.apache.http.impl.conn.PoolingHttpClientConnectionManager - Connection released: [id: 202][route: {}->http://127.0.0.1:7057][total kept alive: 0; route allocated: 0 of 2000; total allocated: 0 of 2000]
DEBUG: org.apache.http.client.protocol.RequestAddCookies - CookieSpec selected: default
DEBUG: org.apache.http.client.protocol.RequestAuthCache - Auth cache not set in the context
DEBUG: org.apache.http.impl.conn.PoolingHttpClientConnectionManager - Connection request: [route: {}->http://127.0.0.1:7057][total kept alive: 0; route allocated: 0 of 2000; total allocated: 0 of 2000]
DEBUG: org.apache.http.impl.conn.PoolingHttpClientConnectionManager - Connection leased: [id: 203][route: {}->http://127.0.0.1:7057][total kept alive: 0; route allocated: 1 of 2000; total allocated: 1 of 2000]
DEBUG: org.apache.http.impl.execchain.MainClientExec - Opening connection {}->http://127.0.0.1:7057
DEBUG: org.apache.http.impl.conn.DefaultHttpClientConnectionOperator - Connecting to /127.0.0.1:7057
DEBUG: org.apache.http.impl.conn.DefaultHttpClientConnectionOperator - Connection established 127.0.0.1:60942<->127.0.0.1:7057
DEBUG: org.apache.http.impl.conn.DefaultManagedHttpClientConnection - http-outgoing-203: set socket timeout to 10800000
DEBUG: org.apache.http.impl.execchain.MainClientExec - Executing request POST /hub/session/2ee26769-3d37-b245-8426-d47429148238/element/%7Bd4b6ff34-d0ba-c641-bc2d-6569500be21e%7D/click HTTP/1.1
DEBUG: org.apache.http.impl.execchain.MainClientExec - Target auth state: UNCHALLENGED
DEBUG: org.apache.http.impl.execchain.MainClientExec - Proxy auth state: UNCHALLENGED
DEBUG: org.apache.http.headers - http-outgoing-203 >> POST /hub/session/2ee26769-3d37-b245-8426-d47429148238/element/%7Bd4b6ff34-d0ba-c641-bc2d-6569500be21e%7D/click HTTP/1.1
DEBUG: org.apache.http.headers - http-outgoing-203 >> Content-Type: application/json; charset=utf-8
DEBUG: org.apache.http.headers - http-outgoing-203 >> Content-Length: 47
DEBUG: org.apache.http.headers - http-outgoing-203 >> Host: 127.0.0.1:7057
DEBUG: org.apache.http.headers - http-outgoing-203 >> Connection: Keep-Alive
DEBUG: org.apache.http.headers - http-outgoing-203 >> User-Agent: Apache-HttpClient/4.5.2 (Java/1.7.0_79)
DEBUG: org.apache.http.headers - http-outgoing-203 >> Accept-Encoding: gzip,deflate
DEBUG: org.apache.http.wire - http-outgoing-203 >> "POST /hub/session/2ee26769-3d37-b245-8426-d47429148238/element/%7Bd4b6ff34-d0ba-c641-bc2d-6569500be21e%7D/click HTTP/1.1[\r][\n]"
DEBUG: org.apache.http.wire - http-outgoing-203 >> "Content-Type: application/json; charset=utf-8[\r][\n]"
DEBUG: org.apache.http.wire - http-outgoing-203 >> "Content-Length: 47[\r][\n]"
DEBUG: org.apache.http.wire - http-outgoing-203 >> "Host: 127.0.0.1:7057[\r][\n]"
DEBUG: org.apache.http.wire - http-outgoing-203 >> "Connection: Keep-Alive[\r][\n]"
DEBUG: org.apache.http.wire - http-outgoing-203 >> "User-Agent: Apache-HttpClient/4.5.2 (Java/1.7.0_79)[\r][\n]"
DEBUG: org.apache.http.wire - http-outgoing-203 >> "Accept-Encoding: gzip,deflate[\r][\n]"
DEBUG: org.apache.http.wire - http-outgoing-203 >> "[\r][\n]"
DEBUG: org.apache.http.wire - http-outgoing-203 >> "{"id":"{d4b6ff34-d0ba-c641-bc2d-6569500be21e}"}"
DEBUG: org.apache.http.wire - http-outgoing-203 << "HTTP/1.1 200 OK[\r][\n]"
DEBUG: org.apache.http.wire - http-outgoing-203 << "content-type: application/json; charset=UTF-8[\r][\n]"
DEBUG: org.apache.http.wire - http-outgoing-203 << "connection: close[\r][\n]"
DEBUG: org.apache.http.wire - http-outgoing-203 << "content-length: 98[\r][\n]"
DEBUG: org.apache.http.wire - http-outgoing-203 << "server: httpd.js[\r][\n]"
DEBUG: org.apache.http.wire - http-outgoing-203 << "date: Fri, 26 Aug 2016 09:43:00 GMT[\r][\n]"
DEBUG: org.apache.http.wire - http-outgoing-203 << "[\r][\n]"
DEBUG: org.apache.http.headers - http-outgoing-203 << HTTP/1.1 200 OK
DEBUG: org.apache.http.headers - http-outgoing-203 << content-type: application/json; charset=UTF-8
DEBUG: org.apache.http.headers - http-outgoing-203 << connection: close
DEBUG: org.apache.http.headers - http-outgoing-203 << content-length: 98
DEBUG: org.apache.http.headers - http-outgoing-203 << server: httpd.js
DEBUG: org.apache.http.headers - http-outgoing-203 << date: Fri, 26 Aug 2016 09:43:00 GMT
DEBUG: org.apache.http.wire - http-outgoing-203 << "{"name":"clickElement","sessionId":"2ee26769-3d37-b245-8426-d47429148238","status":0,"value":"ok"}"
DEBUG: org.apache.http.impl.conn.DefaultManagedHttpClientConnection - http-outgoing-203: Close connection
DEBUG: org.apache.http.impl.execchain.MainClientExec - Connection discarded
DEBUG: org.apache.http.impl.conn.PoolingHttpClientConnectionManager - Connection released: [id: 203][route: {}->http://127.0.0.1:7057][total kept alive: 0; route allocated: 0 of 2000; total allocated: 0 of 2000]
DEBUG: org.apache.http.client.protocol.RequestAddCookies - CookieSpec selected: default
DEBUG: org.apache.http.client.protocol.RequestAuthCache - Auth cache not set in the context
DEBUG: org.apache.http.impl.conn.PoolingHttpClientConnectionManager - Connection request: [route: {}->http://127.0.0.1:7057][total kept alive: 0; route allocated: 0 of 2000; total allocated: 0 of 2000]
DEBUG: org.apache.http.impl.conn.PoolingHttpClientConnectionManager - Connection leased: [id: 204][route: {}->http://127.0.0.1:7057][total kept alive: 0; route allocated: 1 of 2000; total allocated: 1 of 2000]
DEBUG: org.apache.http.impl.execchain.MainClientExec - Opening connection {}->http://127.0.0.1:7057
DEBUG: org.apache.http.impl.conn.DefaultHttpClientConnectionOperator - Connecting to /127.0.0.1:7057
DEBUG: org.apache.http.impl.conn.DefaultHttpClientConnectionOperator - Connection established 127.0.0.1:60943<->127.0.0.1:7057
DEBUG: org.apache.http.impl.conn.DefaultManagedHttpClientConnection - http-outgoing-204: set socket timeout to 10800000
DEBUG: org.apache.http.impl.execchain.MainClientExec - Executing request POST /hub/session/2ee26769-3d37-b245-8426-d47429148238/element HTTP/1.1
DEBUG: org.apache.http.impl.execchain.MainClientExec - Target auth state: UNCHALLENGED
DEBUG: org.apache.http.impl.execchain.MainClientExec - Proxy auth state: UNCHALLENGED
DEBUG: org.apache.http.headers - http-outgoing-204 >> POST /hub/session/2ee26769-3d37-b245-8426-d47429148238/element HTTP/1.1
DEBUG: org.apache.http.headers - http-outgoing-204 >> Content-Type: application/json; charset=utf-8
DEBUG: org.apache.http.headers - http-outgoing-204 >> Content-Length: 81
DEBUG: org.apache.http.headers - http-outgoing-204 >> Host: 127.0.0.1:7057
DEBUG: org.apache.http.headers - http-outgoing-204 >> Connection: Keep-Alive
DEBUG: org.apache.http.headers - http-outgoing-204 >> User-Agent: Apache-HttpClient/4.5.2 (Java/1.7.0_79)
DEBUG: org.apache.http.headers - http-outgoing-204 >> Accept-Encoding: gzip,deflate
DEBUG: org.apache.http.wire - http-outgoing-204 >> "POST /hub/session/2ee26769-3d37-b245-8426-d47429148238/element HTTP/1.1[\r][\n]"
DEBUG: org.apache.http.wire - http-outgoing-204 >> "Content-Type: application/json; charset=utf-8[\r][\n]"
DEBUG: org.apache.http.wire - http-outgoing-204 >> "Content-Length: 81[\r][\n]"
DEBUG: org.apache.http.wire - http-outgoing-204 >> "Host: 127.0.0.1:7057[\r][\n]"
DEBUG: org.apache.http.wire - http-outgoing-204 >> "Connection: Keep-Alive[\r][\n]"
DEBUG: org.apache.http.wire - http-outgoing-204 >> "User-Agent: Apache-HttpClient/4.5.2 (Java/1.7.0_79)[\r][\n]"
DEBUG: org.apache.http.wire - http-outgoing-204 >> "Accept-Encoding: gzip,deflate[\r][\n]"
DEBUG: org.apache.http.wire - http-outgoing-204 >> "[\r][\n]"
DEBUG: org.apache.http.wire - http-outgoing-204 >> "{"using":"xpath","value":"//tbody/tr/td[2]/input[@value='Simplon Pavo 3 Ultra']"}"
DEBUG: org.apache.http.wire - http-outgoing-204 << "HTTP/1.1 200 OK[\r][\n]"
DEBUG: org.apache.http.wire - http-outgoing-204 << "content-type: application/json; charset=UTF-8[\r][\n]"
DEBUG: org.apache.http.wire - http-outgoing-204 << "connection: close[\r][\n]"
DEBUG: org.apache.http.wire - http-outgoing-204 << "content-length: 224[\r][\n]"
DEBUG: org.apache.http.wire - http-outgoing-204 << "server: httpd.js[\r][\n]"
DEBUG: org.apache.http.wire - http-outgoing-204 << "date: Fri, 26 Aug 2016 09:43:00 GMT[\r][\n]"
DEBUG: org.apache.http.wire - http-outgoing-204 << "[\r][\n]"
DEBUG: org.apache.http.headers - http-outgoing-204 << HTTP/1.1 200 OK
DEBUG: org.apache.http.headers - http-outgoing-204 << content-type: application/json; charset=UTF-8
DEBUG: org.apache.http.headers - http-outgoing-204 << connection: close
DEBUG: org.apache.http.headers - http-outgoing-204 << content-length: 224
DEBUG: org.apache.http.headers - http-outgoing-204 << server: httpd.js
DEBUG: org.apache.http.headers - http-outgoing-204 << date: Fri, 26 Aug 2016 09:43:00 GMT
DEBUG: org.apache.http.wire - http-outgoing-204 << "{"name":"findElement","sessionId":"2ee26769-3d37-b245-8426-d47429148238","status":0,"value":{"ELEMENT":"{7e273ed0-580f-3148-8072-7a5fa84b8e9d}","element-6066-11e4-a52e-4f735466cecf":"{7e273ed0-580f-3148-8072-7a5fa84b8e9d}"}}"
DEBUG: org.apache.http.impl.conn.DefaultManagedHttpClientConnection - http-outgoing-204: Close connection
DEBUG: org.apache.http.impl.execchain.MainClientExec - Connection discarded
DEBUG: org.apache.http.impl.conn.PoolingHttpClientConnectionManager - Connection released: [id: 204][route: {}->http://127.0.0.1:7057][total kept alive: 0; route allocated: 0 of 2000; total allocated: 0 of 2000]
DEBUG: org.apache.http.client.protocol.RequestAddCookies - CookieSpec selected: default
DEBUG: org.apache.http.client.protocol.RequestAuthCache - Auth cache not set in the context
DEBUG: org.apache.http.impl.conn.PoolingHttpClientConnectionManager - Connection request: [route: {}->http://127.0.0.1:7057][total kept alive: 0; route allocated: 0 of 2000; total allocated: 0 of 2000]
DEBUG: org.apache.http.impl.conn.PoolingHttpClientConnectionManager - Connection leased: [id: 205][route: {}->http://127.0.0.1:7057][total kept alive: 0; route allocated: 1 of 2000; total allocated: 1 of 2000]
DEBUG: org.apache.http.impl.execchain.MainClientExec - Opening connection {}->http://127.0.0.1:7057
DEBUG: org.apache.http.impl.conn.DefaultHttpClientConnectionOperator - Connecting to /127.0.0.1:7057
DEBUG: org.apache.http.impl.conn.DefaultHttpClientConnectionOperator - Connection established 127.0.0.1:60944<->127.0.0.1:7057
DEBUG: org.apache.http.impl.conn.DefaultManagedHttpClientConnection - http-outgoing-205: set socket timeout to 10800000
DEBUG: org.apache.http.impl.execchain.MainClientExec - Executing request POST /hub/session/2ee26769-3d37-b245-8426-d47429148238/element/%7B7e273ed0-580f-3148-8072-7a5fa84b8e9d%7D/clear HTTP/1.1
DEBUG: org.apache.http.impl.execchain.MainClientExec - Target auth state: UNCHALLENGED
DEBUG: org.apache.http.impl.execchain.MainClientExec - Proxy auth state: UNCHALLENGED
DEBUG: org.apache.http.headers - http-outgoing-205 >> POST /hub/session/2ee26769-3d37-b245-8426-d47429148238/element/%7B7e273ed0-580f-3148-8072-7a5fa84b8e9d%7D/clear HTTP/1.1
DEBUG: org.apache.http.headers - http-outgoing-205 >> Content-Type: application/json; charset=utf-8
DEBUG: org.apache.http.headers - http-outgoing-205 >> Content-Length: 47
DEBUG: org.apache.http.headers - http-outgoing-205 >> Host: 127.0.0.1:7057
DEBUG: org.apache.http.headers - http-outgoing-205 >> Connection: Keep-Alive
DEBUG: org.apache.http.headers - http-outgoing-205 >> User-Agent: Apache-HttpClient/4.5.2 (Java/1.7.0_79)
DEBUG: org.apache.http.headers - http-outgoing-205 >> Accept-Encoding: gzip,deflate
DEBUG: org.apache.http.wire - http-outgoing-205 >> "POST /hub/session/2ee26769-3d37-b245-8426-d47429148238/element/%7B7e273ed0-580f-3148-8072-7a5fa84b8e9d%7D/clear HTTP/1.1[\r][\n]"
DEBUG: org.apache.http.wire - http-outgoing-205 >> "Content-Type: application/json; charset=utf-8[\r][\n]"
DEBUG: org.apache.http.wire - http-outgoing-205 >> "Content-Length: 47[\r][\n]"
DEBUG: org.apache.http.wire - http-outgoing-205 >> "Host: 127.0.0.1:7057[\r][\n]"
DEBUG: org.apache.http.wire - http-outgoing-205 >> "Connection: Keep-Alive[\r][\n]"
DEBUG: org.apache.http.wire - http-outgoing-205 >> "User-Agent: Apache-HttpClient/4.5.2 (Java/1.7.0_79)[\r][\n]"
DEBUG: org.apache.http.wire - http-outgoing-205 >> "Accept-Encoding: gzip,deflate[\r][\n]"
DEBUG: org.apache.http.wire - http-outgoing-205 >> "[\r][\n]"
DEBUG: org.apache.http.wire - http-outgoing-205 >> "{"id":"{7e273ed0-580f-3148-8072-7a5fa84b8e9d}"}"
DEBUG: org.apache.http.wire - http-outgoing-205 << "HTTP/1.1 200 OK[\r][\n]"
DEBUG: org.apache.http.wire - http-outgoing-205 << "content-type: application/json; charset=UTF-8[\r][\n]"
DEBUG: org.apache.http.wire - http-outgoing-205 << "connection: close[\r][\n]"
DEBUG: org.apache.http.wire - http-outgoing-205 << "content-length: 96[\r][\n]"
DEBUG: org.apache.http.wire - http-outgoing-205 << "server: httpd.js[\r][\n]"
DEBUG: org.apache.http.wire - http-outgoing-205 << "date: Fri, 26 Aug 2016 09:43:00 GMT[\r][\n]"
DEBUG: org.apache.http.wire - http-outgoing-205 << "[\r][\n]"
DEBUG: org.apache.http.headers - http-outgoing-205 << HTTP/1.1 200 OK
DEBUG: org.apache.http.headers - http-outgoing-205 << content-type: application/json; charset=UTF-8
DEBUG: org.apache.http.headers - http-outgoing-205 << connection: close
DEBUG: org.apache.http.headers - http-outgoing-205 << content-length: 96
DEBUG: org.apache.http.headers - http-outgoing-205 << server: httpd.js
DEBUG: org.apache.http.headers - http-outgoing-205 << date: Fri, 26 Aug 2016 09:43:00 GMT
DEBUG: org.apache.http.wire - http-outgoing-205 << "{"name":"clearElement","sessionId":"2ee26769-3d37-b245-8426-d47429148238","status":0,"value":""}"
DEBUG: org.apache.http.impl.conn.DefaultManagedHttpClientConnection - http-outgoing-205: Close connection
DEBUG: org.apache.http.impl.execchain.MainClientExec - Connection discarded
DEBUG: org.apache.http.impl.conn.PoolingHttpClientConnectionManager - Connection released: [id: 205][route: {}->http://127.0.0.1:7057][total kept alive: 0; route allocated: 0 of 2000; total allocated: 0 of 2000]
DEBUG: org.apache.http.client.protocol.RequestAddCookies - CookieSpec selected: default
DEBUG: org.apache.http.client.protocol.RequestAuthCache - Auth cache not set in the context
DEBUG: org.apache.http.impl.conn.PoolingHttpClientConnectionManager - Connection request: [route: {}->http://127.0.0.1:7057][total kept alive: 0; route allocated: 0 of 2000; total allocated: 0 of 2000]
DEBUG: org.apache.http.impl.conn.PoolingHttpClientConnectionManager - Connection leased: [id: 206][route: {}->http://127.0.0.1:7057][total kept alive: 0; route allocated: 1 of 2000; total allocated: 1 of 2000]
DEBUG: org.apache.http.impl.execchain.MainClientExec - Opening connection {}->http://127.0.0.1:7057
DEBUG: org.apache.http.impl.conn.DefaultHttpClientConnectionOperator - Connecting to /127.0.0.1:7057
DEBUG: org.apache.http.impl.conn.DefaultHttpClientConnectionOperator - Connection established 127.0.0.1:60945<->127.0.0.1:7057
DEBUG: org.apache.http.impl.conn.DefaultManagedHttpClientConnection - http-outgoing-206: set socket timeout to 10800000
DEBUG: org.apache.http.impl.execchain.MainClientExec - Executing request POST /hub/session/2ee26769-3d37-b245-8426-d47429148238/element/%7B7e273ed0-580f-3148-8072-7a5fa84b8e9d%7D/value HTTP/1.1
DEBUG: org.apache.http.impl.execchain.MainClientExec - Target auth state: UNCHALLENGED
DEBUG: org.apache.http.impl.execchain.MainClientExec - Proxy auth state: UNCHALLENGED
DEBUG: org.apache.http.headers - http-outgoing-206 >> POST /hub/session/2ee26769-3d37-b245-8426-d47429148238/element/%7B7e273ed0-580f-3148-8072-7a5fa84b8e9d%7D/value HTTP/1.1
DEBUG: org.apache.http.headers - http-outgoing-206 >> Content-Type: application/json; charset=utf-8
DEBUG: org.apache.http.headers - http-outgoing-206 >> Content-Length: 86
DEBUG: org.apache.http.headers - http-outgoing-206 >> Host: 127.0.0.1:7057
DEBUG: org.apache.http.headers - http-outgoing-206 >> Connection: Keep-Alive
DEBUG: org.apache.http.headers - http-outgoing-206 >> User-Agent: Apache-HttpClient/4.5.2 (Java/1.7.0_79)
DEBUG: org.apache.http.headers - http-outgoing-206 >> Accept-Encoding: gzip,deflate
DEBUG: org.apache.http.wire - http-outgoing-206 >> "POST /hub/session/2ee26769-3d37-b245-8426-d47429148238/element/%7B7e273ed0-580f-3148-8072-7a5fa84b8e9d%7D/value HTTP/1.1[\r][\n]"
DEBUG: org.apache.http.wire - http-outgoing-206 >> "Content-Type: application/json; charset=utf-8[\r][\n]"
DEBUG: org.apache.http.wire - http-outgoing-206 >> "Content-Length: 86[\r][\n]"
DEBUG: org.apache.http.wire - http-outgoing-206 >> "Host: 127.0.0.1:7057[\r][\n]"
DEBUG: org.apache.http.wire - http-outgoing-206 >> "Connection: Keep-Alive[\r][\n]"
DEBUG: org.apache.http.wire - http-outgoing-206 >> "User-Agent: Apache-HttpClient/4.5.2 (Java/1.7.0_79)[\r][\n]"
DEBUG: org.apache.http.wire - http-outgoing-206 >> "Accept-Encoding: gzip,deflate[\r][\n]"
DEBUG: org.apache.http.wire - http-outgoing-206 >> "[\r][\n]"
DEBUG: org.apache.http.wire - http-outgoing-206 >> "{"id":"{7e273ed0-580f-3148-8072-7a5fa84b8e9d}","value":["NEW - Simplon Pavo 3 Ultra"]}"
DEBUG: org.apache.http.wire - http-outgoing-206 << "HTTP/1.1 200 OK[\r][\n]"
DEBUG: org.apache.http.wire - http-outgoing-206 << "content-type: application/json; charset=UTF-8[\r][\n]"
DEBUG: org.apache.http.wire - http-outgoing-206 << "connection: close[\r][\n]"
DEBUG: org.apache.http.wire - http-outgoing-206 << "content-length: 101[\r][\n]"
DEBUG: org.apache.http.wire - http-outgoing-206 << "server: httpd.js[\r][\n]"
DEBUG: org.apache.http.wire - http-outgoing-206 << "date: Fri, 26 Aug 2016 09:43:00 GMT[\r][\n]"
DEBUG: org.apache.http.wire - http-outgoing-206 << "[\r][\n]"
DEBUG: org.apache.http.headers - http-outgoing-206 << HTTP/1.1 200 OK
DEBUG: org.apache.http.headers - http-outgoing-206 << content-type: application/json; charset=UTF-8
DEBUG: org.apache.http.headers - http-outgoing-206 << connection: close
DEBUG: org.apache.http.headers - http-outgoing-206 << content-length: 101
DEBUG: org.apache.http.headers - http-outgoing-206 << server: httpd.js
DEBUG: org.apache.http.headers - http-outgoing-206 << date: Fri, 26 Aug 2016 09:43:00 GMT
DEBUG: org.apache.http.wire - http-outgoing-206 << "{"name":"sendKeysToElement","sessionId":"2ee26769-3d37-b245-8426-d47429148238","status":0,"value":""}"
DEBUG: org.apache.http.impl.conn.DefaultManagedHttpClientConnection - http-outgoing-206: Close connection
DEBUG: org.apache.http.impl.execchain.MainClientExec - Connection discarded
DEBUG: org.apache.http.impl.conn.PoolingHttpClientConnectionManager - Connection released: [id: 206][route: {}->http://127.0.0.1:7057][total kept alive: 0; route allocated: 0 of 2000; total allocated: 0 of 2000]
DEBUG: org.apache.http.client.protocol.RequestAddCookies - CookieSpec selected: default
DEBUG: org.apache.http.client.protocol.RequestAuthCache - Auth cache not set in the context
DEBUG: org.apache.http.impl.conn.PoolingHttpClientConnectionManager - Connection request: [route: {}->http://127.0.0.1:7057][total kept alive: 0; route allocated: 0 of 2000; total allocated: 0 of 2000]
DEBUG: org.apache.http.impl.conn.PoolingHttpClientConnectionManager - Connection leased: [id: 207][route: {}->http://127.0.0.1:7057][total kept alive: 0; route allocated: 1 of 2000; total allocated: 1 of 2000]
DEBUG: org.apache.http.impl.execchain.MainClientExec - Opening connection {}->http://127.0.0.1:7057
DEBUG: org.apache.http.impl.conn.DefaultHttpClientConnectionOperator - Connecting to /127.0.0.1:7057
DEBUG: org.apache.http.impl.conn.DefaultHttpClientConnectionOperator - Connection established 127.0.0.1:60946<->127.0.0.1:7057
DEBUG: org.apache.http.impl.conn.DefaultManagedHttpClientConnection - http-outgoing-207: set socket timeout to 10800000
DEBUG: org.apache.http.impl.execchain.MainClientExec - Executing request POST /hub/session/2ee26769-3d37-b245-8426-d47429148238/element HTTP/1.1
DEBUG: org.apache.http.impl.execchain.MainClientExec - Target auth state: UNCHALLENGED
DEBUG: org.apache.http.impl.execchain.MainClientExec - Proxy auth state: UNCHALLENGED
DEBUG: org.apache.http.headers - http-outgoing-207 >> POST /hub/session/2ee26769-3d37-b245-8426-d47429148238/element HTTP/1.1
DEBUG: org.apache.http.headers - http-outgoing-207 >> Content-Type: application/json; charset=utf-8
DEBUG: org.apache.http.headers - http-outgoing-207 >> Content-Length: 33
DEBUG: org.apache.http.headers - http-outgoing-207 >> Host: 127.0.0.1:7057
DEBUG: org.apache.http.headers - http-outgoing-207 >> Connection: Keep-Alive
DEBUG: org.apache.http.headers - http-outgoing-207 >> User-Agent: Apache-HttpClient/4.5.2 (Java/1.7.0_79)
DEBUG: org.apache.http.headers - http-outgoing-207 >> Accept-Encoding: gzip,deflate
DEBUG: org.apache.http.wire - http-outgoing-207 >> "POST /hub/session/2ee26769-3d37-b245-8426-d47429148238/element HTTP/1.1[\r][\n]"
DEBUG: org.apache.http.wire - http-outgoing-207 >> "Content-Type: application/json; charset=utf-8[\r][\n]"
DEBUG: org.apache.http.wire - http-outgoing-207 >> "Content-Length: 33[\r][\n]"
DEBUG: org.apache.http.wire - http-outgoing-207 >> "Host: 127.0.0.1:7057[\r][\n]"
DEBUG: org.apache.http.wire - http-outgoing-207 >> "Connection: Keep-Alive[\r][\n]"
DEBUG: org.apache.http.wire - http-outgoing-207 >> "User-Agent: Apache-HttpClient/4.5.2 (Java/1.7.0_79)[\r][\n]"
DEBUG: org.apache.http.wire - http-outgoing-207 >> "Accept-Encoding: gzip,deflate[\r][\n]"
DEBUG: org.apache.http.wire - http-outgoing-207 >> "[\r][\n]"
DEBUG: org.apache.http.wire - http-outgoing-207 >> "{"using":"name","value":"update"}"
DEBUG: org.apache.http.wire - http-outgoing-207 << "HTTP/1.1 200 OK[\r][\n]"
DEBUG: org.apache.http.wire - http-outgoing-207 << "content-type: application/json; charset=UTF-8[\r][\n]"
DEBUG: org.apache.http.wire - http-outgoing-207 << "connection: close[\r][\n]"
DEBUG: org.apache.http.wire - http-outgoing-207 << "content-length: 224[\r][\n]"
DEBUG: org.apache.http.wire - http-outgoing-207 << "server: httpd.js[\r][\n]"
DEBUG: org.apache.http.wire - http-outgoing-207 << "date: Fri, 26 Aug 2016 09:43:00 GMT[\r][\n]"
DEBUG: org.apache.http.wire - http-outgoing-207 << "[\r][\n]"
DEBUG: org.apache.http.headers - http-outgoing-207 << HTTP/1.1 200 OK
DEBUG: org.apache.http.headers - http-outgoing-207 << content-type: application/json; charset=UTF-8
DEBUG: org.apache.http.headers - http-outgoing-207 << connection: close
DEBUG: org.apache.http.headers - http-outgoing-207 << content-length: 224
DEBUG: org.apache.http.headers - http-outgoing-207 << server: httpd.js
DEBUG: org.apache.http.headers - http-outgoing-207 << date: Fri, 26 Aug 2016 09:43:00 GMT
DEBUG: org.apache.http.wire - http-outgoing-207 << "{"name":"findElement","sessionId":"2ee26769-3d37-b245-8426-d47429148238","status":0,"value":{"ELEMENT":"{4eb6ee5c-296f-494a-83ee-cf736a2aaaa8}","element-6066-11e4-a52e-4f735466cecf":"{4eb6ee5c-296f-494a-83ee-cf736a2aaaa8}"}}"
DEBUG: org.apache.http.impl.conn.DefaultManagedHttpClientConnection - http-outgoing-207: Close connection
DEBUG: org.apache.http.impl.execchain.MainClientExec - Connection discarded
DEBUG: org.apache.http.impl.conn.PoolingHttpClientConnectionManager - Connection released: [id: 207][route: {}->http://127.0.0.1:7057][total kept alive: 0; route allocated: 0 of 2000; total allocated: 0 of 2000]
DEBUG: org.apache.http.client.protocol.RequestAddCookies - CookieSpec selected: default
DEBUG: org.apache.http.client.protocol.RequestAuthCache - Auth cache not set in the context
DEBUG: org.apache.http.impl.conn.PoolingHttpClientConnectionManager - Connection request: [route: {}->http://127.0.0.1:7057][total kept alive: 0; route allocated: 0 of 2000; total allocated: 0 of 2000]
DEBUG: org.apache.http.impl.conn.PoolingHttpClientConnectionManager - Connection leased: [id: 208][route: {}->http://127.0.0.1:7057][total kept alive: 0; route allocated: 1 of 2000; total allocated: 1 of 2000]
DEBUG: org.apache.http.impl.execchain.MainClientExec - Opening connection {}->http://127.0.0.1:7057
DEBUG: org.apache.http.impl.conn.DefaultHttpClientConnectionOperator - Connecting to /127.0.0.1:7057
DEBUG: org.apache.http.impl.conn.DefaultHttpClientConnectionOperator - Connection established 127.0.0.1:60947<->127.0.0.1:7057
DEBUG: org.apache.http.impl.conn.DefaultManagedHttpClientConnection - http-outgoing-208: set socket timeout to 10800000
DEBUG: org.apache.http.impl.execchain.MainClientExec - Executing request POST /hub/session/2ee26769-3d37-b245-8426-d47429148238/element/%7B4eb6ee5c-296f-494a-83ee-cf736a2aaaa8%7D/click HTTP/1.1
DEBUG: org.apache.http.impl.execchain.MainClientExec - Target auth state: UNCHALLENGED
DEBUG: org.apache.http.impl.execchain.MainClientExec - Proxy auth state: UNCHALLENGED
DEBUG: org.apache.http.headers - http-outgoing-208 >> POST /hub/session/2ee26769-3d37-b245-8426-d47429148238/element/%7B4eb6ee5c-296f-494a-83ee-cf736a2aaaa8%7D/click HTTP/1.1
DEBUG: org.apache.http.headers - http-outgoing-208 >> Content-Type: application/json; charset=utf-8
DEBUG: org.apache.http.headers - http-outgoing-208 >> Content-Length: 47
DEBUG: org.apache.http.headers - http-outgoing-208 >> Host: 127.0.0.1:7057
DEBUG: org.apache.http.headers - http-outgoing-208 >> Connection: Keep-Alive
DEBUG: org.apache.http.headers - http-outgoing-208 >> User-Agent: Apache-HttpClient/4.5.2 (Java/1.7.0_79)
DEBUG: org.apache.http.headers - http-outgoing-208 >> Accept-Encoding: gzip,deflate
DEBUG: org.apache.http.wire - http-outgoing-208 >> "POST /hub/session/2ee26769-3d37-b245-8426-d47429148238/element/%7B4eb6ee5c-296f-494a-83ee-cf736a2aaaa8%7D/click HTTP/1.1[\r][\n]"
DEBUG: org.apache.http.wire - http-outgoing-208 >> "Content-Type: application/json; charset=utf-8[\r][\n]"
DEBUG: org.apache.http.wire - http-outgoing-208 >> "Content-Length: 47[\r][\n]"
DEBUG: org.apache.http.wire - http-outgoing-208 >> "Host: 127.0.0.1:7057[\r][\n]"
DEBUG: org.apache.http.wire - http-outgoing-208 >> "Connection: Keep-Alive[\r][\n]"
DEBUG: org.apache.http.wire - http-outgoing-208 >> "User-Agent: Apache-HttpClient/4.5.2 (Java/1.7.0_79)[\r][\n]"
DEBUG: org.apache.http.wire - http-outgoing-208 >> "Accept-Encoding: gzip,deflate[\r][\n]"
DEBUG: org.apache.http.wire - http-outgoing-208 >> "[\r][\n]"
DEBUG: org.apache.http.wire - http-outgoing-208 >> "{"id":"{4eb6ee5c-296f-494a-83ee-cf736a2aaaa8}"}"
DEBUG: org.apache.http.wire - http-outgoing-208 << "HTTP/1.1 200 OK[\r][\n]"
DEBUG: org.apache.http.wire - http-outgoing-208 << "content-type: application/json; charset=UTF-8[\r][\n]"
DEBUG: org.apache.http.wire - http-outgoing-208 << "connection: close[\r][\n]"
DEBUG: org.apache.http.wire - http-outgoing-208 << "content-length: 98[\r][\n]"
DEBUG: org.apache.http.wire - http-outgoing-208 << "server: httpd.js[\r][\n]"
DEBUG: org.apache.http.wire - http-outgoing-208 << "date: Fri, 26 Aug 2016 09:43:00 GMT[\r][\n]"
DEBUG: org.apache.http.wire - http-outgoing-208 << "[\r][\n]"
DEBUG: org.apache.http.headers - http-outgoing-208 << HTTP/1.1 200 OK
DEBUG: org.apache.http.headers - http-outgoing-208 << content-type: application/json; charset=UTF-8
DEBUG: org.apache.http.headers - http-outgoing-208 << connection: close
DEBUG: org.apache.http.headers - http-outgoing-208 << content-length: 98
DEBUG: org.apache.http.headers - http-outgoing-208 << server: httpd.js
DEBUG: org.apache.http.headers - http-outgoing-208 << date: Fri, 26 Aug 2016 09:43:00 GMT
DEBUG: org.apache.http.wire - http-outgoing-208 << "{"name":"clickElement","sessionId":"2ee26769-3d37-b245-8426-d47429148238","status":0,"value":"ok"}"
DEBUG: org.apache.http.impl.conn.DefaultManagedHttpClientConnection - http-outgoing-208: Close connection
DEBUG: org.apache.http.impl.execchain.MainClientExec - Connection discarded
DEBUG: org.apache.http.impl.conn.PoolingHttpClientConnectionManager - Connection released: [id: 208][route: {}->http://127.0.0.1:7057][total kept alive: 0; route allocated: 0 of 2000; total allocated: 0 of 2000]
DEBUG: org.apache.http.client.protocol.RequestAddCookies - CookieSpec selected: default
DEBUG: org.apache.http.client.protocol.RequestAuthCache - Auth cache not set in the context
DEBUG: org.apache.http.impl.conn.PoolingHttpClientConnectionManager - Connection request: [route: {}->http://127.0.0.1:7057][total kept alive: 0; route allocated: 0 of 2000; total allocated: 0 of 2000]
DEBUG: org.apache.http.impl.conn.PoolingHttpClientConnectionManager - Connection leased: [id: 209][route: {}->http://127.0.0.1:7057][total kept alive: 0; route allocated: 1 of 2000; total allocated: 1 of 2000]
DEBUG: org.apache.http.impl.execchain.MainClientExec - Opening connection {}->http://127.0.0.1:7057
DEBUG: org.apache.http.impl.conn.DefaultHttpClientConnectionOperator - Connecting to /127.0.0.1:7057
DEBUG: org.apache.http.impl.conn.DefaultHttpClientConnectionOperator - Connection established 127.0.0.1:60948<->127.0.0.1:7057
DEBUG: org.apache.http.impl.conn.DefaultManagedHttpClientConnection - http-outgoing-209: set socket timeout to 10800000
DEBUG: org.apache.http.impl.execchain.MainClientExec - Executing request POST /hub/session/2ee26769-3d37-b245-8426-d47429148238/element HTTP/1.1
DEBUG: org.apache.http.impl.execchain.MainClientExec - Target auth state: UNCHALLENGED
DEBUG: org.apache.http.impl.execchain.MainClientExec - Proxy auth state: UNCHALLENGED
DEBUG: org.apache.http.headers - http-outgoing-209 >> POST /hub/session/2ee26769-3d37-b245-8426-d47429148238/element HTTP/1.1
DEBUG: org.apache.http.headers - http-outgoing-209 >> Content-Type: application/json; charset=utf-8
DEBUG: org.apache.http.headers - http-outgoing-209 >> Content-Length: 42
DEBUG: org.apache.http.headers - http-outgoing-209 >> Host: 127.0.0.1:7057
DEBUG: org.apache.http.headers - http-outgoing-209 >> Connection: Keep-Alive
DEBUG: org.apache.http.headers - http-outgoing-209 >> User-Agent: Apache-HttpClient/4.5.2 (Java/1.7.0_79)
DEBUG: org.apache.http.headers - http-outgoing-209 >> Accept-Encoding: gzip,deflate
DEBUG: org.apache.http.wire - http-outgoing-209 >> "POST /hub/session/2ee26769-3d37-b245-8426-d47429148238/element HTTP/1.1[\r][\n]"
DEBUG: org.apache.http.wire - http-outgoing-209 >> "Content-Type: application/json; charset=utf-8[\r][\n]"
DEBUG: org.apache.http.wire - http-outgoing-209 >> "Content-Length: 42[\r][\n]"
DEBUG: org.apache.http.wire - http-outgoing-209 >> "Host: 127.0.0.1:7057[\r][\n]"
DEBUG: org.apache.http.wire - http-outgoing-209 >> "Connection: Keep-Alive[\r][\n]"
DEBUG: org.apache.http.wire - http-outgoing-209 >> "User-Agent: Apache-HttpClient/4.5.2 (Java/1.7.0_79)[\r][\n]"
DEBUG: org.apache.http.wire - http-outgoing-209 >> "Accept-Encoding: gzip,deflate[\r][\n]"
DEBUG: org.apache.http.wire - http-outgoing-209 >> "[\r][\n]"
DEBUG: org.apache.http.wire - http-outgoing-209 >> "{"using":"class name","value":"toggleAll"}"
DEBUG: org.apache.http.wire - http-outgoing-209 << "HTTP/1.1 200 OK[\r][\n]"
DEBUG: org.apache.http.wire - http-outgoing-209 << "content-type: application/json; charset=UTF-8[\r][\n]"
DEBUG: org.apache.http.wire - http-outgoing-209 << "connection: close[\r][\n]"
DEBUG: org.apache.http.wire - http-outgoing-209 << "content-length: 224[\r][\n]"
DEBUG: org.apache.http.wire - http-outgoing-209 << "server: httpd.js[\r][\n]"
DEBUG: org.apache.http.wire - http-outgoing-209 << "date: Fri, 26 Aug 2016 09:43:00 GMT[\r][\n]"
DEBUG: org.apache.http.wire - http-outgoing-209 << "[\r][\n]"
DEBUG: org.apache.http.headers - http-outgoing-209 << HTTP/1.1 200 OK
DEBUG: org.apache.http.headers - http-outgoing-209 << content-type: application/json; charset=UTF-8
DEBUG: org.apache.http.headers - http-outgoing-209 << connection: close
DEBUG: org.apache.http.headers - http-outgoing-209 << content-length: 224
DEBUG: org.apache.http.headers - http-outgoing-209 << server: httpd.js
DEBUG: org.apache.http.headers - http-outgoing-209 << date: Fri, 26 Aug 2016 09:43:00 GMT
DEBUG: org.apache.http.wire - http-outgoing-209 << "{"name":"findElement","sessionId":"2ee26769-3d37-b245-8426-d47429148238","status":0,"value":{"ELEMENT":"{e29a253d-be44-d040-b274-542b1111f618}","element-6066-11e4-a52e-4f735466cecf":"{e29a253d-be44-d040-b274-542b1111f618}"}}"
DEBUG: org.apache.http.impl.conn.DefaultManagedHttpClientConnection - http-outgoing-209: Close connection
DEBUG: org.apache.http.impl.execchain.MainClientExec - Connection discarded
DEBUG: org.apache.http.impl.conn.PoolingHttpClientConnectionManager - Connection released: [id: 209][route: {}->http://127.0.0.1:7057][total kept alive: 0; route allocated: 0 of 2000; total allocated: 0 of 2000]
DEBUG: org.apache.http.client.protocol.RequestAddCookies - CookieSpec selected: default
DEBUG: org.apache.http.client.protocol.RequestAuthCache - Auth cache not set in the context
DEBUG: org.apache.http.impl.conn.PoolingHttpClientConnectionManager - Connection request: [route: {}->http://127.0.0.1:7057][total kept alive: 0; route allocated: 0 of 2000; total allocated: 0 of 2000]
DEBUG: org.apache.http.impl.conn.PoolingHttpClientConnectionManager - Connection leased: [id: 210][route: {}->http://127.0.0.1:7057][total kept alive: 0; route allocated: 1 of 2000; total allocated: 1 of 2000]
DEBUG: org.apache.http.impl.execchain.MainClientExec - Opening connection {}->http://127.0.0.1:7057
DEBUG: org.apache.http.impl.conn.DefaultHttpClientConnectionOperator - Connecting to /127.0.0.1:7057
DEBUG: org.apache.http.impl.conn.DefaultHttpClientConnectionOperator - Connection established 127.0.0.1:60949<->127.0.0.1:7057
DEBUG: org.apache.http.impl.conn.DefaultManagedHttpClientConnection - http-outgoing-210: set socket timeout to 10800000
DEBUG: org.apache.http.impl.execchain.MainClientExec - Executing request GET /hub/session/2ee26769-3d37-b245-8426-d47429148238/element/%7Be29a253d-be44-d040-b274-542b1111f618%7D/selected HTTP/1.1
DEBUG: org.apache.http.impl.execchain.MainClientExec - Target auth state: UNCHALLENGED
DEBUG: org.apache.http.impl.execchain.MainClientExec - Proxy auth state: UNCHALLENGED
DEBUG: org.apache.http.headers - http-outgoing-210 >> GET /hub/session/2ee26769-3d37-b245-8426-d47429148238/element/%7Be29a253d-be44-d040-b274-542b1111f618%7D/selected HTTP/1.1
DEBUG: org.apache.http.headers - http-outgoing-210 >> Cache-Control: no-cache
DEBUG: org.apache.http.headers - http-outgoing-210 >> Host: 127.0.0.1:7057
DEBUG: org.apache.http.headers - http-outgoing-210 >> Connection: Keep-Alive
DEBUG: org.apache.http.headers - http-outgoing-210 >> User-Agent: Apache-HttpClient/4.5.2 (Java/1.7.0_79)
DEBUG: org.apache.http.headers - http-outgoing-210 >> Accept-Encoding: gzip,deflate
DEBUG: org.apache.http.wire - http-outgoing-210 >> "GET /hub/session/2ee26769-3d37-b245-8426-d47429148238/element/%7Be29a253d-be44-d040-b274-542b1111f618%7D/selected HTTP/1.1[\r][\n]"
DEBUG: org.apache.http.wire - http-outgoing-210 >> "Cache-Control: no-cache[\r][\n]"
DEBUG: org.apache.http.wire - http-outgoing-210 >> "Host: 127.0.0.1:7057[\r][\n]"
DEBUG: org.apache.http.wire - http-outgoing-210 >> "Connection: Keep-Alive[\r][\n]"
DEBUG: org.apache.http.wire - http-outgoing-210 >> "User-Agent: Apache-HttpClient/4.5.2 (Java/1.7.0_79)[\r][\n]"
DEBUG: org.apache.http.wire - http-outgoing-210 >> "Accept-Encoding: gzip,deflate[\r][\n]"
DEBUG: org.apache.http.wire - http-outgoing-210 >> "[\r][\n]"
DEBUG: org.apache.http.wire - http-outgoing-210 << "HTTP/1.1 200 OK[\r][\n]"
DEBUG: org.apache.http.wire - http-outgoing-210 << "content-type: application/json; charset=UTF-8[\r][\n]"
DEBUG: org.apache.http.wire - http-outgoing-210 << "connection: close[\r][\n]"
DEBUG: org.apache.http.wire - http-outgoing-210 << "content-length: 104[\r][\n]"
DEBUG: org.apache.http.wire - http-outgoing-210 << "server: httpd.js[\r][\n]"
DEBUG: org.apache.http.wire - http-outgoing-210 << "date: Fri, 26 Aug 2016 09:43:00 GMT[\r][\n]"
DEBUG: org.apache.http.wire - http-outgoing-210 << "[\r][\n]"
DEBUG: org.apache.http.headers - http-outgoing-210 << HTTP/1.1 200 OK
DEBUG: org.apache.http.headers - http-outgoing-210 << content-type: application/json; charset=UTF-8
DEBUG: org.apache.http.headers - http-outgoing-210 << connection: close
DEBUG: org.apache.http.headers - http-outgoing-210 << content-length: 104
DEBUG: org.apache.http.headers - http-outgoing-210 << server: httpd.js
DEBUG: org.apache.http.headers - http-outgoing-210 << date: Fri, 26 Aug 2016 09:43:00 GMT
DEBUG: org.apache.http.wire - http-outgoing-210 << "{"name":"isElementSelected","sessionId":"2ee26769-3d37-b245-8426-d47429148238","status":0,"value":false}"
DEBUG: org.apache.http.impl.conn.DefaultManagedHttpClientConnection - http-outgoing-210: Close connection
DEBUG: org.apache.http.impl.execchain.MainClientExec - Connection discarded
DEBUG: org.apache.http.impl.conn.PoolingHttpClientConnectionManager - Connection released: [id: 210][route: {}->http://127.0.0.1:7057][total kept alive: 0; route allocated: 0 of 2000; total allocated: 0 of 2000]
DEBUG: org.apache.http.client.protocol.RequestAddCookies - CookieSpec selected: default
DEBUG: org.apache.http.client.protocol.RequestAuthCache - Auth cache not set in the context
DEBUG: org.apache.http.impl.conn.PoolingHttpClientConnectionManager - Connection request: [route: {}->http://127.0.0.1:7057][total kept alive: 0; route allocated: 0 of 2000; total allocated: 0 of 2000]
DEBUG: org.apache.http.impl.conn.PoolingHttpClientConnectionManager - Connection leased: [id: 211][route: {}->http://127.0.0.1:7057][total kept alive: 0; route allocated: 1 of 2000; total allocated: 1 of 2000]
DEBUG: org.apache.http.impl.execchain.MainClientExec - Opening connection {}->http://127.0.0.1:7057
DEBUG: org.apache.http.impl.conn.DefaultHttpClientConnectionOperator - Connecting to /127.0.0.1:7057
DEBUG: org.apache.http.impl.conn.DefaultHttpClientConnectionOperator - Connection established 127.0.0.1:60950<->127.0.0.1:7057
DEBUG: org.apache.http.impl.conn.DefaultManagedHttpClientConnection - http-outgoing-211: set socket timeout to 10800000
DEBUG: org.apache.http.impl.execchain.MainClientExec - Executing request POST /hub/session/2ee26769-3d37-b245-8426-d47429148238/element/%7Be29a253d-be44-d040-b274-542b1111f618%7D/click HTTP/1.1
DEBUG: org.apache.http.impl.execchain.MainClientExec - Target auth state: UNCHALLENGED
DEBUG: org.apache.http.impl.execchain.MainClientExec - Proxy auth state: UNCHALLENGED
DEBUG: org.apache.http.headers - http-outgoing-211 >> POST /hub/session/2ee26769-3d37-b245-8426-d47429148238/element/%7Be29a253d-be44-d040-b274-542b1111f618%7D/click HTTP/1.1
DEBUG: org.apache.http.headers - http-outgoing-211 >> Content-Type: application/json; charset=utf-8
DEBUG: org.apache.http.headers - http-outgoing-211 >> Content-Length: 47
DEBUG: org.apache.http.headers - http-outgoing-211 >> Host: 127.0.0.1:7057
DEBUG: org.apache.http.headers - http-outgoing-211 >> Connection: Keep-Alive
DEBUG: org.apache.http.headers - http-outgoing-211 >> User-Agent: Apache-HttpClient/4.5.2 (Java/1.7.0_79)
DEBUG: org.apache.http.headers - http-outgoing-211 >> Accept-Encoding: gzip,deflate
DEBUG: org.apache.http.wire - http-outgoing-211 >> "POST /hub/session/2ee26769-3d37-b245-8426-d47429148238/element/%7Be29a253d-be44-d040-b274-542b1111f618%7D/click HTTP/1.1[\r][\n]"
DEBUG: org.apache.http.wire - http-outgoing-211 >> "Content-Type: application/json; charset=utf-8[\r][\n]"
DEBUG: org.apache.http.wire - http-outgoing-211 >> "Content-Length: 47[\r][\n]"
DEBUG: org.apache.http.wire - http-outgoing-211 >> "Host: 127.0.0.1:7057[\r][\n]"
DEBUG: org.apache.http.wire - http-outgoing-211 >> "Connection: Keep-Alive[\r][\n]"
DEBUG: org.apache.http.wire - http-outgoing-211 >> "User-Agent: Apache-HttpClient/4.5.2 (Java/1.7.0_79)[\r][\n]"
DEBUG: org.apache.http.wire - http-outgoing-211 >> "Accept-Encoding: gzip,deflate[\r][\n]"
DEBUG: org.apache.http.wire - http-outgoing-211 >> "[\r][\n]"
DEBUG: org.apache.http.wire - http-outgoing-211 >> "{"id":"{e29a253d-be44-d040-b274-542b1111f618}"}"
DEBUG: org.apache.http.wire - http-outgoing-211 << "HTTP/1.1 200 OK[\r][\n]"
DEBUG: org.apache.http.wire - http-outgoing-211 << "content-type: application/json; charset=UTF-8[\r][\n]"
DEBUG: org.apache.http.wire - http-outgoing-211 << "connection: close[\r][\n]"
DEBUG: org.apache.http.wire - http-outgoing-211 << "content-length: 98[\r][\n]"
DEBUG: org.apache.http.wire - http-outgoing-211 << "server: httpd.js[\r][\n]"
DEBUG: org.apache.http.wire - http-outgoing-211 << "date: Fri, 26 Aug 2016 09:43:00 GMT[\r][\n]"
DEBUG: org.apache.http.wire - http-outgoing-211 << "[\r][\n]"
DEBUG: org.apache.http.headers - http-outgoing-211 << HTTP/1.1 200 OK
DEBUG: org.apache.http.headers - http-outgoing-211 << content-type: application/json; charset=UTF-8
DEBUG: org.apache.http.headers - http-outgoing-211 << connection: close
DEBUG: org.apache.http.headers - http-outgoing-211 << content-length: 98
DEBUG: org.apache.http.headers - http-outgoing-211 << server: httpd.js
DEBUG: org.apache.http.headers - http-outgoing-211 << date: Fri, 26 Aug 2016 09:43:00 GMT
DEBUG: org.apache.http.wire - http-outgoing-211 << "{"name":"clickElement","sessionId":"2ee26769-3d37-b245-8426-d47429148238","status":0,"value":"ok"}"
DEBUG: org.apache.http.impl.conn.DefaultManagedHttpClientConnection - http-outgoing-211: Close connection
DEBUG: org.apache.http.impl.execchain.MainClientExec - Connection discarded
DEBUG: org.apache.http.impl.conn.PoolingHttpClientConnectionManager - Connection released: [id: 211][route: {}->http://127.0.0.1:7057][total kept alive: 0; route allocated: 0 of 2000; total allocated: 0 of 2000]
DEBUG: org.apache.http.client.protocol.RequestAddCookies - CookieSpec selected: default
DEBUG: org.apache.http.client.protocol.RequestAuthCache - Auth cache not set in the context
DEBUG: org.apache.http.impl.conn.PoolingHttpClientConnectionManager - Connection request: [route: {}->http://127.0.0.1:7057][total kept alive: 0; route allocated: 0 of 2000; total allocated: 0 of 2000]
DEBUG: org.apache.http.impl.conn.PoolingHttpClientConnectionManager - Connection leased: [id: 212][route: {}->http://127.0.0.1:7057][total kept alive: 0; route allocated: 1 of 2000; total allocated: 1 of 2000]
DEBUG: org.apache.http.impl.execchain.MainClientExec - Opening connection {}->http://127.0.0.1:7057
DEBUG: org.apache.http.impl.conn.DefaultHttpClientConnectionOperator - Connecting to /127.0.0.1:7057
DEBUG: org.apache.http.impl.conn.DefaultHttpClientConnectionOperator - Connection established 127.0.0.1:60951<->127.0.0.1:7057
DEBUG: org.apache.http.impl.conn.DefaultManagedHttpClientConnection - http-outgoing-212: set socket timeout to 10800000
DEBUG: org.apache.http.impl.execchain.MainClientExec - Executing request POST /hub/session/2ee26769-3d37-b245-8426-d47429148238/element HTTP/1.1
DEBUG: org.apache.http.impl.execchain.MainClientExec - Target auth state: UNCHALLENGED
DEBUG: org.apache.http.impl.execchain.MainClientExec - Proxy auth state: UNCHALLENGED
DEBUG: org.apache.http.headers - http-outgoing-212 >> POST /hub/session/2ee26769-3d37-b245-8426-d47429148238/element HTTP/1.1
DEBUG: org.apache.http.headers - http-outgoing-212 >> Content-Type: application/json; charset=utf-8
DEBUG: org.apache.http.headers - http-outgoing-212 >> Content-Length: 89
DEBUG: org.apache.http.headers - http-outgoing-212 >> Host: 127.0.0.1:7057
DEBUG: org.apache.http.headers - http-outgoing-212 >> Connection: Keep-Alive
DEBUG: org.apache.http.headers - http-outgoing-212 >> User-Agent: Apache-HttpClient/4.5.2 (Java/1.7.0_79)
DEBUG: org.apache.http.headers - http-outgoing-212 >> Accept-Encoding: gzip,deflate
DEBUG: org.apache.http.wire - http-outgoing-212 >> "POST /hub/session/2ee26769-3d37-b245-8426-d47429148238/element HTTP/1.1[\r][\n]"
DEBUG: org.apache.http.wire - http-outgoing-212 >> "Content-Type: application/json; charset=utf-8[\r][\n]"
DEBUG: org.apache.http.wire - http-outgoing-212 >> "Content-Length: 89[\r][\n]"
DEBUG: org.apache.http.wire - http-outgoing-212 >> "Host: 127.0.0.1:7057[\r][\n]"
DEBUG: org.apache.http.wire - http-outgoing-212 >> "Connection: Keep-Alive[\r][\n]"
DEBUG: org.apache.http.wire - http-outgoing-212 >> "User-Agent: Apache-HttpClient/4.5.2 (Java/1.7.0_79)[\r][\n]"
DEBUG: org.apache.http.wire - http-outgoing-212 >> "Accept-Encoding: gzip,deflate[\r][\n]"
DEBUG: org.apache.http.wire - http-outgoing-212 >> "[\r][\n]"
DEBUG: org.apache.http.wire - http-outgoing-212 >> "{"using":"xpath","value":"//tbody/tr/td[2]/input[@value='Spoke - Reflectors Arrow red']"}"
DEBUG: org.apache.http.wire - http-outgoing-212 << "HTTP/1.1 200 OK[\r][\n]"
DEBUG: org.apache.http.wire - http-outgoing-212 << "content-type: application/json; charset=UTF-8[\r][\n]"
DEBUG: org.apache.http.wire - http-outgoing-212 << "connection: close[\r][\n]"
DEBUG: org.apache.http.wire - http-outgoing-212 << "content-length: 224[\r][\n]"
DEBUG: org.apache.http.wire - http-outgoing-212 << "server: httpd.js[\r][\n]"
DEBUG: org.apache.http.wire - http-outgoing-212 << "date: Fri, 26 Aug 2016 09:43:00 GMT[\r][\n]"
DEBUG: org.apache.http.wire - http-outgoing-212 << "[\r][\n]"
DEBUG: org.apache.http.headers - http-outgoing-212 << HTTP/1.1 200 OK
DEBUG: org.apache.http.headers - http-outgoing-212 << content-type: application/json; charset=UTF-8
DEBUG: org.apache.http.headers - http-outgoing-212 << connection: close
DEBUG: org.apache.http.headers - http-outgoing-212 << content-length: 224
DEBUG: org.apache.http.headers - http-outgoing-212 << server: httpd.js
DEBUG: org.apache.http.headers - http-outgoing-212 << date: Fri, 26 Aug 2016 09:43:00 GMT
DEBUG: org.apache.http.wire - http-outgoing-212 << "{"name":"findElement","sessionId":"2ee26769-3d37-b245-8426-d47429148238","status":0,"value":{"ELEMENT":"{e8ab6aaf-df89-4147-95c1-38ea5ec9cb38}","element-6066-11e4-a52e-4f735466cecf":"{e8ab6aaf-df89-4147-95c1-38ea5ec9cb38}"}}"
DEBUG: org.apache.http.impl.conn.DefaultManagedHttpClientConnection - http-outgoing-212: Close connection
DEBUG: org.apache.http.impl.execchain.MainClientExec - Connection discarded
DEBUG: org.apache.http.impl.conn.PoolingHttpClientConnectionManager - Connection released: [id: 212][route: {}->http://127.0.0.1:7057][total kept alive: 0; route allocated: 0 of 2000; total allocated: 0 of 2000]
DEBUG: org.apache.http.client.protocol.RequestAddCookies - CookieSpec selected: default
DEBUG: org.apache.http.client.protocol.RequestAuthCache - Auth cache not set in the context
DEBUG: org.apache.http.impl.conn.PoolingHttpClientConnectionManager - Connection request: [route: {}->http://127.0.0.1:7057][total kept alive: 0; route allocated: 0 of 2000; total allocated: 0 of 2000]
DEBUG: org.apache.http.impl.conn.PoolingHttpClientConnectionManager - Connection leased: [id: 213][route: {}->http://127.0.0.1:7057][total kept alive: 0; route allocated: 1 of 2000; total allocated: 1 of 2000]
DEBUG: org.apache.http.impl.execchain.MainClientExec - Opening connection {}->http://127.0.0.1:7057
DEBUG: org.apache.http.impl.conn.DefaultHttpClientConnectionOperator - Connecting to /127.0.0.1:7057
DEBUG: org.apache.http.impl.conn.DefaultHttpClientConnectionOperator - Connection established 127.0.0.1:60952<->127.0.0.1:7057
DEBUG: org.apache.http.impl.conn.DefaultManagedHttpClientConnection - http-outgoing-213: set socket timeout to 10800000
DEBUG: org.apache.http.impl.execchain.MainClientExec - Executing request POST /hub/session/2ee26769-3d37-b245-8426-d47429148238/element/%7Be8ab6aaf-df89-4147-95c1-38ea5ec9cb38%7D/clear HTTP/1.1
DEBUG: org.apache.http.impl.execchain.MainClientExec - Target auth state: UNCHALLENGED
DEBUG: org.apache.http.impl.execchain.MainClientExec - Proxy auth state: UNCHALLENGED
DEBUG: org.apache.http.headers - http-outgoing-213 >> POST /hub/session/2ee26769-3d37-b245-8426-d47429148238/element/%7Be8ab6aaf-df89-4147-95c1-38ea5ec9cb38%7D/clear HTTP/1.1
DEBUG: org.apache.http.headers - http-outgoing-213 >> Content-Type: application/json; charset=utf-8
DEBUG: org.apache.http.headers - http-outgoing-213 >> Content-Length: 47
DEBUG: org.apache.http.headers - http-outgoing-213 >> Host: 127.0.0.1:7057
DEBUG: org.apache.http.headers - http-outgoing-213 >> Connection: Keep-Alive
DEBUG: org.apache.http.headers - http-outgoing-213 >> User-Agent: Apache-HttpClient/4.5.2 (Java/1.7.0_79)
DEBUG: org.apache.http.headers - http-outgoing-213 >> Accept-Encoding: gzip,deflate
DEBUG: org.apache.http.wire - http-outgoing-213 >> "POST /hub/session/2ee26769-3d37-b245-8426-d47429148238/element/%7Be8ab6aaf-df89-4147-95c1-38ea5ec9cb38%7D/clear HTTP/1.1[\r][\n]"
DEBUG: org.apache.http.wire - http-outgoing-213 >> "Content-Type: application/json; charset=utf-8[\r][\n]"
DEBUG: org.apache.http.wire - http-outgoing-213 >> "Content-Length: 47[\r][\n]"
DEBUG: org.apache.http.wire - http-outgoing-213 >> "Host: 127.0.0.1:7057[\r][\n]"
DEBUG: org.apache.http.wire - http-outgoing-213 >> "Connection: Keep-Alive[\r][\n]"
DEBUG: org.apache.http.wire - http-outgoing-213 >> "User-Agent: Apache-HttpClient/4.5.2 (Java/1.7.0_79)[\r][\n]"
DEBUG: org.apache.http.wire - http-outgoing-213 >> "Accept-Encoding: gzip,deflate[\r][\n]"
DEBUG: org.apache.http.wire - http-outgoing-213 >> "[\r][\n]"
DEBUG: org.apache.http.wire - http-outgoing-213 >> "{"id":"{e8ab6aaf-df89-4147-95c1-38ea5ec9cb38}"}"
DEBUG: org.apache.http.wire - http-outgoing-213 << "HTTP/1.1 200 OK[\r][\n]"
DEBUG: org.apache.http.wire - http-outgoing-213 << "content-type: application/json; charset=UTF-8[\r][\n]"
DEBUG: org.apache.http.wire - http-outgoing-213 << "connection: close[\r][\n]"
DEBUG: org.apache.http.wire - http-outgoing-213 << "content-length: 96[\r][\n]"
DEBUG: org.apache.http.wire - http-outgoing-213 << "server: httpd.js[\r][\n]"
DEBUG: org.apache.http.wire - http-outgoing-213 << "date: Fri, 26 Aug 2016 09:43:00 GMT[\r][\n]"
DEBUG: org.apache.http.wire - http-outgoing-213 << "[\r][\n]"
DEBUG: org.apache.http.headers - http-outgoing-213 << HTTP/1.1 200 OK
DEBUG: org.apache.http.headers - http-outgoing-213 << content-type: application/json; charset=UTF-8
DEBUG: org.apache.http.headers - http-outgoing-213 << connection: close
DEBUG: org.apache.http.headers - http-outgoing-213 << content-length: 96
DEBUG: org.apache.http.headers - http-outgoing-213 << server: httpd.js
DEBUG: org.apache.http.headers - http-outgoing-213 << date: Fri, 26 Aug 2016 09:43:00 GMT
DEBUG: org.apache.http.wire - http-outgoing-213 << "{"name":"clearElement","sessionId":"2ee26769-3d37-b245-8426-d47429148238","status":0,"value":""}"
DEBUG: org.apache.http.impl.conn.DefaultManagedHttpClientConnection - http-outgoing-213: Close connection
DEBUG: org.apache.http.impl.execchain.MainClientExec - Connection discarded
DEBUG: org.apache.http.impl.conn.PoolingHttpClientConnectionManager - Connection released: [id: 213][route: {}->http://127.0.0.1:7057][total kept alive: 0; route allocated: 0 of 2000; total allocated: 0 of 2000]
DEBUG: org.apache.http.client.protocol.RequestAddCookies - CookieSpec selected: default
DEBUG: org.apache.http.client.protocol.RequestAuthCache - Auth cache not set in the context
DEBUG: org.apache.http.impl.conn.PoolingHttpClientConnectionManager - Connection request: [route: {}->http://127.0.0.1:7057][total kept alive: 0; route allocated: 0 of 2000; total allocated: 0 of 2000]
DEBUG: org.apache.http.impl.conn.PoolingHttpClientConnectionManager - Connection leased: [id: 214][route: {}->http://127.0.0.1:7057][total kept alive: 0; route allocated: 1 of 2000; total allocated: 1 of 2000]
DEBUG: org.apache.http.impl.execchain.MainClientExec - Opening connection {}->http://127.0.0.1:7057
DEBUG: org.apache.http.impl.conn.DefaultHttpClientConnectionOperator - Connecting to /127.0.0.1:7057
DEBUG: org.apache.http.impl.conn.DefaultHttpClientConnectionOperator - Connection established 127.0.0.1:60953<->127.0.0.1:7057
DEBUG: org.apache.http.impl.conn.DefaultManagedHttpClientConnection - http-outgoing-214: set socket timeout to 10800000
DEBUG: org.apache.http.impl.execchain.MainClientExec - Executing request POST /hub/session/2ee26769-3d37-b245-8426-d47429148238/element/%7Be8ab6aaf-df89-4147-95c1-38ea5ec9cb38%7D/value HTTP/1.1
DEBUG: org.apache.http.impl.execchain.MainClientExec - Target auth state: UNCHALLENGED
DEBUG: org.apache.http.impl.execchain.MainClientExec - Proxy auth state: UNCHALLENGED
DEBUG: org.apache.http.headers - http-outgoing-214 >> POST /hub/session/2ee26769-3d37-b245-8426-d47429148238/element/%7Be8ab6aaf-df89-4147-95c1-38ea5ec9cb38%7D/value HTTP/1.1
DEBUG: org.apache.http.headers - http-outgoing-214 >> Content-Type: application/json; charset=utf-8
DEBUG: org.apache.http.headers - http-outgoing-214 >> Content-Length: 94
DEBUG: org.apache.http.headers - http-outgoing-214 >> Host: 127.0.0.1:7057
DEBUG: org.apache.http.headers - http-outgoing-214 >> Connection: Keep-Alive
DEBUG: org.apache.http.headers - http-outgoing-214 >> User-Agent: Apache-HttpClient/4.5.2 (Java/1.7.0_79)
DEBUG: org.apache.http.headers - http-outgoing-214 >> Accept-Encoding: gzip,deflate
DEBUG: org.apache.http.wire - http-outgoing-214 >> "POST /hub/session/2ee26769-3d37-b245-8426-d47429148238/element/%7Be8ab6aaf-df89-4147-95c1-38ea5ec9cb38%7D/value HTTP/1.1[\r][\n]"
DEBUG: org.apache.http.wire - http-outgoing-214 >> "Content-Type: application/json; charset=utf-8[\r][\n]"
DEBUG: org.apache.http.wire - http-outgoing-214 >> "Content-Length: 94[\r][\n]"
DEBUG: org.apache.http.wire - http-outgoing-214 >> "Host: 127.0.0.1:7057[\r][\n]"
DEBUG: org.apache.http.wire - http-outgoing-214 >> "Connection: Keep-Alive[\r][\n]"
DEBUG: org.apache.http.wire - http-outgoing-214 >> "User-Agent: Apache-HttpClient/4.5.2 (Java/1.7.0_79)[\r][\n]"
DEBUG: org.apache.http.wire - http-outgoing-214 >> "Accept-Encoding: gzip,deflate[\r][\n]"
DEBUG: org.apache.http.wire - http-outgoing-214 >> "[\r][\n]"
DEBUG: org.apache.http.wire - http-outgoing-214 >> "{"id":"{e8ab6aaf-df89-4147-95c1-38ea5ec9cb38}","value":["NEW - Spoke - Reflectors Arrow red"]}"
DEBUG: org.apache.http.wire - http-outgoing-214 << "HTTP/1.1 200 OK[\r][\n]"
DEBUG: org.apache.http.wire - http-outgoing-214 << "content-type: application/json; charset=UTF-8[\r][\n]"
DEBUG: org.apache.http.wire - http-outgoing-214 << "connection: close[\r][\n]"
DEBUG: org.apache.http.wire - http-outgoing-214 << "content-length: 101[\r][\n]"
DEBUG: org.apache.http.wire - http-outgoing-214 << "server: httpd.js[\r][\n]"
DEBUG: org.apache.http.wire - http-outgoing-214 << "date: Fri, 26 Aug 2016 09:43:00 GMT[\r][\n]"
DEBUG: org.apache.http.wire - http-outgoing-214 << "[\r][\n]"
DEBUG: org.apache.http.headers - http-outgoing-214 << HTTP/1.1 200 OK
DEBUG: org.apache.http.headers - http-outgoing-214 << content-type: application/json; charset=UTF-8
DEBUG: org.apache.http.headers - http-outgoing-214 << connection: close
DEBUG: org.apache.http.headers - http-outgoing-214 << content-length: 101
DEBUG: org.apache.http.headers - http-outgoing-214 << server: httpd.js
DEBUG: org.apache.http.headers - http-outgoing-214 << date: Fri, 26 Aug 2016 09:43:00 GMT
DEBUG: org.apache.http.wire - http-outgoing-214 << "{"name":"sendKeysToElement","sessionId":"2ee26769-3d37-b245-8426-d47429148238","status":0,"value":""}"
DEBUG: org.apache.http.impl.conn.DefaultManagedHttpClientConnection - http-outgoing-214: Close connection
DEBUG: org.apache.http.impl.execchain.MainClientExec - Connection discarded
DEBUG: org.apache.http.impl.conn.PoolingHttpClientConnectionManager - Connection released: [id: 214][route: {}->http://127.0.0.1:7057][total kept alive: 0; route allocated: 0 of 2000; total allocated: 0 of 2000]
DEBUG: org.apache.http.client.protocol.RequestAddCookies - CookieSpec selected: default
DEBUG: org.apache.http.client.protocol.RequestAuthCache - Auth cache not set in the context
DEBUG: org.apache.http.impl.conn.PoolingHttpClientConnectionManager - Connection request: [route: {}->http://127.0.0.1:7057][total kept alive: 0; route allocated: 0 of 2000; total allocated: 0 of 2000]
DEBUG: org.apache.http.impl.conn.PoolingHttpClientConnectionManager - Connection leased: [id: 215][route: {}->http://127.0.0.1:7057][total kept alive: 0; route allocated: 1 of 2000; total allocated: 1 of 2000]
DEBUG: org.apache.http.impl.execchain.MainClientExec - Opening connection {}->http://127.0.0.1:7057
DEBUG: org.apache.http.impl.conn.DefaultHttpClientConnectionOperator - Connecting to /127.0.0.1:7057
DEBUG: org.apache.http.impl.conn.DefaultHttpClientConnectionOperator - Connection established 127.0.0.1:60954<->127.0.0.1:7057
DEBUG: org.apache.http.impl.conn.DefaultManagedHttpClientConnection - http-outgoing-215: set socket timeout to 10800000
DEBUG: org.apache.http.impl.execchain.MainClientExec - Executing request POST /hub/session/2ee26769-3d37-b245-8426-d47429148238/element HTTP/1.1
DEBUG: org.apache.http.impl.execchain.MainClientExec - Target auth state: UNCHALLENGED
DEBUG: org.apache.http.impl.execchain.MainClientExec - Proxy auth state: UNCHALLENGED
DEBUG: org.apache.http.headers - http-outgoing-215 >> POST /hub/session/2ee26769-3d37-b245-8426-d47429148238/element HTTP/1.1
DEBUG: org.apache.http.headers - http-outgoing-215 >> Content-Type: application/json; charset=utf-8
DEBUG: org.apache.http.headers - http-outgoing-215 >> Content-Length: 33
DEBUG: org.apache.http.headers - http-outgoing-215 >> Host: 127.0.0.1:7057
DEBUG: org.apache.http.headers - http-outgoing-215 >> Connection: Keep-Alive
DEBUG: org.apache.http.headers - http-outgoing-215 >> User-Agent: Apache-HttpClient/4.5.2 (Java/1.7.0_79)
DEBUG: org.apache.http.headers - http-outgoing-215 >> Accept-Encoding: gzip,deflate
DEBUG: org.apache.http.wire - http-outgoing-215 >> "POST /hub/session/2ee26769-3d37-b245-8426-d47429148238/element HTTP/1.1[\r][\n]"
DEBUG: org.apache.http.wire - http-outgoing-215 >> "Content-Type: application/json; charset=utf-8[\r][\n]"
DEBUG: org.apache.http.wire - http-outgoing-215 >> "Content-Length: 33[\r][\n]"
DEBUG: org.apache.http.wire - http-outgoing-215 >> "Host: 127.0.0.1:7057[\r][\n]"
DEBUG: org.apache.http.wire - http-outgoing-215 >> "Connection: Keep-Alive[\r][\n]"
DEBUG: org.apache.http.wire - http-outgoing-215 >> "User-Agent: Apache-HttpClient/4.5.2 (Java/1.7.0_79)[\r][\n]"
DEBUG: org.apache.http.wire - http-outgoing-215 >> "Accept-Encoding: gzip,deflate[\r][\n]"
DEBUG: org.apache.http.wire - http-outgoing-215 >> "[\r][\n]"
DEBUG: org.apache.http.wire - http-outgoing-215 >> "{"using":"name","value":"update"}"
DEBUG: org.apache.http.wire - http-outgoing-215 << "HTTP/1.1 200 OK[\r][\n]"
DEBUG: org.apache.http.wire - http-outgoing-215 << "content-type: application/json; charset=UTF-8[\r][\n]"
DEBUG: org.apache.http.wire - http-outgoing-215 << "connection: close[\r][\n]"
DEBUG: org.apache.http.wire - http-outgoing-215 << "content-length: 224[\r][\n]"
DEBUG: org.apache.http.wire - http-outgoing-215 << "server: httpd.js[\r][\n]"
DEBUG: org.apache.http.wire - http-outgoing-215 << "date: Fri, 26 Aug 2016 09:43:00 GMT[\r][\n]"
DEBUG: org.apache.http.wire - http-outgoing-215 << "[\r][\n]"
DEBUG: org.apache.http.headers - http-outgoing-215 << HTTP/1.1 200 OK
DEBUG: org.apache.http.headers - http-outgoing-215 << content-type: application/json; charset=UTF-8
DEBUG: org.apache.http.headers - http-outgoing-215 << connection: close
DEBUG: org.apache.http.headers - http-outgoing-215 << content-length: 224
DEBUG: org.apache.http.headers - http-outgoing-215 << server: httpd.js
DEBUG: org.apache.http.headers - http-outgoing-215 << date: Fri, 26 Aug 2016 09:43:00 GMT
DEBUG: org.apache.http.wire - http-outgoing-215 << "{"name":"findElement","sessionId":"2ee26769-3d37-b245-8426-d47429148238","status":0,"value":{"ELEMENT":"{c99a2d14-2449-ba46-b3e5-cf724f9fa2c9}","element-6066-11e4-a52e-4f735466cecf":"{c99a2d14-2449-ba46-b3e5-cf724f9fa2c9}"}}"
DEBUG: org.apache.http.impl.conn.DefaultManagedHttpClientConnection - http-outgoing-215: Close connection
DEBUG: org.apache.http.impl.execchain.MainClientExec - Connection discarded
DEBUG: org.apache.http.impl.conn.PoolingHttpClientConnectionManager - Connection released: [id: 215][route: {}->http://127.0.0.1:7057][total kept alive: 0; route allocated: 0 of 2000; total allocated: 0 of 2000]
DEBUG: org.apache.http.client.protocol.RequestAddCookies - CookieSpec selected: default
DEBUG: org.apache.http.client.protocol.RequestAuthCache - Auth cache not set in the context
DEBUG: org.apache.http.impl.conn.PoolingHttpClientConnectionManager - Connection request: [route: {}->http://127.0.0.1:7057][total kept alive: 0; route allocated: 0 of 2000; total allocated: 0 of 2000]
DEBUG: org.apache.http.impl.conn.PoolingHttpClientConnectionManager - Connection leased: [id: 216][route: {}->http://127.0.0.1:7057][total kept alive: 0; route allocated: 1 of 2000; total allocated: 1 of 2000]
DEBUG: org.apache.http.impl.execchain.MainClientExec - Opening connection {}->http://127.0.0.1:7057
DEBUG: org.apache.http.impl.conn.DefaultHttpClientConnectionOperator - Connecting to /127.0.0.1:7057
DEBUG: org.apache.http.impl.conn.DefaultHttpClientConnectionOperator - Connection established 127.0.0.1:60955<->127.0.0.1:7057
DEBUG: org.apache.http.impl.conn.DefaultManagedHttpClientConnection - http-outgoing-216: set socket timeout to 10800000
DEBUG: org.apache.http.impl.execchain.MainClientExec - Executing request POST /hub/session/2ee26769-3d37-b245-8426-d47429148238/element/%7Bc99a2d14-2449-ba46-b3e5-cf724f9fa2c9%7D/click HTTP/1.1
DEBUG: org.apache.http.impl.execchain.MainClientExec - Target auth state: UNCHALLENGED
DEBUG: org.apache.http.impl.execchain.MainClientExec - Proxy auth state: UNCHALLENGED
DEBUG: org.apache.http.headers - http-outgoing-216 >> POST /hub/session/2ee26769-3d37-b245-8426-d47429148238/element/%7Bc99a2d14-2449-ba46-b3e5-cf724f9fa2c9%7D/click HTTP/1.1
DEBUG: org.apache.http.headers - http-outgoing-216 >> Content-Type: application/json; charset=utf-8
DEBUG: org.apache.http.headers - http-outgoing-216 >> Content-Length: 47
DEBUG: org.apache.http.headers - http-outgoing-216 >> Host: 127.0.0.1:7057
DEBUG: org.apache.http.headers - http-outgoing-216 >> Connection: Keep-Alive
DEBUG: org.apache.http.headers - http-outgoing-216 >> User-Agent: Apache-HttpClient/4.5.2 (Java/1.7.0_79)
DEBUG: org.apache.http.headers - http-outgoing-216 >> Accept-Encoding: gzip,deflate
DEBUG: org.apache.http.wire - http-outgoing-216 >> "POST /hub/session/2ee26769-3d37-b245-8426-d47429148238/element/%7Bc99a2d14-2449-ba46-b3e5-cf724f9fa2c9%7D/click HTTP/1.1[\r][\n]"
DEBUG: org.apache.http.wire - http-outgoing-216 >> "Content-Type: application/json; charset=utf-8[\r][\n]"
DEBUG: org.apache.http.wire - http-outgoing-216 >> "Content-Length: 47[\r][\n]"
DEBUG: org.apache.http.wire - http-outgoing-216 >> "Host: 127.0.0.1:7057[\r][\n]"
DEBUG: org.apache.http.wire - http-outgoing-216 >> "Connection: Keep-Alive[\r][\n]"
DEBUG: org.apache.http.wire - http-outgoing-216 >> "User-Agent: Apache-HttpClient/4.5.2 (Java/1.7.0_79)[\r][\n]"
DEBUG: org.apache.http.wire - http-outgoing-216 >> "Accept-Encoding: gzip,deflate[\r][\n]"
DEBUG: org.apache.http.wire - http-outgoing-216 >> "[\r][\n]"
DEBUG: org.apache.http.wire - http-outgoing-216 >> "{"id":"{c99a2d14-2449-ba46-b3e5-cf724f9fa2c9}"}"
DEBUG: org.apache.http.wire - http-outgoing-216 << "HTTP/1.1 200 OK[\r][\n]"
DEBUG: org.apache.http.wire - http-outgoing-216 << "content-type: application/json; charset=UTF-8[\r][\n]"
DEBUG: org.apache.http.wire - http-outgoing-216 << "connection: close[\r][\n]"
DEBUG: org.apache.http.wire - http-outgoing-216 << "content-length: 98[\r][\n]"
DEBUG: org.apache.http.wire - http-outgoing-216 << "server: httpd.js[\r][\n]"
DEBUG: org.apache.http.wire - http-outgoing-216 << "date: Fri, 26 Aug 2016 09:43:00 GMT[\r][\n]"
DEBUG: org.apache.http.wire - http-outgoing-216 << "[\r][\n]"
DEBUG: org.apache.http.headers - http-outgoing-216 << HTTP/1.1 200 OK
DEBUG: org.apache.http.headers - http-outgoing-216 << content-type: application/json; charset=UTF-8
DEBUG: org.apache.http.headers - http-outgoing-216 << connection: close
DEBUG: org.apache.http.headers - http-outgoing-216 << content-length: 98
DEBUG: org.apache.http.headers - http-outgoing-216 << server: httpd.js
DEBUG: org.apache.http.headers - http-outgoing-216 << date: Fri, 26 Aug 2016 09:43:00 GMT
DEBUG: org.apache.http.wire - http-outgoing-216 << "{"name":"clickElement","sessionId":"2ee26769-3d37-b245-8426-d47429148238","status":0,"value":"ok"}"
DEBUG: org.apache.http.impl.conn.DefaultManagedHttpClientConnection - http-outgoing-216: Close connection
DEBUG: org.apache.http.impl.execchain.MainClientExec - Connection discarded
DEBUG: org.apache.http.impl.conn.PoolingHttpClientConnectionManager - Connection released: [id: 216][route: {}->http://127.0.0.1:7057][total kept alive: 0; route allocated: 0 of 2000; total allocated: 0 of 2000]
DEBUG: org.apache.http.client.protocol.RequestAddCookies - CookieSpec selected: default
DEBUG: org.apache.http.client.protocol.RequestAuthCache - Auth cache not set in the context
DEBUG: org.apache.http.impl.conn.PoolingHttpClientConnectionManager - Connection request: [route: {}->http://127.0.0.1:7057][total kept alive: 0; route allocated: 0 of 2000; total allocated: 0 of 2000]
DEBUG: org.apache.http.impl.conn.PoolingHttpClientConnectionManager - Connection leased: [id: 217][route: {}->http://127.0.0.1:7057][total kept alive: 0; route allocated: 1 of 2000; total allocated: 1 of 2000]
DEBUG: org.apache.http.impl.execchain.MainClientExec - Opening connection {}->http://127.0.0.1:7057
DEBUG: org.apache.http.impl.conn.DefaultHttpClientConnectionOperator - Connecting to /127.0.0.1:7057
DEBUG: org.apache.http.impl.conn.DefaultHttpClientConnectionOperator - Connection established 127.0.0.1:60956<->127.0.0.1:7057
DEBUG: org.apache.http.impl.conn.DefaultManagedHttpClientConnection - http-outgoing-217: set socket timeout to 10800000
DEBUG: org.apache.http.impl.execchain.MainClientExec - Executing request POST /hub/session/2ee26769-3d37-b245-8426-d47429148238/elements HTTP/1.1
DEBUG: org.apache.http.impl.execchain.MainClientExec - Target auth state: UNCHALLENGED
DEBUG: org.apache.http.impl.execchain.MainClientExec - Proxy auth state: UNCHALLENGED
DEBUG: org.apache.http.headers - http-outgoing-217 >> POST /hub/session/2ee26769-3d37-b245-8426-d47429148238/elements HTTP/1.1
DEBUG: org.apache.http.headers - http-outgoing-217 >> Content-Type: application/json; charset=utf-8
DEBUG: org.apache.http.headers - http-outgoing-217 >> Content-Length: 87
DEBUG: org.apache.http.headers - http-outgoing-217 >> Host: 127.0.0.1:7057
DEBUG: org.apache.http.headers - http-outgoing-217 >> Connection: Keep-Alive
DEBUG: org.apache.http.headers - http-outgoing-217 >> User-Agent: Apache-HttpClient/4.5.2 (Java/1.7.0_79)
DEBUG: org.apache.http.headers - http-outgoing-217 >> Accept-Encoding: gzip,deflate
DEBUG: org.apache.http.wire - http-outgoing-217 >> "POST /hub/session/2ee26769-3d37-b245-8426-d47429148238/elements HTTP/1.1[\r][\n]"
DEBUG: org.apache.http.wire - http-outgoing-217 >> "Content-Type: application/json; charset=utf-8[\r][\n]"
DEBUG: org.apache.http.wire - http-outgoing-217 >> "Content-Length: 87[\r][\n]"
DEBUG: org.apache.http.wire - http-outgoing-217 >> "Host: 127.0.0.1:7057[\r][\n]"
DEBUG: org.apache.http.wire - http-outgoing-217 >> "Connection: Keep-Alive[\r][\n]"
DEBUG: org.apache.http.wire - http-outgoing-217 >> "User-Agent: Apache-HttpClient/4.5.2 (Java/1.7.0_79)[\r][\n]"
DEBUG: org.apache.http.wire - http-outgoing-217 >> "Accept-Encoding: gzip,deflate[\r][\n]"
DEBUG: org.apache.http.wire - http-outgoing-217 >> "[\r][\n]"
DEBUG: org.apache.http.wire - http-outgoing-217 >> "{"using":"xpath","value":"//tbody/tr/td[2]/input[@value='NEW - Simplon Pavo 3 Ultra']"}"
DEBUG: org.apache.http.wire - http-outgoing-217 << "HTTP/1.1 200 OK[\r][\n]"
DEBUG: org.apache.http.wire - http-outgoing-217 << "content-type: application/json; charset=UTF-8[\r][\n]"
DEBUG: org.apache.http.wire - http-outgoing-217 << "connection: close[\r][\n]"
DEBUG: org.apache.http.wire - http-outgoing-217 << "content-length: 227[\r][\n]"
DEBUG: org.apache.http.wire - http-outgoing-217 << "server: httpd.js[\r][\n]"
DEBUG: org.apache.http.wire - http-outgoing-217 << "date: Fri, 26 Aug 2016 09:43:00 GMT[\r][\n]"
DEBUG: org.apache.http.wire - http-outgoing-217 << "[\r][\n]"
DEBUG: org.apache.http.headers - http-outgoing-217 << HTTP/1.1 200 OK
DEBUG: org.apache.http.headers - http-outgoing-217 << content-type: application/json; charset=UTF-8
DEBUG: org.apache.http.headers - http-outgoing-217 << connection: close
DEBUG: org.apache.http.headers - http-outgoing-217 << content-length: 227
DEBUG: org.apache.http.headers - http-outgoing-217 << server: httpd.js
DEBUG: org.apache.http.headers - http-outgoing-217 << date: Fri, 26 Aug 2016 09:43:00 GMT
DEBUG: org.apache.http.wire - http-outgoing-217 << "{"name":"findElements","sessionId":"2ee26769-3d37-b245-8426-d47429148238","status":0,"value":[{"ELEMENT":"{db32d19f-99e7-7f4e-998a-39bfa5ad68bb}","element-6066-11e4-a52e-4f735466cecf":"{db32d19f-99e7-7f4e-998a-39bfa5ad68bb}"}]}"
DEBUG: org.apache.http.impl.conn.DefaultManagedHttpClientConnection - http-outgoing-217: Close connection
DEBUG: org.apache.http.impl.execchain.MainClientExec - Connection discarded
DEBUG: org.apache.http.impl.conn.PoolingHttpClientConnectionManager - Connection released: [id: 217][route: {}->http://127.0.0.1:7057][total kept alive: 0; route allocated: 0 of 2000; total allocated: 0 of 2000]
DEBUG: org.apache.http.client.protocol.RequestAddCookies - CookieSpec selected: default
DEBUG: org.apache.http.client.protocol.RequestAuthCache - Auth cache not set in the context
DEBUG: org.apache.http.impl.conn.PoolingHttpClientConnectionManager - Connection request: [route: {}->http://127.0.0.1:7057][total kept alive: 0; route allocated: 0 of 2000; total allocated: 0 of 2000]
DEBUG: org.apache.http.impl.conn.PoolingHttpClientConnectionManager - Connection leased: [id: 218][route: {}->http://127.0.0.1:7057][total kept alive: 0; route allocated: 1 of 2000; total allocated: 1 of 2000]
DEBUG: org.apache.http.impl.execchain.MainClientExec - Opening connection {}->http://127.0.0.1:7057
DEBUG: org.apache.http.impl.conn.DefaultHttpClientConnectionOperator - Connecting to /127.0.0.1:7057
DEBUG: org.apache.http.impl.conn.DefaultHttpClientConnectionOperator - Connection established 127.0.0.1:60957<->127.0.0.1:7057
DEBUG: org.apache.http.impl.conn.DefaultManagedHttpClientConnection - http-outgoing-218: set socket timeout to 10800000
DEBUG: org.apache.http.impl.execchain.MainClientExec - Executing request POST /hub/session/2ee26769-3d37-b245-8426-d47429148238/elements HTTP/1.1
DEBUG: org.apache.http.impl.execchain.MainClientExec - Target auth state: UNCHALLENGED
DEBUG: org.apache.http.impl.execchain.MainClientExec - Proxy auth state: UNCHALLENGED
DEBUG: org.apache.http.headers - http-outgoing-218 >> POST /hub/session/2ee26769-3d37-b245-8426-d47429148238/elements HTTP/1.1
DEBUG: org.apache.http.headers - http-outgoing-218 >> Content-Type: application/json; charset=utf-8
DEBUG: org.apache.http.headers - http-outgoing-218 >> Content-Length: 95
DEBUG: org.apache.http.headers - http-outgoing-218 >> Host: 127.0.0.1:7057
DEBUG: org.apache.http.headers - http-outgoing-218 >> Connection: Keep-Alive
DEBUG: org.apache.http.headers - http-outgoing-218 >> User-Agent: Apache-HttpClient/4.5.2 (Java/1.7.0_79)
DEBUG: org.apache.http.headers - http-outgoing-218 >> Accept-Encoding: gzip,deflate
DEBUG: org.apache.http.wire - http-outgoing-218 >> "POST /hub/session/2ee26769-3d37-b245-8426-d47429148238/elements HTTP/1.1[\r][\n]"
DEBUG: org.apache.http.wire - http-outgoing-218 >> "Content-Type: application/json; charset=utf-8[\r][\n]"
DEBUG: org.apache.http.wire - http-outgoing-218 >> "Content-Length: 95[\r][\n]"
DEBUG: org.apache.http.wire - http-outgoing-218 >> "Host: 127.0.0.1:7057[\r][\n]"
DEBUG: org.apache.http.wire - http-outgoing-218 >> "Connection: Keep-Alive[\r][\n]"
DEBUG: org.apache.http.wire - http-outgoing-218 >> "User-Agent: Apache-HttpClient/4.5.2 (Java/1.7.0_79)[\r][\n]"
DEBUG: org.apache.http.wire - http-outgoing-218 >> "Accept-Encoding: gzip,deflate[\r][\n]"
DEBUG: org.apache.http.wire - http-outgoing-218 >> "[\r][\n]"
DEBUG: org.apache.http.wire - http-outgoing-218 >> "{"using":"xpath","value":"//tbody/tr/td[2]/input[@value='NEW - Spoke - Reflectors Arrow red']"}"
DEBUG: org.apache.http.wire - http-outgoing-218 << "HTTP/1.1 200 OK[\r][\n]"
DEBUG: org.apache.http.wire - http-outgoing-218 << "content-type: application/json; charset=UTF-8[\r][\n]"
DEBUG: org.apache.http.wire - http-outgoing-218 << "connection: close[\r][\n]"
DEBUG: org.apache.http.wire - http-outgoing-218 << "content-length: 227[\r][\n]"
DEBUG: org.apache.http.wire - http-outgoing-218 << "server: httpd.js[\r][\n]"
DEBUG: org.apache.http.wire - http-outgoing-218 << "date: Fri, 26 Aug 2016 09:43:00 GMT[\r][\n]"
DEBUG: org.apache.http.wire - http-outgoing-218 << "[\r][\n]"
DEBUG: org.apache.http.headers - http-outgoing-218 << HTTP/1.1 200 OK
DEBUG: org.apache.http.headers - http-outgoing-218 << content-type: application/json; charset=UTF-8
DEBUG: org.apache.http.headers - http-outgoing-218 << connection: close
DEBUG: org.apache.http.headers - http-outgoing-218 << content-length: 227
DEBUG: org.apache.http.headers - http-outgoing-218 << server: httpd.js
DEBUG: org.apache.http.headers - http-outgoing-218 << date: Fri, 26 Aug 2016 09:43:00 GMT
DEBUG: org.apache.http.wire - http-outgoing-218 << "{"name":"findElements","sessionId":"2ee26769-3d37-b245-8426-d47429148238","status":0,"value":[{"ELEMENT":"{94e78947-18e3-b841-a5ff-cf652d68c5df}","element-6066-11e4-a52e-4f735466cecf":"{94e78947-18e3-b841-a5ff-cf652d68c5df}"}]}"
DEBUG: org.apache.http.impl.conn.DefaultManagedHttpClientConnection - http-outgoing-218: Close connection
DEBUG: org.apache.http.impl.execchain.MainClientExec - Connection discarded
DEBUG: org.apache.http.impl.conn.PoolingHttpClientConnectionManager - Connection released: [id: 218][route: {}->http://127.0.0.1:7057][total kept alive: 0; route allocated: 0 of 2000; total allocated: 0 of 2000]
DEBUG: org.apache.http.client.protocol.RequestAddCookies - CookieSpec selected: default
DEBUG: org.apache.http.client.protocol.RequestAuthCache - Auth cache not set in the context
DEBUG: org.apache.http.impl.conn.PoolingHttpClientConnectionManager - Connection request: [route: {}->http://127.0.0.1:7057][total kept alive: 0; route allocated: 0 of 2000; total allocated: 0 of 2000]
DEBUG: org.apache.http.impl.conn.PoolingHttpClientConnectionManager - Connection leased: [id: 219][route: {}->http://127.0.0.1:7057][total kept alive: 0; route allocated: 1 of 2000; total allocated: 1 of 2000]
DEBUG: org.apache.http.impl.execchain.MainClientExec - Opening connection {}->http://127.0.0.1:7057
DEBUG: org.apache.http.impl.conn.DefaultHttpClientConnectionOperator - Connecting to /127.0.0.1:7057
DEBUG: org.apache.http.impl.conn.DefaultHttpClientConnectionOperator - Connection established 127.0.0.1:60958<->127.0.0.1:7057
DEBUG: org.apache.http.impl.conn.DefaultManagedHttpClientConnection - http-outgoing-219: set socket timeout to 10800000
DEBUG: org.apache.http.impl.execchain.MainClientExec - Executing request POST /hub/session/2ee26769-3d37-b245-8426-d47429148238/element HTTP/1.1
DEBUG: org.apache.http.impl.execchain.MainClientExec - Target auth state: UNCHALLENGED
DEBUG: org.apache.http.impl.execchain.MainClientExec - Proxy auth state: UNCHALLENGED
DEBUG: org.apache.http.headers - http-outgoing-219 >> POST /hub/session/2ee26769-3d37-b245-8426-d47429148238/element HTTP/1.1
DEBUG: org.apache.http.headers - http-outgoing-219 >> Content-Type: application/json; charset=utf-8
DEBUG: org.apache.http.headers - http-outgoing-219 >> Content-Length: 122
DEBUG: org.apache.http.headers - http-outgoing-219 >> Host: 127.0.0.1:7057
DEBUG: org.apache.http.headers - http-outgoing-219 >> Connection: Keep-Alive
DEBUG: org.apache.http.headers - http-outgoing-219 >> User-Agent: Apache-HttpClient/4.5.2 (Java/1.7.0_79)
DEBUG: org.apache.http.headers - http-outgoing-219 >> Accept-Encoding: gzip,deflate
DEBUG: org.apache.http.wire - http-outgoing-219 >> "POST /hub/session/2ee26769-3d37-b245-8426-d47429148238/element HTTP/1.1[\r][\n]"
DEBUG: org.apache.http.wire - http-outgoing-219 >> "Content-Type: application/json; charset=utf-8[\r][\n]"
DEBUG: org.apache.http.wire - http-outgoing-219 >> "Content-Length: 122[\r][\n]"
DEBUG: org.apache.http.wire - http-outgoing-219 >> "Host: 127.0.0.1:7057[\r][\n]"
DEBUG: org.apache.http.wire - http-outgoing-219 >> "Connection: Keep-Alive[\r][\n]"
DEBUG: org.apache.http.wire - http-outgoing-219 >> "User-Agent: Apache-HttpClient/4.5.2 (Java/1.7.0_79)[\r][\n]"
DEBUG: org.apache.http.wire - http-outgoing-219 >> "Accept-Encoding: gzip,deflate[\r][\n]"
DEBUG: org.apache.http.wire - http-outgoing-219 >> "[\r][\n]"
DEBUG: org.apache.http.wire - http-outgoing-219 >> "{"using":"xpath","value":"//tbody/tr/td[2]/input[@value='NEW - Simplon Pavo 3 Ultra']/parent::*/parent::*/td[1]/input[2]"}"
DEBUG: org.apache.http.wire - http-outgoing-219 << "HTTP/1.1 200 OK[\r][\n]"
DEBUG: org.apache.http.wire - http-outgoing-219 << "content-type: application/json; charset=UTF-8[\r][\n]"
DEBUG: org.apache.http.wire - http-outgoing-219 << "connection: close[\r][\n]"
DEBUG: org.apache.http.wire - http-outgoing-219 << "content-length: 224[\r][\n]"
DEBUG: org.apache.http.wire - http-outgoing-219 << "server: httpd.js[\r][\n]"
DEBUG: org.apache.http.wire - http-outgoing-219 << "date: Fri, 26 Aug 2016 09:43:00 GMT[\r][\n]"
DEBUG: org.apache.http.wire - http-outgoing-219 << "[\r][\n]"
DEBUG: org.apache.http.headers - http-outgoing-219 << HTTP/1.1 200 OK
DEBUG: org.apache.http.headers - http-outgoing-219 << content-type: application/json; charset=UTF-8
DEBUG: org.apache.http.headers - http-outgoing-219 << connection: close
DEBUG: org.apache.http.headers - http-outgoing-219 << content-length: 224
DEBUG: org.apache.http.headers - http-outgoing-219 << server: httpd.js
DEBUG: org.apache.http.headers - http-outgoing-219 << date: Fri, 26 Aug 2016 09:43:00 GMT
DEBUG: org.apache.http.wire - http-outgoing-219 << "{"name":"findElement","sessionId":"2ee26769-3d37-b245-8426-d47429148238","status":0,"value":{"ELEMENT":"{61e6b2fe-47d5-294a-80b9-4746ec881db7}","element-6066-11e4-a52e-4f735466cecf":"{61e6b2fe-47d5-294a-80b9-4746ec881db7}"}}"
DEBUG: org.apache.http.impl.conn.DefaultManagedHttpClientConnection - http-outgoing-219: Close connection
DEBUG: org.apache.http.impl.execchain.MainClientExec - Connection discarded
DEBUG: org.apache.http.impl.conn.PoolingHttpClientConnectionManager - Connection released: [id: 219][route: {}->http://127.0.0.1:7057][total kept alive: 0; route allocated: 0 of 2000; total allocated: 0 of 2000]
DEBUG: org.apache.http.client.protocol.RequestAddCookies - CookieSpec selected: default
DEBUG: org.apache.http.client.protocol.RequestAuthCache - Auth cache not set in the context
DEBUG: org.apache.http.impl.conn.PoolingHttpClientConnectionManager - Connection request: [route: {}->http://127.0.0.1:7057][total kept alive: 0; route allocated: 0 of 2000; total allocated: 0 of 2000]
DEBUG: org.apache.http.impl.conn.PoolingHttpClientConnectionManager - Connection leased: [id: 220][route: {}->http://127.0.0.1:7057][total kept alive: 0; route allocated: 1 of 2000; total allocated: 1 of 2000]
DEBUG: org.apache.http.impl.execchain.MainClientExec - Opening connection {}->http://127.0.0.1:7057
DEBUG: org.apache.http.impl.conn.DefaultHttpClientConnectionOperator - Connecting to /127.0.0.1:7057
DEBUG: org.apache.http.impl.conn.DefaultHttpClientConnectionOperator - Connection established 127.0.0.1:60959<->127.0.0.1:7057
DEBUG: org.apache.http.impl.conn.DefaultManagedHttpClientConnection - http-outgoing-220: set socket timeout to 10800000
DEBUG: org.apache.http.impl.execchain.MainClientExec - Executing request GET /hub/session/2ee26769-3d37-b245-8426-d47429148238/element/%7B61e6b2fe-47d5-294a-80b9-4746ec881db7%7D/selected HTTP/1.1
DEBUG: org.apache.http.impl.execchain.MainClientExec - Target auth state: UNCHALLENGED
DEBUG: org.apache.http.impl.execchain.MainClientExec - Proxy auth state: UNCHALLENGED
DEBUG: org.apache.http.headers - http-outgoing-220 >> GET /hub/session/2ee26769-3d37-b245-8426-d47429148238/element/%7B61e6b2fe-47d5-294a-80b9-4746ec881db7%7D/selected HTTP/1.1
DEBUG: org.apache.http.headers - http-outgoing-220 >> Cache-Control: no-cache
DEBUG: org.apache.http.headers - http-outgoing-220 >> Host: 127.0.0.1:7057
DEBUG: org.apache.http.headers - http-outgoing-220 >> Connection: Keep-Alive
DEBUG: org.apache.http.headers - http-outgoing-220 >> User-Agent: Apache-HttpClient/4.5.2 (Java/1.7.0_79)
DEBUG: org.apache.http.headers - http-outgoing-220 >> Accept-Encoding: gzip,deflate
DEBUG: org.apache.http.wire - http-outgoing-220 >> "GET /hub/session/2ee26769-3d37-b245-8426-d47429148238/element/%7B61e6b2fe-47d5-294a-80b9-4746ec881db7%7D/selected HTTP/1.1[\r][\n]"
DEBUG: org.apache.http.wire - http-outgoing-220 >> "Cache-Control: no-cache[\r][\n]"
DEBUG: org.apache.http.wire - http-outgoing-220 >> "Host: 127.0.0.1:7057[\r][\n]"
DEBUG: org.apache.http.wire - http-outgoing-220 >> "Connection: Keep-Alive[\r][\n]"
DEBUG: org.apache.http.wire - http-outgoing-220 >> "User-Agent: Apache-HttpClient/4.5.2 (Java/1.7.0_79)[\r][\n]"
DEBUG: org.apache.http.wire - http-outgoing-220 >> "Accept-Encoding: gzip,deflate[\r][\n]"
DEBUG: org.apache.http.wire - http-outgoing-220 >> "[\r][\n]"
DEBUG: org.apache.http.wire - http-outgoing-220 << "HTTP/1.1 200 OK[\r][\n]"
DEBUG: org.apache.http.wire - http-outgoing-220 << "content-type: application/json; charset=UTF-8[\r][\n]"
DEBUG: org.apache.http.wire - http-outgoing-220 << "connection: close[\r][\n]"
DEBUG: org.apache.http.wire - http-outgoing-220 << "content-length: 104[\r][\n]"
DEBUG: org.apache.http.wire - http-outgoing-220 << "server: httpd.js[\r][\n]"
DEBUG: org.apache.http.wire - http-outgoing-220 << "date: Fri, 26 Aug 2016 09:43:00 GMT[\r][\n]"
DEBUG: org.apache.http.wire - http-outgoing-220 << "[\r][\n]"
DEBUG: org.apache.http.headers - http-outgoing-220 << HTTP/1.1 200 OK
DEBUG: org.apache.http.headers - http-outgoing-220 << content-type: application/json; charset=UTF-8
DEBUG: org.apache.http.headers - http-outgoing-220 << connection: close
DEBUG: org.apache.http.headers - http-outgoing-220 << content-length: 104
DEBUG: org.apache.http.headers - http-outgoing-220 << server: httpd.js
DEBUG: org.apache.http.headers - http-outgoing-220 << date: Fri, 26 Aug 2016 09:43:00 GMT
DEBUG: org.apache.http.wire - http-outgoing-220 << "{"name":"isElementSelected","sessionId":"2ee26769-3d37-b245-8426-d47429148238","status":0,"value":false}"
DEBUG: org.apache.http.impl.conn.DefaultManagedHttpClientConnection - http-outgoing-220: Close connection
DEBUG: org.apache.http.impl.execchain.MainClientExec - Connection discarded
DEBUG: org.apache.http.impl.conn.PoolingHttpClientConnectionManager - Connection released: [id: 220][route: {}->http://127.0.0.1:7057][total kept alive: 0; route allocated: 0 of 2000; total allocated: 0 of 2000]
DEBUG: org.apache.http.client.protocol.RequestAddCookies - CookieSpec selected: default
DEBUG: org.apache.http.client.protocol.RequestAuthCache - Auth cache not set in the context
DEBUG: org.apache.http.impl.conn.PoolingHttpClientConnectionManager - Connection request: [route: {}->http://127.0.0.1:7057][total kept alive: 0; route allocated: 0 of 2000; total allocated: 0 of 2000]
DEBUG: org.apache.http.impl.conn.PoolingHttpClientConnectionManager - Connection leased: [id: 221][route: {}->http://127.0.0.1:7057][total kept alive: 0; route allocated: 1 of 2000; total allocated: 1 of 2000]
DEBUG: org.apache.http.impl.execchain.MainClientExec - Opening connection {}->http://127.0.0.1:7057
DEBUG: org.apache.http.impl.conn.DefaultHttpClientConnectionOperator - Connecting to /127.0.0.1:7057
DEBUG: org.apache.http.impl.conn.DefaultHttpClientConnectionOperator - Connection established 127.0.0.1:60960<->127.0.0.1:7057
DEBUG: org.apache.http.impl.conn.DefaultManagedHttpClientConnection - http-outgoing-221: set socket timeout to 10800000
DEBUG: org.apache.http.impl.execchain.MainClientExec - Executing request POST /hub/session/2ee26769-3d37-b245-8426-d47429148238/element/%7B61e6b2fe-47d5-294a-80b9-4746ec881db7%7D/click HTTP/1.1
DEBUG: org.apache.http.impl.execchain.MainClientExec - Target auth state: UNCHALLENGED
DEBUG: org.apache.http.impl.execchain.MainClientExec - Proxy auth state: UNCHALLENGED
DEBUG: org.apache.http.headers - http-outgoing-221 >> POST /hub/session/2ee26769-3d37-b245-8426-d47429148238/element/%7B61e6b2fe-47d5-294a-80b9-4746ec881db7%7D/click HTTP/1.1
DEBUG: org.apache.http.headers - http-outgoing-221 >> Content-Type: application/json; charset=utf-8
DEBUG: org.apache.http.headers - http-outgoing-221 >> Content-Length: 47
DEBUG: org.apache.http.headers - http-outgoing-221 >> Host: 127.0.0.1:7057
DEBUG: org.apache.http.headers - http-outgoing-221 >> Connection: Keep-Alive
DEBUG: org.apache.http.headers - http-outgoing-221 >> User-Agent: Apache-HttpClient/4.5.2 (Java/1.7.0_79)
DEBUG: org.apache.http.headers - http-outgoing-221 >> Accept-Encoding: gzip,deflate
DEBUG: org.apache.http.wire - http-outgoing-221 >> "POST /hub/session/2ee26769-3d37-b245-8426-d47429148238/element/%7B61e6b2fe-47d5-294a-80b9-4746ec881db7%7D/click HTTP/1.1[\r][\n]"
DEBUG: org.apache.http.wire - http-outgoing-221 >> "Content-Type: application/json; charset=utf-8[\r][\n]"
DEBUG: org.apache.http.wire - http-outgoing-221 >> "Content-Length: 47[\r][\n]"
DEBUG: org.apache.http.wire - http-outgoing-221 >> "Host: 127.0.0.1:7057[\r][\n]"
DEBUG: org.apache.http.wire - http-outgoing-221 >> "Connection: Keep-Alive[\r][\n]"
DEBUG: org.apache.http.wire - http-outgoing-221 >> "User-Agent: Apache-HttpClient/4.5.2 (Java/1.7.0_79)[\r][\n]"
DEBUG: org.apache.http.wire - http-outgoing-221 >> "Accept-Encoding: gzip,deflate[\r][\n]"
DEBUG: org.apache.http.wire - http-outgoing-221 >> "[\r][\n]"
DEBUG: org.apache.http.wire - http-outgoing-221 >> "{"id":"{61e6b2fe-47d5-294a-80b9-4746ec881db7}"}"
DEBUG: org.apache.http.wire - http-outgoing-221 << "HTTP/1.1 200 OK[\r][\n]"
DEBUG: org.apache.http.wire - http-outgoing-221 << "content-type: application/json; charset=UTF-8[\r][\n]"
DEBUG: org.apache.http.wire - http-outgoing-221 << "connection: close[\r][\n]"
DEBUG: org.apache.http.wire - http-outgoing-221 << "content-length: 98[\r][\n]"
DEBUG: org.apache.http.wire - http-outgoing-221 << "server: httpd.js[\r][\n]"
DEBUG: org.apache.http.wire - http-outgoing-221 << "date: Fri, 26 Aug 2016 09:43:00 GMT[\r][\n]"
DEBUG: org.apache.http.wire - http-outgoing-221 << "[\r][\n]"
DEBUG: org.apache.http.headers - http-outgoing-221 << HTTP/1.1 200 OK
DEBUG: org.apache.http.headers - http-outgoing-221 << content-type: application/json; charset=UTF-8
DEBUG: org.apache.http.headers - http-outgoing-221 << connection: close
DEBUG: org.apache.http.headers - http-outgoing-221 << content-length: 98
DEBUG: org.apache.http.headers - http-outgoing-221 << server: httpd.js
DEBUG: org.apache.http.headers - http-outgoing-221 << date: Fri, 26 Aug 2016 09:43:00 GMT
DEBUG: org.apache.http.wire - http-outgoing-221 << "{"name":"clickElement","sessionId":"2ee26769-3d37-b245-8426-d47429148238","status":0,"value":"ok"}"
DEBUG: org.apache.http.impl.conn.DefaultManagedHttpClientConnection - http-outgoing-221: Close connection
DEBUG: org.apache.http.impl.execchain.MainClientExec - Connection discarded
DEBUG: org.apache.http.impl.conn.PoolingHttpClientConnectionManager - Connection released: [id: 221][route: {}->http://127.0.0.1:7057][total kept alive: 0; route allocated: 0 of 2000; total allocated: 0 of 2000]
DEBUG: org.apache.http.client.protocol.RequestAddCookies - CookieSpec selected: default
DEBUG: org.apache.http.client.protocol.RequestAuthCache - Auth cache not set in the context
DEBUG: org.apache.http.impl.conn.PoolingHttpClientConnectionManager - Connection request: [route: {}->http://127.0.0.1:7057][total kept alive: 0; route allocated: 0 of 2000; total allocated: 0 of 2000]
DEBUG: org.apache.http.impl.conn.PoolingHttpClientConnectionManager - Connection leased: [id: 222][route: {}->http://127.0.0.1:7057][total kept alive: 0; route allocated: 1 of 2000; total allocated: 1 of 2000]
DEBUG: org.apache.http.impl.execchain.MainClientExec - Opening connection {}->http://127.0.0.1:7057
DEBUG: org.apache.http.impl.conn.DefaultHttpClientConnectionOperator - Connecting to /127.0.0.1:7057
DEBUG: org.apache.http.impl.conn.DefaultHttpClientConnectionOperator - Connection established 127.0.0.1:60962<->127.0.0.1:7057
DEBUG: org.apache.http.impl.conn.DefaultManagedHttpClientConnection - http-outgoing-222: set socket timeout to 10800000
DEBUG: org.apache.http.impl.execchain.MainClientExec - Executing request POST /hub/session/2ee26769-3d37-b245-8426-d47429148238/element HTTP/1.1
DEBUG: org.apache.http.impl.execchain.MainClientExec - Target auth state: UNCHALLENGED
DEBUG: org.apache.http.impl.execchain.MainClientExec - Proxy auth state: UNCHALLENGED
DEBUG: org.apache.http.headers - http-outgoing-222 >> POST /hub/session/2ee26769-3d37-b245-8426-d47429148238/element HTTP/1.1
DEBUG: org.apache.http.headers - http-outgoing-222 >> Content-Type: application/json; charset=utf-8
DEBUG: org.apache.http.headers - http-outgoing-222 >> Content-Length: 33
DEBUG: org.apache.http.headers - http-outgoing-222 >> Host: 127.0.0.1:7057
DEBUG: org.apache.http.headers - http-outgoing-222 >> Connection: Keep-Alive
DEBUG: org.apache.http.headers - http-outgoing-222 >> User-Agent: Apache-HttpClient/4.5.2 (Java/1.7.0_79)
DEBUG: org.apache.http.headers - http-outgoing-222 >> Accept-Encoding: gzip,deflate
DEBUG: org.apache.http.wire - http-outgoing-222 >> "POST /hub/session/2ee26769-3d37-b245-8426-d47429148238/element HTTP/1.1[\r][\n]"
DEBUG: org.apache.http.wire - http-outgoing-222 >> "Content-Type: application/json; charset=utf-8[\r][\n]"
DEBUG: org.apache.http.wire - http-outgoing-222 >> "Content-Length: 33[\r][\n]"
DEBUG: org.apache.http.wire - http-outgoing-222 >> "Host: 127.0.0.1:7057[\r][\n]"
DEBUG: org.apache.http.wire - http-outgoing-222 >> "Connection: Keep-Alive[\r][\n]"
DEBUG: org.apache.http.wire - http-outgoing-222 >> "User-Agent: Apache-HttpClient/4.5.2 (Java/1.7.0_79)[\r][\n]"
DEBUG: org.apache.http.wire - http-outgoing-222 >> "Accept-Encoding: gzip,deflate[\r][\n]"
DEBUG: org.apache.http.wire - http-outgoing-222 >> "[\r][\n]"
DEBUG: org.apache.http.wire - http-outgoing-222 >> "{"using":"name","value":"delete"}"
DEBUG: org.apache.http.wire - http-outgoing-222 << "HTTP/1.1 200 OK[\r][\n]"
DEBUG: org.apache.http.wire - http-outgoing-222 << "content-type: application/json; charset=UTF-8[\r][\n]"
DEBUG: org.apache.http.wire - http-outgoing-222 << "connection: close[\r][\n]"
DEBUG: org.apache.http.wire - http-outgoing-222 << "content-length: 224[\r][\n]"
DEBUG: org.apache.http.wire - http-outgoing-222 << "server: httpd.js[\r][\n]"
DEBUG: org.apache.http.wire - http-outgoing-222 << "date: Fri, 26 Aug 2016 09:43:00 GMT[\r][\n]"
DEBUG: org.apache.http.wire - http-outgoing-222 << "[\r][\n]"
DEBUG: org.apache.http.headers - http-outgoing-222 << HTTP/1.1 200 OK
DEBUG: org.apache.http.headers - http-outgoing-222 << content-type: application/json; charset=UTF-8
DEBUG: org.apache.http.headers - http-outgoing-222 << connection: close
DEBUG: org.apache.http.headers - http-outgoing-222 << content-length: 224
DEBUG: org.apache.http.headers - http-outgoing-222 << server: httpd.js
DEBUG: org.apache.http.headers - http-outgoing-222 << date: Fri, 26 Aug 2016 09:43:00 GMT
DEBUG: org.apache.http.wire - http-outgoing-222 << "{"name":"findElement","sessionId":"2ee26769-3d37-b245-8426-d47429148238","status":0,"value":{"ELEMENT":"{6c4a077e-b6d8-0f47-aca6-28d65bb61eb9}","element-6066-11e4-a52e-4f735466cecf":"{6c4a077e-b6d8-0f47-aca6-28d65bb61eb9}"}}"
DEBUG: org.apache.http.impl.conn.DefaultManagedHttpClientConnection - http-outgoing-222: Close connection
DEBUG: org.apache.http.impl.execchain.MainClientExec - Connection discarded
DEBUG: org.apache.http.impl.conn.PoolingHttpClientConnectionManager - Connection released: [id: 222][route: {}->http://127.0.0.1:7057][total kept alive: 0; route allocated: 0 of 2000; total allocated: 0 of 2000]
DEBUG: org.apache.http.client.protocol.RequestAddCookies - CookieSpec selected: default
DEBUG: org.apache.http.client.protocol.RequestAuthCache - Auth cache not set in the context
DEBUG: org.apache.http.impl.conn.PoolingHttpClientConnectionManager - Connection request: [route: {}->http://127.0.0.1:7057][total kept alive: 0; route allocated: 0 of 2000; total allocated: 0 of 2000]
DEBUG: org.apache.http.impl.conn.PoolingHttpClientConnectionManager - Connection leased: [id: 223][route: {}->http://127.0.0.1:7057][total kept alive: 0; route allocated: 1 of 2000; total allocated: 1 of 2000]
DEBUG: org.apache.http.impl.execchain.MainClientExec - Opening connection {}->http://127.0.0.1:7057
DEBUG: org.apache.http.impl.conn.DefaultHttpClientConnectionOperator - Connecting to /127.0.0.1:7057
DEBUG: org.apache.http.impl.conn.DefaultHttpClientConnectionOperator - Connection established 127.0.0.1:60963<->127.0.0.1:7057
DEBUG: org.apache.http.impl.conn.DefaultManagedHttpClientConnection - http-outgoing-223: set socket timeout to 10800000
DEBUG: org.apache.http.impl.execchain.MainClientExec - Executing request POST /hub/session/2ee26769-3d37-b245-8426-d47429148238/element/%7B6c4a077e-b6d8-0f47-aca6-28d65bb61eb9%7D/click HTTP/1.1
DEBUG: org.apache.http.impl.execchain.MainClientExec - Target auth state: UNCHALLENGED
DEBUG: org.apache.http.impl.execchain.MainClientExec - Proxy auth state: UNCHALLENGED
DEBUG: org.apache.http.headers - http-outgoing-223 >> POST /hub/session/2ee26769-3d37-b245-8426-d47429148238/element/%7B6c4a077e-b6d8-0f47-aca6-28d65bb61eb9%7D/click HTTP/1.1
DEBUG: org.apache.http.headers - http-outgoing-223 >> Content-Type: application/json; charset=utf-8
DEBUG: org.apache.http.headers - http-outgoing-223 >> Content-Length: 47
DEBUG: org.apache.http.headers - http-outgoing-223 >> Host: 127.0.0.1:7057
DEBUG: org.apache.http.headers - http-outgoing-223 >> Connection: Keep-Alive
DEBUG: org.apache.http.headers - http-outgoing-223 >> User-Agent: Apache-HttpClient/4.5.2 (Java/1.7.0_79)
DEBUG: org.apache.http.headers - http-outgoing-223 >> Accept-Encoding: gzip,deflate
DEBUG: org.apache.http.wire - http-outgoing-223 >> "POST /hub/session/2ee26769-3d37-b245-8426-d47429148238/element/%7B6c4a077e-b6d8-0f47-aca6-28d65bb61eb9%7D/click HTTP/1.1[\r][\n]"
DEBUG: org.apache.http.wire - http-outgoing-223 >> "Content-Type: application/json; charset=utf-8[\r][\n]"
DEBUG: org.apache.http.wire - http-outgoing-223 >> "Content-Length: 47[\r][\n]"
DEBUG: org.apache.http.wire - http-outgoing-223 >> "Host: 127.0.0.1:7057[\r][\n]"
DEBUG: org.apache.http.wire - http-outgoing-223 >> "Connection: Keep-Alive[\r][\n]"
DEBUG: org.apache.http.wire - http-outgoing-223 >> "User-Agent: Apache-HttpClient/4.5.2 (Java/1.7.0_79)[\r][\n]"
DEBUG: org.apache.http.wire - http-outgoing-223 >> "Accept-Encoding: gzip,deflate[\r][\n]"
DEBUG: org.apache.http.wire - http-outgoing-223 >> "[\r][\n]"
DEBUG: org.apache.http.wire - http-outgoing-223 >> "{"id":"{6c4a077e-b6d8-0f47-aca6-28d65bb61eb9}"}"
DEBUG: org.apache.http.wire - http-outgoing-223 << "HTTP/1.1 200 OK[\r][\n]"
DEBUG: org.apache.http.wire - http-outgoing-223 << "content-type: application/json; charset=UTF-8[\r][\n]"
DEBUG: org.apache.http.wire - http-outgoing-223 << "connection: close[\r][\n]"
DEBUG: org.apache.http.wire - http-outgoing-223 << "content-length: 98[\r][\n]"
DEBUG: org.apache.http.wire - http-outgoing-223 << "server: httpd.js[\r][\n]"
DEBUG: org.apache.http.wire - http-outgoing-223 << "date: Fri, 26 Aug 2016 09:43:01 GMT[\r][\n]"
DEBUG: org.apache.http.wire - http-outgoing-223 << "[\r][\n]"
DEBUG: org.apache.http.headers - http-outgoing-223 << HTTP/1.1 200 OK
DEBUG: org.apache.http.headers - http-outgoing-223 << content-type: application/json; charset=UTF-8
DEBUG: org.apache.http.headers - http-outgoing-223 << connection: close
DEBUG: org.apache.http.headers - http-outgoing-223 << content-length: 98
DEBUG: org.apache.http.headers - http-outgoing-223 << server: httpd.js
DEBUG: org.apache.http.headers - http-outgoing-223 << date: Fri, 26 Aug 2016 09:43:01 GMT
DEBUG: org.apache.http.wire - http-outgoing-223 << "{"name":"clickElement","sessionId":"2ee26769-3d37-b245-8426-d47429148238","status":0,"value":"ok"}"
DEBUG: org.apache.http.impl.conn.DefaultManagedHttpClientConnection - http-outgoing-223: Close connection
DEBUG: org.apache.http.impl.execchain.MainClientExec - Connection discarded
DEBUG: org.apache.http.impl.conn.PoolingHttpClientConnectionManager - Connection released: [id: 223][route: {}->http://127.0.0.1:7057][total kept alive: 0; route allocated: 0 of 2000; total allocated: 0 of 2000]
DEBUG: org.apache.http.client.protocol.RequestAddCookies - CookieSpec selected: default
DEBUG: org.apache.http.client.protocol.RequestAuthCache - Auth cache not set in the context
DEBUG: org.apache.http.impl.conn.PoolingHttpClientConnectionManager - Connection request: [route: {}->http://127.0.0.1:7057][total kept alive: 0; route allocated: 0 of 2000; total allocated: 0 of 2000]
DEBUG: org.apache.http.impl.conn.PoolingHttpClientConnectionManager - Connection leased: [id: 224][route: {}->http://127.0.0.1:7057][total kept alive: 0; route allocated: 1 of 2000; total allocated: 1 of 2000]
DEBUG: org.apache.http.impl.execchain.MainClientExec - Opening connection {}->http://127.0.0.1:7057
DEBUG: org.apache.http.impl.conn.DefaultHttpClientConnectionOperator - Connecting to /127.0.0.1:7057
DEBUG: org.apache.http.impl.conn.DefaultHttpClientConnectionOperator - Connection established 127.0.0.1:60964<->127.0.0.1:7057
DEBUG: org.apache.http.impl.conn.DefaultManagedHttpClientConnection - http-outgoing-224: set socket timeout to 10800000
DEBUG: org.apache.http.impl.execchain.MainClientExec - Executing request POST /hub/session/2ee26769-3d37-b245-8426-d47429148238/elements HTTP/1.1
DEBUG: org.apache.http.impl.execchain.MainClientExec - Target auth state: UNCHALLENGED
DEBUG: org.apache.http.impl.execchain.MainClientExec - Proxy auth state: UNCHALLENGED
DEBUG: org.apache.http.headers - http-outgoing-224 >> POST /hub/session/2ee26769-3d37-b245-8426-d47429148238/elements HTTP/1.1
DEBUG: org.apache.http.headers - http-outgoing-224 >> Content-Type: application/json; charset=utf-8
DEBUG: org.apache.http.headers - http-outgoing-224 >> Content-Length: 95
DEBUG: org.apache.http.headers - http-outgoing-224 >> Host: 127.0.0.1:7057
DEBUG: org.apache.http.headers - http-outgoing-224 >> Connection: Keep-Alive
DEBUG: org.apache.http.headers - http-outgoing-224 >> User-Agent: Apache-HttpClient/4.5.2 (Java/1.7.0_79)
DEBUG: org.apache.http.headers - http-outgoing-224 >> Accept-Encoding: gzip,deflate
DEBUG: org.apache.http.wire - http-outgoing-224 >> "POST /hub/session/2ee26769-3d37-b245-8426-d47429148238/elements HTTP/1.1[\r][\n]"
DEBUG: org.apache.http.wire - http-outgoing-224 >> "Content-Type: application/json; charset=utf-8[\r][\n]"
DEBUG: org.apache.http.wire - http-outgoing-224 >> "Content-Length: 95[\r][\n]"
DEBUG: org.apache.http.wire - http-outgoing-224 >> "Host: 127.0.0.1:7057[\r][\n]"
DEBUG: org.apache.http.wire - http-outgoing-224 >> "Connection: Keep-Alive[\r][\n]"
DEBUG: org.apache.http.wire - http-outgoing-224 >> "User-Agent: Apache-HttpClient/4.5.2 (Java/1.7.0_79)[\r][\n]"
DEBUG: org.apache.http.wire - http-outgoing-224 >> "Accept-Encoding: gzip,deflate[\r][\n]"
DEBUG: org.apache.http.wire - http-outgoing-224 >> "[\r][\n]"
DEBUG: org.apache.http.wire - http-outgoing-224 >> "{"using":"xpath","value":"//tbody/tr/td[2]/input[@value='NEW - Spoke - Reflectors Arrow red']"}"
DEBUG: org.apache.http.wire - http-outgoing-224 << "HTTP/1.1 200 OK[\r][\n]"
DEBUG: org.apache.http.wire - http-outgoing-224 << "content-type: application/json; charset=UTF-8[\r][\n]"
DEBUG: org.apache.http.wire - http-outgoing-224 << "connection: close[\r][\n]"
DEBUG: org.apache.http.wire - http-outgoing-224 << "content-length: 227[\r][\n]"
DEBUG: org.apache.http.wire - http-outgoing-224 << "server: httpd.js[\r][\n]"
DEBUG: org.apache.http.wire - http-outgoing-224 << "date: Fri, 26 Aug 2016 09:43:01 GMT[\r][\n]"
DEBUG: org.apache.http.wire - http-outgoing-224 << "[\r][\n]"
DEBUG: org.apache.http.headers - http-outgoing-224 << HTTP/1.1 200 OK
DEBUG: org.apache.http.headers - http-outgoing-224 << content-type: application/json; charset=UTF-8
DEBUG: org.apache.http.headers - http-outgoing-224 << connection: close
DEBUG: org.apache.http.headers - http-outgoing-224 << content-length: 227
DEBUG: org.apache.http.headers - http-outgoing-224 << server: httpd.js
DEBUG: org.apache.http.headers - http-outgoing-224 << date: Fri, 26 Aug 2016 09:43:01 GMT
DEBUG: org.apache.http.wire - http-outgoing-224 << "{"name":"findElements","sessionId":"2ee26769-3d37-b245-8426-d47429148238","status":0,"value":[{"ELEMENT":"{ba61ff01-e7a0-124f-80d6-b81ffe795422}","element-6066-11e4-a52e-4f735466cecf":"{ba61ff01-e7a0-124f-80d6-b81ffe795422}"}]}"
DEBUG: org.apache.http.impl.conn.DefaultManagedHttpClientConnection - http-outgoing-224: Close connection
DEBUG: org.apache.http.impl.execchain.MainClientExec - Connection discarded
DEBUG: org.apache.http.impl.conn.PoolingHttpClientConnectionManager - Connection released: [id: 224][route: {}->http://127.0.0.1:7057][total kept alive: 0; route allocated: 0 of 2000; total allocated: 0 of 2000]
DEBUG: org.apache.http.client.protocol.RequestAddCookies - CookieSpec selected: default
DEBUG: org.apache.http.client.protocol.RequestAuthCache - Auth cache not set in the context
DEBUG: org.apache.http.impl.conn.PoolingHttpClientConnectionManager - Connection request: [route: {}->http://127.0.0.1:7057][total kept alive: 0; route allocated: 0 of 2000; total allocated: 0 of 2000]
DEBUG: org.apache.http.impl.conn.PoolingHttpClientConnectionManager - Connection leased: [id: 225][route: {}->http://127.0.0.1:7057][total kept alive: 0; route allocated: 1 of 2000; total allocated: 1 of 2000]
DEBUG: org.apache.http.impl.execchain.MainClientExec - Opening connection {}->http://127.0.0.1:7057
DEBUG: org.apache.http.impl.conn.DefaultHttpClientConnectionOperator - Connecting to /127.0.0.1:7057
DEBUG: org.apache.http.impl.conn.DefaultHttpClientConnectionOperator - Connection established 127.0.0.1:60965<->127.0.0.1:7057
DEBUG: org.apache.http.impl.conn.DefaultManagedHttpClientConnection - http-outgoing-225: set socket timeout to 10800000
DEBUG: org.apache.http.impl.execchain.MainClientExec - Executing request POST /hub/session/2ee26769-3d37-b245-8426-d47429148238/elements HTTP/1.1
DEBUG: org.apache.http.impl.execchain.MainClientExec - Target auth state: UNCHALLENGED
DEBUG: org.apache.http.impl.execchain.MainClientExec - Proxy auth state: UNCHALLENGED
DEBUG: org.apache.http.headers - http-outgoing-225 >> POST /hub/session/2ee26769-3d37-b245-8426-d47429148238/elements HTTP/1.1
DEBUG: org.apache.http.headers - http-outgoing-225 >> Content-Type: application/json; charset=utf-8
DEBUG: org.apache.http.headers - http-outgoing-225 >> Content-Length: 87
DEBUG: org.apache.http.headers - http-outgoing-225 >> Host: 127.0.0.1:7057
DEBUG: org.apache.http.headers - http-outgoing-225 >> Connection: Keep-Alive
DEBUG: org.apache.http.headers - http-outgoing-225 >> User-Agent: Apache-HttpClient/4.5.2 (Java/1.7.0_79)
DEBUG: org.apache.http.headers - http-outgoing-225 >> Accept-Encoding: gzip,deflate
DEBUG: org.apache.http.wire - http-outgoing-225 >> "POST /hub/session/2ee26769-3d37-b245-8426-d47429148238/elements HTTP/1.1[\r][\n]"
DEBUG: org.apache.http.wire - http-outgoing-225 >> "Content-Type: application/json; charset=utf-8[\r][\n]"
DEBUG: org.apache.http.wire - http-outgoing-225 >> "Content-Length: 87[\r][\n]"
DEBUG: org.apache.http.wire - http-outgoing-225 >> "Host: 127.0.0.1:7057[\r][\n]"
DEBUG: org.apache.http.wire - http-outgoing-225 >> "Connection: Keep-Alive[\r][\n]"
DEBUG: org.apache.http.wire - http-outgoing-225 >> "User-Agent: Apache-HttpClient/4.5.2 (Java/1.7.0_79)[\r][\n]"
DEBUG: org.apache.http.wire - http-outgoing-225 >> "Accept-Encoding: gzip,deflate[\r][\n]"
DEBUG: org.apache.http.wire - http-outgoing-225 >> "[\r][\n]"
DEBUG: org.apache.http.wire - http-outgoing-225 >> "{"using":"xpath","value":"//tbody/tr/td[2]/input[@value='NEW - Simplon Pavo 3 Ultra']"}"
DEBUG: org.apache.http.wire - http-outgoing-225 << "HTTP/1.1 200 OK[\r][\n]"
DEBUG: org.apache.http.wire - http-outgoing-225 << "content-type: application/json; charset=UTF-8[\r][\n]"
DEBUG: org.apache.http.wire - http-outgoing-225 << "connection: close[\r][\n]"
DEBUG: org.apache.http.wire - http-outgoing-225 << "content-length: 96[\r][\n]"
DEBUG: org.apache.http.wire - http-outgoing-225 << "server: httpd.js[\r][\n]"
DEBUG: org.apache.http.wire - http-outgoing-225 << "date: Fri, 26 Aug 2016 09:43:01 GMT[\r][\n]"
DEBUG: org.apache.http.wire - http-outgoing-225 << "[\r][\n]"
DEBUG: org.apache.http.headers - http-outgoing-225 << HTTP/1.1 200 OK
DEBUG: org.apache.http.headers - http-outgoing-225 << content-type: application/json; charset=UTF-8
DEBUG: org.apache.http.headers - http-outgoing-225 << connection: close
DEBUG: org.apache.http.headers - http-outgoing-225 << content-length: 96
DEBUG: org.apache.http.headers - http-outgoing-225 << server: httpd.js
DEBUG: org.apache.http.headers - http-outgoing-225 << date: Fri, 26 Aug 2016 09:43:01 GMT
DEBUG: org.apache.http.wire - http-outgoing-225 << "{"name":"findElements","sessionId":"2ee26769-3d37-b245-8426-d47429148238","status":0,"value":[]}"
DEBUG: org.apache.http.impl.conn.DefaultManagedHttpClientConnection - http-outgoing-225: Close connection
DEBUG: org.apache.http.impl.execchain.MainClientExec - Connection discarded
DEBUG: org.apache.http.impl.conn.PoolingHttpClientConnectionManager - Connection released: [id: 225][route: {}->http://127.0.0.1:7057][total kept alive: 0; route allocated: 0 of 2000; total allocated: 0 of 2000]
DEBUG: org.apache.http.client.protocol.RequestAddCookies - CookieSpec selected: default
DEBUG: org.apache.http.client.protocol.RequestAuthCache - Auth cache not set in the context
DEBUG: org.apache.http.impl.conn.PoolingHttpClientConnectionManager - Connection request: [route: {}->http://127.0.0.1:7057][total kept alive: 0; route allocated: 0 of 2000; total allocated: 0 of 2000]
DEBUG: org.apache.http.impl.conn.PoolingHttpClientConnectionManager - Connection leased: [id: 226][route: {}->http://127.0.0.1:7057][total kept alive: 0; route allocated: 1 of 2000; total allocated: 1 of 2000]
DEBUG: org.apache.http.impl.execchain.MainClientExec - Opening connection {}->http://127.0.0.1:7057
DEBUG: org.apache.http.impl.conn.DefaultHttpClientConnectionOperator - Connecting to /127.0.0.1:7057
DEBUG: org.apache.http.impl.conn.DefaultHttpClientConnectionOperator - Connection established 127.0.0.1:60966<->127.0.0.1:7057
DEBUG: org.apache.http.impl.conn.DefaultManagedHttpClientConnection - http-outgoing-226: set socket timeout to 10800000
DEBUG: org.apache.http.impl.execchain.MainClientExec - Executing request DELETE /hub/session/2ee26769-3d37-b245-8426-d47429148238/window HTTP/1.1
DEBUG: org.apache.http.impl.execchain.MainClientExec - Target auth state: UNCHALLENGED
DEBUG: org.apache.http.impl.execchain.MainClientExec - Proxy auth state: UNCHALLENGED
DEBUG: org.apache.http.headers - http-outgoing-226 >> DELETE /hub/session/2ee26769-3d37-b245-8426-d47429148238/window HTTP/1.1
DEBUG: org.apache.http.headers - http-outgoing-226 >> Host: 127.0.0.1:7057
DEBUG: org.apache.http.headers - http-outgoing-226 >> Connection: Keep-Alive
DEBUG: org.apache.http.headers - http-outgoing-226 >> User-Agent: Apache-HttpClient/4.5.2 (Java/1.7.0_79)
DEBUG: org.apache.http.headers - http-outgoing-226 >> Accept-Encoding: gzip,deflate
DEBUG: org.apache.http.wire - http-outgoing-226 >> "DELETE /hub/session/2ee26769-3d37-b245-8426-d47429148238/window HTTP/1.1[\r][\n]"
DEBUG: org.apache.http.wire - http-outgoing-226 >> "Host: 127.0.0.1:7057[\r][\n]"
DEBUG: org.apache.http.wire - http-outgoing-226 >> "Connection: Keep-Alive[\r][\n]"
DEBUG: org.apache.http.wire - http-outgoing-226 >> "User-Agent: Apache-HttpClient/4.5.2 (Java/1.7.0_79)[\r][\n]"
DEBUG: org.apache.http.wire - http-outgoing-226 >> "Accept-Encoding: gzip,deflate[\r][\n]"
DEBUG: org.apache.http.wire - http-outgoing-226 >> "[\r][\n]"
DEBUG: org.apache.http.wire - http-outgoing-226 << "HTTP/1.1 200 OK[\r][\n]"
DEBUG: org.apache.http.wire - http-outgoing-226 << "content-type: application/json; charset=UTF-8[\r][\n]"
DEBUG: org.apache.http.wire - http-outgoing-226 << "connection: close[\r][\n]"
DEBUG: org.apache.http.wire - http-outgoing-226 << "content-length: 89[\r][\n]"
DEBUG: org.apache.http.wire - http-outgoing-226 << "server: httpd.js[\r][\n]"
DEBUG: org.apache.http.wire - http-outgoing-226 << "date: Fri, 26 Aug 2016 09:43:01 GMT[\r][\n]"
DEBUG: org.apache.http.wire - http-outgoing-226 << "[\r][\n]"
DEBUG: org.apache.http.headers - http-outgoing-226 << HTTP/1.1 200 OK
DEBUG: org.apache.http.headers - http-outgoing-226 << content-type: application/json; charset=UTF-8
DEBUG: org.apache.http.headers - http-outgoing-226 << connection: close
DEBUG: org.apache.http.headers - http-outgoing-226 << content-length: 89
DEBUG: org.apache.http.headers - http-outgoing-226 << server: httpd.js
DEBUG: org.apache.http.headers - http-outgoing-226 << date: Fri, 26 Aug 2016 09:43:01 GMT
DEBUG: org.apache.http.wire - http-outgoing-226 << "{"name":"close","sessionId":"2ee26769-3d37-b245-8426-d47429148238","status":0,"value":""}"
DEBUG: org.apache.http.impl.conn.DefaultManagedHttpClientConnection - http-outgoing-226: Close connection
DEBUG: org.apache.http.impl.execchain.MainClientExec - Connection discarded
DEBUG: org.apache.http.impl.conn.PoolingHttpClientConnectionManager - Connection released: [id: 226][route: {}->http://127.0.0.1:7057][total kept alive: 0; route allocated: 0 of 2000; total allocated: 0 of 2000]
]]></system-out>
  <system-err><![CDATA[]]></system-err>
</testsuite>
