<?xml version="1.0" encoding="UTF-8"?>
<testsuite name="com.trailblazers.freewheelers.persistence.persistence.AccountRoleMapperTest" tests="1" skipped="0" failures="0" errors="0" timestamp="2016-08-26T09:42:38" hostname="CNcwzeng.local" time="0.01">
  <properties/>
  <testcase name="shouldInsertAnAccountRole" classname="com.trailblazers.freewheelers.persistence.persistence.AccountRoleMapperTest" time="0.01"/>
  <system-out><![CDATA[]]></system-out>
  <system-err><![CDATA[]]></system-err>
</testsuite>
